ARM GAS  /var/folders/7z/kps_xzfj7sn5l5gkyq8s9db00000gn/T//ccMuvh5S.s 			page 1


   1              		.syntax unified
   2              		.cpu cortex-m4
   3              		.eabi_attribute 27, 1
   4              		.eabi_attribute 28, 1
   5              		.fpu fpv4-sp-d16
   6              		.eabi_attribute 20, 1
   7              		.eabi_attribute 21, 1
   8              		.eabi_attribute 23, 3
   9              		.eabi_attribute 24, 1
  10              		.eabi_attribute 25, 1
  11              		.eabi_attribute 26, 1
  12              		.eabi_attribute 30, 2
  13              		.eabi_attribute 34, 1
  14              		.eabi_attribute 18, 4
  15              		.thumb
  16              		.file	"app_adc.c"
  17              		.text
  18              	.Ltext0:
  19              		.cfi_sections	.debug_frame
  20              		.section	.text.adc_thread,"ax",%progbits
  21              		.align	2
  22              		.p2align 4,,15
  23              		.thumb
  24              		.thumb_func
  25              		.type	adc_thread, %function
  26              	adc_thread:
  27              	.LFB122:
  28              		.file 1 "lib/app/app_adc.c"
  29              		.loc 1 69 0
  30              		.cfi_startproc
  31              		@ Volatile: function does not return.
  32              		@ args = 0, pretend = 0, frame = 0
  33              		@ frame_needed = 0, uses_anonymous_args = 0
  34              	.LVL0:
  35 0000 08B5     		push	{r3, lr}
  36              		.cfi_def_cfa_offset 8
  37              		.cfi_offset 3, -8
  38              		.cfi_offset 14, -4
  39              		.loc 1 72 0
  40 0002 054B     		ldr	r3, .L5
  41 0004 054A     		ldr	r2, .L5+4
  42 0006 9B69     		ldr	r3, [r3, #24]
  43              		.loc 1 75 0
  44 0008 0548     		ldr	r0, .L5+8
  45              	.LVL1:
  46              		.loc 1 72 0
  47 000a 9A61     		str	r2, [r3, #24]
  48              		.loc 1 75 0
  49 000c 0421     		movs	r1, #4
  50 000e 2022     		movs	r2, #32
  51 0010 FFF7FEFF 		bl	_pal_lld_setgroupmode
  52              	.LVL2:
  53              	.L2:
  54              		.loc 1 335 0 discriminator 1
  55 0014 FEE7     		b	.L2
  56              	.L6:
  57 0016 00BF     		.align	2
ARM GAS  /var/folders/7z/kps_xzfj7sn5l5gkyq8s9db00000gn/T//ccMuvh5S.s 			page 2


  58              	.L5:
  59 0018 00000000 		.word	rlist
  60 001c 00000000 		.word	.LC0
  61 0020 000C0240 		.word	1073875968
  62              		.cfi_endproc
  63              	.LFE122:
  64              		.size	adc_thread, .-adc_thread
  65 0024 AFF30080 		.section	.text.app_adc_configure,"ax",%progbits
  65      AFF30080 
  65      AFF30080 
  66              		.align	2
  67              		.p2align 4,,15
  68              		.global	app_adc_configure
  69              		.thumb
  70              		.thumb_func
  71              		.type	app_adc_configure, %function
  72              	app_adc_configure:
  73              	.LFB118:
  74              		.loc 1 52 0
  75              		.cfi_startproc
  76              		@ args = 0, pretend = 0, frame = 0
  77              		@ frame_needed = 0, uses_anonymous_args = 0
  78              		@ link register save eliminated.
  79              	.LVL3:
  80 0000 F0B4     		push	{r4, r5, r6, r7}
  81              		.cfi_def_cfa_offset 16
  82              		.cfi_offset 4, -16
  83              		.cfi_offset 5, -12
  84              		.cfi_offset 6, -8
  85              		.cfi_offset 7, -4
  86              		.loc 1 53 0
  87 0002 0546     		mov	r5, r0
  88 0004 0FCD     		ldmia	r5!, {r0, r1, r2, r3}
  89              	.LVL4:
  90 0006 064C     		ldr	r4, .L9
  91              		.loc 1 54 0
  92 0008 064E     		ldr	r6, .L9+4
  93              		.loc 1 53 0
  94 000a 0FC4     		stmia	r4!, {r0, r1, r2, r3}
  95 000c 0FCD     		ldmia	r5!, {r0, r1, r2, r3}
  96              	.LVL5:
  97 000e 0FC4     		stmia	r4!, {r0, r1, r2, r3}
  98 0010 95E80300 		ldmia	r5, {r0, r1}
  99              		.loc 1 54 0
 100 0014 0027     		movs	r7, #0
 101              		.loc 1 53 0
 102 0016 84E80300 		stmia	r4, {r0, r1}
 103              		.loc 1 54 0
 104 001a 3760     		str	r7, [r6]	@ float
 105              		.loc 1 55 0
 106 001c F0BC     		pop	{r4, r5, r6, r7}
 107              		.cfi_restore 7
 108              		.cfi_restore 6
 109              		.cfi_restore 5
 110              		.cfi_restore 4
 111              		.cfi_def_cfa_offset 0
 112              	.LVL6:
ARM GAS  /var/folders/7z/kps_xzfj7sn5l5gkyq8s9db00000gn/T//ccMuvh5S.s 			page 3


 113 001e 7047     		bx	lr
 114              	.L10:
 115              		.align	2
 116              	.L9:
 117 0020 00000000 		.word	.LANCHOR0
 118 0024 00000000 		.word	.LANCHOR1
 119              		.cfi_endproc
 120              	.LFE118:
 121              		.size	app_adc_configure, .-app_adc_configure
 122 0028 AFF30080 		.section	.text.app_adc_start,"ax",%progbits
 122      AFF30080 
 123              		.align	2
 124              		.p2align 4,,15
 125              		.global	app_adc_start
 126              		.thumb
 127              		.thumb_func
 128              		.type	app_adc_start, %function
 129              	app_adc_start:
 130              	.LFB119:
 131              		.loc 1 57 0
 132              		.cfi_startproc
 133              		@ args = 0, pretend = 0, frame = 0
 134              		@ frame_needed = 0, uses_anonymous_args = 0
 135 0000 00B5     		push	{lr}
 136              		.cfi_def_cfa_offset 4
 137              		.cfi_offset 14, -4
 138 0002 83B0     		sub	sp, sp, #12
 139              		.cfi_def_cfa_offset 16
 140              		.loc 1 58 0
 141 0004 0023     		movs	r3, #0
 142 0006 0093     		str	r3, [sp]
 143 0008 4FF4B361 		mov	r1, #1432
 144 000c 034B     		ldr	r3, .L13
 145 000e 0448     		ldr	r0, .L13+4
 146 0010 4022     		movs	r2, #64
 147 0012 FFF7FEFF 		bl	chThdCreateStatic
 148              	.LVL7:
 149              		.loc 1 59 0
 150 0016 03B0     		add	sp, sp, #12
 151              		.cfi_def_cfa_offset 4
 152              		@ sp needed
 153 0018 5DF804FB 		ldr	pc, [sp], #4
 154              	.L14:
 155              		.align	2
 156              	.L13:
 157 001c 00000000 		.word	adc_thread
 158 0020 00000000 		.word	.LANCHOR2
 159              		.cfi_endproc
 160              	.LFE119:
 161              		.size	app_adc_start, .-app_adc_start
 162 0024 AFF30080 		.section	.text.app_adc_get_decoded_level,"ax",%progbits
 162      AFF30080 
 162      AFF30080 
 163              		.align	2
 164              		.p2align 4,,15
 165              		.global	app_adc_get_decoded_level
 166              		.thumb
ARM GAS  /var/folders/7z/kps_xzfj7sn5l5gkyq8s9db00000gn/T//ccMuvh5S.s 			page 4


 167              		.thumb_func
 168              		.type	app_adc_get_decoded_level, %function
 169              	app_adc_get_decoded_level:
 170              	.LFB120:
 171              		.loc 1 61 0
 172              		.cfi_startproc
 173              		@ args = 0, pretend = 0, frame = 0
 174              		@ frame_needed = 0, uses_anonymous_args = 0
 175              		@ link register save eliminated.
 176              		.loc 1 62 0
 177 0000 014B     		ldr	r3, .L16
 178 0002 93ED000A 		flds	s0, [r3]
 179              		.loc 1 63 0
 180 0006 7047     		bx	lr
 181              	.L17:
 182              		.align	2
 183              	.L16:
 184 0008 00000000 		.word	.LANCHOR3
 185              		.cfi_endproc
 186              	.LFE120:
 187              		.size	app_adc_get_decoded_level, .-app_adc_get_decoded_level
 188 000c AFF30080 		.section	.text.app_adc_get_voltage,"ax",%progbits
 189              		.align	2
 190              		.p2align 4,,15
 191              		.global	app_adc_get_voltage
 192              		.thumb
 193              		.thumb_func
 194              		.type	app_adc_get_voltage, %function
 195              	app_adc_get_voltage:
 196              	.LFB121:
 197              		.loc 1 65 0
 198              		.cfi_startproc
 199              		@ args = 0, pretend = 0, frame = 0
 200              		@ frame_needed = 0, uses_anonymous_args = 0
 201              		@ link register save eliminated.
 202              		.loc 1 66 0
 203 0000 014B     		ldr	r3, .L19
 204 0002 93ED000A 		flds	s0, [r3]
 205              		.loc 1 67 0
 206 0006 7047     		bx	lr
 207              	.L20:
 208              		.align	2
 209              	.L19:
 210 0008 00000000 		.word	.LANCHOR4
 211              		.cfi_endproc
 212              	.LFE121:
 213              		.size	app_adc_get_voltage, .-app_adc_get_voltage
 214 000c AFF30080 		.section	.bss.read_voltage,"aw",%nobits
 215              		.align	2
 216              		.set	.LANCHOR4,. + 0
 217              		.type	read_voltage, %object
 218              		.size	read_voltage, 4
 219              	read_voltage:
 220 0000 00000000 		.space	4
 221              		.section	.bss.ms_without_power,"aw",%nobits
 222              		.align	2
 223              		.set	.LANCHOR1,. + 0
ARM GAS  /var/folders/7z/kps_xzfj7sn5l5gkyq8s9db00000gn/T//ccMuvh5S.s 			page 5


 224              		.type	ms_without_power, %object
 225              		.size	ms_without_power, 4
 226              	ms_without_power:
 227 0000 00000000 		.space	4
 228              		.section	.rodata.str1.4,"aMS",%progbits,1
 229              		.align	2
 230              	.LC0:
 231 0000 4150505F 		.ascii	"APP_ADC\000"
 231      41444300 
 232              		.section	.bss.config,"aw",%nobits
 233              		.align	2
 234              		.set	.LANCHOR0,. + 0
 235              		.type	config, %object
 236              		.size	config, 40
 237              	config:
 238 0000 00000000 		.space	40
 238      00000000 
 238      00000000 
 238      00000000 
 238      00000000 
 239              		.section	.bss.decoded_level,"aw",%nobits
 240              		.align	2
 241              		.set	.LANCHOR3,. + 0
 242              		.type	decoded_level, %object
 243              		.size	decoded_level, 4
 244              	decoded_level:
 245 0000 00000000 		.space	4
 246              		.section	.bss.adc_thread_wa,"aw",%nobits
 247              		.align	3
 248              		.set	.LANCHOR2,. + 0
 249              		.type	adc_thread_wa, %object
 250              		.size	adc_thread_wa, 1432
 251              	adc_thread_wa:
 252 0000 00000000 		.space	1432
 252      00000000 
 252      00000000 
 252      00000000 
 252      00000000 
 253              		.text
 254              	.Letext0:
 255              		.file 2 "/Users/Baram/gcc-arm-none-eabi/arm-none-eabi/include/machine/_default_types.h"
 256              		.file 3 "/Users/Baram/gcc-arm-none-eabi/arm-none-eabi/include/stdint.h"
 257              		.file 4 "/Users/Baram/gcc-arm-none-eabi/lib/gcc/arm-none-eabi/4.9.3/include/stddef.h"
 258              		.file 5 "lib/ChibiOS_2.6.6/os/ports/GCC/ARMCMx/chtypes.h"
 259              		.file 6 "lib/ChibiOS_2.6.6/os/kernel/include/chlists.h"
 260              		.file 7 "lib/ChibiOS_2.6.6/os/kernel/include/chthreads.h"
 261              		.file 8 "lib/ChibiOS_2.6.6/os/ports/GCC/ARMCMx/chcore_v7m.h"
 262              		.file 9 "lib/ChibiOS_2.6.6/os/kernel/include/chschd.h"
 263              		.file 10 "lib/ChibiOS_2.6.6/os/kernel/include/chmtx.h"
 264              		.file 11 "src/core/datatypes.h"
 265              		.file 12 "lib/ChibiOS_2.6.6/os/hal/platforms/STM32/GPIOv2/pal_lld.h"
 266              		.file 13 "lib/ChibiOS_2.6.6/os/ports/common/ARMCMx/CMSIS/include/core_cm4.h"
 267              		.section	.debug_info,"",%progbits
 268              	.Ldebug_info0:
 269 0000 F7080000 		.4byte	0x8f7
 270 0004 0400     		.2byte	0x4
 271 0006 00000000 		.4byte	.Ldebug_abbrev0
ARM GAS  /var/folders/7z/kps_xzfj7sn5l5gkyq8s9db00000gn/T//ccMuvh5S.s 			page 6


 272 000a 04       		.byte	0x4
 273 000b 01       		.uleb128 0x1
 274 000c 23020000 		.4byte	.LASF127
 275 0010 01       		.byte	0x1
 276 0011 A8060000 		.4byte	.LASF128
 277 0015 CC010000 		.4byte	.LASF129
 278 0019 00000000 		.4byte	.Ldebug_ranges0+0
 279 001d 00000000 		.4byte	0
 280 0021 00000000 		.4byte	.Ldebug_line0
 281 0025 02       		.uleb128 0x2
 282 0026 01       		.byte	0x1
 283 0027 06       		.byte	0x6
 284 0028 DE000000 		.4byte	.LASF0
 285 002c 03       		.uleb128 0x3
 286 002d 44000000 		.4byte	.LASF3
 287 0031 02       		.byte	0x2
 288 0032 1D       		.byte	0x1d
 289 0033 37000000 		.4byte	0x37
 290 0037 02       		.uleb128 0x2
 291 0038 01       		.byte	0x1
 292 0039 08       		.byte	0x8
 293 003a B4040000 		.4byte	.LASF1
 294 003e 02       		.uleb128 0x2
 295 003f 02       		.byte	0x2
 296 0040 05       		.byte	0x5
 297 0041 CC040000 		.4byte	.LASF2
 298 0045 03       		.uleb128 0x3
 299 0046 8F050000 		.4byte	.LASF4
 300 004a 02       		.byte	0x2
 301 004b 2B       		.byte	0x2b
 302 004c 50000000 		.4byte	0x50
 303 0050 02       		.uleb128 0x2
 304 0051 02       		.byte	0x2
 305 0052 07       		.byte	0x7
 306 0053 4F030000 		.4byte	.LASF5
 307 0057 03       		.uleb128 0x3
 308 0058 B6050000 		.4byte	.LASF6
 309 005c 02       		.byte	0x2
 310 005d 3F       		.byte	0x3f
 311 005e 62000000 		.4byte	0x62
 312 0062 02       		.uleb128 0x2
 313 0063 04       		.byte	0x4
 314 0064 05       		.byte	0x5
 315 0065 3D010000 		.4byte	.LASF7
 316 0069 03       		.uleb128 0x3
 317 006a C0050000 		.4byte	.LASF8
 318 006e 02       		.byte	0x2
 319 006f 41       		.byte	0x41
 320 0070 74000000 		.4byte	0x74
 321 0074 02       		.uleb128 0x2
 322 0075 04       		.byte	0x4
 323 0076 07       		.byte	0x7
 324 0077 EF000000 		.4byte	.LASF9
 325 007b 02       		.uleb128 0x2
 326 007c 08       		.byte	0x8
 327 007d 05       		.byte	0x5
 328 007e D0000000 		.4byte	.LASF10
ARM GAS  /var/folders/7z/kps_xzfj7sn5l5gkyq8s9db00000gn/T//ccMuvh5S.s 			page 7


 329 0082 03       		.uleb128 0x3
 330 0083 46040000 		.4byte	.LASF11
 331 0087 02       		.byte	0x2
 332 0088 5B       		.byte	0x5b
 333 0089 8D000000 		.4byte	0x8d
 334 008d 02       		.uleb128 0x2
 335 008e 08       		.byte	0x8
 336 008f 07       		.byte	0x7
 337 0090 09010000 		.4byte	.LASF12
 338 0094 04       		.uleb128 0x4
 339 0095 04       		.byte	0x4
 340 0096 05       		.byte	0x5
 341 0097 696E7400 		.ascii	"int\000"
 342 009b 02       		.uleb128 0x2
 343 009c 04       		.byte	0x4
 344 009d 07       		.byte	0x7
 345 009e 02020000 		.4byte	.LASF13
 346 00a2 03       		.uleb128 0x3
 347 00a3 79060000 		.4byte	.LASF14
 348 00a7 03       		.byte	0x3
 349 00a8 15       		.byte	0x15
 350 00a9 2C000000 		.4byte	0x2c
 351 00ad 03       		.uleb128 0x3
 352 00ae 62010000 		.4byte	.LASF15
 353 00b2 03       		.byte	0x3
 354 00b3 21       		.byte	0x21
 355 00b4 45000000 		.4byte	0x45
 356 00b8 03       		.uleb128 0x3
 357 00b9 02040000 		.4byte	.LASF16
 358 00bd 03       		.byte	0x3
 359 00be 2C       		.byte	0x2c
 360 00bf 57000000 		.4byte	0x57
 361 00c3 03       		.uleb128 0x3
 362 00c4 43050000 		.4byte	.LASF17
 363 00c8 03       		.byte	0x3
 364 00c9 2D       		.byte	0x2d
 365 00ca 69000000 		.4byte	0x69
 366 00ce 03       		.uleb128 0x3
 367 00cf 34000000 		.4byte	.LASF18
 368 00d3 03       		.byte	0x3
 369 00d4 39       		.byte	0x39
 370 00d5 82000000 		.4byte	0x82
 371 00d9 03       		.uleb128 0x3
 372 00da 26000000 		.4byte	.LASF19
 373 00de 04       		.byte	0x4
 374 00df D4       		.byte	0xd4
 375 00e0 9B000000 		.4byte	0x9b
 376 00e4 02       		.uleb128 0x2
 377 00e5 01       		.byte	0x1
 378 00e6 02       		.byte	0x2
 379 00e7 A4040000 		.4byte	.LASF20
 380 00eb 03       		.uleb128 0x3
 381 00ec 94030000 		.4byte	.LASF21
 382 00f0 05       		.byte	0x5
 383 00f1 2C       		.byte	0x2c
 384 00f2 A2000000 		.4byte	0xa2
 385 00f6 03       		.uleb128 0x3
ARM GAS  /var/folders/7z/kps_xzfj7sn5l5gkyq8s9db00000gn/T//ccMuvh5S.s 			page 8


 386 00f7 46010000 		.4byte	.LASF22
 387 00fb 05       		.byte	0x5
 388 00fc 2D       		.byte	0x2d
 389 00fd A2000000 		.4byte	0xa2
 390 0101 03       		.uleb128 0x3
 391 0102 61040000 		.4byte	.LASF23
 392 0106 05       		.byte	0x5
 393 0107 2E       		.byte	0x2e
 394 0108 A2000000 		.4byte	0xa2
 395 010c 03       		.uleb128 0x3
 396 010d 28010000 		.4byte	.LASF24
 397 0111 05       		.byte	0x5
 398 0112 2F       		.byte	0x2f
 399 0113 A2000000 		.4byte	0xa2
 400 0117 03       		.uleb128 0x3
 401 0118 7B040000 		.4byte	.LASF25
 402 011c 05       		.byte	0x5
 403 011d 30       		.byte	0x30
 404 011e C3000000 		.4byte	0xc3
 405 0122 03       		.uleb128 0x3
 406 0123 6E030000 		.4byte	.LASF26
 407 0127 05       		.byte	0x5
 408 0128 31       		.byte	0x31
 409 0129 B8000000 		.4byte	0xb8
 410 012d 03       		.uleb128 0x3
 411 012e B3030000 		.4byte	.LASF27
 412 0132 05       		.byte	0x5
 413 0133 33       		.byte	0x33
 414 0134 C3000000 		.4byte	0xc3
 415 0138 03       		.uleb128 0x3
 416 0139 A1050000 		.4byte	.LASF28
 417 013d 05       		.byte	0x5
 418 013e 35       		.byte	0x35
 419 013f C3000000 		.4byte	0xc3
 420 0143 03       		.uleb128 0x3
 421 0144 26050000 		.4byte	.LASF29
 422 0148 06       		.byte	0x6
 423 0149 2A       		.byte	0x2a
 424 014a 4E010000 		.4byte	0x14e
 425 014e 05       		.uleb128 0x5
 426 014f 26050000 		.4byte	.LASF29
 427 0153 48       		.byte	0x48
 428 0154 07       		.byte	0x7
 429 0155 5E       		.byte	0x5e
 430 0156 4B020000 		.4byte	0x24b
 431 015a 06       		.uleb128 0x6
 432 015b 17050000 		.4byte	.LASF30
 433 015f 07       		.byte	0x7
 434 0160 5F       		.byte	0x5f
 435 0161 6C020000 		.4byte	0x26c
 436 0165 00       		.byte	0
 437 0166 06       		.uleb128 0x6
 438 0167 69040000 		.4byte	.LASF31
 439 016b 07       		.byte	0x7
 440 016c 61       		.byte	0x61
 441 016d 6C020000 		.4byte	0x26c
 442 0171 04       		.byte	0x4
ARM GAS  /var/folders/7z/kps_xzfj7sn5l5gkyq8s9db00000gn/T//ccMuvh5S.s 			page 9


 443 0172 06       		.uleb128 0x6
 444 0173 C9000000 		.4byte	.LASF32
 445 0177 07       		.byte	0x7
 446 0178 63       		.byte	0x63
 447 0179 17010000 		.4byte	0x117
 448 017d 08       		.byte	0x8
 449 017e 06       		.uleb128 0x6
 450 017f FB060000 		.4byte	.LASF33
 451 0183 07       		.byte	0x7
 452 0184 64       		.byte	0x64
 453 0185 01040000 		.4byte	0x401
 454 0189 0C       		.byte	0xc
 455 018a 06       		.uleb128 0x6
 456 018b 6B010000 		.4byte	.LASF34
 457 018f 07       		.byte	0x7
 458 0190 66       		.byte	0x66
 459 0191 6C020000 		.4byte	0x26c
 460 0195 10       		.byte	0x10
 461 0196 06       		.uleb128 0x6
 462 0197 18040000 		.4byte	.LASF35
 463 019b 07       		.byte	0x7
 464 019c 67       		.byte	0x67
 465 019d 6C020000 		.4byte	0x26c
 466 01a1 14       		.byte	0x14
 467 01a2 06       		.uleb128 0x6
 468 01a3 88060000 		.4byte	.LASF36
 469 01a7 07       		.byte	0x7
 470 01a8 6E       		.byte	0x6e
 471 01a9 06050000 		.4byte	0x506
 472 01ad 18       		.byte	0x18
 473 01ae 06       		.uleb128 0x6
 474 01af D6040000 		.4byte	.LASF37
 475 01b3 07       		.byte	0x7
 476 01b4 79       		.byte	0x79
 477 01b5 F6000000 		.4byte	0xf6
 478 01b9 1C       		.byte	0x1c
 479 01ba 06       		.uleb128 0x6
 480 01bb 1E050000 		.4byte	.LASF38
 481 01bf 07       		.byte	0x7
 482 01c0 7D       		.byte	0x7d
 483 01c1 EB000000 		.4byte	0xeb
 484 01c5 1D       		.byte	0x1d
 485 01c6 06       		.uleb128 0x6
 486 01c7 39060000 		.4byte	.LASF39
 487 01cb 07       		.byte	0x7
 488 01cc 82       		.byte	0x82
 489 01cd 01010000 		.4byte	0x101
 490 01d1 1E       		.byte	0x1e
 491 01d2 06       		.uleb128 0x6
 492 01d3 FF040000 		.4byte	.LASF40
 493 01d7 07       		.byte	0x7
 494 01d8 88       		.byte	0x88
 495 01d9 0C010000 		.4byte	0x10c
 496 01dd 1F       		.byte	0x1f
 497 01de 06       		.uleb128 0x6
 498 01df EC050000 		.4byte	.LASF41
 499 01e3 07       		.byte	0x7
ARM GAS  /var/folders/7z/kps_xzfj7sn5l5gkyq8s9db00000gn/T//ccMuvh5S.s 			page 10


 500 01e4 8F       		.byte	0x8f
 501 01e5 2E040000 		.4byte	0x42e
 502 01e9 20       		.byte	0x20
 503 01ea 07       		.uleb128 0x7
 504 01eb 705F7500 		.ascii	"p_u\000"
 505 01ef 07       		.byte	0x7
 506 01f0 B4       		.byte	0xb4
 507 01f1 D1040000 		.4byte	0x4d1
 508 01f5 24       		.byte	0x24
 509 01f6 06       		.uleb128 0x6
 510 01f7 01070000 		.4byte	.LASF42
 511 01fb 07       		.byte	0x7
 512 01fc B9       		.byte	0xb9
 513 01fd 92020000 		.4byte	0x292
 514 0201 28       		.byte	0x28
 515 0202 06       		.uleb128 0x6
 516 0203 10060000 		.4byte	.LASF43
 517 0207 07       		.byte	0x7
 518 0208 BF       		.byte	0xbf
 519 0209 72020000 		.4byte	0x272
 520 020d 2C       		.byte	0x2c
 521 020e 06       		.uleb128 0x6
 522 020f A2060000 		.4byte	.LASF44
 523 0213 07       		.byte	0x7
 524 0214 C3       		.byte	0xc3
 525 0215 22010000 		.4byte	0x122
 526 0219 34       		.byte	0x34
 527 021a 06       		.uleb128 0x6
 528 021b 32050000 		.4byte	.LASF45
 529 021f 07       		.byte	0x7
 530 0220 C9       		.byte	0xc9
 531 0221 2D010000 		.4byte	0x12d
 532 0225 38       		.byte	0x38
 533 0226 06       		.uleb128 0x6
 534 0227 C2040000 		.4byte	.LASF46
 535 022b 07       		.byte	0x7
 536 022c D0       		.byte	0xd0
 537 022d 18050000 		.4byte	0x518
 538 0231 3C       		.byte	0x3c
 539 0232 06       		.uleb128 0x6
 540 0233 AB050000 		.4byte	.LASF47
 541 0237 07       		.byte	0x7
 542 0238 D4       		.byte	0xd4
 543 0239 17010000 		.4byte	0x117
 544 023d 40       		.byte	0x40
 545 023e 06       		.uleb128 0x6
 546 023f 01010000 		.4byte	.LASF48
 547 0243 07       		.byte	0x7
 548 0244 DA       		.byte	0xda
 549 0245 A8020000 		.4byte	0x2a8
 550 0249 44       		.byte	0x44
 551 024a 00       		.byte	0
 552 024b 08       		.uleb128 0x8
 553 024c 08       		.byte	0x8
 554 024d 06       		.byte	0x6
 555 024e 61       		.byte	0x61
 556 024f 6C020000 		.4byte	0x26c
ARM GAS  /var/folders/7z/kps_xzfj7sn5l5gkyq8s9db00000gn/T//ccMuvh5S.s 			page 11


 557 0253 06       		.uleb128 0x6
 558 0254 17050000 		.4byte	.LASF30
 559 0258 06       		.byte	0x6
 560 0259 62       		.byte	0x62
 561 025a 6C020000 		.4byte	0x26c
 562 025e 00       		.byte	0
 563 025f 06       		.uleb128 0x6
 564 0260 69040000 		.4byte	.LASF31
 565 0264 06       		.byte	0x6
 566 0265 64       		.byte	0x64
 567 0266 6C020000 		.4byte	0x26c
 568 026a 04       		.byte	0x4
 569 026b 00       		.byte	0
 570 026c 09       		.uleb128 0x9
 571 026d 04       		.byte	0x4
 572 026e 43010000 		.4byte	0x143
 573 0272 03       		.uleb128 0x3
 574 0273 98000000 		.4byte	.LASF49
 575 0277 06       		.byte	0x6
 576 0278 66       		.byte	0x66
 577 0279 4B020000 		.4byte	0x24b
 578 027d 08       		.uleb128 0x8
 579 027e 04       		.byte	0x4
 580 027f 06       		.byte	0x6
 581 0280 6B       		.byte	0x6b
 582 0281 92020000 		.4byte	0x292
 583 0285 06       		.uleb128 0x6
 584 0286 17050000 		.4byte	.LASF30
 585 028a 06       		.byte	0x6
 586 028b 6D       		.byte	0x6d
 587 028c 6C020000 		.4byte	0x26c
 588 0290 00       		.byte	0
 589 0291 00       		.byte	0
 590 0292 03       		.uleb128 0x3
 591 0293 A7030000 		.4byte	.LASF50
 592 0297 06       		.byte	0x6
 593 0298 70       		.byte	0x70
 594 0299 7D020000 		.4byte	0x27d
 595 029d 03       		.uleb128 0x3
 596 029e B8010000 		.4byte	.LASF51
 597 02a2 08       		.byte	0x8
 598 02a3 E5       		.byte	0xe5
 599 02a4 A8020000 		.4byte	0x2a8
 600 02a8 0A       		.uleb128 0xa
 601 02a9 04       		.byte	0x4
 602 02aa 03       		.uleb128 0x3
 603 02ab E5030000 		.4byte	.LASF52
 604 02af 08       		.byte	0x8
 605 02b0 EB       		.byte	0xeb
 606 02b1 CE000000 		.4byte	0xce
 607 02b5 0B       		.uleb128 0xb
 608 02b6 09060000 		.4byte	.LASF53
 609 02ba 64       		.byte	0x64
 610 02bb 08       		.byte	0x8
 611 02bc 0C01     		.2byte	0x10c
 612 02be 01040000 		.4byte	0x401
 613 02c2 0C       		.uleb128 0xc
ARM GAS  /var/folders/7z/kps_xzfj7sn5l5gkyq8s9db00000gn/T//ccMuvh5S.s 			page 12


 614 02c3 73313600 		.ascii	"s16\000"
 615 02c7 08       		.byte	0x8
 616 02c8 0E01     		.2byte	0x10e
 617 02ca 9D020000 		.4byte	0x29d
 618 02ce 00       		.byte	0
 619 02cf 0C       		.uleb128 0xc
 620 02d0 73313700 		.ascii	"s17\000"
 621 02d4 08       		.byte	0x8
 622 02d5 0F01     		.2byte	0x10f
 623 02d7 9D020000 		.4byte	0x29d
 624 02db 04       		.byte	0x4
 625 02dc 0C       		.uleb128 0xc
 626 02dd 73313800 		.ascii	"s18\000"
 627 02e1 08       		.byte	0x8
 628 02e2 1001     		.2byte	0x110
 629 02e4 9D020000 		.4byte	0x29d
 630 02e8 08       		.byte	0x8
 631 02e9 0C       		.uleb128 0xc
 632 02ea 73313900 		.ascii	"s19\000"
 633 02ee 08       		.byte	0x8
 634 02ef 1101     		.2byte	0x111
 635 02f1 9D020000 		.4byte	0x29d
 636 02f5 0C       		.byte	0xc
 637 02f6 0C       		.uleb128 0xc
 638 02f7 73323000 		.ascii	"s20\000"
 639 02fb 08       		.byte	0x8
 640 02fc 1201     		.2byte	0x112
 641 02fe 9D020000 		.4byte	0x29d
 642 0302 10       		.byte	0x10
 643 0303 0C       		.uleb128 0xc
 644 0304 73323100 		.ascii	"s21\000"
 645 0308 08       		.byte	0x8
 646 0309 1301     		.2byte	0x113
 647 030b 9D020000 		.4byte	0x29d
 648 030f 14       		.byte	0x14
 649 0310 0C       		.uleb128 0xc
 650 0311 73323200 		.ascii	"s22\000"
 651 0315 08       		.byte	0x8
 652 0316 1401     		.2byte	0x114
 653 0318 9D020000 		.4byte	0x29d
 654 031c 18       		.byte	0x18
 655 031d 0C       		.uleb128 0xc
 656 031e 73323300 		.ascii	"s23\000"
 657 0322 08       		.byte	0x8
 658 0323 1501     		.2byte	0x115
 659 0325 9D020000 		.4byte	0x29d
 660 0329 1C       		.byte	0x1c
 661 032a 0C       		.uleb128 0xc
 662 032b 73323400 		.ascii	"s24\000"
 663 032f 08       		.byte	0x8
 664 0330 1601     		.2byte	0x116
 665 0332 9D020000 		.4byte	0x29d
 666 0336 20       		.byte	0x20
 667 0337 0C       		.uleb128 0xc
 668 0338 73323500 		.ascii	"s25\000"
 669 033c 08       		.byte	0x8
 670 033d 1701     		.2byte	0x117
ARM GAS  /var/folders/7z/kps_xzfj7sn5l5gkyq8s9db00000gn/T//ccMuvh5S.s 			page 13


 671 033f 9D020000 		.4byte	0x29d
 672 0343 24       		.byte	0x24
 673 0344 0C       		.uleb128 0xc
 674 0345 73323600 		.ascii	"s26\000"
 675 0349 08       		.byte	0x8
 676 034a 1801     		.2byte	0x118
 677 034c 9D020000 		.4byte	0x29d
 678 0350 28       		.byte	0x28
 679 0351 0C       		.uleb128 0xc
 680 0352 73323700 		.ascii	"s27\000"
 681 0356 08       		.byte	0x8
 682 0357 1901     		.2byte	0x119
 683 0359 9D020000 		.4byte	0x29d
 684 035d 2C       		.byte	0x2c
 685 035e 0C       		.uleb128 0xc
 686 035f 73323800 		.ascii	"s28\000"
 687 0363 08       		.byte	0x8
 688 0364 1A01     		.2byte	0x11a
 689 0366 9D020000 		.4byte	0x29d
 690 036a 30       		.byte	0x30
 691 036b 0C       		.uleb128 0xc
 692 036c 73323900 		.ascii	"s29\000"
 693 0370 08       		.byte	0x8
 694 0371 1B01     		.2byte	0x11b
 695 0373 9D020000 		.4byte	0x29d
 696 0377 34       		.byte	0x34
 697 0378 0C       		.uleb128 0xc
 698 0379 73333000 		.ascii	"s30\000"
 699 037d 08       		.byte	0x8
 700 037e 1C01     		.2byte	0x11c
 701 0380 9D020000 		.4byte	0x29d
 702 0384 38       		.byte	0x38
 703 0385 0C       		.uleb128 0xc
 704 0386 73333100 		.ascii	"s31\000"
 705 038a 08       		.byte	0x8
 706 038b 1D01     		.2byte	0x11d
 707 038d 9D020000 		.4byte	0x29d
 708 0391 3C       		.byte	0x3c
 709 0392 0C       		.uleb128 0xc
 710 0393 723400   		.ascii	"r4\000"
 711 0396 08       		.byte	0x8
 712 0397 1F01     		.2byte	0x11f
 713 0399 9D020000 		.4byte	0x29d
 714 039d 40       		.byte	0x40
 715 039e 0C       		.uleb128 0xc
 716 039f 723500   		.ascii	"r5\000"
 717 03a2 08       		.byte	0x8
 718 03a3 2001     		.2byte	0x120
 719 03a5 9D020000 		.4byte	0x29d
 720 03a9 44       		.byte	0x44
 721 03aa 0C       		.uleb128 0xc
 722 03ab 723600   		.ascii	"r6\000"
 723 03ae 08       		.byte	0x8
 724 03af 2101     		.2byte	0x121
 725 03b1 9D020000 		.4byte	0x29d
 726 03b5 48       		.byte	0x48
 727 03b6 0C       		.uleb128 0xc
ARM GAS  /var/folders/7z/kps_xzfj7sn5l5gkyq8s9db00000gn/T//ccMuvh5S.s 			page 14


 728 03b7 723700   		.ascii	"r7\000"
 729 03ba 08       		.byte	0x8
 730 03bb 2201     		.2byte	0x122
 731 03bd 9D020000 		.4byte	0x29d
 732 03c1 4C       		.byte	0x4c
 733 03c2 0C       		.uleb128 0xc
 734 03c3 723800   		.ascii	"r8\000"
 735 03c6 08       		.byte	0x8
 736 03c7 2301     		.2byte	0x123
 737 03c9 9D020000 		.4byte	0x29d
 738 03cd 50       		.byte	0x50
 739 03ce 0C       		.uleb128 0xc
 740 03cf 723900   		.ascii	"r9\000"
 741 03d2 08       		.byte	0x8
 742 03d3 2401     		.2byte	0x124
 743 03d5 9D020000 		.4byte	0x29d
 744 03d9 54       		.byte	0x54
 745 03da 0C       		.uleb128 0xc
 746 03db 72313000 		.ascii	"r10\000"
 747 03df 08       		.byte	0x8
 748 03e0 2501     		.2byte	0x125
 749 03e2 9D020000 		.4byte	0x29d
 750 03e6 58       		.byte	0x58
 751 03e7 0C       		.uleb128 0xc
 752 03e8 72313100 		.ascii	"r11\000"
 753 03ec 08       		.byte	0x8
 754 03ed 2601     		.2byte	0x126
 755 03ef 9D020000 		.4byte	0x29d
 756 03f3 5C       		.byte	0x5c
 757 03f4 0C       		.uleb128 0xc
 758 03f5 6C7200   		.ascii	"lr\000"
 759 03f8 08       		.byte	0x8
 760 03f9 2701     		.2byte	0x127
 761 03fb 9D020000 		.4byte	0x29d
 762 03ff 60       		.byte	0x60
 763 0400 00       		.byte	0
 764 0401 0B       		.uleb128 0xb
 765 0402 47030000 		.4byte	.LASF54
 766 0406 04       		.byte	0x4
 767 0407 08       		.byte	0x8
 768 0408 3101     		.2byte	0x131
 769 040a 1C040000 		.4byte	0x41c
 770 040e 0C       		.uleb128 0xc
 771 040f 72313300 		.ascii	"r13\000"
 772 0413 08       		.byte	0x8
 773 0414 3201     		.2byte	0x132
 774 0416 1C040000 		.4byte	0x41c
 775 041a 00       		.byte	0
 776 041b 00       		.byte	0
 777 041c 09       		.uleb128 0x9
 778 041d 04       		.byte	0x4
 779 041e B5020000 		.4byte	0x2b5
 780 0422 0D       		.uleb128 0xd
 781 0423 C3000000 		.4byte	0xc3
 782 0427 02       		.uleb128 0x2
 783 0428 04       		.byte	0x4
 784 0429 07       		.byte	0x7
ARM GAS  /var/folders/7z/kps_xzfj7sn5l5gkyq8s9db00000gn/T//ccMuvh5S.s 			page 15


 785 042a 0A040000 		.4byte	.LASF55
 786 042e 0D       		.uleb128 0xd
 787 042f 38010000 		.4byte	0x138
 788 0433 08       		.uleb128 0x8
 789 0434 1C       		.byte	0x1c
 790 0435 09       		.byte	0x9
 791 0436 5E       		.byte	0x5e
 792 0437 84040000 		.4byte	0x484
 793 043b 06       		.uleb128 0x6
 794 043c 4C050000 		.4byte	.LASF56
 795 0440 09       		.byte	0x9
 796 0441 5F       		.byte	0x5f
 797 0442 72020000 		.4byte	0x272
 798 0446 00       		.byte	0
 799 0447 06       		.uleb128 0x6
 800 0448 09050000 		.4byte	.LASF57
 801 044c 09       		.byte	0x9
 802 044d 60       		.byte	0x60
 803 044e 17010000 		.4byte	0x117
 804 0452 08       		.byte	0x8
 805 0453 06       		.uleb128 0x6
 806 0454 20040000 		.4byte	.LASF58
 807 0458 09       		.byte	0x9
 808 0459 62       		.byte	0x62
 809 045a 01040000 		.4byte	0x401
 810 045e 0C       		.byte	0xc
 811 045f 06       		.uleb128 0x6
 812 0460 B0010000 		.4byte	.LASF59
 813 0464 09       		.byte	0x9
 814 0465 65       		.byte	0x65
 815 0466 6C020000 		.4byte	0x26c
 816 046a 10       		.byte	0x10
 817 046b 06       		.uleb128 0x6
 818 046c 30040000 		.4byte	.LASF60
 819 0470 09       		.byte	0x9
 820 0471 66       		.byte	0x66
 821 0472 6C020000 		.4byte	0x26c
 822 0476 14       		.byte	0x14
 823 0477 06       		.uleb128 0x6
 824 0478 26040000 		.4byte	.LASF61
 825 047c 09       		.byte	0x9
 826 047d 69       		.byte	0x69
 827 047e 6C020000 		.4byte	0x26c
 828 0482 18       		.byte	0x18
 829 0483 00       		.byte	0
 830 0484 03       		.uleb128 0x3
 831 0485 69060000 		.4byte	.LASF62
 832 0489 09       		.byte	0x9
 833 048a 6B       		.byte	0x6b
 834 048b 33040000 		.4byte	0x433
 835 048f 05       		.uleb128 0x5
 836 0490 DF030000 		.4byte	.LASF63
 837 0494 10       		.byte	0x10
 838 0495 0A       		.byte	0xa
 839 0496 2C       		.byte	0x2c
 840 0497 C0040000 		.4byte	0x4c0
 841 049b 06       		.uleb128 0x6
ARM GAS  /var/folders/7z/kps_xzfj7sn5l5gkyq8s9db00000gn/T//ccMuvh5S.s 			page 16


 842 049c 20010000 		.4byte	.LASF64
 843 04a0 0A       		.byte	0xa
 844 04a1 2D       		.byte	0x2d
 845 04a2 72020000 		.4byte	0x272
 846 04a6 00       		.byte	0
 847 04a7 06       		.uleb128 0x6
 848 04a8 C3060000 		.4byte	.LASF65
 849 04ac 0A       		.byte	0xa
 850 04ad 2F       		.byte	0x2f
 851 04ae 6C020000 		.4byte	0x26c
 852 04b2 08       		.byte	0x8
 853 04b3 06       		.uleb128 0x6
 854 04b4 9A050000 		.4byte	.LASF66
 855 04b8 0A       		.byte	0xa
 856 04b9 31       		.byte	0x31
 857 04ba C0040000 		.4byte	0x4c0
 858 04be 0C       		.byte	0xc
 859 04bf 00       		.byte	0
 860 04c0 09       		.uleb128 0x9
 861 04c1 04       		.byte	0x4
 862 04c2 8F040000 		.4byte	0x48f
 863 04c6 03       		.uleb128 0x3
 864 04c7 DF030000 		.4byte	.LASF63
 865 04cb 0A       		.byte	0xa
 866 04cc 33       		.byte	0x33
 867 04cd 8F040000 		.4byte	0x48f
 868 04d1 0E       		.uleb128 0xe
 869 04d2 04       		.byte	0x4
 870 04d3 07       		.byte	0x7
 871 04d4 96       		.byte	0x96
 872 04d5 06050000 		.4byte	0x506
 873 04d9 0F       		.uleb128 0xf
 874 04da 2D000000 		.4byte	.LASF67
 875 04de 07       		.byte	0x7
 876 04df 9D       		.byte	0x9d
 877 04e0 22010000 		.4byte	0x122
 878 04e4 0F       		.uleb128 0xf
 879 04e5 91010000 		.4byte	.LASF68
 880 04e9 07       		.byte	0x7
 881 04ea A4       		.byte	0xa4
 882 04eb 22010000 		.4byte	0x122
 883 04ef 0F       		.uleb128 0xf
 884 04f0 81060000 		.4byte	.LASF69
 885 04f4 07       		.byte	0x7
 886 04f5 AB       		.byte	0xab
 887 04f6 A8020000 		.4byte	0x2a8
 888 04fa 0F       		.uleb128 0xf
 889 04fb 10050000 		.4byte	.LASF70
 890 04ff 07       		.byte	0x7
 891 0500 B2       		.byte	0xb2
 892 0501 2D010000 		.4byte	0x12d
 893 0505 00       		.byte	0
 894 0506 09       		.uleb128 0x9
 895 0507 04       		.byte	0x4
 896 0508 0C050000 		.4byte	0x50c
 897 050c 10       		.uleb128 0x10
 898 050d 11050000 		.4byte	0x511
ARM GAS  /var/folders/7z/kps_xzfj7sn5l5gkyq8s9db00000gn/T//ccMuvh5S.s 			page 17


 899 0511 02       		.uleb128 0x2
 900 0512 01       		.byte	0x1
 901 0513 08       		.byte	0x8
 902 0514 8A050000 		.4byte	.LASF71
 903 0518 09       		.uleb128 0x9
 904 0519 04       		.byte	0x4
 905 051a C6040000 		.4byte	0x4c6
 906 051e 03       		.uleb128 0x3
 907 051f 00000000 		.4byte	.LASF72
 908 0523 07       		.byte	0x7
 909 0524 E5       		.byte	0xe5
 910 0525 29050000 		.4byte	0x529
 911 0529 09       		.uleb128 0x9
 912 052a 04       		.byte	0x4
 913 052b 2F050000 		.4byte	0x52f
 914 052f 11       		.uleb128 0x11
 915 0530 22010000 		.4byte	0x122
 916 0534 3E050000 		.4byte	0x53e
 917 0538 12       		.uleb128 0x12
 918 0539 A8020000 		.4byte	0x2a8
 919 053d 00       		.byte	0
 920 053e 02       		.uleb128 0x2
 921 053f 04       		.byte	0x4
 922 0540 04       		.byte	0x4
 923 0541 56040000 		.4byte	.LASF73
 924 0545 13       		.uleb128 0x13
 925 0546 01       		.byte	0x1
 926 0547 0B       		.byte	0xb
 927 0548 BD       		.byte	0xbd
 928 0549 84050000 		.4byte	0x584
 929 054d 14       		.uleb128 0x14
 930 054e 8F060000 		.4byte	.LASF74
 931 0552 00       		.sleb128 0
 932 0553 14       		.uleb128 0x14
 933 0554 CB050000 		.4byte	.LASF75
 934 0558 01       		.sleb128 1
 935 0559 14       		.uleb128 0x14
 936 055a DE040000 		.4byte	.LASF76
 937 055e 02       		.sleb128 2
 938 055f 14       		.uleb128 0x14
 939 0560 83040000 		.4byte	.LASF77
 940 0564 03       		.sleb128 3
 941 0565 14       		.uleb128 0x14
 942 0566 D2060000 		.4byte	.LASF78
 943 056a 04       		.sleb128 4
 944 056b 14       		.uleb128 0x14
 945 056c 40060000 		.4byte	.LASF79
 946 0570 05       		.sleb128 5
 947 0571 14       		.uleb128 0x14
 948 0572 4F010000 		.4byte	.LASF80
 949 0576 06       		.sleb128 6
 950 0577 14       		.uleb128 0x14
 951 0578 73010000 		.4byte	.LASF81
 952 057c 07       		.sleb128 7
 953 057d 14       		.uleb128 0x14
 954 057e 1B060000 		.4byte	.LASF82
 955 0582 08       		.sleb128 8
ARM GAS  /var/folders/7z/kps_xzfj7sn5l5gkyq8s9db00000gn/T//ccMuvh5S.s 			page 18


 956 0583 00       		.byte	0
 957 0584 03       		.uleb128 0x3
 958 0585 73000000 		.4byte	.LASF83
 959 0589 0B       		.byte	0xb
 960 058a C7       		.byte	0xc7
 961 058b 45050000 		.4byte	0x545
 962 058f 08       		.uleb128 0x8
 963 0590 28       		.byte	0x28
 964 0591 0B       		.byte	0xb
 965 0592 C9       		.byte	0xc9
 966 0593 3F060000 		.4byte	0x63f
 967 0597 06       		.uleb128 0x6
 968 0598 4E000000 		.4byte	.LASF84
 969 059c 0B       		.byte	0xb
 970 059d CA       		.byte	0xca
 971 059e 84050000 		.4byte	0x584
 972 05a2 00       		.byte	0
 973 05a3 06       		.uleb128 0x6
 974 05a4 13040000 		.4byte	.LASF85
 975 05a8 0B       		.byte	0xb
 976 05a9 CB       		.byte	0xcb
 977 05aa 3E050000 		.4byte	0x53e
 978 05ae 04       		.byte	0x4
 979 05af 06       		.uleb128 0x6
 980 05b0 84000000 		.4byte	.LASF86
 981 05b4 0B       		.byte	0xb
 982 05b5 CC       		.byte	0xcc
 983 05b6 3E050000 		.4byte	0x53e
 984 05ba 08       		.byte	0x8
 985 05bb 06       		.uleb128 0x6
 986 05bc 62030000 		.4byte	.LASF87
 987 05c0 0B       		.byte	0xb
 988 05c1 CD       		.byte	0xcd
 989 05c2 3E050000 		.4byte	0x53e
 990 05c6 0C       		.byte	0xc
 991 05c7 06       		.uleb128 0x6
 992 05c8 70040000 		.4byte	.LASF88
 993 05cc 0B       		.byte	0xb
 994 05cd CE       		.byte	0xce
 995 05ce E4000000 		.4byte	0xe4
 996 05d2 10       		.byte	0x10
 997 05d3 06       		.uleb128 0x6
 998 05d4 A5000000 		.4byte	.LASF89
 999 05d8 0B       		.byte	0xb
 1000 05d9 CF       		.byte	0xcf
 1001 05da E4000000 		.4byte	0xe4
 1002 05de 11       		.byte	0x11
 1003 05df 06       		.uleb128 0x6
 1004 05e0 54050000 		.4byte	.LASF90
 1005 05e4 0B       		.byte	0xb
 1006 05e5 D0       		.byte	0xd0
 1007 05e6 E4000000 		.4byte	0xe4
 1008 05ea 12       		.byte	0x12
 1009 05eb 06       		.uleb128 0x6
 1010 05ec 08000000 		.4byte	.LASF91
 1011 05f0 0B       		.byte	0xb
 1012 05f1 D1       		.byte	0xd1
ARM GAS  /var/folders/7z/kps_xzfj7sn5l5gkyq8s9db00000gn/T//ccMuvh5S.s 			page 19


 1013 05f2 E4000000 		.4byte	0xe4
 1014 05f6 13       		.byte	0x13
 1015 05f7 06       		.uleb128 0x6
 1016 05f8 38040000 		.4byte	.LASF92
 1017 05fc 0B       		.byte	0xb
 1018 05fd D2       		.byte	0xd2
 1019 05fe 3E050000 		.4byte	0x53e
 1020 0602 14       		.byte	0x14
 1021 0603 06       		.uleb128 0x6
 1022 0604 BF030000 		.4byte	.LASF93
 1023 0608 0B       		.byte	0xb
 1024 0609 D3       		.byte	0xd3
 1025 060a 3E050000 		.4byte	0x53e
 1026 060e 18       		.byte	0x18
 1027 060f 06       		.uleb128 0x6
 1028 0610 AA040000 		.4byte	.LASF94
 1029 0614 0B       		.byte	0xb
 1030 0615 D4       		.byte	0xd4
 1031 0616 E4000000 		.4byte	0xe4
 1032 061a 1C       		.byte	0x1c
 1033 061b 07       		.uleb128 0x7
 1034 061c 746300   		.ascii	"tc\000"
 1035 061f 0B       		.byte	0xb
 1036 0620 D5       		.byte	0xd5
 1037 0621 E4000000 		.4byte	0xe4
 1038 0625 1D       		.byte	0x1d
 1039 0626 06       		.uleb128 0x6
 1040 0627 BD000000 		.4byte	.LASF95
 1041 062b 0B       		.byte	0xb
 1042 062c D6       		.byte	0xd6
 1043 062d 3E050000 		.4byte	0x53e
 1044 0631 20       		.byte	0x20
 1045 0632 06       		.uleb128 0x6
 1046 0633 85030000 		.4byte	.LASF96
 1047 0637 0B       		.byte	0xb
 1048 0638 D7       		.byte	0xd7
 1049 0639 C3000000 		.4byte	0xc3
 1050 063d 24       		.byte	0x24
 1051 063e 00       		.byte	0
 1052 063f 03       		.uleb128 0x3
 1053 0640 9C030000 		.4byte	.LASF97
 1054 0644 0B       		.byte	0xb
 1055 0645 D8       		.byte	0xd8
 1056 0646 8F050000 		.4byte	0x58f
 1057 064a 0D       		.uleb128 0xd
 1058 064b B8000000 		.4byte	0xb8
 1059 064f 08       		.uleb128 0x8
 1060 0650 04       		.byte	0x4
 1061 0651 0C       		.byte	0xc
 1062 0652 96       		.byte	0x96
 1063 0653 70060000 		.4byte	0x670
 1064 0657 07       		.uleb128 0x7
 1065 0658 73657400 		.ascii	"set\000"
 1066 065c 0C       		.byte	0xc
 1067 065d 97       		.byte	0x97
 1068 065e AD000000 		.4byte	0xad
 1069 0662 00       		.byte	0
ARM GAS  /var/folders/7z/kps_xzfj7sn5l5gkyq8s9db00000gn/T//ccMuvh5S.s 			page 20


 1070 0663 06       		.uleb128 0x6
 1071 0664 3D050000 		.4byte	.LASF98
 1072 0668 0C       		.byte	0xc
 1073 0669 98       		.byte	0x98
 1074 066a AD000000 		.4byte	0xad
 1075 066e 02       		.byte	0x2
 1076 066f 00       		.byte	0
 1077 0670 0E       		.uleb128 0xe
 1078 0671 04       		.byte	0x4
 1079 0672 0C       		.byte	0xc
 1080 0673 94       		.byte	0x94
 1081 0674 8B060000 		.4byte	0x68b
 1082 0678 15       		.uleb128 0x15
 1083 0679 5700     		.ascii	"W\000"
 1084 067b 0C       		.byte	0xc
 1085 067c 95       		.byte	0x95
 1086 067d C3000000 		.4byte	0xc3
 1087 0681 15       		.uleb128 0x15
 1088 0682 4800     		.ascii	"H\000"
 1089 0684 0C       		.byte	0xc
 1090 0685 99       		.byte	0x99
 1091 0686 4F060000 		.4byte	0x64f
 1092 068a 00       		.byte	0
 1093 068b 08       		.uleb128 0x8
 1094 068c 28       		.byte	0x28
 1095 068d 0C       		.byte	0xc
 1096 068e 8C       		.byte	0x8c
 1097 068f 0C070000 		.4byte	0x70c
 1098 0693 06       		.uleb128 0x6
 1099 0694 92000000 		.4byte	.LASF99
 1100 0698 0C       		.byte	0xc
 1101 0699 8E       		.byte	0x8e
 1102 069a 22040000 		.4byte	0x422
 1103 069e 00       		.byte	0
 1104 069f 06       		.uleb128 0x6
 1105 06a0 3D000000 		.4byte	.LASF100
 1106 06a4 0C       		.byte	0xc
 1107 06a5 8F       		.byte	0x8f
 1108 06a6 22040000 		.4byte	0x422
 1109 06aa 04       		.byte	0x4
 1110 06ab 06       		.uleb128 0x6
 1111 06ac A8010000 		.4byte	.LASF101
 1112 06b0 0C       		.byte	0xc
 1113 06b1 90       		.byte	0x90
 1114 06b2 22040000 		.4byte	0x422
 1115 06b6 08       		.byte	0x8
 1116 06b7 06       		.uleb128 0x6
 1117 06b8 37010000 		.4byte	.LASF102
 1118 06bc 0C       		.byte	0xc
 1119 06bd 91       		.byte	0x91
 1120 06be 22040000 		.4byte	0x422
 1121 06c2 0C       		.byte	0xc
 1122 06c3 07       		.uleb128 0x7
 1123 06c4 49445200 		.ascii	"IDR\000"
 1124 06c8 0C       		.byte	0xc
 1125 06c9 92       		.byte	0x92
 1126 06ca 22040000 		.4byte	0x422
ARM GAS  /var/folders/7z/kps_xzfj7sn5l5gkyq8s9db00000gn/T//ccMuvh5S.s 			page 21


 1127 06ce 10       		.byte	0x10
 1128 06cf 07       		.uleb128 0x7
 1129 06d0 4F445200 		.ascii	"ODR\000"
 1130 06d4 0C       		.byte	0xc
 1131 06d5 93       		.byte	0x93
 1132 06d6 22040000 		.4byte	0x422
 1133 06da 14       		.byte	0x14
 1134 06db 06       		.uleb128 0x6
 1135 06dc EA000000 		.4byte	.LASF103
 1136 06e0 0C       		.byte	0xc
 1137 06e1 9A       		.byte	0x9a
 1138 06e2 0C070000 		.4byte	0x70c
 1139 06e6 18       		.byte	0x18
 1140 06e7 06       		.uleb128 0x6
 1141 06e8 2D050000 		.4byte	.LASF104
 1142 06ec 0C       		.byte	0xc
 1143 06ed 9B       		.byte	0x9b
 1144 06ee 22040000 		.4byte	0x422
 1145 06f2 1C       		.byte	0x1c
 1146 06f3 06       		.uleb128 0x6
 1147 06f4 5C040000 		.4byte	.LASF105
 1148 06f8 0C       		.byte	0xc
 1149 06f9 9C       		.byte	0x9c
 1150 06fa 22040000 		.4byte	0x422
 1151 06fe 20       		.byte	0x20
 1152 06ff 06       		.uleb128 0x6
 1153 0700 51040000 		.4byte	.LASF106
 1154 0704 0C       		.byte	0xc
 1155 0705 9D       		.byte	0x9d
 1156 0706 22040000 		.4byte	0x422
 1157 070a 24       		.byte	0x24
 1158 070b 00       		.byte	0
 1159 070c 0D       		.uleb128 0xd
 1160 070d 70060000 		.4byte	0x670
 1161 0711 03       		.uleb128 0x3
 1162 0712 16020000 		.4byte	.LASF107
 1163 0716 0C       		.byte	0xc
 1164 0717 9E       		.byte	0x9e
 1165 0718 8B060000 		.4byte	0x68b
 1166 071c 03       		.uleb128 0x3
 1167 071d 66000000 		.4byte	.LASF108
 1168 0721 0C       		.byte	0xc
 1169 0722 F0       		.byte	0xf0
 1170 0723 C3000000 		.4byte	0xc3
 1171 0727 03       		.uleb128 0x3
 1172 0728 BA060000 		.4byte	.LASF109
 1173 072c 0C       		.byte	0xc
 1174 072d F5       		.byte	0xf5
 1175 072e C3000000 		.4byte	0xc3
 1176 0732 03       		.uleb128 0x3
 1177 0733 E1050000 		.4byte	.LASF110
 1178 0737 0C       		.byte	0xc
 1179 0738 FD       		.byte	0xfd
 1180 0739 3D070000 		.4byte	0x73d
 1181 073d 09       		.uleb128 0x9
 1182 073e 04       		.byte	0x4
 1183 073f 11070000 		.4byte	0x711
ARM GAS  /var/folders/7z/kps_xzfj7sn5l5gkyq8s9db00000gn/T//ccMuvh5S.s 			page 22


 1184 0743 02       		.uleb128 0x2
 1185 0744 08       		.byte	0x8
 1186 0745 04       		.byte	0x4
 1187 0746 CB060000 		.4byte	.LASF111
 1188 074a 02       		.uleb128 0x2
 1189 074b 08       		.byte	0x8
 1190 074c 04       		.byte	0x4
 1191 074d 7E050000 		.4byte	.LASF112
 1192 0751 16       		.uleb128 0x16
 1193 0752 C1010000 		.4byte	.LASF130
 1194 0756 01       		.byte	0x1
 1195 0757 45       		.byte	0x45
 1196 0758 22010000 		.4byte	0x122
 1197 075c 00000000 		.4byte	.LFB122
 1198 0760 24000000 		.4byte	.LFE122-.LFB122
 1199 0764 01       		.uleb128 0x1
 1200 0765 9C       		.byte	0x9c
 1201 0766 98070000 		.4byte	0x798
 1202 076a 17       		.uleb128 0x17
 1203 076b 61726700 		.ascii	"arg\000"
 1204 076f 01       		.byte	0x1
 1205 0770 45       		.byte	0x45
 1206 0771 A8020000 		.4byte	0x2a8
 1207 0775 00000000 		.4byte	.LLST0
 1208 0779 18       		.uleb128 0x18
 1209 077a 14000000 		.4byte	.LVL2
 1210 077e B8080000 		.4byte	0x8b8
 1211 0782 19       		.uleb128 0x19
 1212 0783 01       		.uleb128 0x1
 1213 0784 52       		.byte	0x52
 1214 0785 02       		.uleb128 0x2
 1215 0786 08       		.byte	0x8
 1216 0787 20       		.byte	0x20
 1217 0788 19       		.uleb128 0x19
 1218 0789 01       		.uleb128 0x1
 1219 078a 51       		.byte	0x51
 1220 078b 01       		.uleb128 0x1
 1221 078c 34       		.byte	0x34
 1222 078d 19       		.uleb128 0x19
 1223 078e 01       		.uleb128 0x1
 1224 078f 50       		.byte	0x50
 1225 0790 05       		.uleb128 0x5
 1226 0791 0C       		.byte	0xc
 1227 0792 000C0240 		.4byte	0x40020c00
 1228 0796 00       		.byte	0
 1229 0797 00       		.byte	0
 1230 0798 1A       		.uleb128 0x1a
 1231 0799 0B070000 		.4byte	.LASF114
 1232 079d 01       		.byte	0x1
 1233 079e 34       		.byte	0x34
 1234 079f 00000000 		.4byte	.LFB118
 1235 07a3 28000000 		.4byte	.LFE118-.LFB118
 1236 07a7 01       		.uleb128 0x1
 1237 07a8 9C       		.byte	0x9c
 1238 07a9 BD070000 		.4byte	0x7bd
 1239 07ad 1B       		.uleb128 0x1b
 1240 07ae 32010000 		.4byte	.LASF113
ARM GAS  /var/folders/7z/kps_xzfj7sn5l5gkyq8s9db00000gn/T//ccMuvh5S.s 			page 23


 1241 07b2 01       		.byte	0x1
 1242 07b3 34       		.byte	0x34
 1243 07b4 BD070000 		.4byte	0x7bd
 1244 07b8 21000000 		.4byte	.LLST1
 1245 07bc 00       		.byte	0
 1246 07bd 09       		.uleb128 0x9
 1247 07be 04       		.byte	0x4
 1248 07bf 3F060000 		.4byte	0x63f
 1249 07c3 1A       		.uleb128 0x1a
 1250 07c4 F4010000 		.4byte	.LASF115
 1251 07c8 01       		.byte	0x1
 1252 07c9 39       		.byte	0x39
 1253 07ca 00000000 		.4byte	.LFB119
 1254 07ce 24000000 		.4byte	.LFE119-.LFB119
 1255 07d2 01       		.uleb128 0x1
 1256 07d3 9C       		.byte	0x9c
 1257 07d4 08080000 		.4byte	0x808
 1258 07d8 18       		.uleb128 0x18
 1259 07d9 16000000 		.4byte	.LVL7
 1260 07dd D4080000 		.4byte	0x8d4
 1261 07e1 19       		.uleb128 0x19
 1262 07e2 01       		.uleb128 0x1
 1263 07e3 53       		.byte	0x53
 1264 07e4 05       		.uleb128 0x5
 1265 07e5 03       		.byte	0x3
 1266 07e6 00000000 		.4byte	adc_thread
 1267 07ea 19       		.uleb128 0x19
 1268 07eb 01       		.uleb128 0x1
 1269 07ec 52       		.byte	0x52
 1270 07ed 02       		.uleb128 0x2
 1271 07ee 08       		.byte	0x8
 1272 07ef 40       		.byte	0x40
 1273 07f0 19       		.uleb128 0x19
 1274 07f1 01       		.uleb128 0x1
 1275 07f2 51       		.byte	0x51
 1276 07f3 03       		.uleb128 0x3
 1277 07f4 0A       		.byte	0xa
 1278 07f5 9805     		.2byte	0x598
 1279 07f7 19       		.uleb128 0x19
 1280 07f8 01       		.uleb128 0x1
 1281 07f9 50       		.byte	0x50
 1282 07fa 05       		.uleb128 0x5
 1283 07fb 03       		.byte	0x3
 1284 07fc 00000000 		.4byte	.LANCHOR2
 1285 0800 19       		.uleb128 0x19
 1286 0801 02       		.uleb128 0x2
 1287 0802 7D       		.byte	0x7d
 1288 0803 00       		.sleb128 0
 1289 0804 01       		.uleb128 0x1
 1290 0805 30       		.byte	0x30
 1291 0806 00       		.byte	0
 1292 0807 00       		.byte	0
 1293 0808 1C       		.uleb128 0x1c
 1294 0809 64050000 		.4byte	.LASF116
 1295 080d 01       		.byte	0x1
 1296 080e 3D       		.byte	0x3d
 1297 080f 3E050000 		.4byte	0x53e
ARM GAS  /var/folders/7z/kps_xzfj7sn5l5gkyq8s9db00000gn/T//ccMuvh5S.s 			page 24


 1298 0813 00000000 		.4byte	.LFB120
 1299 0817 0C000000 		.4byte	.LFE120-.LFB120
 1300 081b 01       		.uleb128 0x1
 1301 081c 9C       		.byte	0x9c
 1302 081d 1C       		.uleb128 0x1c
 1303 081e CB030000 		.4byte	.LASF117
 1304 0822 01       		.byte	0x1
 1305 0823 41       		.byte	0x41
 1306 0824 3E050000 		.4byte	0x53e
 1307 0828 00000000 		.4byte	.LFB121
 1308 082c 0C000000 		.4byte	.LFE121-.LFB121
 1309 0830 01       		.uleb128 0x1
 1310 0831 9C       		.byte	0x9c
 1311 0832 1D       		.uleb128 0x1d
 1312 0833 AA020000 		.4byte	0x2aa
 1313 0837 42080000 		.4byte	0x842
 1314 083b 1E       		.uleb128 0x1e
 1315 083c 27040000 		.4byte	0x427
 1316 0840 B2       		.byte	0xb2
 1317 0841 00       		.byte	0
 1318 0842 1F       		.uleb128 0x1f
 1319 0843 9A010000 		.4byte	.LASF118
 1320 0847 01       		.byte	0x1
 1321 0848 2C       		.byte	0x2c
 1322 0849 32080000 		.4byte	0x832
 1323 084d 05       		.uleb128 0x5
 1324 084e 03       		.byte	0x3
 1325 084f 00000000 		.4byte	adc_thread_wa
 1326 0853 1F       		.uleb128 0x1f
 1327 0854 0F020000 		.4byte	.LASF119
 1328 0858 01       		.byte	0x1
 1329 0859 2F       		.byte	0x2f
 1330 085a 64080000 		.4byte	0x864
 1331 085e 05       		.uleb128 0x5
 1332 085f 03       		.byte	0x3
 1333 0860 00000000 		.4byte	config
 1334 0864 0D       		.uleb128 0xd
 1335 0865 3F060000 		.4byte	0x63f
 1336 0869 1F       		.uleb128 0x1f
 1337 086a 74030000 		.4byte	.LASF120
 1338 086e 01       		.byte	0x1
 1339 086f 30       		.byte	0x30
 1340 0870 7A080000 		.4byte	0x87a
 1341 0874 05       		.uleb128 0x5
 1342 0875 03       		.byte	0x3
 1343 0876 00000000 		.4byte	ms_without_power
 1344 087a 0D       		.uleb128 0xd
 1345 087b 3E050000 		.4byte	0x53e
 1346 087f 1F       		.uleb128 0x1f
 1347 0880 58000000 		.4byte	.LASF121
 1348 0884 01       		.byte	0x1
 1349 0885 31       		.byte	0x31
 1350 0886 7A080000 		.4byte	0x87a
 1351 088a 05       		.uleb128 0x5
 1352 088b 03       		.byte	0x3
 1353 088c 00000000 		.4byte	decoded_level
 1354 0890 1F       		.uleb128 0x1f
ARM GAS  /var/folders/7z/kps_xzfj7sn5l5gkyq8s9db00000gn/T//ccMuvh5S.s 			page 25


 1355 0891 19000000 		.4byte	.LASF122
 1356 0895 01       		.byte	0x1
 1357 0896 32       		.byte	0x32
 1358 0897 7A080000 		.4byte	0x87a
 1359 089b 05       		.uleb128 0x5
 1360 089c 03       		.byte	0x3
 1361 089d 00000000 		.4byte	read_voltage
 1362 08a1 20       		.uleb128 0x20
 1363 08a2 73060000 		.4byte	.LASF123
 1364 08a6 09       		.byte	0x9
 1365 08a7 6F       		.byte	0x6f
 1366 08a8 84040000 		.4byte	0x484
 1367 08ac 21       		.uleb128 0x21
 1368 08ad B0000000 		.4byte	.LASF124
 1369 08b1 0D       		.byte	0xd
 1370 08b2 9806     		.2byte	0x698
 1371 08b4 4A060000 		.4byte	0x64a
 1372 08b8 22       		.uleb128 0x22
 1373 08b9 F3050000 		.4byte	.LASF125
 1374 08bd 0C       		.byte	0xc
 1375 08be C201     		.2byte	0x1c2
 1376 08c0 D4080000 		.4byte	0x8d4
 1377 08c4 12       		.uleb128 0x12
 1378 08c5 32070000 		.4byte	0x732
 1379 08c9 12       		.uleb128 0x12
 1380 08ca 1C070000 		.4byte	0x71c
 1381 08ce 12       		.uleb128 0x12
 1382 08cf 27070000 		.4byte	0x727
 1383 08d3 00       		.byte	0
 1384 08d4 23       		.uleb128 0x23
 1385 08d5 F0030000 		.4byte	.LASF126
 1386 08d9 07       		.byte	0x7
 1387 08da 7001     		.2byte	0x170
 1388 08dc 6C020000 		.4byte	0x26c
 1389 08e0 12       		.uleb128 0x12
 1390 08e1 A8020000 		.4byte	0x2a8
 1391 08e5 12       		.uleb128 0x12
 1392 08e6 D9000000 		.4byte	0xd9
 1393 08ea 12       		.uleb128 0x12
 1394 08eb 17010000 		.4byte	0x117
 1395 08ef 12       		.uleb128 0x12
 1396 08f0 1E050000 		.4byte	0x51e
 1397 08f4 12       		.uleb128 0x12
 1398 08f5 A8020000 		.4byte	0x2a8
 1399 08f9 00       		.byte	0
 1400 08fa 00       		.byte	0
 1401              		.section	.debug_abbrev,"",%progbits
 1402              	.Ldebug_abbrev0:
 1403 0000 01       		.uleb128 0x1
 1404 0001 11       		.uleb128 0x11
 1405 0002 01       		.byte	0x1
 1406 0003 25       		.uleb128 0x25
 1407 0004 0E       		.uleb128 0xe
 1408 0005 13       		.uleb128 0x13
 1409 0006 0B       		.uleb128 0xb
 1410 0007 03       		.uleb128 0x3
 1411 0008 0E       		.uleb128 0xe
ARM GAS  /var/folders/7z/kps_xzfj7sn5l5gkyq8s9db00000gn/T//ccMuvh5S.s 			page 26


 1412 0009 1B       		.uleb128 0x1b
 1413 000a 0E       		.uleb128 0xe
 1414 000b 55       		.uleb128 0x55
 1415 000c 17       		.uleb128 0x17
 1416 000d 11       		.uleb128 0x11
 1417 000e 01       		.uleb128 0x1
 1418 000f 10       		.uleb128 0x10
 1419 0010 17       		.uleb128 0x17
 1420 0011 00       		.byte	0
 1421 0012 00       		.byte	0
 1422 0013 02       		.uleb128 0x2
 1423 0014 24       		.uleb128 0x24
 1424 0015 00       		.byte	0
 1425 0016 0B       		.uleb128 0xb
 1426 0017 0B       		.uleb128 0xb
 1427 0018 3E       		.uleb128 0x3e
 1428 0019 0B       		.uleb128 0xb
 1429 001a 03       		.uleb128 0x3
 1430 001b 0E       		.uleb128 0xe
 1431 001c 00       		.byte	0
 1432 001d 00       		.byte	0
 1433 001e 03       		.uleb128 0x3
 1434 001f 16       		.uleb128 0x16
 1435 0020 00       		.byte	0
 1436 0021 03       		.uleb128 0x3
 1437 0022 0E       		.uleb128 0xe
 1438 0023 3A       		.uleb128 0x3a
 1439 0024 0B       		.uleb128 0xb
 1440 0025 3B       		.uleb128 0x3b
 1441 0026 0B       		.uleb128 0xb
 1442 0027 49       		.uleb128 0x49
 1443 0028 13       		.uleb128 0x13
 1444 0029 00       		.byte	0
 1445 002a 00       		.byte	0
 1446 002b 04       		.uleb128 0x4
 1447 002c 24       		.uleb128 0x24
 1448 002d 00       		.byte	0
 1449 002e 0B       		.uleb128 0xb
 1450 002f 0B       		.uleb128 0xb
 1451 0030 3E       		.uleb128 0x3e
 1452 0031 0B       		.uleb128 0xb
 1453 0032 03       		.uleb128 0x3
 1454 0033 08       		.uleb128 0x8
 1455 0034 00       		.byte	0
 1456 0035 00       		.byte	0
 1457 0036 05       		.uleb128 0x5
 1458 0037 13       		.uleb128 0x13
 1459 0038 01       		.byte	0x1
 1460 0039 03       		.uleb128 0x3
 1461 003a 0E       		.uleb128 0xe
 1462 003b 0B       		.uleb128 0xb
 1463 003c 0B       		.uleb128 0xb
 1464 003d 3A       		.uleb128 0x3a
 1465 003e 0B       		.uleb128 0xb
 1466 003f 3B       		.uleb128 0x3b
 1467 0040 0B       		.uleb128 0xb
 1468 0041 01       		.uleb128 0x1
ARM GAS  /var/folders/7z/kps_xzfj7sn5l5gkyq8s9db00000gn/T//ccMuvh5S.s 			page 27


 1469 0042 13       		.uleb128 0x13
 1470 0043 00       		.byte	0
 1471 0044 00       		.byte	0
 1472 0045 06       		.uleb128 0x6
 1473 0046 0D       		.uleb128 0xd
 1474 0047 00       		.byte	0
 1475 0048 03       		.uleb128 0x3
 1476 0049 0E       		.uleb128 0xe
 1477 004a 3A       		.uleb128 0x3a
 1478 004b 0B       		.uleb128 0xb
 1479 004c 3B       		.uleb128 0x3b
 1480 004d 0B       		.uleb128 0xb
 1481 004e 49       		.uleb128 0x49
 1482 004f 13       		.uleb128 0x13
 1483 0050 38       		.uleb128 0x38
 1484 0051 0B       		.uleb128 0xb
 1485 0052 00       		.byte	0
 1486 0053 00       		.byte	0
 1487 0054 07       		.uleb128 0x7
 1488 0055 0D       		.uleb128 0xd
 1489 0056 00       		.byte	0
 1490 0057 03       		.uleb128 0x3
 1491 0058 08       		.uleb128 0x8
 1492 0059 3A       		.uleb128 0x3a
 1493 005a 0B       		.uleb128 0xb
 1494 005b 3B       		.uleb128 0x3b
 1495 005c 0B       		.uleb128 0xb
 1496 005d 49       		.uleb128 0x49
 1497 005e 13       		.uleb128 0x13
 1498 005f 38       		.uleb128 0x38
 1499 0060 0B       		.uleb128 0xb
 1500 0061 00       		.byte	0
 1501 0062 00       		.byte	0
 1502 0063 08       		.uleb128 0x8
 1503 0064 13       		.uleb128 0x13
 1504 0065 01       		.byte	0x1
 1505 0066 0B       		.uleb128 0xb
 1506 0067 0B       		.uleb128 0xb
 1507 0068 3A       		.uleb128 0x3a
 1508 0069 0B       		.uleb128 0xb
 1509 006a 3B       		.uleb128 0x3b
 1510 006b 0B       		.uleb128 0xb
 1511 006c 01       		.uleb128 0x1
 1512 006d 13       		.uleb128 0x13
 1513 006e 00       		.byte	0
 1514 006f 00       		.byte	0
 1515 0070 09       		.uleb128 0x9
 1516 0071 0F       		.uleb128 0xf
 1517 0072 00       		.byte	0
 1518 0073 0B       		.uleb128 0xb
 1519 0074 0B       		.uleb128 0xb
 1520 0075 49       		.uleb128 0x49
 1521 0076 13       		.uleb128 0x13
 1522 0077 00       		.byte	0
 1523 0078 00       		.byte	0
 1524 0079 0A       		.uleb128 0xa
 1525 007a 0F       		.uleb128 0xf
ARM GAS  /var/folders/7z/kps_xzfj7sn5l5gkyq8s9db00000gn/T//ccMuvh5S.s 			page 28


 1526 007b 00       		.byte	0
 1527 007c 0B       		.uleb128 0xb
 1528 007d 0B       		.uleb128 0xb
 1529 007e 00       		.byte	0
 1530 007f 00       		.byte	0
 1531 0080 0B       		.uleb128 0xb
 1532 0081 13       		.uleb128 0x13
 1533 0082 01       		.byte	0x1
 1534 0083 03       		.uleb128 0x3
 1535 0084 0E       		.uleb128 0xe
 1536 0085 0B       		.uleb128 0xb
 1537 0086 0B       		.uleb128 0xb
 1538 0087 3A       		.uleb128 0x3a
 1539 0088 0B       		.uleb128 0xb
 1540 0089 3B       		.uleb128 0x3b
 1541 008a 05       		.uleb128 0x5
 1542 008b 01       		.uleb128 0x1
 1543 008c 13       		.uleb128 0x13
 1544 008d 00       		.byte	0
 1545 008e 00       		.byte	0
 1546 008f 0C       		.uleb128 0xc
 1547 0090 0D       		.uleb128 0xd
 1548 0091 00       		.byte	0
 1549 0092 03       		.uleb128 0x3
 1550 0093 08       		.uleb128 0x8
 1551 0094 3A       		.uleb128 0x3a
 1552 0095 0B       		.uleb128 0xb
 1553 0096 3B       		.uleb128 0x3b
 1554 0097 05       		.uleb128 0x5
 1555 0098 49       		.uleb128 0x49
 1556 0099 13       		.uleb128 0x13
 1557 009a 38       		.uleb128 0x38
 1558 009b 0B       		.uleb128 0xb
 1559 009c 00       		.byte	0
 1560 009d 00       		.byte	0
 1561 009e 0D       		.uleb128 0xd
 1562 009f 35       		.uleb128 0x35
 1563 00a0 00       		.byte	0
 1564 00a1 49       		.uleb128 0x49
 1565 00a2 13       		.uleb128 0x13
 1566 00a3 00       		.byte	0
 1567 00a4 00       		.byte	0
 1568 00a5 0E       		.uleb128 0xe
 1569 00a6 17       		.uleb128 0x17
 1570 00a7 01       		.byte	0x1
 1571 00a8 0B       		.uleb128 0xb
 1572 00a9 0B       		.uleb128 0xb
 1573 00aa 3A       		.uleb128 0x3a
 1574 00ab 0B       		.uleb128 0xb
 1575 00ac 3B       		.uleb128 0x3b
 1576 00ad 0B       		.uleb128 0xb
 1577 00ae 01       		.uleb128 0x1
 1578 00af 13       		.uleb128 0x13
 1579 00b0 00       		.byte	0
 1580 00b1 00       		.byte	0
 1581 00b2 0F       		.uleb128 0xf
 1582 00b3 0D       		.uleb128 0xd
ARM GAS  /var/folders/7z/kps_xzfj7sn5l5gkyq8s9db00000gn/T//ccMuvh5S.s 			page 29


 1583 00b4 00       		.byte	0
 1584 00b5 03       		.uleb128 0x3
 1585 00b6 0E       		.uleb128 0xe
 1586 00b7 3A       		.uleb128 0x3a
 1587 00b8 0B       		.uleb128 0xb
 1588 00b9 3B       		.uleb128 0x3b
 1589 00ba 0B       		.uleb128 0xb
 1590 00bb 49       		.uleb128 0x49
 1591 00bc 13       		.uleb128 0x13
 1592 00bd 00       		.byte	0
 1593 00be 00       		.byte	0
 1594 00bf 10       		.uleb128 0x10
 1595 00c0 26       		.uleb128 0x26
 1596 00c1 00       		.byte	0
 1597 00c2 49       		.uleb128 0x49
 1598 00c3 13       		.uleb128 0x13
 1599 00c4 00       		.byte	0
 1600 00c5 00       		.byte	0
 1601 00c6 11       		.uleb128 0x11
 1602 00c7 15       		.uleb128 0x15
 1603 00c8 01       		.byte	0x1
 1604 00c9 27       		.uleb128 0x27
 1605 00ca 19       		.uleb128 0x19
 1606 00cb 49       		.uleb128 0x49
 1607 00cc 13       		.uleb128 0x13
 1608 00cd 01       		.uleb128 0x1
 1609 00ce 13       		.uleb128 0x13
 1610 00cf 00       		.byte	0
 1611 00d0 00       		.byte	0
 1612 00d1 12       		.uleb128 0x12
 1613 00d2 05       		.uleb128 0x5
 1614 00d3 00       		.byte	0
 1615 00d4 49       		.uleb128 0x49
 1616 00d5 13       		.uleb128 0x13
 1617 00d6 00       		.byte	0
 1618 00d7 00       		.byte	0
 1619 00d8 13       		.uleb128 0x13
 1620 00d9 04       		.uleb128 0x4
 1621 00da 01       		.byte	0x1
 1622 00db 0B       		.uleb128 0xb
 1623 00dc 0B       		.uleb128 0xb
 1624 00dd 3A       		.uleb128 0x3a
 1625 00de 0B       		.uleb128 0xb
 1626 00df 3B       		.uleb128 0x3b
 1627 00e0 0B       		.uleb128 0xb
 1628 00e1 01       		.uleb128 0x1
 1629 00e2 13       		.uleb128 0x13
 1630 00e3 00       		.byte	0
 1631 00e4 00       		.byte	0
 1632 00e5 14       		.uleb128 0x14
 1633 00e6 28       		.uleb128 0x28
 1634 00e7 00       		.byte	0
 1635 00e8 03       		.uleb128 0x3
 1636 00e9 0E       		.uleb128 0xe
 1637 00ea 1C       		.uleb128 0x1c
 1638 00eb 0D       		.uleb128 0xd
 1639 00ec 00       		.byte	0
ARM GAS  /var/folders/7z/kps_xzfj7sn5l5gkyq8s9db00000gn/T//ccMuvh5S.s 			page 30


 1640 00ed 00       		.byte	0
 1641 00ee 15       		.uleb128 0x15
 1642 00ef 0D       		.uleb128 0xd
 1643 00f0 00       		.byte	0
 1644 00f1 03       		.uleb128 0x3
 1645 00f2 08       		.uleb128 0x8
 1646 00f3 3A       		.uleb128 0x3a
 1647 00f4 0B       		.uleb128 0xb
 1648 00f5 3B       		.uleb128 0x3b
 1649 00f6 0B       		.uleb128 0xb
 1650 00f7 49       		.uleb128 0x49
 1651 00f8 13       		.uleb128 0x13
 1652 00f9 00       		.byte	0
 1653 00fa 00       		.byte	0
 1654 00fb 16       		.uleb128 0x16
 1655 00fc 2E       		.uleb128 0x2e
 1656 00fd 01       		.byte	0x1
 1657 00fe 03       		.uleb128 0x3
 1658 00ff 0E       		.uleb128 0xe
 1659 0100 3A       		.uleb128 0x3a
 1660 0101 0B       		.uleb128 0xb
 1661 0102 3B       		.uleb128 0x3b
 1662 0103 0B       		.uleb128 0xb
 1663 0104 27       		.uleb128 0x27
 1664 0105 19       		.uleb128 0x19
 1665 0106 49       		.uleb128 0x49
 1666 0107 13       		.uleb128 0x13
 1667 0108 11       		.uleb128 0x11
 1668 0109 01       		.uleb128 0x1
 1669 010a 12       		.uleb128 0x12
 1670 010b 06       		.uleb128 0x6
 1671 010c 40       		.uleb128 0x40
 1672 010d 18       		.uleb128 0x18
 1673 010e 9742     		.uleb128 0x2117
 1674 0110 19       		.uleb128 0x19
 1675 0111 01       		.uleb128 0x1
 1676 0112 13       		.uleb128 0x13
 1677 0113 00       		.byte	0
 1678 0114 00       		.byte	0
 1679 0115 17       		.uleb128 0x17
 1680 0116 05       		.uleb128 0x5
 1681 0117 00       		.byte	0
 1682 0118 03       		.uleb128 0x3
 1683 0119 08       		.uleb128 0x8
 1684 011a 3A       		.uleb128 0x3a
 1685 011b 0B       		.uleb128 0xb
 1686 011c 3B       		.uleb128 0x3b
 1687 011d 0B       		.uleb128 0xb
 1688 011e 49       		.uleb128 0x49
 1689 011f 13       		.uleb128 0x13
 1690 0120 02       		.uleb128 0x2
 1691 0121 17       		.uleb128 0x17
 1692 0122 00       		.byte	0
 1693 0123 00       		.byte	0
 1694 0124 18       		.uleb128 0x18
 1695 0125 898201   		.uleb128 0x4109
 1696 0128 01       		.byte	0x1
ARM GAS  /var/folders/7z/kps_xzfj7sn5l5gkyq8s9db00000gn/T//ccMuvh5S.s 			page 31


 1697 0129 11       		.uleb128 0x11
 1698 012a 01       		.uleb128 0x1
 1699 012b 31       		.uleb128 0x31
 1700 012c 13       		.uleb128 0x13
 1701 012d 00       		.byte	0
 1702 012e 00       		.byte	0
 1703 012f 19       		.uleb128 0x19
 1704 0130 8A8201   		.uleb128 0x410a
 1705 0133 00       		.byte	0
 1706 0134 02       		.uleb128 0x2
 1707 0135 18       		.uleb128 0x18
 1708 0136 9142     		.uleb128 0x2111
 1709 0138 18       		.uleb128 0x18
 1710 0139 00       		.byte	0
 1711 013a 00       		.byte	0
 1712 013b 1A       		.uleb128 0x1a
 1713 013c 2E       		.uleb128 0x2e
 1714 013d 01       		.byte	0x1
 1715 013e 3F       		.uleb128 0x3f
 1716 013f 19       		.uleb128 0x19
 1717 0140 03       		.uleb128 0x3
 1718 0141 0E       		.uleb128 0xe
 1719 0142 3A       		.uleb128 0x3a
 1720 0143 0B       		.uleb128 0xb
 1721 0144 3B       		.uleb128 0x3b
 1722 0145 0B       		.uleb128 0xb
 1723 0146 27       		.uleb128 0x27
 1724 0147 19       		.uleb128 0x19
 1725 0148 11       		.uleb128 0x11
 1726 0149 01       		.uleb128 0x1
 1727 014a 12       		.uleb128 0x12
 1728 014b 06       		.uleb128 0x6
 1729 014c 40       		.uleb128 0x40
 1730 014d 18       		.uleb128 0x18
 1731 014e 9742     		.uleb128 0x2117
 1732 0150 19       		.uleb128 0x19
 1733 0151 01       		.uleb128 0x1
 1734 0152 13       		.uleb128 0x13
 1735 0153 00       		.byte	0
 1736 0154 00       		.byte	0
 1737 0155 1B       		.uleb128 0x1b
 1738 0156 05       		.uleb128 0x5
 1739 0157 00       		.byte	0
 1740 0158 03       		.uleb128 0x3
 1741 0159 0E       		.uleb128 0xe
 1742 015a 3A       		.uleb128 0x3a
 1743 015b 0B       		.uleb128 0xb
 1744 015c 3B       		.uleb128 0x3b
 1745 015d 0B       		.uleb128 0xb
 1746 015e 49       		.uleb128 0x49
 1747 015f 13       		.uleb128 0x13
 1748 0160 02       		.uleb128 0x2
 1749 0161 17       		.uleb128 0x17
 1750 0162 00       		.byte	0
 1751 0163 00       		.byte	0
 1752 0164 1C       		.uleb128 0x1c
 1753 0165 2E       		.uleb128 0x2e
ARM GAS  /var/folders/7z/kps_xzfj7sn5l5gkyq8s9db00000gn/T//ccMuvh5S.s 			page 32


 1754 0166 00       		.byte	0
 1755 0167 3F       		.uleb128 0x3f
 1756 0168 19       		.uleb128 0x19
 1757 0169 03       		.uleb128 0x3
 1758 016a 0E       		.uleb128 0xe
 1759 016b 3A       		.uleb128 0x3a
 1760 016c 0B       		.uleb128 0xb
 1761 016d 3B       		.uleb128 0x3b
 1762 016e 0B       		.uleb128 0xb
 1763 016f 27       		.uleb128 0x27
 1764 0170 19       		.uleb128 0x19
 1765 0171 49       		.uleb128 0x49
 1766 0172 13       		.uleb128 0x13
 1767 0173 11       		.uleb128 0x11
 1768 0174 01       		.uleb128 0x1
 1769 0175 12       		.uleb128 0x12
 1770 0176 06       		.uleb128 0x6
 1771 0177 40       		.uleb128 0x40
 1772 0178 18       		.uleb128 0x18
 1773 0179 9742     		.uleb128 0x2117
 1774 017b 19       		.uleb128 0x19
 1775 017c 00       		.byte	0
 1776 017d 00       		.byte	0
 1777 017e 1D       		.uleb128 0x1d
 1778 017f 01       		.uleb128 0x1
 1779 0180 01       		.byte	0x1
 1780 0181 49       		.uleb128 0x49
 1781 0182 13       		.uleb128 0x13
 1782 0183 01       		.uleb128 0x1
 1783 0184 13       		.uleb128 0x13
 1784 0185 00       		.byte	0
 1785 0186 00       		.byte	0
 1786 0187 1E       		.uleb128 0x1e
 1787 0188 21       		.uleb128 0x21
 1788 0189 00       		.byte	0
 1789 018a 49       		.uleb128 0x49
 1790 018b 13       		.uleb128 0x13
 1791 018c 2F       		.uleb128 0x2f
 1792 018d 0B       		.uleb128 0xb
 1793 018e 00       		.byte	0
 1794 018f 00       		.byte	0
 1795 0190 1F       		.uleb128 0x1f
 1796 0191 34       		.uleb128 0x34
 1797 0192 00       		.byte	0
 1798 0193 03       		.uleb128 0x3
 1799 0194 0E       		.uleb128 0xe
 1800 0195 3A       		.uleb128 0x3a
 1801 0196 0B       		.uleb128 0xb
 1802 0197 3B       		.uleb128 0x3b
 1803 0198 0B       		.uleb128 0xb
 1804 0199 49       		.uleb128 0x49
 1805 019a 13       		.uleb128 0x13
 1806 019b 02       		.uleb128 0x2
 1807 019c 18       		.uleb128 0x18
 1808 019d 00       		.byte	0
 1809 019e 00       		.byte	0
 1810 019f 20       		.uleb128 0x20
ARM GAS  /var/folders/7z/kps_xzfj7sn5l5gkyq8s9db00000gn/T//ccMuvh5S.s 			page 33


 1811 01a0 34       		.uleb128 0x34
 1812 01a1 00       		.byte	0
 1813 01a2 03       		.uleb128 0x3
 1814 01a3 0E       		.uleb128 0xe
 1815 01a4 3A       		.uleb128 0x3a
 1816 01a5 0B       		.uleb128 0xb
 1817 01a6 3B       		.uleb128 0x3b
 1818 01a7 0B       		.uleb128 0xb
 1819 01a8 49       		.uleb128 0x49
 1820 01a9 13       		.uleb128 0x13
 1821 01aa 3F       		.uleb128 0x3f
 1822 01ab 19       		.uleb128 0x19
 1823 01ac 3C       		.uleb128 0x3c
 1824 01ad 19       		.uleb128 0x19
 1825 01ae 00       		.byte	0
 1826 01af 00       		.byte	0
 1827 01b0 21       		.uleb128 0x21
 1828 01b1 34       		.uleb128 0x34
 1829 01b2 00       		.byte	0
 1830 01b3 03       		.uleb128 0x3
 1831 01b4 0E       		.uleb128 0xe
 1832 01b5 3A       		.uleb128 0x3a
 1833 01b6 0B       		.uleb128 0xb
 1834 01b7 3B       		.uleb128 0x3b
 1835 01b8 05       		.uleb128 0x5
 1836 01b9 49       		.uleb128 0x49
 1837 01ba 13       		.uleb128 0x13
 1838 01bb 3F       		.uleb128 0x3f
 1839 01bc 19       		.uleb128 0x19
 1840 01bd 3C       		.uleb128 0x3c
 1841 01be 19       		.uleb128 0x19
 1842 01bf 00       		.byte	0
 1843 01c0 00       		.byte	0
 1844 01c1 22       		.uleb128 0x22
 1845 01c2 2E       		.uleb128 0x2e
 1846 01c3 01       		.byte	0x1
 1847 01c4 3F       		.uleb128 0x3f
 1848 01c5 19       		.uleb128 0x19
 1849 01c6 03       		.uleb128 0x3
 1850 01c7 0E       		.uleb128 0xe
 1851 01c8 3A       		.uleb128 0x3a
 1852 01c9 0B       		.uleb128 0xb
 1853 01ca 3B       		.uleb128 0x3b
 1854 01cb 05       		.uleb128 0x5
 1855 01cc 27       		.uleb128 0x27
 1856 01cd 19       		.uleb128 0x19
 1857 01ce 3C       		.uleb128 0x3c
 1858 01cf 19       		.uleb128 0x19
 1859 01d0 01       		.uleb128 0x1
 1860 01d1 13       		.uleb128 0x13
 1861 01d2 00       		.byte	0
 1862 01d3 00       		.byte	0
 1863 01d4 23       		.uleb128 0x23
 1864 01d5 2E       		.uleb128 0x2e
 1865 01d6 01       		.byte	0x1
 1866 01d7 3F       		.uleb128 0x3f
 1867 01d8 19       		.uleb128 0x19
ARM GAS  /var/folders/7z/kps_xzfj7sn5l5gkyq8s9db00000gn/T//ccMuvh5S.s 			page 34


 1868 01d9 03       		.uleb128 0x3
 1869 01da 0E       		.uleb128 0xe
 1870 01db 3A       		.uleb128 0x3a
 1871 01dc 0B       		.uleb128 0xb
 1872 01dd 3B       		.uleb128 0x3b
 1873 01de 05       		.uleb128 0x5
 1874 01df 27       		.uleb128 0x27
 1875 01e0 19       		.uleb128 0x19
 1876 01e1 49       		.uleb128 0x49
 1877 01e2 13       		.uleb128 0x13
 1878 01e3 3C       		.uleb128 0x3c
 1879 01e4 19       		.uleb128 0x19
 1880 01e5 00       		.byte	0
 1881 01e6 00       		.byte	0
 1882 01e7 00       		.byte	0
 1883              		.section	.debug_loc,"",%progbits
 1884              	.Ldebug_loc0:
 1885              	.LLST0:
 1886 0000 00000000 		.4byte	.LVL0
 1887 0004 0A000000 		.4byte	.LVL1
 1888 0008 0100     		.2byte	0x1
 1889 000a 50       		.byte	0x50
 1890 000b 0A000000 		.4byte	.LVL1
 1891 000f 24000000 		.4byte	.LFE122
 1892 0013 0400     		.2byte	0x4
 1893 0015 F3       		.byte	0xf3
 1894 0016 01       		.uleb128 0x1
 1895 0017 50       		.byte	0x50
 1896 0018 9F       		.byte	0x9f
 1897 0019 00000000 		.4byte	0
 1898 001d 00000000 		.4byte	0
 1899              	.LLST1:
 1900 0021 00000000 		.4byte	.LVL3
 1901 0025 06000000 		.4byte	.LVL4
 1902 0029 0100     		.2byte	0x1
 1903 002b 50       		.byte	0x50
 1904 002c 06000000 		.4byte	.LVL4
 1905 0030 0E000000 		.4byte	.LVL5
 1906 0034 0300     		.2byte	0x3
 1907 0036 75       		.byte	0x75
 1908 0037 70       		.sleb128 -16
 1909 0038 9F       		.byte	0x9f
 1910 0039 0E000000 		.4byte	.LVL5
 1911 003d 1E000000 		.4byte	.LVL6
 1912 0041 0300     		.2byte	0x3
 1913 0043 75       		.byte	0x75
 1914 0044 60       		.sleb128 -32
 1915 0045 9F       		.byte	0x9f
 1916 0046 1E000000 		.4byte	.LVL6
 1917 004a 28000000 		.4byte	.LFE118
 1918 004e 0400     		.2byte	0x4
 1919 0050 F3       		.byte	0xf3
 1920 0051 01       		.uleb128 0x1
 1921 0052 50       		.byte	0x50
 1922 0053 9F       		.byte	0x9f
 1923 0054 00000000 		.4byte	0
 1924 0058 00000000 		.4byte	0
ARM GAS  /var/folders/7z/kps_xzfj7sn5l5gkyq8s9db00000gn/T//ccMuvh5S.s 			page 35


 1925              		.section	.debug_aranges,"",%progbits
 1926 0000 3C000000 		.4byte	0x3c
 1927 0004 0200     		.2byte	0x2
 1928 0006 00000000 		.4byte	.Ldebug_info0
 1929 000a 04       		.byte	0x4
 1930 000b 00       		.byte	0
 1931 000c 0000     		.2byte	0
 1932 000e 0000     		.2byte	0
 1933 0010 00000000 		.4byte	.LFB122
 1934 0014 24000000 		.4byte	.LFE122-.LFB122
 1935 0018 00000000 		.4byte	.LFB118
 1936 001c 28000000 		.4byte	.LFE118-.LFB118
 1937 0020 00000000 		.4byte	.LFB119
 1938 0024 24000000 		.4byte	.LFE119-.LFB119
 1939 0028 00000000 		.4byte	.LFB120
 1940 002c 0C000000 		.4byte	.LFE120-.LFB120
 1941 0030 00000000 		.4byte	.LFB121
 1942 0034 0C000000 		.4byte	.LFE121-.LFB121
 1943 0038 00000000 		.4byte	0
 1944 003c 00000000 		.4byte	0
 1945              		.section	.debug_ranges,"",%progbits
 1946              	.Ldebug_ranges0:
 1947 0000 00000000 		.4byte	.LFB122
 1948 0004 24000000 		.4byte	.LFE122
 1949 0008 00000000 		.4byte	.LFB118
 1950 000c 28000000 		.4byte	.LFE118
 1951 0010 00000000 		.4byte	.LFB119
 1952 0014 24000000 		.4byte	.LFE119
 1953 0018 00000000 		.4byte	.LFB120
 1954 001c 0C000000 		.4byte	.LFE120
 1955 0020 00000000 		.4byte	.LFB121
 1956 0024 0C000000 		.4byte	.LFE121
 1957 0028 00000000 		.4byte	0
 1958 002c 00000000 		.4byte	0
 1959              		.section	.debug_line,"",%progbits
 1960              	.Ldebug_line0:
 1961 0000 A9020000 		.section	.debug_str,"MS",%progbits,1
 1961      02003D02 
 1961      00000201 
 1961      FB0E0D00 
 1961      01010101 
 1962              	.LASF72:
 1963 0000 7466756E 		.ascii	"tfunc_t\000"
 1963      635F7400 
 1964              	.LASF91:
 1965 0008 766F6C74 		.ascii	"voltage_inverted\000"
 1965      6167655F 
 1965      696E7665 
 1965      72746564 
 1965      00
 1966              	.LASF122:
 1967 0019 72656164 		.ascii	"read_voltage\000"
 1967      5F766F6C 
 1967      74616765 
 1967      00
 1968              	.LASF19:
 1969 0026 73697A65 		.ascii	"size_t\000"
ARM GAS  /var/folders/7z/kps_xzfj7sn5l5gkyq8s9db00000gn/T//ccMuvh5S.s 			page 36


 1969      5F7400
 1970              	.LASF67:
 1971 002d 7264796D 		.ascii	"rdymsg\000"
 1971      736700
 1972              	.LASF18:
 1973 0034 75696E74 		.ascii	"uint64_t\000"
 1973      36345F74 
 1973      00
 1974              	.LASF100:
 1975 003d 4F545950 		.ascii	"OTYPER\000"
 1975      455200
 1976              	.LASF3:
 1977 0044 5F5F7569 		.ascii	"__uint8_t\000"
 1977      6E74385F 
 1977      7400
 1978              	.LASF84:
 1979 004e 6374726C 		.ascii	"ctrl_type\000"
 1979      5F747970 
 1979      6500
 1980              	.LASF121:
 1981 0058 6465636F 		.ascii	"decoded_level\000"
 1981      6465645F 
 1981      6C657665 
 1981      6C00
 1982              	.LASF108:
 1983 0066 696F706F 		.ascii	"ioportmask_t\000"
 1983      72746D61 
 1983      736B5F74 
 1983      00
 1984              	.LASF83:
 1985 0073 6164635F 		.ascii	"adc_control_type\000"
 1985      636F6E74 
 1985      726F6C5F 
 1985      74797065 
 1985      00
 1986              	.LASF86:
 1987 0084 766F6C74 		.ascii	"voltage_start\000"
 1987      6167655F 
 1987      73746172 
 1987      7400
 1988              	.LASF99:
 1989 0092 4D4F4445 		.ascii	"MODER\000"
 1989      5200
 1990              	.LASF49:
 1991 0098 54687265 		.ascii	"ThreadsQueue\000"
 1991      61647351 
 1991      75657565 
 1991      00
 1992              	.LASF89:
 1993 00a5 73616665 		.ascii	"safe_start\000"
 1993      5F737461 
 1993      727400
 1994              	.LASF124:
 1995 00b0 49544D5F 		.ascii	"ITM_RxBuffer\000"
 1995      52784275 
 1995      66666572 
 1995      00
ARM GAS  /var/folders/7z/kps_xzfj7sn5l5gkyq8s9db00000gn/T//ccMuvh5S.s 			page 37


 1996              	.LASF95:
 1997 00bd 74635F6D 		.ascii	"tc_max_diff\000"
 1997      61785F64 
 1997      69666600 
 1998              	.LASF32:
 1999 00c9 705F7072 		.ascii	"p_prio\000"
 1999      696F00
 2000              	.LASF10:
 2001 00d0 6C6F6E67 		.ascii	"long long int\000"
 2001      206C6F6E 
 2001      6720696E 
 2001      7400
 2002              	.LASF0:
 2003 00de 7369676E 		.ascii	"signed char\000"
 2003      65642063 
 2003      68617200 
 2004              	.LASF103:
 2005 00ea 42535252 		.ascii	"BSRR\000"
 2005      00
 2006              	.LASF9:
 2007 00ef 6C6F6E67 		.ascii	"long unsigned int\000"
 2007      20756E73 
 2007      69676E65 
 2007      6420696E 
 2007      7400
 2008              	.LASF48:
 2009 0101 705F6D70 		.ascii	"p_mpool\000"
 2009      6F6F6C00 
 2010              	.LASF12:
 2011 0109 6C6F6E67 		.ascii	"long long unsigned int\000"
 2011      206C6F6E 
 2011      6720756E 
 2011      7369676E 
 2011      65642069 
 2012              	.LASF64:
 2013 0120 6D5F7175 		.ascii	"m_queue\000"
 2013      65756500 
 2014              	.LASF24:
 2015 0128 74736C69 		.ascii	"tslices_t\000"
 2015      6365735F 
 2015      7400
 2016              	.LASF113:
 2017 0132 636F6E66 		.ascii	"conf\000"
 2017      00
 2018              	.LASF102:
 2019 0137 50555044 		.ascii	"PUPDR\000"
 2019      5200
 2020              	.LASF7:
 2021 013d 6C6F6E67 		.ascii	"long int\000"
 2021      20696E74 
 2021      00
 2022              	.LASF22:
 2023 0146 74737461 		.ascii	"tstate_t\000"
 2023      74655F74 
 2023      00
 2024              	.LASF80:
 2025 014f 4144435F 		.ascii	"ADC_CTRL_TYPE_DUTY\000"
ARM GAS  /var/folders/7z/kps_xzfj7sn5l5gkyq8s9db00000gn/T//ccMuvh5S.s 			page 38


 2025      4354524C 
 2025      5F545950 
 2025      455F4455 
 2025      545900
 2026              	.LASF15:
 2027 0162 75696E74 		.ascii	"uint16_t\000"
 2027      31365F74 
 2027      00
 2028              	.LASF34:
 2029 016b 705F6E65 		.ascii	"p_newer\000"
 2029      77657200 
 2030              	.LASF81:
 2031 0173 4144435F 		.ascii	"ADC_CTRL_TYPE_DUTY_REV_CENTER\000"
 2031      4354524C 
 2031      5F545950 
 2031      455F4455 
 2031      54595F52 
 2032              	.LASF68:
 2033 0191 65786974 		.ascii	"exitcode\000"
 2033      636F6465 
 2033      00
 2034              	.LASF118:
 2035 019a 6164635F 		.ascii	"adc_thread_wa\000"
 2035      74687265 
 2035      61645F77 
 2035      6100
 2036              	.LASF101:
 2037 01a8 4F535045 		.ascii	"OSPEEDR\000"
 2037      45445200 
 2038              	.LASF59:
 2039 01b0 725F6E65 		.ascii	"r_newer\000"
 2039      77657200 
 2040              	.LASF51:
 2041 01b8 72656761 		.ascii	"regarm_t\000"
 2041      726D5F74 
 2041      00
 2042              	.LASF130:
 2043 01c1 6164635F 		.ascii	"adc_thread\000"
 2043      74687265 
 2043      616400
 2044              	.LASF129:
 2045 01cc 2F557365 		.ascii	"/Users/Baram/oroca_bldc_dev/oroca_bldc/\000"
 2045      72732F42 
 2045      6172616D 
 2045      2F6F726F 
 2045      63615F62 
 2046              	.LASF115:
 2047 01f4 6170705F 		.ascii	"app_adc_start\000"
 2047      6164635F 
 2047      73746172 
 2047      7400
 2048              	.LASF13:
 2049 0202 756E7369 		.ascii	"unsigned int\000"
 2049      676E6564 
 2049      20696E74 
 2049      00
 2050              	.LASF119:
ARM GAS  /var/folders/7z/kps_xzfj7sn5l5gkyq8s9db00000gn/T//ccMuvh5S.s 			page 39


 2051 020f 636F6E66 		.ascii	"config\000"
 2051      696700
 2052              	.LASF107:
 2053 0216 4750494F 		.ascii	"GPIO_TypeDef\000"
 2053      5F547970 
 2053      65446566 
 2053      00
 2054              	.LASF127:
 2055 0223 474E5520 		.ascii	"GNU C 4.9.3 20150303 (release) [ARM/embedded-4_9-br"
 2055      4320342E 
 2055      392E3320 
 2055      32303135 
 2055      30333033 
 2056 0256 616E6368 		.ascii	"anch revision 221220] -mcpu=cortex-m4 -mfloat-abi=h"
 2056      20726576 
 2056      6973696F 
 2056      6E203232 
 2056      31323230 
 2057 0289 61726420 		.ascii	"ard -mfpu=fpv4-sp-d16 -mno-thumb-interwork -mthumb "
 2057      2D6D6670 
 2057      753D6670 
 2057      76342D73 
 2057      702D6431 
 2058 02bc 2D676764 		.ascii	"-ggdb -O2 -std=gnu99 -fomit-frame-pointer -falign-f"
 2058      62202D4F 
 2058      32202D73 
 2058      74643D67 
 2058      6E753939 
 2059 02ef 756E6374 		.ascii	"unctions=16 -ffunction-sections -fdata-sections -fn"
 2059      696F6E73 
 2059      3D313620 
 2059      2D666675 
 2059      6E637469 
 2060 0322 6F2D636F 		.ascii	"o-common -fsingle-precision-constant\000"
 2060      6D6D6F6E 
 2060      202D6673 
 2060      696E676C 
 2060      652D7072 
 2061              	.LASF54:
 2062 0347 636F6E74 		.ascii	"context\000"
 2062      65787400 
 2063              	.LASF5:
 2064 034f 73686F72 		.ascii	"short unsigned int\000"
 2064      7420756E 
 2064      7369676E 
 2064      65642069 
 2064      6E7400
 2065              	.LASF87:
 2066 0362 766F6C74 		.ascii	"voltage_end\000"
 2066      6167655F 
 2066      656E6400 
 2067              	.LASF26:
 2068 036e 6D73675F 		.ascii	"msg_t\000"
 2068      7400
 2069              	.LASF120:
 2070 0374 6D735F77 		.ascii	"ms_without_power\000"
 2070      6974686F 
ARM GAS  /var/folders/7z/kps_xzfj7sn5l5gkyq8s9db00000gn/T//ccMuvh5S.s 			page 40


 2070      75745F70 
 2070      6F776572 
 2070      00
 2071              	.LASF96:
 2072 0385 75706461 		.ascii	"update_rate_hz\000"
 2072      74655F72 
 2072      6174655F 
 2072      687A00
 2073              	.LASF21:
 2074 0394 746D6F64 		.ascii	"tmode_t\000"
 2074      655F7400 
 2075              	.LASF97:
 2076 039c 6164635F 		.ascii	"adc_config\000"
 2076      636F6E66 
 2076      696700
 2077              	.LASF50:
 2078 03a7 54687265 		.ascii	"ThreadsList\000"
 2078      6164734C 
 2078      69737400 
 2079              	.LASF27:
 2080 03b3 6576656E 		.ascii	"eventmask_t\000"
 2080      746D6173 
 2080      6B5F7400 
 2081              	.LASF93:
 2082 03bf 72706D5F 		.ascii	"rpm_lim_end\000"
 2082      6C696D5F 
 2082      656E6400 
 2083              	.LASF117:
 2084 03cb 6170705F 		.ascii	"app_adc_get_voltage\000"
 2084      6164635F 
 2084      6765745F 
 2084      766F6C74 
 2084      61676500 
 2085              	.LASF63:
 2086 03df 4D757465 		.ascii	"Mutex\000"
 2086      7800
 2087              	.LASF52:
 2088 03e5 73746B61 		.ascii	"stkalign_t\000"
 2088      6C69676E 
 2088      5F7400
 2089              	.LASF126:
 2090 03f0 63685468 		.ascii	"chThdCreateStatic\000"
 2090      64437265 
 2090      61746553 
 2090      74617469 
 2090      6300
 2091              	.LASF16:
 2092 0402 696E7433 		.ascii	"int32_t\000"
 2092      325F7400 
 2093              	.LASF55:
 2094 040a 73697A65 		.ascii	"sizetype\000"
 2094      74797065 
 2094      00
 2095              	.LASF85:
 2096 0413 68797374 		.ascii	"hyst\000"
 2096      00
 2097              	.LASF35:
ARM GAS  /var/folders/7z/kps_xzfj7sn5l5gkyq8s9db00000gn/T//ccMuvh5S.s 			page 41


 2098 0418 705F6F6C 		.ascii	"p_older\000"
 2098      64657200 
 2099              	.LASF58:
 2100 0420 725F6374 		.ascii	"r_ctx\000"
 2100      7800
 2101              	.LASF61:
 2102 0426 725F6375 		.ascii	"r_current\000"
 2102      7272656E 
 2102      7400
 2103              	.LASF60:
 2104 0430 725F6F6C 		.ascii	"r_older\000"
 2104      64657200 
 2105              	.LASF92:
 2106 0438 72706D5F 		.ascii	"rpm_lim_start\000"
 2106      6C696D5F 
 2106      73746172 
 2106      7400
 2107              	.LASF11:
 2108 0446 5F5F7569 		.ascii	"__uint64_t\000"
 2108      6E743634 
 2108      5F7400
 2109              	.LASF106:
 2110 0451 41465248 		.ascii	"AFRH\000"
 2110      00
 2111              	.LASF73:
 2112 0456 666C6F61 		.ascii	"float\000"
 2112      7400
 2113              	.LASF105:
 2114 045c 4146524C 		.ascii	"AFRL\000"
 2114      00
 2115              	.LASF23:
 2116 0461 74726566 		.ascii	"trefs_t\000"
 2116      735F7400 
 2117              	.LASF31:
 2118 0469 705F7072 		.ascii	"p_prev\000"
 2118      657600
 2119              	.LASF88:
 2120 0470 7573655F 		.ascii	"use_filter\000"
 2120      66696C74 
 2120      657200
 2121              	.LASF25:
 2122 047b 74707269 		.ascii	"tprio_t\000"
 2122      6F5F7400 
 2123              	.LASF77:
 2124 0483 4144435F 		.ascii	"ADC_CTRL_TYPE_CURRENT_REV_BUTTON\000"
 2124      4354524C 
 2124      5F545950 
 2124      455F4355 
 2124      5252454E 
 2125              	.LASF20:
 2126 04a4 5F426F6F 		.ascii	"_Bool\000"
 2126      6C00
 2127              	.LASF94:
 2128 04aa 6D756C74 		.ascii	"multi_esc\000"
 2128      695F6573 
 2128      6300
 2129              	.LASF1:
ARM GAS  /var/folders/7z/kps_xzfj7sn5l5gkyq8s9db00000gn/T//ccMuvh5S.s 			page 42


 2130 04b4 756E7369 		.ascii	"unsigned char\000"
 2130      676E6564 
 2130      20636861 
 2130      7200
 2131              	.LASF46:
 2132 04c2 705F6D74 		.ascii	"p_mtxlist\000"
 2132      786C6973 
 2132      7400
 2133              	.LASF2:
 2134 04cc 73686F72 		.ascii	"short int\000"
 2134      7420696E 
 2134      7400
 2135              	.LASF37:
 2136 04d6 705F7374 		.ascii	"p_state\000"
 2136      61746500 
 2137              	.LASF76:
 2138 04de 4144435F 		.ascii	"ADC_CTRL_TYPE_CURRENT_REV_CENTER\000"
 2138      4354524C 
 2138      5F545950 
 2138      455F4355 
 2138      5252454E 
 2139              	.LASF40:
 2140 04ff 705F7072 		.ascii	"p_preempt\000"
 2140      65656D70 
 2140      7400
 2141              	.LASF57:
 2142 0509 725F7072 		.ascii	"r_prio\000"
 2142      696F00
 2143              	.LASF70:
 2144 0510 65776D61 		.ascii	"ewmask\000"
 2144      736B00
 2145              	.LASF30:
 2146 0517 705F6E65 		.ascii	"p_next\000"
 2146      787400
 2147              	.LASF38:
 2148 051e 705F666C 		.ascii	"p_flags\000"
 2148      61677300 
 2149              	.LASF29:
 2150 0526 54687265 		.ascii	"Thread\000"
 2150      616400
 2151              	.LASF104:
 2152 052d 4C434B52 		.ascii	"LCKR\000"
 2152      00
 2153              	.LASF45:
 2154 0532 705F6570 		.ascii	"p_epending\000"
 2154      656E6469 
 2154      6E6700
 2155              	.LASF98:
 2156 053d 636C6561 		.ascii	"clear\000"
 2156      7200
 2157              	.LASF17:
 2158 0543 75696E74 		.ascii	"uint32_t\000"
 2158      33325F74 
 2158      00
 2159              	.LASF56:
 2160 054c 725F7175 		.ascii	"r_queue\000"
 2160      65756500 
ARM GAS  /var/folders/7z/kps_xzfj7sn5l5gkyq8s9db00000gn/T//ccMuvh5S.s 			page 43


 2161              	.LASF90:
 2162 0554 62757474 		.ascii	"button_inverted\000"
 2162      6F6E5F69 
 2162      6E766572 
 2162      74656400 
 2163              	.LASF116:
 2164 0564 6170705F 		.ascii	"app_adc_get_decoded_level\000"
 2164      6164635F 
 2164      6765745F 
 2164      6465636F 
 2164      6465645F 
 2165              	.LASF112:
 2166 057e 6C6F6E67 		.ascii	"long double\000"
 2166      20646F75 
 2166      626C6500 
 2167              	.LASF71:
 2168 058a 63686172 		.ascii	"char\000"
 2168      00
 2169              	.LASF4:
 2170 058f 5F5F7569 		.ascii	"__uint16_t\000"
 2170      6E743136 
 2170      5F7400
 2171              	.LASF66:
 2172 059a 6D5F6E65 		.ascii	"m_next\000"
 2172      787400
 2173              	.LASF28:
 2174 05a1 73797374 		.ascii	"systime_t\000"
 2174      696D655F 
 2174      7400
 2175              	.LASF47:
 2176 05ab 705F7265 		.ascii	"p_realprio\000"
 2176      616C7072 
 2176      696F00
 2177              	.LASF6:
 2178 05b6 5F5F696E 		.ascii	"__int32_t\000"
 2178      7433325F 
 2178      7400
 2179              	.LASF8:
 2180 05c0 5F5F7569 		.ascii	"__uint32_t\000"
 2180      6E743332 
 2180      5F7400
 2181              	.LASF75:
 2182 05cb 4144435F 		.ascii	"ADC_CTRL_TYPE_CURRENT\000"
 2182      4354524C 
 2182      5F545950 
 2182      455F4355 
 2182      5252454E 
 2183              	.LASF110:
 2184 05e1 696F706F 		.ascii	"ioportid_t\000"
 2184      72746964 
 2184      5F7400
 2185              	.LASF41:
 2186 05ec 705F7469 		.ascii	"p_time\000"
 2186      6D6500
 2187              	.LASF125:
 2188 05f3 5F70616C 		.ascii	"_pal_lld_setgroupmode\000"
 2188      5F6C6C64 
ARM GAS  /var/folders/7z/kps_xzfj7sn5l5gkyq8s9db00000gn/T//ccMuvh5S.s 			page 44


 2188      5F736574 
 2188      67726F75 
 2188      706D6F64 
 2189              	.LASF53:
 2190 0609 696E7463 		.ascii	"intctx\000"
 2190      747800
 2191              	.LASF43:
 2192 0610 705F6D73 		.ascii	"p_msgqueue\000"
 2192      67717565 
 2192      756500
 2193              	.LASF82:
 2194 061b 4144435F 		.ascii	"ADC_CTRL_TYPE_DUTY_REV_BUTTON\000"
 2194      4354524C 
 2194      5F545950 
 2194      455F4455 
 2194      54595F52 
 2195              	.LASF39:
 2196 0639 705F7265 		.ascii	"p_refs\000"
 2196      667300
 2197              	.LASF79:
 2198 0640 4144435F 		.ascii	"ADC_CTRL_TYPE_CURRENT_NOREV_BRAKE_BUTTON\000"
 2198      4354524C 
 2198      5F545950 
 2198      455F4355 
 2198      5252454E 
 2199              	.LASF62:
 2200 0669 52656164 		.ascii	"ReadyList\000"
 2200      794C6973 
 2200      7400
 2201              	.LASF123:
 2202 0673 726C6973 		.ascii	"rlist\000"
 2202      7400
 2203              	.LASF14:
 2204 0679 75696E74 		.ascii	"uint8_t\000"
 2204      385F7400 
 2205              	.LASF69:
 2206 0681 77746F62 		.ascii	"wtobjp\000"
 2206      6A7000
 2207              	.LASF36:
 2208 0688 705F6E61 		.ascii	"p_name\000"
 2208      6D6500
 2209              	.LASF74:
 2210 068f 4144435F 		.ascii	"ADC_CTRL_TYPE_NONE\000"
 2210      4354524C 
 2210      5F545950 
 2210      455F4E4F 
 2210      4E4500
 2211              	.LASF44:
 2212 06a2 705F6D73 		.ascii	"p_msg\000"
 2212      6700
 2213              	.LASF128:
 2214 06a8 6C69622F 		.ascii	"lib/app/app_adc.c\000"
 2214      6170702F 
 2214      6170705F 
 2214      6164632E 
 2214      6300
 2215              	.LASF109:
ARM GAS  /var/folders/7z/kps_xzfj7sn5l5gkyq8s9db00000gn/T//ccMuvh5S.s 			page 45


 2216 06ba 696F6D6F 		.ascii	"iomode_t\000"
 2216      64655F74 
 2216      00
 2217              	.LASF65:
 2218 06c3 6D5F6F77 		.ascii	"m_owner\000"
 2218      6E657200 
 2219              	.LASF111:
 2220 06cb 646F7562 		.ascii	"double\000"
 2220      6C6500
 2221              	.LASF78:
 2222 06d2 4144435F 		.ascii	"ADC_CTRL_TYPE_CURRENT_NOREV_BRAKE_CENTER\000"
 2222      4354524C 
 2222      5F545950 
 2222      455F4355 
 2222      5252454E 
 2223              	.LASF33:
 2224 06fb 705F6374 		.ascii	"p_ctx\000"
 2224      7800
 2225              	.LASF42:
 2226 0701 705F7761 		.ascii	"p_waiting\000"
 2226      6974696E 
 2226      6700
 2227              	.LASF114:
 2228 070b 6170705F 		.ascii	"app_adc_configure\000"
 2228      6164635F 
 2228      636F6E66 
 2228      69677572 
 2228      6500
 2229              		.ident	"GCC: (GNU Tools for ARM Embedded Processors) 4.9.3 20150303 (release) [ARM/embedded-4_9-br
ARM GAS  /var/folders/7z/kps_xzfj7sn5l5gkyq8s9db00000gn/T//ccMuvh5S.s 			page 46


DEFINED SYMBOLS
                            *ABS*:0000000000000000 app_adc.c
/var/folders/7z/kps_xzfj7sn5l5gkyq8s9db00000gn/T//ccMuvh5S.s:21     .text.adc_thread:0000000000000000 $t
/var/folders/7z/kps_xzfj7sn5l5gkyq8s9db00000gn/T//ccMuvh5S.s:26     .text.adc_thread:0000000000000000 adc_thread
/var/folders/7z/kps_xzfj7sn5l5gkyq8s9db00000gn/T//ccMuvh5S.s:59     .text.adc_thread:0000000000000018 $d
/var/folders/7z/kps_xzfj7sn5l5gkyq8s9db00000gn/T//ccMuvh5S.s:66     .text.app_adc_configure:0000000000000000 $t
/var/folders/7z/kps_xzfj7sn5l5gkyq8s9db00000gn/T//ccMuvh5S.s:72     .text.app_adc_configure:0000000000000000 app_adc_configure
/var/folders/7z/kps_xzfj7sn5l5gkyq8s9db00000gn/T//ccMuvh5S.s:117    .text.app_adc_configure:0000000000000020 $d
/var/folders/7z/kps_xzfj7sn5l5gkyq8s9db00000gn/T//ccMuvh5S.s:123    .text.app_adc_start:0000000000000000 $t
/var/folders/7z/kps_xzfj7sn5l5gkyq8s9db00000gn/T//ccMuvh5S.s:129    .text.app_adc_start:0000000000000000 app_adc_start
/var/folders/7z/kps_xzfj7sn5l5gkyq8s9db00000gn/T//ccMuvh5S.s:157    .text.app_adc_start:000000000000001c $d
/var/folders/7z/kps_xzfj7sn5l5gkyq8s9db00000gn/T//ccMuvh5S.s:163    .text.app_adc_get_decoded_level:0000000000000000 $t
/var/folders/7z/kps_xzfj7sn5l5gkyq8s9db00000gn/T//ccMuvh5S.s:169    .text.app_adc_get_decoded_level:0000000000000000 app_adc_get_decoded_level
/var/folders/7z/kps_xzfj7sn5l5gkyq8s9db00000gn/T//ccMuvh5S.s:184    .text.app_adc_get_decoded_level:0000000000000008 $d
/var/folders/7z/kps_xzfj7sn5l5gkyq8s9db00000gn/T//ccMuvh5S.s:189    .text.app_adc_get_voltage:0000000000000000 $t
/var/folders/7z/kps_xzfj7sn5l5gkyq8s9db00000gn/T//ccMuvh5S.s:195    .text.app_adc_get_voltage:0000000000000000 app_adc_get_voltage
/var/folders/7z/kps_xzfj7sn5l5gkyq8s9db00000gn/T//ccMuvh5S.s:210    .text.app_adc_get_voltage:0000000000000008 $d
/var/folders/7z/kps_xzfj7sn5l5gkyq8s9db00000gn/T//ccMuvh5S.s:215    .bss.read_voltage:0000000000000000 $d
/var/folders/7z/kps_xzfj7sn5l5gkyq8s9db00000gn/T//ccMuvh5S.s:219    .bss.read_voltage:0000000000000000 read_voltage
/var/folders/7z/kps_xzfj7sn5l5gkyq8s9db00000gn/T//ccMuvh5S.s:222    .bss.ms_without_power:0000000000000000 $d
/var/folders/7z/kps_xzfj7sn5l5gkyq8s9db00000gn/T//ccMuvh5S.s:226    .bss.ms_without_power:0000000000000000 ms_without_power
/var/folders/7z/kps_xzfj7sn5l5gkyq8s9db00000gn/T//ccMuvh5S.s:229    .rodata.str1.4:0000000000000000 $d
/var/folders/7z/kps_xzfj7sn5l5gkyq8s9db00000gn/T//ccMuvh5S.s:233    .bss.config:0000000000000000 $d
/var/folders/7z/kps_xzfj7sn5l5gkyq8s9db00000gn/T//ccMuvh5S.s:237    .bss.config:0000000000000000 config
/var/folders/7z/kps_xzfj7sn5l5gkyq8s9db00000gn/T//ccMuvh5S.s:240    .bss.decoded_level:0000000000000000 $d
/var/folders/7z/kps_xzfj7sn5l5gkyq8s9db00000gn/T//ccMuvh5S.s:244    .bss.decoded_level:0000000000000000 decoded_level
/var/folders/7z/kps_xzfj7sn5l5gkyq8s9db00000gn/T//ccMuvh5S.s:247    .bss.adc_thread_wa:0000000000000000 $d
/var/folders/7z/kps_xzfj7sn5l5gkyq8s9db00000gn/T//ccMuvh5S.s:251    .bss.adc_thread_wa:0000000000000000 adc_thread_wa
                     .debug_frame:0000000000000010 $d
/var/folders/7z/kps_xzfj7sn5l5gkyq8s9db00000gn/T//ccMuvh5S.s:65     .text.adc_thread:0000000000000024 $t
/var/folders/7z/kps_xzfj7sn5l5gkyq8s9db00000gn/T//ccMuvh5S.s:122    .text.app_adc_configure:0000000000000028 $t
/var/folders/7z/kps_xzfj7sn5l5gkyq8s9db00000gn/T//ccMuvh5S.s:162    .text.app_adc_start:0000000000000024 $t
/var/folders/7z/kps_xzfj7sn5l5gkyq8s9db00000gn/T//ccMuvh5S.s:188    .text.app_adc_get_decoded_level:000000000000000c $t
/var/folders/7z/kps_xzfj7sn5l5gkyq8s9db00000gn/T//ccMuvh5S.s:214    .text.app_adc_get_voltage:000000000000000c $t

UNDEFINED SYMBOLS
_pal_lld_setgroupmode
rlist
chThdCreateStatic
