ARM GAS  /var/folders/bz/nn5481rn5xq59rb0mbj7x0880000gn/T//cczq85z6.s 			page 1


   1              		.syntax unified
   2              		.cpu cortex-m4
   3              		.eabi_attribute 27, 1
   4              		.eabi_attribute 28, 1
   5              		.fpu fpv4-sp-d16
   6              		.eabi_attribute 20, 1
   7              		.eabi_attribute 21, 1
   8              		.eabi_attribute 23, 3
   9              		.eabi_attribute 24, 1
  10              		.eabi_attribute 25, 1
  11              		.eabi_attribute 26, 1
  12              		.eabi_attribute 30, 2
  13              		.eabi_attribute 34, 1
  14              		.eabi_attribute 18, 4
  15              		.thumb
  16              		.file	"chheap.c"
  17              		.text
  18              	.Ltext0:
  19              		.cfi_sections	.debug_frame
  20              		.section	.text._heap_init,"ax",%progbits
  21              		.align	2
  22              		.p2align 4,,15
  23              		.global	_heap_init
  24              		.thumb
  25              		.thumb_func
  26              		.type	_heap_init, %function
  27              	_heap_init:
  28              	.LFB7:
  29              		.file 1 "lib/ChibiOS_2.6.6/os/kernel/src/chheap.c"
  30              		.loc 1 75 0
  31              		.cfi_startproc
  32              		@ args = 0, pretend = 0, frame = 0
  33              		@ frame_needed = 0, uses_anonymous_args = 0
  34              		@ link register save eliminated.
  35              		.loc 1 76 0
  36 0000 044B     		ldr	r3, .L2
  37 0002 054A     		ldr	r2, .L2+4
  38 0004 1A60     		str	r2, [r3]
  39              		.loc 1 80 0
  40 0006 03F11000 		add	r0, r3, #16
  41              		.loc 1 77 0
  42 000a 0022     		movs	r2, #0
  43 000c 9A60     		str	r2, [r3, #8]
  44              		.loc 1 78 0
  45 000e DA60     		str	r2, [r3, #12]
  46              		.loc 1 80 0
  47 0010 FFF7FEBF 		b	chMtxInit
  48              	.LVL0:
  49              	.L3:
  50              		.align	2
  51              	.L2:
  52 0014 00000000 		.word	.LANCHOR0
  53 0018 00000000 		.word	chCoreAlloc
  54              		.cfi_endproc
  55              	.LFE7:
  56              		.size	_heap_init, .-_heap_init
  57              		.section	.text.chHeapInit,"ax",%progbits
ARM GAS  /var/folders/bz/nn5481rn5xq59rb0mbj7x0880000gn/T//cczq85z6.s 			page 2


  58              		.align	2
  59              		.p2align 4,,15
  60              		.global	chHeapInit
  61              		.thumb
  62              		.thumb_func
  63              		.type	chHeapInit, %function
  64              	chHeapInit:
  65              	.LFB8:
  66              		.loc 1 99 0
  67              		.cfi_startproc
  68              		@ args = 0, pretend = 0, frame = 0
  69              		@ frame_needed = 0, uses_anonymous_args = 0
  70              		@ link register save eliminated.
  71              	.LVL1:
  72              		.loc 1 104 0
  73 0000 0023     		movs	r3, #0
  74              		.loc 1 108 0
  75 0002 083A     		subs	r2, r2, #8
  76              	.LVL2:
  77              		.loc 1 105 0
  78 0004 8160     		str	r1, [r0, #8]
  79              		.loc 1 104 0
  80 0006 0360     		str	r3, [r0]
  81              	.LVL3:
  82              		.loc 1 106 0
  83 0008 C360     		str	r3, [r0, #12]
  84              		.loc 1 110 0
  85 000a 1030     		adds	r0, r0, #16
  86              	.LVL4:
  87              		.loc 1 108 0
  88 000c 4A60     		str	r2, [r1, #4]
  89              		.loc 1 107 0
  90 000e 0B60     		str	r3, [r1]
  91              		.loc 1 110 0
  92 0010 FFF7FEBF 		b	chMtxInit
  93              	.LVL5:
  94              		.cfi_endproc
  95              	.LFE8:
  96              		.size	chHeapInit, .-chHeapInit
  97              		.section	.text.chHeapAlloc,"ax",%progbits
  98              		.align	2
  99              		.p2align 4,,15
 100              		.global	chHeapAlloc
 101              		.thumb
 102              		.thumb_func
 103              		.type	chHeapAlloc, %function
 104              	chHeapAlloc:
 105              	.LFB9:
 106              		.loc 1 132 0
 107              		.cfi_startproc
 108              		@ args = 0, pretend = 0, frame = 0
 109              		@ frame_needed = 0, uses_anonymous_args = 0
 110              	.LVL6:
 111 0000 F8B5     		push	{r3, r4, r5, r6, r7, lr}
 112              		.cfi_def_cfa_offset 24
 113              		.cfi_offset 3, -24
 114              		.cfi_offset 4, -20
ARM GAS  /var/folders/bz/nn5481rn5xq59rb0mbj7x0880000gn/T//cczq85z6.s 			page 3


 115              		.cfi_offset 5, -16
 116              		.cfi_offset 6, -12
 117              		.cfi_offset 7, -8
 118              		.cfi_offset 14, -4
 119              		.loc 1 136 0
 120 0002 1E4E     		ldr	r6, .L21
 121 0004 0028     		cmp	r0, #0
 122 0006 18BF     		it	ne
 123 0008 0646     		movne	r6, r0
 124              	.LVL7:
 125              		.loc 1 138 0
 126 000a 0731     		adds	r1, r1, #7
 127              	.LVL8:
 128              		.loc 1 140 0
 129 000c 06F11000 		add	r0, r6, #16
 130              		.loc 1 138 0
 131 0010 21F00705 		bic	r5, r1, #7
 132              	.LVL9:
 133              		.loc 1 139 0
 134 0014 06F10804 		add	r4, r6, #8
 135              	.LVL10:
 136              		.loc 1 140 0
 137 0018 FFF7FEFF 		bl	chMtxLock
 138              	.LVL11:
 139              		.loc 1 142 0
 140 001c 03E0     		b	.L7
 141              	.LVL12:
 142              	.L11:
 143              		.loc 1 144 0
 144 001e 4368     		ldr	r3, [r0, #4]
 145 0020 9D42     		cmp	r5, r3
 146 0022 11D9     		bls	.L20
 147 0024 0446     		mov	r4, r0
 148              	.LVL13:
 149              	.L7:
 150              		.loc 1 142 0
 151 0026 2068     		ldr	r0, [r4]
 152              	.LVL14:
 153 0028 0028     		cmp	r0, #0
 154 002a F8D1     		bne	.L11
 155              		.loc 1 167 0
 156 002c FFF7FEFF 		bl	chMtxUnlock
 157              	.LVL15:
 158              		.loc 1 171 0
 159 0030 3368     		ldr	r3, [r6]
 160 0032 0BB3     		cbz	r3, .L13
 161              		.loc 1 172 0
 162 0034 05F10800 		add	r0, r5, #8
 163 0038 9847     		blx	r3
 164              	.LVL16:
 165              		.loc 1 173 0
 166 003a E8B1     		cbz	r0, .L13
 167              		.loc 1 174 0
 168 003c 0660     		str	r6, [r0]
 169              		.loc 1 175 0
 170 003e 4560     		str	r5, [r0, #4]
 171              		.loc 1 176 0
ARM GAS  /var/folders/bz/nn5481rn5xq59rb0mbj7x0880000gn/T//cczq85z6.s 			page 4


 172 0040 00F10804 		add	r4, r0, #8
 173              	.LVL17:
 174              	.L10:
 175              		.loc 1 181 0
 176 0044 2046     		mov	r0, r4
 177 0046 F8BD     		pop	{r3, r4, r5, r6, r7, pc}
 178              	.LVL18:
 179              	.L20:
 180              		.loc 1 145 0
 181 0048 05F10802 		add	r2, r5, #8
 182 004c 9A42     		cmp	r2, r3
 183 004e 08D9     		bls	.L8
 184              		.loc 1 149 0
 185 0050 0368     		ldr	r3, [r0]
 186 0052 2360     		str	r3, [r4]
 187              	.L9:
 188              		.loc 1 159 0
 189 0054 0446     		mov	r4, r0
 190              	.LVL19:
 191 0056 44F8086B 		str	r6, [r4], #8
 192              		.loc 1 161 0
 193 005a FFF7FEFF 		bl	chMtxUnlock
 194              	.LVL20:
 195              		.loc 1 181 0
 196 005e 2046     		mov	r0, r4
 197 0060 F8BD     		pop	{r3, r4, r5, r6, r7, pc}
 198              	.LVL21:
 199              	.L8:
 200 0062 6FF00701 		mvn	r1, #7
 201 0066 491B     		subs	r1, r1, r5
 202              		.loc 1 153 0
 203 0068 8718     		adds	r7, r0, r2
 204              	.LVL22:
 205              		.loc 1 155 0
 206 006a 0B44     		add	r3, r3, r1
 207              		.loc 1 154 0
 208 006c 0168     		ldr	r1, [r0]
 209 006e 8150     		str	r1, [r0, r2]
 210              		.loc 1 155 0
 211 0070 7B60     		str	r3, [r7, #4]
 212              		.loc 1 156 0
 213 0072 2760     		str	r7, [r4]
 214              		.loc 1 157 0
 215 0074 4560     		str	r5, [r0, #4]
 216 0076 EDE7     		b	.L9
 217              	.LVL23:
 218              	.L13:
 219              		.loc 1 180 0
 220 0078 0024     		movs	r4, #0
 221              	.LVL24:
 222 007a E3E7     		b	.L10
 223              	.L22:
 224              		.align	2
 225              	.L21:
 226 007c 00000000 		.word	.LANCHOR0
 227              		.cfi_endproc
 228              	.LFE9:
ARM GAS  /var/folders/bz/nn5481rn5xq59rb0mbj7x0880000gn/T//cczq85z6.s 			page 5


 229              		.size	chHeapAlloc, .-chHeapAlloc
 230              		.section	.text.chHeapFree,"ax",%progbits
 231              		.align	2
 232              		.p2align 4,,15
 233              		.global	chHeapFree
 234              		.thumb
 235              		.thumb_func
 236              		.type	chHeapFree, %function
 237              	chHeapFree:
 238              	.LFB10:
 239              		.loc 1 194 0
 240              		.cfi_startproc
 241              		@ args = 0, pretend = 0, frame = 0
 242              		@ frame_needed = 0, uses_anonymous_args = 0
 243              	.LVL25:
 244 0000 70B5     		push	{r4, r5, r6, lr}
 245              		.cfi_def_cfa_offset 16
 246              		.cfi_offset 4, -16
 247              		.cfi_offset 5, -12
 248              		.cfi_offset 6, -8
 249              		.cfi_offset 14, -4
 250              		.loc 1 194 0
 251 0002 0646     		mov	r6, r0
 252              		.loc 1 200 0
 253 0004 A0F10804 		sub	r4, r0, #8
 254              	.LVL26:
 255              		.loc 1 201 0
 256 0008 50F8080C 		ldr	r0, [r0, #-8]
 257              	.LVL27:
 258              		.loc 1 202 0
 259 000c 00F10805 		add	r5, r0, #8
 260              	.LVL28:
 261              		.loc 1 203 0
 262 0010 1030     		adds	r0, r0, #16
 263              	.LVL29:
 264 0012 FFF7FEFF 		bl	chMtxLock
 265              	.LVL30:
 266              		.loc 1 202 0
 267 0016 2B46     		mov	r3, r5
 268              	.LVL31:
 269              	.L30:
 270              		.loc 1 210 0
 271 0018 AB42     		cmp	r3, r5
 272 001a 04D0     		beq	.L24
 273              	.L36:
 274              		.loc 1 210 0 is_stmt 0 discriminator 2
 275 001c A342     		cmp	r3, r4
 276 001e 02D3     		bcc	.L24
 277 0020 1B68     		ldr	r3, [r3]
 278              	.LVL32:
 279              		.loc 1 210 0
 280 0022 AB42     		cmp	r3, r5
 281 0024 FAD1     		bne	.L36
 282              	.L24:
 283              		.loc 1 211 0 is_stmt 1 discriminator 3
 284 0026 1A68     		ldr	r2, [r3]
 285              		.loc 1 210 0 discriminator 3
ARM GAS  /var/folders/bz/nn5481rn5xq59rb0mbj7x0880000gn/T//cczq85z6.s 			page 6


 286 0028 1AB1     		cbz	r2, .L26
 287              		.loc 1 211 0
 288 002a 9442     		cmp	r4, r2
 289 002c 01D3     		bcc	.L26
 290 002e 1346     		mov	r3, r2
 291              	.LVL33:
 292              		.loc 1 229 0
 293 0030 F2E7     		b	.L30
 294              	.LVL34:
 295              	.L26:
 296              		.loc 1 216 0
 297 0032 56F8041C 		ldr	r1, [r6, #-4]
 298              		.loc 1 213 0
 299 0036 46F8082C 		str	r2, [r6, #-8]
 300              		.loc 1 214 0
 301 003a 1C60     		str	r4, [r3]
 302              		.loc 1 216 0
 303 003c 01F10802 		add	r2, r1, #8
 304 0040 56F8085C 		ldr	r5, [r6, #-8]
 305              	.LVL35:
 306 0044 A018     		adds	r0, r4, r2
 307 0046 A842     		cmp	r0, r5
 308 0048 09D0     		beq	.L37
 309              		.loc 1 221 0
 310 004a 5968     		ldr	r1, [r3, #4]
 311 004c 01F10802 		add	r2, r1, #8
 312 0050 1A44     		add	r2, r2, r3
 313 0052 9442     		cmp	r4, r2
 314 0054 11D0     		beq	.L38
 315              	.L29:
 316              		.loc 1 233 0
 317 0056 BDE87040 		pop	{r4, r5, r6, lr}
 318              		.cfi_remember_state
 319              		.cfi_restore 14
 320              		.cfi_restore 6
 321              		.cfi_restore 5
 322              		.cfi_restore 4
 323              		.cfi_def_cfa_offset 0
 324              	.LVL36:
 325              		.loc 1 231 0
 326 005a FFF7FEBF 		b	chMtxUnlock
 327              	.LVL37:
 328              	.L37:
 329              		.cfi_restore_state
 330              		.loc 1 218 0
 331 005e 4068     		ldr	r0, [r0, #4]
 332              		.loc 1 219 0
 333 0060 A258     		ldr	r2, [r4, r2]
 334 0062 46F8082C 		str	r2, [r6, #-8]
 335              		.loc 1 218 0
 336 0066 0A18     		adds	r2, r1, r0
 337 0068 0832     		adds	r2, r2, #8
 338 006a 46F8042C 		str	r2, [r6, #-4]
 339              		.loc 1 221 0
 340 006e 5968     		ldr	r1, [r3, #4]
 341 0070 01F10802 		add	r2, r1, #8
 342 0074 1A44     		add	r2, r2, r3
ARM GAS  /var/folders/bz/nn5481rn5xq59rb0mbj7x0880000gn/T//cczq85z6.s 			page 7


 343 0076 9442     		cmp	r4, r2
 344 0078 EDD1     		bne	.L29
 345              	.L38:
 346              		.loc 1 224 0
 347 007a 16E90500 		ldmdb	r6, {r0, r2}
 348              		.loc 1 223 0
 349 007e 0A44     		add	r2, r2, r1
 350 0080 0832     		adds	r2, r2, #8
 351              		.loc 1 224 0
 352 0082 1860     		str	r0, [r3]
 353              		.loc 1 223 0
 354 0084 5A60     		str	r2, [r3, #4]
 355              		.loc 1 233 0
 356 0086 BDE87040 		pop	{r4, r5, r6, lr}
 357              		.cfi_restore 4
 358              		.cfi_restore 5
 359              		.cfi_restore 6
 360              		.cfi_restore 14
 361              		.cfi_def_cfa_offset 0
 362              	.LVL38:
 363              		.loc 1 231 0
 364 008a FFF7FEBF 		b	chMtxUnlock
 365              	.LVL39:
 366              		.cfi_endproc
 367              	.LFE10:
 368              		.size	chHeapFree, .-chHeapFree
 369 008e 00BF     		.section	.text.chHeapStatus,"ax",%progbits
 370              		.align	2
 371              		.p2align 4,,15
 372              		.global	chHeapStatus
 373              		.thumb
 374              		.thumb_func
 375              		.type	chHeapStatus, %function
 376              	chHeapStatus:
 377              	.LFB11:
 378              		.loc 1 250 0
 379              		.cfi_startproc
 380              		@ args = 0, pretend = 0, frame = 0
 381              		@ frame_needed = 0, uses_anonymous_args = 0
 382              	.LVL40:
 383 0000 38B5     		push	{r3, r4, r5, lr}
 384              		.cfi_def_cfa_offset 16
 385              		.cfi_offset 3, -16
 386              		.cfi_offset 4, -12
 387              		.cfi_offset 5, -8
 388              		.cfi_offset 14, -4
 389              		.loc 1 255 0
 390 0002 0E4C     		ldr	r4, .L50
 391 0004 0028     		cmp	r0, #0
 392 0006 18BF     		it	ne
 393 0008 0446     		movne	r4, r0
 394              	.LVL41:
 395              		.loc 1 257 0
 396 000a 04F11000 		add	r0, r4, #16
 397              		.loc 1 250 0
 398 000e 0D46     		mov	r5, r1
 399              		.loc 1 257 0
ARM GAS  /var/folders/bz/nn5481rn5xq59rb0mbj7x0880000gn/T//cczq85z6.s 			page 8


 400 0010 FFF7FEFF 		bl	chMtxLock
 401              	.LVL42:
 402              		.loc 1 260 0
 403 0014 A368     		ldr	r3, [r4, #8]
 404 0016 6BB1     		cbz	r3, .L44
 405              		.loc 1 260 0 is_stmt 0 discriminator 3
 406 0018 0022     		movs	r2, #0
 407 001a 1446     		mov	r4, r2
 408              	.LVL43:
 409              	.L42:
 410              		.loc 1 261 0 is_stmt 1 discriminator 3
 411 001c 5868     		ldr	r0, [r3, #4]
 412              		.loc 1 260 0 discriminator 3
 413 001e 1B68     		ldr	r3, [r3]
 414 0020 0134     		adds	r4, r4, #1
 415              	.LVL44:
 416              		.loc 1 261 0 discriminator 3
 417 0022 0244     		add	r2, r2, r0
 418              	.LVL45:
 419              		.loc 1 260 0 discriminator 3
 420 0024 002B     		cmp	r3, #0
 421 0026 F9D1     		bne	.L42
 422              	.LVL46:
 423              	.L41:
 424              		.loc 1 262 0
 425 0028 05B1     		cbz	r5, .L43
 426              		.loc 1 263 0
 427 002a 2A60     		str	r2, [r5]
 428              	.L43:
 429              		.loc 1 265 0
 430 002c FFF7FEFF 		bl	chMtxUnlock
 431              	.LVL47:
 432              		.loc 1 267 0
 433 0030 2046     		mov	r0, r4
 434 0032 38BD     		pop	{r3, r4, r5, pc}
 435              	.LVL48:
 436              	.L44:
 437              		.loc 1 259 0
 438 0034 1A46     		mov	r2, r3
 439              		.loc 1 260 0
 440 0036 1C46     		mov	r4, r3
 441              	.LVL49:
 442 0038 F6E7     		b	.L41
 443              	.L51:
 444 003a 00BF     		.align	2
 445              	.L50:
 446 003c 00000000 		.word	.LANCHOR0
 447              		.cfi_endproc
 448              	.LFE11:
 449              		.size	chHeapStatus, .-chHeapStatus
 450              		.section	.bss.default_heap,"aw",%nobits
 451              		.align	3
 452              		.set	.LANCHOR0,. + 0
 453              		.type	default_heap, %object
 454              		.size	default_heap, 32
 455              	default_heap:
 456 0000 00000000 		.space	32
ARM GAS  /var/folders/bz/nn5481rn5xq59rb0mbj7x0880000gn/T//cczq85z6.s 			page 9


 456      00000000 
 456      00000000 
 456      00000000 
 456      00000000 
 457              		.text
 458              	.Letext0:
 459              		.file 2 "/Users/imac/Downloads/gcc-arm-none-eabi-4_9-2015q2/lib/gcc/arm-none-eabi/4.9.3/include/st
 460              		.file 3 "/Users/imac/Downloads/gcc-arm-none-eabi-4_9-2015q2/arm-none-eabi/include/machine/_default
 461              		.file 4 "/Users/imac/Downloads/gcc-arm-none-eabi-4_9-2015q2/arm-none-eabi/include/sys/_stdint.h"
 462              		.file 5 "lib/ChibiOS_2.6.6/os/ports/GCC/ARMCMx/chtypes.h"
 463              		.file 6 "lib/ChibiOS_2.6.6/os/kernel/include/chlists.h"
 464              		.file 7 "lib/ChibiOS_2.6.6/os/kernel/include/chthreads.h"
 465              		.file 8 "lib/ChibiOS_2.6.6/os/ports/GCC/ARMCMx/chcore_v7m.h"
 466              		.file 9 "lib/ChibiOS_2.6.6/os/kernel/include/chmtx.h"
 467              		.file 10 "lib/ChibiOS_2.6.6/os/kernel/include/chmemcore.h"
 468              		.file 11 "lib/ChibiOS_2.6.6/os/kernel/include/chheap.h"
 469              		.section	.debug_info,"",%progbits
 470              	.Ldebug_info0:
 471 0000 C6070000 		.4byte	0x7c6
 472 0004 0400     		.2byte	0x4
 473 0006 00000000 		.4byte	.Ldebug_abbrev0
 474 000a 04       		.byte	0x4
 475 000b 01       		.uleb128 0x1
 476 000c F8020000 		.4byte	.LASF83
 477 0010 01       		.byte	0x1
 478 0011 DA000000 		.4byte	.LASF84
 479 0015 03010000 		.4byte	.LASF85
 480 0019 00000000 		.4byte	.Ldebug_ranges0+0
 481 001d 00000000 		.4byte	0
 482 0021 00000000 		.4byte	.Ldebug_line0
 483 0025 02       		.uleb128 0x2
 484 0026 04       		.byte	0x4
 485 0027 05       		.byte	0x5
 486 0028 696E7400 		.ascii	"int\000"
 487 002c 03       		.uleb128 0x3
 488 002d 06000000 		.4byte	.LASF2
 489 0031 02       		.byte	0x2
 490 0032 D4       		.byte	0xd4
 491 0033 37000000 		.4byte	0x37
 492 0037 04       		.uleb128 0x4
 493 0038 04       		.byte	0x4
 494 0039 07       		.byte	0x7
 495 003a 44010000 		.4byte	.LASF0
 496 003e 04       		.uleb128 0x4
 497 003f 01       		.byte	0x1
 498 0040 06       		.byte	0x6
 499 0041 89000000 		.4byte	.LASF1
 500 0045 03       		.uleb128 0x3
 501 0046 1D000000 		.4byte	.LASF3
 502 004a 03       		.byte	0x3
 503 004b 1D       		.byte	0x1d
 504 004c 50000000 		.4byte	0x50
 505 0050 04       		.uleb128 0x4
 506 0051 01       		.byte	0x1
 507 0052 08       		.byte	0x8
 508 0053 26020000 		.4byte	.LASF4
 509 0057 04       		.uleb128 0x4
ARM GAS  /var/folders/bz/nn5481rn5xq59rb0mbj7x0880000gn/T//cczq85z6.s 			page 10


 510 0058 02       		.byte	0x2
 511 0059 05       		.byte	0x5
 512 005a 49020000 		.4byte	.LASF5
 513 005e 04       		.uleb128 0x4
 514 005f 02       		.byte	0x2
 515 0060 07       		.byte	0x7
 516 0061 70010000 		.4byte	.LASF6
 517 0065 03       		.uleb128 0x3
 518 0066 EE020000 		.4byte	.LASF7
 519 006a 03       		.byte	0x3
 520 006b 3F       		.byte	0x3f
 521 006c 70000000 		.4byte	0x70
 522 0070 04       		.uleb128 0x4
 523 0071 04       		.byte	0x4
 524 0072 05       		.byte	0x5
 525 0073 C0000000 		.4byte	.LASF8
 526 0077 03       		.uleb128 0x3
 527 0078 2A010000 		.4byte	.LASF9
 528 007c 03       		.byte	0x3
 529 007d 41       		.byte	0x41
 530 007e 82000000 		.4byte	0x82
 531 0082 04       		.uleb128 0x4
 532 0083 04       		.byte	0x4
 533 0084 07       		.byte	0x7
 534 0085 51010000 		.4byte	.LASF10
 535 0089 04       		.uleb128 0x4
 536 008a 08       		.byte	0x8
 537 008b 05       		.byte	0x5
 538 008c 7B000000 		.4byte	.LASF11
 539 0090 03       		.uleb128 0x3
 540 0091 F6010000 		.4byte	.LASF12
 541 0095 03       		.byte	0x3
 542 0096 5B       		.byte	0x5b
 543 0097 9B000000 		.4byte	0x9b
 544 009b 04       		.uleb128 0x4
 545 009c 08       		.byte	0x8
 546 009d 07       		.byte	0x7
 547 009e 34000000 		.4byte	.LASF13
 548 00a2 03       		.uleb128 0x3
 549 00a3 46040000 		.4byte	.LASF14
 550 00a7 04       		.byte	0x4
 551 00a8 14       		.byte	0x14
 552 00a9 45000000 		.4byte	0x45
 553 00ad 03       		.uleb128 0x3
 554 00ae 1E020000 		.4byte	.LASF15
 555 00b2 04       		.byte	0x4
 556 00b3 1F       		.byte	0x1f
 557 00b4 65000000 		.4byte	0x65
 558 00b8 03       		.uleb128 0x3
 559 00b9 A5020000 		.4byte	.LASF16
 560 00bd 04       		.byte	0x4
 561 00be 20       		.byte	0x20
 562 00bf 77000000 		.4byte	0x77
 563 00c3 03       		.uleb128 0x3
 564 00c4 14000000 		.4byte	.LASF17
 565 00c8 04       		.byte	0x4
 566 00c9 26       		.byte	0x26
ARM GAS  /var/folders/bz/nn5481rn5xq59rb0mbj7x0880000gn/T//cczq85z6.s 			page 11


 567 00ca 90000000 		.4byte	0x90
 568 00ce 04       		.uleb128 0x4
 569 00cf 01       		.byte	0x1
 570 00d0 02       		.byte	0x2
 571 00d1 18020000 		.4byte	.LASF18
 572 00d5 03       		.uleb128 0x3
 573 00d6 92010000 		.4byte	.LASF19
 574 00da 05       		.byte	0x5
 575 00db 2C       		.byte	0x2c
 576 00dc A2000000 		.4byte	0xa2
 577 00e0 03       		.uleb128 0x3
 578 00e1 C9000000 		.4byte	.LASF20
 579 00e5 05       		.byte	0x5
 580 00e6 2D       		.byte	0x2d
 581 00e7 A2000000 		.4byte	0xa2
 582 00eb 03       		.uleb128 0x3
 583 00ec 01020000 		.4byte	.LASF21
 584 00f0 05       		.byte	0x5
 585 00f1 2E       		.byte	0x2e
 586 00f2 A2000000 		.4byte	0xa2
 587 00f6 03       		.uleb128 0x3
 588 00f7 B6000000 		.4byte	.LASF22
 589 00fb 05       		.byte	0x5
 590 00fc 2F       		.byte	0x2f
 591 00fd A2000000 		.4byte	0xa2
 592 0101 03       		.uleb128 0x3
 593 0102 10020000 		.4byte	.LASF23
 594 0106 05       		.byte	0x5
 595 0107 30       		.byte	0x30
 596 0108 B8000000 		.4byte	0xb8
 597 010c 03       		.uleb128 0x3
 598 010d 83010000 		.4byte	.LASF24
 599 0111 05       		.byte	0x5
 600 0112 31       		.byte	0x31
 601 0113 AD000000 		.4byte	0xad
 602 0117 03       		.uleb128 0x3
 603 0118 A6010000 		.4byte	.LASF25
 604 011c 05       		.byte	0x5
 605 011d 33       		.byte	0x33
 606 011e B8000000 		.4byte	0xb8
 607 0122 03       		.uleb128 0x3
 608 0123 D9020000 		.4byte	.LASF26
 609 0127 05       		.byte	0x5
 610 0128 35       		.byte	0x35
 611 0129 B8000000 		.4byte	0xb8
 612 012d 03       		.uleb128 0x3
 613 012e 87020000 		.4byte	.LASF27
 614 0132 06       		.byte	0x6
 615 0133 2A       		.byte	0x2a
 616 0134 38010000 		.4byte	0x138
 617 0138 05       		.uleb128 0x5
 618 0139 87020000 		.4byte	.LASF27
 619 013d 48       		.byte	0x48
 620 013e 07       		.byte	0x7
 621 013f 5E       		.byte	0x5e
 622 0140 35020000 		.4byte	0x235
 623 0144 06       		.uleb128 0x6
ARM GAS  /var/folders/bz/nn5481rn5xq59rb0mbj7x0880000gn/T//cczq85z6.s 			page 12


 624 0145 78020000 		.4byte	.LASF28
 625 0149 07       		.byte	0x7
 626 014a 5F       		.byte	0x5f
 627 014b 56020000 		.4byte	0x256
 628 014f 00       		.byte	0
 629 0150 06       		.uleb128 0x6
 630 0151 09020000 		.4byte	.LASF29
 631 0155 07       		.byte	0x7
 632 0156 61       		.byte	0x61
 633 0157 56020000 		.4byte	0x256
 634 015b 04       		.byte	0x4
 635 015c 06       		.uleb128 0x6
 636 015d 74000000 		.4byte	.LASF30
 637 0161 07       		.byte	0x7
 638 0162 63       		.byte	0x63
 639 0163 01010000 		.4byte	0x101
 640 0167 08       		.byte	0x8
 641 0168 06       		.uleb128 0x6
 642 0169 75040000 		.4byte	.LASF31
 643 016d 07       		.byte	0x7
 644 016e 64       		.byte	0x64
 645 016f EB030000 		.4byte	0x3eb
 646 0173 0C       		.byte	0xc
 647 0174 06       		.uleb128 0x6
 648 0175 D2000000 		.4byte	.LASF32
 649 0179 07       		.byte	0x7
 650 017a 66       		.byte	0x66
 651 017b 56020000 		.4byte	0x256
 652 017f 10       		.byte	0x10
 653 0180 06       		.uleb128 0x6
 654 0181 D6010000 		.4byte	.LASF33
 655 0185 07       		.byte	0x7
 656 0186 67       		.byte	0x67
 657 0187 56020000 		.4byte	0x256
 658 018b 14       		.byte	0x14
 659 018c 06       		.uleb128 0x6
 660 018d 5B040000 		.4byte	.LASF34
 661 0191 07       		.byte	0x7
 662 0192 6E       		.byte	0x6e
 663 0193 56050000 		.4byte	0x556
 664 0197 18       		.byte	0x18
 665 0198 06       		.uleb128 0x6
 666 0199 53020000 		.4byte	.LASF35
 667 019d 07       		.byte	0x7
 668 019e 79       		.byte	0x79
 669 019f E0000000 		.4byte	0xe0
 670 01a3 1C       		.byte	0x1c
 671 01a4 06       		.uleb128 0x6
 672 01a5 7F020000 		.4byte	.LASF36
 673 01a9 07       		.byte	0x7
 674 01aa 7D       		.byte	0x7d
 675 01ab D5000000 		.4byte	0xd5
 676 01af 1D       		.byte	0x1d
 677 01b0 06       		.uleb128 0x6
 678 01b1 3F040000 		.4byte	.LASF37
 679 01b5 07       		.byte	0x7
 680 01b6 82       		.byte	0x82
ARM GAS  /var/folders/bz/nn5481rn5xq59rb0mbj7x0880000gn/T//cczq85z6.s 			page 13


 681 01b7 EB000000 		.4byte	0xeb
 682 01bb 1E       		.byte	0x1e
 683 01bc 06       		.uleb128 0x6
 684 01bd 5B020000 		.4byte	.LASF38
 685 01c1 07       		.byte	0x7
 686 01c2 88       		.byte	0x88
 687 01c3 F6000000 		.4byte	0xf6
 688 01c7 1F       		.byte	0x1f
 689 01c8 06       		.uleb128 0x6
 690 01c9 1C040000 		.4byte	.LASF39
 691 01cd 07       		.byte	0x7
 692 01ce 8F       		.byte	0x8f
 693 01cf 13040000 		.4byte	0x413
 694 01d3 20       		.byte	0x20
 695 01d4 07       		.uleb128 0x7
 696 01d5 705F7500 		.ascii	"p_u\000"
 697 01d9 07       		.byte	0x7
 698 01da B4       		.byte	0xb4
 699 01db 21050000 		.4byte	0x521
 700 01df 24       		.byte	0x24
 701 01e0 06       		.uleb128 0x6
 702 01e1 7B040000 		.4byte	.LASF40
 703 01e5 07       		.byte	0x7
 704 01e6 B9       		.byte	0xb9
 705 01e7 7C020000 		.4byte	0x27c
 706 01eb 28       		.byte	0x28
 707 01ec 06       		.uleb128 0x6
 708 01ed 2A040000 		.4byte	.LASF41
 709 01f1 07       		.byte	0x7
 710 01f2 BF       		.byte	0xbf
 711 01f3 5C020000 		.4byte	0x25c
 712 01f7 2C       		.byte	0x2c
 713 01f8 06       		.uleb128 0x6
 714 01f9 00000000 		.4byte	.LASF42
 715 01fd 07       		.byte	0x7
 716 01fe C3       		.byte	0xc3
 717 01ff 0C010000 		.4byte	0x10c
 718 0203 34       		.byte	0x34
 719 0204 06       		.uleb128 0x6
 720 0205 9A020000 		.4byte	.LASF43
 721 0209 07       		.byte	0x7
 722 020a C9       		.byte	0xc9
 723 020b 17010000 		.4byte	0x117
 724 020f 38       		.byte	0x38
 725 0210 06       		.uleb128 0x6
 726 0211 3F020000 		.4byte	.LASF44
 727 0215 07       		.byte	0x7
 728 0216 D0       		.byte	0xd0
 729 0217 68050000 		.4byte	0x568
 730 021b 3C       		.byte	0x3c
 731 021c 06       		.uleb128 0x6
 732 021d E3020000 		.4byte	.LASF45
 733 0221 07       		.byte	0x7
 734 0222 D4       		.byte	0xd4
 735 0223 01010000 		.4byte	0x101
 736 0227 40       		.byte	0x40
 737 0228 06       		.uleb128 0x6
ARM GAS  /var/folders/bz/nn5481rn5xq59rb0mbj7x0880000gn/T//cczq85z6.s 			page 14


 738 0229 9B000000 		.4byte	.LASF46
 739 022d 07       		.byte	0x7
 740 022e DA       		.byte	0xda
 741 022f 92020000 		.4byte	0x292
 742 0233 44       		.byte	0x44
 743 0234 00       		.byte	0
 744 0235 08       		.uleb128 0x8
 745 0236 08       		.byte	0x8
 746 0237 06       		.byte	0x6
 747 0238 61       		.byte	0x61
 748 0239 56020000 		.4byte	0x256
 749 023d 06       		.uleb128 0x6
 750 023e 78020000 		.4byte	.LASF28
 751 0242 06       		.byte	0x6
 752 0243 62       		.byte	0x62
 753 0244 56020000 		.4byte	0x256
 754 0248 00       		.byte	0
 755 0249 06       		.uleb128 0x6
 756 024a 09020000 		.4byte	.LASF29
 757 024e 06       		.byte	0x6
 758 024f 64       		.byte	0x64
 759 0250 56020000 		.4byte	0x256
 760 0254 04       		.byte	0x4
 761 0255 00       		.byte	0
 762 0256 09       		.uleb128 0x9
 763 0257 04       		.byte	0x4
 764 0258 2D010000 		.4byte	0x12d
 765 025c 03       		.uleb128 0x3
 766 025d DE010000 		.4byte	.LASF47
 767 0261 06       		.byte	0x6
 768 0262 66       		.byte	0x66
 769 0263 35020000 		.4byte	0x235
 770 0267 08       		.uleb128 0x8
 771 0268 04       		.byte	0x4
 772 0269 06       		.byte	0x6
 773 026a 6B       		.byte	0x6b
 774 026b 7C020000 		.4byte	0x27c
 775 026f 06       		.uleb128 0x6
 776 0270 78020000 		.4byte	.LASF28
 777 0274 06       		.byte	0x6
 778 0275 6D       		.byte	0x6d
 779 0276 56020000 		.4byte	0x256
 780 027a 00       		.byte	0
 781 027b 00       		.byte	0
 782 027c 03       		.uleb128 0x3
 783 027d 9A010000 		.4byte	.LASF48
 784 0281 06       		.byte	0x6
 785 0282 70       		.byte	0x70
 786 0283 67020000 		.4byte	0x267
 787 0287 03       		.uleb128 0x3
 788 0288 35010000 		.4byte	.LASF49
 789 028c 08       		.byte	0x8
 790 028d E5       		.byte	0xe5
 791 028e 92020000 		.4byte	0x292
 792 0292 0A       		.uleb128 0xa
 793 0293 04       		.byte	0x4
 794 0294 03       		.uleb128 0x3
ARM GAS  /var/folders/bz/nn5481rn5xq59rb0mbj7x0880000gn/T//cczq85z6.s 			page 15


 795 0295 B8010000 		.4byte	.LASF50
 796 0299 08       		.byte	0x8
 797 029a EB       		.byte	0xeb
 798 029b C3000000 		.4byte	0xc3
 799 029f 0B       		.uleb128 0xb
 800 02a0 23040000 		.4byte	.LASF51
 801 02a4 64       		.byte	0x64
 802 02a5 08       		.byte	0x8
 803 02a6 0C01     		.2byte	0x10c
 804 02a8 EB030000 		.4byte	0x3eb
 805 02ac 0C       		.uleb128 0xc
 806 02ad 73313600 		.ascii	"s16\000"
 807 02b1 08       		.byte	0x8
 808 02b2 0E01     		.2byte	0x10e
 809 02b4 87020000 		.4byte	0x287
 810 02b8 00       		.byte	0
 811 02b9 0C       		.uleb128 0xc
 812 02ba 73313700 		.ascii	"s17\000"
 813 02be 08       		.byte	0x8
 814 02bf 0F01     		.2byte	0x10f
 815 02c1 87020000 		.4byte	0x287
 816 02c5 04       		.byte	0x4
 817 02c6 0C       		.uleb128 0xc
 818 02c7 73313800 		.ascii	"s18\000"
 819 02cb 08       		.byte	0x8
 820 02cc 1001     		.2byte	0x110
 821 02ce 87020000 		.4byte	0x287
 822 02d2 08       		.byte	0x8
 823 02d3 0C       		.uleb128 0xc
 824 02d4 73313900 		.ascii	"s19\000"
 825 02d8 08       		.byte	0x8
 826 02d9 1101     		.2byte	0x111
 827 02db 87020000 		.4byte	0x287
 828 02df 0C       		.byte	0xc
 829 02e0 0C       		.uleb128 0xc
 830 02e1 73323000 		.ascii	"s20\000"
 831 02e5 08       		.byte	0x8
 832 02e6 1201     		.2byte	0x112
 833 02e8 87020000 		.4byte	0x287
 834 02ec 10       		.byte	0x10
 835 02ed 0C       		.uleb128 0xc
 836 02ee 73323100 		.ascii	"s21\000"
 837 02f2 08       		.byte	0x8
 838 02f3 1301     		.2byte	0x113
 839 02f5 87020000 		.4byte	0x287
 840 02f9 14       		.byte	0x14
 841 02fa 0C       		.uleb128 0xc
 842 02fb 73323200 		.ascii	"s22\000"
 843 02ff 08       		.byte	0x8
 844 0300 1401     		.2byte	0x114
 845 0302 87020000 		.4byte	0x287
 846 0306 18       		.byte	0x18
 847 0307 0C       		.uleb128 0xc
 848 0308 73323300 		.ascii	"s23\000"
 849 030c 08       		.byte	0x8
 850 030d 1501     		.2byte	0x115
 851 030f 87020000 		.4byte	0x287
ARM GAS  /var/folders/bz/nn5481rn5xq59rb0mbj7x0880000gn/T//cczq85z6.s 			page 16


 852 0313 1C       		.byte	0x1c
 853 0314 0C       		.uleb128 0xc
 854 0315 73323400 		.ascii	"s24\000"
 855 0319 08       		.byte	0x8
 856 031a 1601     		.2byte	0x116
 857 031c 87020000 		.4byte	0x287
 858 0320 20       		.byte	0x20
 859 0321 0C       		.uleb128 0xc
 860 0322 73323500 		.ascii	"s25\000"
 861 0326 08       		.byte	0x8
 862 0327 1701     		.2byte	0x117
 863 0329 87020000 		.4byte	0x287
 864 032d 24       		.byte	0x24
 865 032e 0C       		.uleb128 0xc
 866 032f 73323600 		.ascii	"s26\000"
 867 0333 08       		.byte	0x8
 868 0334 1801     		.2byte	0x118
 869 0336 87020000 		.4byte	0x287
 870 033a 28       		.byte	0x28
 871 033b 0C       		.uleb128 0xc
 872 033c 73323700 		.ascii	"s27\000"
 873 0340 08       		.byte	0x8
 874 0341 1901     		.2byte	0x119
 875 0343 87020000 		.4byte	0x287
 876 0347 2C       		.byte	0x2c
 877 0348 0C       		.uleb128 0xc
 878 0349 73323800 		.ascii	"s28\000"
 879 034d 08       		.byte	0x8
 880 034e 1A01     		.2byte	0x11a
 881 0350 87020000 		.4byte	0x287
 882 0354 30       		.byte	0x30
 883 0355 0C       		.uleb128 0xc
 884 0356 73323900 		.ascii	"s29\000"
 885 035a 08       		.byte	0x8
 886 035b 1B01     		.2byte	0x11b
 887 035d 87020000 		.4byte	0x287
 888 0361 34       		.byte	0x34
 889 0362 0C       		.uleb128 0xc
 890 0363 73333000 		.ascii	"s30\000"
 891 0367 08       		.byte	0x8
 892 0368 1C01     		.2byte	0x11c
 893 036a 87020000 		.4byte	0x287
 894 036e 38       		.byte	0x38
 895 036f 0C       		.uleb128 0xc
 896 0370 73333100 		.ascii	"s31\000"
 897 0374 08       		.byte	0x8
 898 0375 1D01     		.2byte	0x11d
 899 0377 87020000 		.4byte	0x287
 900 037b 3C       		.byte	0x3c
 901 037c 0C       		.uleb128 0xc
 902 037d 723400   		.ascii	"r4\000"
 903 0380 08       		.byte	0x8
 904 0381 1F01     		.2byte	0x11f
 905 0383 87020000 		.4byte	0x287
 906 0387 40       		.byte	0x40
 907 0388 0C       		.uleb128 0xc
 908 0389 723500   		.ascii	"r5\000"
ARM GAS  /var/folders/bz/nn5481rn5xq59rb0mbj7x0880000gn/T//cczq85z6.s 			page 17


 909 038c 08       		.byte	0x8
 910 038d 2001     		.2byte	0x120
 911 038f 87020000 		.4byte	0x287
 912 0393 44       		.byte	0x44
 913 0394 0C       		.uleb128 0xc
 914 0395 723600   		.ascii	"r6\000"
 915 0398 08       		.byte	0x8
 916 0399 2101     		.2byte	0x121
 917 039b 87020000 		.4byte	0x287
 918 039f 48       		.byte	0x48
 919 03a0 0C       		.uleb128 0xc
 920 03a1 723700   		.ascii	"r7\000"
 921 03a4 08       		.byte	0x8
 922 03a5 2201     		.2byte	0x122
 923 03a7 87020000 		.4byte	0x287
 924 03ab 4C       		.byte	0x4c
 925 03ac 0C       		.uleb128 0xc
 926 03ad 723800   		.ascii	"r8\000"
 927 03b0 08       		.byte	0x8
 928 03b1 2301     		.2byte	0x123
 929 03b3 87020000 		.4byte	0x287
 930 03b7 50       		.byte	0x50
 931 03b8 0C       		.uleb128 0xc
 932 03b9 723900   		.ascii	"r9\000"
 933 03bc 08       		.byte	0x8
 934 03bd 2401     		.2byte	0x124
 935 03bf 87020000 		.4byte	0x287
 936 03c3 54       		.byte	0x54
 937 03c4 0C       		.uleb128 0xc
 938 03c5 72313000 		.ascii	"r10\000"
 939 03c9 08       		.byte	0x8
 940 03ca 2501     		.2byte	0x125
 941 03cc 87020000 		.4byte	0x287
 942 03d0 58       		.byte	0x58
 943 03d1 0C       		.uleb128 0xc
 944 03d2 72313100 		.ascii	"r11\000"
 945 03d6 08       		.byte	0x8
 946 03d7 2601     		.2byte	0x126
 947 03d9 87020000 		.4byte	0x287
 948 03dd 5C       		.byte	0x5c
 949 03de 0C       		.uleb128 0xc
 950 03df 6C7200   		.ascii	"lr\000"
 951 03e2 08       		.byte	0x8
 952 03e3 2701     		.2byte	0x127
 953 03e5 87020000 		.4byte	0x287
 954 03e9 60       		.byte	0x60
 955 03ea 00       		.byte	0
 956 03eb 0B       		.uleb128 0xb
 957 03ec 63010000 		.4byte	.LASF52
 958 03f0 04       		.byte	0x4
 959 03f1 08       		.byte	0x8
 960 03f2 3101     		.2byte	0x131
 961 03f4 06040000 		.4byte	0x406
 962 03f8 0C       		.uleb128 0xc
 963 03f9 72313300 		.ascii	"r13\000"
 964 03fd 08       		.byte	0x8
 965 03fe 3201     		.2byte	0x132
ARM GAS  /var/folders/bz/nn5481rn5xq59rb0mbj7x0880000gn/T//cczq85z6.s 			page 18


 966 0400 06040000 		.4byte	0x406
 967 0404 00       		.byte	0
 968 0405 00       		.byte	0
 969 0406 09       		.uleb128 0x9
 970 0407 04       		.byte	0x4
 971 0408 9F020000 		.4byte	0x29f
 972 040c 04       		.uleb128 0x4
 973 040d 04       		.byte	0x4
 974 040e 07       		.byte	0x7
 975 040f C3010000 		.4byte	.LASF53
 976 0413 0D       		.uleb128 0xd
 977 0414 22010000 		.4byte	0x122
 978 0418 05       		.uleb128 0x5
 979 0419 B2010000 		.4byte	.LASF54
 980 041d 10       		.byte	0x10
 981 041e 09       		.byte	0x9
 982 041f 2C       		.byte	0x2c
 983 0420 49040000 		.4byte	0x449
 984 0424 06       		.uleb128 0x6
 985 0425 A3000000 		.4byte	.LASF55
 986 0429 09       		.byte	0x9
 987 042a 2D       		.byte	0x2d
 988 042b 5C020000 		.4byte	0x25c
 989 042f 00       		.byte	0
 990 0430 06       		.uleb128 0x6
 991 0431 6D040000 		.4byte	.LASF56
 992 0435 09       		.byte	0x9
 993 0436 2F       		.byte	0x2f
 994 0437 56020000 		.4byte	0x256
 995 043b 08       		.byte	0x8
 996 043c 06       		.uleb128 0x6
 997 043d D2020000 		.4byte	.LASF57
 998 0441 09       		.byte	0x9
 999 0442 31       		.byte	0x31
 1000 0443 49040000 		.4byte	0x449
 1001 0447 0C       		.byte	0xc
 1002 0448 00       		.byte	0
 1003 0449 09       		.uleb128 0x9
 1004 044a 04       		.byte	0x4
 1005 044b 18040000 		.4byte	0x418
 1006 044f 03       		.uleb128 0x3
 1007 0450 B2010000 		.4byte	.LASF54
 1008 0454 09       		.byte	0x9
 1009 0455 33       		.byte	0x33
 1010 0456 18040000 		.4byte	0x418
 1011 045a 03       		.uleb128 0x3
 1012 045b 27000000 		.4byte	.LASF58
 1013 045f 0A       		.byte	0xa
 1014 0460 2C       		.byte	0x2c
 1015 0461 65040000 		.4byte	0x465
 1016 0465 09       		.uleb128 0x9
 1017 0466 04       		.byte	0x4
 1018 0467 6B040000 		.4byte	0x46b
 1019 046b 0E       		.uleb128 0xe
 1020 046c 92020000 		.4byte	0x292
 1021 0470 7A040000 		.4byte	0x47a
 1022 0474 0F       		.uleb128 0xf
ARM GAS  /var/folders/bz/nn5481rn5xq59rb0mbj7x0880000gn/T//cczq85z6.s 			page 19


 1023 0475 2C000000 		.4byte	0x2c
 1024 0479 00       		.byte	0
 1025 047a 03       		.uleb128 0x3
 1026 047b EB010000 		.4byte	.LASF59
 1027 047f 0B       		.byte	0xb
 1028 0480 34       		.byte	0x34
 1029 0481 85040000 		.4byte	0x485
 1030 0485 05       		.uleb128 0x5
 1031 0486 85040000 		.4byte	.LASF60
 1032 048a 20       		.byte	0x20
 1033 048b 0B       		.byte	0xb
 1034 048c 47       		.byte	0x47
 1035 048d B6040000 		.4byte	0x4b6
 1036 0491 06       		.uleb128 0x6
 1037 0492 34020000 		.4byte	.LASF61
 1038 0496 0B       		.byte	0xb
 1039 0497 48       		.byte	0x48
 1040 0498 5A040000 		.4byte	0x45a
 1041 049c 00       		.byte	0
 1042 049d 06       		.uleb128 0x6
 1043 049e 4B000000 		.4byte	.LASF62
 1044 04a2 0B       		.byte	0xb
 1045 04a3 4A       		.byte	0x4a
 1046 04a4 D5040000 		.4byte	0x4d5
 1047 04a8 08       		.byte	0x8
 1048 04a9 06       		.uleb128 0x6
 1049 04aa 95000000 		.4byte	.LASF63
 1050 04ae 0B       		.byte	0xb
 1051 04af 4C       		.byte	0x4c
 1052 04b0 4F040000 		.4byte	0x44f
 1053 04b4 10       		.byte	0x10
 1054 04b5 00       		.byte	0
 1055 04b6 10       		.uleb128 0x10
 1056 04b7 04       		.byte	0x4
 1057 04b8 0B       		.byte	0xb
 1058 04b9 3C       		.byte	0x3c
 1059 04ba D5040000 		.4byte	0x4d5
 1060 04be 11       		.uleb128 0x11
 1061 04bf 6F000000 		.4byte	.LASF64
 1062 04c3 0B       		.byte	0xb
 1063 04c4 3D       		.byte	0x3d
 1064 04c5 F6040000 		.4byte	0x4f6
 1065 04c9 11       		.uleb128 0x11
 1066 04ca AE020000 		.4byte	.LASF65
 1067 04ce 0B       		.byte	0xb
 1068 04cf 3E       		.byte	0x3e
 1069 04d0 FC040000 		.4byte	0x4fc
 1070 04d4 00       		.byte	0
 1071 04d5 12       		.uleb128 0x12
 1072 04d6 65020000 		.4byte	.LASF86
 1073 04da 08       		.byte	0x8
 1074 04db 0B       		.byte	0xb
 1075 04dc 39       		.byte	0x39
 1076 04dd F6040000 		.4byte	0x4f6
 1077 04e1 11       		.uleb128 0x11
 1078 04e2 3E010000 		.4byte	.LASF66
 1079 04e6 0B       		.byte	0xb
ARM GAS  /var/folders/bz/nn5481rn5xq59rb0mbj7x0880000gn/T//cczq85z6.s 			page 20


 1080 04e7 3A       		.byte	0x3a
 1081 04e8 94020000 		.4byte	0x294
 1082 04ec 13       		.uleb128 0x13
 1083 04ed 6800     		.ascii	"h\000"
 1084 04ef 0B       		.byte	0xb
 1085 04f0 41       		.byte	0x41
 1086 04f1 02050000 		.4byte	0x502
 1087 04f5 00       		.byte	0
 1088 04f6 09       		.uleb128 0x9
 1089 04f7 04       		.byte	0x4
 1090 04f8 D5040000 		.4byte	0x4d5
 1091 04fc 09       		.uleb128 0x9
 1092 04fd 04       		.byte	0x4
 1093 04fe 7A040000 		.4byte	0x47a
 1094 0502 08       		.uleb128 0x8
 1095 0503 08       		.byte	0x8
 1096 0504 0B       		.byte	0xb
 1097 0505 3B       		.byte	0x3b
 1098 0506 21050000 		.4byte	0x521
 1099 050a 07       		.uleb128 0x7
 1100 050b 7500     		.ascii	"u\000"
 1101 050d 0B       		.byte	0xb
 1102 050e 3F       		.byte	0x3f
 1103 050f B6040000 		.4byte	0x4b6
 1104 0513 00       		.byte	0
 1105 0514 06       		.uleb128 0x6
 1106 0515 6B010000 		.4byte	.LASF67
 1107 0519 0B       		.byte	0xb
 1108 051a 40       		.byte	0x40
 1109 051b 2C000000 		.4byte	0x2c
 1110 051f 04       		.byte	0x4
 1111 0520 00       		.byte	0
 1112 0521 10       		.uleb128 0x10
 1113 0522 04       		.byte	0x4
 1114 0523 07       		.byte	0x7
 1115 0524 96       		.byte	0x96
 1116 0525 56050000 		.4byte	0x556
 1117 0529 11       		.uleb128 0x11
 1118 052a 0D000000 		.4byte	.LASF68
 1119 052e 07       		.byte	0x7
 1120 052f 9D       		.byte	0x9d
 1121 0530 0C010000 		.4byte	0x10c
 1122 0534 11       		.uleb128 0x11
 1123 0535 89010000 		.4byte	.LASF69
 1124 0539 07       		.byte	0x7
 1125 053a A4       		.byte	0xa4
 1126 053b 0C010000 		.4byte	0x10c
 1127 053f 11       		.uleb128 0x11
 1128 0540 4E040000 		.4byte	.LASF70
 1129 0544 07       		.byte	0x7
 1130 0545 AB       		.byte	0xab
 1131 0546 92020000 		.4byte	0x292
 1132 054a 11       		.uleb128 0x11
 1133 054b 71020000 		.4byte	.LASF71
 1134 054f 07       		.byte	0x7
 1135 0550 B2       		.byte	0xb2
 1136 0551 17010000 		.4byte	0x117
ARM GAS  /var/folders/bz/nn5481rn5xq59rb0mbj7x0880000gn/T//cczq85z6.s 			page 21


 1137 0555 00       		.byte	0
 1138 0556 09       		.uleb128 0x9
 1139 0557 04       		.byte	0x4
 1140 0558 5C050000 		.4byte	0x55c
 1141 055c 14       		.uleb128 0x14
 1142 055d 61050000 		.4byte	0x561
 1143 0561 04       		.uleb128 0x4
 1144 0562 01       		.byte	0x1
 1145 0563 08       		.byte	0x8
 1146 0564 C0020000 		.4byte	.LASF72
 1147 0568 09       		.uleb128 0x9
 1148 0569 04       		.byte	0x4
 1149 056a 4F040000 		.4byte	0x44f
 1150 056e 15       		.uleb128 0x15
 1151 056f 62040000 		.4byte	.LASF73
 1152 0573 01       		.byte	0x1
 1153 0574 4B       		.byte	0x4b
 1154 0575 00000000 		.4byte	.LFB7
 1155 0579 1C000000 		.4byte	.LFE7-.LFB7
 1156 057d 01       		.uleb128 0x1
 1157 057e 9C       		.byte	0x9c
 1158 057f 97050000 		.4byte	0x597
 1159 0583 16       		.uleb128 0x16
 1160 0584 14000000 		.4byte	.LVL0
 1161 0588 9C070000 		.4byte	0x79c
 1162 058c 17       		.uleb128 0x17
 1163 058d 01       		.uleb128 0x1
 1164 058e 50       		.byte	0x50
 1165 058f 05       		.uleb128 0x5
 1166 0590 03       		.byte	0x3
 1167 0591 10000000 		.4byte	.LANCHOR0+16
 1168 0595 00       		.byte	0
 1169 0596 00       		.byte	0
 1170 0597 15       		.uleb128 0x15
 1171 0598 64000000 		.4byte	.LASF74
 1172 059c 01       		.byte	0x1
 1173 059d 63       		.byte	0x63
 1174 059e 00000000 		.4byte	.LFB8
 1175 05a2 14000000 		.4byte	.LFE8-.LFB8
 1176 05a6 01       		.uleb128 0x1
 1177 05a7 9C       		.byte	0x9c
 1178 05a8 FB050000 		.4byte	0x5fb
 1179 05ac 18       		.uleb128 0x18
 1180 05ad 52000000 		.4byte	.LASF75
 1181 05b1 01       		.byte	0x1
 1182 05b2 63       		.byte	0x63
 1183 05b3 FC040000 		.4byte	0x4fc
 1184 05b7 00000000 		.4byte	.LLST0
 1185 05bb 19       		.uleb128 0x19
 1186 05bc 62756600 		.ascii	"buf\000"
 1187 05c0 01       		.byte	0x1
 1188 05c1 63       		.byte	0x63
 1189 05c2 92020000 		.4byte	0x292
 1190 05c6 2E000000 		.4byte	.LLST1
 1191 05ca 18       		.uleb128 0x18
 1192 05cb 6B010000 		.4byte	.LASF67
 1193 05cf 01       		.byte	0x1
ARM GAS  /var/folders/bz/nn5481rn5xq59rb0mbj7x0880000gn/T//cczq85z6.s 			page 22


 1194 05d0 63       		.byte	0x63
 1195 05d1 2C000000 		.4byte	0x2c
 1196 05d5 4F000000 		.4byte	.LLST2
 1197 05d9 1A       		.uleb128 0x1a
 1198 05da 687000   		.ascii	"hp\000"
 1199 05dd 01       		.byte	0x1
 1200 05de 64       		.byte	0x64
 1201 05df F6040000 		.4byte	0x4f6
 1202 05e3 7D000000 		.4byte	.LLST3
 1203 05e7 16       		.uleb128 0x16
 1204 05e8 14000000 		.4byte	.LVL5
 1205 05ec 9C070000 		.4byte	0x79c
 1206 05f0 17       		.uleb128 0x17
 1207 05f1 01       		.uleb128 0x1
 1208 05f2 50       		.byte	0x50
 1209 05f3 05       		.uleb128 0x5
 1210 05f4 F3       		.byte	0xf3
 1211 05f5 01       		.uleb128 0x1
 1212 05f6 50       		.byte	0x50
 1213 05f7 23       		.byte	0x23
 1214 05f8 10       		.uleb128 0x10
 1215 05f9 00       		.byte	0
 1216 05fa 00       		.byte	0
 1217 05fb 1B       		.uleb128 0x1b
 1218 05fc 8E020000 		.4byte	.LASF77
 1219 0600 01       		.byte	0x1
 1220 0601 84       		.byte	0x84
 1221 0602 92020000 		.4byte	0x292
 1222 0606 00000000 		.4byte	.LFB9
 1223 060a 80000000 		.4byte	.LFE9-.LFB9
 1224 060e 01       		.uleb128 0x1
 1225 060f 9C       		.byte	0x9c
 1226 0610 93060000 		.4byte	0x693
 1227 0614 18       		.uleb128 0x18
 1228 0615 52000000 		.4byte	.LASF75
 1229 0619 01       		.byte	0x1
 1230 061a 84       		.byte	0x84
 1231 061b FC040000 		.4byte	0x4fc
 1232 061f 9E000000 		.4byte	.LLST4
 1233 0623 18       		.uleb128 0x18
 1234 0624 6B010000 		.4byte	.LASF67
 1235 0628 01       		.byte	0x1
 1236 0629 84       		.byte	0x84
 1237 062a 2C000000 		.4byte	0x2c
 1238 062e BC000000 		.4byte	.LLST5
 1239 0632 1A       		.uleb128 0x1a
 1240 0633 717000   		.ascii	"qp\000"
 1241 0636 01       		.byte	0x1
 1242 0637 85       		.byte	0x85
 1243 0638 F6040000 		.4byte	0x4f6
 1244 063c E7000000 		.4byte	.LLST6
 1245 0640 1A       		.uleb128 0x1a
 1246 0641 687000   		.ascii	"hp\000"
 1247 0644 01       		.byte	0x1
 1248 0645 85       		.byte	0x85
 1249 0646 F6040000 		.4byte	0x4f6
 1250 064a 10010000 		.4byte	.LLST7
ARM GAS  /var/folders/bz/nn5481rn5xq59rb0mbj7x0880000gn/T//cczq85z6.s 			page 23


 1251 064e 1A       		.uleb128 0x1a
 1252 064f 667000   		.ascii	"fp\000"
 1253 0652 01       		.byte	0x1
 1254 0653 85       		.byte	0x85
 1255 0654 F6040000 		.4byte	0x4f6
 1256 0658 5C010000 		.4byte	.LLST8
 1257 065c 1C       		.uleb128 0x1c
 1258 065d 1C000000 		.4byte	.LVL11
 1259 0661 AD070000 		.4byte	0x7ad
 1260 0665 70060000 		.4byte	0x670
 1261 0669 17       		.uleb128 0x17
 1262 066a 01       		.uleb128 0x1
 1263 066b 50       		.byte	0x50
 1264 066c 02       		.uleb128 0x2
 1265 066d 76       		.byte	0x76
 1266 066e 10       		.sleb128 16
 1267 066f 00       		.byte	0
 1268 0670 1D       		.uleb128 0x1d
 1269 0671 30000000 		.4byte	.LVL15
 1270 0675 BE070000 		.4byte	0x7be
 1271 0679 1E       		.uleb128 0x1e
 1272 067a 3A000000 		.4byte	.LVL16
 1273 067e 89060000 		.4byte	0x689
 1274 0682 17       		.uleb128 0x17
 1275 0683 01       		.uleb128 0x1
 1276 0684 50       		.byte	0x50
 1277 0685 02       		.uleb128 0x2
 1278 0686 75       		.byte	0x75
 1279 0687 08       		.sleb128 8
 1280 0688 00       		.byte	0
 1281 0689 1D       		.uleb128 0x1d
 1282 068a 5E000000 		.4byte	.LVL20
 1283 068e BE070000 		.4byte	0x7be
 1284 0692 00       		.byte	0
 1285 0693 15       		.uleb128 0x15
 1286 0694 AB000000 		.4byte	.LASF76
 1287 0698 01       		.byte	0x1
 1288 0699 C2       		.byte	0xc2
 1289 069a 00000000 		.4byte	.LFB10
 1290 069e 8E000000 		.4byte	.LFE10-.LFB10
 1291 06a2 01       		.uleb128 0x1
 1292 06a3 9C       		.byte	0x9c
 1293 06a4 07070000 		.4byte	0x707
 1294 06a8 19       		.uleb128 0x19
 1295 06a9 7000     		.ascii	"p\000"
 1296 06ab 01       		.byte	0x1
 1297 06ac C2       		.byte	0xc2
 1298 06ad 92020000 		.4byte	0x292
 1299 06b1 6F010000 		.4byte	.LLST9
 1300 06b5 1A       		.uleb128 0x1a
 1301 06b6 717000   		.ascii	"qp\000"
 1302 06b9 01       		.byte	0x1
 1303 06ba C3       		.byte	0xc3
 1304 06bb F6040000 		.4byte	0x4f6
 1305 06bf B4010000 		.4byte	.LLST10
 1306 06c3 1A       		.uleb128 0x1a
 1307 06c4 687000   		.ascii	"hp\000"
ARM GAS  /var/folders/bz/nn5481rn5xq59rb0mbj7x0880000gn/T//cczq85z6.s 			page 24


 1308 06c7 01       		.byte	0x1
 1309 06c8 C3       		.byte	0xc3
 1310 06c9 F6040000 		.4byte	0x4f6
 1311 06cd E8010000 		.4byte	.LLST11
 1312 06d1 1F       		.uleb128 0x1f
 1313 06d2 52000000 		.4byte	.LASF75
 1314 06d6 01       		.byte	0x1
 1315 06d7 C4       		.byte	0xc4
 1316 06d8 FC040000 		.4byte	0x4fc
 1317 06dc 26020000 		.4byte	.LLST12
 1318 06e0 1C       		.uleb128 0x1c
 1319 06e1 16000000 		.4byte	.LVL30
 1320 06e5 AD070000 		.4byte	0x7ad
 1321 06e9 F4060000 		.4byte	0x6f4
 1322 06ed 17       		.uleb128 0x17
 1323 06ee 01       		.uleb128 0x1
 1324 06ef 50       		.byte	0x50
 1325 06f0 02       		.uleb128 0x2
 1326 06f1 75       		.byte	0x75
 1327 06f2 08       		.sleb128 8
 1328 06f3 00       		.byte	0
 1329 06f4 20       		.uleb128 0x20
 1330 06f5 5E000000 		.4byte	.LVL37
 1331 06f9 BE070000 		.4byte	0x7be
 1332 06fd 20       		.uleb128 0x20
 1333 06fe 8E000000 		.4byte	.LVL39
 1334 0702 BE070000 		.4byte	0x7be
 1335 0706 00       		.byte	0
 1336 0707 1B       		.uleb128 0x1b
 1337 0708 C5020000 		.4byte	.LASF78
 1338 070c 01       		.byte	0x1
 1339 070d FA       		.byte	0xfa
 1340 070e 2C000000 		.4byte	0x2c
 1341 0712 00000000 		.4byte	.LFB11
 1342 0716 40000000 		.4byte	.LFE11-.LFB11
 1343 071a 01       		.uleb128 0x1
 1344 071b 9C       		.byte	0x9c
 1345 071c 85070000 		.4byte	0x785
 1346 0720 18       		.uleb128 0x18
 1347 0721 52000000 		.4byte	.LASF75
 1348 0725 01       		.byte	0x1
 1349 0726 FA       		.byte	0xfa
 1350 0727 FC040000 		.4byte	0x4fc
 1351 072b 52020000 		.4byte	.LLST13
 1352 072f 18       		.uleb128 0x18
 1353 0730 55040000 		.4byte	.LASF79
 1354 0734 01       		.byte	0x1
 1355 0735 FA       		.byte	0xfa
 1356 0736 85070000 		.4byte	0x785
 1357 073a B5020000 		.4byte	.LLST14
 1358 073e 1A       		.uleb128 0x1a
 1359 073f 717000   		.ascii	"qp\000"
 1360 0742 01       		.byte	0x1
 1361 0743 FB       		.byte	0xfb
 1362 0744 F6040000 		.4byte	0x4f6
 1363 0748 D3020000 		.4byte	.LLST15
 1364 074c 1A       		.uleb128 0x1a
ARM GAS  /var/folders/bz/nn5481rn5xq59rb0mbj7x0880000gn/T//cczq85z6.s 			page 25


 1365 074d 6E00     		.ascii	"n\000"
 1366 074f 01       		.byte	0x1
 1367 0750 FC       		.byte	0xfc
 1368 0751 2C000000 		.4byte	0x2c
 1369 0755 33030000 		.4byte	.LLST16
 1370 0759 1A       		.uleb128 0x1a
 1371 075a 737A00   		.ascii	"sz\000"
 1372 075d 01       		.byte	0x1
 1373 075e FC       		.byte	0xfc
 1374 075f 2C000000 		.4byte	0x2c
 1375 0763 76030000 		.4byte	.LLST17
 1376 0767 1C       		.uleb128 0x1c
 1377 0768 14000000 		.4byte	.LVL42
 1378 076c AD070000 		.4byte	0x7ad
 1379 0770 7B070000 		.4byte	0x77b
 1380 0774 17       		.uleb128 0x17
 1381 0775 01       		.uleb128 0x1
 1382 0776 50       		.byte	0x50
 1383 0777 02       		.uleb128 0x2
 1384 0778 74       		.byte	0x74
 1385 0779 10       		.sleb128 16
 1386 077a 00       		.byte	0
 1387 077b 1D       		.uleb128 0x1d
 1388 077c 30000000 		.4byte	.LVL47
 1389 0780 BE070000 		.4byte	0x7be
 1390 0784 00       		.byte	0
 1391 0785 09       		.uleb128 0x9
 1392 0786 04       		.byte	0x4
 1393 0787 2C000000 		.4byte	0x2c
 1394 078b 21       		.uleb128 0x21
 1395 078c B3020000 		.4byte	.LASF80
 1396 0790 01       		.byte	0x1
 1397 0791 44       		.byte	0x44
 1398 0792 7A040000 		.4byte	0x47a
 1399 0796 05       		.uleb128 0x5
 1400 0797 03       		.byte	0x3
 1401 0798 00000000 		.4byte	default_heap
 1402 079c 22       		.uleb128 0x22
 1403 079d 35040000 		.4byte	.LASF81
 1404 07a1 09       		.byte	0x9
 1405 07a2 38       		.byte	0x38
 1406 07a3 AD070000 		.4byte	0x7ad
 1407 07a7 0F       		.uleb128 0xf
 1408 07a8 68050000 		.4byte	0x568
 1409 07ac 00       		.byte	0
 1410 07ad 22       		.uleb128 0x22
 1411 07ae CC010000 		.4byte	.LASF82
 1412 07b2 09       		.byte	0x9
 1413 07b3 39       		.byte	0x39
 1414 07b4 BE070000 		.4byte	0x7be
 1415 07b8 0F       		.uleb128 0xf
 1416 07b9 68050000 		.4byte	0x568
 1417 07bd 00       		.byte	0
 1418 07be 23       		.uleb128 0x23
 1419 07bf 58000000 		.4byte	.LASF87
 1420 07c3 09       		.byte	0x9
 1421 07c4 3D       		.byte	0x3d
ARM GAS  /var/folders/bz/nn5481rn5xq59rb0mbj7x0880000gn/T//cczq85z6.s 			page 26


 1422 07c5 68050000 		.4byte	0x568
 1423 07c9 00       		.byte	0
 1424              		.section	.debug_abbrev,"",%progbits
 1425              	.Ldebug_abbrev0:
 1426 0000 01       		.uleb128 0x1
 1427 0001 11       		.uleb128 0x11
 1428 0002 01       		.byte	0x1
 1429 0003 25       		.uleb128 0x25
 1430 0004 0E       		.uleb128 0xe
 1431 0005 13       		.uleb128 0x13
 1432 0006 0B       		.uleb128 0xb
 1433 0007 03       		.uleb128 0x3
 1434 0008 0E       		.uleb128 0xe
 1435 0009 1B       		.uleb128 0x1b
 1436 000a 0E       		.uleb128 0xe
 1437 000b 55       		.uleb128 0x55
 1438 000c 17       		.uleb128 0x17
 1439 000d 11       		.uleb128 0x11
 1440 000e 01       		.uleb128 0x1
 1441 000f 10       		.uleb128 0x10
 1442 0010 17       		.uleb128 0x17
 1443 0011 00       		.byte	0
 1444 0012 00       		.byte	0
 1445 0013 02       		.uleb128 0x2
 1446 0014 24       		.uleb128 0x24
 1447 0015 00       		.byte	0
 1448 0016 0B       		.uleb128 0xb
 1449 0017 0B       		.uleb128 0xb
 1450 0018 3E       		.uleb128 0x3e
 1451 0019 0B       		.uleb128 0xb
 1452 001a 03       		.uleb128 0x3
 1453 001b 08       		.uleb128 0x8
 1454 001c 00       		.byte	0
 1455 001d 00       		.byte	0
 1456 001e 03       		.uleb128 0x3
 1457 001f 16       		.uleb128 0x16
 1458 0020 00       		.byte	0
 1459 0021 03       		.uleb128 0x3
 1460 0022 0E       		.uleb128 0xe
 1461 0023 3A       		.uleb128 0x3a
 1462 0024 0B       		.uleb128 0xb
 1463 0025 3B       		.uleb128 0x3b
 1464 0026 0B       		.uleb128 0xb
 1465 0027 49       		.uleb128 0x49
 1466 0028 13       		.uleb128 0x13
 1467 0029 00       		.byte	0
 1468 002a 00       		.byte	0
 1469 002b 04       		.uleb128 0x4
 1470 002c 24       		.uleb128 0x24
 1471 002d 00       		.byte	0
 1472 002e 0B       		.uleb128 0xb
 1473 002f 0B       		.uleb128 0xb
 1474 0030 3E       		.uleb128 0x3e
 1475 0031 0B       		.uleb128 0xb
 1476 0032 03       		.uleb128 0x3
 1477 0033 0E       		.uleb128 0xe
 1478 0034 00       		.byte	0
ARM GAS  /var/folders/bz/nn5481rn5xq59rb0mbj7x0880000gn/T//cczq85z6.s 			page 27


 1479 0035 00       		.byte	0
 1480 0036 05       		.uleb128 0x5
 1481 0037 13       		.uleb128 0x13
 1482 0038 01       		.byte	0x1
 1483 0039 03       		.uleb128 0x3
 1484 003a 0E       		.uleb128 0xe
 1485 003b 0B       		.uleb128 0xb
 1486 003c 0B       		.uleb128 0xb
 1487 003d 3A       		.uleb128 0x3a
 1488 003e 0B       		.uleb128 0xb
 1489 003f 3B       		.uleb128 0x3b
 1490 0040 0B       		.uleb128 0xb
 1491 0041 01       		.uleb128 0x1
 1492 0042 13       		.uleb128 0x13
 1493 0043 00       		.byte	0
 1494 0044 00       		.byte	0
 1495 0045 06       		.uleb128 0x6
 1496 0046 0D       		.uleb128 0xd
 1497 0047 00       		.byte	0
 1498 0048 03       		.uleb128 0x3
 1499 0049 0E       		.uleb128 0xe
 1500 004a 3A       		.uleb128 0x3a
 1501 004b 0B       		.uleb128 0xb
 1502 004c 3B       		.uleb128 0x3b
 1503 004d 0B       		.uleb128 0xb
 1504 004e 49       		.uleb128 0x49
 1505 004f 13       		.uleb128 0x13
 1506 0050 38       		.uleb128 0x38
 1507 0051 0B       		.uleb128 0xb
 1508 0052 00       		.byte	0
 1509 0053 00       		.byte	0
 1510 0054 07       		.uleb128 0x7
 1511 0055 0D       		.uleb128 0xd
 1512 0056 00       		.byte	0
 1513 0057 03       		.uleb128 0x3
 1514 0058 08       		.uleb128 0x8
 1515 0059 3A       		.uleb128 0x3a
 1516 005a 0B       		.uleb128 0xb
 1517 005b 3B       		.uleb128 0x3b
 1518 005c 0B       		.uleb128 0xb
 1519 005d 49       		.uleb128 0x49
 1520 005e 13       		.uleb128 0x13
 1521 005f 38       		.uleb128 0x38
 1522 0060 0B       		.uleb128 0xb
 1523 0061 00       		.byte	0
 1524 0062 00       		.byte	0
 1525 0063 08       		.uleb128 0x8
 1526 0064 13       		.uleb128 0x13
 1527 0065 01       		.byte	0x1
 1528 0066 0B       		.uleb128 0xb
 1529 0067 0B       		.uleb128 0xb
 1530 0068 3A       		.uleb128 0x3a
 1531 0069 0B       		.uleb128 0xb
 1532 006a 3B       		.uleb128 0x3b
 1533 006b 0B       		.uleb128 0xb
 1534 006c 01       		.uleb128 0x1
 1535 006d 13       		.uleb128 0x13
ARM GAS  /var/folders/bz/nn5481rn5xq59rb0mbj7x0880000gn/T//cczq85z6.s 			page 28


 1536 006e 00       		.byte	0
 1537 006f 00       		.byte	0
 1538 0070 09       		.uleb128 0x9
 1539 0071 0F       		.uleb128 0xf
 1540 0072 00       		.byte	0
 1541 0073 0B       		.uleb128 0xb
 1542 0074 0B       		.uleb128 0xb
 1543 0075 49       		.uleb128 0x49
 1544 0076 13       		.uleb128 0x13
 1545 0077 00       		.byte	0
 1546 0078 00       		.byte	0
 1547 0079 0A       		.uleb128 0xa
 1548 007a 0F       		.uleb128 0xf
 1549 007b 00       		.byte	0
 1550 007c 0B       		.uleb128 0xb
 1551 007d 0B       		.uleb128 0xb
 1552 007e 00       		.byte	0
 1553 007f 00       		.byte	0
 1554 0080 0B       		.uleb128 0xb
 1555 0081 13       		.uleb128 0x13
 1556 0082 01       		.byte	0x1
 1557 0083 03       		.uleb128 0x3
 1558 0084 0E       		.uleb128 0xe
 1559 0085 0B       		.uleb128 0xb
 1560 0086 0B       		.uleb128 0xb
 1561 0087 3A       		.uleb128 0x3a
 1562 0088 0B       		.uleb128 0xb
 1563 0089 3B       		.uleb128 0x3b
 1564 008a 05       		.uleb128 0x5
 1565 008b 01       		.uleb128 0x1
 1566 008c 13       		.uleb128 0x13
 1567 008d 00       		.byte	0
 1568 008e 00       		.byte	0
 1569 008f 0C       		.uleb128 0xc
 1570 0090 0D       		.uleb128 0xd
 1571 0091 00       		.byte	0
 1572 0092 03       		.uleb128 0x3
 1573 0093 08       		.uleb128 0x8
 1574 0094 3A       		.uleb128 0x3a
 1575 0095 0B       		.uleb128 0xb
 1576 0096 3B       		.uleb128 0x3b
 1577 0097 05       		.uleb128 0x5
 1578 0098 49       		.uleb128 0x49
 1579 0099 13       		.uleb128 0x13
 1580 009a 38       		.uleb128 0x38
 1581 009b 0B       		.uleb128 0xb
 1582 009c 00       		.byte	0
 1583 009d 00       		.byte	0
 1584 009e 0D       		.uleb128 0xd
 1585 009f 35       		.uleb128 0x35
 1586 00a0 00       		.byte	0
 1587 00a1 49       		.uleb128 0x49
 1588 00a2 13       		.uleb128 0x13
 1589 00a3 00       		.byte	0
 1590 00a4 00       		.byte	0
 1591 00a5 0E       		.uleb128 0xe
 1592 00a6 15       		.uleb128 0x15
ARM GAS  /var/folders/bz/nn5481rn5xq59rb0mbj7x0880000gn/T//cczq85z6.s 			page 29


 1593 00a7 01       		.byte	0x1
 1594 00a8 27       		.uleb128 0x27
 1595 00a9 19       		.uleb128 0x19
 1596 00aa 49       		.uleb128 0x49
 1597 00ab 13       		.uleb128 0x13
 1598 00ac 01       		.uleb128 0x1
 1599 00ad 13       		.uleb128 0x13
 1600 00ae 00       		.byte	0
 1601 00af 00       		.byte	0
 1602 00b0 0F       		.uleb128 0xf
 1603 00b1 05       		.uleb128 0x5
 1604 00b2 00       		.byte	0
 1605 00b3 49       		.uleb128 0x49
 1606 00b4 13       		.uleb128 0x13
 1607 00b5 00       		.byte	0
 1608 00b6 00       		.byte	0
 1609 00b7 10       		.uleb128 0x10
 1610 00b8 17       		.uleb128 0x17
 1611 00b9 01       		.byte	0x1
 1612 00ba 0B       		.uleb128 0xb
 1613 00bb 0B       		.uleb128 0xb
 1614 00bc 3A       		.uleb128 0x3a
 1615 00bd 0B       		.uleb128 0xb
 1616 00be 3B       		.uleb128 0x3b
 1617 00bf 0B       		.uleb128 0xb
 1618 00c0 01       		.uleb128 0x1
 1619 00c1 13       		.uleb128 0x13
 1620 00c2 00       		.byte	0
 1621 00c3 00       		.byte	0
 1622 00c4 11       		.uleb128 0x11
 1623 00c5 0D       		.uleb128 0xd
 1624 00c6 00       		.byte	0
 1625 00c7 03       		.uleb128 0x3
 1626 00c8 0E       		.uleb128 0xe
 1627 00c9 3A       		.uleb128 0x3a
 1628 00ca 0B       		.uleb128 0xb
 1629 00cb 3B       		.uleb128 0x3b
 1630 00cc 0B       		.uleb128 0xb
 1631 00cd 49       		.uleb128 0x49
 1632 00ce 13       		.uleb128 0x13
 1633 00cf 00       		.byte	0
 1634 00d0 00       		.byte	0
 1635 00d1 12       		.uleb128 0x12
 1636 00d2 17       		.uleb128 0x17
 1637 00d3 01       		.byte	0x1
 1638 00d4 03       		.uleb128 0x3
 1639 00d5 0E       		.uleb128 0xe
 1640 00d6 0B       		.uleb128 0xb
 1641 00d7 0B       		.uleb128 0xb
 1642 00d8 3A       		.uleb128 0x3a
 1643 00d9 0B       		.uleb128 0xb
 1644 00da 3B       		.uleb128 0x3b
 1645 00db 0B       		.uleb128 0xb
 1646 00dc 01       		.uleb128 0x1
 1647 00dd 13       		.uleb128 0x13
 1648 00de 00       		.byte	0
 1649 00df 00       		.byte	0
ARM GAS  /var/folders/bz/nn5481rn5xq59rb0mbj7x0880000gn/T//cczq85z6.s 			page 30


 1650 00e0 13       		.uleb128 0x13
 1651 00e1 0D       		.uleb128 0xd
 1652 00e2 00       		.byte	0
 1653 00e3 03       		.uleb128 0x3
 1654 00e4 08       		.uleb128 0x8
 1655 00e5 3A       		.uleb128 0x3a
 1656 00e6 0B       		.uleb128 0xb
 1657 00e7 3B       		.uleb128 0x3b
 1658 00e8 0B       		.uleb128 0xb
 1659 00e9 49       		.uleb128 0x49
 1660 00ea 13       		.uleb128 0x13
 1661 00eb 00       		.byte	0
 1662 00ec 00       		.byte	0
 1663 00ed 14       		.uleb128 0x14
 1664 00ee 26       		.uleb128 0x26
 1665 00ef 00       		.byte	0
 1666 00f0 49       		.uleb128 0x49
 1667 00f1 13       		.uleb128 0x13
 1668 00f2 00       		.byte	0
 1669 00f3 00       		.byte	0
 1670 00f4 15       		.uleb128 0x15
 1671 00f5 2E       		.uleb128 0x2e
 1672 00f6 01       		.byte	0x1
 1673 00f7 3F       		.uleb128 0x3f
 1674 00f8 19       		.uleb128 0x19
 1675 00f9 03       		.uleb128 0x3
 1676 00fa 0E       		.uleb128 0xe
 1677 00fb 3A       		.uleb128 0x3a
 1678 00fc 0B       		.uleb128 0xb
 1679 00fd 3B       		.uleb128 0x3b
 1680 00fe 0B       		.uleb128 0xb
 1681 00ff 27       		.uleb128 0x27
 1682 0100 19       		.uleb128 0x19
 1683 0101 11       		.uleb128 0x11
 1684 0102 01       		.uleb128 0x1
 1685 0103 12       		.uleb128 0x12
 1686 0104 06       		.uleb128 0x6
 1687 0105 40       		.uleb128 0x40
 1688 0106 18       		.uleb128 0x18
 1689 0107 9742     		.uleb128 0x2117
 1690 0109 19       		.uleb128 0x19
 1691 010a 01       		.uleb128 0x1
 1692 010b 13       		.uleb128 0x13
 1693 010c 00       		.byte	0
 1694 010d 00       		.byte	0
 1695 010e 16       		.uleb128 0x16
 1696 010f 898201   		.uleb128 0x4109
 1697 0112 01       		.byte	0x1
 1698 0113 11       		.uleb128 0x11
 1699 0114 01       		.uleb128 0x1
 1700 0115 9542     		.uleb128 0x2115
 1701 0117 19       		.uleb128 0x19
 1702 0118 31       		.uleb128 0x31
 1703 0119 13       		.uleb128 0x13
 1704 011a 00       		.byte	0
 1705 011b 00       		.byte	0
 1706 011c 17       		.uleb128 0x17
ARM GAS  /var/folders/bz/nn5481rn5xq59rb0mbj7x0880000gn/T//cczq85z6.s 			page 31


 1707 011d 8A8201   		.uleb128 0x410a
 1708 0120 00       		.byte	0
 1709 0121 02       		.uleb128 0x2
 1710 0122 18       		.uleb128 0x18
 1711 0123 9142     		.uleb128 0x2111
 1712 0125 18       		.uleb128 0x18
 1713 0126 00       		.byte	0
 1714 0127 00       		.byte	0
 1715 0128 18       		.uleb128 0x18
 1716 0129 05       		.uleb128 0x5
 1717 012a 00       		.byte	0
 1718 012b 03       		.uleb128 0x3
 1719 012c 0E       		.uleb128 0xe
 1720 012d 3A       		.uleb128 0x3a
 1721 012e 0B       		.uleb128 0xb
 1722 012f 3B       		.uleb128 0x3b
 1723 0130 0B       		.uleb128 0xb
 1724 0131 49       		.uleb128 0x49
 1725 0132 13       		.uleb128 0x13
 1726 0133 02       		.uleb128 0x2
 1727 0134 17       		.uleb128 0x17
 1728 0135 00       		.byte	0
 1729 0136 00       		.byte	0
 1730 0137 19       		.uleb128 0x19
 1731 0138 05       		.uleb128 0x5
 1732 0139 00       		.byte	0
 1733 013a 03       		.uleb128 0x3
 1734 013b 08       		.uleb128 0x8
 1735 013c 3A       		.uleb128 0x3a
 1736 013d 0B       		.uleb128 0xb
 1737 013e 3B       		.uleb128 0x3b
 1738 013f 0B       		.uleb128 0xb
 1739 0140 49       		.uleb128 0x49
 1740 0141 13       		.uleb128 0x13
 1741 0142 02       		.uleb128 0x2
 1742 0143 17       		.uleb128 0x17
 1743 0144 00       		.byte	0
 1744 0145 00       		.byte	0
 1745 0146 1A       		.uleb128 0x1a
 1746 0147 34       		.uleb128 0x34
 1747 0148 00       		.byte	0
 1748 0149 03       		.uleb128 0x3
 1749 014a 08       		.uleb128 0x8
 1750 014b 3A       		.uleb128 0x3a
 1751 014c 0B       		.uleb128 0xb
 1752 014d 3B       		.uleb128 0x3b
 1753 014e 0B       		.uleb128 0xb
 1754 014f 49       		.uleb128 0x49
 1755 0150 13       		.uleb128 0x13
 1756 0151 02       		.uleb128 0x2
 1757 0152 17       		.uleb128 0x17
 1758 0153 00       		.byte	0
 1759 0154 00       		.byte	0
 1760 0155 1B       		.uleb128 0x1b
 1761 0156 2E       		.uleb128 0x2e
 1762 0157 01       		.byte	0x1
 1763 0158 3F       		.uleb128 0x3f
ARM GAS  /var/folders/bz/nn5481rn5xq59rb0mbj7x0880000gn/T//cczq85z6.s 			page 32


 1764 0159 19       		.uleb128 0x19
 1765 015a 03       		.uleb128 0x3
 1766 015b 0E       		.uleb128 0xe
 1767 015c 3A       		.uleb128 0x3a
 1768 015d 0B       		.uleb128 0xb
 1769 015e 3B       		.uleb128 0x3b
 1770 015f 0B       		.uleb128 0xb
 1771 0160 27       		.uleb128 0x27
 1772 0161 19       		.uleb128 0x19
 1773 0162 49       		.uleb128 0x49
 1774 0163 13       		.uleb128 0x13
 1775 0164 11       		.uleb128 0x11
 1776 0165 01       		.uleb128 0x1
 1777 0166 12       		.uleb128 0x12
 1778 0167 06       		.uleb128 0x6
 1779 0168 40       		.uleb128 0x40
 1780 0169 18       		.uleb128 0x18
 1781 016a 9742     		.uleb128 0x2117
 1782 016c 19       		.uleb128 0x19
 1783 016d 01       		.uleb128 0x1
 1784 016e 13       		.uleb128 0x13
 1785 016f 00       		.byte	0
 1786 0170 00       		.byte	0
 1787 0171 1C       		.uleb128 0x1c
 1788 0172 898201   		.uleb128 0x4109
 1789 0175 01       		.byte	0x1
 1790 0176 11       		.uleb128 0x11
 1791 0177 01       		.uleb128 0x1
 1792 0178 31       		.uleb128 0x31
 1793 0179 13       		.uleb128 0x13
 1794 017a 01       		.uleb128 0x1
 1795 017b 13       		.uleb128 0x13
 1796 017c 00       		.byte	0
 1797 017d 00       		.byte	0
 1798 017e 1D       		.uleb128 0x1d
 1799 017f 898201   		.uleb128 0x4109
 1800 0182 00       		.byte	0
 1801 0183 11       		.uleb128 0x11
 1802 0184 01       		.uleb128 0x1
 1803 0185 31       		.uleb128 0x31
 1804 0186 13       		.uleb128 0x13
 1805 0187 00       		.byte	0
 1806 0188 00       		.byte	0
 1807 0189 1E       		.uleb128 0x1e
 1808 018a 898201   		.uleb128 0x4109
 1809 018d 01       		.byte	0x1
 1810 018e 11       		.uleb128 0x11
 1811 018f 01       		.uleb128 0x1
 1812 0190 01       		.uleb128 0x1
 1813 0191 13       		.uleb128 0x13
 1814 0192 00       		.byte	0
 1815 0193 00       		.byte	0
 1816 0194 1F       		.uleb128 0x1f
 1817 0195 34       		.uleb128 0x34
 1818 0196 00       		.byte	0
 1819 0197 03       		.uleb128 0x3
 1820 0198 0E       		.uleb128 0xe
ARM GAS  /var/folders/bz/nn5481rn5xq59rb0mbj7x0880000gn/T//cczq85z6.s 			page 33


 1821 0199 3A       		.uleb128 0x3a
 1822 019a 0B       		.uleb128 0xb
 1823 019b 3B       		.uleb128 0x3b
 1824 019c 0B       		.uleb128 0xb
 1825 019d 49       		.uleb128 0x49
 1826 019e 13       		.uleb128 0x13
 1827 019f 02       		.uleb128 0x2
 1828 01a0 17       		.uleb128 0x17
 1829 01a1 00       		.byte	0
 1830 01a2 00       		.byte	0
 1831 01a3 20       		.uleb128 0x20
 1832 01a4 898201   		.uleb128 0x4109
 1833 01a7 00       		.byte	0
 1834 01a8 11       		.uleb128 0x11
 1835 01a9 01       		.uleb128 0x1
 1836 01aa 9542     		.uleb128 0x2115
 1837 01ac 19       		.uleb128 0x19
 1838 01ad 31       		.uleb128 0x31
 1839 01ae 13       		.uleb128 0x13
 1840 01af 00       		.byte	0
 1841 01b0 00       		.byte	0
 1842 01b1 21       		.uleb128 0x21
 1843 01b2 34       		.uleb128 0x34
 1844 01b3 00       		.byte	0
 1845 01b4 03       		.uleb128 0x3
 1846 01b5 0E       		.uleb128 0xe
 1847 01b6 3A       		.uleb128 0x3a
 1848 01b7 0B       		.uleb128 0xb
 1849 01b8 3B       		.uleb128 0x3b
 1850 01b9 0B       		.uleb128 0xb
 1851 01ba 49       		.uleb128 0x49
 1852 01bb 13       		.uleb128 0x13
 1853 01bc 02       		.uleb128 0x2
 1854 01bd 18       		.uleb128 0x18
 1855 01be 00       		.byte	0
 1856 01bf 00       		.byte	0
 1857 01c0 22       		.uleb128 0x22
 1858 01c1 2E       		.uleb128 0x2e
 1859 01c2 01       		.byte	0x1
 1860 01c3 3F       		.uleb128 0x3f
 1861 01c4 19       		.uleb128 0x19
 1862 01c5 03       		.uleb128 0x3
 1863 01c6 0E       		.uleb128 0xe
 1864 01c7 3A       		.uleb128 0x3a
 1865 01c8 0B       		.uleb128 0xb
 1866 01c9 3B       		.uleb128 0x3b
 1867 01ca 0B       		.uleb128 0xb
 1868 01cb 27       		.uleb128 0x27
 1869 01cc 19       		.uleb128 0x19
 1870 01cd 3C       		.uleb128 0x3c
 1871 01ce 19       		.uleb128 0x19
 1872 01cf 01       		.uleb128 0x1
 1873 01d0 13       		.uleb128 0x13
 1874 01d1 00       		.byte	0
 1875 01d2 00       		.byte	0
 1876 01d3 23       		.uleb128 0x23
 1877 01d4 2E       		.uleb128 0x2e
ARM GAS  /var/folders/bz/nn5481rn5xq59rb0mbj7x0880000gn/T//cczq85z6.s 			page 34


 1878 01d5 00       		.byte	0
 1879 01d6 3F       		.uleb128 0x3f
 1880 01d7 19       		.uleb128 0x19
 1881 01d8 03       		.uleb128 0x3
 1882 01d9 0E       		.uleb128 0xe
 1883 01da 3A       		.uleb128 0x3a
 1884 01db 0B       		.uleb128 0xb
 1885 01dc 3B       		.uleb128 0x3b
 1886 01dd 0B       		.uleb128 0xb
 1887 01de 27       		.uleb128 0x27
 1888 01df 19       		.uleb128 0x19
 1889 01e0 49       		.uleb128 0x49
 1890 01e1 13       		.uleb128 0x13
 1891 01e2 3C       		.uleb128 0x3c
 1892 01e3 19       		.uleb128 0x19
 1893 01e4 00       		.byte	0
 1894 01e5 00       		.byte	0
 1895 01e6 00       		.byte	0
 1896              		.section	.debug_loc,"",%progbits
 1897              	.Ldebug_loc0:
 1898              	.LLST0:
 1899 0000 00000000 		.4byte	.LVL1
 1900 0004 0C000000 		.4byte	.LVL4
 1901 0008 0100     		.2byte	0x1
 1902 000a 50       		.byte	0x50
 1903 000b 0C000000 		.4byte	.LVL4
 1904 000f 13000000 		.4byte	.LVL5-1
 1905 0013 0300     		.2byte	0x3
 1906 0015 70       		.byte	0x70
 1907 0016 70       		.sleb128 -16
 1908 0017 9F       		.byte	0x9f
 1909 0018 13000000 		.4byte	.LVL5-1
 1910 001c 14000000 		.4byte	.LFE8
 1911 0020 0400     		.2byte	0x4
 1912 0022 F3       		.byte	0xf3
 1913 0023 01       		.uleb128 0x1
 1914 0024 50       		.byte	0x50
 1915 0025 9F       		.byte	0x9f
 1916 0026 00000000 		.4byte	0
 1917 002a 00000000 		.4byte	0
 1918              	.LLST1:
 1919 002e 00000000 		.4byte	.LVL1
 1920 0032 13000000 		.4byte	.LVL5-1
 1921 0036 0100     		.2byte	0x1
 1922 0038 51       		.byte	0x51
 1923 0039 13000000 		.4byte	.LVL5-1
 1924 003d 14000000 		.4byte	.LFE8
 1925 0041 0400     		.2byte	0x4
 1926 0043 F3       		.byte	0xf3
 1927 0044 01       		.uleb128 0x1
 1928 0045 51       		.byte	0x51
 1929 0046 9F       		.byte	0x9f
 1930 0047 00000000 		.4byte	0
 1931 004b 00000000 		.4byte	0
 1932              	.LLST2:
 1933 004f 00000000 		.4byte	.LVL1
 1934 0053 04000000 		.4byte	.LVL2
ARM GAS  /var/folders/bz/nn5481rn5xq59rb0mbj7x0880000gn/T//cczq85z6.s 			page 35


 1935 0057 0100     		.2byte	0x1
 1936 0059 52       		.byte	0x52
 1937 005a 04000000 		.4byte	.LVL2
 1938 005e 13000000 		.4byte	.LVL5-1
 1939 0062 0300     		.2byte	0x3
 1940 0064 72       		.byte	0x72
 1941 0065 08       		.sleb128 8
 1942 0066 9F       		.byte	0x9f
 1943 0067 13000000 		.4byte	.LVL5-1
 1944 006b 14000000 		.4byte	.LFE8
 1945 006f 0400     		.2byte	0x4
 1946 0071 F3       		.byte	0xf3
 1947 0072 01       		.uleb128 0x1
 1948 0073 52       		.byte	0x52
 1949 0074 9F       		.byte	0x9f
 1950 0075 00000000 		.4byte	0
 1951 0079 00000000 		.4byte	0
 1952              	.LLST3:
 1953 007d 08000000 		.4byte	.LVL3
 1954 0081 13000000 		.4byte	.LVL5-1
 1955 0085 0100     		.2byte	0x1
 1956 0087 51       		.byte	0x51
 1957 0088 13000000 		.4byte	.LVL5-1
 1958 008c 14000000 		.4byte	.LFE8
 1959 0090 0400     		.2byte	0x4
 1960 0092 F3       		.byte	0xf3
 1961 0093 01       		.uleb128 0x1
 1962 0094 51       		.byte	0x51
 1963 0095 9F       		.byte	0x9f
 1964 0096 00000000 		.4byte	0
 1965 009a 00000000 		.4byte	0
 1966              	.LLST4:
 1967 009e 00000000 		.4byte	.LVL6
 1968 00a2 0A000000 		.4byte	.LVL7
 1969 00a6 0100     		.2byte	0x1
 1970 00a8 50       		.byte	0x50
 1971 00a9 0A000000 		.4byte	.LVL7
 1972 00ad 80000000 		.4byte	.LFE9
 1973 00b1 0100     		.2byte	0x1
 1974 00b3 56       		.byte	0x56
 1975 00b4 00000000 		.4byte	0
 1976 00b8 00000000 		.4byte	0
 1977              	.LLST5:
 1978 00bc 00000000 		.4byte	.LVL6
 1979 00c0 0C000000 		.4byte	.LVL8
 1980 00c4 0100     		.2byte	0x1
 1981 00c6 51       		.byte	0x51
 1982 00c7 0C000000 		.4byte	.LVL8
 1983 00cb 14000000 		.4byte	.LVL9
 1984 00cf 0300     		.2byte	0x3
 1985 00d1 71       		.byte	0x71
 1986 00d2 79       		.sleb128 -7
 1987 00d3 9F       		.byte	0x9f
 1988 00d4 14000000 		.4byte	.LVL9
 1989 00d8 80000000 		.4byte	.LFE9
 1990 00dc 0100     		.2byte	0x1
 1991 00de 55       		.byte	0x55
ARM GAS  /var/folders/bz/nn5481rn5xq59rb0mbj7x0880000gn/T//cczq85z6.s 			page 36


 1992 00df 00000000 		.4byte	0
 1993 00e3 00000000 		.4byte	0
 1994              	.LLST6:
 1995 00e7 18000000 		.4byte	.LVL10
 1996 00eb 44000000 		.4byte	.LVL17
 1997 00ef 0100     		.2byte	0x1
 1998 00f1 54       		.byte	0x54
 1999 00f2 48000000 		.4byte	.LVL18
 2000 00f6 56000000 		.4byte	.LVL19
 2001 00fa 0100     		.2byte	0x1
 2002 00fc 54       		.byte	0x54
 2003 00fd 62000000 		.4byte	.LVL21
 2004 0101 7A000000 		.4byte	.LVL24
 2005 0105 0100     		.2byte	0x1
 2006 0107 54       		.byte	0x54
 2007 0108 00000000 		.4byte	0
 2008 010c 00000000 		.4byte	0
 2009              	.LLST7:
 2010 0110 1E000000 		.4byte	.LVL12
 2011 0114 26000000 		.4byte	.LVL13
 2012 0118 0100     		.2byte	0x1
 2013 011a 50       		.byte	0x50
 2014 011b 28000000 		.4byte	.LVL14
 2015 011f 2F000000 		.4byte	.LVL15-1
 2016 0123 0100     		.2byte	0x1
 2017 0125 50       		.byte	0x50
 2018 0126 3A000000 		.4byte	.LVL16
 2019 012a 44000000 		.4byte	.LVL17
 2020 012e 0100     		.2byte	0x1
 2021 0130 50       		.byte	0x50
 2022 0131 48000000 		.4byte	.LVL18
 2023 0135 5D000000 		.4byte	.LVL20-1
 2024 0139 0100     		.2byte	0x1
 2025 013b 50       		.byte	0x50
 2026 013c 5D000000 		.4byte	.LVL20-1
 2027 0140 62000000 		.4byte	.LVL21
 2028 0144 0300     		.2byte	0x3
 2029 0146 74       		.byte	0x74
 2030 0147 78       		.sleb128 -8
 2031 0148 9F       		.byte	0x9f
 2032 0149 62000000 		.4byte	.LVL21
 2033 014d 78000000 		.4byte	.LVL23
 2034 0151 0100     		.2byte	0x1
 2035 0153 50       		.byte	0x50
 2036 0154 00000000 		.4byte	0
 2037 0158 00000000 		.4byte	0
 2038              	.LLST8:
 2039 015c 6A000000 		.4byte	.LVL22
 2040 0160 78000000 		.4byte	.LVL23
 2041 0164 0100     		.2byte	0x1
 2042 0166 57       		.byte	0x57
 2043 0167 00000000 		.4byte	0
 2044 016b 00000000 		.4byte	0
 2045              	.LLST9:
 2046 016f 00000000 		.4byte	.LVL25
 2047 0173 0C000000 		.4byte	.LVL27
 2048 0177 0100     		.2byte	0x1
ARM GAS  /var/folders/bz/nn5481rn5xq59rb0mbj7x0880000gn/T//cczq85z6.s 			page 37


 2049 0179 50       		.byte	0x50
 2050 017a 0C000000 		.4byte	.LVL27
 2051 017e 5A000000 		.4byte	.LVL36
 2052 0182 0100     		.2byte	0x1
 2053 0184 56       		.byte	0x56
 2054 0185 5A000000 		.4byte	.LVL36
 2055 0189 5E000000 		.4byte	.LVL37
 2056 018d 0400     		.2byte	0x4
 2057 018f F3       		.byte	0xf3
 2058 0190 01       		.uleb128 0x1
 2059 0191 50       		.byte	0x50
 2060 0192 9F       		.byte	0x9f
 2061 0193 5E000000 		.4byte	.LVL37
 2062 0197 8A000000 		.4byte	.LVL38
 2063 019b 0100     		.2byte	0x1
 2064 019d 56       		.byte	0x56
 2065 019e 8A000000 		.4byte	.LVL38
 2066 01a2 8E000000 		.4byte	.LFE10
 2067 01a6 0400     		.2byte	0x4
 2068 01a8 F3       		.byte	0xf3
 2069 01a9 01       		.uleb128 0x1
 2070 01aa 50       		.byte	0x50
 2071 01ab 9F       		.byte	0x9f
 2072 01ac 00000000 		.4byte	0
 2073 01b0 00000000 		.4byte	0
 2074              	.LLST10:
 2075 01b4 10000000 		.4byte	.LVL28
 2076 01b8 18000000 		.4byte	.LVL31
 2077 01bc 0100     		.2byte	0x1
 2078 01be 55       		.byte	0x55
 2079 01bf 18000000 		.4byte	.LVL31
 2080 01c3 30000000 		.4byte	.LVL33
 2081 01c7 0100     		.2byte	0x1
 2082 01c9 53       		.byte	0x53
 2083 01ca 32000000 		.4byte	.LVL34
 2084 01ce 5D000000 		.4byte	.LVL37-1
 2085 01d2 0100     		.2byte	0x1
 2086 01d4 53       		.byte	0x53
 2087 01d5 5E000000 		.4byte	.LVL37
 2088 01d9 8D000000 		.4byte	.LVL39-1
 2089 01dd 0100     		.2byte	0x1
 2090 01df 53       		.byte	0x53
 2091 01e0 00000000 		.4byte	0
 2092 01e4 00000000 		.4byte	0
 2093              	.LLST11:
 2094 01e8 08000000 		.4byte	.LVL26
 2095 01ec 5A000000 		.4byte	.LVL36
 2096 01f0 0100     		.2byte	0x1
 2097 01f2 54       		.byte	0x54
 2098 01f3 5A000000 		.4byte	.LVL36
 2099 01f7 5E000000 		.4byte	.LVL37
 2100 01fb 0600     		.2byte	0x6
 2101 01fd F3       		.byte	0xf3
 2102 01fe 01       		.uleb128 0x1
 2103 01ff 50       		.byte	0x50
 2104 0200 38       		.byte	0x38
 2105 0201 1C       		.byte	0x1c
ARM GAS  /var/folders/bz/nn5481rn5xq59rb0mbj7x0880000gn/T//cczq85z6.s 			page 38


 2106 0202 9F       		.byte	0x9f
 2107 0203 5E000000 		.4byte	.LVL37
 2108 0207 8A000000 		.4byte	.LVL38
 2109 020b 0100     		.2byte	0x1
 2110 020d 54       		.byte	0x54
 2111 020e 8A000000 		.4byte	.LVL38
 2112 0212 8E000000 		.4byte	.LFE10
 2113 0216 0600     		.2byte	0x6
 2114 0218 F3       		.byte	0xf3
 2115 0219 01       		.uleb128 0x1
 2116 021a 50       		.byte	0x50
 2117 021b 38       		.byte	0x38
 2118 021c 1C       		.byte	0x1c
 2119 021d 9F       		.byte	0x9f
 2120 021e 00000000 		.4byte	0
 2121 0222 00000000 		.4byte	0
 2122              	.LLST12:
 2123 0226 0C000000 		.4byte	.LVL27
 2124 022a 12000000 		.4byte	.LVL29
 2125 022e 0100     		.2byte	0x1
 2126 0230 50       		.byte	0x50
 2127 0231 12000000 		.4byte	.LVL29
 2128 0235 15000000 		.4byte	.LVL30-1
 2129 0239 0200     		.2byte	0x2
 2130 023b 74       		.byte	0x74
 2131 023c 00       		.sleb128 0
 2132 023d 15000000 		.4byte	.LVL30-1
 2133 0241 44000000 		.4byte	.LVL35
 2134 0245 0300     		.2byte	0x3
 2135 0247 75       		.byte	0x75
 2136 0248 78       		.sleb128 -8
 2137 0249 9F       		.byte	0x9f
 2138 024a 00000000 		.4byte	0
 2139 024e 00000000 		.4byte	0
 2140              	.LLST13:
 2141 0252 00000000 		.4byte	.LVL40
 2142 0256 0A000000 		.4byte	.LVL41
 2143 025a 0100     		.2byte	0x1
 2144 025c 50       		.byte	0x50
 2145 025d 0A000000 		.4byte	.LVL41
 2146 0261 1C000000 		.4byte	.LVL43
 2147 0265 0100     		.2byte	0x1
 2148 0267 54       		.byte	0x54
 2149 0268 1C000000 		.4byte	.LVL43
 2150 026c 34000000 		.4byte	.LVL48
 2151 0270 1300     		.2byte	0x13
 2152 0272 F3       		.byte	0xf3
 2153 0273 01       		.uleb128 0x1
 2154 0274 50       		.byte	0x50
 2155 0275 03       		.byte	0x3
 2156 0276 00000000 		.4byte	.LANCHOR0
 2157 027a F3       		.byte	0xf3
 2158 027b 01       		.uleb128 0x1
 2159 027c 50       		.byte	0x50
 2160 027d 30       		.byte	0x30
 2161 027e 2E       		.byte	0x2e
 2162 027f 28       		.byte	0x28
ARM GAS  /var/folders/bz/nn5481rn5xq59rb0mbj7x0880000gn/T//cczq85z6.s 			page 39


 2163 0280 0100     		.2byte	0x1
 2164 0282 16       		.byte	0x16
 2165 0283 13       		.byte	0x13
 2166 0284 9F       		.byte	0x9f
 2167 0285 34000000 		.4byte	.LVL48
 2168 0289 38000000 		.4byte	.LVL49
 2169 028d 0100     		.2byte	0x1
 2170 028f 54       		.byte	0x54
 2171 0290 38000000 		.4byte	.LVL49
 2172 0294 40000000 		.4byte	.LFE11
 2173 0298 1300     		.2byte	0x13
 2174 029a F3       		.byte	0xf3
 2175 029b 01       		.uleb128 0x1
 2176 029c 50       		.byte	0x50
 2177 029d 03       		.byte	0x3
 2178 029e 00000000 		.4byte	.LANCHOR0
 2179 02a2 F3       		.byte	0xf3
 2180 02a3 01       		.uleb128 0x1
 2181 02a4 50       		.byte	0x50
 2182 02a5 30       		.byte	0x30
 2183 02a6 2E       		.byte	0x2e
 2184 02a7 28       		.byte	0x28
 2185 02a8 0100     		.2byte	0x1
 2186 02aa 16       		.byte	0x16
 2187 02ab 13       		.byte	0x13
 2188 02ac 9F       		.byte	0x9f
 2189 02ad 00000000 		.4byte	0
 2190 02b1 00000000 		.4byte	0
 2191              	.LLST14:
 2192 02b5 00000000 		.4byte	.LVL40
 2193 02b9 13000000 		.4byte	.LVL42-1
 2194 02bd 0100     		.2byte	0x1
 2195 02bf 51       		.byte	0x51
 2196 02c0 13000000 		.4byte	.LVL42-1
 2197 02c4 40000000 		.4byte	.LFE11
 2198 02c8 0100     		.2byte	0x1
 2199 02ca 55       		.byte	0x55
 2200 02cb 00000000 		.4byte	0
 2201 02cf 00000000 		.4byte	0
 2202              	.LLST15:
 2203 02d3 14000000 		.4byte	.LVL42
 2204 02d7 1C000000 		.4byte	.LVL43
 2205 02db 0300     		.2byte	0x3
 2206 02dd 74       		.byte	0x74
 2207 02de 08       		.sleb128 8
 2208 02df 9F       		.byte	0x9f
 2209 02e0 1C000000 		.4byte	.LVL43
 2210 02e4 24000000 		.4byte	.LVL45
 2211 02e8 1500     		.2byte	0x15
 2212 02ea F3       		.byte	0xf3
 2213 02eb 01       		.uleb128 0x1
 2214 02ec 50       		.byte	0x50
 2215 02ed 03       		.byte	0x3
 2216 02ee 00000000 		.4byte	.LANCHOR0
 2217 02f2 F3       		.byte	0xf3
 2218 02f3 01       		.uleb128 0x1
 2219 02f4 50       		.byte	0x50
ARM GAS  /var/folders/bz/nn5481rn5xq59rb0mbj7x0880000gn/T//cczq85z6.s 			page 40


 2220 02f5 30       		.byte	0x30
 2221 02f6 2E       		.byte	0x2e
 2222 02f7 28       		.byte	0x28
 2223 02f8 0100     		.2byte	0x1
 2224 02fa 16       		.byte	0x16
 2225 02fb 13       		.byte	0x13
 2226 02fc 23       		.byte	0x23
 2227 02fd 08       		.uleb128 0x8
 2228 02fe 9F       		.byte	0x9f
 2229 02ff 34000000 		.4byte	.LVL48
 2230 0303 38000000 		.4byte	.LVL49
 2231 0307 0300     		.2byte	0x3
 2232 0309 74       		.byte	0x74
 2233 030a 08       		.sleb128 8
 2234 030b 9F       		.byte	0x9f
 2235 030c 38000000 		.4byte	.LVL49
 2236 0310 40000000 		.4byte	.LFE11
 2237 0314 1500     		.2byte	0x15
 2238 0316 F3       		.byte	0xf3
 2239 0317 01       		.uleb128 0x1
 2240 0318 50       		.byte	0x50
 2241 0319 03       		.byte	0x3
 2242 031a 00000000 		.4byte	.LANCHOR0
 2243 031e F3       		.byte	0xf3
 2244 031f 01       		.uleb128 0x1
 2245 0320 50       		.byte	0x50
 2246 0321 30       		.byte	0x30
 2247 0322 2E       		.byte	0x2e
 2248 0323 28       		.byte	0x28
 2249 0324 0100     		.2byte	0x1
 2250 0326 16       		.byte	0x16
 2251 0327 13       		.byte	0x13
 2252 0328 23       		.byte	0x23
 2253 0329 08       		.uleb128 0x8
 2254 032a 9F       		.byte	0x9f
 2255 032b 00000000 		.4byte	0
 2256 032f 00000000 		.4byte	0
 2257              	.LLST16:
 2258 0333 14000000 		.4byte	.LVL42
 2259 0337 1C000000 		.4byte	.LVL43
 2260 033b 0200     		.2byte	0x2
 2261 033d 30       		.byte	0x30
 2262 033e 9F       		.byte	0x9f
 2263 033f 1C000000 		.4byte	.LVL43
 2264 0343 22000000 		.4byte	.LVL44
 2265 0347 0100     		.2byte	0x1
 2266 0349 54       		.byte	0x54
 2267 034a 22000000 		.4byte	.LVL44
 2268 034e 24000000 		.4byte	.LVL45
 2269 0352 0300     		.2byte	0x3
 2270 0354 74       		.byte	0x74
 2271 0355 7F       		.sleb128 -1
 2272 0356 9F       		.byte	0x9f
 2273 0357 24000000 		.4byte	.LVL45
 2274 035b 28000000 		.4byte	.LVL46
 2275 035f 0100     		.2byte	0x1
 2276 0361 54       		.byte	0x54
ARM GAS  /var/folders/bz/nn5481rn5xq59rb0mbj7x0880000gn/T//cczq85z6.s 			page 41


 2277 0362 34000000 		.4byte	.LVL48
 2278 0366 40000000 		.4byte	.LFE11
 2279 036a 0200     		.2byte	0x2
 2280 036c 30       		.byte	0x30
 2281 036d 9F       		.byte	0x9f
 2282 036e 00000000 		.4byte	0
 2283 0372 00000000 		.4byte	0
 2284              	.LLST17:
 2285 0376 14000000 		.4byte	.LVL42
 2286 037a 1C000000 		.4byte	.LVL43
 2287 037e 0200     		.2byte	0x2
 2288 0380 30       		.byte	0x30
 2289 0381 9F       		.byte	0x9f
 2290 0382 1C000000 		.4byte	.LVL43
 2291 0386 28000000 		.4byte	.LVL46
 2292 038a 0100     		.2byte	0x1
 2293 038c 52       		.byte	0x52
 2294 038d 34000000 		.4byte	.LVL48
 2295 0391 40000000 		.4byte	.LFE11
 2296 0395 0200     		.2byte	0x2
 2297 0397 30       		.byte	0x30
 2298 0398 9F       		.byte	0x9f
 2299 0399 00000000 		.4byte	0
 2300 039d 00000000 		.4byte	0
 2301              		.section	.debug_aranges,"",%progbits
 2302 0000 3C000000 		.4byte	0x3c
 2303 0004 0200     		.2byte	0x2
 2304 0006 00000000 		.4byte	.Ldebug_info0
 2305 000a 04       		.byte	0x4
 2306 000b 00       		.byte	0
 2307 000c 0000     		.2byte	0
 2308 000e 0000     		.2byte	0
 2309 0010 00000000 		.4byte	.LFB7
 2310 0014 1C000000 		.4byte	.LFE7-.LFB7
 2311 0018 00000000 		.4byte	.LFB8
 2312 001c 14000000 		.4byte	.LFE8-.LFB8
 2313 0020 00000000 		.4byte	.LFB9
 2314 0024 80000000 		.4byte	.LFE9-.LFB9
 2315 0028 00000000 		.4byte	.LFB10
 2316 002c 8E000000 		.4byte	.LFE10-.LFB10
 2317 0030 00000000 		.4byte	.LFB11
 2318 0034 40000000 		.4byte	.LFE11-.LFB11
 2319 0038 00000000 		.4byte	0
 2320 003c 00000000 		.4byte	0
 2321              		.section	.debug_ranges,"",%progbits
 2322              	.Ldebug_ranges0:
 2323 0000 00000000 		.4byte	.LFB7
 2324 0004 1C000000 		.4byte	.LFE7
 2325 0008 00000000 		.4byte	.LFB8
 2326 000c 14000000 		.4byte	.LFE8
 2327 0010 00000000 		.4byte	.LFB9
 2328 0014 80000000 		.4byte	.LFE9
 2329 0018 00000000 		.4byte	.LFB10
 2330 001c 8E000000 		.4byte	.LFE10
 2331 0020 00000000 		.4byte	.LFB11
 2332 0024 40000000 		.4byte	.LFE11
 2333 0028 00000000 		.4byte	0
ARM GAS  /var/folders/bz/nn5481rn5xq59rb0mbj7x0880000gn/T//cczq85z6.s 			page 42


 2334 002c 00000000 		.4byte	0
 2335              		.section	.debug_line,"",%progbits
 2336              	.Ldebug_line0:
 2337 0000 F7020000 		.section	.debug_str,"MS",%progbits,1
 2337      02000A02 
 2337      00000201 
 2337      FB0E0D00 
 2337      01010101 
 2338              	.LASF42:
 2339 0000 705F6D73 		.ascii	"p_msg\000"
 2339      6700
 2340              	.LASF2:
 2341 0006 73697A65 		.ascii	"size_t\000"
 2341      5F7400
 2342              	.LASF68:
 2343 000d 7264796D 		.ascii	"rdymsg\000"
 2343      736700
 2344              	.LASF17:
 2345 0014 75696E74 		.ascii	"uint64_t\000"
 2345      36345F74 
 2345      00
 2346              	.LASF3:
 2347 001d 5F5F7569 		.ascii	"__uint8_t\000"
 2347      6E74385F 
 2347      7400
 2348              	.LASF58:
 2349 0027 6D656D67 		.ascii	"memgetfunc_t\000"
 2349      65746675 
 2349      6E635F74 
 2349      00
 2350              	.LASF13:
 2351 0034 6C6F6E67 		.ascii	"long long unsigned int\000"
 2351      206C6F6E 
 2351      6720756E 
 2351      7369676E 
 2351      65642069 
 2352              	.LASF62:
 2353 004b 685F6672 		.ascii	"h_free\000"
 2353      656500
 2354              	.LASF75:
 2355 0052 68656170 		.ascii	"heapp\000"
 2355      7000
 2356              	.LASF87:
 2357 0058 63684D74 		.ascii	"chMtxUnlock\000"
 2357      78556E6C 
 2357      6F636B00 
 2358              	.LASF74:
 2359 0064 63684865 		.ascii	"chHeapInit\000"
 2359      6170496E 
 2359      697400
 2360              	.LASF64:
 2361 006f 6E657874 		.ascii	"next\000"
 2361      00
 2362              	.LASF30:
 2363 0074 705F7072 		.ascii	"p_prio\000"
 2363      696F00
 2364              	.LASF11:
ARM GAS  /var/folders/bz/nn5481rn5xq59rb0mbj7x0880000gn/T//cczq85z6.s 			page 43


 2365 007b 6C6F6E67 		.ascii	"long long int\000"
 2365      206C6F6E 
 2365      6720696E 
 2365      7400
 2366              	.LASF1:
 2367 0089 7369676E 		.ascii	"signed char\000"
 2367      65642063 
 2367      68617200 
 2368              	.LASF63:
 2369 0095 685F6D74 		.ascii	"h_mtx\000"
 2369      7800
 2370              	.LASF46:
 2371 009b 705F6D70 		.ascii	"p_mpool\000"
 2371      6F6F6C00 
 2372              	.LASF55:
 2373 00a3 6D5F7175 		.ascii	"m_queue\000"
 2373      65756500 
 2374              	.LASF76:
 2375 00ab 63684865 		.ascii	"chHeapFree\000"
 2375      61704672 
 2375      656500
 2376              	.LASF22:
 2377 00b6 74736C69 		.ascii	"tslices_t\000"
 2377      6365735F 
 2377      7400
 2378              	.LASF8:
 2379 00c0 6C6F6E67 		.ascii	"long int\000"
 2379      20696E74 
 2379      00
 2380              	.LASF20:
 2381 00c9 74737461 		.ascii	"tstate_t\000"
 2381      74655F74 
 2381      00
 2382              	.LASF32:
 2383 00d2 705F6E65 		.ascii	"p_newer\000"
 2383      77657200 
 2384              	.LASF84:
 2385 00da 6C69622F 		.ascii	"lib/ChibiOS_2.6.6/os/kernel/src/chheap.c\000"
 2385      43686962 
 2385      694F535F 
 2385      322E362E 
 2385      362F6F73 
 2386              	.LASF85:
 2387 0103 2F557365 		.ascii	"/Users/imac/oroca_bldc_dev/oroca_bldc/\000"
 2387      72732F69 
 2387      6D61632F 
 2387      6F726F63 
 2387      615F626C 
 2388              	.LASF9:
 2389 012a 5F5F7569 		.ascii	"__uint32_t\000"
 2389      6E743332 
 2389      5F7400
 2390              	.LASF49:
 2391 0135 72656761 		.ascii	"regarm_t\000"
 2391      726D5F74 
 2391      00
 2392              	.LASF66:
ARM GAS  /var/folders/bz/nn5481rn5xq59rb0mbj7x0880000gn/T//cczq85z6.s 			page 44


 2393 013e 616C6967 		.ascii	"align\000"
 2393      6E00
 2394              	.LASF0:
 2395 0144 756E7369 		.ascii	"unsigned int\000"
 2395      676E6564 
 2395      20696E74 
 2395      00
 2396              	.LASF10:
 2397 0151 6C6F6E67 		.ascii	"long unsigned int\000"
 2397      20756E73 
 2397      69676E65 
 2397      6420696E 
 2397      7400
 2398              	.LASF52:
 2399 0163 636F6E74 		.ascii	"context\000"
 2399      65787400 
 2400              	.LASF67:
 2401 016b 73697A65 		.ascii	"size\000"
 2401      00
 2402              	.LASF6:
 2403 0170 73686F72 		.ascii	"short unsigned int\000"
 2403      7420756E 
 2403      7369676E 
 2403      65642069 
 2403      6E7400
 2404              	.LASF24:
 2405 0183 6D73675F 		.ascii	"msg_t\000"
 2405      7400
 2406              	.LASF69:
 2407 0189 65786974 		.ascii	"exitcode\000"
 2407      636F6465 
 2407      00
 2408              	.LASF19:
 2409 0192 746D6F64 		.ascii	"tmode_t\000"
 2409      655F7400 
 2410              	.LASF48:
 2411 019a 54687265 		.ascii	"ThreadsList\000"
 2411      6164734C 
 2411      69737400 
 2412              	.LASF25:
 2413 01a6 6576656E 		.ascii	"eventmask_t\000"
 2413      746D6173 
 2413      6B5F7400 
 2414              	.LASF54:
 2415 01b2 4D757465 		.ascii	"Mutex\000"
 2415      7800
 2416              	.LASF50:
 2417 01b8 73746B61 		.ascii	"stkalign_t\000"
 2417      6C69676E 
 2417      5F7400
 2418              	.LASF53:
 2419 01c3 73697A65 		.ascii	"sizetype\000"
 2419      74797065 
 2419      00
 2420              	.LASF82:
 2421 01cc 63684D74 		.ascii	"chMtxLock\000"
 2421      784C6F63 
ARM GAS  /var/folders/bz/nn5481rn5xq59rb0mbj7x0880000gn/T//cczq85z6.s 			page 45


 2421      6B00
 2422              	.LASF33:
 2423 01d6 705F6F6C 		.ascii	"p_older\000"
 2423      64657200 
 2424              	.LASF47:
 2425 01de 54687265 		.ascii	"ThreadsQueue\000"
 2425      61647351 
 2425      75657565 
 2425      00
 2426              	.LASF59:
 2427 01eb 4D656D6F 		.ascii	"MemoryHeap\000"
 2427      72794865 
 2427      617000
 2428              	.LASF12:
 2429 01f6 5F5F7569 		.ascii	"__uint64_t\000"
 2429      6E743634 
 2429      5F7400
 2430              	.LASF21:
 2431 0201 74726566 		.ascii	"trefs_t\000"
 2431      735F7400 
 2432              	.LASF29:
 2433 0209 705F7072 		.ascii	"p_prev\000"
 2433      657600
 2434              	.LASF23:
 2435 0210 74707269 		.ascii	"tprio_t\000"
 2435      6F5F7400 
 2436              	.LASF18:
 2437 0218 5F426F6F 		.ascii	"_Bool\000"
 2437      6C00
 2438              	.LASF15:
 2439 021e 696E7433 		.ascii	"int32_t\000"
 2439      325F7400 
 2440              	.LASF4:
 2441 0226 756E7369 		.ascii	"unsigned char\000"
 2441      676E6564 
 2441      20636861 
 2441      7200
 2442              	.LASF61:
 2443 0234 685F7072 		.ascii	"h_provider\000"
 2443      6F766964 
 2443      657200
 2444              	.LASF44:
 2445 023f 705F6D74 		.ascii	"p_mtxlist\000"
 2445      786C6973 
 2445      7400
 2446              	.LASF5:
 2447 0249 73686F72 		.ascii	"short int\000"
 2447      7420696E 
 2447      7400
 2448              	.LASF35:
 2449 0253 705F7374 		.ascii	"p_state\000"
 2449      61746500 
 2450              	.LASF38:
 2451 025b 705F7072 		.ascii	"p_preempt\000"
 2451      65656D70 
 2451      7400
 2452              	.LASF86:
ARM GAS  /var/folders/bz/nn5481rn5xq59rb0mbj7x0880000gn/T//cczq85z6.s 			page 46


 2453 0265 68656170 		.ascii	"heap_header\000"
 2453      5F686561 
 2453      64657200 
 2454              	.LASF71:
 2455 0271 65776D61 		.ascii	"ewmask\000"
 2455      736B00
 2456              	.LASF28:
 2457 0278 705F6E65 		.ascii	"p_next\000"
 2457      787400
 2458              	.LASF36:
 2459 027f 705F666C 		.ascii	"p_flags\000"
 2459      61677300 
 2460              	.LASF27:
 2461 0287 54687265 		.ascii	"Thread\000"
 2461      616400
 2462              	.LASF77:
 2463 028e 63684865 		.ascii	"chHeapAlloc\000"
 2463      6170416C 
 2463      6C6F6300 
 2464              	.LASF43:
 2465 029a 705F6570 		.ascii	"p_epending\000"
 2465      656E6469 
 2465      6E6700
 2466              	.LASF16:
 2467 02a5 75696E74 		.ascii	"uint32_t\000"
 2467      33325F74 
 2467      00
 2468              	.LASF65:
 2469 02ae 68656170 		.ascii	"heap\000"
 2469      00
 2470              	.LASF80:
 2471 02b3 64656661 		.ascii	"default_heap\000"
 2471      756C745F 
 2471      68656170 
 2471      00
 2472              	.LASF72:
 2473 02c0 63686172 		.ascii	"char\000"
 2473      00
 2474              	.LASF78:
 2475 02c5 63684865 		.ascii	"chHeapStatus\000"
 2475      61705374 
 2475      61747573 
 2475      00
 2476              	.LASF57:
 2477 02d2 6D5F6E65 		.ascii	"m_next\000"
 2477      787400
 2478              	.LASF26:
 2479 02d9 73797374 		.ascii	"systime_t\000"
 2479      696D655F 
 2479      7400
 2480              	.LASF45:
 2481 02e3 705F7265 		.ascii	"p_realprio\000"
 2481      616C7072 
 2481      696F00
 2482              	.LASF7:
 2483 02ee 5F5F696E 		.ascii	"__int32_t\000"
 2483      7433325F 
ARM GAS  /var/folders/bz/nn5481rn5xq59rb0mbj7x0880000gn/T//cczq85z6.s 			page 47


 2483      7400
 2484              	.LASF83:
 2485 02f8 474E5520 		.ascii	"GNU C 4.9.3 20150529 (release) [ARM/embedded-4_9-br"
 2485      4320342E 
 2485      392E3320 
 2485      32303135 
 2485      30353239 
 2486 032b 616E6368 		.ascii	"anch revision 224288] -mcpu=cortex-m4 -mfloat-abi=h"
 2486      20726576 
 2486      6973696F 
 2486      6E203232 
 2486      34323838 
 2487 035e 61726420 		.ascii	"ard -mfpu=fpv4-sp-d16 -mno-thumb-interwork -mthumb "
 2487      2D6D6670 
 2487      753D6670 
 2487      76342D73 
 2487      702D6431 
 2488 0391 2D676764 		.ascii	"-ggdb -O2 -std=gnu99 -fomit-frame-pointer -falign-f"
 2488      62202D4F 
 2488      32202D73 
 2488      74643D67 
 2488      6E753939 
 2489 03c4 756E6374 		.ascii	"unctions=16 -ffunction-sections -fdata-sections -fn"
 2489      696F6E73 
 2489      3D313620 
 2489      2D666675 
 2489      6E637469 
 2490 03f7 6F2D636F 		.ascii	"o-common -fsingle-precision-constant\000"
 2490      6D6D6F6E 
 2490      202D6673 
 2490      696E676C 
 2490      652D7072 
 2491              	.LASF39:
 2492 041c 705F7469 		.ascii	"p_time\000"
 2492      6D6500
 2493              	.LASF51:
 2494 0423 696E7463 		.ascii	"intctx\000"
 2494      747800
 2495              	.LASF41:
 2496 042a 705F6D73 		.ascii	"p_msgqueue\000"
 2496      67717565 
 2496      756500
 2497              	.LASF81:
 2498 0435 63684D74 		.ascii	"chMtxInit\000"
 2498      78496E69 
 2498      7400
 2499              	.LASF37:
 2500 043f 705F7265 		.ascii	"p_refs\000"
 2500      667300
 2501              	.LASF14:
 2502 0446 75696E74 		.ascii	"uint8_t\000"
 2502      385F7400 
 2503              	.LASF70:
 2504 044e 77746F62 		.ascii	"wtobjp\000"
 2504      6A7000
 2505              	.LASF79:
 2506 0455 73697A65 		.ascii	"sizep\000"
ARM GAS  /var/folders/bz/nn5481rn5xq59rb0mbj7x0880000gn/T//cczq85z6.s 			page 48


 2506      7000
 2507              	.LASF34:
 2508 045b 705F6E61 		.ascii	"p_name\000"
 2508      6D6500
 2509              	.LASF73:
 2510 0462 5F686561 		.ascii	"_heap_init\000"
 2510      705F696E 
 2510      697400
 2511              	.LASF56:
 2512 046d 6D5F6F77 		.ascii	"m_owner\000"
 2512      6E657200 
 2513              	.LASF31:
 2514 0475 705F6374 		.ascii	"p_ctx\000"
 2514      7800
 2515              	.LASF40:
 2516 047b 705F7761 		.ascii	"p_waiting\000"
 2516      6974696E 
 2516      6700
 2517              	.LASF60:
 2518 0485 6D656D6F 		.ascii	"memory_heap\000"
 2518      72795F68 
 2518      65617000 
 2519              		.ident	"GCC: (GNU Tools for ARM Embedded Processors) 4.9.3 20150529 (release) [ARM/embedded-4_9-br
ARM GAS  /var/folders/bz/nn5481rn5xq59rb0mbj7x0880000gn/T//cczq85z6.s 			page 49


DEFINED SYMBOLS
                            *ABS*:0000000000000000 chheap.c
/var/folders/bz/nn5481rn5xq59rb0mbj7x0880000gn/T//cczq85z6.s:21     .text._heap_init:0000000000000000 $t
/var/folders/bz/nn5481rn5xq59rb0mbj7x0880000gn/T//cczq85z6.s:27     .text._heap_init:0000000000000000 _heap_init
/var/folders/bz/nn5481rn5xq59rb0mbj7x0880000gn/T//cczq85z6.s:52     .text._heap_init:0000000000000014 $d
/var/folders/bz/nn5481rn5xq59rb0mbj7x0880000gn/T//cczq85z6.s:58     .text.chHeapInit:0000000000000000 $t
/var/folders/bz/nn5481rn5xq59rb0mbj7x0880000gn/T//cczq85z6.s:64     .text.chHeapInit:0000000000000000 chHeapInit
/var/folders/bz/nn5481rn5xq59rb0mbj7x0880000gn/T//cczq85z6.s:98     .text.chHeapAlloc:0000000000000000 $t
/var/folders/bz/nn5481rn5xq59rb0mbj7x0880000gn/T//cczq85z6.s:104    .text.chHeapAlloc:0000000000000000 chHeapAlloc
/var/folders/bz/nn5481rn5xq59rb0mbj7x0880000gn/T//cczq85z6.s:226    .text.chHeapAlloc:000000000000007c $d
/var/folders/bz/nn5481rn5xq59rb0mbj7x0880000gn/T//cczq85z6.s:231    .text.chHeapFree:0000000000000000 $t
/var/folders/bz/nn5481rn5xq59rb0mbj7x0880000gn/T//cczq85z6.s:237    .text.chHeapFree:0000000000000000 chHeapFree
/var/folders/bz/nn5481rn5xq59rb0mbj7x0880000gn/T//cczq85z6.s:370    .text.chHeapStatus:0000000000000000 $t
/var/folders/bz/nn5481rn5xq59rb0mbj7x0880000gn/T//cczq85z6.s:376    .text.chHeapStatus:0000000000000000 chHeapStatus
/var/folders/bz/nn5481rn5xq59rb0mbj7x0880000gn/T//cczq85z6.s:446    .text.chHeapStatus:000000000000003c $d
/var/folders/bz/nn5481rn5xq59rb0mbj7x0880000gn/T//cczq85z6.s:451    .bss.default_heap:0000000000000000 $d
/var/folders/bz/nn5481rn5xq59rb0mbj7x0880000gn/T//cczq85z6.s:455    .bss.default_heap:0000000000000000 default_heap
                     .debug_frame:0000000000000010 $d

UNDEFINED SYMBOLS
chMtxInit
chCoreAlloc
chMtxLock
chMtxUnlock
