ARM GAS  /var/folders/bz/nn5481rn5xq59rb0mbj7x0880000gn/T//ccPCuwil.s 			page 1


   1              		.syntax unified
   2              		.cpu cortex-m4
   3              		.eabi_attribute 27, 1
   4              		.eabi_attribute 28, 1
   5              		.fpu fpv4-sp-d16
   6              		.eabi_attribute 20, 1
   7              		.eabi_attribute 21, 1
   8              		.eabi_attribute 23, 3
   9              		.eabi_attribute 24, 1
  10              		.eabi_attribute 25, 1
  11              		.eabi_attribute 26, 1
  12              		.eabi_attribute 30, 2
  13              		.eabi_attribute 34, 1
  14              		.eabi_attribute 18, 4
  15              		.thumb
  16              		.file	"hal_lld.c"
  17              		.text
  18              	.Ltext0:
  19              		.cfi_sections	.debug_frame
  20              		.section	.text.hal_lld_init,"ax",%progbits
  21              		.align	2
  22              		.p2align 4,,15
  23              		.global	hal_lld_init
  24              		.thumb
  25              		.thumb_func
  26              		.type	hal_lld_init, %function
  27              	hal_lld_init:
  28              	.LFB119:
  29              		.file 1 "lib/ChibiOS_2.6.6/os/hal/platforms/STM32F4xx/hal_lld.c"
  30              		.loc 1 111 0
  31              		.cfi_startproc
  32              		@ args = 0, pretend = 0, frame = 0
  33              		@ frame_needed = 0, uses_anonymous_args = 0
  34              		.loc 1 115 0
  35 0000 204B     		ldr	r3, .L8
  36              		.loc 1 121 0
  37 0002 2149     		ldr	r1, .L8+4
  38              		.loc 1 115 0
  39 0004 1A69     		ldr	r2, [r3, #16]
  40 0006 4FF0FF30 		mov	r0, #-1
  41 000a 0022     		movs	r2, #0
  42              		.loc 1 111 0
  43 000c F0B5     		push	{r4, r5, r6, r7, lr}
  44              		.cfi_def_cfa_offset 20
  45              		.cfi_offset 4, -20
  46              		.cfi_offset 5, -16
  47              		.cfi_offset 6, -12
  48              		.cfi_offset 7, -8
  49              		.cfi_offset 14, -4
  50              		.loc 1 115 0
  51 000e 1861     		str	r0, [r3, #16]
  52 0010 1A61     		str	r2, [r3, #16]
  53              		.loc 1 116 0
  54 0012 5C69     		ldr	r4, [r3, #20]
  55 0014 5861     		str	r0, [r3, #20]
  56 0016 5A61     		str	r2, [r3, #20]
  57              		.loc 1 117 0
ARM GAS  /var/folders/bz/nn5481rn5xq59rb0mbj7x0880000gn/T//ccPCuwil.s 			page 2


  58 0018 1C6A     		ldr	r4, [r3, #32]
  59              		.loc 1 128 0
  60 001a 1C4F     		ldr	r7, .L8+8
  61              		.loc 1 129 0
  62 001c 1C4E     		ldr	r6, .L8+12
  63              	.LBB4:
  64              	.LBB5:
  65              		.loc 1 54 0
  66 001e 1D4D     		ldr	r5, .L8+16
  67              	.LBE5:
  68              	.LBE4:
  69              		.loc 1 117 0
  70 0020 64F08054 		orn	r4, r4, #268435456
  71 0024 1C62     		str	r4, [r3, #32]
  72              		.loc 1 121 0
  73 0026 44F29F1E 		movw	lr, #16799
  74              		.loc 1 117 0
  75 002a 1A62     		str	r2, [r3, #32]
  76              		.loc 1 123 0
  77 002c 0724     		movs	r4, #7
  78              		.loc 1 118 0
  79 002e D3F824C0 		ldr	ip, [r3, #36]
  80 0032 5862     		str	r0, [r3, #36]
  81 0034 5A62     		str	r2, [r3, #36]
  82              		.loc 1 121 0
  83 0036 C1F804E0 		str	lr, [r1, #4]
  84              		.loc 1 122 0
  85 003a 8A60     		str	r2, [r1, #8]
  86              		.loc 1 123 0
  87 003c 0C60     		str	r4, [r1]
  88              		.loc 1 128 0
  89 003e F968     		ldr	r1, [r7, #12]
  90 0040 41F08071 		orr	r1, r1, #16777216
  91 0044 F960     		str	r1, [r7, #12]
  92              		.loc 1 129 0
  93 0046 3168     		ldr	r1, [r6]
  94 0048 41F00101 		orr	r1, r1, #1
  95 004c 3160     		str	r1, [r6]
  96              		.loc 1 132 0
  97 004e 196C     		ldr	r1, [r3, #64]
  98 0050 41F08051 		orr	r1, r1, #268435456
  99 0054 1964     		str	r1, [r3, #64]
 100              	.LBB7:
 101              	.LBB6:
 102              		.loc 1 54 0
 103 0056 2968     		ldr	r1, [r5]
 104 0058 41F48071 		orr	r1, r1, #256
 105 005c 2960     		str	r1, [r5]
 106              		.loc 1 57 0
 107 005e 196F     		ldr	r1, [r3, #112]
 108 0060 01F44071 		and	r1, r1, #768
 109 0064 B1F5007F 		cmp	r1, #512
 110 0068 03D0     		beq	.L2
 111              		.loc 1 59 0
 112 006a 4FF48031 		mov	r1, #65536
 113 006e 1967     		str	r1, [r3, #112]
 114              		.loc 1 60 0
ARM GAS  /var/folders/bz/nn5481rn5xq59rb0mbj7x0880000gn/T//ccPCuwil.s 			page 3


 115 0070 1A67     		str	r2, [r3, #112]
 116              	.L2:
 117              		.loc 1 94 0
 118 0072 084A     		ldr	r2, .L8+16
 119 0074 5368     		ldr	r3, [r2, #4]
 120 0076 23F40073 		bic	r3, r3, #512
 121 007a 5360     		str	r3, [r2, #4]
 122              	.LBE6:
 123              	.LBE7:
 124              		.loc 1 145 0
 125 007c BDE8F040 		pop	{r4, r5, r6, r7, lr}
 126              		.cfi_restore 14
 127              		.cfi_restore 7
 128              		.cfi_restore 6
 129              		.cfi_restore 5
 130              		.cfi_restore 4
 131              		.cfi_def_cfa_offset 0
 132              		.loc 1 138 0
 133 0080 FFF7FEBF 		b	dmaInit
 134              	.LVL0:
 135              	.L9:
 136              		.align	2
 137              	.L8:
 138 0084 00380240 		.word	1073887232
 139 0088 10E000E0 		.word	-536813552
 140 008c F0ED00E0 		.word	-536810000
 141 0090 001000E0 		.word	-536866816
 142 0094 00700040 		.word	1073770496
 143              		.cfi_endproc
 144              	.LFE119:
 145              		.size	hal_lld_init, .-hal_lld_init
 146              		.section	.text.stm32_clock_init,"ax",%progbits
 147              		.align	2
 148              		.p2align 4,,15
 149              		.global	stm32_clock_init
 150              		.thumb
 151              		.thumb_func
 152              		.type	stm32_clock_init, %function
 153              	stm32_clock_init:
 154              	.LFB120:
 155              		.loc 1 154 0
 156              		.cfi_startproc
 157              		@ args = 0, pretend = 0, frame = 0
 158              		@ frame_needed = 0, uses_anonymous_args = 0
 159              		@ link register save eliminated.
 160              		.loc 1 158 0
 161 0000 2A4A     		ldr	r2, .L31
 162              		.loc 1 162 0
 163 0002 2B4B     		ldr	r3, .L31+4
 164              		.loc 1 158 0
 165 0004 4FF08050 		mov	r0, #268435456
 166              		.loc 1 162 0
 167 0008 4FF44041 		mov	r1, #49152
 168              		.loc 1 158 0
 169 000c 1064     		str	r0, [r2, #64]
 170              		.loc 1 162 0
 171 000e 1960     		str	r1, [r3]
ARM GAS  /var/folders/bz/nn5481rn5xq59rb0mbj7x0880000gn/T//ccPCuwil.s 			page 4


 172              		.loc 1 169 0
 173 0010 1368     		ldr	r3, [r2]
 174 0012 43F00103 		orr	r3, r3, #1
 175 0016 1360     		str	r3, [r2]
 176              	.L11:
 177              		.loc 1 170 0 discriminator 1
 178 0018 1368     		ldr	r3, [r2]
 179 001a 2449     		ldr	r1, .L31
 180 001c 9807     		lsls	r0, r3, #30
 181 001e FBD5     		bpl	.L11
 182              		.loc 1 172 0
 183 0020 0B68     		ldr	r3, [r1]
 184              		.loc 1 173 0
 185 0022 0022     		movs	r2, #0
 186              		.loc 1 172 0
 187 0024 03F0F903 		and	r3, r3, #249
 188 0028 0B60     		str	r3, [r1]
 189              		.loc 1 174 0
 190 002a 0846     		mov	r0, r1
 191              		.loc 1 173 0
 192 002c 8A60     		str	r2, [r1, #8]
 193              	.L12:
 194              		.loc 1 174 0 discriminator 1
 195 002e 8268     		ldr	r2, [r0, #8]
 196 0030 1E4B     		ldr	r3, .L31
 197 0032 12F00C0F 		tst	r2, #12
 198 0036 FAD1     		bne	.L12
 199              		.loc 1 184 0
 200 0038 1A68     		ldr	r2, [r3]
 201 003a 42F48032 		orr	r2, r2, #65536
 202 003e 1A60     		str	r2, [r3]
 203              		.loc 1 186 0
 204 0040 1A46     		mov	r2, r3
 205              	.L13:
 206              		.loc 1 186 0 is_stmt 0 discriminator 1
 207 0042 1168     		ldr	r1, [r2]
 208 0044 194B     		ldr	r3, .L31
 209 0046 8903     		lsls	r1, r1, #14
 210 0048 FBD5     		bpl	.L13
 211              		.loc 1 192 0 is_stmt 1
 212 004a 5A6F     		ldr	r2, [r3, #116]
 213 004c 42F00102 		orr	r2, r2, #1
 214 0050 5A67     		str	r2, [r3, #116]
 215              	.L14:
 216              		.loc 1 193 0 discriminator 1
 217 0052 5A6F     		ldr	r2, [r3, #116]
 218 0054 1549     		ldr	r1, .L31
 219 0056 9007     		lsls	r0, r2, #30
 220 0058 FBD5     		bpl	.L14
 221              		.loc 1 199 0
 222 005a 164B     		ldr	r3, .L31+8
 223 005c 4B60     		str	r3, [r1, #4]
 224              		.loc 1 201 0
 225 005e 0B68     		ldr	r3, [r1]
 226              		.loc 1 205 0
 227 0060 134A     		ldr	r2, .L31+4
 228              		.loc 1 201 0
ARM GAS  /var/folders/bz/nn5481rn5xq59rb0mbj7x0880000gn/T//ccPCuwil.s 			page 5


 229 0062 43F08073 		orr	r3, r3, #16777216
 230 0066 0B60     		str	r3, [r1]
 231              	.L15:
 232              		.loc 1 205 0 discriminator 1
 233 0068 5368     		ldr	r3, [r2, #4]
 234 006a 5904     		lsls	r1, r3, #17
 235 006c FCD5     		bpl	.L15
 236              		.loc 1 221 0 discriminator 1
 237 006e 0F49     		ldr	r1, .L31
 238              	.L25:
 239 0070 0A68     		ldr	r2, [r1]
 240 0072 0E4B     		ldr	r3, .L31
 241 0074 9201     		lsls	r2, r2, #6
 242 0076 FBD5     		bpl	.L25
 243              		.loc 1 249 0
 244 0078 0F4A     		ldr	r2, .L31+12
 245              		.loc 1 236 0
 246 007a 1049     		ldr	r1, .L31+16
 247 007c 9960     		str	r1, [r3, #8]
 248              		.loc 1 249 0
 249 007e 40F20571 		movw	r1, #1797
 250 0082 1160     		str	r1, [r2]
 251              		.loc 1 255 0
 252 0084 9A68     		ldr	r2, [r3, #8]
 253 0086 42F00202 		orr	r2, r2, #2
 254 008a 9A60     		str	r2, [r3, #8]
 255              		.loc 1 256 0
 256 008c 1A46     		mov	r2, r3
 257              	.L17:
 258              		.loc 1 256 0 is_stmt 0 discriminator 1
 259 008e 9368     		ldr	r3, [r2, #8]
 260 0090 0649     		ldr	r1, .L31
 261 0092 03F00C03 		and	r3, r3, #12
 262 0096 082B     		cmp	r3, #8
 263 0098 F9D1     		bne	.L17
 264              		.loc 1 263 0 is_stmt 1
 265 009a 4B6C     		ldr	r3, [r1, #68]
 266 009c 43F48043 		orr	r3, r3, #16384
 267 00a0 4B64     		str	r3, [r1, #68]
 268 00a2 4B6E     		ldr	r3, [r1, #100]
 269 00a4 43F48043 		orr	r3, r3, #16384
 270 00a8 4B66     		str	r3, [r1, #100]
 271 00aa 7047     		bx	lr
 272              	.L32:
 273              		.align	2
 274              	.L31:
 275 00ac 00380240 		.word	1073887232
 276 00b0 00700040 		.word	1073770496
 277 00b4 08544007 		.word	121656328
 278 00b8 003C0240 		.word	1073888256
 279 00bc 00940838 		.word	940086272
 280              		.cfi_endproc
 281              	.LFE120:
 282              		.size	stm32_clock_init, .-stm32_clock_init
 283              		.text
 284              	.Letext0:
 285              		.file 2 "/Users/imac/Downloads/gcc-arm-none-eabi-4_9-2015q2/arm-none-eabi/include/machine/_default
ARM GAS  /var/folders/bz/nn5481rn5xq59rb0mbj7x0880000gn/T//ccPCuwil.s 			page 6


 286              		.file 3 "/Users/imac/Downloads/gcc-arm-none-eabi-4_9-2015q2/arm-none-eabi/include/sys/_stdint.h"
 287              		.file 4 "lib/ChibiOS_2.6.6/os/ports/common/ARMCMx/nvic.h"
 288              		.file 5 "lib/ChibiOS_2.6.6/os/ports/common/ARMCMx/CMSIS/include/core_cm4.h"
 289              		.file 6 "lib/ChibiOS_2.6.6/os/hal/platforms/STM32F4xx/stm32f4xx.h"
 290              		.file 7 "lib/ChibiOS_2.6.6/os/hal/platforms/STM32F4xx/stm32_dma.h"
 291              		.section	.debug_info,"",%progbits
 292              	.Ldebug_info0:
 293 0000 8D040000 		.4byte	0x48d
 294 0004 0400     		.2byte	0x4
 295 0006 00000000 		.4byte	.Ldebug_abbrev0
 296 000a 04       		.byte	0x4
 297 000b 01       		.uleb128 0x1
 298 000c 83010000 		.4byte	.LASF70
 299 0010 01       		.byte	0x1
 300 0011 0A000000 		.4byte	.LASF71
 301 0015 BC030000 		.4byte	.LASF72
 302 0019 18000000 		.4byte	.Ldebug_ranges0+0x18
 303 001d 00000000 		.4byte	0
 304 0021 00000000 		.4byte	.Ldebug_line0
 305 0025 02       		.uleb128 0x2
 306 0026 04       		.byte	0x4
 307 0027 05       		.byte	0x5
 308 0028 696E7400 		.ascii	"int\000"
 309 002c 03       		.uleb128 0x3
 310 002d 04       		.byte	0x4
 311 002e 07       		.byte	0x7
 312 002f EE020000 		.4byte	.LASF0
 313 0033 03       		.uleb128 0x3
 314 0034 01       		.byte	0x1
 315 0035 06       		.byte	0x6
 316 0036 C2020000 		.4byte	.LASF1
 317 003a 03       		.uleb128 0x3
 318 003b 01       		.byte	0x1
 319 003c 08       		.byte	0x8
 320 003d A7020000 		.4byte	.LASF2
 321 0041 03       		.uleb128 0x3
 322 0042 02       		.byte	0x2
 323 0043 05       		.byte	0x5
 324 0044 58000000 		.4byte	.LASF3
 325 0048 03       		.uleb128 0x3
 326 0049 02       		.byte	0x2
 327 004a 07       		.byte	0x7
 328 004b 26030000 		.4byte	.LASF4
 329 004f 04       		.uleb128 0x4
 330 0050 E3030000 		.4byte	.LASF6
 331 0054 02       		.byte	0x2
 332 0055 3F       		.byte	0x3f
 333 0056 5A000000 		.4byte	0x5a
 334 005a 03       		.uleb128 0x3
 335 005b 04       		.byte	0x4
 336 005c 05       		.byte	0x5
 337 005d 3F010000 		.4byte	.LASF5
 338 0061 04       		.uleb128 0x4
 339 0062 B1030000 		.4byte	.LASF7
 340 0066 02       		.byte	0x2
 341 0067 41       		.byte	0x41
 342 0068 6C000000 		.4byte	0x6c
ARM GAS  /var/folders/bz/nn5481rn5xq59rb0mbj7x0880000gn/T//ccPCuwil.s 			page 7


 343 006c 03       		.uleb128 0x3
 344 006d 04       		.byte	0x4
 345 006e 07       		.byte	0x7
 346 006f 9F030000 		.4byte	.LASF8
 347 0073 03       		.uleb128 0x3
 348 0074 08       		.byte	0x8
 349 0075 05       		.byte	0x5
 350 0076 14010000 		.4byte	.LASF9
 351 007a 03       		.uleb128 0x3
 352 007b 08       		.byte	0x8
 353 007c 07       		.byte	0x7
 354 007d CE020000 		.4byte	.LASF10
 355 0081 04       		.uleb128 0x4
 356 0082 46030000 		.4byte	.LASF11
 357 0086 03       		.byte	0x3
 358 0087 1F       		.byte	0x1f
 359 0088 4F000000 		.4byte	0x4f
 360 008c 04       		.uleb128 0x4
 361 008d E5020000 		.4byte	.LASF12
 362 0091 03       		.byte	0x3
 363 0092 20       		.byte	0x20
 364 0093 61000000 		.4byte	0x61
 365 0097 03       		.uleb128 0x3
 366 0098 01       		.byte	0x1
 367 0099 02       		.byte	0x2
 368 009a 4E030000 		.4byte	.LASF13
 369 009e 04       		.uleb128 0x4
 370 009f F9030000 		.4byte	.LASF14
 371 00a3 04       		.byte	0x4
 372 00a4 3A       		.byte	0x3a
 373 00a5 A9000000 		.4byte	0xa9
 374 00a9 05       		.uleb128 0x5
 375 00aa 8C000000 		.4byte	0x8c
 376 00ae 03       		.uleb128 0x3
 377 00af 04       		.byte	0x4
 378 00b0 07       		.byte	0x7
 379 00b1 62000000 		.4byte	.LASF15
 380 00b5 06       		.uleb128 0x6
 381 00b6 10       		.byte	0x10
 382 00b7 04       		.byte	0x4
 383 00b8 F1       		.byte	0xf1
 384 00b9 EE000000 		.4byte	0xee
 385 00bd 07       		.uleb128 0x7
 386 00be 2F010000 		.4byte	.LASF16
 387 00c2 04       		.byte	0x4
 388 00c3 F2       		.byte	0xf2
 389 00c4 9E000000 		.4byte	0x9e
 390 00c8 00       		.byte	0
 391 00c9 07       		.uleb128 0x7
 392 00ca C9000000 		.4byte	.LASF17
 393 00ce 04       		.byte	0x4
 394 00cf F3       		.byte	0xf3
 395 00d0 9E000000 		.4byte	0x9e
 396 00d4 04       		.byte	0x4
 397 00d5 07       		.uleb128 0x7
 398 00d6 C3000000 		.4byte	.LASF18
 399 00da 04       		.byte	0x4
ARM GAS  /var/folders/bz/nn5481rn5xq59rb0mbj7x0880000gn/T//ccPCuwil.s 			page 8


 400 00db F4       		.byte	0xf4
 401 00dc 9E000000 		.4byte	0x9e
 402 00e0 08       		.byte	0x8
 403 00e1 07       		.uleb128 0x7
 404 00e2 52000000 		.4byte	.LASF19
 405 00e6 04       		.byte	0x4
 406 00e7 F5       		.byte	0xf5
 407 00e8 9E000000 		.4byte	0x9e
 408 00ec 0C       		.byte	0xc
 409 00ed 00       		.byte	0
 410 00ee 04       		.uleb128 0x4
 411 00ef 3E030000 		.4byte	.LASF20
 412 00f3 04       		.byte	0x4
 413 00f4 F6       		.byte	0xf6
 414 00f5 B5000000 		.4byte	0xb5
 415 00f9 08       		.uleb128 0x8
 416 00fa 20       		.byte	0x20
 417 00fb 04       		.byte	0x4
 418 00fc 0601     		.2byte	0x106
 419 00fe 6B010000 		.4byte	0x16b
 420 0102 09       		.uleb128 0x9
 421 0103 BD020000 		.4byte	.LASF21
 422 0107 04       		.byte	0x4
 423 0108 0701     		.2byte	0x107
 424 010a 9E000000 		.4byte	0x9e
 425 010e 00       		.byte	0
 426 010f 09       		.uleb128 0x9
 427 0110 22010000 		.4byte	.LASF22
 428 0114 04       		.byte	0x4
 429 0115 0801     		.2byte	0x108
 430 0117 9E000000 		.4byte	0x9e
 431 011b 04       		.byte	0x4
 432 011c 09       		.uleb128 0x9
 433 011d 7A030000 		.4byte	.LASF23
 434 0121 04       		.byte	0x4
 435 0122 0901     		.2byte	0x109
 436 0124 9E000000 		.4byte	0x9e
 437 0128 08       		.byte	0x8
 438 0129 09       		.uleb128 0x9
 439 012a 39040000 		.4byte	.LASF24
 440 012e 04       		.byte	0x4
 441 012f 0A01     		.2byte	0x10a
 442 0131 9E000000 		.4byte	0x9e
 443 0135 0C       		.byte	0xc
 444 0136 09       		.uleb128 0x9
 445 0137 54010000 		.4byte	.LASF25
 446 013b 04       		.byte	0x4
 447 013c 0B01     		.2byte	0x10b
 448 013e 9E000000 		.4byte	0x9e
 449 0142 10       		.byte	0x10
 450 0143 09       		.uleb128 0x9
 451 0144 ED030000 		.4byte	.LASF26
 452 0148 04       		.byte	0x4
 453 0149 0C01     		.2byte	0x10c
 454 014b 9E000000 		.4byte	0x9e
 455 014f 14       		.byte	0x14
 456 0150 09       		.uleb128 0x9
ARM GAS  /var/folders/bz/nn5481rn5xq59rb0mbj7x0880000gn/T//ccPCuwil.s 			page 9


 457 0151 75000000 		.4byte	.LASF27
 458 0155 04       		.byte	0x4
 459 0156 0D01     		.2byte	0x10d
 460 0158 9E000000 		.4byte	0x9e
 461 015c 18       		.byte	0x18
 462 015d 09       		.uleb128 0x9
 463 015e 70000000 		.4byte	.LASF28
 464 0162 04       		.byte	0x4
 465 0163 0E01     		.2byte	0x10e
 466 0165 9E000000 		.4byte	0x9e
 467 0169 1C       		.byte	0x1c
 468 016a 00       		.byte	0
 469 016b 0A       		.uleb128 0xa
 470 016c B5020000 		.4byte	.LASF29
 471 0170 04       		.byte	0x4
 472 0171 0F01     		.2byte	0x10f
 473 0173 F9000000 		.4byte	0xf9
 474 0177 03       		.uleb128 0x3
 475 0178 01       		.byte	0x1
 476 0179 08       		.byte	0x8
 477 017a 39030000 		.4byte	.LASF30
 478 017e 0B       		.uleb128 0xb
 479 017f A9000000 		.4byte	0xa9
 480 0183 0C       		.uleb128 0xc
 481 0184 8C000000 		.4byte	0x8c
 482 0188 93010000 		.4byte	0x193
 483 018c 0D       		.uleb128 0xd
 484 018d AE000000 		.4byte	0xae
 485 0191 01       		.byte	0x1
 486 0192 00       		.byte	0
 487 0193 08       		.uleb128 0x8
 488 0194 10       		.byte	0x10
 489 0195 05       		.byte	0x5
 490 0196 6002     		.2byte	0x260
 491 0198 D1010000 		.4byte	0x1d1
 492 019c 09       		.uleb128 0x9
 493 019d BD020000 		.4byte	.LASF21
 494 01a1 05       		.byte	0x5
 495 01a2 6202     		.2byte	0x262
 496 01a4 A9000000 		.4byte	0xa9
 497 01a8 00       		.byte	0
 498 01a9 09       		.uleb128 0x9
 499 01aa F4030000 		.4byte	.LASF31
 500 01ae 05       		.byte	0x5
 501 01af 6302     		.2byte	0x263
 502 01b1 A9000000 		.4byte	0xa9
 503 01b5 04       		.byte	0x4
 504 01b6 0E       		.uleb128 0xe
 505 01b7 56414C00 		.ascii	"VAL\000"
 506 01bb 05       		.byte	0x5
 507 01bc 6402     		.2byte	0x264
 508 01be A9000000 		.4byte	0xa9
 509 01c2 08       		.byte	0x8
 510 01c3 09       		.uleb128 0x9
 511 01c4 29010000 		.4byte	.LASF32
 512 01c8 05       		.byte	0x5
 513 01c9 6502     		.2byte	0x265
ARM GAS  /var/folders/bz/nn5481rn5xq59rb0mbj7x0880000gn/T//ccPCuwil.s 			page 10


 514 01cb 7E010000 		.4byte	0x17e
 515 01cf 0C       		.byte	0xc
 516 01d0 00       		.byte	0
 517 01d1 0A       		.uleb128 0xa
 518 01d2 19030000 		.4byte	.LASF33
 519 01d6 05       		.byte	0x5
 520 01d7 6602     		.2byte	0x266
 521 01d9 93010000 		.4byte	0x193
 522 01dd 05       		.uleb128 0x5
 523 01de 81000000 		.4byte	0x81
 524 01e2 08       		.uleb128 0x8
 525 01e3 1C       		.byte	0x1c
 526 01e4 06       		.byte	0x6
 527 01e5 3E03     		.2byte	0x33e
 528 01e7 45020000 		.4byte	0x245
 529 01eb 0E       		.uleb128 0xe
 530 01ec 41435200 		.ascii	"ACR\000"
 531 01f0 06       		.byte	0x6
 532 01f1 4003     		.2byte	0x340
 533 01f3 A9000000 		.4byte	0xa9
 534 01f7 00       		.byte	0
 535 01f8 09       		.uleb128 0x9
 536 01f9 7E010000 		.4byte	.LASF34
 537 01fd 06       		.byte	0x6
 538 01fe 4103     		.2byte	0x341
 539 0200 A9000000 		.4byte	0xa9
 540 0204 04       		.byte	0x4
 541 0205 09       		.uleb128 0x9
 542 0206 0C010000 		.4byte	.LASF35
 543 020a 06       		.byte	0x6
 544 020b 4203     		.2byte	0x342
 545 020d A9000000 		.4byte	0xa9
 546 0211 08       		.byte	0x8
 547 0212 0E       		.uleb128 0xe
 548 0213 535200   		.ascii	"SR\000"
 549 0216 06       		.byte	0x6
 550 0217 4303     		.2byte	0x343
 551 0219 A9000000 		.4byte	0xa9
 552 021d 0C       		.byte	0xc
 553 021e 0E       		.uleb128 0xe
 554 021f 435200   		.ascii	"CR\000"
 555 0222 06       		.byte	0x6
 556 0223 4403     		.2byte	0x344
 557 0225 A9000000 		.4byte	0xa9
 558 0229 10       		.byte	0x10
 559 022a 09       		.uleb128 0x9
 560 022b 4A040000 		.4byte	.LASF36
 561 022f 06       		.byte	0x6
 562 0230 4503     		.2byte	0x345
 563 0232 A9000000 		.4byte	0xa9
 564 0236 14       		.byte	0x14
 565 0237 09       		.uleb128 0x9
 566 0238 77010000 		.4byte	.LASF37
 567 023c 06       		.byte	0x6
 568 023d 4603     		.2byte	0x346
 569 023f A9000000 		.4byte	0xa9
 570 0243 18       		.byte	0x18
ARM GAS  /var/folders/bz/nn5481rn5xq59rb0mbj7x0880000gn/T//ccPCuwil.s 			page 11


 571 0244 00       		.byte	0
 572 0245 0A       		.uleb128 0xa
 573 0246 13040000 		.4byte	.LASF38
 574 024a 06       		.byte	0x6
 575 024b 4703     		.2byte	0x347
 576 024d E2010000 		.4byte	0x1e2
 577 0251 08       		.uleb128 0x8
 578 0252 08       		.byte	0x8
 579 0253 06       		.byte	0x6
 580 0254 4E04     		.2byte	0x44e
 581 0256 74020000 		.4byte	0x274
 582 025a 0E       		.uleb128 0xe
 583 025b 435200   		.ascii	"CR\000"
 584 025e 06       		.byte	0x6
 585 025f 5004     		.2byte	0x450
 586 0261 A9000000 		.4byte	0xa9
 587 0265 00       		.byte	0
 588 0266 0E       		.uleb128 0xe
 589 0267 43535200 		.ascii	"CSR\000"
 590 026b 06       		.byte	0x6
 591 026c 5104     		.2byte	0x451
 592 026e A9000000 		.4byte	0xa9
 593 0272 04       		.byte	0x4
 594 0273 00       		.byte	0
 595 0274 0A       		.uleb128 0xa
 596 0275 88000000 		.4byte	.LASF39
 597 0279 06       		.byte	0x6
 598 027a 5204     		.2byte	0x452
 599 027c 51020000 		.4byte	0x251
 600 0280 08       		.uleb128 0x8
 601 0281 90       		.byte	0x90
 602 0282 06       		.byte	0x6
 603 0283 5804     		.2byte	0x458
 604 0285 29040000 		.4byte	0x429
 605 0289 0E       		.uleb128 0xe
 606 028a 435200   		.ascii	"CR\000"
 607 028d 06       		.byte	0x6
 608 028e 5A04     		.2byte	0x45a
 609 0290 A9000000 		.4byte	0xa9
 610 0294 00       		.byte	0
 611 0295 09       		.uleb128 0x9
 612 0296 11030000 		.4byte	.LASF40
 613 029a 06       		.byte	0x6
 614 029b 5B04     		.2byte	0x45b
 615 029d A9000000 		.4byte	0xa9
 616 02a1 04       		.byte	0x4
 617 02a2 09       		.uleb128 0x9
 618 02a3 B4000000 		.4byte	.LASF41
 619 02a7 06       		.byte	0x6
 620 02a8 5C04     		.2byte	0x45c
 621 02aa A9000000 		.4byte	0xa9
 622 02ae 08       		.byte	0x8
 623 02af 0E       		.uleb128 0xe
 624 02b0 43495200 		.ascii	"CIR\000"
 625 02b4 06       		.byte	0x6
 626 02b5 5D04     		.2byte	0x45d
 627 02b7 A9000000 		.4byte	0xa9
ARM GAS  /var/folders/bz/nn5481rn5xq59rb0mbj7x0880000gn/T//ccPCuwil.s 			page 12


 628 02bb 0C       		.byte	0xc
 629 02bc 09       		.uleb128 0x9
 630 02bd 01040000 		.4byte	.LASF42
 631 02c1 06       		.byte	0x6
 632 02c2 5E04     		.2byte	0x45e
 633 02c4 A9000000 		.4byte	0xa9
 634 02c8 10       		.byte	0x10
 635 02c9 09       		.uleb128 0x9
 636 02ca FB020000 		.4byte	.LASF43
 637 02ce 06       		.byte	0x6
 638 02cf 5F04     		.2byte	0x45f
 639 02d1 A9000000 		.4byte	0xa9
 640 02d5 14       		.byte	0x14
 641 02d6 09       		.uleb128 0x9
 642 02d7 0A040000 		.4byte	.LASF44
 643 02db 06       		.byte	0x6
 644 02dc 6004     		.2byte	0x460
 645 02de A9000000 		.4byte	0xa9
 646 02e2 18       		.byte	0x18
 647 02e3 09       		.uleb128 0x9
 648 02e4 66030000 		.4byte	.LASF45
 649 02e8 06       		.byte	0x6
 650 02e9 6104     		.2byte	0x461
 651 02eb 8C000000 		.4byte	0x8c
 652 02ef 1C       		.byte	0x1c
 653 02f0 09       		.uleb128 0x9
 654 02f1 41000000 		.4byte	.LASF46
 655 02f5 06       		.byte	0x6
 656 02f6 6204     		.2byte	0x462
 657 02f8 A9000000 		.4byte	0xa9
 658 02fc 20       		.byte	0x20
 659 02fd 09       		.uleb128 0x9
 660 02fe 5D010000 		.4byte	.LASF47
 661 0302 06       		.byte	0x6
 662 0303 6304     		.2byte	0x463
 663 0305 A9000000 		.4byte	0xa9
 664 0309 24       		.byte	0x24
 665 030a 09       		.uleb128 0x9
 666 030b 70030000 		.4byte	.LASF48
 667 030f 06       		.byte	0x6
 668 0310 6404     		.2byte	0x464
 669 0312 83010000 		.4byte	0x183
 670 0316 28       		.byte	0x28
 671 0317 09       		.uleb128 0x9
 672 0318 9C000000 		.4byte	.LASF49
 673 031c 06       		.byte	0x6
 674 031d 6504     		.2byte	0x465
 675 031f A9000000 		.4byte	0xa9
 676 0323 30       		.byte	0x30
 677 0324 09       		.uleb128 0x9
 678 0325 4A000000 		.4byte	.LASF50
 679 0329 06       		.byte	0x6
 680 032a 6604     		.2byte	0x466
 681 032c A9000000 		.4byte	0xa9
 682 0330 34       		.byte	0x34
 683 0331 09       		.uleb128 0x9
 684 0332 04010000 		.4byte	.LASF51
ARM GAS  /var/folders/bz/nn5481rn5xq59rb0mbj7x0880000gn/T//ccPCuwil.s 			page 13


 685 0336 06       		.byte	0x6
 686 0337 6704     		.2byte	0x467
 687 0339 A9000000 		.4byte	0xa9
 688 033d 38       		.byte	0x38
 689 033e 09       		.uleb128 0x9
 690 033f B9000000 		.4byte	.LASF52
 691 0343 06       		.byte	0x6
 692 0344 6804     		.2byte	0x468
 693 0346 8C000000 		.4byte	0x8c
 694 034a 3C       		.byte	0x3c
 695 034b 09       		.uleb128 0x9
 696 034c 94000000 		.4byte	.LASF53
 697 0350 06       		.byte	0x6
 698 0351 6904     		.2byte	0x469
 699 0353 A9000000 		.4byte	0xa9
 700 0357 40       		.byte	0x40
 701 0358 09       		.uleb128 0x9
 702 0359 FC000000 		.4byte	.LASF54
 703 035d 06       		.byte	0x6
 704 035e 6A04     		.2byte	0x46a
 705 0360 A9000000 		.4byte	0xa9
 706 0364 44       		.byte	0x44
 707 0365 09       		.uleb128 0x9
 708 0366 81030000 		.4byte	.LASF55
 709 036a 06       		.byte	0x6
 710 036b 6B04     		.2byte	0x46b
 711 036d 83010000 		.4byte	0x183
 712 0371 48       		.byte	0x48
 713 0372 09       		.uleb128 0x9
 714 0373 00000000 		.4byte	.LASF56
 715 0377 06       		.byte	0x6
 716 0378 6C04     		.2byte	0x46c
 717 037a A9000000 		.4byte	0xa9
 718 037e 50       		.byte	0x50
 719 037f 09       		.uleb128 0x9
 720 0380 54030000 		.4byte	.LASF57
 721 0384 06       		.byte	0x6
 722 0385 6D04     		.2byte	0x46d
 723 0387 A9000000 		.4byte	0xa9
 724 038b 54       		.byte	0x54
 725 038c 09       		.uleb128 0x9
 726 038d AA000000 		.4byte	.LASF58
 727 0391 06       		.byte	0x6
 728 0392 6E04     		.2byte	0x46e
 729 0394 A9000000 		.4byte	0xa9
 730 0398 58       		.byte	0x58
 731 0399 09       		.uleb128 0x9
 732 039a 8B030000 		.4byte	.LASF59
 733 039e 06       		.byte	0x6
 734 039f 6F04     		.2byte	0x46f
 735 03a1 8C000000 		.4byte	0x8c
 736 03a5 5C       		.byte	0x5c
 737 03a6 09       		.uleb128 0x9
 738 03a7 40040000 		.4byte	.LASF60
 739 03ab 06       		.byte	0x6
 740 03ac 7004     		.2byte	0x470
 741 03ae A9000000 		.4byte	0xa9
ARM GAS  /var/folders/bz/nn5481rn5xq59rb0mbj7x0880000gn/T//ccPCuwil.s 			page 14


 742 03b2 60       		.byte	0x60
 743 03b3 09       		.uleb128 0x9
 744 03b4 35010000 		.4byte	.LASF61
 745 03b8 06       		.byte	0x6
 746 03b9 7104     		.2byte	0x471
 747 03bb A9000000 		.4byte	0xa9
 748 03bf 64       		.byte	0x64
 749 03c0 09       		.uleb128 0x9
 750 03c1 95030000 		.4byte	.LASF62
 751 03c5 06       		.byte	0x6
 752 03c6 7204     		.2byte	0x472
 753 03c8 83010000 		.4byte	0x183
 754 03cc 68       		.byte	0x68
 755 03cd 09       		.uleb128 0x9
 756 03ce 6B000000 		.4byte	.LASF63
 757 03d2 06       		.byte	0x6
 758 03d3 7304     		.2byte	0x473
 759 03d5 A9000000 		.4byte	0xa9
 760 03d9 70       		.byte	0x70
 761 03da 0E       		.uleb128 0xe
 762 03db 43535200 		.ascii	"CSR\000"
 763 03df 06       		.byte	0x6
 764 03e0 7404     		.2byte	0x474
 765 03e2 A9000000 		.4byte	0xa9
 766 03e6 74       		.byte	0x74
 767 03e7 09       		.uleb128 0x9
 768 03e8 CF000000 		.4byte	.LASF64
 769 03ec 06       		.byte	0x6
 770 03ed 7504     		.2byte	0x475
 771 03ef 83010000 		.4byte	0x183
 772 03f3 78       		.byte	0x78
 773 03f4 09       		.uleb128 0x9
 774 03f5 A4000000 		.4byte	.LASF65
 775 03f9 06       		.byte	0x6
 776 03fa 7604     		.2byte	0x476
 777 03fc A9000000 		.4byte	0xa9
 778 0400 80       		.byte	0x80
 779 0401 09       		.uleb128 0x9
 780 0402 7D000000 		.4byte	.LASF66
 781 0406 06       		.byte	0x6
 782 0407 7704     		.2byte	0x477
 783 0409 A9000000 		.4byte	0xa9
 784 040d 84       		.byte	0x84
 785 040e 09       		.uleb128 0x9
 786 040f 2E040000 		.4byte	.LASF67
 787 0413 06       		.byte	0x6
 788 0414 7804     		.2byte	0x478
 789 0416 A9000000 		.4byte	0xa9
 790 041a 88       		.byte	0x88
 791 041b 09       		.uleb128 0x9
 792 041c F4000000 		.4byte	.LASF68
 793 0420 06       		.byte	0x6
 794 0421 7904     		.2byte	0x479
 795 0423 A9000000 		.4byte	0xa9
 796 0427 8C       		.byte	0x8c
 797 0428 00       		.byte	0
 798 0429 0A       		.uleb128 0xa
ARM GAS  /var/folders/bz/nn5481rn5xq59rb0mbj7x0880000gn/T//ccPCuwil.s 			page 15


 799 042a 48010000 		.4byte	.LASF69
 800 042e 06       		.byte	0x6
 801 042f 7B04     		.2byte	0x47b
 802 0431 80020000 		.4byte	0x280
 803 0435 0F       		.uleb128 0xf
 804 0436 D9000000 		.4byte	.LASF73
 805 043a 01       		.byte	0x1
 806 043b 33       		.byte	0x33
 807 043c 01       		.byte	0x1
 808 043d 10       		.uleb128 0x10
 809 043e 04030000 		.4byte	.LASF74
 810 0442 01       		.byte	0x1
 811 0443 6F       		.byte	0x6f
 812 0444 00000000 		.4byte	.LFB119
 813 0448 98000000 		.4byte	.LFE119-.LFB119
 814 044c 01       		.uleb128 0x1
 815 044d 9C       		.byte	0x9c
 816 044e 6B040000 		.4byte	0x46b
 817 0452 11       		.uleb128 0x11
 818 0453 35040000 		.4byte	0x435
 819 0457 1E000000 		.4byte	.LBB4
 820 045b 00000000 		.4byte	.Ldebug_ranges0+0
 821 045f 01       		.byte	0x1
 822 0460 87       		.byte	0x87
 823 0461 12       		.uleb128 0x12
 824 0462 84000000 		.4byte	.LVL0
 825 0466 88040000 		.4byte	0x488
 826 046a 00       		.byte	0
 827 046b 13       		.uleb128 0x13
 828 046c 66010000 		.4byte	.LASF75
 829 0470 01       		.byte	0x1
 830 0471 9A       		.byte	0x9a
 831 0472 00000000 		.4byte	.LFB120
 832 0476 C0000000 		.4byte	.LFE120-.LFB120
 833 047a 01       		.uleb128 0x1
 834 047b 9C       		.byte	0x9c
 835 047c 14       		.uleb128 0x14
 836 047d 21040000 		.4byte	.LASF76
 837 0481 05       		.byte	0x5
 838 0482 9806     		.2byte	0x698
 839 0484 DD010000 		.4byte	0x1dd
 840 0488 15       		.uleb128 0x15
 841 0489 5E030000 		.4byte	.LASF77
 842 048d 07       		.byte	0x7
 843 048e C101     		.2byte	0x1c1
 844 0490 00       		.byte	0
 845              		.section	.debug_abbrev,"",%progbits
 846              	.Ldebug_abbrev0:
 847 0000 01       		.uleb128 0x1
 848 0001 11       		.uleb128 0x11
 849 0002 01       		.byte	0x1
 850 0003 25       		.uleb128 0x25
 851 0004 0E       		.uleb128 0xe
 852 0005 13       		.uleb128 0x13
 853 0006 0B       		.uleb128 0xb
 854 0007 03       		.uleb128 0x3
 855 0008 0E       		.uleb128 0xe
ARM GAS  /var/folders/bz/nn5481rn5xq59rb0mbj7x0880000gn/T//ccPCuwil.s 			page 16


 856 0009 1B       		.uleb128 0x1b
 857 000a 0E       		.uleb128 0xe
 858 000b 55       		.uleb128 0x55
 859 000c 17       		.uleb128 0x17
 860 000d 11       		.uleb128 0x11
 861 000e 01       		.uleb128 0x1
 862 000f 10       		.uleb128 0x10
 863 0010 17       		.uleb128 0x17
 864 0011 00       		.byte	0
 865 0012 00       		.byte	0
 866 0013 02       		.uleb128 0x2
 867 0014 24       		.uleb128 0x24
 868 0015 00       		.byte	0
 869 0016 0B       		.uleb128 0xb
 870 0017 0B       		.uleb128 0xb
 871 0018 3E       		.uleb128 0x3e
 872 0019 0B       		.uleb128 0xb
 873 001a 03       		.uleb128 0x3
 874 001b 08       		.uleb128 0x8
 875 001c 00       		.byte	0
 876 001d 00       		.byte	0
 877 001e 03       		.uleb128 0x3
 878 001f 24       		.uleb128 0x24
 879 0020 00       		.byte	0
 880 0021 0B       		.uleb128 0xb
 881 0022 0B       		.uleb128 0xb
 882 0023 3E       		.uleb128 0x3e
 883 0024 0B       		.uleb128 0xb
 884 0025 03       		.uleb128 0x3
 885 0026 0E       		.uleb128 0xe
 886 0027 00       		.byte	0
 887 0028 00       		.byte	0
 888 0029 04       		.uleb128 0x4
 889 002a 16       		.uleb128 0x16
 890 002b 00       		.byte	0
 891 002c 03       		.uleb128 0x3
 892 002d 0E       		.uleb128 0xe
 893 002e 3A       		.uleb128 0x3a
 894 002f 0B       		.uleb128 0xb
 895 0030 3B       		.uleb128 0x3b
 896 0031 0B       		.uleb128 0xb
 897 0032 49       		.uleb128 0x49
 898 0033 13       		.uleb128 0x13
 899 0034 00       		.byte	0
 900 0035 00       		.byte	0
 901 0036 05       		.uleb128 0x5
 902 0037 35       		.uleb128 0x35
 903 0038 00       		.byte	0
 904 0039 49       		.uleb128 0x49
 905 003a 13       		.uleb128 0x13
 906 003b 00       		.byte	0
 907 003c 00       		.byte	0
 908 003d 06       		.uleb128 0x6
 909 003e 13       		.uleb128 0x13
 910 003f 01       		.byte	0x1
 911 0040 0B       		.uleb128 0xb
 912 0041 0B       		.uleb128 0xb
ARM GAS  /var/folders/bz/nn5481rn5xq59rb0mbj7x0880000gn/T//ccPCuwil.s 			page 17


 913 0042 3A       		.uleb128 0x3a
 914 0043 0B       		.uleb128 0xb
 915 0044 3B       		.uleb128 0x3b
 916 0045 0B       		.uleb128 0xb
 917 0046 01       		.uleb128 0x1
 918 0047 13       		.uleb128 0x13
 919 0048 00       		.byte	0
 920 0049 00       		.byte	0
 921 004a 07       		.uleb128 0x7
 922 004b 0D       		.uleb128 0xd
 923 004c 00       		.byte	0
 924 004d 03       		.uleb128 0x3
 925 004e 0E       		.uleb128 0xe
 926 004f 3A       		.uleb128 0x3a
 927 0050 0B       		.uleb128 0xb
 928 0051 3B       		.uleb128 0x3b
 929 0052 0B       		.uleb128 0xb
 930 0053 49       		.uleb128 0x49
 931 0054 13       		.uleb128 0x13
 932 0055 38       		.uleb128 0x38
 933 0056 0B       		.uleb128 0xb
 934 0057 00       		.byte	0
 935 0058 00       		.byte	0
 936 0059 08       		.uleb128 0x8
 937 005a 13       		.uleb128 0x13
 938 005b 01       		.byte	0x1
 939 005c 0B       		.uleb128 0xb
 940 005d 0B       		.uleb128 0xb
 941 005e 3A       		.uleb128 0x3a
 942 005f 0B       		.uleb128 0xb
 943 0060 3B       		.uleb128 0x3b
 944 0061 05       		.uleb128 0x5
 945 0062 01       		.uleb128 0x1
 946 0063 13       		.uleb128 0x13
 947 0064 00       		.byte	0
 948 0065 00       		.byte	0
 949 0066 09       		.uleb128 0x9
 950 0067 0D       		.uleb128 0xd
 951 0068 00       		.byte	0
 952 0069 03       		.uleb128 0x3
 953 006a 0E       		.uleb128 0xe
 954 006b 3A       		.uleb128 0x3a
 955 006c 0B       		.uleb128 0xb
 956 006d 3B       		.uleb128 0x3b
 957 006e 05       		.uleb128 0x5
 958 006f 49       		.uleb128 0x49
 959 0070 13       		.uleb128 0x13
 960 0071 38       		.uleb128 0x38
 961 0072 0B       		.uleb128 0xb
 962 0073 00       		.byte	0
 963 0074 00       		.byte	0
 964 0075 0A       		.uleb128 0xa
 965 0076 16       		.uleb128 0x16
 966 0077 00       		.byte	0
 967 0078 03       		.uleb128 0x3
 968 0079 0E       		.uleb128 0xe
 969 007a 3A       		.uleb128 0x3a
ARM GAS  /var/folders/bz/nn5481rn5xq59rb0mbj7x0880000gn/T//ccPCuwil.s 			page 18


 970 007b 0B       		.uleb128 0xb
 971 007c 3B       		.uleb128 0x3b
 972 007d 05       		.uleb128 0x5
 973 007e 49       		.uleb128 0x49
 974 007f 13       		.uleb128 0x13
 975 0080 00       		.byte	0
 976 0081 00       		.byte	0
 977 0082 0B       		.uleb128 0xb
 978 0083 26       		.uleb128 0x26
 979 0084 00       		.byte	0
 980 0085 49       		.uleb128 0x49
 981 0086 13       		.uleb128 0x13
 982 0087 00       		.byte	0
 983 0088 00       		.byte	0
 984 0089 0C       		.uleb128 0xc
 985 008a 01       		.uleb128 0x1
 986 008b 01       		.byte	0x1
 987 008c 49       		.uleb128 0x49
 988 008d 13       		.uleb128 0x13
 989 008e 01       		.uleb128 0x1
 990 008f 13       		.uleb128 0x13
 991 0090 00       		.byte	0
 992 0091 00       		.byte	0
 993 0092 0D       		.uleb128 0xd
 994 0093 21       		.uleb128 0x21
 995 0094 00       		.byte	0
 996 0095 49       		.uleb128 0x49
 997 0096 13       		.uleb128 0x13
 998 0097 2F       		.uleb128 0x2f
 999 0098 0B       		.uleb128 0xb
 1000 0099 00       		.byte	0
 1001 009a 00       		.byte	0
 1002 009b 0E       		.uleb128 0xe
 1003 009c 0D       		.uleb128 0xd
 1004 009d 00       		.byte	0
 1005 009e 03       		.uleb128 0x3
 1006 009f 08       		.uleb128 0x8
 1007 00a0 3A       		.uleb128 0x3a
 1008 00a1 0B       		.uleb128 0xb
 1009 00a2 3B       		.uleb128 0x3b
 1010 00a3 05       		.uleb128 0x5
 1011 00a4 49       		.uleb128 0x49
 1012 00a5 13       		.uleb128 0x13
 1013 00a6 38       		.uleb128 0x38
 1014 00a7 0B       		.uleb128 0xb
 1015 00a8 00       		.byte	0
 1016 00a9 00       		.byte	0
 1017 00aa 0F       		.uleb128 0xf
 1018 00ab 2E       		.uleb128 0x2e
 1019 00ac 00       		.byte	0
 1020 00ad 03       		.uleb128 0x3
 1021 00ae 0E       		.uleb128 0xe
 1022 00af 3A       		.uleb128 0x3a
 1023 00b0 0B       		.uleb128 0xb
 1024 00b1 3B       		.uleb128 0x3b
 1025 00b2 0B       		.uleb128 0xb
 1026 00b3 27       		.uleb128 0x27
ARM GAS  /var/folders/bz/nn5481rn5xq59rb0mbj7x0880000gn/T//ccPCuwil.s 			page 19


 1027 00b4 19       		.uleb128 0x19
 1028 00b5 20       		.uleb128 0x20
 1029 00b6 0B       		.uleb128 0xb
 1030 00b7 00       		.byte	0
 1031 00b8 00       		.byte	0
 1032 00b9 10       		.uleb128 0x10
 1033 00ba 2E       		.uleb128 0x2e
 1034 00bb 01       		.byte	0x1
 1035 00bc 3F       		.uleb128 0x3f
 1036 00bd 19       		.uleb128 0x19
 1037 00be 03       		.uleb128 0x3
 1038 00bf 0E       		.uleb128 0xe
 1039 00c0 3A       		.uleb128 0x3a
 1040 00c1 0B       		.uleb128 0xb
 1041 00c2 3B       		.uleb128 0x3b
 1042 00c3 0B       		.uleb128 0xb
 1043 00c4 27       		.uleb128 0x27
 1044 00c5 19       		.uleb128 0x19
 1045 00c6 11       		.uleb128 0x11
 1046 00c7 01       		.uleb128 0x1
 1047 00c8 12       		.uleb128 0x12
 1048 00c9 06       		.uleb128 0x6
 1049 00ca 40       		.uleb128 0x40
 1050 00cb 18       		.uleb128 0x18
 1051 00cc 9742     		.uleb128 0x2117
 1052 00ce 19       		.uleb128 0x19
 1053 00cf 01       		.uleb128 0x1
 1054 00d0 13       		.uleb128 0x13
 1055 00d1 00       		.byte	0
 1056 00d2 00       		.byte	0
 1057 00d3 11       		.uleb128 0x11
 1058 00d4 1D       		.uleb128 0x1d
 1059 00d5 00       		.byte	0
 1060 00d6 31       		.uleb128 0x31
 1061 00d7 13       		.uleb128 0x13
 1062 00d8 52       		.uleb128 0x52
 1063 00d9 01       		.uleb128 0x1
 1064 00da 55       		.uleb128 0x55
 1065 00db 17       		.uleb128 0x17
 1066 00dc 58       		.uleb128 0x58
 1067 00dd 0B       		.uleb128 0xb
 1068 00de 59       		.uleb128 0x59
 1069 00df 0B       		.uleb128 0xb
 1070 00e0 00       		.byte	0
 1071 00e1 00       		.byte	0
 1072 00e2 12       		.uleb128 0x12
 1073 00e3 898201   		.uleb128 0x4109
 1074 00e6 00       		.byte	0
 1075 00e7 11       		.uleb128 0x11
 1076 00e8 01       		.uleb128 0x1
 1077 00e9 9542     		.uleb128 0x2115
 1078 00eb 19       		.uleb128 0x19
 1079 00ec 31       		.uleb128 0x31
 1080 00ed 13       		.uleb128 0x13
 1081 00ee 00       		.byte	0
 1082 00ef 00       		.byte	0
 1083 00f0 13       		.uleb128 0x13
ARM GAS  /var/folders/bz/nn5481rn5xq59rb0mbj7x0880000gn/T//ccPCuwil.s 			page 20


 1084 00f1 2E       		.uleb128 0x2e
 1085 00f2 00       		.byte	0
 1086 00f3 3F       		.uleb128 0x3f
 1087 00f4 19       		.uleb128 0x19
 1088 00f5 03       		.uleb128 0x3
 1089 00f6 0E       		.uleb128 0xe
 1090 00f7 3A       		.uleb128 0x3a
 1091 00f8 0B       		.uleb128 0xb
 1092 00f9 3B       		.uleb128 0x3b
 1093 00fa 0B       		.uleb128 0xb
 1094 00fb 27       		.uleb128 0x27
 1095 00fc 19       		.uleb128 0x19
 1096 00fd 11       		.uleb128 0x11
 1097 00fe 01       		.uleb128 0x1
 1098 00ff 12       		.uleb128 0x12
 1099 0100 06       		.uleb128 0x6
 1100 0101 40       		.uleb128 0x40
 1101 0102 18       		.uleb128 0x18
 1102 0103 9742     		.uleb128 0x2117
 1103 0105 19       		.uleb128 0x19
 1104 0106 00       		.byte	0
 1105 0107 00       		.byte	0
 1106 0108 14       		.uleb128 0x14
 1107 0109 34       		.uleb128 0x34
 1108 010a 00       		.byte	0
 1109 010b 03       		.uleb128 0x3
 1110 010c 0E       		.uleb128 0xe
 1111 010d 3A       		.uleb128 0x3a
 1112 010e 0B       		.uleb128 0xb
 1113 010f 3B       		.uleb128 0x3b
 1114 0110 05       		.uleb128 0x5
 1115 0111 49       		.uleb128 0x49
 1116 0112 13       		.uleb128 0x13
 1117 0113 3F       		.uleb128 0x3f
 1118 0114 19       		.uleb128 0x19
 1119 0115 3C       		.uleb128 0x3c
 1120 0116 19       		.uleb128 0x19
 1121 0117 00       		.byte	0
 1122 0118 00       		.byte	0
 1123 0119 15       		.uleb128 0x15
 1124 011a 2E       		.uleb128 0x2e
 1125 011b 00       		.byte	0
 1126 011c 3F       		.uleb128 0x3f
 1127 011d 19       		.uleb128 0x19
 1128 011e 03       		.uleb128 0x3
 1129 011f 0E       		.uleb128 0xe
 1130 0120 3A       		.uleb128 0x3a
 1131 0121 0B       		.uleb128 0xb
 1132 0122 3B       		.uleb128 0x3b
 1133 0123 05       		.uleb128 0x5
 1134 0124 27       		.uleb128 0x27
 1135 0125 19       		.uleb128 0x19
 1136 0126 3C       		.uleb128 0x3c
 1137 0127 19       		.uleb128 0x19
 1138 0128 00       		.byte	0
 1139 0129 00       		.byte	0
 1140 012a 00       		.byte	0
ARM GAS  /var/folders/bz/nn5481rn5xq59rb0mbj7x0880000gn/T//ccPCuwil.s 			page 21


 1141              		.section	.debug_aranges,"",%progbits
 1142 0000 24000000 		.4byte	0x24
 1143 0004 0200     		.2byte	0x2
 1144 0006 00000000 		.4byte	.Ldebug_info0
 1145 000a 04       		.byte	0x4
 1146 000b 00       		.byte	0
 1147 000c 0000     		.2byte	0
 1148 000e 0000     		.2byte	0
 1149 0010 00000000 		.4byte	.LFB119
 1150 0014 98000000 		.4byte	.LFE119-.LFB119
 1151 0018 00000000 		.4byte	.LFB120
 1152 001c C0000000 		.4byte	.LFE120-.LFB120
 1153 0020 00000000 		.4byte	0
 1154 0024 00000000 		.4byte	0
 1155              		.section	.debug_ranges,"",%progbits
 1156              	.Ldebug_ranges0:
 1157 0000 1E000000 		.4byte	.LBB4
 1158 0004 20000000 		.4byte	.LBE4
 1159 0008 56000000 		.4byte	.LBB7
 1160 000c 7C000000 		.4byte	.LBE7
 1161 0010 00000000 		.4byte	0
 1162 0014 00000000 		.4byte	0
 1163 0018 00000000 		.4byte	.LFB119
 1164 001c 98000000 		.4byte	.LFE119
 1165 0020 00000000 		.4byte	.LFB120
 1166 0024 C0000000 		.4byte	.LFE120
 1167 0028 00000000 		.4byte	0
 1168 002c 00000000 		.4byte	0
 1169              		.section	.debug_line,"",%progbits
 1170              	.Ldebug_line0:
 1171 0000 40020000 		.section	.debug_str,"MS",%progbits,1
 1171      0200A201 
 1171      00000201 
 1171      FB0E0D00 
 1171      01010101 
 1172              	.LASF56:
 1173 0000 41484231 		.ascii	"AHB1LPENR\000"
 1173      4C50454E 
 1173      5200
 1174              	.LASF71:
 1175 000a 6C69622F 		.ascii	"lib/ChibiOS_2.6.6/os/hal/platforms/STM32F4xx/hal_ll"
 1175      43686962 
 1175      694F535F 
 1175      322E362E 
 1175      362F6F73 
 1176 003d 642E6300 		.ascii	"d.c\000"
 1177              	.LASF46:
 1178 0041 41504231 		.ascii	"APB1RSTR\000"
 1178      52535452 
 1178      00
 1179              	.LASF50:
 1180 004a 41484232 		.ascii	"AHB2ENR\000"
 1180      454E5200 
 1181              	.LASF19:
 1182 0052 44454D43 		.ascii	"DEMCR\000"
 1182      5200
 1183              	.LASF3:
ARM GAS  /var/folders/bz/nn5481rn5xq59rb0mbj7x0880000gn/T//ccPCuwil.s 			page 22


 1184 0058 73686F72 		.ascii	"short int\000"
 1184      7420696E 
 1184      7400
 1185              	.LASF15:
 1186 0062 73697A65 		.ascii	"sizetype\000"
 1186      74797065 
 1186      00
 1187              	.LASF63:
 1188 006b 42444352 		.ascii	"BDCR\000"
 1188      00
 1189              	.LASF28:
 1190 0070 50435352 		.ascii	"PCSR\000"
 1190      00
 1191              	.LASF27:
 1192 0075 464F4C44 		.ascii	"FOLDCNT\000"
 1192      434E5400 
 1193              	.LASF66:
 1194 007d 504C4C49 		.ascii	"PLLI2SCFGR\000"
 1194      32534346 
 1194      475200
 1195              	.LASF39:
 1196 0088 5057525F 		.ascii	"PWR_TypeDef\000"
 1196      54797065 
 1196      44656600 
 1197              	.LASF53:
 1198 0094 41504231 		.ascii	"APB1ENR\000"
 1198      454E5200 
 1199              	.LASF49:
 1200 009c 41484231 		.ascii	"AHB1ENR\000"
 1200      454E5200 
 1201              	.LASF65:
 1202 00a4 53534347 		.ascii	"SSCGR\000"
 1202      5200
 1203              	.LASF58:
 1204 00aa 41484233 		.ascii	"AHB3LPENR\000"
 1204      4C50454E 
 1204      5200
 1205              	.LASF41:
 1206 00b4 43464752 		.ascii	"CFGR\000"
 1206      00
 1207              	.LASF52:
 1208 00b9 52455345 		.ascii	"RESERVED2\000"
 1208      52564544 
 1208      3200
 1209              	.LASF18:
 1210 00c3 44435244 		.ascii	"DCRDR\000"
 1210      5200
 1211              	.LASF17:
 1212 00c9 44435253 		.ascii	"DCRSR\000"
 1212      5200
 1213              	.LASF64:
 1214 00cf 52455345 		.ascii	"RESERVED6\000"
 1214      52564544 
 1214      3600
 1215              	.LASF73:
 1216 00d9 68616C5F 		.ascii	"hal_lld_backup_domain_init\000"
 1216      6C6C645F 
ARM GAS  /var/folders/bz/nn5481rn5xq59rb0mbj7x0880000gn/T//ccPCuwil.s 			page 23


 1216      6261636B 
 1216      75705F64 
 1216      6F6D6169 
 1217              	.LASF68:
 1218 00f4 44434B43 		.ascii	"DCKCFGR\000"
 1218      46475200 
 1219              	.LASF54:
 1220 00fc 41504232 		.ascii	"APB2ENR\000"
 1220      454E5200 
 1221              	.LASF51:
 1222 0104 41484233 		.ascii	"AHB3ENR\000"
 1222      454E5200 
 1223              	.LASF35:
 1224 010c 4F50544B 		.ascii	"OPTKEYR\000"
 1224      45595200 
 1225              	.LASF9:
 1226 0114 6C6F6E67 		.ascii	"long long int\000"
 1226      206C6F6E 
 1226      6720696E 
 1226      7400
 1227              	.LASF22:
 1228 0122 43594343 		.ascii	"CYCCNT\000"
 1228      4E5400
 1229              	.LASF32:
 1230 0129 43414C49 		.ascii	"CALIB\000"
 1230      4200
 1231              	.LASF16:
 1232 012f 44484353 		.ascii	"DHCSR\000"
 1232      5200
 1233              	.LASF61:
 1234 0135 41504232 		.ascii	"APB2LPENR\000"
 1234      4C50454E 
 1234      5200
 1235              	.LASF5:
 1236 013f 6C6F6E67 		.ascii	"long int\000"
 1236      20696E74 
 1236      00
 1237              	.LASF69:
 1238 0148 5243435F 		.ascii	"RCC_TypeDef\000"
 1238      54797065 
 1238      44656600 
 1239              	.LASF25:
 1240 0154 534C4545 		.ascii	"SLEEPCNT\000"
 1240      50434E54 
 1240      00
 1241              	.LASF47:
 1242 015d 41504232 		.ascii	"APB2RSTR\000"
 1242      52535452 
 1242      00
 1243              	.LASF75:
 1244 0166 73746D33 		.ascii	"stm32_clock_init\000"
 1244      325F636C 
 1244      6F636B5F 
 1244      696E6974 
 1244      00
 1245              	.LASF37:
 1246 0177 4F505443 		.ascii	"OPTCR1\000"
ARM GAS  /var/folders/bz/nn5481rn5xq59rb0mbj7x0880000gn/T//ccPCuwil.s 			page 24


 1246      523100
 1247              	.LASF34:
 1248 017e 4B455952 		.ascii	"KEYR\000"
 1248      00
 1249              	.LASF70:
 1250 0183 474E5520 		.ascii	"GNU C 4.9.3 20150529 (release) [ARM/embedded-4_9-br"
 1250      4320342E 
 1250      392E3320 
 1250      32303135 
 1250      30353239 
 1251 01b6 616E6368 		.ascii	"anch revision 224288] -mcpu=cortex-m4 -mfloat-abi=h"
 1251      20726576 
 1251      6973696F 
 1251      6E203232 
 1251      34323838 
 1252 01e9 61726420 		.ascii	"ard -mfpu=fpv4-sp-d16 -mno-thumb-interwork -mthumb "
 1252      2D6D6670 
 1252      753D6670 
 1252      76342D73 
 1252      702D6431 
 1253 021c 2D676764 		.ascii	"-ggdb -O2 -std=gnu99 -fomit-frame-pointer -falign-f"
 1253      62202D4F 
 1253      32202D73 
 1253      74643D67 
 1253      6E753939 
 1254 024f 756E6374 		.ascii	"unctions=16 -ffunction-sections -fdata-sections -fn"
 1254      696F6E73 
 1254      3D313620 
 1254      2D666675 
 1254      6E637469 
 1255 0282 6F2D636F 		.ascii	"o-common -fsingle-precision-constant\000"
 1255      6D6D6F6E 
 1255      202D6673 
 1255      696E676C 
 1255      652D7072 
 1256              	.LASF2:
 1257 02a7 756E7369 		.ascii	"unsigned char\000"
 1257      676E6564 
 1257      20636861 
 1257      7200
 1258              	.LASF29:
 1259 02b5 434D785F 		.ascii	"CMx_DWT\000"
 1259      44575400 
 1260              	.LASF21:
 1261 02bd 4354524C 		.ascii	"CTRL\000"
 1261      00
 1262              	.LASF1:
 1263 02c2 7369676E 		.ascii	"signed char\000"
 1263      65642063 
 1263      68617200 
 1264              	.LASF10:
 1265 02ce 6C6F6E67 		.ascii	"long long unsigned int\000"
 1265      206C6F6E 
 1265      6720756E 
 1265      7369676E 
 1265      65642069 
 1266              	.LASF12:
ARM GAS  /var/folders/bz/nn5481rn5xq59rb0mbj7x0880000gn/T//ccPCuwil.s 			page 25


 1267 02e5 75696E74 		.ascii	"uint32_t\000"
 1267      33325F74 
 1267      00
 1268              	.LASF0:
 1269 02ee 756E7369 		.ascii	"unsigned int\000"
 1269      676E6564 
 1269      20696E74 
 1269      00
 1270              	.LASF43:
 1271 02fb 41484232 		.ascii	"AHB2RSTR\000"
 1271      52535452 
 1271      00
 1272              	.LASF74:
 1273 0304 68616C5F 		.ascii	"hal_lld_init\000"
 1273      6C6C645F 
 1273      696E6974 
 1273      00
 1274              	.LASF40:
 1275 0311 504C4C43 		.ascii	"PLLCFGR\000"
 1275      46475200 
 1276              	.LASF33:
 1277 0319 53797354 		.ascii	"SysTick_Type\000"
 1277      69636B5F 
 1277      54797065 
 1277      00
 1278              	.LASF4:
 1279 0326 73686F72 		.ascii	"short unsigned int\000"
 1279      7420756E 
 1279      7369676E 
 1279      65642069 
 1279      6E7400
 1280              	.LASF30:
 1281 0339 63686172 		.ascii	"char\000"
 1281      00
 1282              	.LASF20:
 1283 033e 434D785F 		.ascii	"CMx_SCS\000"
 1283      53435300 
 1284              	.LASF11:
 1285 0346 696E7433 		.ascii	"int32_t\000"
 1285      325F7400 
 1286              	.LASF13:
 1287 034e 5F426F6F 		.ascii	"_Bool\000"
 1287      6C00
 1288              	.LASF57:
 1289 0354 41484232 		.ascii	"AHB2LPENR\000"
 1289      4C50454E 
 1289      5200
 1290              	.LASF77:
 1291 035e 646D6149 		.ascii	"dmaInit\000"
 1291      6E697400 
 1292              	.LASF45:
 1293 0366 52455345 		.ascii	"RESERVED0\000"
 1293      52564544 
 1293      3000
 1294              	.LASF48:
 1295 0370 52455345 		.ascii	"RESERVED1\000"
 1295      52564544 
ARM GAS  /var/folders/bz/nn5481rn5xq59rb0mbj7x0880000gn/T//ccPCuwil.s 			page 26


 1295      3100
 1296              	.LASF23:
 1297 037a 43504943 		.ascii	"CPICNT\000"
 1297      4E5400
 1298              	.LASF55:
 1299 0381 52455345 		.ascii	"RESERVED3\000"
 1299      52564544 
 1299      3300
 1300              	.LASF59:
 1301 038b 52455345 		.ascii	"RESERVED4\000"
 1301      52564544 
 1301      3400
 1302              	.LASF62:
 1303 0395 52455345 		.ascii	"RESERVED5\000"
 1303      52564544 
 1303      3500
 1304              	.LASF8:
 1305 039f 6C6F6E67 		.ascii	"long unsigned int\000"
 1305      20756E73 
 1305      69676E65 
 1305      6420696E 
 1305      7400
 1306              	.LASF7:
 1307 03b1 5F5F7569 		.ascii	"__uint32_t\000"
 1307      6E743332 
 1307      5F7400
 1308              	.LASF72:
 1309 03bc 2F557365 		.ascii	"/Users/imac/oroca_bldc_dev/oroca_bldc/\000"
 1309      72732F69 
 1309      6D61632F 
 1309      6F726F63 
 1309      615F626C 
 1310              	.LASF6:
 1311 03e3 5F5F696E 		.ascii	"__int32_t\000"
 1311      7433325F 
 1311      7400
 1312              	.LASF26:
 1313 03ed 4C535543 		.ascii	"LSUCNT\000"
 1313      4E5400
 1314              	.LASF31:
 1315 03f4 4C4F4144 		.ascii	"LOAD\000"
 1315      00
 1316              	.LASF14:
 1317 03f9 494F5245 		.ascii	"IOREG32\000"
 1317      47333200 
 1318              	.LASF42:
 1319 0401 41484231 		.ascii	"AHB1RSTR\000"
 1319      52535452 
 1319      00
 1320              	.LASF44:
 1321 040a 41484233 		.ascii	"AHB3RSTR\000"
 1321      52535452 
 1321      00
 1322              	.LASF38:
 1323 0413 464C4153 		.ascii	"FLASH_TypeDef\000"
 1323      485F5479 
 1323      70654465 
ARM GAS  /var/folders/bz/nn5481rn5xq59rb0mbj7x0880000gn/T//ccPCuwil.s 			page 27


 1323      6600
 1324              	.LASF76:
 1325 0421 49544D5F 		.ascii	"ITM_RxBuffer\000"
 1325      52784275 
 1325      66666572 
 1325      00
 1326              	.LASF67:
 1327 042e 504C4C53 		.ascii	"PLLSAICFGR\000"
 1327      41494346 
 1327      475200
 1328              	.LASF24:
 1329 0439 45584343 		.ascii	"EXCCNT\000"
 1329      4E5400
 1330              	.LASF60:
 1331 0440 41504231 		.ascii	"APB1LPENR\000"
 1331      4C50454E 
 1331      5200
 1332              	.LASF36:
 1333 044a 4F505443 		.ascii	"OPTCR\000"
 1333      5200
 1334              		.ident	"GCC: (GNU Tools for ARM Embedded Processors) 4.9.3 20150529 (release) [ARM/embedded-4_9-br
ARM GAS  /var/folders/bz/nn5481rn5xq59rb0mbj7x0880000gn/T//ccPCuwil.s 			page 28


DEFINED SYMBOLS
                            *ABS*:0000000000000000 hal_lld.c
/var/folders/bz/nn5481rn5xq59rb0mbj7x0880000gn/T//ccPCuwil.s:21     .text.hal_lld_init:0000000000000000 $t
/var/folders/bz/nn5481rn5xq59rb0mbj7x0880000gn/T//ccPCuwil.s:27     .text.hal_lld_init:0000000000000000 hal_lld_init
/var/folders/bz/nn5481rn5xq59rb0mbj7x0880000gn/T//ccPCuwil.s:138    .text.hal_lld_init:0000000000000084 $d
/var/folders/bz/nn5481rn5xq59rb0mbj7x0880000gn/T//ccPCuwil.s:147    .text.stm32_clock_init:0000000000000000 $t
/var/folders/bz/nn5481rn5xq59rb0mbj7x0880000gn/T//ccPCuwil.s:153    .text.stm32_clock_init:0000000000000000 stm32_clock_init
/var/folders/bz/nn5481rn5xq59rb0mbj7x0880000gn/T//ccPCuwil.s:275    .text.stm32_clock_init:00000000000000ac $d
                     .debug_frame:0000000000000010 $d

UNDEFINED SYMBOLS
dmaInit
