ARM GAS  /var/folders/bz/nn5481rn5xq59rb0mbj7x0880000gn/T//cceGLuaK.s 			page 1


   1              		.syntax unified
   2              		.cpu cortex-m4
   3              		.eabi_attribute 27, 1
   4              		.eabi_attribute 28, 1
   5              		.fpu fpv4-sp-d16
   6              		.eabi_attribute 20, 1
   7              		.eabi_attribute 21, 1
   8              		.eabi_attribute 23, 3
   9              		.eabi_attribute 24, 1
  10              		.eabi_attribute 25, 1
  11              		.eabi_attribute 26, 1
  12              		.eabi_attribute 30, 2
  13              		.eabi_attribute 34, 1
  14              		.eabi_attribute 18, 4
  15              		.thumb
  16              		.file	"hw_45.c"
  17              		.text
  18              	.Ltext0:
  19              		.cfi_sections	.debug_frame
  20              	.Letext0:
  21              		.section	.debug_info,"",%progbits
  22              	.Ldebug_info0:
  23 0000 7C000000 		.4byte	0x7c
  24 0004 0400     		.2byte	0x4
  25 0006 00000000 		.4byte	.Ldebug_abbrev0
  26 000a 04       		.byte	0x4
  27 000b 01       		.uleb128 0x1
  28 000c 97000000 		.4byte	.LASF13
  29 0010 01       		.byte	0x1
  30 0011 7E000000 		.4byte	.LASF14
  31 0015 1B000000 		.4byte	.LASF15
  32 0019 00000000 		.4byte	.Ldebug_line0
  33 001d 02       		.uleb128 0x2
  34 001e 01       		.byte	0x1
  35 001f 06       		.byte	0x6
  36 0020 CE010000 		.4byte	.LASF0
  37 0024 02       		.uleb128 0x2
  38 0025 01       		.byte	0x1
  39 0026 08       		.byte	0x8
  40 0027 6B000000 		.4byte	.LASF1
  41 002b 02       		.uleb128 0x2
  42 002c 02       		.byte	0x2
  43 002d 05       		.byte	0x5
  44 002e E9010000 		.4byte	.LASF2
  45 0032 02       		.uleb128 0x2
  46 0033 02       		.byte	0x2
  47 0034 07       		.byte	0x7
  48 0035 BB010000 		.4byte	.LASF3
  49 0039 02       		.uleb128 0x2
  50 003a 04       		.byte	0x4
  51 003b 05       		.byte	0x5
  52 003c DA010000 		.4byte	.LASF4
  53 0040 02       		.uleb128 0x2
  54 0041 04       		.byte	0x4
  55 0042 07       		.byte	0x7
  56 0043 42000000 		.4byte	.LASF5
  57 0047 02       		.uleb128 0x2
ARM GAS  /var/folders/bz/nn5481rn5xq59rb0mbj7x0880000gn/T//cceGLuaK.s 			page 2


  58 0048 08       		.byte	0x8
  59 0049 05       		.byte	0x5
  60 004a 00000000 		.4byte	.LASF6
  61 004e 02       		.uleb128 0x2
  62 004f 08       		.byte	0x8
  63 0050 07       		.byte	0x7
  64 0051 54000000 		.4byte	.LASF7
  65 0055 03       		.uleb128 0x3
  66 0056 04       		.byte	0x4
  67 0057 05       		.byte	0x5
  68 0058 696E7400 		.ascii	"int\000"
  69 005c 02       		.uleb128 0x2
  70 005d 04       		.byte	0x4
  71 005e 07       		.byte	0x7
  72 005f 0E000000 		.4byte	.LASF8
  73 0063 02       		.uleb128 0x2
  74 0064 01       		.byte	0x1
  75 0065 02       		.byte	0x2
  76 0066 91000000 		.4byte	.LASF9
  77 006a 02       		.uleb128 0x2
  78 006b 04       		.byte	0x4
  79 006c 07       		.byte	0x7
  80 006d F3010000 		.4byte	.LASF10
  81 0071 02       		.uleb128 0x2
  82 0072 01       		.byte	0x1
  83 0073 08       		.byte	0x8
  84 0074 79000000 		.4byte	.LASF11
  85 0078 02       		.uleb128 0x2
  86 0079 04       		.byte	0x4
  87 007a 04       		.byte	0x4
  88 007b E3010000 		.4byte	.LASF12
  89 007f 00       		.byte	0
  90              		.section	.debug_abbrev,"",%progbits
  91              	.Ldebug_abbrev0:
  92 0000 01       		.uleb128 0x1
  93 0001 11       		.uleb128 0x11
  94 0002 01       		.byte	0x1
  95 0003 25       		.uleb128 0x25
  96 0004 0E       		.uleb128 0xe
  97 0005 13       		.uleb128 0x13
  98 0006 0B       		.uleb128 0xb
  99 0007 03       		.uleb128 0x3
 100 0008 0E       		.uleb128 0xe
 101 0009 1B       		.uleb128 0x1b
 102 000a 0E       		.uleb128 0xe
 103 000b 10       		.uleb128 0x10
 104 000c 17       		.uleb128 0x17
 105 000d 00       		.byte	0
 106 000e 00       		.byte	0
 107 000f 02       		.uleb128 0x2
 108 0010 24       		.uleb128 0x24
 109 0011 00       		.byte	0
 110 0012 0B       		.uleb128 0xb
 111 0013 0B       		.uleb128 0xb
 112 0014 3E       		.uleb128 0x3e
 113 0015 0B       		.uleb128 0xb
 114 0016 03       		.uleb128 0x3
ARM GAS  /var/folders/bz/nn5481rn5xq59rb0mbj7x0880000gn/T//cceGLuaK.s 			page 3


 115 0017 0E       		.uleb128 0xe
 116 0018 00       		.byte	0
 117 0019 00       		.byte	0
 118 001a 03       		.uleb128 0x3
 119 001b 24       		.uleb128 0x24
 120 001c 00       		.byte	0
 121 001d 0B       		.uleb128 0xb
 122 001e 0B       		.uleb128 0xb
 123 001f 3E       		.uleb128 0x3e
 124 0020 0B       		.uleb128 0xb
 125 0021 03       		.uleb128 0x3
 126 0022 08       		.uleb128 0x8
 127 0023 00       		.byte	0
 128 0024 00       		.byte	0
 129 0025 00       		.byte	0
 130              		.section	.debug_aranges,"",%progbits
 131 0000 14000000 		.4byte	0x14
 132 0004 0200     		.2byte	0x2
 133 0006 00000000 		.4byte	.Ldebug_info0
 134 000a 04       		.byte	0x4
 135 000b 00       		.byte	0
 136 000c 0000     		.2byte	0
 137 000e 0000     		.2byte	0
 138 0010 00000000 		.4byte	0
 139 0014 00000000 		.4byte	0
 140              		.section	.debug_line,"",%progbits
 141              	.Ldebug_line0:
 142 0000 19000000 		.section	.debug_str,"MS",%progbits,1
 142      02001300 
 142      00000201 
 142      FB0E0D00 
 142      01010101 
 143              	.LASF6:
 144 0000 6C6F6E67 		.ascii	"long long int\000"
 144      206C6F6E 
 144      6720696E 
 144      7400
 145              	.LASF8:
 146 000e 756E7369 		.ascii	"unsigned int\000"
 146      676E6564 
 146      20696E74 
 146      00
 147              	.LASF15:
 148 001b 2F557365 		.ascii	"/Users/imac/oroca_bldc_dev/oroca_bldc/\000"
 148      72732F69 
 148      6D61632F 
 148      6F726F63 
 148      615F626C 
 149              	.LASF5:
 150 0042 6C6F6E67 		.ascii	"long unsigned int\000"
 150      20756E73 
 150      69676E65 
 150      6420696E 
 150      7400
 151              	.LASF7:
 152 0054 6C6F6E67 		.ascii	"long long unsigned int\000"
 152      206C6F6E 
ARM GAS  /var/folders/bz/nn5481rn5xq59rb0mbj7x0880000gn/T//cceGLuaK.s 			page 4


 152      6720756E 
 152      7369676E 
 152      65642069 
 153              	.LASF1:
 154 006b 756E7369 		.ascii	"unsigned char\000"
 154      676E6564 
 154      20636861 
 154      7200
 155              	.LASF11:
 156 0079 63686172 		.ascii	"char\000"
 156      00
 157              	.LASF14:
 158 007e 6C69622F 		.ascii	"lib/hwconf/hw_45.c\000"
 158      6877636F 
 158      6E662F68 
 158      775F3435 
 158      2E6300
 159              	.LASF9:
 160 0091 5F426F6F 		.ascii	"_Bool\000"
 160      6C00
 161              	.LASF13:
 162 0097 474E5520 		.ascii	"GNU C 4.9.3 20150529 (release) [ARM/embedded-4_9-br"
 162      4320342E 
 162      392E3320 
 162      32303135 
 162      30353239 
 163 00ca 616E6368 		.ascii	"anch revision 224288] -mcpu=cortex-m4 -mfloat-abi=h"
 163      20726576 
 163      6973696F 
 163      6E203232 
 163      34323838 
 164 00fd 61726420 		.ascii	"ard -mfpu=fpv4-sp-d16 -mno-thumb-interwork -mthumb "
 164      2D6D6670 
 164      753D6670 
 164      76342D73 
 164      702D6431 
 165 0130 2D676764 		.ascii	"-ggdb -O2 -std=gnu99 -fomit-frame-pointer -falign-f"
 165      62202D4F 
 165      32202D73 
 165      74643D67 
 165      6E753939 
 166 0163 756E6374 		.ascii	"unctions=16 -ffunction-sections -fdata-sections -fn"
 166      696F6E73 
 166      3D313620 
 166      2D666675 
 166      6E637469 
 167 0196 6F2D636F 		.ascii	"o-common -fsingle-precision-constant\000"
 167      6D6D6F6E 
 167      202D6673 
 167      696E676C 
 167      652D7072 
 168              	.LASF3:
 169 01bb 73686F72 		.ascii	"short unsigned int\000"
 169      7420756E 
 169      7369676E 
 169      65642069 
 169      6E7400
ARM GAS  /var/folders/bz/nn5481rn5xq59rb0mbj7x0880000gn/T//cceGLuaK.s 			page 5


 170              	.LASF0:
 171 01ce 7369676E 		.ascii	"signed char\000"
 171      65642063 
 171      68617200 
 172              	.LASF4:
 173 01da 6C6F6E67 		.ascii	"long int\000"
 173      20696E74 
 173      00
 174              	.LASF12:
 175 01e3 666C6F61 		.ascii	"float\000"
 175      7400
 176              	.LASF2:
 177 01e9 73686F72 		.ascii	"short int\000"
 177      7420696E 
 177      7400
 178              	.LASF10:
 179 01f3 73697A65 		.ascii	"sizetype\000"
 179      74797065 
 179      00
 180              		.ident	"GCC: (GNU Tools for ARM Embedded Processors) 4.9.3 20150529 (release) [ARM/embedded-4_9-br
ARM GAS  /var/folders/bz/nn5481rn5xq59rb0mbj7x0880000gn/T//cceGLuaK.s 			page 6


DEFINED SYMBOLS
                            *ABS*:0000000000000000 hw_45.c

NO UNDEFINED SYMBOLS
