ARM GAS  /var/folders/bz/nn5481rn5xq59rb0mbj7x0880000gn/T//cc30S8rL.s 			page 1


   1              		.syntax unified
   2              		.cpu cortex-m4
   3              		.eabi_attribute 27, 1
   4              		.eabi_attribute 28, 1
   5              		.fpu fpv4-sp-d16
   6              		.eabi_attribute 20, 1
   7              		.eabi_attribute 21, 1
   8              		.eabi_attribute 23, 3
   9              		.eabi_attribute 24, 1
  10              		.eabi_attribute 25, 1
  11              		.eabi_attribute 26, 1
  12              		.eabi_attribute 30, 2
  13              		.eabi_attribute 34, 1
  14              		.eabi_attribute 18, 4
  15              		.thumb
  16              		.file	"mac.c"
  17              		.text
  18              	.Ltext0:
  19              		.cfi_sections	.debug_frame
  20              	.Letext0:
  21              		.file 1 "/Users/imac/Downloads/gcc-arm-none-eabi-4_9-2015q2/arm-none-eabi/include/machine/_default
  22              		.file 2 "/Users/imac/Downloads/gcc-arm-none-eabi-4_9-2015q2/arm-none-eabi/include/sys/_stdint.h"
  23              		.file 3 "lib/ChibiOS_2.6.6/os/ports/common/ARMCMx/CMSIS/include/core_cm4.h"
  24              		.section	.debug_info,"",%progbits
  25              	.Ldebug_info0:
  26 0000 9C000000 		.4byte	0x9c
  27 0004 0400     		.2byte	0x4
  28 0006 00000000 		.4byte	.Ldebug_abbrev0
  29 000a 04       		.byte	0x4
  30 000b 01       		.uleb128 0x1
  31 000c 97000000 		.4byte	.LASF14
  32 0010 01       		.byte	0x1
  33 0011 F1010000 		.4byte	.LASF15
  34 0015 1B000000 		.4byte	.LASF16
  35 0019 00000000 		.4byte	.Ldebug_line0
  36 001d 02       		.uleb128 0x2
  37 001e 04       		.byte	0x4
  38 001f 05       		.byte	0x5
  39 0020 696E7400 		.ascii	"int\000"
  40 0024 03       		.uleb128 0x3
  41 0025 04       		.byte	0x4
  42 0026 07       		.byte	0x7
  43 0027 0E000000 		.4byte	.LASF0
  44 002b 03       		.uleb128 0x3
  45 002c 01       		.byte	0x1
  46 002d 06       		.byte	0x6
  47 002e CE010000 		.4byte	.LASF1
  48 0032 03       		.uleb128 0x3
  49 0033 01       		.byte	0x1
  50 0034 08       		.byte	0x8
  51 0035 6B000000 		.4byte	.LASF2
  52 0039 03       		.uleb128 0x3
  53 003a 02       		.byte	0x2
  54 003b 05       		.byte	0x5
  55 003c 87000000 		.4byte	.LASF3
  56 0040 03       		.uleb128 0x3
  57 0041 02       		.byte	0x2
ARM GAS  /var/folders/bz/nn5481rn5xq59rb0mbj7x0880000gn/T//cc30S8rL.s 			page 2


  58 0042 07       		.byte	0x7
  59 0043 BB010000 		.4byte	.LASF4
  60 0047 04       		.uleb128 0x4
  61 0048 DA010000 		.4byte	.LASF9
  62 004c 01       		.byte	0x1
  63 004d 3F       		.byte	0x3f
  64 004e 52000000 		.4byte	0x52
  65 0052 03       		.uleb128 0x3
  66 0053 04       		.byte	0x4
  67 0054 05       		.byte	0x5
  68 0055 7E000000 		.4byte	.LASF5
  69 0059 03       		.uleb128 0x3
  70 005a 04       		.byte	0x4
  71 005b 07       		.byte	0x7
  72 005c 42000000 		.4byte	.LASF6
  73 0060 03       		.uleb128 0x3
  74 0061 08       		.byte	0x8
  75 0062 05       		.byte	0x5
  76 0063 00000000 		.4byte	.LASF7
  77 0067 03       		.uleb128 0x3
  78 0068 08       		.byte	0x8
  79 0069 07       		.byte	0x7
  80 006a 54000000 		.4byte	.LASF8
  81 006e 04       		.uleb128 0x4
  82 006f 14020000 		.4byte	.LASF10
  83 0073 02       		.byte	0x2
  84 0074 1F       		.byte	0x1f
  85 0075 47000000 		.4byte	0x47
  86 0079 03       		.uleb128 0x3
  87 007a 01       		.byte	0x1
  88 007b 02       		.byte	0x2
  89 007c 91000000 		.4byte	.LASF11
  90 0080 03       		.uleb128 0x3
  91 0081 04       		.byte	0x4
  92 0082 07       		.byte	0x7
  93 0083 1C020000 		.4byte	.LASF12
  94 0087 03       		.uleb128 0x3
  95 0088 01       		.byte	0x1
  96 0089 08       		.byte	0x8
  97 008a 79000000 		.4byte	.LASF13
  98 008e 05       		.uleb128 0x5
  99 008f 6E000000 		.4byte	0x6e
 100 0093 06       		.uleb128 0x6
 101 0094 E4010000 		.4byte	.LASF17
 102 0098 03       		.byte	0x3
 103 0099 9806     		.2byte	0x698
 104 009b 8E000000 		.4byte	0x8e
 105 009f 00       		.byte	0
 106              		.section	.debug_abbrev,"",%progbits
 107              	.Ldebug_abbrev0:
 108 0000 01       		.uleb128 0x1
 109 0001 11       		.uleb128 0x11
 110 0002 01       		.byte	0x1
 111 0003 25       		.uleb128 0x25
 112 0004 0E       		.uleb128 0xe
 113 0005 13       		.uleb128 0x13
 114 0006 0B       		.uleb128 0xb
ARM GAS  /var/folders/bz/nn5481rn5xq59rb0mbj7x0880000gn/T//cc30S8rL.s 			page 3


 115 0007 03       		.uleb128 0x3
 116 0008 0E       		.uleb128 0xe
 117 0009 1B       		.uleb128 0x1b
 118 000a 0E       		.uleb128 0xe
 119 000b 10       		.uleb128 0x10
 120 000c 17       		.uleb128 0x17
 121 000d 00       		.byte	0
 122 000e 00       		.byte	0
 123 000f 02       		.uleb128 0x2
 124 0010 24       		.uleb128 0x24
 125 0011 00       		.byte	0
 126 0012 0B       		.uleb128 0xb
 127 0013 0B       		.uleb128 0xb
 128 0014 3E       		.uleb128 0x3e
 129 0015 0B       		.uleb128 0xb
 130 0016 03       		.uleb128 0x3
 131 0017 08       		.uleb128 0x8
 132 0018 00       		.byte	0
 133 0019 00       		.byte	0
 134 001a 03       		.uleb128 0x3
 135 001b 24       		.uleb128 0x24
 136 001c 00       		.byte	0
 137 001d 0B       		.uleb128 0xb
 138 001e 0B       		.uleb128 0xb
 139 001f 3E       		.uleb128 0x3e
 140 0020 0B       		.uleb128 0xb
 141 0021 03       		.uleb128 0x3
 142 0022 0E       		.uleb128 0xe
 143 0023 00       		.byte	0
 144 0024 00       		.byte	0
 145 0025 04       		.uleb128 0x4
 146 0026 16       		.uleb128 0x16
 147 0027 00       		.byte	0
 148 0028 03       		.uleb128 0x3
 149 0029 0E       		.uleb128 0xe
 150 002a 3A       		.uleb128 0x3a
 151 002b 0B       		.uleb128 0xb
 152 002c 3B       		.uleb128 0x3b
 153 002d 0B       		.uleb128 0xb
 154 002e 49       		.uleb128 0x49
 155 002f 13       		.uleb128 0x13
 156 0030 00       		.byte	0
 157 0031 00       		.byte	0
 158 0032 05       		.uleb128 0x5
 159 0033 35       		.uleb128 0x35
 160 0034 00       		.byte	0
 161 0035 49       		.uleb128 0x49
 162 0036 13       		.uleb128 0x13
 163 0037 00       		.byte	0
 164 0038 00       		.byte	0
 165 0039 06       		.uleb128 0x6
 166 003a 34       		.uleb128 0x34
 167 003b 00       		.byte	0
 168 003c 03       		.uleb128 0x3
 169 003d 0E       		.uleb128 0xe
 170 003e 3A       		.uleb128 0x3a
 171 003f 0B       		.uleb128 0xb
ARM GAS  /var/folders/bz/nn5481rn5xq59rb0mbj7x0880000gn/T//cc30S8rL.s 			page 4


 172 0040 3B       		.uleb128 0x3b
 173 0041 05       		.uleb128 0x5
 174 0042 49       		.uleb128 0x49
 175 0043 13       		.uleb128 0x13
 176 0044 3F       		.uleb128 0x3f
 177 0045 19       		.uleb128 0x19
 178 0046 3C       		.uleb128 0x3c
 179 0047 19       		.uleb128 0x19
 180 0048 00       		.byte	0
 181 0049 00       		.byte	0
 182 004a 00       		.byte	0
 183              		.section	.debug_aranges,"",%progbits
 184 0000 14000000 		.4byte	0x14
 185 0004 0200     		.2byte	0x2
 186 0006 00000000 		.4byte	.Ldebug_info0
 187 000a 04       		.byte	0x4
 188 000b 00       		.byte	0
 189 000c 0000     		.2byte	0
 190 000e 0000     		.2byte	0
 191 0010 00000000 		.4byte	0
 192 0014 00000000 		.4byte	0
 193              		.section	.debug_line,"",%progbits
 194              	.Ldebug_line0:
 195 0000 1D010000 		.section	.debug_str,"MS",%progbits,1
 195      02001701 
 195      00000201 
 195      FB0E0D00 
 195      01010101 
 196              	.LASF7:
 197 0000 6C6F6E67 		.ascii	"long long int\000"
 197      206C6F6E 
 197      6720696E 
 197      7400
 198              	.LASF0:
 199 000e 756E7369 		.ascii	"unsigned int\000"
 199      676E6564 
 199      20696E74 
 199      00
 200              	.LASF16:
 201 001b 2F557365 		.ascii	"/Users/imac/oroca_bldc_dev/oroca_bldc/\000"
 201      72732F69 
 201      6D61632F 
 201      6F726F63 
 201      615F626C 
 202              	.LASF6:
 203 0042 6C6F6E67 		.ascii	"long unsigned int\000"
 203      20756E73 
 203      69676E65 
 203      6420696E 
 203      7400
 204              	.LASF8:
 205 0054 6C6F6E67 		.ascii	"long long unsigned int\000"
 205      206C6F6E 
 205      6720756E 
 205      7369676E 
 205      65642069 
 206              	.LASF2:
ARM GAS  /var/folders/bz/nn5481rn5xq59rb0mbj7x0880000gn/T//cc30S8rL.s 			page 5


 207 006b 756E7369 		.ascii	"unsigned char\000"
 207      676E6564 
 207      20636861 
 207      7200
 208              	.LASF13:
 209 0079 63686172 		.ascii	"char\000"
 209      00
 210              	.LASF5:
 211 007e 6C6F6E67 		.ascii	"long int\000"
 211      20696E74 
 211      00
 212              	.LASF3:
 213 0087 73686F72 		.ascii	"short int\000"
 213      7420696E 
 213      7400
 214              	.LASF11:
 215 0091 5F426F6F 		.ascii	"_Bool\000"
 215      6C00
 216              	.LASF14:
 217 0097 474E5520 		.ascii	"GNU C 4.9.3 20150529 (release) [ARM/embedded-4_9-br"
 217      4320342E 
 217      392E3320 
 217      32303135 
 217      30353239 
 218 00ca 616E6368 		.ascii	"anch revision 224288] -mcpu=cortex-m4 -mfloat-abi=h"
 218      20726576 
 218      6973696F 
 218      6E203232 
 218      34323838 
 219 00fd 61726420 		.ascii	"ard -mfpu=fpv4-sp-d16 -mno-thumb-interwork -mthumb "
 219      2D6D6670 
 219      753D6670 
 219      76342D73 
 219      702D6431 
 220 0130 2D676764 		.ascii	"-ggdb -O2 -std=gnu99 -fomit-frame-pointer -falign-f"
 220      62202D4F 
 220      32202D73 
 220      74643D67 
 220      6E753939 
 221 0163 756E6374 		.ascii	"unctions=16 -ffunction-sections -fdata-sections -fn"
 221      696F6E73 
 221      3D313620 
 221      2D666675 
 221      6E637469 
 222 0196 6F2D636F 		.ascii	"o-common -fsingle-precision-constant\000"
 222      6D6D6F6E 
 222      202D6673 
 222      696E676C 
 222      652D7072 
 223              	.LASF4:
 224 01bb 73686F72 		.ascii	"short unsigned int\000"
 224      7420756E 
 224      7369676E 
 224      65642069 
 224      6E7400
 225              	.LASF1:
 226 01ce 7369676E 		.ascii	"signed char\000"
ARM GAS  /var/folders/bz/nn5481rn5xq59rb0mbj7x0880000gn/T//cc30S8rL.s 			page 6


 226      65642063 
 226      68617200 
 227              	.LASF9:
 228 01da 5F5F696E 		.ascii	"__int32_t\000"
 228      7433325F 
 228      7400
 229              	.LASF17:
 230 01e4 49544D5F 		.ascii	"ITM_RxBuffer\000"
 230      52784275 
 230      66666572 
 230      00
 231              	.LASF15:
 232 01f1 6C69622F 		.ascii	"lib/ChibiOS_2.6.6/os/hal/src/mac.c\000"
 232      43686962 
 232      694F535F 
 232      322E362E 
 232      362F6F73 
 233              	.LASF10:
 234 0214 696E7433 		.ascii	"int32_t\000"
 234      325F7400 
 235              	.LASF12:
 236 021c 73697A65 		.ascii	"sizetype\000"
 236      74797065 
 236      00
 237              		.ident	"GCC: (GNU Tools for ARM Embedded Processors) 4.9.3 20150529 (release) [ARM/embedded-4_9-br
ARM GAS  /var/folders/bz/nn5481rn5xq59rb0mbj7x0880000gn/T//cc30S8rL.s 			page 7


DEFINED SYMBOLS
                            *ABS*:0000000000000000 mac.c

NO UNDEFINED SYMBOLS
