ARM GAS  /var/folders/bz/nn5481rn5xq59rb0mbj7x0880000gn/T//ccHlgQOA.s 			page 1


   1              		.syntax unified
   2              		.cpu cortex-m4
   3              		.eabi_attribute 27, 1
   4              		.eabi_attribute 28, 1
   5              		.fpu fpv4-sp-d16
   6              		.eabi_attribute 20, 1
   7              		.eabi_attribute 21, 1
   8              		.eabi_attribute 23, 3
   9              		.eabi_attribute 24, 1
  10              		.eabi_attribute 25, 1
  11              		.eabi_attribute 26, 1
  12              		.eabi_attribute 30, 2
  13              		.eabi_attribute 34, 1
  14              		.eabi_attribute 18, 4
  15              		.thumb
  16              		.file	"main.c"
  17              		.text
  18              	.Ltext0:
  19              		.cfi_sections	.debug_frame
  20              		.section	.text.startup.main,"ax",%progbits
  21              		.align	2
  22              		.p2align 4,,15
  23              		.global	main
  24              		.thumb
  25              		.thumb_func
  26              		.type	main, %function
  27              	main:
  28              	.LFB119:
  29              		.file 1 "main.c"
  30              		.loc 1 27 0
  31              		.cfi_startproc
  32              		@ args = 0, pretend = 0, frame = 0
  33              		@ frame_needed = 0, uses_anonymous_args = 0
  34 0000 08B5     		push	{r3, lr}
  35              		.cfi_def_cfa_offset 8
  36              		.cfi_offset 3, -8
  37              		.cfi_offset 14, -4
  38              	.LBB4:
  39              	.LBB5:
  40              		.loc 1 51 0
  41 0002 FFF7FEFF 		bl	bldc_init
  42              	.LVL0:
  43              	.LBE5:
  44              	.LBE4:
  45              		.loc 1 33 0
  46 0006 FFF7FEFF 		bl	bldc_start
  47              	.LVL1:
  48              		.loc 1 37 0
  49 000a 0020     		movs	r0, #0
  50 000c 08BD     		pop	{r3, pc}
  51              		.cfi_endproc
  52              	.LFE119:
  53              		.size	main, .-main
  54 000e 00BF     		.section	.text.main_init,"ax",%progbits
  55              		.align	2
  56              		.p2align 4,,15
  57              		.global	main_init
ARM GAS  /var/folders/bz/nn5481rn5xq59rb0mbj7x0880000gn/T//ccHlgQOA.s 			page 2


  58              		.thumb
  59              		.thumb_func
  60              		.type	main_init, %function
  61              	main_init:
  62              	.LFB120:
  63              		.loc 1 50 0
  64              		.cfi_startproc
  65              		@ args = 0, pretend = 0, frame = 0
  66              		@ frame_needed = 0, uses_anonymous_args = 0
  67              		@ link register save eliminated.
  68              		.loc 1 51 0
  69 0000 FFF7FEBF 		b	bldc_init
  70              	.LVL2:
  71              		.cfi_endproc
  72              	.LFE120:
  73              		.size	main_init, .-main_init
  74              		.text
  75              	.Letext0:
  76              		.file 2 "/Users/imac/Downloads/gcc-arm-none-eabi-4_9-2015q2/arm-none-eabi/include/machine/_default
  77              		.file 3 "/Users/imac/Downloads/gcc-arm-none-eabi-4_9-2015q2/arm-none-eabi/include/sys/_stdint.h"
  78              		.file 4 "src/bldc/bldc.h"
  79              		.file 5 "lib/ChibiOS_2.6.6/os/ports/common/ARMCMx/CMSIS/include/core_cm4.h"
  80              		.section	.debug_info,"",%progbits
  81              	.Ldebug_info0:
  82 0000 34010000 		.4byte	0x134
  83 0004 0400     		.2byte	0x4
  84 0006 00000000 		.4byte	.Ldebug_abbrev0
  85 000a 04       		.byte	0x4
  86 000b 01       		.uleb128 0x1
  87 000c C0000000 		.4byte	.LASF19
  88 0010 01       		.byte	0x1
  89 0011 57000000 		.4byte	.LASF20
  90 0015 26000000 		.4byte	.LASF21
  91 0019 00000000 		.4byte	.Ldebug_ranges0+0
  92 001d 00000000 		.4byte	0
  93 0021 00000000 		.4byte	.Ldebug_line0
  94 0025 02       		.uleb128 0x2
  95 0026 01       		.byte	0x1
  96 0027 06       		.byte	0x6
  97 0028 03020000 		.4byte	.LASF0
  98 002c 02       		.uleb128 0x2
  99 002d 01       		.byte	0x1
 100 002e 08       		.byte	0x8
 101 002f 96000000 		.4byte	.LASF1
 102 0033 02       		.uleb128 0x2
 103 0034 02       		.byte	0x2
 104 0035 05       		.byte	0x5
 105 0036 75000000 		.4byte	.LASF2
 106 003a 02       		.uleb128 0x2
 107 003b 02       		.byte	0x2
 108 003c 07       		.byte	0x7
 109 003d F0010000 		.4byte	.LASF3
 110 0041 03       		.uleb128 0x3
 111 0042 18020000 		.4byte	.LASF9
 112 0046 02       		.byte	0x2
 113 0047 3F       		.byte	0x3f
 114 0048 4C000000 		.4byte	0x4c
ARM GAS  /var/folders/bz/nn5481rn5xq59rb0mbj7x0880000gn/T//ccHlgQOA.s 			page 3


 115 004c 02       		.uleb128 0x2
 116 004d 04       		.byte	0x4
 117 004e 05       		.byte	0x5
 118 004f 0F020000 		.4byte	.LASF4
 119 0053 02       		.uleb128 0x2
 120 0054 04       		.byte	0x4
 121 0055 07       		.byte	0x7
 122 0056 63000000 		.4byte	.LASF5
 123 005a 02       		.uleb128 0x2
 124 005b 08       		.byte	0x8
 125 005c 05       		.byte	0x5
 126 005d 00000000 		.4byte	.LASF6
 127 0061 02       		.uleb128 0x2
 128 0062 08       		.byte	0x8
 129 0063 07       		.byte	0x7
 130 0064 7F000000 		.4byte	.LASF7
 131 0068 04       		.uleb128 0x4
 132 0069 04       		.byte	0x4
 133 006a 05       		.byte	0x5
 134 006b 696E7400 		.ascii	"int\000"
 135 006f 02       		.uleb128 0x2
 136 0070 04       		.byte	0x4
 137 0071 07       		.byte	0x7
 138 0072 19000000 		.4byte	.LASF8
 139 0076 03       		.uleb128 0x3
 140 0077 35020000 		.4byte	.LASF10
 141 007b 03       		.byte	0x3
 142 007c 1F       		.byte	0x1f
 143 007d 41000000 		.4byte	0x41
 144 0081 02       		.uleb128 0x2
 145 0082 04       		.byte	0x4
 146 0083 07       		.byte	0x7
 147 0084 3D020000 		.4byte	.LASF11
 148 0088 02       		.uleb128 0x2
 149 0089 01       		.byte	0x1
 150 008a 08       		.byte	0x8
 151 008b A4000000 		.4byte	.LASF12
 152 008f 02       		.uleb128 0x2
 153 0090 08       		.byte	0x8
 154 0091 04       		.byte	0x4
 155 0092 B3000000 		.4byte	.LASF13
 156 0096 02       		.uleb128 0x2
 157 0097 04       		.byte	0x4
 158 0098 04       		.byte	0x4
 159 0099 22020000 		.4byte	.LASF14
 160 009d 02       		.uleb128 0x2
 161 009e 08       		.byte	0x8
 162 009f 04       		.byte	0x4
 163 00a0 E4010000 		.4byte	.LASF15
 164 00a4 02       		.uleb128 0x2
 165 00a5 01       		.byte	0x1
 166 00a6 02       		.byte	0x2
 167 00a7 BA000000 		.4byte	.LASF16
 168 00ab 05       		.uleb128 0x5
 169 00ac 76000000 		.4byte	0x76
 170 00b0 06       		.uleb128 0x6
 171 00b1 A9000000 		.4byte	.LASF22
ARM GAS  /var/folders/bz/nn5481rn5xq59rb0mbj7x0880000gn/T//ccHlgQOA.s 			page 4


 172 00b5 01       		.byte	0x1
 173 00b6 31       		.byte	0x31
 174 00b7 01       		.byte	0x1
 175 00b8 07       		.uleb128 0x7
 176 00b9 5E000000 		.4byte	.LASF23
 177 00bd 01       		.byte	0x1
 178 00be 1A       		.byte	0x1a
 179 00bf 68000000 		.4byte	0x68
 180 00c3 00000000 		.4byte	.LFB119
 181 00c7 0E000000 		.4byte	.LFE119-.LFB119
 182 00cb 01       		.uleb128 0x1
 183 00cc 9C       		.byte	0x9c
 184 00cd F8000000 		.4byte	0xf8
 185 00d1 08       		.uleb128 0x8
 186 00d2 B0000000 		.4byte	0xb0
 187 00d6 02000000 		.4byte	.LBB4
 188 00da 04000000 		.4byte	.LBE4-.LBB4
 189 00de 01       		.byte	0x1
 190 00df 1C       		.byte	0x1c
 191 00e0 EE000000 		.4byte	0xee
 192 00e4 09       		.uleb128 0x9
 193 00e5 06000000 		.4byte	.LVL0
 194 00e9 21010000 		.4byte	0x121
 195 00ed 00       		.byte	0
 196 00ee 09       		.uleb128 0x9
 197 00ef 0A000000 		.4byte	.LVL1
 198 00f3 2C010000 		.4byte	0x12c
 199 00f7 00       		.byte	0
 200 00f8 0A       		.uleb128 0xa
 201 00f9 B0000000 		.4byte	0xb0
 202 00fd 00000000 		.4byte	.LFB120
 203 0101 04000000 		.4byte	.LFE120-.LFB120
 204 0105 01       		.uleb128 0x1
 205 0106 9C       		.byte	0x9c
 206 0107 15010000 		.4byte	0x115
 207 010b 0B       		.uleb128 0xb
 208 010c 04000000 		.4byte	.LVL2
 209 0110 21010000 		.4byte	0x121
 210 0114 00       		.byte	0
 211 0115 0C       		.uleb128 0xc
 212 0116 28020000 		.4byte	.LASF24
 213 011a 05       		.byte	0x5
 214 011b 9806     		.2byte	0x698
 215 011d AB000000 		.4byte	0xab
 216 0121 0D       		.uleb128 0xd
 217 0122 4D000000 		.4byte	.LASF17
 218 0126 04       		.byte	0x4
 219 0127 3F       		.byte	0x3f
 220 0128 68000000 		.4byte	0x68
 221 012c 0D       		.uleb128 0xd
 222 012d 0E000000 		.4byte	.LASF18
 223 0131 04       		.byte	0x4
 224 0132 40       		.byte	0x40
 225 0133 68000000 		.4byte	0x68
 226 0137 00       		.byte	0
 227              		.section	.debug_abbrev,"",%progbits
 228              	.Ldebug_abbrev0:
ARM GAS  /var/folders/bz/nn5481rn5xq59rb0mbj7x0880000gn/T//ccHlgQOA.s 			page 5


 229 0000 01       		.uleb128 0x1
 230 0001 11       		.uleb128 0x11
 231 0002 01       		.byte	0x1
 232 0003 25       		.uleb128 0x25
 233 0004 0E       		.uleb128 0xe
 234 0005 13       		.uleb128 0x13
 235 0006 0B       		.uleb128 0xb
 236 0007 03       		.uleb128 0x3
 237 0008 0E       		.uleb128 0xe
 238 0009 1B       		.uleb128 0x1b
 239 000a 0E       		.uleb128 0xe
 240 000b 55       		.uleb128 0x55
 241 000c 17       		.uleb128 0x17
 242 000d 11       		.uleb128 0x11
 243 000e 01       		.uleb128 0x1
 244 000f 10       		.uleb128 0x10
 245 0010 17       		.uleb128 0x17
 246 0011 00       		.byte	0
 247 0012 00       		.byte	0
 248 0013 02       		.uleb128 0x2
 249 0014 24       		.uleb128 0x24
 250 0015 00       		.byte	0
 251 0016 0B       		.uleb128 0xb
 252 0017 0B       		.uleb128 0xb
 253 0018 3E       		.uleb128 0x3e
 254 0019 0B       		.uleb128 0xb
 255 001a 03       		.uleb128 0x3
 256 001b 0E       		.uleb128 0xe
 257 001c 00       		.byte	0
 258 001d 00       		.byte	0
 259 001e 03       		.uleb128 0x3
 260 001f 16       		.uleb128 0x16
 261 0020 00       		.byte	0
 262 0021 03       		.uleb128 0x3
 263 0022 0E       		.uleb128 0xe
 264 0023 3A       		.uleb128 0x3a
 265 0024 0B       		.uleb128 0xb
 266 0025 3B       		.uleb128 0x3b
 267 0026 0B       		.uleb128 0xb
 268 0027 49       		.uleb128 0x49
 269 0028 13       		.uleb128 0x13
 270 0029 00       		.byte	0
 271 002a 00       		.byte	0
 272 002b 04       		.uleb128 0x4
 273 002c 24       		.uleb128 0x24
 274 002d 00       		.byte	0
 275 002e 0B       		.uleb128 0xb
 276 002f 0B       		.uleb128 0xb
 277 0030 3E       		.uleb128 0x3e
 278 0031 0B       		.uleb128 0xb
 279 0032 03       		.uleb128 0x3
 280 0033 08       		.uleb128 0x8
 281 0034 00       		.byte	0
 282 0035 00       		.byte	0
 283 0036 05       		.uleb128 0x5
 284 0037 35       		.uleb128 0x35
 285 0038 00       		.byte	0
ARM GAS  /var/folders/bz/nn5481rn5xq59rb0mbj7x0880000gn/T//ccHlgQOA.s 			page 6


 286 0039 49       		.uleb128 0x49
 287 003a 13       		.uleb128 0x13
 288 003b 00       		.byte	0
 289 003c 00       		.byte	0
 290 003d 06       		.uleb128 0x6
 291 003e 2E       		.uleb128 0x2e
 292 003f 00       		.byte	0
 293 0040 3F       		.uleb128 0x3f
 294 0041 19       		.uleb128 0x19
 295 0042 03       		.uleb128 0x3
 296 0043 0E       		.uleb128 0xe
 297 0044 3A       		.uleb128 0x3a
 298 0045 0B       		.uleb128 0xb
 299 0046 3B       		.uleb128 0x3b
 300 0047 0B       		.uleb128 0xb
 301 0048 27       		.uleb128 0x27
 302 0049 19       		.uleb128 0x19
 303 004a 20       		.uleb128 0x20
 304 004b 0B       		.uleb128 0xb
 305 004c 00       		.byte	0
 306 004d 00       		.byte	0
 307 004e 07       		.uleb128 0x7
 308 004f 2E       		.uleb128 0x2e
 309 0050 01       		.byte	0x1
 310 0051 3F       		.uleb128 0x3f
 311 0052 19       		.uleb128 0x19
 312 0053 03       		.uleb128 0x3
 313 0054 0E       		.uleb128 0xe
 314 0055 3A       		.uleb128 0x3a
 315 0056 0B       		.uleb128 0xb
 316 0057 3B       		.uleb128 0x3b
 317 0058 0B       		.uleb128 0xb
 318 0059 27       		.uleb128 0x27
 319 005a 19       		.uleb128 0x19
 320 005b 49       		.uleb128 0x49
 321 005c 13       		.uleb128 0x13
 322 005d 11       		.uleb128 0x11
 323 005e 01       		.uleb128 0x1
 324 005f 12       		.uleb128 0x12
 325 0060 06       		.uleb128 0x6
 326 0061 40       		.uleb128 0x40
 327 0062 18       		.uleb128 0x18
 328 0063 9742     		.uleb128 0x2117
 329 0065 19       		.uleb128 0x19
 330 0066 01       		.uleb128 0x1
 331 0067 13       		.uleb128 0x13
 332 0068 00       		.byte	0
 333 0069 00       		.byte	0
 334 006a 08       		.uleb128 0x8
 335 006b 1D       		.uleb128 0x1d
 336 006c 01       		.byte	0x1
 337 006d 31       		.uleb128 0x31
 338 006e 13       		.uleb128 0x13
 339 006f 11       		.uleb128 0x11
 340 0070 01       		.uleb128 0x1
 341 0071 12       		.uleb128 0x12
 342 0072 06       		.uleb128 0x6
ARM GAS  /var/folders/bz/nn5481rn5xq59rb0mbj7x0880000gn/T//ccHlgQOA.s 			page 7


 343 0073 58       		.uleb128 0x58
 344 0074 0B       		.uleb128 0xb
 345 0075 59       		.uleb128 0x59
 346 0076 0B       		.uleb128 0xb
 347 0077 01       		.uleb128 0x1
 348 0078 13       		.uleb128 0x13
 349 0079 00       		.byte	0
 350 007a 00       		.byte	0
 351 007b 09       		.uleb128 0x9
 352 007c 898201   		.uleb128 0x4109
 353 007f 00       		.byte	0
 354 0080 11       		.uleb128 0x11
 355 0081 01       		.uleb128 0x1
 356 0082 31       		.uleb128 0x31
 357 0083 13       		.uleb128 0x13
 358 0084 00       		.byte	0
 359 0085 00       		.byte	0
 360 0086 0A       		.uleb128 0xa
 361 0087 2E       		.uleb128 0x2e
 362 0088 01       		.byte	0x1
 363 0089 31       		.uleb128 0x31
 364 008a 13       		.uleb128 0x13
 365 008b 11       		.uleb128 0x11
 366 008c 01       		.uleb128 0x1
 367 008d 12       		.uleb128 0x12
 368 008e 06       		.uleb128 0x6
 369 008f 40       		.uleb128 0x40
 370 0090 18       		.uleb128 0x18
 371 0091 9742     		.uleb128 0x2117
 372 0093 19       		.uleb128 0x19
 373 0094 01       		.uleb128 0x1
 374 0095 13       		.uleb128 0x13
 375 0096 00       		.byte	0
 376 0097 00       		.byte	0
 377 0098 0B       		.uleb128 0xb
 378 0099 898201   		.uleb128 0x4109
 379 009c 00       		.byte	0
 380 009d 11       		.uleb128 0x11
 381 009e 01       		.uleb128 0x1
 382 009f 9542     		.uleb128 0x2115
 383 00a1 19       		.uleb128 0x19
 384 00a2 31       		.uleb128 0x31
 385 00a3 13       		.uleb128 0x13
 386 00a4 00       		.byte	0
 387 00a5 00       		.byte	0
 388 00a6 0C       		.uleb128 0xc
 389 00a7 34       		.uleb128 0x34
 390 00a8 00       		.byte	0
 391 00a9 03       		.uleb128 0x3
 392 00aa 0E       		.uleb128 0xe
 393 00ab 3A       		.uleb128 0x3a
 394 00ac 0B       		.uleb128 0xb
 395 00ad 3B       		.uleb128 0x3b
 396 00ae 05       		.uleb128 0x5
 397 00af 49       		.uleb128 0x49
 398 00b0 13       		.uleb128 0x13
 399 00b1 3F       		.uleb128 0x3f
ARM GAS  /var/folders/bz/nn5481rn5xq59rb0mbj7x0880000gn/T//ccHlgQOA.s 			page 8


 400 00b2 19       		.uleb128 0x19
 401 00b3 3C       		.uleb128 0x3c
 402 00b4 19       		.uleb128 0x19
 403 00b5 00       		.byte	0
 404 00b6 00       		.byte	0
 405 00b7 0D       		.uleb128 0xd
 406 00b8 2E       		.uleb128 0x2e
 407 00b9 00       		.byte	0
 408 00ba 3F       		.uleb128 0x3f
 409 00bb 19       		.uleb128 0x19
 410 00bc 03       		.uleb128 0x3
 411 00bd 0E       		.uleb128 0xe
 412 00be 3A       		.uleb128 0x3a
 413 00bf 0B       		.uleb128 0xb
 414 00c0 3B       		.uleb128 0x3b
 415 00c1 0B       		.uleb128 0xb
 416 00c2 27       		.uleb128 0x27
 417 00c3 19       		.uleb128 0x19
 418 00c4 49       		.uleb128 0x49
 419 00c5 13       		.uleb128 0x13
 420 00c6 3C       		.uleb128 0x3c
 421 00c7 19       		.uleb128 0x19
 422 00c8 00       		.byte	0
 423 00c9 00       		.byte	0
 424 00ca 00       		.byte	0
 425              		.section	.debug_aranges,"",%progbits
 426 0000 24000000 		.4byte	0x24
 427 0004 0200     		.2byte	0x2
 428 0006 00000000 		.4byte	.Ldebug_info0
 429 000a 04       		.byte	0x4
 430 000b 00       		.byte	0
 431 000c 0000     		.2byte	0
 432 000e 0000     		.2byte	0
 433 0010 00000000 		.4byte	.LFB119
 434 0014 0E000000 		.4byte	.LFE119-.LFB119
 435 0018 00000000 		.4byte	.LFB120
 436 001c 04000000 		.4byte	.LFE120-.LFB120
 437 0020 00000000 		.4byte	0
 438 0024 00000000 		.4byte	0
 439              		.section	.debug_ranges,"",%progbits
 440              	.Ldebug_ranges0:
 441 0000 00000000 		.4byte	.LFB119
 442 0004 0E000000 		.4byte	.LFE119
 443 0008 00000000 		.4byte	.LFB120
 444 000c 04000000 		.4byte	.LFE120
 445 0010 00000000 		.4byte	0
 446 0014 00000000 		.4byte	0
 447              		.section	.debug_line,"",%progbits
 448              	.Ldebug_line0:
 449 0000 60010000 		.section	.debug_str,"MS",%progbits,1
 449      02003401 
 449      00000201 
 449      FB0E0D00 
 449      01010101 
 450              	.LASF6:
 451 0000 6C6F6E67 		.ascii	"long long int\000"
 451      206C6F6E 
ARM GAS  /var/folders/bz/nn5481rn5xq59rb0mbj7x0880000gn/T//ccHlgQOA.s 			page 9


 451      6720696E 
 451      7400
 452              	.LASF18:
 453 000e 626C6463 		.ascii	"bldc_start\000"
 453      5F737461 
 453      727400
 454              	.LASF8:
 455 0019 756E7369 		.ascii	"unsigned int\000"
 455      676E6564 
 455      20696E74 
 455      00
 456              	.LASF21:
 457 0026 2F557365 		.ascii	"/Users/imac/oroca_bldc_dev/oroca_bldc/\000"
 457      72732F69 
 457      6D61632F 
 457      6F726F63 
 457      615F626C 
 458              	.LASF17:
 459 004d 626C6463 		.ascii	"bldc_init\000"
 459      5F696E69 
 459      7400
 460              	.LASF20:
 461 0057 6D61696E 		.ascii	"main.c\000"
 461      2E6300
 462              	.LASF23:
 463 005e 6D61696E 		.ascii	"main\000"
 463      00
 464              	.LASF5:
 465 0063 6C6F6E67 		.ascii	"long unsigned int\000"
 465      20756E73 
 465      69676E65 
 465      6420696E 
 465      7400
 466              	.LASF2:
 467 0075 73686F72 		.ascii	"short int\000"
 467      7420696E 
 467      7400
 468              	.LASF7:
 469 007f 6C6F6E67 		.ascii	"long long unsigned int\000"
 469      206C6F6E 
 469      6720756E 
 469      7369676E 
 469      65642069 
 470              	.LASF1:
 471 0096 756E7369 		.ascii	"unsigned char\000"
 471      676E6564 
 471      20636861 
 471      7200
 472              	.LASF12:
 473 00a4 63686172 		.ascii	"char\000"
 473      00
 474              	.LASF22:
 475 00a9 6D61696E 		.ascii	"main_init\000"
 475      5F696E69 
 475      7400
 476              	.LASF13:
 477 00b3 646F7562 		.ascii	"double\000"
ARM GAS  /var/folders/bz/nn5481rn5xq59rb0mbj7x0880000gn/T//ccHlgQOA.s 			page 10


 477      6C6500
 478              	.LASF16:
 479 00ba 5F426F6F 		.ascii	"_Bool\000"
 479      6C00
 480              	.LASF19:
 481 00c0 474E5520 		.ascii	"GNU C 4.9.3 20150529 (release) [ARM/embedded-4_9-br"
 481      4320342E 
 481      392E3320 
 481      32303135 
 481      30353239 
 482 00f3 616E6368 		.ascii	"anch revision 224288] -mcpu=cortex-m4 -mfloat-abi=h"
 482      20726576 
 482      6973696F 
 482      6E203232 
 482      34323838 
 483 0126 61726420 		.ascii	"ard -mfpu=fpv4-sp-d16 -mno-thumb-interwork -mthumb "
 483      2D6D6670 
 483      753D6670 
 483      76342D73 
 483      702D6431 
 484 0159 2D676764 		.ascii	"-ggdb -O2 -std=gnu99 -fomit-frame-pointer -falign-f"
 484      62202D4F 
 484      32202D73 
 484      74643D67 
 484      6E753939 
 485 018c 756E6374 		.ascii	"unctions=16 -ffunction-sections -fdata-sections -fn"
 485      696F6E73 
 485      3D313620 
 485      2D666675 
 485      6E637469 
 486 01bf 6F2D636F 		.ascii	"o-common -fsingle-precision-constant\000"
 486      6D6D6F6E 
 486      202D6673 
 486      696E676C 
 486      652D7072 
 487              	.LASF15:
 488 01e4 6C6F6E67 		.ascii	"long double\000"
 488      20646F75 
 488      626C6500 
 489              	.LASF3:
 490 01f0 73686F72 		.ascii	"short unsigned int\000"
 490      7420756E 
 490      7369676E 
 490      65642069 
 490      6E7400
 491              	.LASF0:
 492 0203 7369676E 		.ascii	"signed char\000"
 492      65642063 
 492      68617200 
 493              	.LASF4:
 494 020f 6C6F6E67 		.ascii	"long int\000"
 494      20696E74 
 494      00
 495              	.LASF9:
 496 0218 5F5F696E 		.ascii	"__int32_t\000"
 496      7433325F 
 496      7400
ARM GAS  /var/folders/bz/nn5481rn5xq59rb0mbj7x0880000gn/T//ccHlgQOA.s 			page 11


 497              	.LASF14:
 498 0222 666C6F61 		.ascii	"float\000"
 498      7400
 499              	.LASF24:
 500 0228 49544D5F 		.ascii	"ITM_RxBuffer\000"
 500      52784275 
 500      66666572 
 500      00
 501              	.LASF10:
 502 0235 696E7433 		.ascii	"int32_t\000"
 502      325F7400 
 503              	.LASF11:
 504 023d 73697A65 		.ascii	"sizetype\000"
 504      74797065 
 504      00
 505              		.ident	"GCC: (GNU Tools for ARM Embedded Processors) 4.9.3 20150529 (release) [ARM/embedded-4_9-br
ARM GAS  /var/folders/bz/nn5481rn5xq59rb0mbj7x0880000gn/T//ccHlgQOA.s 			page 12


DEFINED SYMBOLS
                            *ABS*:0000000000000000 main.c
/var/folders/bz/nn5481rn5xq59rb0mbj7x0880000gn/T//ccHlgQOA.s:21     .text.startup.main:0000000000000000 $t
/var/folders/bz/nn5481rn5xq59rb0mbj7x0880000gn/T//ccHlgQOA.s:27     .text.startup.main:0000000000000000 main
/var/folders/bz/nn5481rn5xq59rb0mbj7x0880000gn/T//ccHlgQOA.s:55     .text.main_init:0000000000000000 $t
/var/folders/bz/nn5481rn5xq59rb0mbj7x0880000gn/T//ccHlgQOA.s:61     .text.main_init:0000000000000000 main_init
                     .debug_frame:0000000000000010 $d

UNDEFINED SYMBOLS
bldc_init
bldc_start
