ARM GAS  /var/folders/7z/kps_xzfj7sn5l5gkyq8s9db00000gn/T//cc1ESJzE.s 			page 1


   1              		.syntax unified
   2              		.cpu cortex-m4
   3              		.eabi_attribute 27, 1
   4              		.eabi_attribute 28, 1
   5              		.fpu fpv4-sp-d16
   6              		.eabi_attribute 20, 1
   7              		.eabi_attribute 21, 1
   8              		.eabi_attribute 23, 3
   9              		.eabi_attribute 24, 1
  10              		.eabi_attribute 25, 1
  11              		.eabi_attribute 26, 1
  12              		.eabi_attribute 30, 2
  13              		.eabi_attribute 34, 1
  14              		.eabi_attribute 18, 4
  15              		.thumb
  16              		.file	"stm32f4xx_wwdg.c"
  17              		.text
  18              	.Ltext0:
  19              		.cfi_sections	.debug_frame
  20              		.section	.text.WWDG_DeInit,"ax",%progbits
  21              		.align	2
  22              		.p2align 4,,15
  23              		.global	WWDG_DeInit
  24              		.thumb
  25              		.thumb_func
  26              		.type	WWDG_DeInit, %function
  27              	WWDG_DeInit:
  28              	.LFB111:
  29              		.file 1 "lib/ChibiOS_2.6.6/ext/stdperiph_stm32f4/src/stm32f4xx_wwdg.c"
  30              		.loc 1 141 0
  31              		.cfi_startproc
  32              		@ args = 0, pretend = 0, frame = 0
  33              		@ frame_needed = 0, uses_anonymous_args = 0
  34 0000 08B5     		push	{r3, lr}
  35              		.cfi_def_cfa_offset 8
  36              		.cfi_offset 3, -8
  37              		.cfi_offset 14, -4
  38              		.loc 1 142 0
  39 0002 4FF40060 		mov	r0, #2048
  40 0006 0121     		movs	r1, #1
  41 0008 FFF7FEFF 		bl	RCC_APB1PeriphResetCmd
  42              	.LVL0:
  43              		.loc 1 143 0
  44 000c 4FF40060 		mov	r0, #2048
  45 0010 0021     		movs	r1, #0
  46              		.loc 1 144 0
  47 0012 BDE80840 		pop	{r3, lr}
  48              		.cfi_restore 14
  49              		.cfi_restore 3
  50              		.cfi_def_cfa_offset 0
  51              		.loc 1 143 0
  52 0016 FFF7FEBF 		b	RCC_APB1PeriphResetCmd
  53              	.LVL1:
  54              		.cfi_endproc
  55              	.LFE111:
  56              		.size	WWDG_DeInit, .-WWDG_DeInit
  57 001a 00BFAFF3 		.section	.text.WWDG_SetPrescaler,"ax",%progbits
ARM GAS  /var/folders/7z/kps_xzfj7sn5l5gkyq8s9db00000gn/T//cc1ESJzE.s 			page 2


  57      0080
  58              		.align	2
  59              		.p2align 4,,15
  60              		.global	WWDG_SetPrescaler
  61              		.thumb
  62              		.thumb_func
  63              		.type	WWDG_SetPrescaler, %function
  64              	WWDG_SetPrescaler:
  65              	.LFB112:
  66              		.loc 1 157 0
  67              		.cfi_startproc
  68              		@ args = 0, pretend = 0, frame = 0
  69              		@ frame_needed = 0, uses_anonymous_args = 0
  70              		@ link register save eliminated.
  71              	.LVL2:
  72              		.loc 1 162 0
  73 0000 034A     		ldr	r2, .L4
  74 0002 5368     		ldr	r3, [r2, #4]
  75 0004 23F4C073 		bic	r3, r3, #384
  76              	.LVL3:
  77              		.loc 1 164 0
  78 0008 1843     		orrs	r0, r0, r3
  79              	.LVL4:
  80              		.loc 1 166 0
  81 000a 5060     		str	r0, [r2, #4]
  82 000c 7047     		bx	lr
  83              	.L5:
  84 000e 00BF     		.align	2
  85              	.L4:
  86 0010 002C0040 		.word	1073753088
  87              		.cfi_endproc
  88              	.LFE112:
  89              		.size	WWDG_SetPrescaler, .-WWDG_SetPrescaler
  90 0014 AFF30080 		.section	.text.WWDG_SetWindowValue,"ax",%progbits
  90      AFF30080 
  90      AFF30080 
  91              		.align	2
  92              		.p2align 4,,15
  93              		.global	WWDG_SetWindowValue
  94              		.thumb
  95              		.thumb_func
  96              		.type	WWDG_SetWindowValue, %function
  97              	WWDG_SetWindowValue:
  98              	.LFB113:
  99              		.loc 1 176 0
 100              		.cfi_startproc
 101              		@ args = 0, pretend = 0, frame = 8
 102              		@ frame_needed = 0, uses_anonymous_args = 0
 103              		@ link register save eliminated.
 104              	.LVL5:
 105 0000 82B0     		sub	sp, sp, #8
 106              		.cfi_def_cfa_offset 8
 107              		.loc 1 183 0
 108 0002 084A     		ldr	r2, .L8
 109              		.loc 1 177 0
 110 0004 0023     		movs	r3, #0
 111 0006 0193     		str	r3, [sp, #4]
ARM GAS  /var/folders/7z/kps_xzfj7sn5l5gkyq8s9db00000gn/T//cc1ESJzE.s 			page 3


 112              		.loc 1 183 0
 113 0008 5368     		ldr	r3, [r2, #4]
 114 000a 23F07F03 		bic	r3, r3, #127
 115 000e 0193     		str	r3, [sp, #4]
 116              		.loc 1 186 0
 117 0010 019B     		ldr	r3, [sp, #4]
 118 0012 00F07F00 		and	r0, r0, #127
 119              	.LVL6:
 120 0016 0343     		orrs	r3, r3, r0
 121 0018 0193     		str	r3, [sp, #4]
 122              		.loc 1 189 0
 123 001a 019B     		ldr	r3, [sp, #4]
 124 001c 5360     		str	r3, [r2, #4]
 125              		.loc 1 190 0
 126 001e 02B0     		add	sp, sp, #8
 127              		.cfi_def_cfa_offset 0
 128              		@ sp needed
 129 0020 7047     		bx	lr
 130              	.L9:
 131 0022 00BF     		.align	2
 132              	.L8:
 133 0024 002C0040 		.word	1073753088
 134              		.cfi_endproc
 135              	.LFE113:
 136              		.size	WWDG_SetWindowValue, .-WWDG_SetWindowValue
 137              		.section	.text.WWDG_EnableIT,"ax",%progbits
 138              		.align	2
 139              		.p2align 4,,15
 140              		.global	WWDG_EnableIT
 141              		.thumb
 142              		.thumb_func
 143              		.type	WWDG_EnableIT, %function
 144              	WWDG_EnableIT:
 145              	.LFB114:
 146              		.loc 1 199 0
 147              		.cfi_startproc
 148              		@ args = 0, pretend = 0, frame = 0
 149              		@ frame_needed = 0, uses_anonymous_args = 0
 150              		@ link register save eliminated.
 151              		.loc 1 200 0
 152 0000 014B     		ldr	r3, .L11
 153 0002 0122     		movs	r2, #1
 154 0004 1A60     		str	r2, [r3]
 155 0006 7047     		bx	lr
 156              	.L12:
 157              		.align	2
 158              	.L11:
 159 0008 A4800542 		.word	1107656868
 160              		.cfi_endproc
 161              	.LFE114:
 162              		.size	WWDG_EnableIT, .-WWDG_EnableIT
 163 000c AFF30080 		.section	.text.WWDG_SetCounter,"ax",%progbits
 164              		.align	2
 165              		.p2align 4,,15
 166              		.global	WWDG_SetCounter
 167              		.thumb
 168              		.thumb_func
ARM GAS  /var/folders/7z/kps_xzfj7sn5l5gkyq8s9db00000gn/T//cc1ESJzE.s 			page 4


 169              		.type	WWDG_SetCounter, %function
 170              	WWDG_SetCounter:
 171              	.LFB115:
 172              		.loc 1 211 0
 173              		.cfi_startproc
 174              		@ args = 0, pretend = 0, frame = 0
 175              		@ frame_needed = 0, uses_anonymous_args = 0
 176              		@ link register save eliminated.
 177              	.LVL7:
 178              		.loc 1 216 0
 179 0000 024B     		ldr	r3, .L14
 180 0002 00F07F00 		and	r0, r0, #127
 181              	.LVL8:
 182 0006 1860     		str	r0, [r3]
 183 0008 7047     		bx	lr
 184              	.L15:
 185 000a 00BF     		.align	2
 186              	.L14:
 187 000c 002C0040 		.word	1073753088
 188              		.cfi_endproc
 189              	.LFE115:
 190              		.size	WWDG_SetCounter, .-WWDG_SetCounter
 191              		.section	.text.WWDG_Enable,"ax",%progbits
 192              		.align	2
 193              		.p2align 4,,15
 194              		.global	WWDG_Enable
 195              		.thumb
 196              		.thumb_func
 197              		.type	WWDG_Enable, %function
 198              	WWDG_Enable:
 199              	.LFB116:
 200              		.loc 1 242 0
 201              		.cfi_startproc
 202              		@ args = 0, pretend = 0, frame = 0
 203              		@ frame_needed = 0, uses_anonymous_args = 0
 204              		@ link register save eliminated.
 205              	.LVL9:
 206              		.loc 1 245 0
 207 0000 024B     		ldr	r3, .L17
 208 0002 40F08000 		orr	r0, r0, #128
 209              	.LVL10:
 210 0006 1860     		str	r0, [r3]
 211 0008 7047     		bx	lr
 212              	.L18:
 213 000a 00BF     		.align	2
 214              	.L17:
 215 000c 002C0040 		.word	1073753088
 216              		.cfi_endproc
 217              	.LFE116:
 218              		.size	WWDG_Enable, .-WWDG_Enable
 219              		.section	.text.WWDG_GetFlagStatus,"ax",%progbits
 220              		.align	2
 221              		.p2align 4,,15
 222              		.global	WWDG_GetFlagStatus
 223              		.thumb
 224              		.thumb_func
 225              		.type	WWDG_GetFlagStatus, %function
ARM GAS  /var/folders/7z/kps_xzfj7sn5l5gkyq8s9db00000gn/T//cc1ESJzE.s 			page 5


 226              	WWDG_GetFlagStatus:
 227              	.LFB117:
 228              		.loc 1 269 0
 229              		.cfi_startproc
 230              		@ args = 0, pretend = 0, frame = 0
 231              		@ frame_needed = 0, uses_anonymous_args = 0
 232              		@ link register save eliminated.
 233              	.LVL11:
 234              		.loc 1 272 0
 235 0000 024B     		ldr	r3, .L20
 236 0002 9868     		ldr	r0, [r3, #8]
 237              	.LVL12:
 238              		.loc 1 281 0
 239 0004 0030     		adds	r0, r0, #0
 240 0006 18BF     		it	ne
 241 0008 0120     		movne	r0, #1
 242              	.LVL13:
 243 000a 7047     		bx	lr
 244              	.L21:
 245              		.align	2
 246              	.L20:
 247 000c 002C0040 		.word	1073753088
 248              		.cfi_endproc
 249              	.LFE117:
 250              		.size	WWDG_GetFlagStatus, .-WWDG_GetFlagStatus
 251              		.section	.text.WWDG_ClearFlag,"ax",%progbits
 252              		.align	2
 253              		.p2align 4,,15
 254              		.global	WWDG_ClearFlag
 255              		.thumb
 256              		.thumb_func
 257              		.type	WWDG_ClearFlag, %function
 258              	WWDG_ClearFlag:
 259              	.LFB118:
 260              		.loc 1 289 0
 261              		.cfi_startproc
 262              		@ args = 0, pretend = 0, frame = 0
 263              		@ frame_needed = 0, uses_anonymous_args = 0
 264              		@ link register save eliminated.
 265              		.loc 1 290 0
 266 0000 014B     		ldr	r3, .L23
 267 0002 0022     		movs	r2, #0
 268 0004 9A60     		str	r2, [r3, #8]
 269 0006 7047     		bx	lr
 270              	.L24:
 271              		.align	2
 272              	.L23:
 273 0008 002C0040 		.word	1073753088
 274              		.cfi_endproc
 275              	.LFE118:
 276              		.size	WWDG_ClearFlag, .-WWDG_ClearFlag
 277 000c AFF30080 		.text
 278              	.Letext0:
 279              		.file 2 "/Users/Baram/gcc-arm-none-eabi/arm-none-eabi/include/machine/_default_types.h"
 280              		.file 3 "/Users/Baram/gcc-arm-none-eabi/arm-none-eabi/include/stdint.h"
 281              		.file 4 "lib/ChibiOS_2.6.6/os/hal/platforms/STM32F4xx/stm32f4xx.h"
 282              		.file 5 "lib/ChibiOS_2.6.6/os/ports/common/ARMCMx/CMSIS/include/core_cm4.h"
ARM GAS  /var/folders/7z/kps_xzfj7sn5l5gkyq8s9db00000gn/T//cc1ESJzE.s 			page 6


 283              		.file 6 "lib/ChibiOS_2.6.6/ext/stdperiph_stm32f4/inc/stm32f4xx_rcc.h"
 284              		.section	.debug_info,"",%progbits
 285              	.Ldebug_info0:
 286 0000 9E020000 		.4byte	0x29e
 287 0004 0400     		.2byte	0x4
 288 0006 00000000 		.4byte	.Ldebug_abbrev0
 289 000a 04       		.byte	0x4
 290 000b 01       		.uleb128 0x1
 291 000c 1D010000 		.4byte	.LASF34
 292 0010 01       		.byte	0x1
 293 0011 9F020000 		.4byte	.LASF35
 294 0015 79000000 		.4byte	.LASF36
 295 0019 00000000 		.4byte	.Ldebug_ranges0+0
 296 001d 00000000 		.4byte	0
 297 0021 00000000 		.4byte	.Ldebug_line0
 298 0025 02       		.uleb128 0x2
 299 0026 01       		.byte	0x1
 300 0027 06       		.byte	0x6
 301 0028 55030000 		.4byte	.LASF0
 302 002c 03       		.uleb128 0x3
 303 002d 0E000000 		.4byte	.LASF4
 304 0031 02       		.byte	0x2
 305 0032 1D       		.byte	0x1d
 306 0033 37000000 		.4byte	0x37
 307 0037 02       		.uleb128 0x2
 308 0038 01       		.byte	0x1
 309 0039 08       		.byte	0x8
 310 003a A8000000 		.4byte	.LASF1
 311 003e 02       		.uleb128 0x2
 312 003f 02       		.byte	0x2
 313 0040 05       		.byte	0x5
 314 0041 FD020000 		.4byte	.LASF2
 315 0045 02       		.uleb128 0x2
 316 0046 02       		.byte	0x2
 317 0047 07       		.byte	0x7
 318 0048 30000000 		.4byte	.LASF3
 319 004c 03       		.uleb128 0x3
 320 004d 26000000 		.4byte	.LASF5
 321 0051 02       		.byte	0x2
 322 0052 3F       		.byte	0x3f
 323 0053 57000000 		.4byte	0x57
 324 0057 02       		.uleb128 0x2
 325 0058 04       		.byte	0x4
 326 0059 05       		.byte	0x5
 327 005a 4C030000 		.4byte	.LASF6
 328 005e 03       		.uleb128 0x3
 329 005f F6000000 		.4byte	.LASF7
 330 0063 02       		.byte	0x2
 331 0064 41       		.byte	0x41
 332 0065 69000000 		.4byte	0x69
 333 0069 02       		.uleb128 0x2
 334 006a 04       		.byte	0x4
 335 006b 07       		.byte	0x7
 336 006c CD000000 		.4byte	.LASF8
 337 0070 02       		.uleb128 0x2
 338 0071 08       		.byte	0x8
 339 0072 05       		.byte	0x5
ARM GAS  /var/folders/7z/kps_xzfj7sn5l5gkyq8s9db00000gn/T//cc1ESJzE.s 			page 7


 340 0073 00000000 		.4byte	.LASF9
 341 0077 02       		.uleb128 0x2
 342 0078 08       		.byte	0x8
 343 0079 07       		.byte	0x7
 344 007a 63020000 		.4byte	.LASF10
 345 007e 04       		.uleb128 0x4
 346 007f 04       		.byte	0x4
 347 0080 05       		.byte	0x5
 348 0081 696E7400 		.ascii	"int\000"
 349 0085 02       		.uleb128 0x2
 350 0086 04       		.byte	0x4
 351 0087 07       		.byte	0x7
 352 0088 56020000 		.4byte	.LASF11
 353 008c 03       		.uleb128 0x3
 354 008d 43000000 		.4byte	.LASF12
 355 0091 03       		.byte	0x3
 356 0092 15       		.byte	0x15
 357 0093 2C000000 		.4byte	0x2c
 358 0097 03       		.uleb128 0x3
 359 0098 DC020000 		.4byte	.LASF13
 360 009c 03       		.byte	0x3
 361 009d 2C       		.byte	0x2c
 362 009e 4C000000 		.4byte	0x4c
 363 00a2 03       		.uleb128 0x3
 364 00a3 E5000000 		.4byte	.LASF14
 365 00a7 03       		.byte	0x3
 366 00a8 2D       		.byte	0x2d
 367 00a9 5E000000 		.4byte	0x5e
 368 00ad 02       		.uleb128 0x2
 369 00ae 04       		.byte	0x4
 370 00af 07       		.byte	0x7
 371 00b0 E4020000 		.4byte	.LASF15
 372 00b4 05       		.uleb128 0x5
 373 00b5 A2000000 		.4byte	0xa2
 374 00b9 05       		.uleb128 0x5
 375 00ba 97000000 		.4byte	0x97
 376 00be 06       		.uleb128 0x6
 377 00bf 01       		.byte	0x1
 378 00c0 04       		.byte	0x4
 379 00c1 F701     		.2byte	0x1f7
 380 00c3 D4000000 		.4byte	0xd4
 381 00c7 07       		.uleb128 0x7
 382 00c8 DF000000 		.4byte	.LASF16
 383 00cc 00       		.sleb128 0
 384 00cd 08       		.uleb128 0x8
 385 00ce 53455400 		.ascii	"SET\000"
 386 00d2 01       		.sleb128 1
 387 00d3 00       		.byte	0
 388 00d4 09       		.uleb128 0x9
 389 00d5 62000000 		.4byte	.LASF17
 390 00d9 04       		.byte	0x4
 391 00da F701     		.2byte	0x1f7
 392 00dc BE000000 		.4byte	0xbe
 393 00e0 06       		.uleb128 0x6
 394 00e1 01       		.byte	0x1
 395 00e2 04       		.byte	0x4
 396 00e3 F901     		.2byte	0x1f9
ARM GAS  /var/folders/7z/kps_xzfj7sn5l5gkyq8s9db00000gn/T//cc1ESJzE.s 			page 8


 397 00e5 F6000000 		.4byte	0xf6
 398 00e9 07       		.uleb128 0x7
 399 00ea EE000000 		.4byte	.LASF18
 400 00ee 00       		.sleb128 0
 401 00ef 07       		.uleb128 0x7
 402 00f0 A1000000 		.4byte	.LASF19
 403 00f4 01       		.sleb128 1
 404 00f5 00       		.byte	0
 405 00f6 09       		.uleb128 0x9
 406 00f7 01010000 		.4byte	.LASF20
 407 00fb 04       		.byte	0x4
 408 00fc F901     		.2byte	0x1f9
 409 00fe E0000000 		.4byte	0xe0
 410 0102 0A       		.uleb128 0xa
 411 0103 0C       		.byte	0xc
 412 0104 04       		.byte	0x4
 413 0105 3F05     		.2byte	0x53f
 414 0107 31010000 		.4byte	0x131
 415 010b 0B       		.uleb128 0xb
 416 010c 435200   		.ascii	"CR\000"
 417 010f 04       		.byte	0x4
 418 0110 4105     		.2byte	0x541
 419 0112 B4000000 		.4byte	0xb4
 420 0116 00       		.byte	0
 421 0117 0B       		.uleb128 0xb
 422 0118 43465200 		.ascii	"CFR\000"
 423 011c 04       		.byte	0x4
 424 011d 4205     		.2byte	0x542
 425 011f B4000000 		.4byte	0xb4
 426 0123 04       		.byte	0x4
 427 0124 0B       		.uleb128 0xb
 428 0125 535200   		.ascii	"SR\000"
 429 0128 04       		.byte	0x4
 430 0129 4305     		.2byte	0x543
 431 012b B4000000 		.4byte	0xb4
 432 012f 08       		.byte	0x8
 433 0130 00       		.byte	0
 434 0131 09       		.uleb128 0x9
 435 0132 4B000000 		.4byte	.LASF21
 436 0136 04       		.byte	0x4
 437 0137 4405     		.2byte	0x544
 438 0139 02010000 		.4byte	0x102
 439 013d 0C       		.uleb128 0xc
 440 013e 31030000 		.4byte	.LASF22
 441 0142 01       		.byte	0x1
 442 0143 8C       		.byte	0x8c
 443 0144 00000000 		.4byte	.LFB111
 444 0148 1A000000 		.4byte	.LFE111-.LFB111
 445 014c 01       		.uleb128 0x1
 446 014d 9C       		.byte	0x9c
 447 014e 83010000 		.4byte	0x183
 448 0152 0D       		.uleb128 0xd
 449 0153 0C000000 		.4byte	.LVL0
 450 0157 8E020000 		.4byte	0x28e
 451 015b 6C010000 		.4byte	0x16c
 452 015f 0E       		.uleb128 0xe
 453 0160 01       		.uleb128 0x1
ARM GAS  /var/folders/7z/kps_xzfj7sn5l5gkyq8s9db00000gn/T//cc1ESJzE.s 			page 9


 454 0161 51       		.byte	0x51
 455 0162 01       		.uleb128 0x1
 456 0163 31       		.byte	0x31
 457 0164 0E       		.uleb128 0xe
 458 0165 01       		.uleb128 0x1
 459 0166 50       		.byte	0x50
 460 0167 03       		.uleb128 0x3
 461 0168 0A       		.byte	0xa
 462 0169 0008     		.2byte	0x800
 463 016b 00       		.byte	0
 464 016c 0F       		.uleb128 0xf
 465 016d 1A000000 		.4byte	.LVL1
 466 0171 8E020000 		.4byte	0x28e
 467 0175 0E       		.uleb128 0xe
 468 0176 01       		.uleb128 0x1
 469 0177 51       		.byte	0x51
 470 0178 01       		.uleb128 0x1
 471 0179 30       		.byte	0x30
 472 017a 0E       		.uleb128 0xe
 473 017b 01       		.uleb128 0x1
 474 017c 50       		.byte	0x50
 475 017d 03       		.uleb128 0x3
 476 017e 0A       		.byte	0xa
 477 017f 0008     		.2byte	0x800
 478 0181 00       		.byte	0
 479 0182 00       		.byte	0
 480 0183 0C       		.uleb128 0xc
 481 0184 8D020000 		.4byte	.LASF23
 482 0188 01       		.byte	0x1
 483 0189 9C       		.byte	0x9c
 484 018a 00000000 		.4byte	.LFB112
 485 018e 14000000 		.4byte	.LFE112-.LFB112
 486 0192 01       		.uleb128 0x1
 487 0193 9C       		.byte	0x9c
 488 0194 B7010000 		.4byte	0x1b7
 489 0198 10       		.uleb128 0x10
 490 0199 3D030000 		.4byte	.LASF25
 491 019d 01       		.byte	0x1
 492 019e 9C       		.byte	0x9c
 493 019f A2000000 		.4byte	0xa2
 494 01a3 00000000 		.4byte	.LLST0
 495 01a7 11       		.uleb128 0x11
 496 01a8 07030000 		.4byte	.LASF27
 497 01ac 01       		.byte	0x1
 498 01ad 9E       		.byte	0x9e
 499 01ae A2000000 		.4byte	0xa2
 500 01b2 21000000 		.4byte	.LLST1
 501 01b6 00       		.byte	0
 502 01b7 0C       		.uleb128 0xc
 503 01b8 1D030000 		.4byte	.LASF24
 504 01bc 01       		.byte	0x1
 505 01bd AF       		.byte	0xaf
 506 01be 00000000 		.4byte	.LFB113
 507 01c2 28000000 		.4byte	.LFE113-.LFB113
 508 01c6 01       		.uleb128 0x1
 509 01c7 9C       		.byte	0x9c
 510 01c8 EA010000 		.4byte	0x1ea
ARM GAS  /var/folders/7z/kps_xzfj7sn5l5gkyq8s9db00000gn/T//cc1ESJzE.s 			page 10


 511 01cc 10       		.uleb128 0x10
 512 01cd 11010000 		.4byte	.LASF26
 513 01d1 01       		.byte	0x1
 514 01d2 AF       		.byte	0xaf
 515 01d3 8C000000 		.4byte	0x8c
 516 01d7 4B000000 		.4byte	.LLST2
 517 01db 12       		.uleb128 0x12
 518 01dc 07030000 		.4byte	.LASF27
 519 01e0 01       		.byte	0x1
 520 01e1 B1       		.byte	0xb1
 521 01e2 B4000000 		.4byte	0xb4
 522 01e6 02       		.uleb128 0x2
 523 01e7 91       		.byte	0x91
 524 01e8 7C       		.sleb128 -4
 525 01e9 00       		.byte	0
 526 01ea 13       		.uleb128 0x13
 527 01eb 18000000 		.4byte	.LASF32
 528 01ef 01       		.byte	0x1
 529 01f0 C6       		.byte	0xc6
 530 01f1 00000000 		.4byte	.LFB114
 531 01f5 0C000000 		.4byte	.LFE114-.LFB114
 532 01f9 01       		.uleb128 0x1
 533 01fa 9C       		.byte	0x9c
 534 01fb 0C       		.uleb128 0xc
 535 01fc ED020000 		.4byte	.LASF28
 536 0200 01       		.byte	0x1
 537 0201 D2       		.byte	0xd2
 538 0202 00000000 		.4byte	.LFB115
 539 0206 10000000 		.4byte	.LFE115-.LFB115
 540 020a 01       		.uleb128 0x1
 541 020b 9C       		.byte	0x9c
 542 020c 20020000 		.4byte	0x220
 543 0210 10       		.uleb128 0x10
 544 0211 41020000 		.4byte	.LASF29
 545 0215 01       		.byte	0x1
 546 0216 D2       		.byte	0xd2
 547 0217 8C000000 		.4byte	0x8c
 548 021b 6C000000 		.4byte	.LLST3
 549 021f 00       		.byte	0
 550 0220 0C       		.uleb128 0xc
 551 0221 6D000000 		.4byte	.LASF30
 552 0225 01       		.byte	0x1
 553 0226 F1       		.byte	0xf1
 554 0227 00000000 		.4byte	.LFB116
 555 022b 10000000 		.4byte	.LFE116-.LFB116
 556 022f 01       		.uleb128 0x1
 557 0230 9C       		.byte	0x9c
 558 0231 45020000 		.4byte	0x245
 559 0235 10       		.uleb128 0x10
 560 0236 41020000 		.4byte	.LASF29
 561 023a 01       		.byte	0x1
 562 023b F1       		.byte	0xf1
 563 023c 8C000000 		.4byte	0x8c
 564 0240 8D000000 		.4byte	.LLST4
 565 0244 00       		.byte	0
 566 0245 14       		.uleb128 0x14
 567 0246 7A020000 		.4byte	.LASF37
ARM GAS  /var/folders/7z/kps_xzfj7sn5l5gkyq8s9db00000gn/T//cc1ESJzE.s 			page 11


 568 024a 01       		.byte	0x1
 569 024b 0C01     		.2byte	0x10c
 570 024d D4000000 		.4byte	0xd4
 571 0251 00000000 		.4byte	.LFB117
 572 0255 10000000 		.4byte	.LFE117-.LFB117
 573 0259 01       		.uleb128 0x1
 574 025a 9C       		.byte	0x9c
 575 025b 70020000 		.4byte	0x270
 576 025f 15       		.uleb128 0x15
 577 0260 58000000 		.4byte	.LASF31
 578 0264 01       		.byte	0x1
 579 0265 0E01     		.2byte	0x10e
 580 0267 D4000000 		.4byte	0xd4
 581 026b AE000000 		.4byte	.LLST5
 582 026f 00       		.byte	0
 583 0270 16       		.uleb128 0x16
 584 0271 0E030000 		.4byte	.LASF33
 585 0275 01       		.byte	0x1
 586 0276 2001     		.2byte	0x120
 587 0278 00000000 		.4byte	.LFB118
 588 027c 0C000000 		.4byte	.LFE118-.LFB118
 589 0280 01       		.uleb128 0x1
 590 0281 9C       		.byte	0x9c
 591 0282 17       		.uleb128 0x17
 592 0283 49020000 		.4byte	.LASF38
 593 0287 05       		.byte	0x5
 594 0288 9806     		.2byte	0x698
 595 028a B9000000 		.4byte	0xb9
 596 028e 18       		.uleb128 0x18
 597 028f B6000000 		.4byte	.LASF39
 598 0293 06       		.byte	0x6
 599 0294 E601     		.2byte	0x1e6
 600 0296 19       		.uleb128 0x19
 601 0297 A2000000 		.4byte	0xa2
 602 029b 19       		.uleb128 0x19
 603 029c F6000000 		.4byte	0xf6
 604 02a0 00       		.byte	0
 605 02a1 00       		.byte	0
 606              		.section	.debug_abbrev,"",%progbits
 607              	.Ldebug_abbrev0:
 608 0000 01       		.uleb128 0x1
 609 0001 11       		.uleb128 0x11
 610 0002 01       		.byte	0x1
 611 0003 25       		.uleb128 0x25
 612 0004 0E       		.uleb128 0xe
 613 0005 13       		.uleb128 0x13
 614 0006 0B       		.uleb128 0xb
 615 0007 03       		.uleb128 0x3
 616 0008 0E       		.uleb128 0xe
 617 0009 1B       		.uleb128 0x1b
 618 000a 0E       		.uleb128 0xe
 619 000b 55       		.uleb128 0x55
 620 000c 17       		.uleb128 0x17
 621 000d 11       		.uleb128 0x11
 622 000e 01       		.uleb128 0x1
 623 000f 10       		.uleb128 0x10
 624 0010 17       		.uleb128 0x17
ARM GAS  /var/folders/7z/kps_xzfj7sn5l5gkyq8s9db00000gn/T//cc1ESJzE.s 			page 12


 625 0011 00       		.byte	0
 626 0012 00       		.byte	0
 627 0013 02       		.uleb128 0x2
 628 0014 24       		.uleb128 0x24
 629 0015 00       		.byte	0
 630 0016 0B       		.uleb128 0xb
 631 0017 0B       		.uleb128 0xb
 632 0018 3E       		.uleb128 0x3e
 633 0019 0B       		.uleb128 0xb
 634 001a 03       		.uleb128 0x3
 635 001b 0E       		.uleb128 0xe
 636 001c 00       		.byte	0
 637 001d 00       		.byte	0
 638 001e 03       		.uleb128 0x3
 639 001f 16       		.uleb128 0x16
 640 0020 00       		.byte	0
 641 0021 03       		.uleb128 0x3
 642 0022 0E       		.uleb128 0xe
 643 0023 3A       		.uleb128 0x3a
 644 0024 0B       		.uleb128 0xb
 645 0025 3B       		.uleb128 0x3b
 646 0026 0B       		.uleb128 0xb
 647 0027 49       		.uleb128 0x49
 648 0028 13       		.uleb128 0x13
 649 0029 00       		.byte	0
 650 002a 00       		.byte	0
 651 002b 04       		.uleb128 0x4
 652 002c 24       		.uleb128 0x24
 653 002d 00       		.byte	0
 654 002e 0B       		.uleb128 0xb
 655 002f 0B       		.uleb128 0xb
 656 0030 3E       		.uleb128 0x3e
 657 0031 0B       		.uleb128 0xb
 658 0032 03       		.uleb128 0x3
 659 0033 08       		.uleb128 0x8
 660 0034 00       		.byte	0
 661 0035 00       		.byte	0
 662 0036 05       		.uleb128 0x5
 663 0037 35       		.uleb128 0x35
 664 0038 00       		.byte	0
 665 0039 49       		.uleb128 0x49
 666 003a 13       		.uleb128 0x13
 667 003b 00       		.byte	0
 668 003c 00       		.byte	0
 669 003d 06       		.uleb128 0x6
 670 003e 04       		.uleb128 0x4
 671 003f 01       		.byte	0x1
 672 0040 0B       		.uleb128 0xb
 673 0041 0B       		.uleb128 0xb
 674 0042 3A       		.uleb128 0x3a
 675 0043 0B       		.uleb128 0xb
 676 0044 3B       		.uleb128 0x3b
 677 0045 05       		.uleb128 0x5
 678 0046 01       		.uleb128 0x1
 679 0047 13       		.uleb128 0x13
 680 0048 00       		.byte	0
 681 0049 00       		.byte	0
ARM GAS  /var/folders/7z/kps_xzfj7sn5l5gkyq8s9db00000gn/T//cc1ESJzE.s 			page 13


 682 004a 07       		.uleb128 0x7
 683 004b 28       		.uleb128 0x28
 684 004c 00       		.byte	0
 685 004d 03       		.uleb128 0x3
 686 004e 0E       		.uleb128 0xe
 687 004f 1C       		.uleb128 0x1c
 688 0050 0D       		.uleb128 0xd
 689 0051 00       		.byte	0
 690 0052 00       		.byte	0
 691 0053 08       		.uleb128 0x8
 692 0054 28       		.uleb128 0x28
 693 0055 00       		.byte	0
 694 0056 03       		.uleb128 0x3
 695 0057 08       		.uleb128 0x8
 696 0058 1C       		.uleb128 0x1c
 697 0059 0D       		.uleb128 0xd
 698 005a 00       		.byte	0
 699 005b 00       		.byte	0
 700 005c 09       		.uleb128 0x9
 701 005d 16       		.uleb128 0x16
 702 005e 00       		.byte	0
 703 005f 03       		.uleb128 0x3
 704 0060 0E       		.uleb128 0xe
 705 0061 3A       		.uleb128 0x3a
 706 0062 0B       		.uleb128 0xb
 707 0063 3B       		.uleb128 0x3b
 708 0064 05       		.uleb128 0x5
 709 0065 49       		.uleb128 0x49
 710 0066 13       		.uleb128 0x13
 711 0067 00       		.byte	0
 712 0068 00       		.byte	0
 713 0069 0A       		.uleb128 0xa
 714 006a 13       		.uleb128 0x13
 715 006b 01       		.byte	0x1
 716 006c 0B       		.uleb128 0xb
 717 006d 0B       		.uleb128 0xb
 718 006e 3A       		.uleb128 0x3a
 719 006f 0B       		.uleb128 0xb
 720 0070 3B       		.uleb128 0x3b
 721 0071 05       		.uleb128 0x5
 722 0072 01       		.uleb128 0x1
 723 0073 13       		.uleb128 0x13
 724 0074 00       		.byte	0
 725 0075 00       		.byte	0
 726 0076 0B       		.uleb128 0xb
 727 0077 0D       		.uleb128 0xd
 728 0078 00       		.byte	0
 729 0079 03       		.uleb128 0x3
 730 007a 08       		.uleb128 0x8
 731 007b 3A       		.uleb128 0x3a
 732 007c 0B       		.uleb128 0xb
 733 007d 3B       		.uleb128 0x3b
 734 007e 05       		.uleb128 0x5
 735 007f 49       		.uleb128 0x49
 736 0080 13       		.uleb128 0x13
 737 0081 38       		.uleb128 0x38
 738 0082 0B       		.uleb128 0xb
ARM GAS  /var/folders/7z/kps_xzfj7sn5l5gkyq8s9db00000gn/T//cc1ESJzE.s 			page 14


 739 0083 00       		.byte	0
 740 0084 00       		.byte	0
 741 0085 0C       		.uleb128 0xc
 742 0086 2E       		.uleb128 0x2e
 743 0087 01       		.byte	0x1
 744 0088 3F       		.uleb128 0x3f
 745 0089 19       		.uleb128 0x19
 746 008a 03       		.uleb128 0x3
 747 008b 0E       		.uleb128 0xe
 748 008c 3A       		.uleb128 0x3a
 749 008d 0B       		.uleb128 0xb
 750 008e 3B       		.uleb128 0x3b
 751 008f 0B       		.uleb128 0xb
 752 0090 27       		.uleb128 0x27
 753 0091 19       		.uleb128 0x19
 754 0092 11       		.uleb128 0x11
 755 0093 01       		.uleb128 0x1
 756 0094 12       		.uleb128 0x12
 757 0095 06       		.uleb128 0x6
 758 0096 40       		.uleb128 0x40
 759 0097 18       		.uleb128 0x18
 760 0098 9742     		.uleb128 0x2117
 761 009a 19       		.uleb128 0x19
 762 009b 01       		.uleb128 0x1
 763 009c 13       		.uleb128 0x13
 764 009d 00       		.byte	0
 765 009e 00       		.byte	0
 766 009f 0D       		.uleb128 0xd
 767 00a0 898201   		.uleb128 0x4109
 768 00a3 01       		.byte	0x1
 769 00a4 11       		.uleb128 0x11
 770 00a5 01       		.uleb128 0x1
 771 00a6 31       		.uleb128 0x31
 772 00a7 13       		.uleb128 0x13
 773 00a8 01       		.uleb128 0x1
 774 00a9 13       		.uleb128 0x13
 775 00aa 00       		.byte	0
 776 00ab 00       		.byte	0
 777 00ac 0E       		.uleb128 0xe
 778 00ad 8A8201   		.uleb128 0x410a
 779 00b0 00       		.byte	0
 780 00b1 02       		.uleb128 0x2
 781 00b2 18       		.uleb128 0x18
 782 00b3 9142     		.uleb128 0x2111
 783 00b5 18       		.uleb128 0x18
 784 00b6 00       		.byte	0
 785 00b7 00       		.byte	0
 786 00b8 0F       		.uleb128 0xf
 787 00b9 898201   		.uleb128 0x4109
 788 00bc 01       		.byte	0x1
 789 00bd 11       		.uleb128 0x11
 790 00be 01       		.uleb128 0x1
 791 00bf 9542     		.uleb128 0x2115
 792 00c1 19       		.uleb128 0x19
 793 00c2 31       		.uleb128 0x31
 794 00c3 13       		.uleb128 0x13
 795 00c4 00       		.byte	0
ARM GAS  /var/folders/7z/kps_xzfj7sn5l5gkyq8s9db00000gn/T//cc1ESJzE.s 			page 15


 796 00c5 00       		.byte	0
 797 00c6 10       		.uleb128 0x10
 798 00c7 05       		.uleb128 0x5
 799 00c8 00       		.byte	0
 800 00c9 03       		.uleb128 0x3
 801 00ca 0E       		.uleb128 0xe
 802 00cb 3A       		.uleb128 0x3a
 803 00cc 0B       		.uleb128 0xb
 804 00cd 3B       		.uleb128 0x3b
 805 00ce 0B       		.uleb128 0xb
 806 00cf 49       		.uleb128 0x49
 807 00d0 13       		.uleb128 0x13
 808 00d1 02       		.uleb128 0x2
 809 00d2 17       		.uleb128 0x17
 810 00d3 00       		.byte	0
 811 00d4 00       		.byte	0
 812 00d5 11       		.uleb128 0x11
 813 00d6 34       		.uleb128 0x34
 814 00d7 00       		.byte	0
 815 00d8 03       		.uleb128 0x3
 816 00d9 0E       		.uleb128 0xe
 817 00da 3A       		.uleb128 0x3a
 818 00db 0B       		.uleb128 0xb
 819 00dc 3B       		.uleb128 0x3b
 820 00dd 0B       		.uleb128 0xb
 821 00de 49       		.uleb128 0x49
 822 00df 13       		.uleb128 0x13
 823 00e0 02       		.uleb128 0x2
 824 00e1 17       		.uleb128 0x17
 825 00e2 00       		.byte	0
 826 00e3 00       		.byte	0
 827 00e4 12       		.uleb128 0x12
 828 00e5 34       		.uleb128 0x34
 829 00e6 00       		.byte	0
 830 00e7 03       		.uleb128 0x3
 831 00e8 0E       		.uleb128 0xe
 832 00e9 3A       		.uleb128 0x3a
 833 00ea 0B       		.uleb128 0xb
 834 00eb 3B       		.uleb128 0x3b
 835 00ec 0B       		.uleb128 0xb
 836 00ed 49       		.uleb128 0x49
 837 00ee 13       		.uleb128 0x13
 838 00ef 02       		.uleb128 0x2
 839 00f0 18       		.uleb128 0x18
 840 00f1 00       		.byte	0
 841 00f2 00       		.byte	0
 842 00f3 13       		.uleb128 0x13
 843 00f4 2E       		.uleb128 0x2e
 844 00f5 00       		.byte	0
 845 00f6 3F       		.uleb128 0x3f
 846 00f7 19       		.uleb128 0x19
 847 00f8 03       		.uleb128 0x3
 848 00f9 0E       		.uleb128 0xe
 849 00fa 3A       		.uleb128 0x3a
 850 00fb 0B       		.uleb128 0xb
 851 00fc 3B       		.uleb128 0x3b
 852 00fd 0B       		.uleb128 0xb
ARM GAS  /var/folders/7z/kps_xzfj7sn5l5gkyq8s9db00000gn/T//cc1ESJzE.s 			page 16


 853 00fe 27       		.uleb128 0x27
 854 00ff 19       		.uleb128 0x19
 855 0100 11       		.uleb128 0x11
 856 0101 01       		.uleb128 0x1
 857 0102 12       		.uleb128 0x12
 858 0103 06       		.uleb128 0x6
 859 0104 40       		.uleb128 0x40
 860 0105 18       		.uleb128 0x18
 861 0106 9742     		.uleb128 0x2117
 862 0108 19       		.uleb128 0x19
 863 0109 00       		.byte	0
 864 010a 00       		.byte	0
 865 010b 14       		.uleb128 0x14
 866 010c 2E       		.uleb128 0x2e
 867 010d 01       		.byte	0x1
 868 010e 3F       		.uleb128 0x3f
 869 010f 19       		.uleb128 0x19
 870 0110 03       		.uleb128 0x3
 871 0111 0E       		.uleb128 0xe
 872 0112 3A       		.uleb128 0x3a
 873 0113 0B       		.uleb128 0xb
 874 0114 3B       		.uleb128 0x3b
 875 0115 05       		.uleb128 0x5
 876 0116 27       		.uleb128 0x27
 877 0117 19       		.uleb128 0x19
 878 0118 49       		.uleb128 0x49
 879 0119 13       		.uleb128 0x13
 880 011a 11       		.uleb128 0x11
 881 011b 01       		.uleb128 0x1
 882 011c 12       		.uleb128 0x12
 883 011d 06       		.uleb128 0x6
 884 011e 40       		.uleb128 0x40
 885 011f 18       		.uleb128 0x18
 886 0120 9742     		.uleb128 0x2117
 887 0122 19       		.uleb128 0x19
 888 0123 01       		.uleb128 0x1
 889 0124 13       		.uleb128 0x13
 890 0125 00       		.byte	0
 891 0126 00       		.byte	0
 892 0127 15       		.uleb128 0x15
 893 0128 34       		.uleb128 0x34
 894 0129 00       		.byte	0
 895 012a 03       		.uleb128 0x3
 896 012b 0E       		.uleb128 0xe
 897 012c 3A       		.uleb128 0x3a
 898 012d 0B       		.uleb128 0xb
 899 012e 3B       		.uleb128 0x3b
 900 012f 05       		.uleb128 0x5
 901 0130 49       		.uleb128 0x49
 902 0131 13       		.uleb128 0x13
 903 0132 02       		.uleb128 0x2
 904 0133 17       		.uleb128 0x17
 905 0134 00       		.byte	0
 906 0135 00       		.byte	0
 907 0136 16       		.uleb128 0x16
 908 0137 2E       		.uleb128 0x2e
 909 0138 00       		.byte	0
ARM GAS  /var/folders/7z/kps_xzfj7sn5l5gkyq8s9db00000gn/T//cc1ESJzE.s 			page 17


 910 0139 3F       		.uleb128 0x3f
 911 013a 19       		.uleb128 0x19
 912 013b 03       		.uleb128 0x3
 913 013c 0E       		.uleb128 0xe
 914 013d 3A       		.uleb128 0x3a
 915 013e 0B       		.uleb128 0xb
 916 013f 3B       		.uleb128 0x3b
 917 0140 05       		.uleb128 0x5
 918 0141 27       		.uleb128 0x27
 919 0142 19       		.uleb128 0x19
 920 0143 11       		.uleb128 0x11
 921 0144 01       		.uleb128 0x1
 922 0145 12       		.uleb128 0x12
 923 0146 06       		.uleb128 0x6
 924 0147 40       		.uleb128 0x40
 925 0148 18       		.uleb128 0x18
 926 0149 9742     		.uleb128 0x2117
 927 014b 19       		.uleb128 0x19
 928 014c 00       		.byte	0
 929 014d 00       		.byte	0
 930 014e 17       		.uleb128 0x17
 931 014f 34       		.uleb128 0x34
 932 0150 00       		.byte	0
 933 0151 03       		.uleb128 0x3
 934 0152 0E       		.uleb128 0xe
 935 0153 3A       		.uleb128 0x3a
 936 0154 0B       		.uleb128 0xb
 937 0155 3B       		.uleb128 0x3b
 938 0156 05       		.uleb128 0x5
 939 0157 49       		.uleb128 0x49
 940 0158 13       		.uleb128 0x13
 941 0159 3F       		.uleb128 0x3f
 942 015a 19       		.uleb128 0x19
 943 015b 3C       		.uleb128 0x3c
 944 015c 19       		.uleb128 0x19
 945 015d 00       		.byte	0
 946 015e 00       		.byte	0
 947 015f 18       		.uleb128 0x18
 948 0160 2E       		.uleb128 0x2e
 949 0161 01       		.byte	0x1
 950 0162 3F       		.uleb128 0x3f
 951 0163 19       		.uleb128 0x19
 952 0164 03       		.uleb128 0x3
 953 0165 0E       		.uleb128 0xe
 954 0166 3A       		.uleb128 0x3a
 955 0167 0B       		.uleb128 0xb
 956 0168 3B       		.uleb128 0x3b
 957 0169 05       		.uleb128 0x5
 958 016a 27       		.uleb128 0x27
 959 016b 19       		.uleb128 0x19
 960 016c 3C       		.uleb128 0x3c
 961 016d 19       		.uleb128 0x19
 962 016e 00       		.byte	0
 963 016f 00       		.byte	0
 964 0170 19       		.uleb128 0x19
 965 0171 05       		.uleb128 0x5
 966 0172 00       		.byte	0
ARM GAS  /var/folders/7z/kps_xzfj7sn5l5gkyq8s9db00000gn/T//cc1ESJzE.s 			page 18


 967 0173 49       		.uleb128 0x49
 968 0174 13       		.uleb128 0x13
 969 0175 00       		.byte	0
 970 0176 00       		.byte	0
 971 0177 00       		.byte	0
 972              		.section	.debug_loc,"",%progbits
 973              	.Ldebug_loc0:
 974              	.LLST0:
 975 0000 00000000 		.4byte	.LVL2
 976 0004 0A000000 		.4byte	.LVL4
 977 0008 0100     		.2byte	0x1
 978 000a 50       		.byte	0x50
 979 000b 0A000000 		.4byte	.LVL4
 980 000f 14000000 		.4byte	.LFE112
 981 0013 0400     		.2byte	0x4
 982 0015 F3       		.byte	0xf3
 983 0016 01       		.uleb128 0x1
 984 0017 50       		.byte	0x50
 985 0018 9F       		.byte	0x9f
 986 0019 00000000 		.4byte	0
 987 001d 00000000 		.4byte	0
 988              	.LLST1:
 989 0021 00000000 		.4byte	.LVL2
 990 0025 08000000 		.4byte	.LVL3
 991 0029 0200     		.2byte	0x2
 992 002b 30       		.byte	0x30
 993 002c 9F       		.byte	0x9f
 994 002d 08000000 		.4byte	.LVL3
 995 0031 0A000000 		.4byte	.LVL4
 996 0035 0100     		.2byte	0x1
 997 0037 53       		.byte	0x53
 998 0038 0A000000 		.4byte	.LVL4
 999 003c 14000000 		.4byte	.LFE112
 1000 0040 0100     		.2byte	0x1
 1001 0042 50       		.byte	0x50
 1002 0043 00000000 		.4byte	0
 1003 0047 00000000 		.4byte	0
 1004              	.LLST2:
 1005 004b 00000000 		.4byte	.LVL5
 1006 004f 16000000 		.4byte	.LVL6
 1007 0053 0100     		.2byte	0x1
 1008 0055 50       		.byte	0x50
 1009 0056 16000000 		.4byte	.LVL6
 1010 005a 28000000 		.4byte	.LFE113
 1011 005e 0400     		.2byte	0x4
 1012 0060 F3       		.byte	0xf3
 1013 0061 01       		.uleb128 0x1
 1014 0062 50       		.byte	0x50
 1015 0063 9F       		.byte	0x9f
 1016 0064 00000000 		.4byte	0
 1017 0068 00000000 		.4byte	0
 1018              	.LLST3:
 1019 006c 00000000 		.4byte	.LVL7
 1020 0070 06000000 		.4byte	.LVL8
 1021 0074 0100     		.2byte	0x1
 1022 0076 50       		.byte	0x50
 1023 0077 06000000 		.4byte	.LVL8
ARM GAS  /var/folders/7z/kps_xzfj7sn5l5gkyq8s9db00000gn/T//cc1ESJzE.s 			page 19


 1024 007b 10000000 		.4byte	.LFE115
 1025 007f 0400     		.2byte	0x4
 1026 0081 F3       		.byte	0xf3
 1027 0082 01       		.uleb128 0x1
 1028 0083 50       		.byte	0x50
 1029 0084 9F       		.byte	0x9f
 1030 0085 00000000 		.4byte	0
 1031 0089 00000000 		.4byte	0
 1032              	.LLST4:
 1033 008d 00000000 		.4byte	.LVL9
 1034 0091 06000000 		.4byte	.LVL10
 1035 0095 0100     		.2byte	0x1
 1036 0097 50       		.byte	0x50
 1037 0098 06000000 		.4byte	.LVL10
 1038 009c 10000000 		.4byte	.LFE116
 1039 00a0 0400     		.2byte	0x4
 1040 00a2 F3       		.byte	0xf3
 1041 00a3 01       		.uleb128 0x1
 1042 00a4 50       		.byte	0x50
 1043 00a5 9F       		.byte	0x9f
 1044 00a6 00000000 		.4byte	0
 1045 00aa 00000000 		.4byte	0
 1046              	.LLST5:
 1047 00ae 00000000 		.4byte	.LVL11
 1048 00b2 04000000 		.4byte	.LVL12
 1049 00b6 0200     		.2byte	0x2
 1050 00b8 30       		.byte	0x30
 1051 00b9 9F       		.byte	0x9f
 1052 00ba 04000000 		.4byte	.LVL12
 1053 00be 0A000000 		.4byte	.LVL13
 1054 00c2 0500     		.2byte	0x5
 1055 00c4 70       		.byte	0x70
 1056 00c5 00       		.sleb128 0
 1057 00c6 30       		.byte	0x30
 1058 00c7 2E       		.byte	0x2e
 1059 00c8 9F       		.byte	0x9f
 1060 00c9 00000000 		.4byte	0
 1061 00cd 00000000 		.4byte	0
 1062              		.section	.debug_aranges,"",%progbits
 1063 0000 54000000 		.4byte	0x54
 1064 0004 0200     		.2byte	0x2
 1065 0006 00000000 		.4byte	.Ldebug_info0
 1066 000a 04       		.byte	0x4
 1067 000b 00       		.byte	0
 1068 000c 0000     		.2byte	0
 1069 000e 0000     		.2byte	0
 1070 0010 00000000 		.4byte	.LFB111
 1071 0014 1A000000 		.4byte	.LFE111-.LFB111
 1072 0018 00000000 		.4byte	.LFB112
 1073 001c 14000000 		.4byte	.LFE112-.LFB112
 1074 0020 00000000 		.4byte	.LFB113
 1075 0024 28000000 		.4byte	.LFE113-.LFB113
 1076 0028 00000000 		.4byte	.LFB114
 1077 002c 0C000000 		.4byte	.LFE114-.LFB114
 1078 0030 00000000 		.4byte	.LFB115
 1079 0034 10000000 		.4byte	.LFE115-.LFB115
 1080 0038 00000000 		.4byte	.LFB116
ARM GAS  /var/folders/7z/kps_xzfj7sn5l5gkyq8s9db00000gn/T//cc1ESJzE.s 			page 20


 1081 003c 10000000 		.4byte	.LFE116-.LFB116
 1082 0040 00000000 		.4byte	.LFB117
 1083 0044 10000000 		.4byte	.LFE117-.LFB117
 1084 0048 00000000 		.4byte	.LFB118
 1085 004c 0C000000 		.4byte	.LFE118-.LFB118
 1086 0050 00000000 		.4byte	0
 1087 0054 00000000 		.4byte	0
 1088              		.section	.debug_ranges,"",%progbits
 1089              	.Ldebug_ranges0:
 1090 0000 00000000 		.4byte	.LFB111
 1091 0004 1A000000 		.4byte	.LFE111
 1092 0008 00000000 		.4byte	.LFB112
 1093 000c 14000000 		.4byte	.LFE112
 1094 0010 00000000 		.4byte	.LFB113
 1095 0014 28000000 		.4byte	.LFE113
 1096 0018 00000000 		.4byte	.LFB114
 1097 001c 0C000000 		.4byte	.LFE114
 1098 0020 00000000 		.4byte	.LFB115
 1099 0024 10000000 		.4byte	.LFE115
 1100 0028 00000000 		.4byte	.LFB116
 1101 002c 10000000 		.4byte	.LFE116
 1102 0030 00000000 		.4byte	.LFB117
 1103 0034 10000000 		.4byte	.LFE117
 1104 0038 00000000 		.4byte	.LFB118
 1105 003c 0C000000 		.4byte	.LFE118
 1106 0040 00000000 		.4byte	0
 1107 0044 00000000 		.4byte	0
 1108              		.section	.debug_line,"",%progbits
 1109              	.Ldebug_line0:
 1110 0000 42020000 		.section	.debug_str,"MS",%progbits,1
 1110      0200A501 
 1110      00000201 
 1110      FB0E0D00 
 1110      01010101 
 1111              	.LASF9:
 1112 0000 6C6F6E67 		.ascii	"long long int\000"
 1112      206C6F6E 
 1112      6720696E 
 1112      7400
 1113              	.LASF4:
 1114 000e 5F5F7569 		.ascii	"__uint8_t\000"
 1114      6E74385F 
 1114      7400
 1115              	.LASF32:
 1116 0018 57574447 		.ascii	"WWDG_EnableIT\000"
 1116      5F456E61 
 1116      626C6549 
 1116      5400
 1117              	.LASF5:
 1118 0026 5F5F696E 		.ascii	"__int32_t\000"
 1118      7433325F 
 1118      7400
 1119              	.LASF3:
 1120 0030 73686F72 		.ascii	"short unsigned int\000"
 1120      7420756E 
 1120      7369676E 
 1120      65642069 
ARM GAS  /var/folders/7z/kps_xzfj7sn5l5gkyq8s9db00000gn/T//cc1ESJzE.s 			page 21


 1120      6E7400
 1121              	.LASF12:
 1122 0043 75696E74 		.ascii	"uint8_t\000"
 1122      385F7400 
 1123              	.LASF21:
 1124 004b 57574447 		.ascii	"WWDG_TypeDef\000"
 1124      5F547970 
 1124      65446566 
 1124      00
 1125              	.LASF31:
 1126 0058 62697473 		.ascii	"bitstatus\000"
 1126      74617475 
 1126      7300
 1127              	.LASF17:
 1128 0062 466C6167 		.ascii	"FlagStatus\000"
 1128      53746174 
 1128      757300
 1129              	.LASF30:
 1130 006d 57574447 		.ascii	"WWDG_Enable\000"
 1130      5F456E61 
 1130      626C6500 
 1131              	.LASF36:
 1132 0079 2F557365 		.ascii	"/Users/Baram/oroca_bldc_dev/oroca_bldc/\000"
 1132      72732F42 
 1132      6172616D 
 1132      2F6F726F 
 1132      63615F62 
 1133              	.LASF19:
 1134 00a1 454E4142 		.ascii	"ENABLE\000"
 1134      4C4500
 1135              	.LASF1:
 1136 00a8 756E7369 		.ascii	"unsigned char\000"
 1136      676E6564 
 1136      20636861 
 1136      7200
 1137              	.LASF39:
 1138 00b6 5243435F 		.ascii	"RCC_APB1PeriphResetCmd\000"
 1138      41504231 
 1138      50657269 
 1138      70685265 
 1138      73657443 
 1139              	.LASF8:
 1140 00cd 6C6F6E67 		.ascii	"long unsigned int\000"
 1140      20756E73 
 1140      69676E65 
 1140      6420696E 
 1140      7400
 1141              	.LASF16:
 1142 00df 52455345 		.ascii	"RESET\000"
 1142      5400
 1143              	.LASF14:
 1144 00e5 75696E74 		.ascii	"uint32_t\000"
 1144      33325F74 
 1144      00
 1145              	.LASF18:
 1146 00ee 44495341 		.ascii	"DISABLE\000"
 1146      424C4500 
ARM GAS  /var/folders/7z/kps_xzfj7sn5l5gkyq8s9db00000gn/T//cc1ESJzE.s 			page 22


 1147              	.LASF7:
 1148 00f6 5F5F7569 		.ascii	"__uint32_t\000"
 1148      6E743332 
 1148      5F7400
 1149              	.LASF20:
 1150 0101 46756E63 		.ascii	"FunctionalState\000"
 1150      74696F6E 
 1150      616C5374 
 1150      61746500 
 1151              	.LASF26:
 1152 0111 57696E64 		.ascii	"WindowValue\000"
 1152      6F775661 
 1152      6C756500 
 1153              	.LASF34:
 1154 011d 474E5520 		.ascii	"GNU C 4.9.3 20150303 (release) [ARM/embedded-4_9-br"
 1154      4320342E 
 1154      392E3320 
 1154      32303135 
 1154      30333033 
 1155 0150 616E6368 		.ascii	"anch revision 221220] -mcpu=cortex-m4 -mfloat-abi=h"
 1155      20726576 
 1155      6973696F 
 1155      6E203232 
 1155      31323230 
 1156 0183 61726420 		.ascii	"ard -mfpu=fpv4-sp-d16 -mno-thumb-interwork -mthumb "
 1156      2D6D6670 
 1156      753D6670 
 1156      76342D73 
 1156      702D6431 
 1157 01b6 2D676764 		.ascii	"-ggdb -O2 -std=gnu99 -fomit-frame-pointer -falign-f"
 1157      62202D4F 
 1157      32202D73 
 1157      74643D67 
 1157      6E753939 
 1158 01e9 756E6374 		.ascii	"unctions=16 -ffunction-sections -fdata-sections -fn"
 1158      696F6E73 
 1158      3D313620 
 1158      2D666675 
 1158      6E637469 
 1159 021c 6F2D636F 		.ascii	"o-common -fsingle-precision-constant\000"
 1159      6D6D6F6E 
 1159      202D6673 
 1159      696E676C 
 1159      652D7072 
 1160              	.LASF29:
 1161 0241 436F756E 		.ascii	"Counter\000"
 1161      74657200 
 1162              	.LASF38:
 1163 0249 49544D5F 		.ascii	"ITM_RxBuffer\000"
 1163      52784275 
 1163      66666572 
 1163      00
 1164              	.LASF11:
 1165 0256 756E7369 		.ascii	"unsigned int\000"
 1165      676E6564 
 1165      20696E74 
 1165      00
ARM GAS  /var/folders/7z/kps_xzfj7sn5l5gkyq8s9db00000gn/T//cc1ESJzE.s 			page 23


 1166              	.LASF10:
 1167 0263 6C6F6E67 		.ascii	"long long unsigned int\000"
 1167      206C6F6E 
 1167      6720756E 
 1167      7369676E 
 1167      65642069 
 1168              	.LASF37:
 1169 027a 57574447 		.ascii	"WWDG_GetFlagStatus\000"
 1169      5F476574 
 1169      466C6167 
 1169      53746174 
 1169      757300
 1170              	.LASF23:
 1171 028d 57574447 		.ascii	"WWDG_SetPrescaler\000"
 1171      5F536574 
 1171      50726573 
 1171      63616C65 
 1171      7200
 1172              	.LASF35:
 1173 029f 6C69622F 		.ascii	"lib/ChibiOS_2.6.6/ext/stdperiph_stm32f4/src/stm32f4"
 1173      43686962 
 1173      694F535F 
 1173      322E362E 
 1173      362F6578 
 1174 02d2 78785F77 		.ascii	"xx_wwdg.c\000"
 1174      7764672E 
 1174      6300
 1175              	.LASF13:
 1176 02dc 696E7433 		.ascii	"int32_t\000"
 1176      325F7400 
 1177              	.LASF15:
 1178 02e4 73697A65 		.ascii	"sizetype\000"
 1178      74797065 
 1178      00
 1179              	.LASF28:
 1180 02ed 57574447 		.ascii	"WWDG_SetCounter\000"
 1180      5F536574 
 1180      436F756E 
 1180      74657200 
 1181              	.LASF2:
 1182 02fd 73686F72 		.ascii	"short int\000"
 1182      7420696E 
 1182      7400
 1183              	.LASF27:
 1184 0307 746D7072 		.ascii	"tmpreg\000"
 1184      656700
 1185              	.LASF33:
 1186 030e 57574447 		.ascii	"WWDG_ClearFlag\000"
 1186      5F436C65 
 1186      6172466C 
 1186      616700
 1187              	.LASF24:
 1188 031d 57574447 		.ascii	"WWDG_SetWindowValue\000"
 1188      5F536574 
 1188      57696E64 
 1188      6F775661 
 1188      6C756500 
ARM GAS  /var/folders/7z/kps_xzfj7sn5l5gkyq8s9db00000gn/T//cc1ESJzE.s 			page 24


 1189              	.LASF22:
 1190 0331 57574447 		.ascii	"WWDG_DeInit\000"
 1190      5F446549 
 1190      6E697400 
 1191              	.LASF25:
 1192 033d 57574447 		.ascii	"WWDG_Prescaler\000"
 1192      5F507265 
 1192      7363616C 
 1192      657200
 1193              	.LASF6:
 1194 034c 6C6F6E67 		.ascii	"long int\000"
 1194      20696E74 
 1194      00
 1195              	.LASF0:
 1196 0355 7369676E 		.ascii	"signed char\000"
 1196      65642063 
 1196      68617200 
 1197              		.ident	"GCC: (GNU Tools for ARM Embedded Processors) 4.9.3 20150303 (release) [ARM/embedded-4_9-br
ARM GAS  /var/folders/7z/kps_xzfj7sn5l5gkyq8s9db00000gn/T//cc1ESJzE.s 			page 25


DEFINED SYMBOLS
                            *ABS*:0000000000000000 stm32f4xx_wwdg.c
/var/folders/7z/kps_xzfj7sn5l5gkyq8s9db00000gn/T//cc1ESJzE.s:21     .text.WWDG_DeInit:0000000000000000 $t
/var/folders/7z/kps_xzfj7sn5l5gkyq8s9db00000gn/T//cc1ESJzE.s:27     .text.WWDG_DeInit:0000000000000000 WWDG_DeInit
/var/folders/7z/kps_xzfj7sn5l5gkyq8s9db00000gn/T//cc1ESJzE.s:58     .text.WWDG_SetPrescaler:0000000000000000 $t
/var/folders/7z/kps_xzfj7sn5l5gkyq8s9db00000gn/T//cc1ESJzE.s:64     .text.WWDG_SetPrescaler:0000000000000000 WWDG_SetPrescaler
/var/folders/7z/kps_xzfj7sn5l5gkyq8s9db00000gn/T//cc1ESJzE.s:86     .text.WWDG_SetPrescaler:0000000000000010 $d
/var/folders/7z/kps_xzfj7sn5l5gkyq8s9db00000gn/T//cc1ESJzE.s:91     .text.WWDG_SetWindowValue:0000000000000000 $t
/var/folders/7z/kps_xzfj7sn5l5gkyq8s9db00000gn/T//cc1ESJzE.s:97     .text.WWDG_SetWindowValue:0000000000000000 WWDG_SetWindowValue
/var/folders/7z/kps_xzfj7sn5l5gkyq8s9db00000gn/T//cc1ESJzE.s:133    .text.WWDG_SetWindowValue:0000000000000024 $d
/var/folders/7z/kps_xzfj7sn5l5gkyq8s9db00000gn/T//cc1ESJzE.s:138    .text.WWDG_EnableIT:0000000000000000 $t
/var/folders/7z/kps_xzfj7sn5l5gkyq8s9db00000gn/T//cc1ESJzE.s:144    .text.WWDG_EnableIT:0000000000000000 WWDG_EnableIT
/var/folders/7z/kps_xzfj7sn5l5gkyq8s9db00000gn/T//cc1ESJzE.s:159    .text.WWDG_EnableIT:0000000000000008 $d
/var/folders/7z/kps_xzfj7sn5l5gkyq8s9db00000gn/T//cc1ESJzE.s:164    .text.WWDG_SetCounter:0000000000000000 $t
/var/folders/7z/kps_xzfj7sn5l5gkyq8s9db00000gn/T//cc1ESJzE.s:170    .text.WWDG_SetCounter:0000000000000000 WWDG_SetCounter
/var/folders/7z/kps_xzfj7sn5l5gkyq8s9db00000gn/T//cc1ESJzE.s:187    .text.WWDG_SetCounter:000000000000000c $d
/var/folders/7z/kps_xzfj7sn5l5gkyq8s9db00000gn/T//cc1ESJzE.s:192    .text.WWDG_Enable:0000000000000000 $t
/var/folders/7z/kps_xzfj7sn5l5gkyq8s9db00000gn/T//cc1ESJzE.s:198    .text.WWDG_Enable:0000000000000000 WWDG_Enable
/var/folders/7z/kps_xzfj7sn5l5gkyq8s9db00000gn/T//cc1ESJzE.s:215    .text.WWDG_Enable:000000000000000c $d
/var/folders/7z/kps_xzfj7sn5l5gkyq8s9db00000gn/T//cc1ESJzE.s:220    .text.WWDG_GetFlagStatus:0000000000000000 $t
/var/folders/7z/kps_xzfj7sn5l5gkyq8s9db00000gn/T//cc1ESJzE.s:226    .text.WWDG_GetFlagStatus:0000000000000000 WWDG_GetFlagStatus
/var/folders/7z/kps_xzfj7sn5l5gkyq8s9db00000gn/T//cc1ESJzE.s:247    .text.WWDG_GetFlagStatus:000000000000000c $d
/var/folders/7z/kps_xzfj7sn5l5gkyq8s9db00000gn/T//cc1ESJzE.s:252    .text.WWDG_ClearFlag:0000000000000000 $t
/var/folders/7z/kps_xzfj7sn5l5gkyq8s9db00000gn/T//cc1ESJzE.s:258    .text.WWDG_ClearFlag:0000000000000000 WWDG_ClearFlag
/var/folders/7z/kps_xzfj7sn5l5gkyq8s9db00000gn/T//cc1ESJzE.s:273    .text.WWDG_ClearFlag:0000000000000008 $d
                     .debug_frame:0000000000000010 $d
/var/folders/7z/kps_xzfj7sn5l5gkyq8s9db00000gn/T//cc1ESJzE.s:90     .text.WWDG_SetPrescaler:0000000000000014 $t
/var/folders/7z/kps_xzfj7sn5l5gkyq8s9db00000gn/T//cc1ESJzE.s:1197   .text.WWDG_SetWindowValue:0000000000000028 $t
/var/folders/7z/kps_xzfj7sn5l5gkyq8s9db00000gn/T//cc1ESJzE.s:163    .text.WWDG_EnableIT:000000000000000c $t
/var/folders/7z/kps_xzfj7sn5l5gkyq8s9db00000gn/T//cc1ESJzE.s:277    .text.WWDG_ClearFlag:000000000000000c $t

UNDEFINED SYMBOLS
RCC_APB1PeriphResetCmd
