ARM GAS  /var/folders/7z/kps_xzfj7sn5l5gkyq8s9db00000gn/T//cc4M6SUm.s 			page 1


   1              		.syntax unified
   2              		.cpu cortex-m4
   3              		.eabi_attribute 27, 1
   4              		.eabi_attribute 28, 1
   5              		.fpu fpv4-sp-d16
   6              		.eabi_attribute 20, 1
   7              		.eabi_attribute 21, 1
   8              		.eabi_attribute 23, 3
   9              		.eabi_attribute 24, 1
  10              		.eabi_attribute 25, 1
  11              		.eabi_attribute 26, 1
  12              		.eabi_attribute 30, 2
  13              		.eabi_attribute 34, 1
  14              		.eabi_attribute 18, 4
  15              		.thumb
  16              		.file	"vectors.c"
  17              		.text
  18              	.Ltext0:
  19              		.cfi_sections	.debug_frame
  20              		.section	.text._unhandled_exception,"ax",%progbits
  21              		.align	2
  22              		.p2align 4,,15
  23              		.global	_unhandled_exception
  24              		.thumb
  25              		.thumb_func
  26              		.type	_unhandled_exception, %function
  27              	_unhandled_exception:
  28              	.LFB7:
  29              		.file 1 "lib/ChibiOS_2.6.6/os/ports/GCC/ARMCMx/STM32F4xx/vectors.c"
  30              		.loc 1 226 0
  31              		.cfi_startproc
  32              		@ Naked Function: prologue and epilogue provided by programmer.
  33              		@ Volatile: function does not return.
  34              		@ args = 0, pretend = 0, frame = 0
  35              		@ frame_needed = 0, uses_anonymous_args = 0
  36              	.L2:
  37              		.loc 1 229 0 discriminator 1
  38 0000 FEE7     		b	.L2
  39              		.cfi_endproc
  40              	.LFE7:
  41              		.size	_unhandled_exception, .-_unhandled_exception
  42              		.weak	NMIVector
  43              		.thumb_set NMIVector,_unhandled_exception
  44              		.weak	HardFaultVector
  45              		.thumb_set HardFaultVector,_unhandled_exception
  46              		.weak	MemManageVector
  47              		.thumb_set MemManageVector,_unhandled_exception
  48              		.weak	BusFaultVector
  49              		.thumb_set BusFaultVector,_unhandled_exception
  50              		.weak	UsageFaultVector
  51              		.thumb_set UsageFaultVector,_unhandled_exception
  52              		.weak	Vector1C
  53              		.thumb_set Vector1C,_unhandled_exception
  54              		.weak	Vector20
  55              		.thumb_set Vector20,_unhandled_exception
  56              		.weak	Vector24
  57              		.thumb_set Vector24,_unhandled_exception
ARM GAS  /var/folders/7z/kps_xzfj7sn5l5gkyq8s9db00000gn/T//cc4M6SUm.s 			page 2


  58              		.weak	Vector28
  59              		.thumb_set Vector28,_unhandled_exception
  60              		.weak	SVCallVector
  61              		.thumb_set SVCallVector,_unhandled_exception
  62              		.weak	DebugMonitorVector
  63              		.thumb_set DebugMonitorVector,_unhandled_exception
  64              		.weak	Vector34
  65              		.thumb_set Vector34,_unhandled_exception
  66              		.weak	PendSVVector
  67              		.thumb_set PendSVVector,_unhandled_exception
  68              		.weak	SysTickVector
  69              		.thumb_set SysTickVector,_unhandled_exception
  70              		.weak	Vector40
  71              		.thumb_set Vector40,_unhandled_exception
  72              		.weak	Vector44
  73              		.thumb_set Vector44,_unhandled_exception
  74              		.weak	Vector48
  75              		.thumb_set Vector48,_unhandled_exception
  76              		.weak	Vector4C
  77              		.thumb_set Vector4C,_unhandled_exception
  78              		.weak	Vector50
  79              		.thumb_set Vector50,_unhandled_exception
  80              		.weak	Vector54
  81              		.thumb_set Vector54,_unhandled_exception
  82              		.weak	Vector58
  83              		.thumb_set Vector58,_unhandled_exception
  84              		.weak	Vector5C
  85              		.thumb_set Vector5C,_unhandled_exception
  86              		.weak	Vector60
  87              		.thumb_set Vector60,_unhandled_exception
  88              		.weak	Vector64
  89              		.thumb_set Vector64,_unhandled_exception
  90              		.weak	Vector68
  91              		.thumb_set Vector68,_unhandled_exception
  92              		.weak	Vector6C
  93              		.thumb_set Vector6C,_unhandled_exception
  94              		.weak	Vector70
  95              		.thumb_set Vector70,_unhandled_exception
  96              		.weak	Vector74
  97              		.thumb_set Vector74,_unhandled_exception
  98              		.weak	Vector78
  99              		.thumb_set Vector78,_unhandled_exception
 100              		.weak	Vector7C
 101              		.thumb_set Vector7C,_unhandled_exception
 102              		.weak	Vector80
 103              		.thumb_set Vector80,_unhandled_exception
 104              		.weak	Vector84
 105              		.thumb_set Vector84,_unhandled_exception
 106              		.weak	Vector88
 107              		.thumb_set Vector88,_unhandled_exception
 108              		.weak	Vector8C
 109              		.thumb_set Vector8C,_unhandled_exception
 110              		.weak	Vector90
 111              		.thumb_set Vector90,_unhandled_exception
 112              		.weak	Vector94
 113              		.thumb_set Vector94,_unhandled_exception
 114              		.weak	Vector98
ARM GAS  /var/folders/7z/kps_xzfj7sn5l5gkyq8s9db00000gn/T//cc4M6SUm.s 			page 3


 115              		.thumb_set Vector98,_unhandled_exception
 116              		.weak	Vector9C
 117              		.thumb_set Vector9C,_unhandled_exception
 118              		.weak	VectorA0
 119              		.thumb_set VectorA0,_unhandled_exception
 120              		.weak	VectorA4
 121              		.thumb_set VectorA4,_unhandled_exception
 122              		.weak	VectorA8
 123              		.thumb_set VectorA8,_unhandled_exception
 124              		.weak	VectorAC
 125              		.thumb_set VectorAC,_unhandled_exception
 126              		.weak	VectorB0
 127              		.thumb_set VectorB0,_unhandled_exception
 128              		.weak	VectorB4
 129              		.thumb_set VectorB4,_unhandled_exception
 130              		.weak	VectorB8
 131              		.thumb_set VectorB8,_unhandled_exception
 132              		.weak	VectorBC
 133              		.thumb_set VectorBC,_unhandled_exception
 134              		.weak	VectorC0
 135              		.thumb_set VectorC0,_unhandled_exception
 136              		.weak	VectorC4
 137              		.thumb_set VectorC4,_unhandled_exception
 138              		.weak	VectorC8
 139              		.thumb_set VectorC8,_unhandled_exception
 140              		.weak	VectorCC
 141              		.thumb_set VectorCC,_unhandled_exception
 142              		.weak	VectorD0
 143              		.thumb_set VectorD0,_unhandled_exception
 144              		.weak	VectorD4
 145              		.thumb_set VectorD4,_unhandled_exception
 146              		.weak	VectorD8
 147              		.thumb_set VectorD8,_unhandled_exception
 148              		.weak	VectorDC
 149              		.thumb_set VectorDC,_unhandled_exception
 150              		.weak	VectorE0
 151              		.thumb_set VectorE0,_unhandled_exception
 152              		.weak	VectorE4
 153              		.thumb_set VectorE4,_unhandled_exception
 154              		.weak	VectorE8
 155              		.thumb_set VectorE8,_unhandled_exception
 156              		.weak	VectorEC
 157              		.thumb_set VectorEC,_unhandled_exception
 158              		.weak	VectorF0
 159              		.thumb_set VectorF0,_unhandled_exception
 160              		.weak	VectorF4
 161              		.thumb_set VectorF4,_unhandled_exception
 162              		.weak	VectorF8
 163              		.thumb_set VectorF8,_unhandled_exception
 164              		.weak	VectorFC
 165              		.thumb_set VectorFC,_unhandled_exception
 166              		.weak	Vector100
 167              		.thumb_set Vector100,_unhandled_exception
 168              		.weak	Vector104
 169              		.thumb_set Vector104,_unhandled_exception
 170              		.weak	Vector108
 171              		.thumb_set Vector108,_unhandled_exception
ARM GAS  /var/folders/7z/kps_xzfj7sn5l5gkyq8s9db00000gn/T//cc4M6SUm.s 			page 4


 172              		.weak	Vector10C
 173              		.thumb_set Vector10C,_unhandled_exception
 174              		.weak	Vector110
 175              		.thumb_set Vector110,_unhandled_exception
 176              		.weak	Vector114
 177              		.thumb_set Vector114,_unhandled_exception
 178              		.weak	Vector118
 179              		.thumb_set Vector118,_unhandled_exception
 180              		.weak	Vector11C
 181              		.thumb_set Vector11C,_unhandled_exception
 182              		.weak	Vector120
 183              		.thumb_set Vector120,_unhandled_exception
 184              		.weak	Vector124
 185              		.thumb_set Vector124,_unhandled_exception
 186              		.weak	Vector128
 187              		.thumb_set Vector128,_unhandled_exception
 188              		.weak	Vector12C
 189              		.thumb_set Vector12C,_unhandled_exception
 190              		.weak	Vector130
 191              		.thumb_set Vector130,_unhandled_exception
 192              		.weak	Vector134
 193              		.thumb_set Vector134,_unhandled_exception
 194              		.weak	Vector138
 195              		.thumb_set Vector138,_unhandled_exception
 196              		.weak	Vector13C
 197              		.thumb_set Vector13C,_unhandled_exception
 198              		.weak	Vector140
 199              		.thumb_set Vector140,_unhandled_exception
 200              		.weak	Vector144
 201              		.thumb_set Vector144,_unhandled_exception
 202              		.weak	Vector148
 203              		.thumb_set Vector148,_unhandled_exception
 204              		.weak	Vector14C
 205              		.thumb_set Vector14C,_unhandled_exception
 206              		.weak	Vector150
 207              		.thumb_set Vector150,_unhandled_exception
 208              		.weak	Vector154
 209              		.thumb_set Vector154,_unhandled_exception
 210              		.weak	Vector158
 211              		.thumb_set Vector158,_unhandled_exception
 212              		.weak	Vector15C
 213              		.thumb_set Vector15C,_unhandled_exception
 214              		.weak	Vector160
 215              		.thumb_set Vector160,_unhandled_exception
 216              		.weak	Vector164
 217              		.thumb_set Vector164,_unhandled_exception
 218              		.weak	Vector168
 219              		.thumb_set Vector168,_unhandled_exception
 220              		.weak	Vector16C
 221              		.thumb_set Vector16C,_unhandled_exception
 222              		.weak	Vector170
 223              		.thumb_set Vector170,_unhandled_exception
 224              		.weak	Vector174
 225              		.thumb_set Vector174,_unhandled_exception
 226              		.weak	Vector178
 227              		.thumb_set Vector178,_unhandled_exception
 228              		.weak	Vector17C
ARM GAS  /var/folders/7z/kps_xzfj7sn5l5gkyq8s9db00000gn/T//cc4M6SUm.s 			page 5


 229              		.thumb_set Vector17C,_unhandled_exception
 230              		.weak	Vector180
 231              		.thumb_set Vector180,_unhandled_exception
 232              		.weak	Vector184
 233              		.thumb_set Vector184,_unhandled_exception
 234              		.weak	Vector188
 235              		.thumb_set Vector188,_unhandled_exception
 236              		.weak	Vector18C
 237              		.thumb_set Vector18C,_unhandled_exception
 238              		.weak	Vector190
 239              		.thumb_set Vector190,_unhandled_exception
 240              		.weak	Vector194
 241              		.thumb_set Vector194,_unhandled_exception
 242              		.weak	Vector198
 243              		.thumb_set Vector198,_unhandled_exception
 244              		.weak	Vector19C
 245              		.thumb_set Vector19C,_unhandled_exception
 246              		.weak	Vector1A0
 247              		.thumb_set Vector1A0,_unhandled_exception
 248              		.weak	Vector1A4
 249              		.thumb_set Vector1A4,_unhandled_exception
 250              		.weak	Vector1A8
 251              		.thumb_set Vector1A8,_unhandled_exception
 252              		.global	_vectors
 253 0002 00BFAFF3 		.section	vectors,"aw",%progbits
 253      0080AFF3 
 253      0080AFF3 
 253      0080
 254              		.align	2
 255              		.type	_vectors, %object
 256              		.size	_vectors, 428
 257              	_vectors:
 258 0000 00000000 		.word	__main_stack_end__
 259 0004 00000000 		.word	ResetHandler
 260 0008 00000000 		.word	NMIVector
 261 000c 00000000 		.word	HardFaultVector
 262 0010 00000000 		.word	MemManageVector
 263 0014 00000000 		.word	BusFaultVector
 264 0018 00000000 		.word	UsageFaultVector
 265 001c 00000000 		.word	Vector1C
 266 0020 00000000 		.word	Vector20
 267 0024 00000000 		.word	Vector24
 268 0028 00000000 		.word	Vector28
 269 002c 00000000 		.word	SVCallVector
 270 0030 00000000 		.word	DebugMonitorVector
 271 0034 00000000 		.word	Vector34
 272 0038 00000000 		.word	PendSVVector
 273 003c 00000000 		.word	SysTickVector
 274 0040 00000000 		.word	Vector40
 275 0044 00000000 		.word	Vector44
 276 0048 00000000 		.word	Vector48
 277 004c 00000000 		.word	Vector4C
 278 0050 00000000 		.word	Vector50
 279 0054 00000000 		.word	Vector54
 280 0058 00000000 		.word	Vector58
 281 005c 00000000 		.word	Vector5C
 282 0060 00000000 		.word	Vector60
ARM GAS  /var/folders/7z/kps_xzfj7sn5l5gkyq8s9db00000gn/T//cc4M6SUm.s 			page 6


 283 0064 00000000 		.word	Vector64
 284 0068 00000000 		.word	Vector68
 285 006c 00000000 		.word	Vector6C
 286 0070 00000000 		.word	Vector70
 287 0074 00000000 		.word	Vector74
 288 0078 00000000 		.word	Vector78
 289 007c 00000000 		.word	Vector7C
 290 0080 00000000 		.word	Vector80
 291 0084 00000000 		.word	Vector84
 292 0088 00000000 		.word	Vector88
 293 008c 00000000 		.word	Vector8C
 294 0090 00000000 		.word	Vector90
 295 0094 00000000 		.word	Vector94
 296 0098 00000000 		.word	Vector98
 297 009c 00000000 		.word	Vector9C
 298 00a0 00000000 		.word	VectorA0
 299 00a4 00000000 		.word	VectorA4
 300 00a8 00000000 		.word	VectorA8
 301 00ac 00000000 		.word	VectorAC
 302 00b0 00000000 		.word	VectorB0
 303 00b4 00000000 		.word	VectorB4
 304 00b8 00000000 		.word	VectorB8
 305 00bc 00000000 		.word	VectorBC
 306 00c0 00000000 		.word	VectorC0
 307 00c4 00000000 		.word	VectorC4
 308 00c8 00000000 		.word	VectorC8
 309 00cc 00000000 		.word	VectorCC
 310 00d0 00000000 		.word	VectorD0
 311 00d4 00000000 		.word	VectorD4
 312 00d8 00000000 		.word	VectorD8
 313 00dc 00000000 		.word	VectorDC
 314 00e0 00000000 		.word	VectorE0
 315 00e4 00000000 		.word	VectorE4
 316 00e8 00000000 		.word	VectorE8
 317 00ec 00000000 		.word	VectorEC
 318 00f0 00000000 		.word	VectorF0
 319 00f4 00000000 		.word	VectorF4
 320 00f8 00000000 		.word	VectorF8
 321 00fc 00000000 		.word	VectorFC
 322 0100 00000000 		.word	Vector100
 323 0104 00000000 		.word	Vector104
 324 0108 00000000 		.word	Vector108
 325 010c 00000000 		.word	Vector10C
 326 0110 00000000 		.word	Vector110
 327 0114 00000000 		.word	Vector114
 328 0118 00000000 		.word	Vector118
 329 011c 00000000 		.word	Vector11C
 330 0120 00000000 		.word	Vector120
 331 0124 00000000 		.word	Vector124
 332 0128 00000000 		.word	Vector128
 333 012c 00000000 		.word	Vector12C
 334 0130 00000000 		.word	Vector130
 335 0134 00000000 		.word	Vector134
 336 0138 00000000 		.word	Vector138
 337 013c 00000000 		.word	Vector13C
 338 0140 00000000 		.word	Vector140
 339 0144 00000000 		.word	Vector144
ARM GAS  /var/folders/7z/kps_xzfj7sn5l5gkyq8s9db00000gn/T//cc4M6SUm.s 			page 7


 340 0148 00000000 		.word	Vector148
 341 014c 00000000 		.word	Vector14C
 342 0150 00000000 		.word	Vector150
 343 0154 00000000 		.word	Vector154
 344 0158 00000000 		.word	Vector158
 345 015c 00000000 		.word	Vector15C
 346 0160 00000000 		.word	Vector160
 347 0164 00000000 		.word	Vector164
 348 0168 00000000 		.word	Vector168
 349 016c 00000000 		.word	Vector16C
 350 0170 00000000 		.word	Vector170
 351 0174 00000000 		.word	Vector174
 352 0178 00000000 		.word	Vector178
 353 017c 00000000 		.word	Vector17C
 354 0180 00000000 		.word	Vector180
 355 0184 00000000 		.word	Vector184
 356 0188 00000000 		.word	Vector188
 357 018c 00000000 		.word	Vector18C
 358 0190 00000000 		.word	Vector190
 359 0194 00000000 		.word	Vector194
 360 0198 00000000 		.word	Vector198
 361 019c 00000000 		.word	Vector19C
 362 01a0 00000000 		.word	Vector1A0
 363 01a4 00000000 		.word	Vector1A4
 364 01a8 00000000 		.word	Vector1A8
 365              		.text
 366              	.Letext0:
 367              		.file 2 "/Users/Baram/gcc-arm-none-eabi/arm-none-eabi/include/machine/_default_types.h"
 368              		.file 3 "/Users/Baram/gcc-arm-none-eabi/arm-none-eabi/include/stdint.h"
 369              		.section	.debug_info,"",%progbits
 370              	.Ldebug_info0:
 371 0000 C9010000 		.4byte	0x1c9
 372 0004 0400     		.2byte	0x4
 373 0006 00000000 		.4byte	.Ldebug_abbrev0
 374 000a 04       		.byte	0x4
 375 000b 01       		.uleb128 0x1
 376 000c 97000000 		.4byte	.LASF35
 377 0010 01       		.byte	0x1
 378 0011 D3010000 		.4byte	.LASF36
 379 0015 34020000 		.4byte	.LASF37
 380 0019 00000000 		.4byte	.Ldebug_ranges0+0
 381 001d 00000000 		.4byte	0
 382 0021 00000000 		.4byte	.Ldebug_line0
 383 0025 02       		.uleb128 0x2
 384 0026 04       		.byte	0x4
 385 0027 05       		.byte	0x5
 386 0028 696E7400 		.ascii	"int\000"
 387 002c 03       		.uleb128 0x3
 388 002d 04       		.byte	0x4
 389 002e 07       		.byte	0x7
 390 002f BB010000 		.4byte	.LASF0
 391 0033 03       		.uleb128 0x3
 392 0034 01       		.byte	0x1
 393 0035 06       		.byte	0x6
 394 0036 13030000 		.4byte	.LASF1
 395 003a 03       		.uleb128 0x3
 396 003b 01       		.byte	0x1
ARM GAS  /var/folders/7z/kps_xzfj7sn5l5gkyq8s9db00000gn/T//cc4M6SUm.s 			page 8


 397 003c 08       		.byte	0x8
 398 003d 41000000 		.4byte	.LASF2
 399 0041 03       		.uleb128 0x3
 400 0042 02       		.byte	0x2
 401 0043 05       		.byte	0x5
 402 0044 EA020000 		.4byte	.LASF3
 403 0048 03       		.uleb128 0x3
 404 0049 02       		.byte	0x2
 405 004a 07       		.byte	0x7
 406 004b 61000000 		.4byte	.LASF4
 407 004f 03       		.uleb128 0x3
 408 0050 04       		.byte	0x4
 409 0051 05       		.byte	0x5
 410 0052 0A030000 		.4byte	.LASF5
 411 0056 04       		.uleb128 0x4
 412 0057 8C000000 		.4byte	.LASF9
 413 005b 02       		.byte	0x2
 414 005c 41       		.byte	0x41
 415 005d 61000000 		.4byte	0x61
 416 0061 03       		.uleb128 0x3
 417 0062 04       		.byte	0x4
 418 0063 07       		.byte	0x7
 419 0064 4F000000 		.4byte	.LASF6
 420 0068 03       		.uleb128 0x3
 421 0069 08       		.byte	0x8
 422 006a 05       		.byte	0x5
 423 006b A9020000 		.4byte	.LASF7
 424 006f 03       		.uleb128 0x3
 425 0070 08       		.byte	0x8
 426 0071 07       		.byte	0x7
 427 0072 1D020000 		.4byte	.LASF8
 428 0076 04       		.uleb128 0x4
 429 0077 01030000 		.4byte	.LASF10
 430 007b 03       		.byte	0x3
 431 007c 2D       		.byte	0x2d
 432 007d 56000000 		.4byte	0x56
 433 0081 03       		.uleb128 0x3
 434 0082 01       		.byte	0x1
 435 0083 02       		.byte	0x2
 436 0084 3C030000 		.4byte	.LASF11
 437 0088 03       		.uleb128 0x3
 438 0089 04       		.byte	0x4
 439 008a 07       		.byte	0x7
 440 008b 81020000 		.4byte	.LASF12
 441 008f 03       		.uleb128 0x3
 442 0090 01       		.byte	0x1
 443 0091 08       		.byte	0x8
 444 0092 B7020000 		.4byte	.LASF13
 445 0096 04       		.uleb128 0x4
 446 0097 09000000 		.4byte	.LASF14
 447 009b 01       		.byte	0x1
 448 009c 2B       		.byte	0x2b
 449 009d A1000000 		.4byte	0xa1
 450 00a1 05       		.uleb128 0x5
 451 00a2 04       		.byte	0x4
 452 00a3 A7000000 		.4byte	0xa7
 453 00a7 06       		.uleb128 0x6
ARM GAS  /var/folders/7z/kps_xzfj7sn5l5gkyq8s9db00000gn/T//cc4M6SUm.s 			page 9


 454 00a8 07       		.uleb128 0x7
 455 00a9 AC01     		.2byte	0x1ac
 456 00ab 01       		.byte	0x1
 457 00ac 30       		.byte	0x30
 458 00ad 7E010000 		.4byte	0x17e
 459 00b1 08       		.uleb128 0x8
 460 00b2 28000000 		.4byte	.LASF15
 461 00b6 01       		.byte	0x1
 462 00b7 31       		.byte	0x31
 463 00b8 7E010000 		.4byte	0x17e
 464 00bc 00       		.byte	0
 465 00bd 08       		.uleb128 0x8
 466 00be F4020000 		.4byte	.LASF16
 467 00c2 01       		.byte	0x1
 468 00c3 32       		.byte	0x32
 469 00c4 96000000 		.4byte	0x96
 470 00c8 04       		.byte	0x4
 471 00c9 08       		.uleb128 0x8
 472 00ca C8010000 		.4byte	.LASF17
 473 00ce 01       		.byte	0x1
 474 00cf 33       		.byte	0x33
 475 00d0 96000000 		.4byte	0x96
 476 00d4 08       		.byte	0x8
 477 00d5 08       		.uleb128 0x8
 478 00d6 98020000 		.4byte	.LASF18
 479 00da 01       		.byte	0x1
 480 00db 34       		.byte	0x34
 481 00dc 96000000 		.4byte	0x96
 482 00e0 0C       		.byte	0xc
 483 00e1 08       		.uleb128 0x8
 484 00e2 BC020000 		.4byte	.LASF19
 485 00e6 01       		.byte	0x1
 486 00e7 35       		.byte	0x35
 487 00e8 96000000 		.4byte	0x96
 488 00ec 10       		.byte	0x10
 489 00ed 08       		.uleb128 0x8
 490 00ee 0D020000 		.4byte	.LASF20
 491 00f2 01       		.byte	0x1
 492 00f3 36       		.byte	0x36
 493 00f4 96000000 		.4byte	0x96
 494 00f8 14       		.byte	0x14
 495 00f9 08       		.uleb128 0x8
 496 00fa 65020000 		.4byte	.LASF21
 497 00fe 01       		.byte	0x1
 498 00ff 37       		.byte	0x37
 499 0100 96000000 		.4byte	0x96
 500 0104 18       		.byte	0x18
 501 0105 08       		.uleb128 0x8
 502 0106 74000000 		.4byte	.LASF22
 503 010a 01       		.byte	0x1
 504 010b 38       		.byte	0x38
 505 010c 96000000 		.4byte	0x96
 506 0110 1C       		.byte	0x1c
 507 0111 08       		.uleb128 0x8
 508 0112 33030000 		.4byte	.LASF23
 509 0116 01       		.byte	0x1
 510 0117 39       		.byte	0x39
ARM GAS  /var/folders/7z/kps_xzfj7sn5l5gkyq8s9db00000gn/T//cc4M6SUm.s 			page 10


 511 0118 96000000 		.4byte	0x96
 512 011c 20       		.byte	0x20
 513 011d 08       		.uleb128 0x8
 514 011e 00000000 		.4byte	.LASF24
 515 0122 01       		.byte	0x1
 516 0123 3A       		.byte	0x3a
 517 0124 96000000 		.4byte	0x96
 518 0128 24       		.byte	0x24
 519 0129 08       		.uleb128 0x8
 520 012a 5C020000 		.4byte	.LASF25
 521 012e 01       		.byte	0x1
 522 012f 3B       		.byte	0x3b
 523 0130 96000000 		.4byte	0x96
 524 0134 28       		.byte	0x28
 525 0135 08       		.uleb128 0x8
 526 0136 33000000 		.4byte	.LASF26
 527 013a 01       		.byte	0x1
 528 013b 3C       		.byte	0x3c
 529 013c 96000000 		.4byte	0x96
 530 0140 2C       		.byte	0x2c
 531 0141 08       		.uleb128 0x8
 532 0142 1F030000 		.4byte	.LASF27
 533 0146 01       		.byte	0x1
 534 0147 3D       		.byte	0x3d
 535 0148 96000000 		.4byte	0x96
 536 014c 30       		.byte	0x30
 537 014d 08       		.uleb128 0x8
 538 014e 16000000 		.4byte	.LASF28
 539 0152 01       		.byte	0x1
 540 0153 3E       		.byte	0x3e
 541 0154 96000000 		.4byte	0x96
 542 0158 34       		.byte	0x34
 543 0159 08       		.uleb128 0x8
 544 015a 8A020000 		.4byte	.LASF29
 545 015e 01       		.byte	0x1
 546 015f 3F       		.byte	0x3f
 547 0160 96000000 		.4byte	0x96
 548 0164 38       		.byte	0x38
 549 0165 08       		.uleb128 0x8
 550 0166 7D000000 		.4byte	.LASF30
 551 016a 01       		.byte	0x1
 552 016b 40       		.byte	0x40
 553 016c 96000000 		.4byte	0x96
 554 0170 3C       		.byte	0x3c
 555 0171 08       		.uleb128 0x8
 556 0172 E2020000 		.4byte	.LASF31
 557 0176 01       		.byte	0x1
 558 0177 41       		.byte	0x41
 559 0178 84010000 		.4byte	0x184
 560 017c 40       		.byte	0x40
 561 017d 00       		.byte	0
 562 017e 05       		.uleb128 0x5
 563 017f 04       		.byte	0x4
 564 0180 76000000 		.4byte	0x76
 565 0184 09       		.uleb128 0x9
 566 0185 96000000 		.4byte	0x96
 567 0189 94010000 		.4byte	0x194
ARM GAS  /var/folders/7z/kps_xzfj7sn5l5gkyq8s9db00000gn/T//cc4M6SUm.s 			page 11


 568 018d 0A       		.uleb128 0xa
 569 018e 88000000 		.4byte	0x88
 570 0192 5A       		.byte	0x5a
 571 0193 00       		.byte	0
 572 0194 04       		.uleb128 0x4
 573 0195 77020000 		.4byte	.LASF32
 574 0199 01       		.byte	0x1
 575 019a 42       		.byte	0x42
 576 019b A8000000 		.4byte	0xa8
 577 019f 0B       		.uleb128 0xb
 578 01a0 CD020000 		.4byte	.LASF38
 579 01a4 01       		.byte	0x1
 580 01a5 E2       		.byte	0xe2
 581 01a6 00000000 		.4byte	.LFB7
 582 01aa 02000000 		.4byte	.LFE7-.LFB7
 583 01ae 01       		.uleb128 0x1
 584 01af 9C       		.byte	0x9c
 585 01b0 0C       		.uleb128 0xc
 586 01b1 42030000 		.4byte	.LASF33
 587 01b5 01       		.byte	0x1
 588 01b6 45       		.byte	0x45
 589 01b7 76000000 		.4byte	0x76
 590 01bb 0D       		.uleb128 0xd
 591 01bc 1F000000 		.4byte	.LASF34
 592 01c0 01       		.byte	0x1
 593 01c1 B8       		.byte	0xb8
 594 01c2 94010000 		.4byte	0x194
 595 01c6 05       		.uleb128 0x5
 596 01c7 03       		.byte	0x3
 597 01c8 00000000 		.4byte	_vectors
 598 01cc 00       		.byte	0
 599              		.section	.debug_abbrev,"",%progbits
 600              	.Ldebug_abbrev0:
 601 0000 01       		.uleb128 0x1
 602 0001 11       		.uleb128 0x11
 603 0002 01       		.byte	0x1
 604 0003 25       		.uleb128 0x25
 605 0004 0E       		.uleb128 0xe
 606 0005 13       		.uleb128 0x13
 607 0006 0B       		.uleb128 0xb
 608 0007 03       		.uleb128 0x3
 609 0008 0E       		.uleb128 0xe
 610 0009 1B       		.uleb128 0x1b
 611 000a 0E       		.uleb128 0xe
 612 000b 55       		.uleb128 0x55
 613 000c 17       		.uleb128 0x17
 614 000d 11       		.uleb128 0x11
 615 000e 01       		.uleb128 0x1
 616 000f 10       		.uleb128 0x10
 617 0010 17       		.uleb128 0x17
 618 0011 00       		.byte	0
 619 0012 00       		.byte	0
 620 0013 02       		.uleb128 0x2
 621 0014 24       		.uleb128 0x24
 622 0015 00       		.byte	0
 623 0016 0B       		.uleb128 0xb
 624 0017 0B       		.uleb128 0xb
ARM GAS  /var/folders/7z/kps_xzfj7sn5l5gkyq8s9db00000gn/T//cc4M6SUm.s 			page 12


 625 0018 3E       		.uleb128 0x3e
 626 0019 0B       		.uleb128 0xb
 627 001a 03       		.uleb128 0x3
 628 001b 08       		.uleb128 0x8
 629 001c 00       		.byte	0
 630 001d 00       		.byte	0
 631 001e 03       		.uleb128 0x3
 632 001f 24       		.uleb128 0x24
 633 0020 00       		.byte	0
 634 0021 0B       		.uleb128 0xb
 635 0022 0B       		.uleb128 0xb
 636 0023 3E       		.uleb128 0x3e
 637 0024 0B       		.uleb128 0xb
 638 0025 03       		.uleb128 0x3
 639 0026 0E       		.uleb128 0xe
 640 0027 00       		.byte	0
 641 0028 00       		.byte	0
 642 0029 04       		.uleb128 0x4
 643 002a 16       		.uleb128 0x16
 644 002b 00       		.byte	0
 645 002c 03       		.uleb128 0x3
 646 002d 0E       		.uleb128 0xe
 647 002e 3A       		.uleb128 0x3a
 648 002f 0B       		.uleb128 0xb
 649 0030 3B       		.uleb128 0x3b
 650 0031 0B       		.uleb128 0xb
 651 0032 49       		.uleb128 0x49
 652 0033 13       		.uleb128 0x13
 653 0034 00       		.byte	0
 654 0035 00       		.byte	0
 655 0036 05       		.uleb128 0x5
 656 0037 0F       		.uleb128 0xf
 657 0038 00       		.byte	0
 658 0039 0B       		.uleb128 0xb
 659 003a 0B       		.uleb128 0xb
 660 003b 49       		.uleb128 0x49
 661 003c 13       		.uleb128 0x13
 662 003d 00       		.byte	0
 663 003e 00       		.byte	0
 664 003f 06       		.uleb128 0x6
 665 0040 15       		.uleb128 0x15
 666 0041 00       		.byte	0
 667 0042 27       		.uleb128 0x27
 668 0043 19       		.uleb128 0x19
 669 0044 00       		.byte	0
 670 0045 00       		.byte	0
 671 0046 07       		.uleb128 0x7
 672 0047 13       		.uleb128 0x13
 673 0048 01       		.byte	0x1
 674 0049 0B       		.uleb128 0xb
 675 004a 05       		.uleb128 0x5
 676 004b 3A       		.uleb128 0x3a
 677 004c 0B       		.uleb128 0xb
 678 004d 3B       		.uleb128 0x3b
 679 004e 0B       		.uleb128 0xb
 680 004f 01       		.uleb128 0x1
 681 0050 13       		.uleb128 0x13
ARM GAS  /var/folders/7z/kps_xzfj7sn5l5gkyq8s9db00000gn/T//cc4M6SUm.s 			page 13


 682 0051 00       		.byte	0
 683 0052 00       		.byte	0
 684 0053 08       		.uleb128 0x8
 685 0054 0D       		.uleb128 0xd
 686 0055 00       		.byte	0
 687 0056 03       		.uleb128 0x3
 688 0057 0E       		.uleb128 0xe
 689 0058 3A       		.uleb128 0x3a
 690 0059 0B       		.uleb128 0xb
 691 005a 3B       		.uleb128 0x3b
 692 005b 0B       		.uleb128 0xb
 693 005c 49       		.uleb128 0x49
 694 005d 13       		.uleb128 0x13
 695 005e 38       		.uleb128 0x38
 696 005f 0B       		.uleb128 0xb
 697 0060 00       		.byte	0
 698 0061 00       		.byte	0
 699 0062 09       		.uleb128 0x9
 700 0063 01       		.uleb128 0x1
 701 0064 01       		.byte	0x1
 702 0065 49       		.uleb128 0x49
 703 0066 13       		.uleb128 0x13
 704 0067 01       		.uleb128 0x1
 705 0068 13       		.uleb128 0x13
 706 0069 00       		.byte	0
 707 006a 00       		.byte	0
 708 006b 0A       		.uleb128 0xa
 709 006c 21       		.uleb128 0x21
 710 006d 00       		.byte	0
 711 006e 49       		.uleb128 0x49
 712 006f 13       		.uleb128 0x13
 713 0070 2F       		.uleb128 0x2f
 714 0071 0B       		.uleb128 0xb
 715 0072 00       		.byte	0
 716 0073 00       		.byte	0
 717 0074 0B       		.uleb128 0xb
 718 0075 2E       		.uleb128 0x2e
 719 0076 00       		.byte	0
 720 0077 3F       		.uleb128 0x3f
 721 0078 19       		.uleb128 0x19
 722 0079 03       		.uleb128 0x3
 723 007a 0E       		.uleb128 0xe
 724 007b 3A       		.uleb128 0x3a
 725 007c 0B       		.uleb128 0xb
 726 007d 3B       		.uleb128 0x3b
 727 007e 0B       		.uleb128 0xb
 728 007f 27       		.uleb128 0x27
 729 0080 19       		.uleb128 0x19
 730 0081 11       		.uleb128 0x11
 731 0082 01       		.uleb128 0x1
 732 0083 12       		.uleb128 0x12
 733 0084 06       		.uleb128 0x6
 734 0085 40       		.uleb128 0x40
 735 0086 18       		.uleb128 0x18
 736 0087 9742     		.uleb128 0x2117
 737 0089 19       		.uleb128 0x19
 738 008a 00       		.byte	0
ARM GAS  /var/folders/7z/kps_xzfj7sn5l5gkyq8s9db00000gn/T//cc4M6SUm.s 			page 14


 739 008b 00       		.byte	0
 740 008c 0C       		.uleb128 0xc
 741 008d 34       		.uleb128 0x34
 742 008e 00       		.byte	0
 743 008f 03       		.uleb128 0x3
 744 0090 0E       		.uleb128 0xe
 745 0091 3A       		.uleb128 0x3a
 746 0092 0B       		.uleb128 0xb
 747 0093 3B       		.uleb128 0x3b
 748 0094 0B       		.uleb128 0xb
 749 0095 49       		.uleb128 0x49
 750 0096 13       		.uleb128 0x13
 751 0097 3F       		.uleb128 0x3f
 752 0098 19       		.uleb128 0x19
 753 0099 3C       		.uleb128 0x3c
 754 009a 19       		.uleb128 0x19
 755 009b 00       		.byte	0
 756 009c 00       		.byte	0
 757 009d 0D       		.uleb128 0xd
 758 009e 34       		.uleb128 0x34
 759 009f 00       		.byte	0
 760 00a0 03       		.uleb128 0x3
 761 00a1 0E       		.uleb128 0xe
 762 00a2 3A       		.uleb128 0x3a
 763 00a3 0B       		.uleb128 0xb
 764 00a4 3B       		.uleb128 0x3b
 765 00a5 0B       		.uleb128 0xb
 766 00a6 49       		.uleb128 0x49
 767 00a7 13       		.uleb128 0x13
 768 00a8 3F       		.uleb128 0x3f
 769 00a9 19       		.uleb128 0x19
 770 00aa 02       		.uleb128 0x2
 771 00ab 18       		.uleb128 0x18
 772 00ac 00       		.byte	0
 773 00ad 00       		.byte	0
 774 00ae 00       		.byte	0
 775              		.section	.debug_aranges,"",%progbits
 776 0000 1C000000 		.4byte	0x1c
 777 0004 0200     		.2byte	0x2
 778 0006 00000000 		.4byte	.Ldebug_info0
 779 000a 04       		.byte	0x4
 780 000b 00       		.byte	0
 781 000c 0000     		.2byte	0
 782 000e 0000     		.2byte	0
 783 0010 00000000 		.4byte	.LFB7
 784 0014 02000000 		.4byte	.LFE7-.LFB7
 785 0018 00000000 		.4byte	0
 786 001c 00000000 		.4byte	0
 787              		.section	.debug_ranges,"",%progbits
 788              	.Ldebug_ranges0:
 789 0000 00000000 		.4byte	.LFB7
 790 0004 02000000 		.4byte	.LFE7
 791 0008 00000000 		.4byte	0
 792 000c 00000000 		.4byte	0
 793              		.section	.debug_line,"",%progbits
 794              	.Ldebug_line0:
 795 0000 FD000000 		.section	.debug_str,"MS",%progbits,1
ARM GAS  /var/folders/7z/kps_xzfj7sn5l5gkyq8s9db00000gn/T//cc4M6SUm.s 			page 15


 795      0200E200 
 795      00000201 
 795      FB0E0D00 
 795      01010101 
 796              	.LASF24:
 797 0000 76656374 		.ascii	"vector24\000"
 797      6F723234 
 797      00
 798              	.LASF14:
 799 0009 6972715F 		.ascii	"irq_vector_t\000"
 799      76656374 
 799      6F725F74 
 799      00
 800              	.LASF28:
 801 0016 76656374 		.ascii	"vector34\000"
 801      6F723334 
 801      00
 802              	.LASF34:
 803 001f 5F766563 		.ascii	"_vectors\000"
 803      746F7273 
 803      00
 804              	.LASF15:
 805 0028 696E6974 		.ascii	"init_stack\000"
 805      5F737461 
 805      636B00
 806              	.LASF26:
 807 0033 73766361 		.ascii	"svcall_vector\000"
 807      6C6C5F76 
 807      6563746F 
 807      7200
 808              	.LASF2:
 809 0041 756E7369 		.ascii	"unsigned char\000"
 809      676E6564 
 809      20636861 
 809      7200
 810              	.LASF6:
 811 004f 6C6F6E67 		.ascii	"long unsigned int\000"
 811      20756E73 
 811      69676E65 
 811      6420696E 
 811      7400
 812              	.LASF4:
 813 0061 73686F72 		.ascii	"short unsigned int\000"
 813      7420756E 
 813      7369676E 
 813      65642069 
 813      6E7400
 814              	.LASF22:
 815 0074 76656374 		.ascii	"vector1c\000"
 815      6F723163 
 815      00
 816              	.LASF30:
 817 007d 73797374 		.ascii	"systick_vector\000"
 817      69636B5F 
 817      76656374 
 817      6F7200
 818              	.LASF9:
ARM GAS  /var/folders/7z/kps_xzfj7sn5l5gkyq8s9db00000gn/T//cc4M6SUm.s 			page 16


 819 008c 5F5F7569 		.ascii	"__uint32_t\000"
 819      6E743332 
 819      5F7400
 820              	.LASF35:
 821 0097 474E5520 		.ascii	"GNU C 4.9.3 20150303 (release) [ARM/embedded-4_9-br"
 821      4320342E 
 821      392E3320 
 821      32303135 
 821      30333033 
 822 00ca 616E6368 		.ascii	"anch revision 221220] -mcpu=cortex-m4 -mfloat-abi=h"
 822      20726576 
 822      6973696F 
 822      6E203232 
 822      31323230 
 823 00fd 61726420 		.ascii	"ard -mfpu=fpv4-sp-d16 -mno-thumb-interwork -mthumb "
 823      2D6D6670 
 823      753D6670 
 823      76342D73 
 823      702D6431 
 824 0130 2D676764 		.ascii	"-ggdb -O2 -std=gnu99 -fomit-frame-pointer -falign-f"
 824      62202D4F 
 824      32202D73 
 824      74643D67 
 824      6E753939 
 825 0163 756E6374 		.ascii	"unctions=16 -ffunction-sections -fdata-sections -fn"
 825      696F6E73 
 825      3D313620 
 825      2D666675 
 825      6E637469 
 826 0196 6F2D636F 		.ascii	"o-common -fsingle-precision-constant\000"
 826      6D6D6F6E 
 826      202D6673 
 826      696E676C 
 826      652D7072 
 827              	.LASF0:
 828 01bb 756E7369 		.ascii	"unsigned int\000"
 828      676E6564 
 828      20696E74 
 828      00
 829              	.LASF17:
 830 01c8 6E6D695F 		.ascii	"nmi_vector\000"
 830      76656374 
 830      6F7200
 831              	.LASF36:
 832 01d3 6C69622F 		.ascii	"lib/ChibiOS_2.6.6/os/ports/GCC/ARMCMx/STM32F4xx/vec"
 832      43686962 
 832      694F535F 
 832      322E362E 
 832      362F6F73 
 833 0206 746F7273 		.ascii	"tors.c\000"
 833      2E6300
 834              	.LASF20:
 835 020d 62757366 		.ascii	"busfault_vector\000"
 835      61756C74 
 835      5F766563 
 835      746F7200 
 836              	.LASF8:
ARM GAS  /var/folders/7z/kps_xzfj7sn5l5gkyq8s9db00000gn/T//cc4M6SUm.s 			page 17


 837 021d 6C6F6E67 		.ascii	"long long unsigned int\000"
 837      206C6F6E 
 837      6720756E 
 837      7369676E 
 837      65642069 
 838              	.LASF37:
 839 0234 2F557365 		.ascii	"/Users/Baram/oroca_bldc_dev/oroca_bldc/\000"
 839      72732F42 
 839      6172616D 
 839      2F6F726F 
 839      63615F62 
 840              	.LASF25:
 841 025c 76656374 		.ascii	"vector28\000"
 841      6F723238 
 841      00
 842              	.LASF21:
 843 0265 75736167 		.ascii	"usagefault_vector\000"
 843      65666175 
 843      6C745F76 
 843      6563746F 
 843      7200
 844              	.LASF32:
 845 0277 76656374 		.ascii	"vectors_t\000"
 845      6F72735F 
 845      7400
 846              	.LASF12:
 847 0281 73697A65 		.ascii	"sizetype\000"
 847      74797065 
 847      00
 848              	.LASF29:
 849 028a 70656E64 		.ascii	"pendsv_vector\000"
 849      73765F76 
 849      6563746F 
 849      7200
 850              	.LASF18:
 851 0298 68617264 		.ascii	"hardfault_vector\000"
 851      6661756C 
 851      745F7665 
 851      63746F72 
 851      00
 852              	.LASF7:
 853 02a9 6C6F6E67 		.ascii	"long long int\000"
 853      206C6F6E 
 853      6720696E 
 853      7400
 854              	.LASF13:
 855 02b7 63686172 		.ascii	"char\000"
 855      00
 856              	.LASF19:
 857 02bc 6D656D6D 		.ascii	"memmanage_vector\000"
 857      616E6167 
 857      655F7665 
 857      63746F72 
 857      00
 858              	.LASF38:
 859 02cd 5F756E68 		.ascii	"_unhandled_exception\000"
 859      616E646C 
ARM GAS  /var/folders/7z/kps_xzfj7sn5l5gkyq8s9db00000gn/T//cc4M6SUm.s 			page 18


 859      65645F65 
 859      78636570 
 859      74696F6E 
 860              	.LASF31:
 861 02e2 76656374 		.ascii	"vectors\000"
 861      6F727300 
 862              	.LASF3:
 863 02ea 73686F72 		.ascii	"short int\000"
 863      7420696E 
 863      7400
 864              	.LASF16:
 865 02f4 72657365 		.ascii	"reset_vector\000"
 865      745F7665 
 865      63746F72 
 865      00
 866              	.LASF10:
 867 0301 75696E74 		.ascii	"uint32_t\000"
 867      33325F74 
 867      00
 868              	.LASF5:
 869 030a 6C6F6E67 		.ascii	"long int\000"
 869      20696E74 
 869      00
 870              	.LASF1:
 871 0313 7369676E 		.ascii	"signed char\000"
 871      65642063 
 871      68617200 
 872              	.LASF27:
 873 031f 64656275 		.ascii	"debugmonitor_vector\000"
 873      676D6F6E 
 873      69746F72 
 873      5F766563 
 873      746F7200 
 874              	.LASF23:
 875 0333 76656374 		.ascii	"vector20\000"
 875      6F723230 
 875      00
 876              	.LASF11:
 877 033c 5F426F6F 		.ascii	"_Bool\000"
 877      6C00
 878              	.LASF33:
 879 0342 5F5F6D61 		.ascii	"__main_stack_end__\000"
 879      696E5F73 
 879      7461636B 
 879      5F656E64 
 879      5F5F00
 880              		.ident	"GCC: (GNU Tools for ARM Embedded Processors) 4.9.3 20150303 (release) [ARM/embedded-4_9-br
ARM GAS  /var/folders/7z/kps_xzfj7sn5l5gkyq8s9db00000gn/T//cc4M6SUm.s 			page 19


DEFINED SYMBOLS
                            *ABS*:0000000000000000 vectors.c
/var/folders/7z/kps_xzfj7sn5l5gkyq8s9db00000gn/T//cc4M6SUm.s:21     .text._unhandled_exception:0000000000000000 $t
/var/folders/7z/kps_xzfj7sn5l5gkyq8s9db00000gn/T//cc4M6SUm.s:27     .text._unhandled_exception:0000000000000000 _unhandled_exception
/var/folders/7z/kps_xzfj7sn5l5gkyq8s9db00000gn/T//cc4M6SUm.s:27     .text._unhandled_exception:0000000000000000 NMIVector
/var/folders/7z/kps_xzfj7sn5l5gkyq8s9db00000gn/T//cc4M6SUm.s:27     .text._unhandled_exception:0000000000000000 HardFaultVector
/var/folders/7z/kps_xzfj7sn5l5gkyq8s9db00000gn/T//cc4M6SUm.s:27     .text._unhandled_exception:0000000000000000 MemManageVector
/var/folders/7z/kps_xzfj7sn5l5gkyq8s9db00000gn/T//cc4M6SUm.s:27     .text._unhandled_exception:0000000000000000 BusFaultVector
/var/folders/7z/kps_xzfj7sn5l5gkyq8s9db00000gn/T//cc4M6SUm.s:27     .text._unhandled_exception:0000000000000000 UsageFaultVector
/var/folders/7z/kps_xzfj7sn5l5gkyq8s9db00000gn/T//cc4M6SUm.s:27     .text._unhandled_exception:0000000000000000 Vector1C
/var/folders/7z/kps_xzfj7sn5l5gkyq8s9db00000gn/T//cc4M6SUm.s:27     .text._unhandled_exception:0000000000000000 Vector20
/var/folders/7z/kps_xzfj7sn5l5gkyq8s9db00000gn/T//cc4M6SUm.s:27     .text._unhandled_exception:0000000000000000 Vector24
/var/folders/7z/kps_xzfj7sn5l5gkyq8s9db00000gn/T//cc4M6SUm.s:27     .text._unhandled_exception:0000000000000000 Vector28
/var/folders/7z/kps_xzfj7sn5l5gkyq8s9db00000gn/T//cc4M6SUm.s:27     .text._unhandled_exception:0000000000000000 SVCallVector
/var/folders/7z/kps_xzfj7sn5l5gkyq8s9db00000gn/T//cc4M6SUm.s:27     .text._unhandled_exception:0000000000000000 DebugMonitorVector
/var/folders/7z/kps_xzfj7sn5l5gkyq8s9db00000gn/T//cc4M6SUm.s:27     .text._unhandled_exception:0000000000000000 Vector34
/var/folders/7z/kps_xzfj7sn5l5gkyq8s9db00000gn/T//cc4M6SUm.s:27     .text._unhandled_exception:0000000000000000 PendSVVector
/var/folders/7z/kps_xzfj7sn5l5gkyq8s9db00000gn/T//cc4M6SUm.s:27     .text._unhandled_exception:0000000000000000 SysTickVector
/var/folders/7z/kps_xzfj7sn5l5gkyq8s9db00000gn/T//cc4M6SUm.s:27     .text._unhandled_exception:0000000000000000 Vector40
/var/folders/7z/kps_xzfj7sn5l5gkyq8s9db00000gn/T//cc4M6SUm.s:27     .text._unhandled_exception:0000000000000000 Vector44
/var/folders/7z/kps_xzfj7sn5l5gkyq8s9db00000gn/T//cc4M6SUm.s:27     .text._unhandled_exception:0000000000000000 Vector48
/var/folders/7z/kps_xzfj7sn5l5gkyq8s9db00000gn/T//cc4M6SUm.s:27     .text._unhandled_exception:0000000000000000 Vector4C
/var/folders/7z/kps_xzfj7sn5l5gkyq8s9db00000gn/T//cc4M6SUm.s:27     .text._unhandled_exception:0000000000000000 Vector50
/var/folders/7z/kps_xzfj7sn5l5gkyq8s9db00000gn/T//cc4M6SUm.s:27     .text._unhandled_exception:0000000000000000 Vector54
/var/folders/7z/kps_xzfj7sn5l5gkyq8s9db00000gn/T//cc4M6SUm.s:27     .text._unhandled_exception:0000000000000000 Vector58
/var/folders/7z/kps_xzfj7sn5l5gkyq8s9db00000gn/T//cc4M6SUm.s:27     .text._unhandled_exception:0000000000000000 Vector5C
/var/folders/7z/kps_xzfj7sn5l5gkyq8s9db00000gn/T//cc4M6SUm.s:27     .text._unhandled_exception:0000000000000000 Vector60
/var/folders/7z/kps_xzfj7sn5l5gkyq8s9db00000gn/T//cc4M6SUm.s:27     .text._unhandled_exception:0000000000000000 Vector64
/var/folders/7z/kps_xzfj7sn5l5gkyq8s9db00000gn/T//cc4M6SUm.s:27     .text._unhandled_exception:0000000000000000 Vector68
/var/folders/7z/kps_xzfj7sn5l5gkyq8s9db00000gn/T//cc4M6SUm.s:27     .text._unhandled_exception:0000000000000000 Vector6C
/var/folders/7z/kps_xzfj7sn5l5gkyq8s9db00000gn/T//cc4M6SUm.s:27     .text._unhandled_exception:0000000000000000 Vector70
/var/folders/7z/kps_xzfj7sn5l5gkyq8s9db00000gn/T//cc4M6SUm.s:27     .text._unhandled_exception:0000000000000000 Vector74
/var/folders/7z/kps_xzfj7sn5l5gkyq8s9db00000gn/T//cc4M6SUm.s:27     .text._unhandled_exception:0000000000000000 Vector78
/var/folders/7z/kps_xzfj7sn5l5gkyq8s9db00000gn/T//cc4M6SUm.s:27     .text._unhandled_exception:0000000000000000 Vector7C
/var/folders/7z/kps_xzfj7sn5l5gkyq8s9db00000gn/T//cc4M6SUm.s:27     .text._unhandled_exception:0000000000000000 Vector80
/var/folders/7z/kps_xzfj7sn5l5gkyq8s9db00000gn/T//cc4M6SUm.s:27     .text._unhandled_exception:0000000000000000 Vector84
/var/folders/7z/kps_xzfj7sn5l5gkyq8s9db00000gn/T//cc4M6SUm.s:27     .text._unhandled_exception:0000000000000000 Vector88
/var/folders/7z/kps_xzfj7sn5l5gkyq8s9db00000gn/T//cc4M6SUm.s:27     .text._unhandled_exception:0000000000000000 Vector8C
/var/folders/7z/kps_xzfj7sn5l5gkyq8s9db00000gn/T//cc4M6SUm.s:27     .text._unhandled_exception:0000000000000000 Vector90
/var/folders/7z/kps_xzfj7sn5l5gkyq8s9db00000gn/T//cc4M6SUm.s:27     .text._unhandled_exception:0000000000000000 Vector94
/var/folders/7z/kps_xzfj7sn5l5gkyq8s9db00000gn/T//cc4M6SUm.s:27     .text._unhandled_exception:0000000000000000 Vector98
/var/folders/7z/kps_xzfj7sn5l5gkyq8s9db00000gn/T//cc4M6SUm.s:27     .text._unhandled_exception:0000000000000000 Vector9C
/var/folders/7z/kps_xzfj7sn5l5gkyq8s9db00000gn/T//cc4M6SUm.s:27     .text._unhandled_exception:0000000000000000 VectorA0
/var/folders/7z/kps_xzfj7sn5l5gkyq8s9db00000gn/T//cc4M6SUm.s:27     .text._unhandled_exception:0000000000000000 VectorA4
/var/folders/7z/kps_xzfj7sn5l5gkyq8s9db00000gn/T//cc4M6SUm.s:27     .text._unhandled_exception:0000000000000000 VectorA8
/var/folders/7z/kps_xzfj7sn5l5gkyq8s9db00000gn/T//cc4M6SUm.s:27     .text._unhandled_exception:0000000000000000 VectorAC
/var/folders/7z/kps_xzfj7sn5l5gkyq8s9db00000gn/T//cc4M6SUm.s:27     .text._unhandled_exception:0000000000000000 VectorB0
/var/folders/7z/kps_xzfj7sn5l5gkyq8s9db00000gn/T//cc4M6SUm.s:27     .text._unhandled_exception:0000000000000000 VectorB4
/var/folders/7z/kps_xzfj7sn5l5gkyq8s9db00000gn/T//cc4M6SUm.s:27     .text._unhandled_exception:0000000000000000 VectorB8
/var/folders/7z/kps_xzfj7sn5l5gkyq8s9db00000gn/T//cc4M6SUm.s:27     .text._unhandled_exception:0000000000000000 VectorBC
/var/folders/7z/kps_xzfj7sn5l5gkyq8s9db00000gn/T//cc4M6SUm.s:27     .text._unhandled_exception:0000000000000000 VectorC0
/var/folders/7z/kps_xzfj7sn5l5gkyq8s9db00000gn/T//cc4M6SUm.s:27     .text._unhandled_exception:0000000000000000 VectorC4
/var/folders/7z/kps_xzfj7sn5l5gkyq8s9db00000gn/T//cc4M6SUm.s:27     .text._unhandled_exception:0000000000000000 VectorC8
/var/folders/7z/kps_xzfj7sn5l5gkyq8s9db00000gn/T//cc4M6SUm.s:27     .text._unhandled_exception:0000000000000000 VectorCC
/var/folders/7z/kps_xzfj7sn5l5gkyq8s9db00000gn/T//cc4M6SUm.s:27     .text._unhandled_exception:0000000000000000 VectorD0
/var/folders/7z/kps_xzfj7sn5l5gkyq8s9db00000gn/T//cc4M6SUm.s:27     .text._unhandled_exception:0000000000000000 VectorD4
/var/folders/7z/kps_xzfj7sn5l5gkyq8s9db00000gn/T//cc4M6SUm.s:27     .text._unhandled_exception:0000000000000000 VectorD8
ARM GAS  /var/folders/7z/kps_xzfj7sn5l5gkyq8s9db00000gn/T//cc4M6SUm.s 			page 20


/var/folders/7z/kps_xzfj7sn5l5gkyq8s9db00000gn/T//cc4M6SUm.s:27     .text._unhandled_exception:0000000000000000 VectorDC
/var/folders/7z/kps_xzfj7sn5l5gkyq8s9db00000gn/T//cc4M6SUm.s:27     .text._unhandled_exception:0000000000000000 VectorE0
/var/folders/7z/kps_xzfj7sn5l5gkyq8s9db00000gn/T//cc4M6SUm.s:27     .text._unhandled_exception:0000000000000000 VectorE4
/var/folders/7z/kps_xzfj7sn5l5gkyq8s9db00000gn/T//cc4M6SUm.s:27     .text._unhandled_exception:0000000000000000 VectorE8
/var/folders/7z/kps_xzfj7sn5l5gkyq8s9db00000gn/T//cc4M6SUm.s:27     .text._unhandled_exception:0000000000000000 VectorEC
/var/folders/7z/kps_xzfj7sn5l5gkyq8s9db00000gn/T//cc4M6SUm.s:27     .text._unhandled_exception:0000000000000000 VectorF0
/var/folders/7z/kps_xzfj7sn5l5gkyq8s9db00000gn/T//cc4M6SUm.s:27     .text._unhandled_exception:0000000000000000 VectorF4
/var/folders/7z/kps_xzfj7sn5l5gkyq8s9db00000gn/T//cc4M6SUm.s:27     .text._unhandled_exception:0000000000000000 VectorF8
/var/folders/7z/kps_xzfj7sn5l5gkyq8s9db00000gn/T//cc4M6SUm.s:27     .text._unhandled_exception:0000000000000000 VectorFC
/var/folders/7z/kps_xzfj7sn5l5gkyq8s9db00000gn/T//cc4M6SUm.s:27     .text._unhandled_exception:0000000000000000 Vector100
/var/folders/7z/kps_xzfj7sn5l5gkyq8s9db00000gn/T//cc4M6SUm.s:27     .text._unhandled_exception:0000000000000000 Vector104
/var/folders/7z/kps_xzfj7sn5l5gkyq8s9db00000gn/T//cc4M6SUm.s:27     .text._unhandled_exception:0000000000000000 Vector108
/var/folders/7z/kps_xzfj7sn5l5gkyq8s9db00000gn/T//cc4M6SUm.s:27     .text._unhandled_exception:0000000000000000 Vector10C
/var/folders/7z/kps_xzfj7sn5l5gkyq8s9db00000gn/T//cc4M6SUm.s:27     .text._unhandled_exception:0000000000000000 Vector110
/var/folders/7z/kps_xzfj7sn5l5gkyq8s9db00000gn/T//cc4M6SUm.s:27     .text._unhandled_exception:0000000000000000 Vector114
/var/folders/7z/kps_xzfj7sn5l5gkyq8s9db00000gn/T//cc4M6SUm.s:27     .text._unhandled_exception:0000000000000000 Vector118
/var/folders/7z/kps_xzfj7sn5l5gkyq8s9db00000gn/T//cc4M6SUm.s:27     .text._unhandled_exception:0000000000000000 Vector11C
/var/folders/7z/kps_xzfj7sn5l5gkyq8s9db00000gn/T//cc4M6SUm.s:27     .text._unhandled_exception:0000000000000000 Vector120
/var/folders/7z/kps_xzfj7sn5l5gkyq8s9db00000gn/T//cc4M6SUm.s:27     .text._unhandled_exception:0000000000000000 Vector124
/var/folders/7z/kps_xzfj7sn5l5gkyq8s9db00000gn/T//cc4M6SUm.s:27     .text._unhandled_exception:0000000000000000 Vector128
/var/folders/7z/kps_xzfj7sn5l5gkyq8s9db00000gn/T//cc4M6SUm.s:27     .text._unhandled_exception:0000000000000000 Vector12C
/var/folders/7z/kps_xzfj7sn5l5gkyq8s9db00000gn/T//cc4M6SUm.s:27     .text._unhandled_exception:0000000000000000 Vector130
/var/folders/7z/kps_xzfj7sn5l5gkyq8s9db00000gn/T//cc4M6SUm.s:27     .text._unhandled_exception:0000000000000000 Vector134
/var/folders/7z/kps_xzfj7sn5l5gkyq8s9db00000gn/T//cc4M6SUm.s:27     .text._unhandled_exception:0000000000000000 Vector138
/var/folders/7z/kps_xzfj7sn5l5gkyq8s9db00000gn/T//cc4M6SUm.s:27     .text._unhandled_exception:0000000000000000 Vector13C
/var/folders/7z/kps_xzfj7sn5l5gkyq8s9db00000gn/T//cc4M6SUm.s:27     .text._unhandled_exception:0000000000000000 Vector140
/var/folders/7z/kps_xzfj7sn5l5gkyq8s9db00000gn/T//cc4M6SUm.s:27     .text._unhandled_exception:0000000000000000 Vector144
/var/folders/7z/kps_xzfj7sn5l5gkyq8s9db00000gn/T//cc4M6SUm.s:27     .text._unhandled_exception:0000000000000000 Vector148
/var/folders/7z/kps_xzfj7sn5l5gkyq8s9db00000gn/T//cc4M6SUm.s:27     .text._unhandled_exception:0000000000000000 Vector14C
/var/folders/7z/kps_xzfj7sn5l5gkyq8s9db00000gn/T//cc4M6SUm.s:27     .text._unhandled_exception:0000000000000000 Vector150
/var/folders/7z/kps_xzfj7sn5l5gkyq8s9db00000gn/T//cc4M6SUm.s:27     .text._unhandled_exception:0000000000000000 Vector154
/var/folders/7z/kps_xzfj7sn5l5gkyq8s9db00000gn/T//cc4M6SUm.s:27     .text._unhandled_exception:0000000000000000 Vector158
/var/folders/7z/kps_xzfj7sn5l5gkyq8s9db00000gn/T//cc4M6SUm.s:27     .text._unhandled_exception:0000000000000000 Vector15C
/var/folders/7z/kps_xzfj7sn5l5gkyq8s9db00000gn/T//cc4M6SUm.s:27     .text._unhandled_exception:0000000000000000 Vector160
/var/folders/7z/kps_xzfj7sn5l5gkyq8s9db00000gn/T//cc4M6SUm.s:27     .text._unhandled_exception:0000000000000000 Vector164
/var/folders/7z/kps_xzfj7sn5l5gkyq8s9db00000gn/T//cc4M6SUm.s:27     .text._unhandled_exception:0000000000000000 Vector168
/var/folders/7z/kps_xzfj7sn5l5gkyq8s9db00000gn/T//cc4M6SUm.s:27     .text._unhandled_exception:0000000000000000 Vector16C
/var/folders/7z/kps_xzfj7sn5l5gkyq8s9db00000gn/T//cc4M6SUm.s:27     .text._unhandled_exception:0000000000000000 Vector170
/var/folders/7z/kps_xzfj7sn5l5gkyq8s9db00000gn/T//cc4M6SUm.s:27     .text._unhandled_exception:0000000000000000 Vector174
/var/folders/7z/kps_xzfj7sn5l5gkyq8s9db00000gn/T//cc4M6SUm.s:27     .text._unhandled_exception:0000000000000000 Vector178
/var/folders/7z/kps_xzfj7sn5l5gkyq8s9db00000gn/T//cc4M6SUm.s:27     .text._unhandled_exception:0000000000000000 Vector17C
/var/folders/7z/kps_xzfj7sn5l5gkyq8s9db00000gn/T//cc4M6SUm.s:27     .text._unhandled_exception:0000000000000000 Vector180
/var/folders/7z/kps_xzfj7sn5l5gkyq8s9db00000gn/T//cc4M6SUm.s:27     .text._unhandled_exception:0000000000000000 Vector184
/var/folders/7z/kps_xzfj7sn5l5gkyq8s9db00000gn/T//cc4M6SUm.s:27     .text._unhandled_exception:0000000000000000 Vector188
/var/folders/7z/kps_xzfj7sn5l5gkyq8s9db00000gn/T//cc4M6SUm.s:27     .text._unhandled_exception:0000000000000000 Vector18C
/var/folders/7z/kps_xzfj7sn5l5gkyq8s9db00000gn/T//cc4M6SUm.s:27     .text._unhandled_exception:0000000000000000 Vector190
/var/folders/7z/kps_xzfj7sn5l5gkyq8s9db00000gn/T//cc4M6SUm.s:27     .text._unhandled_exception:0000000000000000 Vector194
/var/folders/7z/kps_xzfj7sn5l5gkyq8s9db00000gn/T//cc4M6SUm.s:27     .text._unhandled_exception:0000000000000000 Vector198
/var/folders/7z/kps_xzfj7sn5l5gkyq8s9db00000gn/T//cc4M6SUm.s:27     .text._unhandled_exception:0000000000000000 Vector19C
/var/folders/7z/kps_xzfj7sn5l5gkyq8s9db00000gn/T//cc4M6SUm.s:27     .text._unhandled_exception:0000000000000000 Vector1A0
/var/folders/7z/kps_xzfj7sn5l5gkyq8s9db00000gn/T//cc4M6SUm.s:27     .text._unhandled_exception:0000000000000000 Vector1A4
/var/folders/7z/kps_xzfj7sn5l5gkyq8s9db00000gn/T//cc4M6SUm.s:27     .text._unhandled_exception:0000000000000000 Vector1A8
/var/folders/7z/kps_xzfj7sn5l5gkyq8s9db00000gn/T//cc4M6SUm.s:257    vectors:0000000000000000 _vectors
/var/folders/7z/kps_xzfj7sn5l5gkyq8s9db00000gn/T//cc4M6SUm.s:254    vectors:0000000000000000 $d
                     .debug_frame:0000000000000010 $d

UNDEFINED SYMBOLS
ARM GAS  /var/folders/7z/kps_xzfj7sn5l5gkyq8s9db00000gn/T//cc4M6SUm.s 			page 21


__main_stack_end__
ResetHandler
