ARM GAS  C:\Users\IDONNO~1\AppData\Local\Temp\ccHaxiWz.s 			page 1


   1              		.syntax unified
   2              		.cpu cortex-m4
   3              		.eabi_attribute 27, 1
   4              		.eabi_attribute 28, 1
   5              		.fpu fpv4-sp-d16
   6              		.eabi_attribute 20, 1
   7              		.eabi_attribute 21, 1
   8              		.eabi_attribute 23, 3
   9              		.eabi_attribute 24, 1
  10              		.eabi_attribute 25, 1
  11              		.eabi_attribute 26, 1
  12              		.eabi_attribute 30, 2
  13              		.eabi_attribute 34, 1
  14              		.eabi_attribute 18, 4
  15              		.thumb
  16              		.syntax unified
  17              		.file	"chcore.c"
  18              		.text
  19              	.Ltext0:
  20              		.cfi_sections	.debug_frame
  21              	.Letext0:
  22              		.file 1 "c:\\program files (x86)\\gnu tools arm embedded\\5.2 2015q4\\arm-none-eabi\\include\\mach
  23              		.file 2 "c:\\program files (x86)\\gnu tools arm embedded\\5.2 2015q4\\arm-none-eabi\\include\\sys\
  24              		.file 3 "lib/ChibiOS_3.0.2/os/rt/ports/ARMCMx/compilers/GCC/chtypes.h"
  25              		.file 4 "lib/ChibiOS_3.0.2/os/rt/include/chsystypes.h"
  26              		.file 5 "lib/ChibiOS_3.0.2/os/rt/include/chschd.h"
  27              		.file 6 "lib/ChibiOS_3.0.2/os/rt/ports/ARMCMx/chcore.h"
  28              		.file 7 "lib/ChibiOS_3.0.2/os/rt/ports/ARMCMx/chcore_v7m.h"
  29              		.file 8 "lib/ChibiOS_3.0.2/os/rt/include/chtm.h"
  30              		.file 9 "lib/ChibiOS_3.0.2/os/rt/include/chsem.h"
  31              		.file 10 "lib/ChibiOS_3.0.2/os/rt/include/chmtx.h"
  32              		.file 11 "lib/ChibiOS_3.0.2/os/ext/CMSIS/include/core_cm4.h"
  33              		.section	.debug_info,"",%progbits
  34              	.Ldebug_info0:
  35 0000 15070000 		.4byte	0x715
  36 0004 0400     		.2byte	0x4
  37 0006 00000000 		.4byte	.Ldebug_abbrev0
  38 000a 04       		.byte	0x4
  39 000b 01       		.uleb128 0x1
  40 000c D0030000 		.4byte	.LASF105
  41 0010 0C       		.byte	0xc
  42 0011 29010000 		.4byte	.LASF106
  43 0015 48000000 		.4byte	.LASF107
  44 0019 00000000 		.4byte	.Ldebug_line0
  45 001d 02       		.uleb128 0x2
  46 001e 04       		.byte	0x4
  47 001f 05       		.byte	0x5
  48 0020 696E7400 		.ascii	"int\000"
  49 0024 03       		.uleb128 0x3
  50 0025 04       		.byte	0x4
  51 0026 07       		.byte	0x7
  52 0027 9D010000 		.4byte	.LASF0
  53 002b 03       		.uleb128 0x3
  54 002c 01       		.byte	0x1
  55 002d 06       		.byte	0x6
  56 002e E0000000 		.4byte	.LASF1
  57 0032 04       		.uleb128 0x4
ARM GAS  C:\Users\IDONNO~1\AppData\Local\Temp\ccHaxiWz.s 			page 2


  58 0033 23000000 		.4byte	.LASF5
  59 0037 01       		.byte	0x1
  60 0038 1D       		.byte	0x1d
  61 0039 3D000000 		.4byte	0x3d
  62 003d 03       		.uleb128 0x3
  63 003e 01       		.byte	0x1
  64 003f 08       		.byte	0x8
  65 0040 0E030000 		.4byte	.LASF2
  66 0044 03       		.uleb128 0x3
  67 0045 02       		.byte	0x2
  68 0046 05       		.byte	0x5
  69 0047 26030000 		.4byte	.LASF3
  70 004b 03       		.uleb128 0x3
  71 004c 02       		.byte	0x2
  72 004d 07       		.byte	0x7
  73 004e DA010000 		.4byte	.LASF4
  74 0052 04       		.uleb128 0x4
  75 0053 2B020000 		.4byte	.LASF6
  76 0057 01       		.byte	0x1
  77 0058 3F       		.byte	0x3f
  78 0059 5D000000 		.4byte	0x5d
  79 005d 03       		.uleb128 0x3
  80 005e 04       		.byte	0x4
  81 005f 05       		.byte	0x5
  82 0060 17010000 		.4byte	.LASF7
  83 0064 04       		.uleb128 0x4
  84 0065 12050000 		.4byte	.LASF8
  85 0069 01       		.byte	0x1
  86 006a 41       		.byte	0x41
  87 006b 6F000000 		.4byte	0x6f
  88 006f 03       		.uleb128 0x3
  89 0070 04       		.byte	0x4
  90 0071 07       		.byte	0x7
  91 0072 B0030000 		.4byte	.LASF9
  92 0076 03       		.uleb128 0x3
  93 0077 08       		.byte	0x8
  94 0078 05       		.byte	0x5
  95 0079 D2000000 		.4byte	.LASF10
  96 007d 04       		.uleb128 0x4
  97 007e C4020000 		.4byte	.LASF11
  98 0082 01       		.byte	0x1
  99 0083 5B       		.byte	0x5b
 100 0084 88000000 		.4byte	0x88
 101 0088 03       		.uleb128 0x3
 102 0089 08       		.byte	0x8
 103 008a 07       		.byte	0x7
 104 008b 6C000000 		.4byte	.LASF12
 105 008f 04       		.uleb128 0x4
 106 0090 6B050000 		.4byte	.LASF13
 107 0094 02       		.byte	0x2
 108 0095 14       		.byte	0x14
 109 0096 32000000 		.4byte	0x32
 110 009a 04       		.uleb128 0x4
 111 009b 06030000 		.4byte	.LASF14
 112 009f 02       		.byte	0x2
 113 00a0 1F       		.byte	0x1f
 114 00a1 52000000 		.4byte	0x52
ARM GAS  C:\Users\IDONNO~1\AppData\Local\Temp\ccHaxiWz.s 			page 3


 115 00a5 04       		.uleb128 0x4
 116 00a6 88030000 		.4byte	.LASF15
 117 00aa 02       		.byte	0x2
 118 00ab 20       		.byte	0x20
 119 00ac 64000000 		.4byte	0x64
 120 00b0 04       		.uleb128 0x4
 121 00b1 1A000000 		.4byte	.LASF16
 122 00b5 02       		.byte	0x2
 123 00b6 26       		.byte	0x26
 124 00b7 7D000000 		.4byte	0x7d
 125 00bb 05       		.uleb128 0x5
 126 00bc 9A000000 		.4byte	0x9a
 127 00c0 04       		.uleb128 0x4
 128 00c1 36050000 		.4byte	.LASF17
 129 00c5 03       		.byte	0x3
 130 00c6 45       		.byte	0x45
 131 00c7 A5000000 		.4byte	0xa5
 132 00cb 04       		.uleb128 0x4
 133 00cc 09020000 		.4byte	.LASF18
 134 00d0 03       		.byte	0x3
 135 00d1 48       		.byte	0x48
 136 00d2 8F000000 		.4byte	0x8f
 137 00d6 04       		.uleb128 0x4
 138 00d7 20010000 		.4byte	.LASF19
 139 00db 03       		.byte	0x3
 140 00dc 49       		.byte	0x49
 141 00dd 8F000000 		.4byte	0x8f
 142 00e1 04       		.uleb128 0x4
 143 00e2 CF020000 		.4byte	.LASF20
 144 00e6 03       		.byte	0x3
 145 00e7 4A       		.byte	0x4a
 146 00e8 8F000000 		.4byte	0x8f
 147 00ec 04       		.uleb128 0x4
 148 00ed 03010000 		.4byte	.LASF21
 149 00f1 03       		.byte	0x3
 150 00f2 4B       		.byte	0x4b
 151 00f3 8F000000 		.4byte	0x8f
 152 00f7 04       		.uleb128 0x4
 153 00f8 EE020000 		.4byte	.LASF22
 154 00fc 03       		.byte	0x3
 155 00fd 4C       		.byte	0x4c
 156 00fe A5000000 		.4byte	0xa5
 157 0102 04       		.uleb128 0x4
 158 0103 F7010000 		.4byte	.LASF23
 159 0107 03       		.byte	0x3
 160 0108 4D       		.byte	0x4d
 161 0109 9A000000 		.4byte	0x9a
 162 010d 04       		.uleb128 0x4
 163 010e 1F020000 		.4byte	.LASF24
 164 0112 03       		.byte	0x3
 165 0113 4F       		.byte	0x4f
 166 0114 A5000000 		.4byte	0xa5
 167 0118 04       		.uleb128 0x4
 168 0119 97010000 		.4byte	.LASF25
 169 011d 03       		.byte	0x3
 170 011e 51       		.byte	0x51
 171 011f 9A000000 		.4byte	0x9a
ARM GAS  C:\Users\IDONNO~1\AppData\Local\Temp\ccHaxiWz.s 			page 4


 172 0123 04       		.uleb128 0x4
 173 0124 F4040000 		.4byte	.LASF26
 174 0128 04       		.byte	0x4
 175 0129 33       		.byte	0x33
 176 012a A5000000 		.4byte	0xa5
 177 012e 04       		.uleb128 0x4
 178 012f C7030000 		.4byte	.LASF27
 179 0133 04       		.byte	0x4
 180 0134 3F       		.byte	0x3f
 181 0135 39010000 		.4byte	0x139
 182 0139 06       		.uleb128 0x6
 183 013a ED010000 		.4byte	.LASF49
 184 013e 48       		.byte	0x48
 185 013f 05       		.byte	0x5
 186 0140 C2       		.byte	0xc2
 187 0141 3E020000 		.4byte	0x23e
 188 0145 07       		.uleb128 0x7
 189 0146 50030000 		.4byte	.LASF28
 190 014a 05       		.byte	0x5
 191 014b C3       		.byte	0xc3
 192 014c 49020000 		.4byte	0x249
 193 0150 00       		.byte	0
 194 0151 07       		.uleb128 0x7
 195 0152 E7020000 		.4byte	.LASF29
 196 0156 05       		.byte	0x5
 197 0157 C5       		.byte	0xc5
 198 0158 49020000 		.4byte	0x249
 199 015c 04       		.byte	0x4
 200 015d 07       		.uleb128 0x7
 201 015e CB000000 		.4byte	.LASF30
 202 0162 05       		.byte	0x5
 203 0163 C7       		.byte	0xc7
 204 0164 F7000000 		.4byte	0xf7
 205 0168 08       		.byte	0x8
 206 0169 07       		.uleb128 0x7
 207 016a 9A050000 		.4byte	.LASF31
 208 016e 05       		.byte	0x5
 209 016f C8       		.byte	0xc8
 210 0170 79040000 		.4byte	0x479
 211 0174 0C       		.byte	0xc
 212 0175 07       		.uleb128 0x7
 213 0176 57010000 		.4byte	.LASF32
 214 017a 05       		.byte	0x5
 215 017b CA       		.byte	0xca
 216 017c 49020000 		.4byte	0x249
 217 0180 10       		.byte	0x10
 218 0181 07       		.uleb128 0x7
 219 0182 8C020000 		.4byte	.LASF33
 220 0186 05       		.byte	0x5
 221 0187 CB       		.byte	0xcb
 222 0188 49020000 		.4byte	0x249
 223 018c 14       		.byte	0x14
 224 018d 07       		.uleb128 0x7
 225 018e 7A050000 		.4byte	.LASF34
 226 0192 05       		.byte	0x5
 227 0193 D2       		.byte	0xd2
 228 0194 BE060000 		.4byte	0x6be
ARM GAS  C:\Users\IDONNO~1\AppData\Local\Temp\ccHaxiWz.s 			page 5


 229 0198 18       		.byte	0x18
 230 0199 07       		.uleb128 0x7
 231 019a 30030000 		.4byte	.LASF35
 232 019e 05       		.byte	0x5
 233 019f DD       		.byte	0xdd
 234 01a0 D6000000 		.4byte	0xd6
 235 01a4 1C       		.byte	0x1c
 236 01a5 07       		.uleb128 0x7
 237 01a6 57030000 		.4byte	.LASF36
 238 01aa 05       		.byte	0x5
 239 01ab E1       		.byte	0xe1
 240 01ac CB000000 		.4byte	0xcb
 241 01b0 1D       		.byte	0x1d
 242 01b1 07       		.uleb128 0x7
 243 01b2 5E050000 		.4byte	.LASF37
 244 01b6 05       		.byte	0x5
 245 01b7 E6       		.byte	0xe6
 246 01b8 E1000000 		.4byte	0xe1
 247 01bc 1E       		.byte	0x1e
 248 01bd 07       		.uleb128 0x7
 249 01be 38030000 		.4byte	.LASF38
 250 01c2 05       		.byte	0x5
 251 01c3 EC       		.byte	0xec
 252 01c4 EC000000 		.4byte	0xec
 253 01c8 1F       		.byte	0x1f
 254 01c9 07       		.uleb128 0x7
 255 01ca B2010000 		.4byte	.LASF39
 256 01ce 05       		.byte	0x5
 257 01cf F3       		.byte	0xf3
 258 01d0 D0060000 		.4byte	0x6d0
 259 01d4 20       		.byte	0x20
 260 01d5 08       		.uleb128 0x8
 261 01d6 705F7500 		.ascii	"p_u\000"
 262 01da 05       		.byte	0x5
 263 01db 3101     		.2byte	0x131
 264 01dd F9050000 		.4byte	0x5f9
 265 01e1 24       		.byte	0x24
 266 01e2 09       		.uleb128 0x9
 267 01e3 4F020000 		.4byte	.LASF40
 268 01e7 05       		.byte	0x5
 269 01e8 3601     		.2byte	0x136
 270 01ea 4F020000 		.4byte	0x24f
 271 01ee 28       		.byte	0x28
 272 01ef 09       		.uleb128 0x9
 273 01f0 C9010000 		.4byte	.LASF41
 274 01f4 05       		.byte	0x5
 275 01f5 3C01     		.2byte	0x13c
 276 01f7 73020000 		.4byte	0x273
 277 01fb 2C       		.byte	0x2c
 278 01fc 09       		.uleb128 0x9
 279 01fd 8C050000 		.4byte	.LASF42
 280 0201 05       		.byte	0x5
 281 0202 4001     		.2byte	0x140
 282 0204 02010000 		.4byte	0x102
 283 0208 34       		.byte	0x34
 284 0209 09       		.uleb128 0x9
 285 020a 7D030000 		.4byte	.LASF43
ARM GAS  C:\Users\IDONNO~1\AppData\Local\Temp\ccHaxiWz.s 			page 6


 286 020e 05       		.byte	0x5
 287 020f 4601     		.2byte	0x146
 288 0211 0D010000 		.4byte	0x10d
 289 0215 38       		.byte	0x38
 290 0216 09       		.uleb128 0x9
 291 0217 1C030000 		.4byte	.LASF44
 292 021b 05       		.byte	0x5
 293 021c 4D01     		.2byte	0x14d
 294 021e B8060000 		.4byte	0x6b8
 295 0222 3C       		.byte	0x3c
 296 0223 09       		.uleb128 0x9
 297 0224 FE040000 		.4byte	.LASF45
 298 0228 05       		.byte	0x5
 299 0229 5101     		.2byte	0x151
 300 022b F7000000 		.4byte	0xf7
 301 022f 40       		.byte	0x40
 302 0230 09       		.uleb128 0x9
 303 0231 EC000000 		.4byte	.LASF46
 304 0235 05       		.byte	0x5
 305 0236 5801     		.2byte	0x158
 306 0238 26030000 		.4byte	0x326
 307 023c 44       		.byte	0x44
 308 023d 00       		.byte	0
 309 023e 04       		.uleb128 0x4
 310 023f 62020000 		.4byte	.LASF47
 311 0243 04       		.byte	0x4
 312 0244 44       		.byte	0x44
 313 0245 49020000 		.4byte	0x249
 314 0249 0A       		.uleb128 0xa
 315 024a 04       		.byte	0x4
 316 024b 2E010000 		.4byte	0x12e
 317 024f 04       		.uleb128 0x4
 318 0250 40020000 		.4byte	.LASF48
 319 0254 04       		.byte	0x4
 320 0255 49       		.byte	0x49
 321 0256 5A020000 		.4byte	0x25a
 322 025a 06       		.uleb128 0x6
 323 025b A0030000 		.4byte	.LASF50
 324 025f 04       		.byte	0x4
 325 0260 05       		.byte	0x5
 326 0261 B0       		.byte	0xb0
 327 0262 73020000 		.4byte	0x273
 328 0266 07       		.uleb128 0x7
 329 0267 50030000 		.4byte	.LASF28
 330 026b 05       		.byte	0x5
 331 026c B1       		.byte	0xb1
 332 026d 49020000 		.4byte	0x249
 333 0271 00       		.byte	0
 334 0272 00       		.byte	0
 335 0273 04       		.uleb128 0x4
 336 0274 45050000 		.4byte	.LASF51
 337 0278 04       		.byte	0x4
 338 0279 50       		.byte	0x50
 339 027a 7E020000 		.4byte	0x27e
 340 027e 06       		.uleb128 0x6
 341 027f BA000000 		.4byte	.LASF52
 342 0283 08       		.byte	0x8
ARM GAS  C:\Users\IDONNO~1\AppData\Local\Temp\ccHaxiWz.s 			page 7


 343 0284 05       		.byte	0x5
 344 0285 B7       		.byte	0xb7
 345 0286 A3020000 		.4byte	0x2a3
 346 028a 07       		.uleb128 0x7
 347 028b 50030000 		.4byte	.LASF28
 348 028f 05       		.byte	0x5
 349 0290 B8       		.byte	0xb8
 350 0291 49020000 		.4byte	0x249
 351 0295 00       		.byte	0
 352 0296 07       		.uleb128 0x7
 353 0297 E7020000 		.4byte	.LASF29
 354 029b 05       		.byte	0x5
 355 029c B9       		.byte	0xb9
 356 029d 49020000 		.4byte	0x249
 357 02a1 04       		.byte	0x4
 358 02a2 00       		.byte	0
 359 02a3 04       		.uleb128 0x4
 360 02a4 00000000 		.4byte	.LASF53
 361 02a8 04       		.byte	0x4
 362 02a9 57       		.byte	0x57
 363 02aa AE020000 		.4byte	0x2ae
 364 02ae 0B       		.uleb128 0xb
 365 02af 11020000 		.4byte	.LASF54
 366 02b3 1C       		.byte	0x1c
 367 02b4 05       		.byte	0x5
 368 02b5 9001     		.2byte	0x190
 369 02b7 0A030000 		.4byte	0x30a
 370 02bb 09       		.uleb128 0x9
 371 02bc 98030000 		.4byte	.LASF55
 372 02c0 05       		.byte	0x5
 373 02c1 9101     		.2byte	0x191
 374 02c3 73020000 		.4byte	0x273
 375 02c7 00       		.byte	0
 376 02c8 09       		.uleb128 0x9
 377 02c9 42030000 		.4byte	.LASF56
 378 02cd 05       		.byte	0x5
 379 02ce 9201     		.2byte	0x192
 380 02d0 F7000000 		.4byte	0xf7
 381 02d4 08       		.byte	0x8
 382 02d5 09       		.uleb128 0x9
 383 02d6 94020000 		.4byte	.LASF57
 384 02da 05       		.byte	0x5
 385 02db 9401     		.2byte	0x194
 386 02dd 79040000 		.4byte	0x479
 387 02e1 0C       		.byte	0xc
 388 02e2 09       		.uleb128 0x9
 389 02e3 67010000 		.4byte	.LASF58
 390 02e7 05       		.byte	0x5
 391 02e8 9701     		.2byte	0x197
 392 02ea 49020000 		.4byte	0x249
 393 02ee 10       		.byte	0x10
 394 02ef 09       		.uleb128 0x9
 395 02f0 BC020000 		.4byte	.LASF59
 396 02f4 05       		.byte	0x5
 397 02f5 9801     		.2byte	0x198
 398 02f7 49020000 		.4byte	0x249
 399 02fb 14       		.byte	0x14
ARM GAS  C:\Users\IDONNO~1\AppData\Local\Temp\ccHaxiWz.s 			page 8


 400 02fc 09       		.uleb128 0x9
 401 02fd B2020000 		.4byte	.LASF60
 402 0301 05       		.byte	0x5
 403 0302 9B01     		.2byte	0x19b
 404 0304 49020000 		.4byte	0x249
 405 0308 18       		.byte	0x18
 406 0309 00       		.byte	0
 407 030a 04       		.uleb128 0x4
 408 030b 09050000 		.4byte	.LASF61
 409 030f 04       		.byte	0x4
 410 0310 5C       		.byte	0x5c
 411 0311 15030000 		.4byte	0x315
 412 0315 0A       		.uleb128 0xa
 413 0316 04       		.byte	0x4
 414 0317 1B030000 		.4byte	0x31b
 415 031b 0C       		.uleb128 0xc
 416 031c 26030000 		.4byte	0x326
 417 0320 0D       		.uleb128 0xd
 418 0321 26030000 		.4byte	0x326
 419 0325 00       		.byte	0
 420 0326 0E       		.uleb128 0xe
 421 0327 04       		.byte	0x4
 422 0328 04       		.uleb128 0x4
 423 0329 D7020000 		.4byte	.LASF62
 424 032d 04       		.byte	0x4
 425 032e 61       		.byte	0x61
 426 032f 33030000 		.4byte	0x333
 427 0333 0B       		.uleb128 0xb
 428 0334 5F030000 		.4byte	.LASF63
 429 0338 14       		.byte	0x14
 430 0339 05       		.byte	0x5
 431 033a 6B01     		.2byte	0x16b
 432 033c 82030000 		.4byte	0x382
 433 0340 09       		.uleb128 0x9
 434 0341 AA010000 		.4byte	.LASF64
 435 0345 05       		.byte	0x5
 436 0346 6C01     		.2byte	0x16c
 437 0348 D5060000 		.4byte	0x6d5
 438 034c 00       		.byte	0
 439 034d 09       		.uleb128 0x9
 440 034e 78010000 		.4byte	.LASF65
 441 0352 05       		.byte	0x5
 442 0353 6D01     		.2byte	0x16d
 443 0355 D5060000 		.4byte	0x6d5
 444 0359 04       		.byte	0x4
 445 035a 09       		.uleb128 0x9
 446 035b C0010000 		.4byte	.LASF66
 447 035f 05       		.byte	0x5
 448 0360 6E01     		.2byte	0x16e
 449 0362 23010000 		.4byte	0x123
 450 0366 08       		.byte	0x8
 451 0367 09       		.uleb128 0x9
 452 0368 A0050000 		.4byte	.LASF67
 453 036c 05       		.byte	0x5
 454 036d 6F01     		.2byte	0x16f
 455 036f 0A030000 		.4byte	0x30a
 456 0373 0C       		.byte	0xc
ARM GAS  C:\Users\IDONNO~1\AppData\Local\Temp\ccHaxiWz.s 			page 9


 457 0374 09       		.uleb128 0x9
 458 0375 3E050000 		.4byte	.LASF68
 459 0379 05       		.byte	0x5
 460 037a 7101     		.2byte	0x171
 461 037c 26030000 		.4byte	0x326
 462 0380 10       		.byte	0x10
 463 0381 00       		.byte	0
 464 0382 04       		.uleb128 0x4
 465 0383 97000000 		.4byte	.LASF69
 466 0387 04       		.byte	0x4
 467 0388 66       		.byte	0x66
 468 0389 8D030000 		.4byte	0x38d
 469 038d 0B       		.uleb128 0xb
 470 038e 75020000 		.4byte	.LASF70
 471 0392 10       		.byte	0x10
 472 0393 05       		.byte	0x5
 473 0394 7B01     		.2byte	0x17b
 474 0396 CF030000 		.4byte	0x3cf
 475 039a 09       		.uleb128 0x9
 476 039b AA010000 		.4byte	.LASF64
 477 039f 05       		.byte	0x5
 478 03a0 7C01     		.2byte	0x17c
 479 03a2 D5060000 		.4byte	0x6d5
 480 03a6 00       		.byte	0
 481 03a7 09       		.uleb128 0x9
 482 03a8 78010000 		.4byte	.LASF65
 483 03ac 05       		.byte	0x5
 484 03ad 7E01     		.2byte	0x17e
 485 03af D5060000 		.4byte	0x6d5
 486 03b3 04       		.byte	0x4
 487 03b4 09       		.uleb128 0x9
 488 03b5 C0010000 		.4byte	.LASF66
 489 03b9 05       		.byte	0x5
 490 03ba 8001     		.2byte	0x180
 491 03bc 23010000 		.4byte	0x123
 492 03c0 08       		.byte	0x8
 493 03c1 09       		.uleb128 0x9
 494 03c2 81050000 		.4byte	.LASF71
 495 03c6 05       		.byte	0x5
 496 03c7 8201     		.2byte	0x182
 497 03c9 D0060000 		.4byte	0x6d0
 498 03cd 0C       		.byte	0xc
 499 03ce 00       		.byte	0
 500 03cf 04       		.uleb128 0x4
 501 03d0 39000000 		.4byte	.LASF72
 502 03d4 04       		.byte	0x4
 503 03d5 6B       		.byte	0x6b
 504 03d6 DA030000 		.4byte	0x3da
 505 03da 0B       		.uleb128 0xb
 506 03db F6020000 		.4byte	.LASF73
 507 03df 04       		.byte	0x4
 508 03e0 05       		.byte	0x5
 509 03e1 A201     		.2byte	0x1a2
 510 03e3 F5030000 		.4byte	0x3f5
 511 03e7 09       		.uleb128 0x9
 512 03e8 1D050000 		.4byte	.LASF74
 513 03ec 05       		.byte	0x5
ARM GAS  C:\Users\IDONNO~1\AppData\Local\Temp\ccHaxiWz.s 			page 10


 514 03ed AA01     		.2byte	0x1aa
 515 03ef DB060000 		.4byte	0x6db
 516 03f3 00       		.byte	0
 517 03f4 00       		.byte	0
 518 03f5 04       		.uleb128 0x4
 519 03f6 FD010000 		.4byte	.LASF75
 520 03fa 04       		.byte	0x4
 521 03fb 70       		.byte	0x70
 522 03fc 00040000 		.4byte	0x400
 523 0400 0F       		.uleb128 0xf
 524 0401 0D010000 		.4byte	.LASF76
 525 0405 5802     		.2byte	0x258
 526 0407 05       		.byte	0x5
 527 0408 C201     		.2byte	0x1c2
 528 040a 5C040000 		.4byte	0x45c
 529 040e 09       		.uleb128 0x9
 530 040f 65050000 		.4byte	.LASF77
 531 0413 05       		.byte	0x5
 532 0414 C601     		.2byte	0x1c6
 533 0416 A3020000 		.4byte	0x2a3
 534 041a 00       		.byte	0
 535 041b 09       		.uleb128 0x9
 536 041c FC000000 		.4byte	.LASF78
 537 0420 05       		.byte	0x5
 538 0421 CA01     		.2byte	0x1ca
 539 0423 82030000 		.4byte	0x382
 540 0427 1C       		.byte	0x1c
 541 0428 08       		.uleb128 0x8
 542 0429 64626700 		.ascii	"dbg\000"
 543 042d 05       		.byte	0x5
 544 042e CE01     		.2byte	0x1ce
 545 0430 CF030000 		.4byte	0x3cf
 546 0434 2C       		.byte	0x2c
 547 0435 09       		.uleb128 0x9
 548 0436 8C000000 		.4byte	.LASF79
 549 043a 05       		.byte	0x5
 550 043b D201     		.2byte	0x1d2
 551 043d 2E010000 		.4byte	0x12e
 552 0441 30       		.byte	0x30
 553 0442 08       		.uleb128 0x8
 554 0443 746D00   		.ascii	"tm\000"
 555 0446 05       		.byte	0x5
 556 0447 D701     		.2byte	0x1d7
 557 0449 EE050000 		.4byte	0x5ee
 558 044d 78       		.byte	0x78
 559 044e 09       		.uleb128 0x9
 560 044f 88010000 		.4byte	.LASF80
 561 0453 05       		.byte	0x5
 562 0454 E301     		.2byte	0x1e3
 563 0456 E0060000 		.4byte	0x6e0
 564 045a 80       		.byte	0x80
 565 045b 00       		.byte	0
 566 045c 03       		.uleb128 0x3
 567 045d 04       		.byte	0x4
 568 045e 07       		.byte	0x7
 569 045f 59020000 		.4byte	.LASF81
 570 0463 04       		.uleb128 0x4
ARM GAS  C:\Users\IDONNO~1\AppData\Local\Temp\ccHaxiWz.s 			page 11


 571 0464 6F010000 		.4byte	.LASF82
 572 0468 06       		.byte	0x6
 573 0469 65       		.byte	0x65
 574 046a 26030000 		.4byte	0x326
 575 046e 04       		.uleb128 0x4
 576 046f 35020000 		.4byte	.LASF83
 577 0473 06       		.byte	0x6
 578 0474 6D       		.byte	0x6d
 579 0475 B0000000 		.4byte	0xb0
 580 0479 06       		.uleb128 0x6
 581 047a 2E050000 		.4byte	.LASF84
 582 047e 04       		.byte	0x4
 583 047f 06       		.byte	0x6
 584 0480 89       		.byte	0x89
 585 0481 92040000 		.4byte	0x492
 586 0485 10       		.uleb128 0x10
 587 0486 72313300 		.ascii	"r13\000"
 588 048a 06       		.byte	0x6
 589 048b 8A       		.byte	0x8a
 590 048c D3050000 		.4byte	0x5d3
 591 0490 00       		.byte	0
 592 0491 00       		.byte	0
 593 0492 06       		.uleb128 0x6
 594 0493 2D000000 		.4byte	.LASF85
 595 0497 64       		.byte	0x64
 596 0498 07       		.byte	0x7
 597 0499 F4       		.byte	0xf4
 598 049a D3050000 		.4byte	0x5d3
 599 049e 10       		.uleb128 0x10
 600 049f 73313600 		.ascii	"s16\000"
 601 04a3 07       		.byte	0x7
 602 04a4 F6       		.byte	0xf6
 603 04a5 63040000 		.4byte	0x463
 604 04a9 00       		.byte	0
 605 04aa 10       		.uleb128 0x10
 606 04ab 73313700 		.ascii	"s17\000"
 607 04af 07       		.byte	0x7
 608 04b0 F7       		.byte	0xf7
 609 04b1 63040000 		.4byte	0x463
 610 04b5 04       		.byte	0x4
 611 04b6 10       		.uleb128 0x10
 612 04b7 73313800 		.ascii	"s18\000"
 613 04bb 07       		.byte	0x7
 614 04bc F8       		.byte	0xf8
 615 04bd 63040000 		.4byte	0x463
 616 04c1 08       		.byte	0x8
 617 04c2 10       		.uleb128 0x10
 618 04c3 73313900 		.ascii	"s19\000"
 619 04c7 07       		.byte	0x7
 620 04c8 F9       		.byte	0xf9
 621 04c9 63040000 		.4byte	0x463
 622 04cd 0C       		.byte	0xc
 623 04ce 10       		.uleb128 0x10
 624 04cf 73323000 		.ascii	"s20\000"
 625 04d3 07       		.byte	0x7
 626 04d4 FA       		.byte	0xfa
 627 04d5 63040000 		.4byte	0x463
ARM GAS  C:\Users\IDONNO~1\AppData\Local\Temp\ccHaxiWz.s 			page 12


 628 04d9 10       		.byte	0x10
 629 04da 10       		.uleb128 0x10
 630 04db 73323100 		.ascii	"s21\000"
 631 04df 07       		.byte	0x7
 632 04e0 FB       		.byte	0xfb
 633 04e1 63040000 		.4byte	0x463
 634 04e5 14       		.byte	0x14
 635 04e6 10       		.uleb128 0x10
 636 04e7 73323200 		.ascii	"s22\000"
 637 04eb 07       		.byte	0x7
 638 04ec FC       		.byte	0xfc
 639 04ed 63040000 		.4byte	0x463
 640 04f1 18       		.byte	0x18
 641 04f2 10       		.uleb128 0x10
 642 04f3 73323300 		.ascii	"s23\000"
 643 04f7 07       		.byte	0x7
 644 04f8 FD       		.byte	0xfd
 645 04f9 63040000 		.4byte	0x463
 646 04fd 1C       		.byte	0x1c
 647 04fe 10       		.uleb128 0x10
 648 04ff 73323400 		.ascii	"s24\000"
 649 0503 07       		.byte	0x7
 650 0504 FE       		.byte	0xfe
 651 0505 63040000 		.4byte	0x463
 652 0509 20       		.byte	0x20
 653 050a 10       		.uleb128 0x10
 654 050b 73323500 		.ascii	"s25\000"
 655 050f 07       		.byte	0x7
 656 0510 FF       		.byte	0xff
 657 0511 63040000 		.4byte	0x463
 658 0515 24       		.byte	0x24
 659 0516 08       		.uleb128 0x8
 660 0517 73323600 		.ascii	"s26\000"
 661 051b 07       		.byte	0x7
 662 051c 0001     		.2byte	0x100
 663 051e 63040000 		.4byte	0x463
 664 0522 28       		.byte	0x28
 665 0523 08       		.uleb128 0x8
 666 0524 73323700 		.ascii	"s27\000"
 667 0528 07       		.byte	0x7
 668 0529 0101     		.2byte	0x101
 669 052b 63040000 		.4byte	0x463
 670 052f 2C       		.byte	0x2c
 671 0530 08       		.uleb128 0x8
 672 0531 73323800 		.ascii	"s28\000"
 673 0535 07       		.byte	0x7
 674 0536 0201     		.2byte	0x102
 675 0538 63040000 		.4byte	0x463
 676 053c 30       		.byte	0x30
 677 053d 08       		.uleb128 0x8
 678 053e 73323900 		.ascii	"s29\000"
 679 0542 07       		.byte	0x7
 680 0543 0301     		.2byte	0x103
 681 0545 63040000 		.4byte	0x463
 682 0549 34       		.byte	0x34
 683 054a 08       		.uleb128 0x8
 684 054b 73333000 		.ascii	"s30\000"
ARM GAS  C:\Users\IDONNO~1\AppData\Local\Temp\ccHaxiWz.s 			page 13


 685 054f 07       		.byte	0x7
 686 0550 0401     		.2byte	0x104
 687 0552 63040000 		.4byte	0x463
 688 0556 38       		.byte	0x38
 689 0557 08       		.uleb128 0x8
 690 0558 73333100 		.ascii	"s31\000"
 691 055c 07       		.byte	0x7
 692 055d 0501     		.2byte	0x105
 693 055f 63040000 		.4byte	0x463
 694 0563 3C       		.byte	0x3c
 695 0564 08       		.uleb128 0x8
 696 0565 723400   		.ascii	"r4\000"
 697 0568 07       		.byte	0x7
 698 0569 0701     		.2byte	0x107
 699 056b 63040000 		.4byte	0x463
 700 056f 40       		.byte	0x40
 701 0570 08       		.uleb128 0x8
 702 0571 723500   		.ascii	"r5\000"
 703 0574 07       		.byte	0x7
 704 0575 0801     		.2byte	0x108
 705 0577 63040000 		.4byte	0x463
 706 057b 44       		.byte	0x44
 707 057c 08       		.uleb128 0x8
 708 057d 723600   		.ascii	"r6\000"
 709 0580 07       		.byte	0x7
 710 0581 0901     		.2byte	0x109
 711 0583 63040000 		.4byte	0x463
 712 0587 48       		.byte	0x48
 713 0588 08       		.uleb128 0x8
 714 0589 723700   		.ascii	"r7\000"
 715 058c 07       		.byte	0x7
 716 058d 0A01     		.2byte	0x10a
 717 058f 63040000 		.4byte	0x463
 718 0593 4C       		.byte	0x4c
 719 0594 08       		.uleb128 0x8
 720 0595 723800   		.ascii	"r8\000"
 721 0598 07       		.byte	0x7
 722 0599 0B01     		.2byte	0x10b
 723 059b 63040000 		.4byte	0x463
 724 059f 50       		.byte	0x50
 725 05a0 08       		.uleb128 0x8
 726 05a1 723900   		.ascii	"r9\000"
 727 05a4 07       		.byte	0x7
 728 05a5 0C01     		.2byte	0x10c
 729 05a7 63040000 		.4byte	0x463
 730 05ab 54       		.byte	0x54
 731 05ac 08       		.uleb128 0x8
 732 05ad 72313000 		.ascii	"r10\000"
 733 05b1 07       		.byte	0x7
 734 05b2 0D01     		.2byte	0x10d
 735 05b4 63040000 		.4byte	0x463
 736 05b8 58       		.byte	0x58
 737 05b9 08       		.uleb128 0x8
 738 05ba 72313100 		.ascii	"r11\000"
 739 05be 07       		.byte	0x7
 740 05bf 0E01     		.2byte	0x10e
 741 05c1 63040000 		.4byte	0x463
ARM GAS  C:\Users\IDONNO~1\AppData\Local\Temp\ccHaxiWz.s 			page 14


 742 05c5 5C       		.byte	0x5c
 743 05c6 08       		.uleb128 0x8
 744 05c7 6C7200   		.ascii	"lr\000"
 745 05ca 07       		.byte	0x7
 746 05cb 0F01     		.2byte	0x10f
 747 05cd 63040000 		.4byte	0x463
 748 05d1 60       		.byte	0x60
 749 05d2 00       		.byte	0
 750 05d3 0A       		.uleb128 0xa
 751 05d4 04       		.byte	0x4
 752 05d5 92040000 		.4byte	0x492
 753 05d9 11       		.uleb128 0x11
 754 05da 04       		.byte	0x4
 755 05db 08       		.byte	0x8
 756 05dc 38       		.byte	0x38
 757 05dd EE050000 		.4byte	0x5ee
 758 05e1 07       		.uleb128 0x7
 759 05e2 27050000 		.4byte	.LASF86
 760 05e6 08       		.byte	0x8
 761 05e7 3C       		.byte	0x3c
 762 05e8 C0000000 		.4byte	0xc0
 763 05ec 00       		.byte	0
 764 05ed 00       		.byte	0
 765 05ee 04       		.uleb128 0x4
 766 05ef 9A020000 		.4byte	.LASF87
 767 05f3 08       		.byte	0x8
 768 05f4 3D       		.byte	0x3d
 769 05f5 D9050000 		.4byte	0x5d9
 770 05f9 12       		.uleb128 0x12
 771 05fa 04       		.byte	0x4
 772 05fb 05       		.byte	0x5
 773 05fc FA       		.byte	0xfa
 774 05fd 56060000 		.4byte	0x656
 775 0601 13       		.uleb128 0x13
 776 0602 13000000 		.4byte	.LASF88
 777 0606 05       		.byte	0x5
 778 0607 0101     		.2byte	0x101
 779 0609 02010000 		.4byte	0x102
 780 060d 13       		.uleb128 0x13
 781 060e 83000000 		.4byte	.LASF89
 782 0612 05       		.byte	0x5
 783 0613 0801     		.2byte	0x108
 784 0615 02010000 		.4byte	0x102
 785 0619 13       		.uleb128 0x13
 786 061a 73050000 		.4byte	.LASF90
 787 061e 05       		.byte	0x5
 788 061f 0F01     		.2byte	0x10f
 789 0621 26030000 		.4byte	0x326
 790 0625 13       		.uleb128 0x13
 791 0626 0D000000 		.4byte	.LASF91
 792 062a 05       		.byte	0x5
 793 062b 1601     		.2byte	0x116
 794 062d 56060000 		.4byte	0x656
 795 0631 13       		.uleb128 0x13
 796 0632 B9010000 		.4byte	.LASF92
 797 0636 05       		.byte	0x5
 798 0637 1E01     		.2byte	0x11e
ARM GAS  C:\Users\IDONNO~1\AppData\Local\Temp\ccHaxiWz.s 			page 15


 799 0639 81060000 		.4byte	0x681
 800 063d 13       		.uleb128 0x13
 801 063e 91030000 		.4byte	.LASF93
 802 0642 05       		.byte	0x5
 803 0643 2701     		.2byte	0x127
 804 0645 B8060000 		.4byte	0x6b8
 805 0649 13       		.uleb128 0x13
 806 064a 49030000 		.4byte	.LASF94
 807 064e 05       		.byte	0x5
 808 064f 2F01     		.2byte	0x12f
 809 0651 0D010000 		.4byte	0x10d
 810 0655 00       		.byte	0
 811 0656 0A       		.uleb128 0xa
 812 0657 04       		.byte	0x4
 813 0658 3E020000 		.4byte	0x23e
 814 065c 06       		.uleb128 0x6
 815 065d 70030000 		.4byte	.LASF95
 816 0661 0C       		.byte	0xc
 817 0662 09       		.byte	0x9
 818 0663 34       		.byte	0x34
 819 0664 81060000 		.4byte	0x681
 820 0668 07       		.uleb128 0x7
 821 0669 5F010000 		.4byte	.LASF96
 822 066d 09       		.byte	0x9
 823 066e 35       		.byte	0x35
 824 066f 73020000 		.4byte	0x273
 825 0673 00       		.byte	0
 826 0674 07       		.uleb128 0x7
 827 0675 D4010000 		.4byte	.LASF97
 828 0679 09       		.byte	0x9
 829 067a 37       		.byte	0x37
 830 067b 18010000 		.4byte	0x118
 831 067f 08       		.byte	0x8
 832 0680 00       		.byte	0
 833 0681 0A       		.uleb128 0xa
 834 0682 04       		.byte	0x4
 835 0683 5C060000 		.4byte	0x65c
 836 0687 06       		.uleb128 0x6
 837 0688 55050000 		.4byte	.LASF98
 838 068c 10       		.byte	0x10
 839 068d 0A       		.byte	0xa
 840 068e 39       		.byte	0x39
 841 068f B8060000 		.4byte	0x6b8
 842 0693 07       		.uleb128 0x7
 843 0694 F4000000 		.4byte	.LASF99
 844 0698 0A       		.byte	0xa
 845 0699 3A       		.byte	0x3a
 846 069a 73020000 		.4byte	0x273
 847 069e 00       		.byte	0
 848 069f 07       		.uleb128 0x7
 849 06a0 92050000 		.4byte	.LASF100
 850 06a4 0A       		.byte	0xa
 851 06a5 3C       		.byte	0x3c
 852 06a6 49020000 		.4byte	0x249
 853 06aa 08       		.byte	0x8
 854 06ab 07       		.uleb128 0x7
 855 06ac AB020000 		.4byte	.LASF101
ARM GAS  C:\Users\IDONNO~1\AppData\Local\Temp\ccHaxiWz.s 			page 16


 856 06b0 0A       		.byte	0xa
 857 06b1 3E       		.byte	0x3e
 858 06b2 FB060000 		.4byte	0x6fb
 859 06b6 0C       		.byte	0xc
 860 06b7 00       		.byte	0
 861 06b8 0A       		.uleb128 0xa
 862 06b9 04       		.byte	0x4
 863 06ba 87060000 		.4byte	0x687
 864 06be 0A       		.uleb128 0xa
 865 06bf 04       		.byte	0x4
 866 06c0 CB060000 		.4byte	0x6cb
 867 06c4 03       		.uleb128 0x3
 868 06c5 01       		.byte	0x1
 869 06c6 08       		.byte	0x8
 870 06c7 C2030000 		.4byte	.LASF102
 871 06cb 14       		.uleb128 0x14
 872 06cc C4060000 		.4byte	0x6c4
 873 06d0 05       		.uleb128 0x5
 874 06d1 23010000 		.4byte	0x123
 875 06d5 0A       		.uleb128 0xa
 876 06d6 04       		.byte	0x4
 877 06d7 28030000 		.4byte	0x328
 878 06db 05       		.uleb128 0x5
 879 06dc BE060000 		.4byte	0x6be
 880 06e0 15       		.uleb128 0x15
 881 06e1 6E040000 		.4byte	0x46e
 882 06e5 F0060000 		.4byte	0x6f0
 883 06e9 16       		.uleb128 0x16
 884 06ea 5C040000 		.4byte	0x45c
 885 06ee 3A       		.byte	0x3a
 886 06ef 00       		.byte	0
 887 06f0 04       		.uleb128 0x4
 888 06f1 80010000 		.4byte	.LASF103
 889 06f5 0A       		.byte	0xa
 890 06f6 34       		.byte	0x34
 891 06f7 87060000 		.4byte	0x687
 892 06fb 0A       		.uleb128 0xa
 893 06fc 04       		.byte	0x4
 894 06fd F0060000 		.4byte	0x6f0
 895 0701 17       		.uleb128 0x17
 896 0702 AD000000 		.4byte	.LASF104
 897 0706 0B       		.byte	0xb
 898 0707 A706     		.2byte	0x6a7
 899 0709 BB000000 		.4byte	0xbb
 900 070d 18       		.uleb128 0x18
 901 070e 636800   		.ascii	"ch\000"
 902 0711 05       		.byte	0x5
 903 0712 0902     		.2byte	0x209
 904 0714 F5030000 		.4byte	0x3f5
 905 0718 00       		.byte	0
 906              		.section	.debug_abbrev,"",%progbits
 907              	.Ldebug_abbrev0:
 908 0000 01       		.uleb128 0x1
 909 0001 11       		.uleb128 0x11
 910 0002 01       		.byte	0x1
 911 0003 25       		.uleb128 0x25
 912 0004 0E       		.uleb128 0xe
ARM GAS  C:\Users\IDONNO~1\AppData\Local\Temp\ccHaxiWz.s 			page 17


 913 0005 13       		.uleb128 0x13
 914 0006 0B       		.uleb128 0xb
 915 0007 03       		.uleb128 0x3
 916 0008 0E       		.uleb128 0xe
 917 0009 1B       		.uleb128 0x1b
 918 000a 0E       		.uleb128 0xe
 919 000b 10       		.uleb128 0x10
 920 000c 17       		.uleb128 0x17
 921 000d 00       		.byte	0
 922 000e 00       		.byte	0
 923 000f 02       		.uleb128 0x2
 924 0010 24       		.uleb128 0x24
 925 0011 00       		.byte	0
 926 0012 0B       		.uleb128 0xb
 927 0013 0B       		.uleb128 0xb
 928 0014 3E       		.uleb128 0x3e
 929 0015 0B       		.uleb128 0xb
 930 0016 03       		.uleb128 0x3
 931 0017 08       		.uleb128 0x8
 932 0018 00       		.byte	0
 933 0019 00       		.byte	0
 934 001a 03       		.uleb128 0x3
 935 001b 24       		.uleb128 0x24
 936 001c 00       		.byte	0
 937 001d 0B       		.uleb128 0xb
 938 001e 0B       		.uleb128 0xb
 939 001f 3E       		.uleb128 0x3e
 940 0020 0B       		.uleb128 0xb
 941 0021 03       		.uleb128 0x3
 942 0022 0E       		.uleb128 0xe
 943 0023 00       		.byte	0
 944 0024 00       		.byte	0
 945 0025 04       		.uleb128 0x4
 946 0026 16       		.uleb128 0x16
 947 0027 00       		.byte	0
 948 0028 03       		.uleb128 0x3
 949 0029 0E       		.uleb128 0xe
 950 002a 3A       		.uleb128 0x3a
 951 002b 0B       		.uleb128 0xb
 952 002c 3B       		.uleb128 0x3b
 953 002d 0B       		.uleb128 0xb
 954 002e 49       		.uleb128 0x49
 955 002f 13       		.uleb128 0x13
 956 0030 00       		.byte	0
 957 0031 00       		.byte	0
 958 0032 05       		.uleb128 0x5
 959 0033 35       		.uleb128 0x35
 960 0034 00       		.byte	0
 961 0035 49       		.uleb128 0x49
 962 0036 13       		.uleb128 0x13
 963 0037 00       		.byte	0
 964 0038 00       		.byte	0
 965 0039 06       		.uleb128 0x6
 966 003a 13       		.uleb128 0x13
 967 003b 01       		.byte	0x1
 968 003c 03       		.uleb128 0x3
 969 003d 0E       		.uleb128 0xe
ARM GAS  C:\Users\IDONNO~1\AppData\Local\Temp\ccHaxiWz.s 			page 18


 970 003e 0B       		.uleb128 0xb
 971 003f 0B       		.uleb128 0xb
 972 0040 3A       		.uleb128 0x3a
 973 0041 0B       		.uleb128 0xb
 974 0042 3B       		.uleb128 0x3b
 975 0043 0B       		.uleb128 0xb
 976 0044 01       		.uleb128 0x1
 977 0045 13       		.uleb128 0x13
 978 0046 00       		.byte	0
 979 0047 00       		.byte	0
 980 0048 07       		.uleb128 0x7
 981 0049 0D       		.uleb128 0xd
 982 004a 00       		.byte	0
 983 004b 03       		.uleb128 0x3
 984 004c 0E       		.uleb128 0xe
 985 004d 3A       		.uleb128 0x3a
 986 004e 0B       		.uleb128 0xb
 987 004f 3B       		.uleb128 0x3b
 988 0050 0B       		.uleb128 0xb
 989 0051 49       		.uleb128 0x49
 990 0052 13       		.uleb128 0x13
 991 0053 38       		.uleb128 0x38
 992 0054 0B       		.uleb128 0xb
 993 0055 00       		.byte	0
 994 0056 00       		.byte	0
 995 0057 08       		.uleb128 0x8
 996 0058 0D       		.uleb128 0xd
 997 0059 00       		.byte	0
 998 005a 03       		.uleb128 0x3
 999 005b 08       		.uleb128 0x8
 1000 005c 3A       		.uleb128 0x3a
 1001 005d 0B       		.uleb128 0xb
 1002 005e 3B       		.uleb128 0x3b
 1003 005f 05       		.uleb128 0x5
 1004 0060 49       		.uleb128 0x49
 1005 0061 13       		.uleb128 0x13
 1006 0062 38       		.uleb128 0x38
 1007 0063 0B       		.uleb128 0xb
 1008 0064 00       		.byte	0
 1009 0065 00       		.byte	0
 1010 0066 09       		.uleb128 0x9
 1011 0067 0D       		.uleb128 0xd
 1012 0068 00       		.byte	0
 1013 0069 03       		.uleb128 0x3
 1014 006a 0E       		.uleb128 0xe
 1015 006b 3A       		.uleb128 0x3a
 1016 006c 0B       		.uleb128 0xb
 1017 006d 3B       		.uleb128 0x3b
 1018 006e 05       		.uleb128 0x5
 1019 006f 49       		.uleb128 0x49
 1020 0070 13       		.uleb128 0x13
 1021 0071 38       		.uleb128 0x38
 1022 0072 0B       		.uleb128 0xb
 1023 0073 00       		.byte	0
 1024 0074 00       		.byte	0
 1025 0075 0A       		.uleb128 0xa
 1026 0076 0F       		.uleb128 0xf
ARM GAS  C:\Users\IDONNO~1\AppData\Local\Temp\ccHaxiWz.s 			page 19


 1027 0077 00       		.byte	0
 1028 0078 0B       		.uleb128 0xb
 1029 0079 0B       		.uleb128 0xb
 1030 007a 49       		.uleb128 0x49
 1031 007b 13       		.uleb128 0x13
 1032 007c 00       		.byte	0
 1033 007d 00       		.byte	0
 1034 007e 0B       		.uleb128 0xb
 1035 007f 13       		.uleb128 0x13
 1036 0080 01       		.byte	0x1
 1037 0081 03       		.uleb128 0x3
 1038 0082 0E       		.uleb128 0xe
 1039 0083 0B       		.uleb128 0xb
 1040 0084 0B       		.uleb128 0xb
 1041 0085 3A       		.uleb128 0x3a
 1042 0086 0B       		.uleb128 0xb
 1043 0087 3B       		.uleb128 0x3b
 1044 0088 05       		.uleb128 0x5
 1045 0089 01       		.uleb128 0x1
 1046 008a 13       		.uleb128 0x13
 1047 008b 00       		.byte	0
 1048 008c 00       		.byte	0
 1049 008d 0C       		.uleb128 0xc
 1050 008e 15       		.uleb128 0x15
 1051 008f 01       		.byte	0x1
 1052 0090 27       		.uleb128 0x27
 1053 0091 19       		.uleb128 0x19
 1054 0092 01       		.uleb128 0x1
 1055 0093 13       		.uleb128 0x13
 1056 0094 00       		.byte	0
 1057 0095 00       		.byte	0
 1058 0096 0D       		.uleb128 0xd
 1059 0097 05       		.uleb128 0x5
 1060 0098 00       		.byte	0
 1061 0099 49       		.uleb128 0x49
 1062 009a 13       		.uleb128 0x13
 1063 009b 00       		.byte	0
 1064 009c 00       		.byte	0
 1065 009d 0E       		.uleb128 0xe
 1066 009e 0F       		.uleb128 0xf
 1067 009f 00       		.byte	0
 1068 00a0 0B       		.uleb128 0xb
 1069 00a1 0B       		.uleb128 0xb
 1070 00a2 00       		.byte	0
 1071 00a3 00       		.byte	0
 1072 00a4 0F       		.uleb128 0xf
 1073 00a5 13       		.uleb128 0x13
 1074 00a6 01       		.byte	0x1
 1075 00a7 03       		.uleb128 0x3
 1076 00a8 0E       		.uleb128 0xe
 1077 00a9 0B       		.uleb128 0xb
 1078 00aa 05       		.uleb128 0x5
 1079 00ab 3A       		.uleb128 0x3a
 1080 00ac 0B       		.uleb128 0xb
 1081 00ad 3B       		.uleb128 0x3b
 1082 00ae 05       		.uleb128 0x5
 1083 00af 01       		.uleb128 0x1
ARM GAS  C:\Users\IDONNO~1\AppData\Local\Temp\ccHaxiWz.s 			page 20


 1084 00b0 13       		.uleb128 0x13
 1085 00b1 00       		.byte	0
 1086 00b2 00       		.byte	0
 1087 00b3 10       		.uleb128 0x10
 1088 00b4 0D       		.uleb128 0xd
 1089 00b5 00       		.byte	0
 1090 00b6 03       		.uleb128 0x3
 1091 00b7 08       		.uleb128 0x8
 1092 00b8 3A       		.uleb128 0x3a
 1093 00b9 0B       		.uleb128 0xb
 1094 00ba 3B       		.uleb128 0x3b
 1095 00bb 0B       		.uleb128 0xb
 1096 00bc 49       		.uleb128 0x49
 1097 00bd 13       		.uleb128 0x13
 1098 00be 38       		.uleb128 0x38
 1099 00bf 0B       		.uleb128 0xb
 1100 00c0 00       		.byte	0
 1101 00c1 00       		.byte	0
 1102 00c2 11       		.uleb128 0x11
 1103 00c3 13       		.uleb128 0x13
 1104 00c4 01       		.byte	0x1
 1105 00c5 0B       		.uleb128 0xb
 1106 00c6 0B       		.uleb128 0xb
 1107 00c7 3A       		.uleb128 0x3a
 1108 00c8 0B       		.uleb128 0xb
 1109 00c9 3B       		.uleb128 0x3b
 1110 00ca 0B       		.uleb128 0xb
 1111 00cb 01       		.uleb128 0x1
 1112 00cc 13       		.uleb128 0x13
 1113 00cd 00       		.byte	0
 1114 00ce 00       		.byte	0
 1115 00cf 12       		.uleb128 0x12
 1116 00d0 17       		.uleb128 0x17
 1117 00d1 01       		.byte	0x1
 1118 00d2 0B       		.uleb128 0xb
 1119 00d3 0B       		.uleb128 0xb
 1120 00d4 3A       		.uleb128 0x3a
 1121 00d5 0B       		.uleb128 0xb
 1122 00d6 3B       		.uleb128 0x3b
 1123 00d7 0B       		.uleb128 0xb
 1124 00d8 01       		.uleb128 0x1
 1125 00d9 13       		.uleb128 0x13
 1126 00da 00       		.byte	0
 1127 00db 00       		.byte	0
 1128 00dc 13       		.uleb128 0x13
 1129 00dd 0D       		.uleb128 0xd
 1130 00de 00       		.byte	0
 1131 00df 03       		.uleb128 0x3
 1132 00e0 0E       		.uleb128 0xe
 1133 00e1 3A       		.uleb128 0x3a
 1134 00e2 0B       		.uleb128 0xb
 1135 00e3 3B       		.uleb128 0x3b
 1136 00e4 05       		.uleb128 0x5
 1137 00e5 49       		.uleb128 0x49
 1138 00e6 13       		.uleb128 0x13
 1139 00e7 00       		.byte	0
 1140 00e8 00       		.byte	0
ARM GAS  C:\Users\IDONNO~1\AppData\Local\Temp\ccHaxiWz.s 			page 21


 1141 00e9 14       		.uleb128 0x14
 1142 00ea 26       		.uleb128 0x26
 1143 00eb 00       		.byte	0
 1144 00ec 49       		.uleb128 0x49
 1145 00ed 13       		.uleb128 0x13
 1146 00ee 00       		.byte	0
 1147 00ef 00       		.byte	0
 1148 00f0 15       		.uleb128 0x15
 1149 00f1 01       		.uleb128 0x1
 1150 00f2 01       		.byte	0x1
 1151 00f3 49       		.uleb128 0x49
 1152 00f4 13       		.uleb128 0x13
 1153 00f5 01       		.uleb128 0x1
 1154 00f6 13       		.uleb128 0x13
 1155 00f7 00       		.byte	0
 1156 00f8 00       		.byte	0
 1157 00f9 16       		.uleb128 0x16
 1158 00fa 21       		.uleb128 0x21
 1159 00fb 00       		.byte	0
 1160 00fc 49       		.uleb128 0x49
 1161 00fd 13       		.uleb128 0x13
 1162 00fe 2F       		.uleb128 0x2f
 1163 00ff 0B       		.uleb128 0xb
 1164 0100 00       		.byte	0
 1165 0101 00       		.byte	0
 1166 0102 17       		.uleb128 0x17
 1167 0103 34       		.uleb128 0x34
 1168 0104 00       		.byte	0
 1169 0105 03       		.uleb128 0x3
 1170 0106 0E       		.uleb128 0xe
 1171 0107 3A       		.uleb128 0x3a
 1172 0108 0B       		.uleb128 0xb
 1173 0109 3B       		.uleb128 0x3b
 1174 010a 05       		.uleb128 0x5
 1175 010b 49       		.uleb128 0x49
 1176 010c 13       		.uleb128 0x13
 1177 010d 3F       		.uleb128 0x3f
 1178 010e 19       		.uleb128 0x19
 1179 010f 3C       		.uleb128 0x3c
 1180 0110 19       		.uleb128 0x19
 1181 0111 00       		.byte	0
 1182 0112 00       		.byte	0
 1183 0113 18       		.uleb128 0x18
 1184 0114 34       		.uleb128 0x34
 1185 0115 00       		.byte	0
 1186 0116 03       		.uleb128 0x3
 1187 0117 08       		.uleb128 0x8
 1188 0118 3A       		.uleb128 0x3a
 1189 0119 0B       		.uleb128 0xb
 1190 011a 3B       		.uleb128 0x3b
 1191 011b 05       		.uleb128 0x5
 1192 011c 49       		.uleb128 0x49
 1193 011d 13       		.uleb128 0x13
 1194 011e 3F       		.uleb128 0x3f
 1195 011f 19       		.uleb128 0x19
 1196 0120 3C       		.uleb128 0x3c
 1197 0121 19       		.uleb128 0x19
ARM GAS  C:\Users\IDONNO~1\AppData\Local\Temp\ccHaxiWz.s 			page 22


 1198 0122 00       		.byte	0
 1199 0123 00       		.byte	0
 1200 0124 00       		.byte	0
 1201              		.section	.debug_aranges,"",%progbits
 1202 0000 14000000 		.4byte	0x14
 1203 0004 0200     		.2byte	0x2
 1204 0006 00000000 		.4byte	.Ldebug_info0
 1205 000a 04       		.byte	0x4
 1206 000b 00       		.byte	0
 1207 000c 0000     		.2byte	0
 1208 000e 0000     		.2byte	0
 1209 0010 00000000 		.4byte	0
 1210 0014 00000000 		.4byte	0
 1211              		.section	.debug_line,"",%progbits
 1212              	.Ldebug_line0:
 1213 0000 F6010000 		.section	.debug_str,"MS",%progbits,1
 1213      0200F001 
 1213      00000201 
 1213      FB0E0D00 
 1213      01010101 
 1214              	.LASF53:
 1215 0000 72656164 		.ascii	"ready_list_t\000"
 1215      795F6C69 
 1215      73745F74 
 1215      00
 1216              	.LASF91:
 1217 000d 77747472 		.ascii	"wttrp\000"
 1217      7000
 1218              	.LASF88:
 1219 0013 7264796D 		.ascii	"rdymsg\000"
 1219      736700
 1220              	.LASF16:
 1221 001a 75696E74 		.ascii	"uint64_t\000"
 1221      36345F74 
 1221      00
 1222              	.LASF5:
 1223 0023 5F5F7569 		.ascii	"__uint8_t\000"
 1223      6E74385F 
 1223      7400
 1224              	.LASF85:
 1225 002d 706F7274 		.ascii	"port_intctx\000"
 1225      5F696E74 
 1225      63747800 
 1226              	.LASF72:
 1227 0039 73797374 		.ascii	"system_debug_t\000"
 1227      656D5F64 
 1227      65627567 
 1227      5F7400
 1228              	.LASF107:
 1229 0048 443A5C67 		.ascii	"D:\\git\\oroca_bldc_dev\\oroca_bldc_FW\000"
 1229      69745C6F 
 1229      726F6361 
 1229      5F626C64 
 1229      635F6465 
 1230              	.LASF12:
 1231 006c 6C6F6E67 		.ascii	"long long unsigned int\000"
 1231      206C6F6E 
ARM GAS  C:\Users\IDONNO~1\AppData\Local\Temp\ccHaxiWz.s 			page 23


 1231      6720756E 
 1231      7369676E 
 1231      65642069 
 1232              	.LASF89:
 1233 0083 65786974 		.ascii	"exitcode\000"
 1233      636F6465 
 1233      00
 1234              	.LASF79:
 1235 008c 6D61696E 		.ascii	"mainthread\000"
 1235      74687265 
 1235      616400
 1236              	.LASF69:
 1237 0097 76697274 		.ascii	"virtual_timers_list_t\000"
 1237      75616C5F 
 1237      74696D65 
 1237      72735F6C 
 1237      6973745F 
 1238              	.LASF104:
 1239 00ad 49544D5F 		.ascii	"ITM_RxBuffer\000"
 1239      52784275 
 1239      66666572 
 1239      00
 1240              	.LASF52:
 1241 00ba 63685F74 		.ascii	"ch_threads_queue\000"
 1241      68726561 
 1241      64735F71 
 1241      75657565 
 1241      00
 1242              	.LASF30:
 1243 00cb 705F7072 		.ascii	"p_prio\000"
 1243      696F00
 1244              	.LASF10:
 1245 00d2 6C6F6E67 		.ascii	"long long int\000"
 1245      206C6F6E 
 1245      6720696E 
 1245      7400
 1246              	.LASF1:
 1247 00e0 7369676E 		.ascii	"signed char\000"
 1247      65642063 
 1247      68617200 
 1248              	.LASF46:
 1249 00ec 705F6D70 		.ascii	"p_mpool\000"
 1249      6F6F6C00 
 1250              	.LASF99:
 1251 00f4 6D5F7175 		.ascii	"m_queue\000"
 1251      65756500 
 1252              	.LASF78:
 1253 00fc 76746C69 		.ascii	"vtlist\000"
 1253      737400
 1254              	.LASF21:
 1255 0103 74736C69 		.ascii	"tslices_t\000"
 1255      6365735F 
 1255      7400
 1256              	.LASF76:
 1257 010d 63685F73 		.ascii	"ch_system\000"
 1257      79737465 
 1257      6D00
ARM GAS  C:\Users\IDONNO~1\AppData\Local\Temp\ccHaxiWz.s 			page 24


 1258              	.LASF7:
 1259 0117 6C6F6E67 		.ascii	"long int\000"
 1259      20696E74 
 1259      00
 1260              	.LASF19:
 1261 0120 74737461 		.ascii	"tstate_t\000"
 1261      74655F74 
 1261      00
 1262              	.LASF106:
 1263 0129 6C69622F 		.ascii	"lib/ChibiOS_3.0.2/os/rt/ports/ARMCMx/chcore.c\000"
 1263      43686962 
 1263      694F535F 
 1263      332E302E 
 1263      322F6F73 
 1264              	.LASF32:
 1265 0157 705F6E65 		.ascii	"p_newer\000"
 1265      77657200 
 1266              	.LASF96:
 1267 015f 735F7175 		.ascii	"s_queue\000"
 1267      65756500 
 1268              	.LASF58:
 1269 0167 725F6E65 		.ascii	"r_newer\000"
 1269      77657200 
 1270              	.LASF82:
 1271 016f 72656761 		.ascii	"regarm_t\000"
 1271      726D5F74 
 1271      00
 1272              	.LASF65:
 1273 0178 76745F70 		.ascii	"vt_prev\000"
 1273      72657600 
 1274              	.LASF103:
 1275 0180 6D757465 		.ascii	"mutex_t\000"
 1275      785F7400 
 1276              	.LASF80:
 1277 0188 69646C65 		.ascii	"idle_thread_wa\000"
 1277      5F746872 
 1277      6561645F 
 1277      776100
 1278              	.LASF25:
 1279 0197 636E745F 		.ascii	"cnt_t\000"
 1279      7400
 1280              	.LASF0:
 1281 019d 756E7369 		.ascii	"unsigned int\000"
 1281      676E6564 
 1281      20696E74 
 1281      00
 1282              	.LASF64:
 1283 01aa 76745F6E 		.ascii	"vt_next\000"
 1283      65787400 
 1284              	.LASF39:
 1285 01b2 705F7469 		.ascii	"p_time\000"
 1285      6D6500
 1286              	.LASF92:
 1287 01b9 77747365 		.ascii	"wtsemp\000"
 1287      6D7000
 1288              	.LASF66:
 1289 01c0 76745F64 		.ascii	"vt_delta\000"
ARM GAS  C:\Users\IDONNO~1\AppData\Local\Temp\ccHaxiWz.s 			page 25


 1289      656C7461 
 1289      00
 1290              	.LASF41:
 1291 01c9 705F6D73 		.ascii	"p_msgqueue\000"
 1291      67717565 
 1291      756500
 1292              	.LASF97:
 1293 01d4 735F636E 		.ascii	"s_cnt\000"
 1293      7400
 1294              	.LASF4:
 1295 01da 73686F72 		.ascii	"short unsigned int\000"
 1295      7420756E 
 1295      7369676E 
 1295      65642069 
 1295      6E7400
 1296              	.LASF49:
 1297 01ed 63685F74 		.ascii	"ch_thread\000"
 1297      68726561 
 1297      6400
 1298              	.LASF23:
 1299 01f7 6D73675F 		.ascii	"msg_t\000"
 1299      7400
 1300              	.LASF75:
 1301 01fd 63685F73 		.ascii	"ch_system_t\000"
 1301      79737465 
 1301      6D5F7400 
 1302              	.LASF18:
 1303 0209 746D6F64 		.ascii	"tmode_t\000"
 1303      655F7400 
 1304              	.LASF54:
 1305 0211 63685F72 		.ascii	"ch_ready_list\000"
 1305      65616479 
 1305      5F6C6973 
 1305      7400
 1306              	.LASF24:
 1307 021f 6576656E 		.ascii	"eventmask_t\000"
 1307      746D6173 
 1307      6B5F7400 
 1308              	.LASF6:
 1309 022b 5F5F696E 		.ascii	"__int32_t\000"
 1309      7433325F 
 1309      7400
 1310              	.LASF83:
 1311 0235 73746B61 		.ascii	"stkalign_t\000"
 1311      6C69676E 
 1311      5F7400
 1312              	.LASF48:
 1313 0240 74687265 		.ascii	"threads_list_t\000"
 1313      6164735F 
 1313      6C697374 
 1313      5F7400
 1314              	.LASF40:
 1315 024f 705F7761 		.ascii	"p_waiting\000"
 1315      6974696E 
 1315      6700
 1316              	.LASF81:
 1317 0259 73697A65 		.ascii	"sizetype\000"
ARM GAS  C:\Users\IDONNO~1\AppData\Local\Temp\ccHaxiWz.s 			page 26


 1317      74797065 
 1317      00
 1318              	.LASF47:
 1319 0262 74687265 		.ascii	"thread_reference_t\000"
 1319      61645F72 
 1319      65666572 
 1319      656E6365 
 1319      5F7400
 1320              	.LASF70:
 1321 0275 63685F76 		.ascii	"ch_virtual_timers_list\000"
 1321      69727475 
 1321      616C5F74 
 1321      696D6572 
 1321      735F6C69 
 1322              	.LASF33:
 1323 028c 705F6F6C 		.ascii	"p_older\000"
 1323      64657200 
 1324              	.LASF57:
 1325 0294 725F6374 		.ascii	"r_ctx\000"
 1325      7800
 1326              	.LASF87:
 1327 029a 746D5F63 		.ascii	"tm_calibration_t\000"
 1327      616C6962 
 1327      72617469 
 1327      6F6E5F74 
 1327      00
 1328              	.LASF101:
 1329 02ab 6D5F6E65 		.ascii	"m_next\000"
 1329      787400
 1330              	.LASF60:
 1331 02b2 725F6375 		.ascii	"r_current\000"
 1331      7272656E 
 1331      7400
 1332              	.LASF59:
 1333 02bc 725F6F6C 		.ascii	"r_older\000"
 1333      64657200 
 1334              	.LASF11:
 1335 02c4 5F5F7569 		.ascii	"__uint64_t\000"
 1335      6E743634 
 1335      5F7400
 1336              	.LASF20:
 1337 02cf 74726566 		.ascii	"trefs_t\000"
 1337      735F7400 
 1338              	.LASF62:
 1339 02d7 76697274 		.ascii	"virtual_timer_t\000"
 1339      75616C5F 
 1339      74696D65 
 1339      725F7400 
 1340              	.LASF29:
 1341 02e7 705F7072 		.ascii	"p_prev\000"
 1341      657600
 1342              	.LASF22:
 1343 02ee 74707269 		.ascii	"tprio_t\000"
 1343      6F5F7400 
 1344              	.LASF73:
 1345 02f6 63685F73 		.ascii	"ch_system_debug\000"
 1345      79737465 
ARM GAS  C:\Users\IDONNO~1\AppData\Local\Temp\ccHaxiWz.s 			page 27


 1345      6D5F6465 
 1345      62756700 
 1346              	.LASF14:
 1347 0306 696E7433 		.ascii	"int32_t\000"
 1347      325F7400 
 1348              	.LASF2:
 1349 030e 756E7369 		.ascii	"unsigned char\000"
 1349      676E6564 
 1349      20636861 
 1349      7200
 1350              	.LASF44:
 1351 031c 705F6D74 		.ascii	"p_mtxlist\000"
 1351      786C6973 
 1351      7400
 1352              	.LASF3:
 1353 0326 73686F72 		.ascii	"short int\000"
 1353      7420696E 
 1353      7400
 1354              	.LASF35:
 1355 0330 705F7374 		.ascii	"p_state\000"
 1355      61746500 
 1356              	.LASF38:
 1357 0338 705F7072 		.ascii	"p_preempt\000"
 1357      65656D70 
 1357      7400
 1358              	.LASF56:
 1359 0342 725F7072 		.ascii	"r_prio\000"
 1359      696F00
 1360              	.LASF94:
 1361 0349 65776D61 		.ascii	"ewmask\000"
 1361      736B00
 1362              	.LASF28:
 1363 0350 705F6E65 		.ascii	"p_next\000"
 1363      787400
 1364              	.LASF36:
 1365 0357 705F666C 		.ascii	"p_flags\000"
 1365      61677300 
 1366              	.LASF63:
 1367 035f 63685F76 		.ascii	"ch_virtual_timer\000"
 1367      69727475 
 1367      616C5F74 
 1367      696D6572 
 1367      00
 1368              	.LASF95:
 1369 0370 63685F73 		.ascii	"ch_semaphore\000"
 1369      656D6170 
 1369      686F7265 
 1369      00
 1370              	.LASF43:
 1371 037d 705F6570 		.ascii	"p_epending\000"
 1371      656E6469 
 1371      6E6700
 1372              	.LASF15:
 1373 0388 75696E74 		.ascii	"uint32_t\000"
 1373      33325F74 
 1373      00
 1374              	.LASF93:
ARM GAS  C:\Users\IDONNO~1\AppData\Local\Temp\ccHaxiWz.s 			page 28


 1375 0391 77746D74 		.ascii	"wtmtxp\000"
 1375      787000
 1376              	.LASF55:
 1377 0398 725F7175 		.ascii	"r_queue\000"
 1377      65756500 
 1378              	.LASF50:
 1379 03a0 63685F74 		.ascii	"ch_threads_list\000"
 1379      68726561 
 1379      64735F6C 
 1379      69737400 
 1380              	.LASF9:
 1381 03b0 6C6F6E67 		.ascii	"long unsigned int\000"
 1381      20756E73 
 1381      69676E65 
 1381      6420696E 
 1381      7400
 1382              	.LASF102:
 1383 03c2 63686172 		.ascii	"char\000"
 1383      00
 1384              	.LASF27:
 1385 03c7 74687265 		.ascii	"thread_t\000"
 1385      61645F74 
 1385      00
 1386              	.LASF105:
 1387 03d0 474E5520 		.ascii	"GNU C99 5.2.1 20151202 (release) [ARM/embedded-5-br"
 1387      43393920 
 1387      352E322E 
 1387      31203230 
 1387      31353132 
 1388 0403 616E6368 		.ascii	"anch revision 231848] -mcpu=cortex-m4 -mfloat-abi=h"
 1388      20726576 
 1388      6973696F 
 1388      6E203233 
 1388      31383438 
 1389 0436 61726420 		.ascii	"ard -mfpu=fpv4-sp-d16 -mno-thumb-interwork -mthumb "
 1389      2D6D6670 
 1389      753D6670 
 1389      76342D73 
 1389      702D6431 
 1390 0469 2D676764 		.ascii	"-ggdb -O2 -std=gnu99 -fomit-frame-pointer -falign-f"
 1390      62202D4F 
 1390      32202D73 
 1390      74643D67 
 1390      6E753939 
 1391 049c 756E6374 		.ascii	"unctions=16 -ffunction-sections -fdata-sections -fn"
 1391      696F6E73 
 1391      3D313620 
 1391      2D666675 
 1391      6E637469 
 1392 04cf 6F2D636F 		.ascii	"o-common -fsingle-precision-constant\000"
 1392      6D6D6F6E 
 1392      202D6673 
 1392      696E676C 
 1392      652D7072 
 1393              	.LASF26:
 1394 04f4 73797374 		.ascii	"systime_t\000"
 1394      696D655F 
ARM GAS  C:\Users\IDONNO~1\AppData\Local\Temp\ccHaxiWz.s 			page 29


 1394      7400
 1395              	.LASF45:
 1396 04fe 705F7265 		.ascii	"p_realprio\000"
 1396      616C7072 
 1396      696F00
 1397              	.LASF61:
 1398 0509 76746675 		.ascii	"vtfunc_t\000"
 1398      6E635F74 
 1398      00
 1399              	.LASF8:
 1400 0512 5F5F7569 		.ascii	"__uint32_t\000"
 1400      6E743332 
 1400      5F7400
 1401              	.LASF74:
 1402 051d 70616E69 		.ascii	"panic_msg\000"
 1402      635F6D73 
 1402      6700
 1403              	.LASF86:
 1404 0527 6F666673 		.ascii	"offset\000"
 1404      657400
 1405              	.LASF84:
 1406 052e 636F6E74 		.ascii	"context\000"
 1406      65787400 
 1407              	.LASF17:
 1408 0536 7274636E 		.ascii	"rtcnt_t\000"
 1408      745F7400 
 1409              	.LASF68:
 1410 053e 76745F70 		.ascii	"vt_par\000"
 1410      617200
 1411              	.LASF51:
 1412 0545 74687265 		.ascii	"threads_queue_t\000"
 1412      6164735F 
 1412      71756575 
 1412      655F7400 
 1413              	.LASF98:
 1414 0555 63685F6D 		.ascii	"ch_mutex\000"
 1414      75746578 
 1414      00
 1415              	.LASF37:
 1416 055e 705F7265 		.ascii	"p_refs\000"
 1416      667300
 1417              	.LASF77:
 1418 0565 726C6973 		.ascii	"rlist\000"
 1418      7400
 1419              	.LASF13:
 1420 056b 75696E74 		.ascii	"uint8_t\000"
 1420      385F7400 
 1421              	.LASF90:
 1422 0573 77746F62 		.ascii	"wtobjp\000"
 1422      6A7000
 1423              	.LASF34:
 1424 057a 705F6E61 		.ascii	"p_name\000"
 1424      6D6500
 1425              	.LASF71:
 1426 0581 76745F73 		.ascii	"vt_systime\000"
 1426      79737469 
 1426      6D6500
ARM GAS  C:\Users\IDONNO~1\AppData\Local\Temp\ccHaxiWz.s 			page 30


 1427              	.LASF42:
 1428 058c 705F6D73 		.ascii	"p_msg\000"
 1428      6700
 1429              	.LASF100:
 1430 0592 6D5F6F77 		.ascii	"m_owner\000"
 1430      6E657200 
 1431              	.LASF31:
 1432 059a 705F6374 		.ascii	"p_ctx\000"
 1432      7800
 1433              	.LASF67:
 1434 05a0 76745F66 		.ascii	"vt_func\000"
 1434      756E6300 
 1435              		.ident	"GCC: (GNU Tools for ARM Embedded Processors) 5.2.1 20151202 (release) [ARM/embedded-5-bran
ARM GAS  C:\Users\IDONNO~1\AppData\Local\Temp\ccHaxiWz.s 			page 31


DEFINED SYMBOLS
                            *ABS*:00000000 chcore.c

NO UNDEFINED SYMBOLS
