ARM GAS  C:\Users\IDONNO~1.SON\AppData\Local\Temp\ccxTFrhE.s 			page 1


   1              		.syntax unified
   2              		.cpu cortex-m4
   3              		.eabi_attribute 27, 1
   4              		.eabi_attribute 28, 1
   5              		.fpu fpv4-sp-d16
   6              		.eabi_attribute 20, 1
   7              		.eabi_attribute 21, 1
   8              		.eabi_attribute 23, 3
   9              		.eabi_attribute 24, 1
  10              		.eabi_attribute 25, 1
  11              		.eabi_attribute 26, 1
  12              		.eabi_attribute 30, 2
  13              		.eabi_attribute 34, 1
  14              		.eabi_attribute 18, 4
  15              		.thumb
  16              		.syntax unified
  17              		.file	"chmemcore.c"
  18              		.text
  19              	.Ltext0:
  20              		.cfi_sections	.debug_frame
  21              		.section	.text._core_init,"ax",%progbits
  22              		.align	2
  23              		.p2align 4,,15
  24              		.global	_core_init
  25              		.thumb
  26              		.thumb_func
  27              		.type	_core_init, %function
  28              	_core_init:
  29              	.LFB219:
  30              		.file 1 "lib/ChibiOS_3.0.2/os/rt/src/chmemcore.c"
  31              		.loc 1 78 0
  32              		.cfi_startproc
  33              		@ args = 0, pretend = 0, frame = 0
  34              		@ frame_needed = 0, uses_anonymous_args = 0
  35              		@ link register save eliminated.
  36              		.loc 1 84 0
  37 0000 054A     		ldr	r2, .L2
  38              		.loc 1 85 0
  39 0002 064B     		ldr	r3, .L2+4
  40              		.loc 1 84 0
  41 0004 0648     		ldr	r0, .L2+8
  42              		.loc 1 85 0
  43 0006 0749     		ldr	r1, .L2+12
  44              		.loc 1 84 0
  45 0008 22F00702 		bic	r2, r2, #7
  46              		.loc 1 85 0
  47 000c 23F00703 		bic	r3, r3, #7
  48              		.loc 1 84 0
  49 0010 0260     		str	r2, [r0]
  50              		.loc 1 85 0
  51 0012 0B60     		str	r3, [r1]
  52 0014 7047     		bx	lr
  53              	.L3:
  54 0016 00BF     		.align	2
  55              	.L2:
  56 0018 07000000 		.word	__heap_base__+7
  57 001c 00000000 		.word	__heap_end__
ARM GAS  C:\Users\IDONNO~1.SON\AppData\Local\Temp\ccxTFrhE.s 			page 2


  58 0020 00000000 		.word	.LANCHOR0
  59 0024 00000000 		.word	.LANCHOR1
  60              		.cfi_endproc
  61              	.LFE219:
  62              		.size	_core_init, .-_core_init
  63              		.section	.text.chCoreAlloc,"ax",%progbits
  64              		.align	2
  65              		.p2align 4,,15
  66              		.global	chCoreAlloc
  67              		.thumb
  68              		.thumb_func
  69              		.type	chCoreAlloc, %function
  70              	chCoreAlloc:
  71              	.LFB220:
  72              		.loc 1 109 0
  73              		.cfi_startproc
  74              		@ args = 0, pretend = 0, frame = 0
  75              		@ frame_needed = 0, uses_anonymous_args = 0
  76              		@ link register save eliminated.
  77              	.LVL0:
  78 0000 10B4     		push	{r4}
  79              		.cfi_def_cfa_offset 4
  80              		.cfi_offset 4, -4
  81              	.LBB26:
  82              	.LBB27:
  83              	.LBB28:
  84              	.LBB29:
  85              		.file 2 "lib/ChibiOS_3.0.2/os/ext/CMSIS/include/core_cmFunc.h"
  86              		.loc 2 546 0
  87 0002 2023     		movs	r3, #32
  88              		.syntax unified
  89              	@ 546 "lib/ChibiOS_3.0.2/os/ext/CMSIS/include/core_cmFunc.h" 1
  90 0004 83F31188 		MSR basepri, r3
  91              	@ 0 "" 2
  92              	.LVL1:
  93              		.thumb
  94              		.syntax unified
  95              	.LBE29:
  96              	.LBE28:
  97              	.LBE27:
  98              	.LBE26:
  99              	.LBB30:
 100              	.LBB31:
 101              		.loc 1 138 0
 102 0008 094C     		ldr	r4, .L9
 103 000a 0A4B     		ldr	r3, .L9+4
 104 000c 2268     		ldr	r2, [r4]
 105 000e 1968     		ldr	r1, [r3]
 106              		.loc 1 136 0
 107 0010 C31D     		adds	r3, r0, #7
 108 0012 23F00703 		bic	r3, r3, #7
 109              	.LVL2:
 110              		.loc 1 138 0
 111 0016 891A     		subs	r1, r1, r2
 112 0018 8B42     		cmp	r3, r1
 113              	.LVL3:
 114              		.loc 1 143 0
ARM GAS  C:\Users\IDONNO~1.SON\AppData\Local\Temp\ccxTFrhE.s 			page 3


 115 001a 9DBF     		ittte	ls
 116 001c 9B18     		addls	r3, r3, r2
 117              	.LVL4:
 118 001e 2360     		strls	r3, [r4]
 119              		.loc 1 145 0
 120 0020 1046     		movls	r0, r2
 121              	.LVL5:
 122              		.loc 1 140 0
 123 0022 0020     		movhi	r0, #0
 124              	.LVL6:
 125              	.LBE31:
 126              	.LBE30:
 127              	.LBB32:
 128              	.LBB33:
 129              	.LBB34:
 130              	.LBB35:
 131              	.LBB36:
 132              		.loc 2 546 0
 133 0024 0023     		movs	r3, #0
 134              		.syntax unified
 135              	@ 546 "lib/ChibiOS_3.0.2/os/ext/CMSIS/include/core_cmFunc.h" 1
 136 0026 83F31188 		MSR basepri, r3
 137              	@ 0 "" 2
 138              	.LVL7:
 139              		.thumb
 140              		.syntax unified
 141              	.LBE36:
 142              	.LBE35:
 143              	.LBE34:
 144              	.LBE33:
 145              	.LBE32:
 146              		.loc 1 117 0
 147 002a 5DF8044B 		ldr	r4, [sp], #4
 148              		.cfi_restore 4
 149              		.cfi_def_cfa_offset 0
 150 002e 7047     		bx	lr
 151              	.L10:
 152              		.align	2
 153              	.L9:
 154 0030 00000000 		.word	.LANCHOR0
 155 0034 00000000 		.word	.LANCHOR1
 156              		.cfi_endproc
 157              	.LFE220:
 158              		.size	chCoreAlloc, .-chCoreAlloc
 159              		.section	.text.chCoreAllocI,"ax",%progbits
 160              		.align	2
 161              		.p2align 4,,15
 162              		.global	chCoreAllocI
 163              		.thumb
 164              		.thumb_func
 165              		.type	chCoreAllocI, %function
 166              	chCoreAllocI:
 167              	.LFB221:
 168              		.loc 1 131 0
 169              		.cfi_startproc
 170              		@ args = 0, pretend = 0, frame = 0
 171              		@ frame_needed = 0, uses_anonymous_args = 0
ARM GAS  C:\Users\IDONNO~1.SON\AppData\Local\Temp\ccxTFrhE.s 			page 4


 172              		@ link register save eliminated.
 173              	.LVL8:
 174 0000 10B4     		push	{r4}
 175              		.cfi_def_cfa_offset 4
 176              		.cfi_offset 4, -4
 177              		.loc 1 138 0
 178 0002 084B     		ldr	r3, .L15
 179 0004 084C     		ldr	r4, .L15+4
 180 0006 1968     		ldr	r1, [r3]
 181 0008 2268     		ldr	r2, [r4]
 182              		.loc 1 136 0
 183 000a 0730     		adds	r0, r0, #7
 184              	.LVL9:
 185 000c 20F00703 		bic	r3, r0, #7
 186              	.LVL10:
 187              		.loc 1 138 0
 188 0010 891A     		subs	r1, r1, r2
 189 0012 8B42     		cmp	r3, r1
 190              	.LVL11:
 191              		.loc 1 143 0
 192 0014 9DBF     		ittte	ls
 193 0016 9B18     		addls	r3, r3, r2
 194              	.LVL12:
 195 0018 2360     		strls	r3, [r4]
 196              		.loc 1 145 0
 197 001a 1046     		movls	r0, r2
 198              	.LVL13:
 199              		.loc 1 140 0
 200 001c 0020     		movhi	r0, #0
 201              		.loc 1 146 0
 202 001e 5DF8044B 		ldr	r4, [sp], #4
 203              		.cfi_restore 4
 204              		.cfi_def_cfa_offset 0
 205 0022 7047     		bx	lr
 206              	.L16:
 207              		.align	2
 208              	.L15:
 209 0024 00000000 		.word	.LANCHOR1
 210 0028 00000000 		.word	.LANCHOR0
 211              		.cfi_endproc
 212              	.LFE221:
 213              		.size	chCoreAllocI, .-chCoreAllocI
 214              		.section	.text.chCoreGetStatusX,"ax",%progbits
 215              		.align	2
 216              		.p2align 4,,15
 217              		.global	chCoreGetStatusX
 218              		.thumb
 219              		.thumb_func
 220              		.type	chCoreGetStatusX, %function
 221              	chCoreGetStatusX:
 222              	.LFB222:
 223              		.loc 1 155 0
 224              		.cfi_startproc
 225              		@ args = 0, pretend = 0, frame = 0
 226              		@ frame_needed = 0, uses_anonymous_args = 0
 227              		@ link register save eliminated.
 228              		.loc 1 158 0
ARM GAS  C:\Users\IDONNO~1.SON\AppData\Local\Temp\ccxTFrhE.s 			page 5


 229 0000 024A     		ldr	r2, .L18
 230 0002 034B     		ldr	r3, .L18+4
 231 0004 1068     		ldr	r0, [r2]
 232 0006 1B68     		ldr	r3, [r3]
 233              		.loc 1 160 0
 234 0008 C01A     		subs	r0, r0, r3
 235 000a 7047     		bx	lr
 236              	.L19:
 237              		.align	2
 238              	.L18:
 239 000c 00000000 		.word	.LANCHOR1
 240 0010 00000000 		.word	.LANCHOR0
 241              		.cfi_endproc
 242              	.LFE222:
 243              		.size	chCoreGetStatusX, .-chCoreGetStatusX
 244              		.section	.bss.endmem,"aw",%nobits
 245              		.align	2
 246              		.set	.LANCHOR1,. + 0
 247              		.type	endmem, %object
 248              		.size	endmem, 4
 249              	endmem:
 250 0000 00000000 		.space	4
 251              		.section	.bss.nextmem,"aw",%nobits
 252              		.align	2
 253              		.set	.LANCHOR0,. + 0
 254              		.type	nextmem, %object
 255              		.size	nextmem, 4
 256              	nextmem:
 257 0000 00000000 		.space	4
 258              		.text
 259              	.Letext0:
 260              		.file 3 "c:\\program files (x86)\\gnu tools arm embedded\\5.4 2016q2\\lib\\gcc\\arm-none-eabi\\5.4
 261              		.file 4 "c:\\program files (x86)\\gnu tools arm embedded\\5.4 2016q2\\arm-none-eabi\\include\\mach
 262              		.file 5 "c:\\program files (x86)\\gnu tools arm embedded\\5.4 2016q2\\arm-none-eabi\\include\\sys\
 263              		.file 6 "lib/ChibiOS_3.0.2/os/rt/ports/ARMCMx/compilers/GCC/chtypes.h"
 264              		.file 7 "lib/ChibiOS_3.0.2/os/rt/include/chsystypes.h"
 265              		.file 8 "lib/ChibiOS_3.0.2/os/rt/include/chschd.h"
 266              		.file 9 "lib/ChibiOS_3.0.2/os/rt/ports/ARMCMx/chcore.h"
 267              		.file 10 "lib/ChibiOS_3.0.2/os/rt/ports/ARMCMx/chcore_v7m.h"
 268              		.file 11 "lib/ChibiOS_3.0.2/os/rt/include/chtm.h"
 269              		.file 12 "lib/ChibiOS_3.0.2/os/rt/include/chsem.h"
 270              		.file 13 "lib/ChibiOS_3.0.2/os/rt/include/chmtx.h"
 271              		.file 14 "lib/ChibiOS_3.0.2/os/rt/include/chsys.h"
 272              		.file 15 "lib/ChibiOS_3.0.2/os/ext/CMSIS/include/core_cm4.h"
 273              		.section	.debug_info,"",%progbits
 274              	.Ldebug_info0:
 275 0000 49090000 		.4byte	0x949
 276 0004 0400     		.2byte	0x4
 277 0006 00000000 		.4byte	.Ldebug_abbrev0
 278 000a 04       		.byte	0x4
 279 000b 01       		.uleb128 0x1
 280 000c 5C000000 		.4byte	.LASF118
 281 0010 0C       		.byte	0xc
 282 0011 98030000 		.4byte	.LASF119
 283 0015 8A010000 		.4byte	.LASF120
 284 0019 00000000 		.4byte	.Ldebug_ranges0+0
 285 001d 00000000 		.4byte	0
ARM GAS  C:\Users\IDONNO~1.SON\AppData\Local\Temp\ccxTFrhE.s 			page 6


 286 0021 00000000 		.4byte	.Ldebug_line0
 287 0025 02       		.uleb128 0x2
 288 0026 04       		.byte	0x4
 289 0027 05       		.byte	0x5
 290 0028 696E7400 		.ascii	"int\000"
 291 002c 03       		.uleb128 0x3
 292 002d 14000000 		.4byte	.LASF2
 293 0031 03       		.byte	0x3
 294 0032 D8       		.byte	0xd8
 295 0033 37000000 		.4byte	0x37
 296 0037 04       		.uleb128 0x4
 297 0038 04       		.byte	0x4
 298 0039 07       		.byte	0x7
 299 003a E6020000 		.4byte	.LASF0
 300 003e 04       		.uleb128 0x4
 301 003f 01       		.byte	0x1
 302 0040 06       		.byte	0x6
 303 0041 22020000 		.4byte	.LASF1
 304 0045 03       		.uleb128 0x3
 305 0046 37000000 		.4byte	.LASF3
 306 004a 04       		.byte	0x4
 307 004b 1D       		.byte	0x1d
 308 004c 50000000 		.4byte	0x50
 309 0050 04       		.uleb128 0x4
 310 0051 01       		.byte	0x1
 311 0052 08       		.byte	0x8
 312 0053 79040000 		.4byte	.LASF4
 313 0057 04       		.uleb128 0x4
 314 0058 02       		.byte	0x2
 315 0059 05       		.byte	0x5
 316 005a 9C040000 		.4byte	.LASF5
 317 005e 04       		.uleb128 0x4
 318 005f 02       		.byte	0x2
 319 0060 07       		.byte	0x7
 320 0061 23030000 		.4byte	.LASF6
 321 0065 03       		.uleb128 0x3
 322 0066 74030000 		.4byte	.LASF7
 323 006a 04       		.byte	0x4
 324 006b 3F       		.byte	0x3f
 325 006c 70000000 		.4byte	0x70
 326 0070 04       		.uleb128 0x4
 327 0071 04       		.byte	0x4
 328 0072 05       		.byte	0x5
 329 0073 6B020000 		.4byte	.LASF8
 330 0077 03       		.uleb128 0x3
 331 0078 93050000 		.4byte	.LASF9
 332 007c 04       		.byte	0x4
 333 007d 41       		.byte	0x41
 334 007e 82000000 		.4byte	0x82
 335 0082 04       		.uleb128 0x4
 336 0083 04       		.byte	0x4
 337 0084 07       		.byte	0x7
 338 0085 46050000 		.4byte	.LASF10
 339 0089 04       		.uleb128 0x4
 340 008a 08       		.byte	0x8
 341 008b 05       		.byte	0x5
 342 008c 14020000 		.4byte	.LASF11
ARM GAS  C:\Users\IDONNO~1.SON\AppData\Local\Temp\ccxTFrhE.s 			page 7


 343 0090 03       		.uleb128 0x3
 344 0091 2E040000 		.4byte	.LASF12
 345 0095 04       		.byte	0x4
 346 0096 5B       		.byte	0x5b
 347 0097 9B000000 		.4byte	0x9b
 348 009b 04       		.uleb128 0x4
 349 009c 08       		.byte	0x8
 350 009d 07       		.byte	0x7
 351 009e AE010000 		.4byte	.LASF13
 352 00a2 03       		.uleb128 0x3
 353 00a3 08060000 		.4byte	.LASF14
 354 00a7 05       		.byte	0x5
 355 00a8 18       		.byte	0x18
 356 00a9 45000000 		.4byte	0x45
 357 00ad 03       		.uleb128 0x3
 358 00ae 71040000 		.4byte	.LASF15
 359 00b2 05       		.byte	0x5
 360 00b3 2C       		.byte	0x2c
 361 00b4 65000000 		.4byte	0x65
 362 00b8 03       		.uleb128 0x3
 363 00b9 1E050000 		.4byte	.LASF16
 364 00bd 05       		.byte	0x5
 365 00be 30       		.byte	0x30
 366 00bf 77000000 		.4byte	0x77
 367 00c3 03       		.uleb128 0x3
 368 00c4 22000000 		.4byte	.LASF17
 369 00c8 05       		.byte	0x5
 370 00c9 3C       		.byte	0x3c
 371 00ca 90000000 		.4byte	0x90
 372 00ce 05       		.uleb128 0x5
 373 00cf AD000000 		.4byte	0xad
 374 00d3 03       		.uleb128 0x3
 375 00d4 C5050000 		.4byte	.LASF18
 376 00d8 06       		.byte	0x6
 377 00d9 45       		.byte	0x45
 378 00da B8000000 		.4byte	0xb8
 379 00de 03       		.uleb128 0x3
 380 00df 52030000 		.4byte	.LASF19
 381 00e3 06       		.byte	0x6
 382 00e4 48       		.byte	0x48
 383 00e5 A2000000 		.4byte	0xa2
 384 00e9 03       		.uleb128 0x3
 385 00ea 74020000 		.4byte	.LASF20
 386 00ee 06       		.byte	0x6
 387 00ef 49       		.byte	0x49
 388 00f0 A2000000 		.4byte	0xa2
 389 00f4 03       		.uleb128 0x3
 390 00f5 39040000 		.4byte	.LASF21
 391 00f9 06       		.byte	0x6
 392 00fa 4A       		.byte	0x4a
 393 00fb A2000000 		.4byte	0xa2
 394 00ff 03       		.uleb128 0x3
 395 0100 51020000 		.4byte	.LASF22
 396 0104 06       		.byte	0x6
 397 0105 4B       		.byte	0x4b
 398 0106 A2000000 		.4byte	0xa2
 399 010a 03       		.uleb128 0x3
ARM GAS  C:\Users\IDONNO~1.SON\AppData\Local\Temp\ccxTFrhE.s 			page 8


 400 010b 58040000 		.4byte	.LASF23
 401 010f 06       		.byte	0x6
 402 0110 4C       		.byte	0x4c
 403 0111 B8000000 		.4byte	0xb8
 404 0115 03       		.uleb128 0x3
 405 0116 40030000 		.4byte	.LASF24
 406 011a 06       		.byte	0x6
 407 011b 4D       		.byte	0x4d
 408 011c AD000000 		.4byte	0xad
 409 0120 03       		.uleb128 0x3
 410 0121 68030000 		.4byte	.LASF25
 411 0125 06       		.byte	0x6
 412 0126 4F       		.byte	0x4f
 413 0127 B8000000 		.4byte	0xb8
 414 012b 03       		.uleb128 0x3
 415 012c E0020000 		.4byte	.LASF26
 416 0130 06       		.byte	0x6
 417 0131 51       		.byte	0x51
 418 0132 AD000000 		.4byte	0xad
 419 0136 03       		.uleb128 0x3
 420 0137 75050000 		.4byte	.LASF27
 421 013b 07       		.byte	0x7
 422 013c 33       		.byte	0x33
 423 013d B8000000 		.4byte	0xb8
 424 0141 03       		.uleb128 0x3
 425 0142 5D050000 		.4byte	.LASF28
 426 0146 07       		.byte	0x7
 427 0147 3F       		.byte	0x3f
 428 0148 4C010000 		.4byte	0x14c
 429 014c 06       		.uleb128 0x6
 430 014d 36030000 		.4byte	.LASF50
 431 0151 48       		.byte	0x48
 432 0152 08       		.byte	0x8
 433 0153 C2       		.byte	0xc2
 434 0154 51020000 		.4byte	0x251
 435 0158 07       		.uleb128 0x7
 436 0159 D3040000 		.4byte	.LASF29
 437 015d 08       		.byte	0x8
 438 015e C3       		.byte	0xc3
 439 015f 5C020000 		.4byte	0x25c
 440 0163 00       		.byte	0
 441 0164 07       		.uleb128 0x7
 442 0165 51040000 		.4byte	.LASF30
 443 0169 08       		.byte	0x8
 444 016a C5       		.byte	0xc5
 445 016b 5C020000 		.4byte	0x25c
 446 016f 04       		.byte	0x4
 447 0170 07       		.uleb128 0x7
 448 0171 0D020000 		.4byte	.LASF31
 449 0175 08       		.byte	0x8
 450 0176 C7       		.byte	0xc7
 451 0177 0A010000 		.4byte	0x10a
 452 017b 08       		.byte	0x8
 453 017c 07       		.uleb128 0x7
 454 017d 48060000 		.4byte	.LASF32
 455 0181 08       		.byte	0x8
 456 0182 C8       		.byte	0xc8
ARM GAS  C:\Users\IDONNO~1.SON\AppData\Local\Temp\ccxTFrhE.s 			page 9


 457 0183 8C040000 		.4byte	0x48c
 458 0187 0C       		.byte	0xc
 459 0188 07       		.uleb128 0x7
 460 0189 7D020000 		.4byte	.LASF33
 461 018d 08       		.byte	0x8
 462 018e CA       		.byte	0xca
 463 018f 5C020000 		.4byte	0x25c
 464 0193 10       		.byte	0x10
 465 0194 07       		.uleb128 0x7
 466 0195 FD030000 		.4byte	.LASF34
 467 0199 08       		.byte	0x8
 468 019a CB       		.byte	0xcb
 469 019b 5C020000 		.4byte	0x25c
 470 019f 14       		.byte	0x14
 471 01a0 07       		.uleb128 0x7
 472 01a1 17060000 		.4byte	.LASF35
 473 01a5 08       		.byte	0x8
 474 01a6 D2       		.byte	0xd2
 475 01a7 D1060000 		.4byte	0x6d1
 476 01ab 18       		.byte	0x18
 477 01ac 07       		.uleb128 0x7
 478 01ad A6040000 		.4byte	.LASF36
 479 01b1 08       		.byte	0x8
 480 01b2 DD       		.byte	0xdd
 481 01b3 E9000000 		.4byte	0xe9
 482 01b7 1C       		.byte	0x1c
 483 01b8 07       		.uleb128 0x7
 484 01b9 DA040000 		.4byte	.LASF37
 485 01bd 08       		.byte	0x8
 486 01be E1       		.byte	0xe1
 487 01bf DE000000 		.4byte	0xde
 488 01c3 1D       		.byte	0x1d
 489 01c4 07       		.uleb128 0x7
 490 01c5 FB050000 		.4byte	.LASF38
 491 01c9 08       		.byte	0x8
 492 01ca E6       		.byte	0xe6
 493 01cb F4000000 		.4byte	0xf4
 494 01cf 1E       		.byte	0x1e
 495 01d0 07       		.uleb128 0x7
 496 01d1 AE040000 		.4byte	.LASF39
 497 01d5 08       		.byte	0x8
 498 01d6 EC       		.byte	0xec
 499 01d7 FF000000 		.4byte	0xff
 500 01db 1F       		.byte	0x1f
 501 01dc 07       		.uleb128 0x7
 502 01dd FB020000 		.4byte	.LASF40
 503 01e1 08       		.byte	0x8
 504 01e2 F3       		.byte	0xf3
 505 01e3 E3060000 		.4byte	0x6e3
 506 01e7 20       		.byte	0x20
 507 01e8 08       		.uleb128 0x8
 508 01e9 705F7500 		.ascii	"p_u\000"
 509 01ed 08       		.byte	0x8
 510 01ee 3101     		.2byte	0x131
 511 01f0 0C060000 		.4byte	0x60c
 512 01f4 24       		.byte	0x24
 513 01f5 09       		.uleb128 0x9
ARM GAS  C:\Users\IDONNO~1.SON\AppData\Local\Temp\ccxTFrhE.s 			page 10


 514 01f6 C0030000 		.4byte	.LASF41
 515 01fa 08       		.byte	0x8
 516 01fb 3601     		.2byte	0x136
 517 01fd 62020000 		.4byte	0x262
 518 0201 28       		.byte	0x28
 519 0202 09       		.uleb128 0x9
 520 0203 12030000 		.4byte	.LASF42
 521 0207 08       		.byte	0x8
 522 0208 3C01     		.2byte	0x13c
 523 020a 86020000 		.4byte	0x286
 524 020e 2C       		.byte	0x2c
 525 020f 09       		.uleb128 0x9
 526 0210 3A060000 		.4byte	.LASF43
 527 0214 08       		.byte	0x8
 528 0215 4001     		.2byte	0x140
 529 0217 15010000 		.4byte	0x115
 530 021b 34       		.byte	0x34
 531 021c 09       		.uleb128 0x9
 532 021d 13050000 		.4byte	.LASF44
 533 0221 08       		.byte	0x8
 534 0222 4601     		.2byte	0x146
 535 0224 20010000 		.4byte	0x120
 536 0228 38       		.byte	0x38
 537 0229 09       		.uleb128 0x9
 538 022a 92040000 		.4byte	.LASF45
 539 022e 08       		.byte	0x8
 540 022f 4D01     		.2byte	0x14d
 541 0231 CB060000 		.4byte	0x6cb
 542 0235 3C       		.byte	0x3c
 543 0236 09       		.uleb128 0x9
 544 0237 7F050000 		.4byte	.LASF46
 545 023b 08       		.byte	0x8
 546 023c 5101     		.2byte	0x151
 547 023e 0A010000 		.4byte	0x10a
 548 0242 40       		.byte	0x40
 549 0243 09       		.uleb128 0x9
 550 0244 2E020000 		.4byte	.LASF47
 551 0248 08       		.byte	0x8
 552 0249 5801     		.2byte	0x158
 553 024b 39030000 		.4byte	0x339
 554 024f 44       		.byte	0x44
 555 0250 00       		.byte	0
 556 0251 03       		.uleb128 0x3
 557 0252 D3030000 		.4byte	.LASF48
 558 0256 07       		.byte	0x7
 559 0257 44       		.byte	0x44
 560 0258 5C020000 		.4byte	0x25c
 561 025c 0A       		.uleb128 0xa
 562 025d 04       		.byte	0x4
 563 025e 41010000 		.4byte	0x141
 564 0262 03       		.uleb128 0x3
 565 0263 89030000 		.4byte	.LASF49
 566 0267 07       		.byte	0x7
 567 0268 49       		.byte	0x49
 568 0269 6D020000 		.4byte	0x26d
 569 026d 06       		.uleb128 0x6
 570 026e 36050000 		.4byte	.LASF51
ARM GAS  C:\Users\IDONNO~1.SON\AppData\Local\Temp\ccxTFrhE.s 			page 11


 571 0272 04       		.byte	0x4
 572 0273 08       		.byte	0x8
 573 0274 B0       		.byte	0xb0
 574 0275 86020000 		.4byte	0x286
 575 0279 07       		.uleb128 0x7
 576 027a D3040000 		.4byte	.LASF29
 577 027e 08       		.byte	0x8
 578 027f B1       		.byte	0xb1
 579 0280 5C020000 		.4byte	0x25c
 580 0284 00       		.byte	0
 581 0285 00       		.byte	0
 582 0286 03       		.uleb128 0x3
 583 0287 E2050000 		.4byte	.LASF52
 584 028b 07       		.byte	0x7
 585 028c 50       		.byte	0x50
 586 028d 91020000 		.4byte	0x291
 587 0291 06       		.uleb128 0x6
 588 0292 FC010000 		.4byte	.LASF53
 589 0296 08       		.byte	0x8
 590 0297 08       		.byte	0x8
 591 0298 B7       		.byte	0xb7
 592 0299 B6020000 		.4byte	0x2b6
 593 029d 07       		.uleb128 0x7
 594 029e D3040000 		.4byte	.LASF29
 595 02a2 08       		.byte	0x8
 596 02a3 B8       		.byte	0xb8
 597 02a4 5C020000 		.4byte	0x25c
 598 02a8 00       		.byte	0
 599 02a9 07       		.uleb128 0x7
 600 02aa 51040000 		.4byte	.LASF30
 601 02ae 08       		.byte	0x8
 602 02af B9       		.byte	0xb9
 603 02b0 5C020000 		.4byte	0x25c
 604 02b4 04       		.byte	0x4
 605 02b5 00       		.byte	0
 606 02b6 03       		.uleb128 0x3
 607 02b7 07000000 		.4byte	.LASF54
 608 02bb 07       		.byte	0x7
 609 02bc 57       		.byte	0x57
 610 02bd C1020000 		.4byte	0x2c1
 611 02c1 0B       		.uleb128 0xb
 612 02c2 5A030000 		.4byte	.LASF55
 613 02c6 1C       		.byte	0x1c
 614 02c7 08       		.byte	0x8
 615 02c8 9001     		.2byte	0x190
 616 02ca 1D030000 		.4byte	0x31d
 617 02ce 09       		.uleb128 0x9
 618 02cf 2E050000 		.4byte	.LASF56
 619 02d3 08       		.byte	0x8
 620 02d4 9101     		.2byte	0x191
 621 02d6 86020000 		.4byte	0x286
 622 02da 00       		.byte	0
 623 02db 09       		.uleb128 0x9
 624 02dc C5040000 		.4byte	.LASF57
 625 02e0 08       		.byte	0x8
 626 02e1 9201     		.2byte	0x192
 627 02e3 0A010000 		.4byte	0x10a
ARM GAS  C:\Users\IDONNO~1.SON\AppData\Local\Temp\ccxTFrhE.s 			page 12


 628 02e7 08       		.byte	0x8
 629 02e8 09       		.uleb128 0x9
 630 02e9 05040000 		.4byte	.LASF58
 631 02ed 08       		.byte	0x8
 632 02ee 9401     		.2byte	0x194
 633 02f0 8C040000 		.4byte	0x48c
 634 02f4 0C       		.byte	0xc
 635 02f5 09       		.uleb128 0x9
 636 02f6 9A020000 		.4byte	.LASF59
 637 02fa 08       		.byte	0x8
 638 02fb 9701     		.2byte	0x197
 639 02fd 5C020000 		.4byte	0x25c
 640 0301 10       		.byte	0x10
 641 0302 09       		.uleb128 0x9
 642 0303 26040000 		.4byte	.LASF60
 643 0307 08       		.byte	0x8
 644 0308 9801     		.2byte	0x198
 645 030a 5C020000 		.4byte	0x25c
 646 030e 14       		.byte	0x14
 647 030f 09       		.uleb128 0x9
 648 0310 1C040000 		.4byte	.LASF61
 649 0314 08       		.byte	0x8
 650 0315 9B01     		.2byte	0x19b
 651 0317 5C020000 		.4byte	0x25c
 652 031b 18       		.byte	0x18
 653 031c 00       		.byte	0
 654 031d 03       		.uleb128 0x3
 655 031e 8A050000 		.4byte	.LASF62
 656 0322 07       		.byte	0x7
 657 0323 5C       		.byte	0x5c
 658 0324 28030000 		.4byte	0x328
 659 0328 0A       		.uleb128 0xa
 660 0329 04       		.byte	0x4
 661 032a 2E030000 		.4byte	0x32e
 662 032e 0C       		.uleb128 0xc
 663 032f 39030000 		.4byte	0x339
 664 0333 0D       		.uleb128 0xd
 665 0334 39030000 		.4byte	0x339
 666 0338 00       		.byte	0
 667 0339 0E       		.uleb128 0xe
 668 033a 04       		.byte	0x4
 669 033b 03       		.uleb128 0x3
 670 033c 41040000 		.4byte	.LASF63
 671 0340 07       		.byte	0x7
 672 0341 61       		.byte	0x61
 673 0342 46030000 		.4byte	0x346
 674 0346 0B       		.uleb128 0xb
 675 0347 F5040000 		.4byte	.LASF64
 676 034b 14       		.byte	0x14
 677 034c 08       		.byte	0x8
 678 034d 6B01     		.2byte	0x16b
 679 034f 95030000 		.4byte	0x395
 680 0353 09       		.uleb128 0x9
 681 0354 F3020000 		.4byte	.LASF65
 682 0358 08       		.byte	0x8
 683 0359 6C01     		.2byte	0x16c
 684 035b E8060000 		.4byte	0x6e8
ARM GAS  C:\Users\IDONNO~1.SON\AppData\Local\Temp\ccxTFrhE.s 			page 13


 685 035f 00       		.byte	0
 686 0360 09       		.uleb128 0x9
 687 0361 AB020000 		.4byte	.LASF66
 688 0365 08       		.byte	0x8
 689 0366 6D01     		.2byte	0x16d
 690 0368 E8060000 		.4byte	0x6e8
 691 036c 04       		.byte	0x4
 692 036d 09       		.uleb128 0x9
 693 036e 09030000 		.4byte	.LASF67
 694 0372 08       		.byte	0x8
 695 0373 6E01     		.2byte	0x16e
 696 0375 36010000 		.4byte	0x136
 697 0379 08       		.byte	0x8
 698 037a 09       		.uleb128 0x9
 699 037b 4E060000 		.4byte	.LASF68
 700 037f 08       		.byte	0x8
 701 0380 6F01     		.2byte	0x16f
 702 0382 1D030000 		.4byte	0x31d
 703 0386 0C       		.byte	0xc
 704 0387 09       		.uleb128 0x9
 705 0388 CD050000 		.4byte	.LASF69
 706 038c 08       		.byte	0x8
 707 038d 7101     		.2byte	0x171
 708 038f 39030000 		.4byte	0x339
 709 0393 10       		.byte	0x10
 710 0394 00       		.byte	0
 711 0395 03       		.uleb128 0x3
 712 0396 D9010000 		.4byte	.LASF70
 713 039a 07       		.byte	0x7
 714 039b 66       		.byte	0x66
 715 039c A0030000 		.4byte	0x3a0
 716 03a0 0B       		.uleb128 0xb
 717 03a1 E6030000 		.4byte	.LASF71
 718 03a5 10       		.byte	0x10
 719 03a6 08       		.byte	0x8
 720 03a7 7B01     		.2byte	0x17b
 721 03a9 E2030000 		.4byte	0x3e2
 722 03ad 09       		.uleb128 0x9
 723 03ae F3020000 		.4byte	.LASF65
 724 03b2 08       		.byte	0x8
 725 03b3 7C01     		.2byte	0x17c
 726 03b5 E8060000 		.4byte	0x6e8
 727 03b9 00       		.byte	0
 728 03ba 09       		.uleb128 0x9
 729 03bb AB020000 		.4byte	.LASF66
 730 03bf 08       		.byte	0x8
 731 03c0 7E01     		.2byte	0x17e
 732 03c2 E8060000 		.4byte	0x6e8
 733 03c6 04       		.byte	0x4
 734 03c7 09       		.uleb128 0x9
 735 03c8 09030000 		.4byte	.LASF67
 736 03cc 08       		.byte	0x8
 737 03cd 8001     		.2byte	0x180
 738 03cf 36010000 		.4byte	0x136
 739 03d3 08       		.byte	0x8
 740 03d4 09       		.uleb128 0x9
 741 03d5 23060000 		.4byte	.LASF72
ARM GAS  C:\Users\IDONNO~1.SON\AppData\Local\Temp\ccxTFrhE.s 			page 14


 742 03d9 08       		.byte	0x8
 743 03da 8201     		.2byte	0x182
 744 03dc E3060000 		.4byte	0x6e3
 745 03e0 0C       		.byte	0xc
 746 03e1 00       		.byte	0
 747 03e2 03       		.uleb128 0x3
 748 03e3 4D000000 		.4byte	.LASF73
 749 03e7 07       		.byte	0x7
 750 03e8 6B       		.byte	0x6b
 751 03e9 ED030000 		.4byte	0x3ed
 752 03ed 0B       		.uleb128 0xb
 753 03ee B3020000 		.4byte	.LASF74
 754 03f2 04       		.byte	0x4
 755 03f3 08       		.byte	0x8
 756 03f4 A201     		.2byte	0x1a2
 757 03f6 08040000 		.4byte	0x408
 758 03fa 09       		.uleb128 0x9
 759 03fb AC050000 		.4byte	.LASF75
 760 03ff 08       		.byte	0x8
 761 0400 AA01     		.2byte	0x1aa
 762 0402 EE060000 		.4byte	0x6ee
 763 0406 00       		.byte	0
 764 0407 00       		.byte	0
 765 0408 03       		.uleb128 0x3
 766 0409 46030000 		.4byte	.LASF76
 767 040d 07       		.byte	0x7
 768 040e 70       		.byte	0x70
 769 040f 13040000 		.4byte	0x413
 770 0413 0F       		.uleb128 0xf
 771 0414 61020000 		.4byte	.LASF77
 772 0418 5802     		.2byte	0x258
 773 041a 08       		.byte	0x8
 774 041b C201     		.2byte	0x1c2
 775 041d 6F040000 		.4byte	0x46f
 776 0421 09       		.uleb128 0x9
 777 0422 02060000 		.4byte	.LASF78
 778 0426 08       		.byte	0x8
 779 0427 C601     		.2byte	0x1c6
 780 0429 B6020000 		.4byte	0x2b6
 781 042d 00       		.byte	0
 782 042e 09       		.uleb128 0x9
 783 042f 3E020000 		.4byte	.LASF79
 784 0433 08       		.byte	0x8
 785 0434 CA01     		.2byte	0x1ca
 786 0436 95030000 		.4byte	0x395
 787 043a 1C       		.byte	0x1c
 788 043b 08       		.uleb128 0x8
 789 043c 64626700 		.ascii	"dbg\000"
 790 0440 08       		.byte	0x8
 791 0441 CE01     		.2byte	0x1ce
 792 0443 E2030000 		.4byte	0x3e2
 793 0447 2C       		.byte	0x2c
 794 0448 09       		.uleb128 0x9
 795 0449 CE010000 		.4byte	.LASF80
 796 044d 08       		.byte	0x8
 797 044e D201     		.2byte	0x1d2
 798 0450 41010000 		.4byte	0x141
ARM GAS  C:\Users\IDONNO~1.SON\AppData\Local\Temp\ccxTFrhE.s 			page 15


 799 0454 30       		.byte	0x30
 800 0455 08       		.uleb128 0x8
 801 0456 746D00   		.ascii	"tm\000"
 802 0459 08       		.byte	0x8
 803 045a D701     		.2byte	0x1d7
 804 045c 01060000 		.4byte	0x601
 805 0460 78       		.byte	0x78
 806 0461 09       		.uleb128 0x9
 807 0462 D1020000 		.4byte	.LASF81
 808 0466 08       		.byte	0x8
 809 0467 E301     		.2byte	0x1e3
 810 0469 F3060000 		.4byte	0x6f3
 811 046d 80       		.byte	0x80
 812 046e 00       		.byte	0
 813 046f 04       		.uleb128 0x4
 814 0470 04       		.byte	0x4
 815 0471 07       		.byte	0x7
 816 0472 CA030000 		.4byte	.LASF82
 817 0476 03       		.uleb128 0x3
 818 0477 A2020000 		.4byte	.LASF83
 819 047b 09       		.byte	0x9
 820 047c 65       		.byte	0x65
 821 047d 39030000 		.4byte	0x339
 822 0481 03       		.uleb128 0x3
 823 0482 7E030000 		.4byte	.LASF84
 824 0486 09       		.byte	0x9
 825 0487 6D       		.byte	0x6d
 826 0488 C3000000 		.4byte	0xc3
 827 048c 06       		.uleb128 0x6
 828 048d BD050000 		.4byte	.LASF85
 829 0491 04       		.byte	0x4
 830 0492 09       		.byte	0x9
 831 0493 89       		.byte	0x89
 832 0494 A5040000 		.4byte	0x4a5
 833 0498 10       		.uleb128 0x10
 834 0499 72313300 		.ascii	"r13\000"
 835 049d 09       		.byte	0x9
 836 049e 8A       		.byte	0x8a
 837 049f E6050000 		.4byte	0x5e6
 838 04a3 00       		.byte	0
 839 04a4 00       		.byte	0
 840 04a5 06       		.uleb128 0x6
 841 04a6 41000000 		.4byte	.LASF86
 842 04aa 64       		.byte	0x64
 843 04ab 0A       		.byte	0xa
 844 04ac F4       		.byte	0xf4
 845 04ad E6050000 		.4byte	0x5e6
 846 04b1 10       		.uleb128 0x10
 847 04b2 73313600 		.ascii	"s16\000"
 848 04b6 0A       		.byte	0xa
 849 04b7 F6       		.byte	0xf6
 850 04b8 76040000 		.4byte	0x476
 851 04bc 00       		.byte	0
 852 04bd 10       		.uleb128 0x10
 853 04be 73313700 		.ascii	"s17\000"
 854 04c2 0A       		.byte	0xa
 855 04c3 F7       		.byte	0xf7
ARM GAS  C:\Users\IDONNO~1.SON\AppData\Local\Temp\ccxTFrhE.s 			page 16


 856 04c4 76040000 		.4byte	0x476
 857 04c8 04       		.byte	0x4
 858 04c9 10       		.uleb128 0x10
 859 04ca 73313800 		.ascii	"s18\000"
 860 04ce 0A       		.byte	0xa
 861 04cf F8       		.byte	0xf8
 862 04d0 76040000 		.4byte	0x476
 863 04d4 08       		.byte	0x8
 864 04d5 10       		.uleb128 0x10
 865 04d6 73313900 		.ascii	"s19\000"
 866 04da 0A       		.byte	0xa
 867 04db F9       		.byte	0xf9
 868 04dc 76040000 		.4byte	0x476
 869 04e0 0C       		.byte	0xc
 870 04e1 10       		.uleb128 0x10
 871 04e2 73323000 		.ascii	"s20\000"
 872 04e6 0A       		.byte	0xa
 873 04e7 FA       		.byte	0xfa
 874 04e8 76040000 		.4byte	0x476
 875 04ec 10       		.byte	0x10
 876 04ed 10       		.uleb128 0x10
 877 04ee 73323100 		.ascii	"s21\000"
 878 04f2 0A       		.byte	0xa
 879 04f3 FB       		.byte	0xfb
 880 04f4 76040000 		.4byte	0x476
 881 04f8 14       		.byte	0x14
 882 04f9 10       		.uleb128 0x10
 883 04fa 73323200 		.ascii	"s22\000"
 884 04fe 0A       		.byte	0xa
 885 04ff FC       		.byte	0xfc
 886 0500 76040000 		.4byte	0x476
 887 0504 18       		.byte	0x18
 888 0505 10       		.uleb128 0x10
 889 0506 73323300 		.ascii	"s23\000"
 890 050a 0A       		.byte	0xa
 891 050b FD       		.byte	0xfd
 892 050c 76040000 		.4byte	0x476
 893 0510 1C       		.byte	0x1c
 894 0511 10       		.uleb128 0x10
 895 0512 73323400 		.ascii	"s24\000"
 896 0516 0A       		.byte	0xa
 897 0517 FE       		.byte	0xfe
 898 0518 76040000 		.4byte	0x476
 899 051c 20       		.byte	0x20
 900 051d 10       		.uleb128 0x10
 901 051e 73323500 		.ascii	"s25\000"
 902 0522 0A       		.byte	0xa
 903 0523 FF       		.byte	0xff
 904 0524 76040000 		.4byte	0x476
 905 0528 24       		.byte	0x24
 906 0529 08       		.uleb128 0x8
 907 052a 73323600 		.ascii	"s26\000"
 908 052e 0A       		.byte	0xa
 909 052f 0001     		.2byte	0x100
 910 0531 76040000 		.4byte	0x476
 911 0535 28       		.byte	0x28
 912 0536 08       		.uleb128 0x8
ARM GAS  C:\Users\IDONNO~1.SON\AppData\Local\Temp\ccxTFrhE.s 			page 17


 913 0537 73323700 		.ascii	"s27\000"
 914 053b 0A       		.byte	0xa
 915 053c 0101     		.2byte	0x101
 916 053e 76040000 		.4byte	0x476
 917 0542 2C       		.byte	0x2c
 918 0543 08       		.uleb128 0x8
 919 0544 73323800 		.ascii	"s28\000"
 920 0548 0A       		.byte	0xa
 921 0549 0201     		.2byte	0x102
 922 054b 76040000 		.4byte	0x476
 923 054f 30       		.byte	0x30
 924 0550 08       		.uleb128 0x8
 925 0551 73323900 		.ascii	"s29\000"
 926 0555 0A       		.byte	0xa
 927 0556 0301     		.2byte	0x103
 928 0558 76040000 		.4byte	0x476
 929 055c 34       		.byte	0x34
 930 055d 08       		.uleb128 0x8
 931 055e 73333000 		.ascii	"s30\000"
 932 0562 0A       		.byte	0xa
 933 0563 0401     		.2byte	0x104
 934 0565 76040000 		.4byte	0x476
 935 0569 38       		.byte	0x38
 936 056a 08       		.uleb128 0x8
 937 056b 73333100 		.ascii	"s31\000"
 938 056f 0A       		.byte	0xa
 939 0570 0501     		.2byte	0x105
 940 0572 76040000 		.4byte	0x476
 941 0576 3C       		.byte	0x3c
 942 0577 08       		.uleb128 0x8
 943 0578 723400   		.ascii	"r4\000"
 944 057b 0A       		.byte	0xa
 945 057c 0701     		.2byte	0x107
 946 057e 76040000 		.4byte	0x476
 947 0582 40       		.byte	0x40
 948 0583 08       		.uleb128 0x8
 949 0584 723500   		.ascii	"r5\000"
 950 0587 0A       		.byte	0xa
 951 0588 0801     		.2byte	0x108
 952 058a 76040000 		.4byte	0x476
 953 058e 44       		.byte	0x44
 954 058f 08       		.uleb128 0x8
 955 0590 723600   		.ascii	"r6\000"
 956 0593 0A       		.byte	0xa
 957 0594 0901     		.2byte	0x109
 958 0596 76040000 		.4byte	0x476
 959 059a 48       		.byte	0x48
 960 059b 08       		.uleb128 0x8
 961 059c 723700   		.ascii	"r7\000"
 962 059f 0A       		.byte	0xa
 963 05a0 0A01     		.2byte	0x10a
 964 05a2 76040000 		.4byte	0x476
 965 05a6 4C       		.byte	0x4c
 966 05a7 08       		.uleb128 0x8
 967 05a8 723800   		.ascii	"r8\000"
 968 05ab 0A       		.byte	0xa
 969 05ac 0B01     		.2byte	0x10b
ARM GAS  C:\Users\IDONNO~1.SON\AppData\Local\Temp\ccxTFrhE.s 			page 18


 970 05ae 76040000 		.4byte	0x476
 971 05b2 50       		.byte	0x50
 972 05b3 08       		.uleb128 0x8
 973 05b4 723900   		.ascii	"r9\000"
 974 05b7 0A       		.byte	0xa
 975 05b8 0C01     		.2byte	0x10c
 976 05ba 76040000 		.4byte	0x476
 977 05be 54       		.byte	0x54
 978 05bf 08       		.uleb128 0x8
 979 05c0 72313000 		.ascii	"r10\000"
 980 05c4 0A       		.byte	0xa
 981 05c5 0D01     		.2byte	0x10d
 982 05c7 76040000 		.4byte	0x476
 983 05cb 58       		.byte	0x58
 984 05cc 08       		.uleb128 0x8
 985 05cd 72313100 		.ascii	"r11\000"
 986 05d1 0A       		.byte	0xa
 987 05d2 0E01     		.2byte	0x10e
 988 05d4 76040000 		.4byte	0x476
 989 05d8 5C       		.byte	0x5c
 990 05d9 08       		.uleb128 0x8
 991 05da 6C7200   		.ascii	"lr\000"
 992 05dd 0A       		.byte	0xa
 993 05de 0F01     		.2byte	0x10f
 994 05e0 76040000 		.4byte	0x476
 995 05e4 60       		.byte	0x60
 996 05e5 00       		.byte	0
 997 05e6 0A       		.uleb128 0xa
 998 05e7 04       		.byte	0x4
 999 05e8 A5040000 		.4byte	0x4a5
 1000 05ec 11       		.uleb128 0x11
 1001 05ed 04       		.byte	0x4
 1002 05ee 0B       		.byte	0xb
 1003 05ef 38       		.byte	0x38
 1004 05f0 01060000 		.4byte	0x601
 1005 05f4 07       		.uleb128 0x7
 1006 05f5 B6050000 		.4byte	.LASF87
 1007 05f9 0B       		.byte	0xb
 1008 05fa 3C       		.byte	0x3c
 1009 05fb D3000000 		.4byte	0xd3
 1010 05ff 00       		.byte	0
 1011 0600 00       		.byte	0
 1012 0601 03       		.uleb128 0x3
 1013 0602 0B040000 		.4byte	.LASF88
 1014 0606 0B       		.byte	0xb
 1015 0607 3D       		.byte	0x3d
 1016 0608 EC050000 		.4byte	0x5ec
 1017 060c 12       		.uleb128 0x12
 1018 060d 04       		.byte	0x4
 1019 060e 08       		.byte	0x8
 1020 060f FA       		.byte	0xfa
 1021 0610 69060000 		.4byte	0x669
 1022 0614 13       		.uleb128 0x13
 1023 0615 1B000000 		.4byte	.LASF89
 1024 0619 08       		.byte	0x8
 1025 061a 0101     		.2byte	0x101
 1026 061c 15010000 		.4byte	0x115
ARM GAS  C:\Users\IDONNO~1.SON\AppData\Local\Temp\ccxTFrhE.s 			page 19


 1027 0620 13       		.uleb128 0x13
 1028 0621 C5010000 		.4byte	.LASF90
 1029 0625 08       		.byte	0x8
 1030 0626 0801     		.2byte	0x108
 1031 0628 15010000 		.4byte	0x115
 1032 062c 13       		.uleb128 0x13
 1033 062d 10060000 		.4byte	.LASF91
 1034 0631 08       		.byte	0x8
 1035 0632 0F01     		.2byte	0x10f
 1036 0634 39030000 		.4byte	0x339
 1037 0638 13       		.uleb128 0x13
 1038 0639 5B020000 		.4byte	.LASF92
 1039 063d 08       		.byte	0x8
 1040 063e 1601     		.2byte	0x116
 1041 0640 69060000 		.4byte	0x669
 1042 0644 13       		.uleb128 0x13
 1043 0645 02030000 		.4byte	.LASF93
 1044 0649 08       		.byte	0x8
 1045 064a 1E01     		.2byte	0x11e
 1046 064c 94060000 		.4byte	0x694
 1047 0650 13       		.uleb128 0x13
 1048 0651 27050000 		.4byte	.LASF94
 1049 0655 08       		.byte	0x8
 1050 0656 2701     		.2byte	0x127
 1051 0658 CB060000 		.4byte	0x6cb
 1052 065c 13       		.uleb128 0x13
 1053 065d CC040000 		.4byte	.LASF95
 1054 0661 08       		.byte	0x8
 1055 0662 2F01     		.2byte	0x12f
 1056 0664 20010000 		.4byte	0x120
 1057 0668 00       		.byte	0
 1058 0669 0A       		.uleb128 0xa
 1059 066a 04       		.byte	0x4
 1060 066b 51020000 		.4byte	0x251
 1061 066f 06       		.uleb128 0x6
 1062 0670 06050000 		.4byte	.LASF96
 1063 0674 0C       		.byte	0xc
 1064 0675 0C       		.byte	0xc
 1065 0676 34       		.byte	0x34
 1066 0677 94060000 		.4byte	0x694
 1067 067b 07       		.uleb128 0x7
 1068 067c 85020000 		.4byte	.LASF97
 1069 0680 0C       		.byte	0xc
 1070 0681 35       		.byte	0x35
 1071 0682 86020000 		.4byte	0x286
 1072 0686 00       		.byte	0
 1073 0687 07       		.uleb128 0x7
 1074 0688 1D030000 		.4byte	.LASF98
 1075 068c 0C       		.byte	0xc
 1076 068d 37       		.byte	0x37
 1077 068e 2B010000 		.4byte	0x12b
 1078 0692 08       		.byte	0x8
 1079 0693 00       		.byte	0
 1080 0694 0A       		.uleb128 0xa
 1081 0695 04       		.byte	0x4
 1082 0696 6F060000 		.4byte	0x66f
 1083 069a 06       		.uleb128 0x6
ARM GAS  C:\Users\IDONNO~1.SON\AppData\Local\Temp\ccxTFrhE.s 			page 20


 1084 069b F2050000 		.4byte	.LASF99
 1085 069f 10       		.byte	0x10
 1086 06a0 0D       		.byte	0xd
 1087 06a1 39       		.byte	0x39
 1088 06a2 CB060000 		.4byte	0x6cb
 1089 06a6 07       		.uleb128 0x7
 1090 06a7 36020000 		.4byte	.LASF100
 1091 06ab 0D       		.byte	0xd
 1092 06ac 3A       		.byte	0x3a
 1093 06ad 86020000 		.4byte	0x286
 1094 06b1 00       		.byte	0
 1095 06b2 07       		.uleb128 0x7
 1096 06b3 40060000 		.4byte	.LASF101
 1097 06b7 0D       		.byte	0xd
 1098 06b8 3C       		.byte	0x3c
 1099 06b9 5C020000 		.4byte	0x25c
 1100 06bd 08       		.byte	0x8
 1101 06be 07       		.uleb128 0x7
 1102 06bf 6E050000 		.4byte	.LASF102
 1103 06c3 0D       		.byte	0xd
 1104 06c4 3E       		.byte	0x3e
 1105 06c5 0E070000 		.4byte	0x70e
 1106 06c9 0C       		.byte	0xc
 1107 06ca 00       		.byte	0
 1108 06cb 0A       		.uleb128 0xa
 1109 06cc 04       		.byte	0x4
 1110 06cd 9A060000 		.4byte	0x69a
 1111 06d1 0A       		.uleb128 0xa
 1112 06d2 04       		.byte	0x4
 1113 06d3 DE060000 		.4byte	0x6de
 1114 06d7 04       		.uleb128 0x4
 1115 06d8 01       		.byte	0x1
 1116 06d9 08       		.byte	0x8
 1117 06da 58050000 		.4byte	.LASF103
 1118 06de 14       		.uleb128 0x14
 1119 06df D7060000 		.4byte	0x6d7
 1120 06e3 05       		.uleb128 0x5
 1121 06e4 36010000 		.4byte	0x136
 1122 06e8 0A       		.uleb128 0xa
 1123 06e9 04       		.byte	0x4
 1124 06ea 3B030000 		.4byte	0x33b
 1125 06ee 05       		.uleb128 0x5
 1126 06ef D1060000 		.4byte	0x6d1
 1127 06f3 15       		.uleb128 0x15
 1128 06f4 81040000 		.4byte	0x481
 1129 06f8 03070000 		.4byte	0x703
 1130 06fc 16       		.uleb128 0x16
 1131 06fd 6F040000 		.4byte	0x46f
 1132 0701 3A       		.byte	0x3a
 1133 0702 00       		.byte	0
 1134 0703 03       		.uleb128 0x3
 1135 0704 C3020000 		.4byte	.LASF104
 1136 0708 0D       		.byte	0xd
 1137 0709 34       		.byte	0x34
 1138 070a 9A060000 		.4byte	0x69a
 1139 070e 0A       		.uleb128 0xa
 1140 070f 04       		.byte	0x4
ARM GAS  C:\Users\IDONNO~1.SON\AppData\Local\Temp\ccxTFrhE.s 			page 21


 1141 0710 03070000 		.4byte	0x703
 1142 0714 0A       		.uleb128 0xa
 1143 0715 04       		.byte	0x4
 1144 0716 A2000000 		.4byte	0xa2
 1145 071a 17       		.uleb128 0x17
 1146 071b 9E050000 		.4byte	.LASF107
 1147 071f 02       		.byte	0x2
 1148 0720 2002     		.2byte	0x220
 1149 0722 03       		.byte	0x3
 1150 0723 34070000 		.4byte	0x734
 1151 0727 18       		.uleb128 0x18
 1152 0728 CB020000 		.4byte	.LASF109
 1153 072c 02       		.byte	0x2
 1154 072d 2002     		.2byte	0x220
 1155 072f B8000000 		.4byte	0xb8
 1156 0733 00       		.byte	0
 1157 0734 19       		.uleb128 0x19
 1158 0735 80010000 		.4byte	.LASF105
 1159 0739 0A       		.byte	0xa
 1160 073a BC01     		.2byte	0x1bc
 1161 073c 03       		.byte	0x3
 1162 073d 19       		.uleb128 0x19
 1163 073e 45020000 		.4byte	.LASF106
 1164 0742 0A       		.byte	0xa
 1165 0743 CA01     		.2byte	0x1ca
 1166 0745 03       		.byte	0x3
 1167 0746 17       		.uleb128 0x17
 1168 0747 2E060000 		.4byte	.LASF108
 1169 074b 0E       		.byte	0xe
 1170 074c 6601     		.2byte	0x166
 1171 074e 03       		.byte	0x3
 1172 074f 61070000 		.4byte	0x761
 1173 0753 1A       		.uleb128 0x1a
 1174 0754 E2040000 		.4byte	.LASF111
 1175 0758 71070000 		.4byte	0x771
 1176 075c 2E060000 		.4byte	.LASF108
 1177 0760 00       		.byte	0
 1178 0761 15       		.uleb128 0x15
 1179 0762 DE060000 		.4byte	0x6de
 1180 0766 71070000 		.4byte	0x771
 1181 076a 16       		.uleb128 0x16
 1182 076b 6F040000 		.4byte	0x46f
 1183 076f 0B       		.byte	0xb
 1184 0770 00       		.byte	0
 1185 0771 14       		.uleb128 0x14
 1186 0772 61070000 		.4byte	0x761
 1187 0776 1B       		.uleb128 0x1b
 1188 0777 8D020000 		.4byte	.LASF121
 1189 077b 01       		.byte	0x1
 1190 077c 83       		.byte	0x83
 1191 077d 39030000 		.4byte	0x339
 1192 0781 01       		.byte	0x1
 1193 0782 9B070000 		.4byte	0x79b
 1194 0786 1C       		.uleb128 0x1c
 1195 0787 1E060000 		.4byte	.LASF110
 1196 078b 01       		.byte	0x1
 1197 078c 83       		.byte	0x83
ARM GAS  C:\Users\IDONNO~1.SON\AppData\Local\Temp\ccxTFrhE.s 			page 22


 1198 078d 2C000000 		.4byte	0x2c
 1199 0791 1D       		.uleb128 0x1d
 1200 0792 7000     		.ascii	"p\000"
 1201 0794 01       		.byte	0x1
 1202 0795 84       		.byte	0x84
 1203 0796 39030000 		.4byte	0x339
 1204 079a 00       		.byte	0
 1205 079b 19       		.uleb128 0x19
 1206 079c EB040000 		.4byte	.LASF112
 1207 07a0 0E       		.byte	0xe
 1208 07a1 5A01     		.2byte	0x15a
 1209 07a3 03       		.byte	0x3
 1210 07a4 1E       		.uleb128 0x1e
 1211 07a5 87040000 		.4byte	.LASF122
 1212 07a9 01       		.byte	0x1
 1213 07aa 4E       		.byte	0x4e
 1214 07ab 00000000 		.4byte	.LFB219
 1215 07af 28000000 		.4byte	.LFE219-.LFB219
 1216 07b3 01       		.uleb128 0x1
 1217 07b4 9C       		.byte	0x9c
 1218 07b5 D0070000 		.4byte	0x7d0
 1219 07b9 1F       		.uleb128 0x1f
 1220 07ba D4050000 		.4byte	.LASF113
 1221 07be 01       		.byte	0x1
 1222 07bf 50       		.byte	0x50
 1223 07c0 D0070000 		.4byte	0x7d0
 1224 07c4 1F       		.uleb128 0x1f
 1225 07c5 B8040000 		.4byte	.LASF114
 1226 07c9 01       		.byte	0x1
 1227 07ca 51       		.byte	0x51
 1228 07cb D0070000 		.4byte	0x7d0
 1229 07cf 00       		.byte	0
 1230 07d0 15       		.uleb128 0x15
 1231 07d1 A2000000 		.4byte	0xa2
 1232 07d5 DB070000 		.4byte	0x7db
 1233 07d9 20       		.uleb128 0x20
 1234 07da 00       		.byte	0
 1235 07db 21       		.uleb128 0x21
 1236 07dc 2B000000 		.4byte	.LASF123
 1237 07e0 01       		.byte	0x1
 1238 07e1 6D       		.byte	0x6d
 1239 07e2 39030000 		.4byte	0x339
 1240 07e6 00000000 		.4byte	.LFB220
 1241 07ea 38000000 		.4byte	.LFE220-.LFB220
 1242 07ee 01       		.uleb128 0x1
 1243 07ef 9C       		.byte	0x9c
 1244 07f0 C4080000 		.4byte	0x8c4
 1245 07f4 22       		.uleb128 0x22
 1246 07f5 1E060000 		.4byte	.LASF110
 1247 07f9 01       		.byte	0x1
 1248 07fa 6D       		.byte	0x6d
 1249 07fb 2C000000 		.4byte	0x2c
 1250 07ff 00000000 		.4byte	.LLST0
 1251 0803 1D       		.uleb128 0x1d
 1252 0804 7000     		.ascii	"p\000"
 1253 0806 01       		.byte	0x1
 1254 0807 6E       		.byte	0x6e
ARM GAS  C:\Users\IDONNO~1.SON\AppData\Local\Temp\ccxTFrhE.s 			page 23


 1255 0808 39030000 		.4byte	0x339
 1256 080c 23       		.uleb128 0x23
 1257 080d 9B070000 		.4byte	0x79b
 1258 0811 02000000 		.4byte	.LBB26
 1259 0815 06000000 		.4byte	.LBE26-.LBB26
 1260 0819 01       		.byte	0x1
 1261 081a 70       		.byte	0x70
 1262 081b 4B080000 		.4byte	0x84b
 1263 081f 24       		.uleb128 0x24
 1264 0820 34070000 		.4byte	0x734
 1265 0824 02000000 		.4byte	.LBB27
 1266 0828 06000000 		.4byte	.LBE27-.LBB27
 1267 082c 0E       		.byte	0xe
 1268 082d 5C01     		.2byte	0x15c
 1269 082f 24       		.uleb128 0x24
 1270 0830 1A070000 		.4byte	0x71a
 1271 0834 02000000 		.4byte	.LBB28
 1272 0838 06000000 		.4byte	.LBE28-.LBB28
 1273 083c 0A       		.byte	0xa
 1274 083d BF01     		.2byte	0x1bf
 1275 083f 25       		.uleb128 0x25
 1276 0840 27070000 		.4byte	0x727
 1277 0844 21000000 		.4byte	.LLST1
 1278 0848 00       		.byte	0
 1279 0849 00       		.byte	0
 1280 084a 00       		.byte	0
 1281 084b 23       		.uleb128 0x23
 1282 084c 76070000 		.4byte	0x776
 1283 0850 08000000 		.4byte	.LBB30
 1284 0854 1C000000 		.4byte	.LBE30-.LBB30
 1285 0858 01       		.byte	0x1
 1286 0859 71       		.byte	0x71
 1287 085a 79080000 		.4byte	0x879
 1288 085e 25       		.uleb128 0x25
 1289 085f 86070000 		.4byte	0x786
 1290 0863 36000000 		.4byte	.LLST2
 1291 0867 26       		.uleb128 0x26
 1292 0868 08000000 		.4byte	.LBB31
 1293 086c 1C000000 		.4byte	.LBE31-.LBB31
 1294 0870 27       		.uleb128 0x27
 1295 0871 91070000 		.4byte	0x791
 1296 0875 01       		.uleb128 0x1
 1297 0876 52       		.byte	0x52
 1298 0877 00       		.byte	0
 1299 0878 00       		.byte	0
 1300 0879 28       		.uleb128 0x28
 1301 087a 46070000 		.4byte	0x746
 1302 087e 24000000 		.4byte	.LBB32
 1303 0882 06000000 		.4byte	.LBE32-.LBB32
 1304 0886 01       		.byte	0x1
 1305 0887 72       		.byte	0x72
 1306 0888 26       		.uleb128 0x26
 1307 0889 24000000 		.4byte	.LBB33
 1308 088d 06000000 		.4byte	.LBE33-.LBB33
 1309 0891 29       		.uleb128 0x29
 1310 0892 53070000 		.4byte	0x753
 1311 0896 24       		.uleb128 0x24
ARM GAS  C:\Users\IDONNO~1.SON\AppData\Local\Temp\ccxTFrhE.s 			page 24


 1312 0897 3D070000 		.4byte	0x73d
 1313 089b 24000000 		.4byte	.LBB34
 1314 089f 06000000 		.4byte	.LBE34-.LBB34
 1315 08a3 0E       		.byte	0xe
 1316 08a4 7301     		.2byte	0x173
 1317 08a6 24       		.uleb128 0x24
 1318 08a7 1A070000 		.4byte	0x71a
 1319 08ab 24000000 		.4byte	.LBB35
 1320 08af 06000000 		.4byte	.LBE35-.LBB35
 1321 08b3 0A       		.byte	0xa
 1322 08b4 CD01     		.2byte	0x1cd
 1323 08b6 25       		.uleb128 0x25
 1324 08b7 27070000 		.4byte	0x727
 1325 08bb 77000000 		.4byte	.LLST3
 1326 08bf 00       		.byte	0
 1327 08c0 00       		.byte	0
 1328 08c1 00       		.byte	0
 1329 08c2 00       		.byte	0
 1330 08c3 00       		.byte	0
 1331 08c4 2A       		.uleb128 0x2a
 1332 08c5 76070000 		.4byte	0x776
 1333 08c9 00000000 		.4byte	.LFB221
 1334 08cd 2C000000 		.4byte	.LFE221-.LFB221
 1335 08d1 01       		.uleb128 0x1
 1336 08d2 9C       		.byte	0x9c
 1337 08d3 E8080000 		.4byte	0x8e8
 1338 08d7 25       		.uleb128 0x25
 1339 08d8 86070000 		.4byte	0x786
 1340 08dc 8B000000 		.4byte	.LLST4
 1341 08e0 27       		.uleb128 0x27
 1342 08e1 91070000 		.4byte	0x791
 1343 08e5 01       		.uleb128 0x1
 1344 08e6 52       		.byte	0x52
 1345 08e7 00       		.byte	0
 1346 08e8 2B       		.uleb128 0x2b
 1347 08e9 60040000 		.4byte	.LASF124
 1348 08ed 01       		.byte	0x1
 1349 08ee 9B       		.byte	0x9b
 1350 08ef 2C000000 		.4byte	0x2c
 1351 08f3 00000000 		.4byte	.LFB222
 1352 08f7 14000000 		.4byte	.LFE222-.LFB222
 1353 08fb 01       		.uleb128 0x1
 1354 08fc 9C       		.byte	0x9c
 1355 08fd 2C       		.uleb128 0x2c
 1356 08fe 66050000 		.4byte	.LASF115
 1357 0902 01       		.byte	0x1
 1358 0903 3E       		.byte	0x3e
 1359 0904 14070000 		.4byte	0x714
 1360 0908 05       		.uleb128 0x5
 1361 0909 03       		.byte	0x3
 1362 090a 00000000 		.4byte	nextmem
 1363 090e 2C       		.uleb128 0x2c
 1364 090f 00000000 		.4byte	.LASF116
 1365 0913 01       		.byte	0x1
 1366 0914 3F       		.byte	0x3f
 1367 0915 14070000 		.4byte	0x714
 1368 0919 05       		.uleb128 0x5
ARM GAS  C:\Users\IDONNO~1.SON\AppData\Local\Temp\ccxTFrhE.s 			page 25


 1369 091a 03       		.byte	0x3
 1370 091b 00000000 		.4byte	endmem
 1371 091f 2D       		.uleb128 0x2d
 1372 0920 EF010000 		.4byte	.LASF117
 1373 0924 0F       		.byte	0xf
 1374 0925 A706     		.2byte	0x6a7
 1375 0927 CE000000 		.4byte	0xce
 1376 092b 2E       		.uleb128 0x2e
 1377 092c 636800   		.ascii	"ch\000"
 1378 092f 08       		.byte	0x8
 1379 0930 0902     		.2byte	0x209
 1380 0932 08040000 		.4byte	0x408
 1381 0936 1F       		.uleb128 0x1f
 1382 0937 D4050000 		.4byte	.LASF113
 1383 093b 01       		.byte	0x1
 1384 093c 50       		.byte	0x50
 1385 093d D0070000 		.4byte	0x7d0
 1386 0941 1F       		.uleb128 0x1f
 1387 0942 B8040000 		.4byte	.LASF114
 1388 0946 01       		.byte	0x1
 1389 0947 51       		.byte	0x51
 1390 0948 D0070000 		.4byte	0x7d0
 1391 094c 00       		.byte	0
 1392              		.section	.debug_abbrev,"",%progbits
 1393              	.Ldebug_abbrev0:
 1394 0000 01       		.uleb128 0x1
 1395 0001 11       		.uleb128 0x11
 1396 0002 01       		.byte	0x1
 1397 0003 25       		.uleb128 0x25
 1398 0004 0E       		.uleb128 0xe
 1399 0005 13       		.uleb128 0x13
 1400 0006 0B       		.uleb128 0xb
 1401 0007 03       		.uleb128 0x3
 1402 0008 0E       		.uleb128 0xe
 1403 0009 1B       		.uleb128 0x1b
 1404 000a 0E       		.uleb128 0xe
 1405 000b 55       		.uleb128 0x55
 1406 000c 17       		.uleb128 0x17
 1407 000d 11       		.uleb128 0x11
 1408 000e 01       		.uleb128 0x1
 1409 000f 10       		.uleb128 0x10
 1410 0010 17       		.uleb128 0x17
 1411 0011 00       		.byte	0
 1412 0012 00       		.byte	0
 1413 0013 02       		.uleb128 0x2
 1414 0014 24       		.uleb128 0x24
 1415 0015 00       		.byte	0
 1416 0016 0B       		.uleb128 0xb
 1417 0017 0B       		.uleb128 0xb
 1418 0018 3E       		.uleb128 0x3e
 1419 0019 0B       		.uleb128 0xb
 1420 001a 03       		.uleb128 0x3
 1421 001b 08       		.uleb128 0x8
 1422 001c 00       		.byte	0
 1423 001d 00       		.byte	0
 1424 001e 03       		.uleb128 0x3
 1425 001f 16       		.uleb128 0x16
ARM GAS  C:\Users\IDONNO~1.SON\AppData\Local\Temp\ccxTFrhE.s 			page 26


 1426 0020 00       		.byte	0
 1427 0021 03       		.uleb128 0x3
 1428 0022 0E       		.uleb128 0xe
 1429 0023 3A       		.uleb128 0x3a
 1430 0024 0B       		.uleb128 0xb
 1431 0025 3B       		.uleb128 0x3b
 1432 0026 0B       		.uleb128 0xb
 1433 0027 49       		.uleb128 0x49
 1434 0028 13       		.uleb128 0x13
 1435 0029 00       		.byte	0
 1436 002a 00       		.byte	0
 1437 002b 04       		.uleb128 0x4
 1438 002c 24       		.uleb128 0x24
 1439 002d 00       		.byte	0
 1440 002e 0B       		.uleb128 0xb
 1441 002f 0B       		.uleb128 0xb
 1442 0030 3E       		.uleb128 0x3e
 1443 0031 0B       		.uleb128 0xb
 1444 0032 03       		.uleb128 0x3
 1445 0033 0E       		.uleb128 0xe
 1446 0034 00       		.byte	0
 1447 0035 00       		.byte	0
 1448 0036 05       		.uleb128 0x5
 1449 0037 35       		.uleb128 0x35
 1450 0038 00       		.byte	0
 1451 0039 49       		.uleb128 0x49
 1452 003a 13       		.uleb128 0x13
 1453 003b 00       		.byte	0
 1454 003c 00       		.byte	0
 1455 003d 06       		.uleb128 0x6
 1456 003e 13       		.uleb128 0x13
 1457 003f 01       		.byte	0x1
 1458 0040 03       		.uleb128 0x3
 1459 0041 0E       		.uleb128 0xe
 1460 0042 0B       		.uleb128 0xb
 1461 0043 0B       		.uleb128 0xb
 1462 0044 3A       		.uleb128 0x3a
 1463 0045 0B       		.uleb128 0xb
 1464 0046 3B       		.uleb128 0x3b
 1465 0047 0B       		.uleb128 0xb
 1466 0048 01       		.uleb128 0x1
 1467 0049 13       		.uleb128 0x13
 1468 004a 00       		.byte	0
 1469 004b 00       		.byte	0
 1470 004c 07       		.uleb128 0x7
 1471 004d 0D       		.uleb128 0xd
 1472 004e 00       		.byte	0
 1473 004f 03       		.uleb128 0x3
 1474 0050 0E       		.uleb128 0xe
 1475 0051 3A       		.uleb128 0x3a
 1476 0052 0B       		.uleb128 0xb
 1477 0053 3B       		.uleb128 0x3b
 1478 0054 0B       		.uleb128 0xb
 1479 0055 49       		.uleb128 0x49
 1480 0056 13       		.uleb128 0x13
 1481 0057 38       		.uleb128 0x38
 1482 0058 0B       		.uleb128 0xb
ARM GAS  C:\Users\IDONNO~1.SON\AppData\Local\Temp\ccxTFrhE.s 			page 27


 1483 0059 00       		.byte	0
 1484 005a 00       		.byte	0
 1485 005b 08       		.uleb128 0x8
 1486 005c 0D       		.uleb128 0xd
 1487 005d 00       		.byte	0
 1488 005e 03       		.uleb128 0x3
 1489 005f 08       		.uleb128 0x8
 1490 0060 3A       		.uleb128 0x3a
 1491 0061 0B       		.uleb128 0xb
 1492 0062 3B       		.uleb128 0x3b
 1493 0063 05       		.uleb128 0x5
 1494 0064 49       		.uleb128 0x49
 1495 0065 13       		.uleb128 0x13
 1496 0066 38       		.uleb128 0x38
 1497 0067 0B       		.uleb128 0xb
 1498 0068 00       		.byte	0
 1499 0069 00       		.byte	0
 1500 006a 09       		.uleb128 0x9
 1501 006b 0D       		.uleb128 0xd
 1502 006c 00       		.byte	0
 1503 006d 03       		.uleb128 0x3
 1504 006e 0E       		.uleb128 0xe
 1505 006f 3A       		.uleb128 0x3a
 1506 0070 0B       		.uleb128 0xb
 1507 0071 3B       		.uleb128 0x3b
 1508 0072 05       		.uleb128 0x5
 1509 0073 49       		.uleb128 0x49
 1510 0074 13       		.uleb128 0x13
 1511 0075 38       		.uleb128 0x38
 1512 0076 0B       		.uleb128 0xb
 1513 0077 00       		.byte	0
 1514 0078 00       		.byte	0
 1515 0079 0A       		.uleb128 0xa
 1516 007a 0F       		.uleb128 0xf
 1517 007b 00       		.byte	0
 1518 007c 0B       		.uleb128 0xb
 1519 007d 0B       		.uleb128 0xb
 1520 007e 49       		.uleb128 0x49
 1521 007f 13       		.uleb128 0x13
 1522 0080 00       		.byte	0
 1523 0081 00       		.byte	0
 1524 0082 0B       		.uleb128 0xb
 1525 0083 13       		.uleb128 0x13
 1526 0084 01       		.byte	0x1
 1527 0085 03       		.uleb128 0x3
 1528 0086 0E       		.uleb128 0xe
 1529 0087 0B       		.uleb128 0xb
 1530 0088 0B       		.uleb128 0xb
 1531 0089 3A       		.uleb128 0x3a
 1532 008a 0B       		.uleb128 0xb
 1533 008b 3B       		.uleb128 0x3b
 1534 008c 05       		.uleb128 0x5
 1535 008d 01       		.uleb128 0x1
 1536 008e 13       		.uleb128 0x13
 1537 008f 00       		.byte	0
 1538 0090 00       		.byte	0
 1539 0091 0C       		.uleb128 0xc
ARM GAS  C:\Users\IDONNO~1.SON\AppData\Local\Temp\ccxTFrhE.s 			page 28


 1540 0092 15       		.uleb128 0x15
 1541 0093 01       		.byte	0x1
 1542 0094 27       		.uleb128 0x27
 1543 0095 19       		.uleb128 0x19
 1544 0096 01       		.uleb128 0x1
 1545 0097 13       		.uleb128 0x13
 1546 0098 00       		.byte	0
 1547 0099 00       		.byte	0
 1548 009a 0D       		.uleb128 0xd
 1549 009b 05       		.uleb128 0x5
 1550 009c 00       		.byte	0
 1551 009d 49       		.uleb128 0x49
 1552 009e 13       		.uleb128 0x13
 1553 009f 00       		.byte	0
 1554 00a0 00       		.byte	0
 1555 00a1 0E       		.uleb128 0xe
 1556 00a2 0F       		.uleb128 0xf
 1557 00a3 00       		.byte	0
 1558 00a4 0B       		.uleb128 0xb
 1559 00a5 0B       		.uleb128 0xb
 1560 00a6 00       		.byte	0
 1561 00a7 00       		.byte	0
 1562 00a8 0F       		.uleb128 0xf
 1563 00a9 13       		.uleb128 0x13
 1564 00aa 01       		.byte	0x1
 1565 00ab 03       		.uleb128 0x3
 1566 00ac 0E       		.uleb128 0xe
 1567 00ad 0B       		.uleb128 0xb
 1568 00ae 05       		.uleb128 0x5
 1569 00af 3A       		.uleb128 0x3a
 1570 00b0 0B       		.uleb128 0xb
 1571 00b1 3B       		.uleb128 0x3b
 1572 00b2 05       		.uleb128 0x5
 1573 00b3 01       		.uleb128 0x1
 1574 00b4 13       		.uleb128 0x13
 1575 00b5 00       		.byte	0
 1576 00b6 00       		.byte	0
 1577 00b7 10       		.uleb128 0x10
 1578 00b8 0D       		.uleb128 0xd
 1579 00b9 00       		.byte	0
 1580 00ba 03       		.uleb128 0x3
 1581 00bb 08       		.uleb128 0x8
 1582 00bc 3A       		.uleb128 0x3a
 1583 00bd 0B       		.uleb128 0xb
 1584 00be 3B       		.uleb128 0x3b
 1585 00bf 0B       		.uleb128 0xb
 1586 00c0 49       		.uleb128 0x49
 1587 00c1 13       		.uleb128 0x13
 1588 00c2 38       		.uleb128 0x38
 1589 00c3 0B       		.uleb128 0xb
 1590 00c4 00       		.byte	0
 1591 00c5 00       		.byte	0
 1592 00c6 11       		.uleb128 0x11
 1593 00c7 13       		.uleb128 0x13
 1594 00c8 01       		.byte	0x1
 1595 00c9 0B       		.uleb128 0xb
 1596 00ca 0B       		.uleb128 0xb
ARM GAS  C:\Users\IDONNO~1.SON\AppData\Local\Temp\ccxTFrhE.s 			page 29


 1597 00cb 3A       		.uleb128 0x3a
 1598 00cc 0B       		.uleb128 0xb
 1599 00cd 3B       		.uleb128 0x3b
 1600 00ce 0B       		.uleb128 0xb
 1601 00cf 01       		.uleb128 0x1
 1602 00d0 13       		.uleb128 0x13
 1603 00d1 00       		.byte	0
 1604 00d2 00       		.byte	0
 1605 00d3 12       		.uleb128 0x12
 1606 00d4 17       		.uleb128 0x17
 1607 00d5 01       		.byte	0x1
 1608 00d6 0B       		.uleb128 0xb
 1609 00d7 0B       		.uleb128 0xb
 1610 00d8 3A       		.uleb128 0x3a
 1611 00d9 0B       		.uleb128 0xb
 1612 00da 3B       		.uleb128 0x3b
 1613 00db 0B       		.uleb128 0xb
 1614 00dc 01       		.uleb128 0x1
 1615 00dd 13       		.uleb128 0x13
 1616 00de 00       		.byte	0
 1617 00df 00       		.byte	0
 1618 00e0 13       		.uleb128 0x13
 1619 00e1 0D       		.uleb128 0xd
 1620 00e2 00       		.byte	0
 1621 00e3 03       		.uleb128 0x3
 1622 00e4 0E       		.uleb128 0xe
 1623 00e5 3A       		.uleb128 0x3a
 1624 00e6 0B       		.uleb128 0xb
 1625 00e7 3B       		.uleb128 0x3b
 1626 00e8 05       		.uleb128 0x5
 1627 00e9 49       		.uleb128 0x49
 1628 00ea 13       		.uleb128 0x13
 1629 00eb 00       		.byte	0
 1630 00ec 00       		.byte	0
 1631 00ed 14       		.uleb128 0x14
 1632 00ee 26       		.uleb128 0x26
 1633 00ef 00       		.byte	0
 1634 00f0 49       		.uleb128 0x49
 1635 00f1 13       		.uleb128 0x13
 1636 00f2 00       		.byte	0
 1637 00f3 00       		.byte	0
 1638 00f4 15       		.uleb128 0x15
 1639 00f5 01       		.uleb128 0x1
 1640 00f6 01       		.byte	0x1
 1641 00f7 49       		.uleb128 0x49
 1642 00f8 13       		.uleb128 0x13
 1643 00f9 01       		.uleb128 0x1
 1644 00fa 13       		.uleb128 0x13
 1645 00fb 00       		.byte	0
 1646 00fc 00       		.byte	0
 1647 00fd 16       		.uleb128 0x16
 1648 00fe 21       		.uleb128 0x21
 1649 00ff 00       		.byte	0
 1650 0100 49       		.uleb128 0x49
 1651 0101 13       		.uleb128 0x13
 1652 0102 2F       		.uleb128 0x2f
 1653 0103 0B       		.uleb128 0xb
ARM GAS  C:\Users\IDONNO~1.SON\AppData\Local\Temp\ccxTFrhE.s 			page 30


 1654 0104 00       		.byte	0
 1655 0105 00       		.byte	0
 1656 0106 17       		.uleb128 0x17
 1657 0107 2E       		.uleb128 0x2e
 1658 0108 01       		.byte	0x1
 1659 0109 03       		.uleb128 0x3
 1660 010a 0E       		.uleb128 0xe
 1661 010b 3A       		.uleb128 0x3a
 1662 010c 0B       		.uleb128 0xb
 1663 010d 3B       		.uleb128 0x3b
 1664 010e 05       		.uleb128 0x5
 1665 010f 27       		.uleb128 0x27
 1666 0110 19       		.uleb128 0x19
 1667 0111 20       		.uleb128 0x20
 1668 0112 0B       		.uleb128 0xb
 1669 0113 01       		.uleb128 0x1
 1670 0114 13       		.uleb128 0x13
 1671 0115 00       		.byte	0
 1672 0116 00       		.byte	0
 1673 0117 18       		.uleb128 0x18
 1674 0118 05       		.uleb128 0x5
 1675 0119 00       		.byte	0
 1676 011a 03       		.uleb128 0x3
 1677 011b 0E       		.uleb128 0xe
 1678 011c 3A       		.uleb128 0x3a
 1679 011d 0B       		.uleb128 0xb
 1680 011e 3B       		.uleb128 0x3b
 1681 011f 05       		.uleb128 0x5
 1682 0120 49       		.uleb128 0x49
 1683 0121 13       		.uleb128 0x13
 1684 0122 00       		.byte	0
 1685 0123 00       		.byte	0
 1686 0124 19       		.uleb128 0x19
 1687 0125 2E       		.uleb128 0x2e
 1688 0126 00       		.byte	0
 1689 0127 03       		.uleb128 0x3
 1690 0128 0E       		.uleb128 0xe
 1691 0129 3A       		.uleb128 0x3a
 1692 012a 0B       		.uleb128 0xb
 1693 012b 3B       		.uleb128 0x3b
 1694 012c 05       		.uleb128 0x5
 1695 012d 27       		.uleb128 0x27
 1696 012e 19       		.uleb128 0x19
 1697 012f 20       		.uleb128 0x20
 1698 0130 0B       		.uleb128 0xb
 1699 0131 00       		.byte	0
 1700 0132 00       		.byte	0
 1701 0133 1A       		.uleb128 0x1a
 1702 0134 34       		.uleb128 0x34
 1703 0135 00       		.byte	0
 1704 0136 03       		.uleb128 0x3
 1705 0137 0E       		.uleb128 0xe
 1706 0138 49       		.uleb128 0x49
 1707 0139 13       		.uleb128 0x13
 1708 013a 34       		.uleb128 0x34
 1709 013b 19       		.uleb128 0x19
 1710 013c 1C       		.uleb128 0x1c
ARM GAS  C:\Users\IDONNO~1.SON\AppData\Local\Temp\ccxTFrhE.s 			page 31


 1711 013d 0E       		.uleb128 0xe
 1712 013e 00       		.byte	0
 1713 013f 00       		.byte	0
 1714 0140 1B       		.uleb128 0x1b
 1715 0141 2E       		.uleb128 0x2e
 1716 0142 01       		.byte	0x1
 1717 0143 3F       		.uleb128 0x3f
 1718 0144 19       		.uleb128 0x19
 1719 0145 03       		.uleb128 0x3
 1720 0146 0E       		.uleb128 0xe
 1721 0147 3A       		.uleb128 0x3a
 1722 0148 0B       		.uleb128 0xb
 1723 0149 3B       		.uleb128 0x3b
 1724 014a 0B       		.uleb128 0xb
 1725 014b 27       		.uleb128 0x27
 1726 014c 19       		.uleb128 0x19
 1727 014d 49       		.uleb128 0x49
 1728 014e 13       		.uleb128 0x13
 1729 014f 20       		.uleb128 0x20
 1730 0150 0B       		.uleb128 0xb
 1731 0151 01       		.uleb128 0x1
 1732 0152 13       		.uleb128 0x13
 1733 0153 00       		.byte	0
 1734 0154 00       		.byte	0
 1735 0155 1C       		.uleb128 0x1c
 1736 0156 05       		.uleb128 0x5
 1737 0157 00       		.byte	0
 1738 0158 03       		.uleb128 0x3
 1739 0159 0E       		.uleb128 0xe
 1740 015a 3A       		.uleb128 0x3a
 1741 015b 0B       		.uleb128 0xb
 1742 015c 3B       		.uleb128 0x3b
 1743 015d 0B       		.uleb128 0xb
 1744 015e 49       		.uleb128 0x49
 1745 015f 13       		.uleb128 0x13
 1746 0160 00       		.byte	0
 1747 0161 00       		.byte	0
 1748 0162 1D       		.uleb128 0x1d
 1749 0163 34       		.uleb128 0x34
 1750 0164 00       		.byte	0
 1751 0165 03       		.uleb128 0x3
 1752 0166 08       		.uleb128 0x8
 1753 0167 3A       		.uleb128 0x3a
 1754 0168 0B       		.uleb128 0xb
 1755 0169 3B       		.uleb128 0x3b
 1756 016a 0B       		.uleb128 0xb
 1757 016b 49       		.uleb128 0x49
 1758 016c 13       		.uleb128 0x13
 1759 016d 00       		.byte	0
 1760 016e 00       		.byte	0
 1761 016f 1E       		.uleb128 0x1e
 1762 0170 2E       		.uleb128 0x2e
 1763 0171 01       		.byte	0x1
 1764 0172 3F       		.uleb128 0x3f
 1765 0173 19       		.uleb128 0x19
 1766 0174 03       		.uleb128 0x3
 1767 0175 0E       		.uleb128 0xe
ARM GAS  C:\Users\IDONNO~1.SON\AppData\Local\Temp\ccxTFrhE.s 			page 32


 1768 0176 3A       		.uleb128 0x3a
 1769 0177 0B       		.uleb128 0xb
 1770 0178 3B       		.uleb128 0x3b
 1771 0179 0B       		.uleb128 0xb
 1772 017a 27       		.uleb128 0x27
 1773 017b 19       		.uleb128 0x19
 1774 017c 11       		.uleb128 0x11
 1775 017d 01       		.uleb128 0x1
 1776 017e 12       		.uleb128 0x12
 1777 017f 06       		.uleb128 0x6
 1778 0180 40       		.uleb128 0x40
 1779 0181 18       		.uleb128 0x18
 1780 0182 9742     		.uleb128 0x2117
 1781 0184 19       		.uleb128 0x19
 1782 0185 01       		.uleb128 0x1
 1783 0186 13       		.uleb128 0x13
 1784 0187 00       		.byte	0
 1785 0188 00       		.byte	0
 1786 0189 1F       		.uleb128 0x1f
 1787 018a 34       		.uleb128 0x34
 1788 018b 00       		.byte	0
 1789 018c 03       		.uleb128 0x3
 1790 018d 0E       		.uleb128 0xe
 1791 018e 3A       		.uleb128 0x3a
 1792 018f 0B       		.uleb128 0xb
 1793 0190 3B       		.uleb128 0x3b
 1794 0191 0B       		.uleb128 0xb
 1795 0192 49       		.uleb128 0x49
 1796 0193 13       		.uleb128 0x13
 1797 0194 3F       		.uleb128 0x3f
 1798 0195 19       		.uleb128 0x19
 1799 0196 3C       		.uleb128 0x3c
 1800 0197 19       		.uleb128 0x19
 1801 0198 00       		.byte	0
 1802 0199 00       		.byte	0
 1803 019a 20       		.uleb128 0x20
 1804 019b 21       		.uleb128 0x21
 1805 019c 00       		.byte	0
 1806 019d 00       		.byte	0
 1807 019e 00       		.byte	0
 1808 019f 21       		.uleb128 0x21
 1809 01a0 2E       		.uleb128 0x2e
 1810 01a1 01       		.byte	0x1
 1811 01a2 3F       		.uleb128 0x3f
 1812 01a3 19       		.uleb128 0x19
 1813 01a4 03       		.uleb128 0x3
 1814 01a5 0E       		.uleb128 0xe
 1815 01a6 3A       		.uleb128 0x3a
 1816 01a7 0B       		.uleb128 0xb
 1817 01a8 3B       		.uleb128 0x3b
 1818 01a9 0B       		.uleb128 0xb
 1819 01aa 27       		.uleb128 0x27
 1820 01ab 19       		.uleb128 0x19
 1821 01ac 49       		.uleb128 0x49
 1822 01ad 13       		.uleb128 0x13
 1823 01ae 11       		.uleb128 0x11
 1824 01af 01       		.uleb128 0x1
ARM GAS  C:\Users\IDONNO~1.SON\AppData\Local\Temp\ccxTFrhE.s 			page 33


 1825 01b0 12       		.uleb128 0x12
 1826 01b1 06       		.uleb128 0x6
 1827 01b2 40       		.uleb128 0x40
 1828 01b3 18       		.uleb128 0x18
 1829 01b4 9742     		.uleb128 0x2117
 1830 01b6 19       		.uleb128 0x19
 1831 01b7 01       		.uleb128 0x1
 1832 01b8 13       		.uleb128 0x13
 1833 01b9 00       		.byte	0
 1834 01ba 00       		.byte	0
 1835 01bb 22       		.uleb128 0x22
 1836 01bc 05       		.uleb128 0x5
 1837 01bd 00       		.byte	0
 1838 01be 03       		.uleb128 0x3
 1839 01bf 0E       		.uleb128 0xe
 1840 01c0 3A       		.uleb128 0x3a
 1841 01c1 0B       		.uleb128 0xb
 1842 01c2 3B       		.uleb128 0x3b
 1843 01c3 0B       		.uleb128 0xb
 1844 01c4 49       		.uleb128 0x49
 1845 01c5 13       		.uleb128 0x13
 1846 01c6 02       		.uleb128 0x2
 1847 01c7 17       		.uleb128 0x17
 1848 01c8 00       		.byte	0
 1849 01c9 00       		.byte	0
 1850 01ca 23       		.uleb128 0x23
 1851 01cb 1D       		.uleb128 0x1d
 1852 01cc 01       		.byte	0x1
 1853 01cd 31       		.uleb128 0x31
 1854 01ce 13       		.uleb128 0x13
 1855 01cf 11       		.uleb128 0x11
 1856 01d0 01       		.uleb128 0x1
 1857 01d1 12       		.uleb128 0x12
 1858 01d2 06       		.uleb128 0x6
 1859 01d3 58       		.uleb128 0x58
 1860 01d4 0B       		.uleb128 0xb
 1861 01d5 59       		.uleb128 0x59
 1862 01d6 0B       		.uleb128 0xb
 1863 01d7 01       		.uleb128 0x1
 1864 01d8 13       		.uleb128 0x13
 1865 01d9 00       		.byte	0
 1866 01da 00       		.byte	0
 1867 01db 24       		.uleb128 0x24
 1868 01dc 1D       		.uleb128 0x1d
 1869 01dd 01       		.byte	0x1
 1870 01de 31       		.uleb128 0x31
 1871 01df 13       		.uleb128 0x13
 1872 01e0 11       		.uleb128 0x11
 1873 01e1 01       		.uleb128 0x1
 1874 01e2 12       		.uleb128 0x12
 1875 01e3 06       		.uleb128 0x6
 1876 01e4 58       		.uleb128 0x58
 1877 01e5 0B       		.uleb128 0xb
 1878 01e6 59       		.uleb128 0x59
 1879 01e7 05       		.uleb128 0x5
 1880 01e8 00       		.byte	0
 1881 01e9 00       		.byte	0
ARM GAS  C:\Users\IDONNO~1.SON\AppData\Local\Temp\ccxTFrhE.s 			page 34


 1882 01ea 25       		.uleb128 0x25
 1883 01eb 05       		.uleb128 0x5
 1884 01ec 00       		.byte	0
 1885 01ed 31       		.uleb128 0x31
 1886 01ee 13       		.uleb128 0x13
 1887 01ef 02       		.uleb128 0x2
 1888 01f0 17       		.uleb128 0x17
 1889 01f1 00       		.byte	0
 1890 01f2 00       		.byte	0
 1891 01f3 26       		.uleb128 0x26
 1892 01f4 0B       		.uleb128 0xb
 1893 01f5 01       		.byte	0x1
 1894 01f6 11       		.uleb128 0x11
 1895 01f7 01       		.uleb128 0x1
 1896 01f8 12       		.uleb128 0x12
 1897 01f9 06       		.uleb128 0x6
 1898 01fa 00       		.byte	0
 1899 01fb 00       		.byte	0
 1900 01fc 27       		.uleb128 0x27
 1901 01fd 34       		.uleb128 0x34
 1902 01fe 00       		.byte	0
 1903 01ff 31       		.uleb128 0x31
 1904 0200 13       		.uleb128 0x13
 1905 0201 02       		.uleb128 0x2
 1906 0202 18       		.uleb128 0x18
 1907 0203 00       		.byte	0
 1908 0204 00       		.byte	0
 1909 0205 28       		.uleb128 0x28
 1910 0206 1D       		.uleb128 0x1d
 1911 0207 01       		.byte	0x1
 1912 0208 31       		.uleb128 0x31
 1913 0209 13       		.uleb128 0x13
 1914 020a 11       		.uleb128 0x11
 1915 020b 01       		.uleb128 0x1
 1916 020c 12       		.uleb128 0x12
 1917 020d 06       		.uleb128 0x6
 1918 020e 58       		.uleb128 0x58
 1919 020f 0B       		.uleb128 0xb
 1920 0210 59       		.uleb128 0x59
 1921 0211 0B       		.uleb128 0xb
 1922 0212 00       		.byte	0
 1923 0213 00       		.byte	0
 1924 0214 29       		.uleb128 0x29
 1925 0215 34       		.uleb128 0x34
 1926 0216 00       		.byte	0
 1927 0217 31       		.uleb128 0x31
 1928 0218 13       		.uleb128 0x13
 1929 0219 00       		.byte	0
 1930 021a 00       		.byte	0
 1931 021b 2A       		.uleb128 0x2a
 1932 021c 2E       		.uleb128 0x2e
 1933 021d 01       		.byte	0x1
 1934 021e 31       		.uleb128 0x31
 1935 021f 13       		.uleb128 0x13
 1936 0220 11       		.uleb128 0x11
 1937 0221 01       		.uleb128 0x1
 1938 0222 12       		.uleb128 0x12
ARM GAS  C:\Users\IDONNO~1.SON\AppData\Local\Temp\ccxTFrhE.s 			page 35


 1939 0223 06       		.uleb128 0x6
 1940 0224 40       		.uleb128 0x40
 1941 0225 18       		.uleb128 0x18
 1942 0226 9742     		.uleb128 0x2117
 1943 0228 19       		.uleb128 0x19
 1944 0229 01       		.uleb128 0x1
 1945 022a 13       		.uleb128 0x13
 1946 022b 00       		.byte	0
 1947 022c 00       		.byte	0
 1948 022d 2B       		.uleb128 0x2b
 1949 022e 2E       		.uleb128 0x2e
 1950 022f 00       		.byte	0
 1951 0230 3F       		.uleb128 0x3f
 1952 0231 19       		.uleb128 0x19
 1953 0232 03       		.uleb128 0x3
 1954 0233 0E       		.uleb128 0xe
 1955 0234 3A       		.uleb128 0x3a
 1956 0235 0B       		.uleb128 0xb
 1957 0236 3B       		.uleb128 0x3b
 1958 0237 0B       		.uleb128 0xb
 1959 0238 27       		.uleb128 0x27
 1960 0239 19       		.uleb128 0x19
 1961 023a 49       		.uleb128 0x49
 1962 023b 13       		.uleb128 0x13
 1963 023c 11       		.uleb128 0x11
 1964 023d 01       		.uleb128 0x1
 1965 023e 12       		.uleb128 0x12
 1966 023f 06       		.uleb128 0x6
 1967 0240 40       		.uleb128 0x40
 1968 0241 18       		.uleb128 0x18
 1969 0242 9742     		.uleb128 0x2117
 1970 0244 19       		.uleb128 0x19
 1971 0245 00       		.byte	0
 1972 0246 00       		.byte	0
 1973 0247 2C       		.uleb128 0x2c
 1974 0248 34       		.uleb128 0x34
 1975 0249 00       		.byte	0
 1976 024a 03       		.uleb128 0x3
 1977 024b 0E       		.uleb128 0xe
 1978 024c 3A       		.uleb128 0x3a
 1979 024d 0B       		.uleb128 0xb
 1980 024e 3B       		.uleb128 0x3b
 1981 024f 0B       		.uleb128 0xb
 1982 0250 49       		.uleb128 0x49
 1983 0251 13       		.uleb128 0x13
 1984 0252 02       		.uleb128 0x2
 1985 0253 18       		.uleb128 0x18
 1986 0254 00       		.byte	0
 1987 0255 00       		.byte	0
 1988 0256 2D       		.uleb128 0x2d
 1989 0257 34       		.uleb128 0x34
 1990 0258 00       		.byte	0
 1991 0259 03       		.uleb128 0x3
 1992 025a 0E       		.uleb128 0xe
 1993 025b 3A       		.uleb128 0x3a
 1994 025c 0B       		.uleb128 0xb
 1995 025d 3B       		.uleb128 0x3b
ARM GAS  C:\Users\IDONNO~1.SON\AppData\Local\Temp\ccxTFrhE.s 			page 36


 1996 025e 05       		.uleb128 0x5
 1997 025f 49       		.uleb128 0x49
 1998 0260 13       		.uleb128 0x13
 1999 0261 3F       		.uleb128 0x3f
 2000 0262 19       		.uleb128 0x19
 2001 0263 3C       		.uleb128 0x3c
 2002 0264 19       		.uleb128 0x19
 2003 0265 00       		.byte	0
 2004 0266 00       		.byte	0
 2005 0267 2E       		.uleb128 0x2e
 2006 0268 34       		.uleb128 0x34
 2007 0269 00       		.byte	0
 2008 026a 03       		.uleb128 0x3
 2009 026b 08       		.uleb128 0x8
 2010 026c 3A       		.uleb128 0x3a
 2011 026d 0B       		.uleb128 0xb
 2012 026e 3B       		.uleb128 0x3b
 2013 026f 05       		.uleb128 0x5
 2014 0270 49       		.uleb128 0x49
 2015 0271 13       		.uleb128 0x13
 2016 0272 3F       		.uleb128 0x3f
 2017 0273 19       		.uleb128 0x19
 2018 0274 3C       		.uleb128 0x3c
 2019 0275 19       		.uleb128 0x19
 2020 0276 00       		.byte	0
 2021 0277 00       		.byte	0
 2022 0278 00       		.byte	0
 2023              		.section	.debug_loc,"",%progbits
 2024              	.Ldebug_loc0:
 2025              	.LLST0:
 2026 0000 00000000 		.4byte	.LVL0
 2027 0004 22000000 		.4byte	.LVL5
 2028 0008 0100     		.2byte	0x1
 2029 000a 50       		.byte	0x50
 2030 000b 22000000 		.4byte	.LVL5
 2031 000f 38000000 		.4byte	.LFE220
 2032 0013 0400     		.2byte	0x4
 2033 0015 F3       		.byte	0xf3
 2034 0016 01       		.uleb128 0x1
 2035 0017 50       		.byte	0x50
 2036 0018 9F       		.byte	0x9f
 2037 0019 00000000 		.4byte	0
 2038 001d 00000000 		.4byte	0
 2039              	.LLST1:
 2040 0021 00000000 		.4byte	.LVL0
 2041 0025 08000000 		.4byte	.LVL1
 2042 0029 0300     		.2byte	0x3
 2043 002b 08       		.byte	0x8
 2044 002c 20       		.byte	0x20
 2045 002d 9F       		.byte	0x9f
 2046 002e 00000000 		.4byte	0
 2047 0032 00000000 		.4byte	0
 2048              	.LLST2:
 2049 0036 08000000 		.4byte	.LVL1
 2050 003a 16000000 		.4byte	.LVL2
 2051 003e 0100     		.2byte	0x1
 2052 0040 50       		.byte	0x50
ARM GAS  C:\Users\IDONNO~1.SON\AppData\Local\Temp\ccxTFrhE.s 			page 37


 2053 0041 16000000 		.4byte	.LVL2
 2054 0045 1E000000 		.4byte	.LVL4
 2055 0049 0100     		.2byte	0x1
 2056 004b 53       		.byte	0x53
 2057 004c 1E000000 		.4byte	.LVL4
 2058 0050 22000000 		.4byte	.LVL5
 2059 0054 0600     		.2byte	0x6
 2060 0056 70       		.byte	0x70
 2061 0057 07       		.sleb128 7
 2062 0058 09       		.byte	0x9
 2063 0059 F8       		.byte	0xf8
 2064 005a 1A       		.byte	0x1a
 2065 005b 9F       		.byte	0x9f
 2066 005c 22000000 		.4byte	.LVL5
 2067 0060 24000000 		.4byte	.LVL6
 2068 0064 0900     		.2byte	0x9
 2069 0066 F3       		.byte	0xf3
 2070 0067 01       		.uleb128 0x1
 2071 0068 50       		.byte	0x50
 2072 0069 23       		.byte	0x23
 2073 006a 07       		.uleb128 0x7
 2074 006b 09       		.byte	0x9
 2075 006c F8       		.byte	0xf8
 2076 006d 1A       		.byte	0x1a
 2077 006e 9F       		.byte	0x9f
 2078 006f 00000000 		.4byte	0
 2079 0073 00000000 		.4byte	0
 2080              	.LLST3:
 2081 0077 24000000 		.4byte	.LVL6
 2082 007b 2A000000 		.4byte	.LVL7
 2083 007f 0200     		.2byte	0x2
 2084 0081 30       		.byte	0x30
 2085 0082 9F       		.byte	0x9f
 2086 0083 00000000 		.4byte	0
 2087 0087 00000000 		.4byte	0
 2088              	.LLST4:
 2089 008b 00000000 		.4byte	.LVL8
 2090 008f 0C000000 		.4byte	.LVL9
 2091 0093 0100     		.2byte	0x1
 2092 0095 50       		.byte	0x50
 2093 0096 0C000000 		.4byte	.LVL9
 2094 009a 10000000 		.4byte	.LVL10
 2095 009e 0300     		.2byte	0x3
 2096 00a0 70       		.byte	0x70
 2097 00a1 79       		.sleb128 -7
 2098 00a2 9F       		.byte	0x9f
 2099 00a3 10000000 		.4byte	.LVL10
 2100 00a7 18000000 		.4byte	.LVL12
 2101 00ab 0100     		.2byte	0x1
 2102 00ad 53       		.byte	0x53
 2103 00ae 18000000 		.4byte	.LVL12
 2104 00b2 1C000000 		.4byte	.LVL13
 2105 00b6 0600     		.2byte	0x6
 2106 00b8 70       		.byte	0x70
 2107 00b9 00       		.sleb128 0
 2108 00ba 09       		.byte	0x9
 2109 00bb F8       		.byte	0xf8
ARM GAS  C:\Users\IDONNO~1.SON\AppData\Local\Temp\ccxTFrhE.s 			page 38


 2110 00bc 1A       		.byte	0x1a
 2111 00bd 9F       		.byte	0x9f
 2112 00be 1C000000 		.4byte	.LVL13
 2113 00c2 2C000000 		.4byte	.LFE221
 2114 00c6 0900     		.2byte	0x9
 2115 00c8 F3       		.byte	0xf3
 2116 00c9 01       		.uleb128 0x1
 2117 00ca 50       		.byte	0x50
 2118 00cb 23       		.byte	0x23
 2119 00cc 07       		.uleb128 0x7
 2120 00cd 09       		.byte	0x9
 2121 00ce F8       		.byte	0xf8
 2122 00cf 1A       		.byte	0x1a
 2123 00d0 9F       		.byte	0x9f
 2124 00d1 00000000 		.4byte	0
 2125 00d5 00000000 		.4byte	0
 2126              		.section	.debug_aranges,"",%progbits
 2127 0000 34000000 		.4byte	0x34
 2128 0004 0200     		.2byte	0x2
 2129 0006 00000000 		.4byte	.Ldebug_info0
 2130 000a 04       		.byte	0x4
 2131 000b 00       		.byte	0
 2132 000c 0000     		.2byte	0
 2133 000e 0000     		.2byte	0
 2134 0010 00000000 		.4byte	.LFB219
 2135 0014 28000000 		.4byte	.LFE219-.LFB219
 2136 0018 00000000 		.4byte	.LFB220
 2137 001c 38000000 		.4byte	.LFE220-.LFB220
 2138 0020 00000000 		.4byte	.LFB221
 2139 0024 2C000000 		.4byte	.LFE221-.LFB221
 2140 0028 00000000 		.4byte	.LFB222
 2141 002c 14000000 		.4byte	.LFE222-.LFB222
 2142 0030 00000000 		.4byte	0
 2143 0034 00000000 		.4byte	0
 2144              		.section	.debug_ranges,"",%progbits
 2145              	.Ldebug_ranges0:
 2146 0000 00000000 		.4byte	.LFB219
 2147 0004 28000000 		.4byte	.LFE219
 2148 0008 00000000 		.4byte	.LFB220
 2149 000c 38000000 		.4byte	.LFE220
 2150 0010 00000000 		.4byte	.LFB221
 2151 0014 2C000000 		.4byte	.LFE221
 2152 0018 00000000 		.4byte	.LFB222
 2153 001c 14000000 		.4byte	.LFE222
 2154 0020 00000000 		.4byte	0
 2155 0024 00000000 		.4byte	0
 2156              		.section	.debug_line,"",%progbits
 2157              	.Ldebug_line0:
 2158 0000 14030000 		.section	.debug_str,"MS",%progbits,1
 2158      0200A002 
 2158      00000201 
 2158      FB0E0D00 
 2158      01010101 
 2159              	.LASF116:
 2160 0000 656E646D 		.ascii	"endmem\000"
 2160      656D00
 2161              	.LASF54:
ARM GAS  C:\Users\IDONNO~1.SON\AppData\Local\Temp\ccxTFrhE.s 			page 39


 2162 0007 72656164 		.ascii	"ready_list_t\000"
 2162      795F6C69 
 2162      73745F74 
 2162      00
 2163              	.LASF2:
 2164 0014 73697A65 		.ascii	"size_t\000"
 2164      5F7400
 2165              	.LASF89:
 2166 001b 7264796D 		.ascii	"rdymsg\000"
 2166      736700
 2167              	.LASF17:
 2168 0022 75696E74 		.ascii	"uint64_t\000"
 2168      36345F74 
 2168      00
 2169              	.LASF123:
 2170 002b 6368436F 		.ascii	"chCoreAlloc\000"
 2170      7265416C 
 2170      6C6F6300 
 2171              	.LASF3:
 2172 0037 5F5F7569 		.ascii	"__uint8_t\000"
 2172      6E74385F 
 2172      7400
 2173              	.LASF86:
 2174 0041 706F7274 		.ascii	"port_intctx\000"
 2174      5F696E74 
 2174      63747800 
 2175              	.LASF73:
 2176 004d 73797374 		.ascii	"system_debug_t\000"
 2176      656D5F64 
 2176      65627567 
 2176      5F7400
 2177              	.LASF118:
 2178 005c 474E5520 		.ascii	"GNU C99 5.4.1 20160609 (release) [ARM/embedded-5-br"
 2178      43393920 
 2178      352E342E 
 2178      31203230 
 2178      31363036 
 2179 008f 616E6368 		.ascii	"anch revision 237715] -mcpu=cortex-m4 -mfloat-abi=h"
 2179      20726576 
 2179      6973696F 
 2179      6E203233 
 2179      37373135 
 2180 00c2 61726420 		.ascii	"ard -mfpu=fpv4-sp-d16 -mno-thumb-interwork -mthumb "
 2180      2D6D6670 
 2180      753D6670 
 2180      76342D73 
 2180      702D6431 
 2181 00f5 2D676764 		.ascii	"-ggdb -O2 -std=gnu99 -fomit-frame-pointer -falign-f"
 2181      62202D4F 
 2181      32202D73 
 2181      74643D67 
 2181      6E753939 
 2182 0128 756E6374 		.ascii	"unctions=16 -ffunction-sections -fdata-sections -fn"
 2182      696F6E73 
 2182      3D313620 
 2182      2D666675 
 2182      6E637469 
ARM GAS  C:\Users\IDONNO~1.SON\AppData\Local\Temp\ccxTFrhE.s 			page 40


 2183 015b 6F2D636F 		.ascii	"o-common -fsingle-precision-constant\000"
 2183      6D6D6F6E 
 2183      202D6673 
 2183      696E676C 
 2183      652D7072 
 2184              	.LASF105:
 2185 0180 706F7274 		.ascii	"port_lock\000"
 2185      5F6C6F63 
 2185      6B00
 2186              	.LASF120:
 2187 018a 443A5C67 		.ascii	"D:\\git\\oroca_bldc_dev\\oroca_bldc_FW\000"
 2187      69745C6F 
 2187      726F6361 
 2187      5F626C64 
 2187      635F6465 
 2188              	.LASF13:
 2189 01ae 6C6F6E67 		.ascii	"long long unsigned int\000"
 2189      206C6F6E 
 2189      6720756E 
 2189      7369676E 
 2189      65642069 
 2190              	.LASF90:
 2191 01c5 65786974 		.ascii	"exitcode\000"
 2191      636F6465 
 2191      00
 2192              	.LASF80:
 2193 01ce 6D61696E 		.ascii	"mainthread\000"
 2193      74687265 
 2193      616400
 2194              	.LASF70:
 2195 01d9 76697274 		.ascii	"virtual_timers_list_t\000"
 2195      75616C5F 
 2195      74696D65 
 2195      72735F6C 
 2195      6973745F 
 2196              	.LASF117:
 2197 01ef 49544D5F 		.ascii	"ITM_RxBuffer\000"
 2197      52784275 
 2197      66666572 
 2197      00
 2198              	.LASF53:
 2199 01fc 63685F74 		.ascii	"ch_threads_queue\000"
 2199      68726561 
 2199      64735F71 
 2199      75657565 
 2199      00
 2200              	.LASF31:
 2201 020d 705F7072 		.ascii	"p_prio\000"
 2201      696F00
 2202              	.LASF11:
 2203 0214 6C6F6E67 		.ascii	"long long int\000"
 2203      206C6F6E 
 2203      6720696E 
 2203      7400
 2204              	.LASF1:
 2205 0222 7369676E 		.ascii	"signed char\000"
 2205      65642063 
ARM GAS  C:\Users\IDONNO~1.SON\AppData\Local\Temp\ccxTFrhE.s 			page 41


 2205      68617200 
 2206              	.LASF47:
 2207 022e 705F6D70 		.ascii	"p_mpool\000"
 2207      6F6F6C00 
 2208              	.LASF100:
 2209 0236 6D5F7175 		.ascii	"m_queue\000"
 2209      65756500 
 2210              	.LASF79:
 2211 023e 76746C69 		.ascii	"vtlist\000"
 2211      737400
 2212              	.LASF106:
 2213 0245 706F7274 		.ascii	"port_unlock\000"
 2213      5F756E6C 
 2213      6F636B00 
 2214              	.LASF22:
 2215 0251 74736C69 		.ascii	"tslices_t\000"
 2215      6365735F 
 2215      7400
 2216              	.LASF92:
 2217 025b 77747472 		.ascii	"wttrp\000"
 2217      7000
 2218              	.LASF77:
 2219 0261 63685F73 		.ascii	"ch_system\000"
 2219      79737465 
 2219      6D00
 2220              	.LASF8:
 2221 026b 6C6F6E67 		.ascii	"long int\000"
 2221      20696E74 
 2221      00
 2222              	.LASF20:
 2223 0274 74737461 		.ascii	"tstate_t\000"
 2223      74655F74 
 2223      00
 2224              	.LASF33:
 2225 027d 705F6E65 		.ascii	"p_newer\000"
 2225      77657200 
 2226              	.LASF97:
 2227 0285 735F7175 		.ascii	"s_queue\000"
 2227      65756500 
 2228              	.LASF121:
 2229 028d 6368436F 		.ascii	"chCoreAllocI\000"
 2229      7265416C 
 2229      6C6F6349 
 2229      00
 2230              	.LASF59:
 2231 029a 725F6E65 		.ascii	"r_newer\000"
 2231      77657200 
 2232              	.LASF83:
 2233 02a2 72656761 		.ascii	"regarm_t\000"
 2233      726D5F74 
 2233      00
 2234              	.LASF66:
 2235 02ab 76745F70 		.ascii	"vt_prev\000"
 2235      72657600 
 2236              	.LASF74:
 2237 02b3 63685F73 		.ascii	"ch_system_debug\000"
 2237      79737465 
ARM GAS  C:\Users\IDONNO~1.SON\AppData\Local\Temp\ccxTFrhE.s 			page 42


 2237      6D5F6465 
 2237      62756700 
 2238              	.LASF104:
 2239 02c3 6D757465 		.ascii	"mutex_t\000"
 2239      785F7400 
 2240              	.LASF109:
 2241 02cb 76616C75 		.ascii	"value\000"
 2241      6500
 2242              	.LASF81:
 2243 02d1 69646C65 		.ascii	"idle_thread_wa\000"
 2243      5F746872 
 2243      6561645F 
 2243      776100
 2244              	.LASF26:
 2245 02e0 636E745F 		.ascii	"cnt_t\000"
 2245      7400
 2246              	.LASF0:
 2247 02e6 756E7369 		.ascii	"unsigned int\000"
 2247      676E6564 
 2247      20696E74 
 2247      00
 2248              	.LASF65:
 2249 02f3 76745F6E 		.ascii	"vt_next\000"
 2249      65787400 
 2250              	.LASF40:
 2251 02fb 705F7469 		.ascii	"p_time\000"
 2251      6D6500
 2252              	.LASF93:
 2253 0302 77747365 		.ascii	"wtsemp\000"
 2253      6D7000
 2254              	.LASF67:
 2255 0309 76745F64 		.ascii	"vt_delta\000"
 2255      656C7461 
 2255      00
 2256              	.LASF42:
 2257 0312 705F6D73 		.ascii	"p_msgqueue\000"
 2257      67717565 
 2257      756500
 2258              	.LASF98:
 2259 031d 735F636E 		.ascii	"s_cnt\000"
 2259      7400
 2260              	.LASF6:
 2261 0323 73686F72 		.ascii	"short unsigned int\000"
 2261      7420756E 
 2261      7369676E 
 2261      65642069 
 2261      6E7400
 2262              	.LASF50:
 2263 0336 63685F74 		.ascii	"ch_thread\000"
 2263      68726561 
 2263      6400
 2264              	.LASF24:
 2265 0340 6D73675F 		.ascii	"msg_t\000"
 2265      7400
 2266              	.LASF76:
 2267 0346 63685F73 		.ascii	"ch_system_t\000"
 2267      79737465 
ARM GAS  C:\Users\IDONNO~1.SON\AppData\Local\Temp\ccxTFrhE.s 			page 43


 2267      6D5F7400 
 2268              	.LASF19:
 2269 0352 746D6F64 		.ascii	"tmode_t\000"
 2269      655F7400 
 2270              	.LASF55:
 2271 035a 63685F72 		.ascii	"ch_ready_list\000"
 2271      65616479 
 2271      5F6C6973 
 2271      7400
 2272              	.LASF25:
 2273 0368 6576656E 		.ascii	"eventmask_t\000"
 2273      746D6173 
 2273      6B5F7400 
 2274              	.LASF7:
 2275 0374 5F5F696E 		.ascii	"__int32_t\000"
 2275      7433325F 
 2275      7400
 2276              	.LASF84:
 2277 037e 73746B61 		.ascii	"stkalign_t\000"
 2277      6C69676E 
 2277      5F7400
 2278              	.LASF49:
 2279 0389 74687265 		.ascii	"threads_list_t\000"
 2279      6164735F 
 2279      6C697374 
 2279      5F7400
 2280              	.LASF119:
 2281 0398 6C69622F 		.ascii	"lib/ChibiOS_3.0.2/os/rt/src/chmemcore.c\000"
 2281      43686962 
 2281      694F535F 
 2281      332E302E 
 2281      322F6F73 
 2282              	.LASF41:
 2283 03c0 705F7761 		.ascii	"p_waiting\000"
 2283      6974696E 
 2283      6700
 2284              	.LASF82:
 2285 03ca 73697A65 		.ascii	"sizetype\000"
 2285      74797065 
 2285      00
 2286              	.LASF48:
 2287 03d3 74687265 		.ascii	"thread_reference_t\000"
 2287      61645F72 
 2287      65666572 
 2287      656E6365 
 2287      5F7400
 2288              	.LASF71:
 2289 03e6 63685F76 		.ascii	"ch_virtual_timers_list\000"
 2289      69727475 
 2289      616C5F74 
 2289      696D6572 
 2289      735F6C69 
 2290              	.LASF34:
 2291 03fd 705F6F6C 		.ascii	"p_older\000"
 2291      64657200 
 2292              	.LASF58:
 2293 0405 725F6374 		.ascii	"r_ctx\000"
ARM GAS  C:\Users\IDONNO~1.SON\AppData\Local\Temp\ccxTFrhE.s 			page 44


 2293      7800
 2294              	.LASF88:
 2295 040b 746D5F63 		.ascii	"tm_calibration_t\000"
 2295      616C6962 
 2295      72617469 
 2295      6F6E5F74 
 2295      00
 2296              	.LASF61:
 2297 041c 725F6375 		.ascii	"r_current\000"
 2297      7272656E 
 2297      7400
 2298              	.LASF60:
 2299 0426 725F6F6C 		.ascii	"r_older\000"
 2299      64657200 
 2300              	.LASF12:
 2301 042e 5F5F7569 		.ascii	"__uint64_t\000"
 2301      6E743634 
 2301      5F7400
 2302              	.LASF21:
 2303 0439 74726566 		.ascii	"trefs_t\000"
 2303      735F7400 
 2304              	.LASF63:
 2305 0441 76697274 		.ascii	"virtual_timer_t\000"
 2305      75616C5F 
 2305      74696D65 
 2305      725F7400 
 2306              	.LASF30:
 2307 0451 705F7072 		.ascii	"p_prev\000"
 2307      657600
 2308              	.LASF23:
 2309 0458 74707269 		.ascii	"tprio_t\000"
 2309      6F5F7400 
 2310              	.LASF124:
 2311 0460 6368436F 		.ascii	"chCoreGetStatusX\000"
 2311      72654765 
 2311      74537461 
 2311      74757358 
 2311      00
 2312              	.LASF15:
 2313 0471 696E7433 		.ascii	"int32_t\000"
 2313      325F7400 
 2314              	.LASF4:
 2315 0479 756E7369 		.ascii	"unsigned char\000"
 2315      676E6564 
 2315      20636861 
 2315      7200
 2316              	.LASF122:
 2317 0487 5F636F72 		.ascii	"_core_init\000"
 2317      655F696E 
 2317      697400
 2318              	.LASF45:
 2319 0492 705F6D74 		.ascii	"p_mtxlist\000"
 2319      786C6973 
 2319      7400
 2320              	.LASF5:
 2321 049c 73686F72 		.ascii	"short int\000"
 2321      7420696E 
ARM GAS  C:\Users\IDONNO~1.SON\AppData\Local\Temp\ccxTFrhE.s 			page 45


 2321      7400
 2322              	.LASF36:
 2323 04a6 705F7374 		.ascii	"p_state\000"
 2323      61746500 
 2324              	.LASF39:
 2325 04ae 705F7072 		.ascii	"p_preempt\000"
 2325      65656D70 
 2325      7400
 2326              	.LASF114:
 2327 04b8 5F5F6865 		.ascii	"__heap_end__\000"
 2327      61705F65 
 2327      6E645F5F 
 2327      00
 2328              	.LASF57:
 2329 04c5 725F7072 		.ascii	"r_prio\000"
 2329      696F00
 2330              	.LASF95:
 2331 04cc 65776D61 		.ascii	"ewmask\000"
 2331      736B00
 2332              	.LASF29:
 2333 04d3 705F6E65 		.ascii	"p_next\000"
 2333      787400
 2334              	.LASF37:
 2335 04da 705F666C 		.ascii	"p_flags\000"
 2335      61677300 
 2336              	.LASF111:
 2337 04e2 5F5F6675 		.ascii	"__func__\000"
 2337      6E635F5F 
 2337      00
 2338              	.LASF112:
 2339 04eb 63685379 		.ascii	"chSysLock\000"
 2339      734C6F63 
 2339      6B00
 2340              	.LASF64:
 2341 04f5 63685F76 		.ascii	"ch_virtual_timer\000"
 2341      69727475 
 2341      616C5F74 
 2341      696D6572 
 2341      00
 2342              	.LASF96:
 2343 0506 63685F73 		.ascii	"ch_semaphore\000"
 2343      656D6170 
 2343      686F7265 
 2343      00
 2344              	.LASF44:
 2345 0513 705F6570 		.ascii	"p_epending\000"
 2345      656E6469 
 2345      6E6700
 2346              	.LASF16:
 2347 051e 75696E74 		.ascii	"uint32_t\000"
 2347      33325F74 
 2347      00
 2348              	.LASF94:
 2349 0527 77746D74 		.ascii	"wtmtxp\000"
 2349      787000
 2350              	.LASF56:
 2351 052e 725F7175 		.ascii	"r_queue\000"
ARM GAS  C:\Users\IDONNO~1.SON\AppData\Local\Temp\ccxTFrhE.s 			page 46


 2351      65756500 
 2352              	.LASF51:
 2353 0536 63685F74 		.ascii	"ch_threads_list\000"
 2353      68726561 
 2353      64735F6C 
 2353      69737400 
 2354              	.LASF10:
 2355 0546 6C6F6E67 		.ascii	"long unsigned int\000"
 2355      20756E73 
 2355      69676E65 
 2355      6420696E 
 2355      7400
 2356              	.LASF103:
 2357 0558 63686172 		.ascii	"char\000"
 2357      00
 2358              	.LASF28:
 2359 055d 74687265 		.ascii	"thread_t\000"
 2359      61645F74 
 2359      00
 2360              	.LASF115:
 2361 0566 6E657874 		.ascii	"nextmem\000"
 2361      6D656D00 
 2362              	.LASF102:
 2363 056e 6D5F6E65 		.ascii	"m_next\000"
 2363      787400
 2364              	.LASF27:
 2365 0575 73797374 		.ascii	"systime_t\000"
 2365      696D655F 
 2365      7400
 2366              	.LASF46:
 2367 057f 705F7265 		.ascii	"p_realprio\000"
 2367      616C7072 
 2367      696F00
 2368              	.LASF62:
 2369 058a 76746675 		.ascii	"vtfunc_t\000"
 2369      6E635F74 
 2369      00
 2370              	.LASF9:
 2371 0593 5F5F7569 		.ascii	"__uint32_t\000"
 2371      6E743332 
 2371      5F7400
 2372              	.LASF107:
 2373 059e 5F5F7365 		.ascii	"__set_BASEPRI\000"
 2373      745F4241 
 2373      53455052 
 2373      4900
 2374              	.LASF75:
 2375 05ac 70616E69 		.ascii	"panic_msg\000"
 2375      635F6D73 
 2375      6700
 2376              	.LASF87:
 2377 05b6 6F666673 		.ascii	"offset\000"
 2377      657400
 2378              	.LASF85:
 2379 05bd 636F6E74 		.ascii	"context\000"
 2379      65787400 
 2380              	.LASF18:
ARM GAS  C:\Users\IDONNO~1.SON\AppData\Local\Temp\ccxTFrhE.s 			page 47


 2381 05c5 7274636E 		.ascii	"rtcnt_t\000"
 2381      745F7400 
 2382              	.LASF69:
 2383 05cd 76745F70 		.ascii	"vt_par\000"
 2383      617200
 2384              	.LASF113:
 2385 05d4 5F5F6865 		.ascii	"__heap_base__\000"
 2385      61705F62 
 2385      6173655F 
 2385      5F00
 2386              	.LASF52:
 2387 05e2 74687265 		.ascii	"threads_queue_t\000"
 2387      6164735F 
 2387      71756575 
 2387      655F7400 
 2388              	.LASF99:
 2389 05f2 63685F6D 		.ascii	"ch_mutex\000"
 2389      75746578 
 2389      00
 2390              	.LASF38:
 2391 05fb 705F7265 		.ascii	"p_refs\000"
 2391      667300
 2392              	.LASF78:
 2393 0602 726C6973 		.ascii	"rlist\000"
 2393      7400
 2394              	.LASF14:
 2395 0608 75696E74 		.ascii	"uint8_t\000"
 2395      385F7400 
 2396              	.LASF91:
 2397 0610 77746F62 		.ascii	"wtobjp\000"
 2397      6A7000
 2398              	.LASF35:
 2399 0617 705F6E61 		.ascii	"p_name\000"
 2399      6D6500
 2400              	.LASF110:
 2401 061e 73697A65 		.ascii	"size\000"
 2401      00
 2402              	.LASF72:
 2403 0623 76745F73 		.ascii	"vt_systime\000"
 2403      79737469 
 2403      6D6500
 2404              	.LASF108:
 2405 062e 63685379 		.ascii	"chSysUnlock\000"
 2405      73556E6C 
 2405      6F636B00 
 2406              	.LASF43:
 2407 063a 705F6D73 		.ascii	"p_msg\000"
 2407      6700
 2408              	.LASF101:
 2409 0640 6D5F6F77 		.ascii	"m_owner\000"
 2409      6E657200 
 2410              	.LASF32:
 2411 0648 705F6374 		.ascii	"p_ctx\000"
 2411      7800
 2412              	.LASF68:
 2413 064e 76745F66 		.ascii	"vt_func\000"
 2413      756E6300 
ARM GAS  C:\Users\IDONNO~1.SON\AppData\Local\Temp\ccxTFrhE.s 			page 48


 2414              		.ident	"GCC: (GNU Tools for ARM Embedded Processors) 5.4.1 20160609 (release) [ARM/embedded-5-bran
ARM GAS  C:\Users\IDONNO~1.SON\AppData\Local\Temp\ccxTFrhE.s 			page 49


DEFINED SYMBOLS
                            *ABS*:00000000 chmemcore.c
C:\Users\IDONNO~1.SON\AppData\Local\Temp\ccxTFrhE.s:22     .text._core_init:00000000 $t
C:\Users\IDONNO~1.SON\AppData\Local\Temp\ccxTFrhE.s:28     .text._core_init:00000000 _core_init
C:\Users\IDONNO~1.SON\AppData\Local\Temp\ccxTFrhE.s:56     .text._core_init:00000018 $d
C:\Users\IDONNO~1.SON\AppData\Local\Temp\ccxTFrhE.s:64     .text.chCoreAlloc:00000000 $t
C:\Users\IDONNO~1.SON\AppData\Local\Temp\ccxTFrhE.s:70     .text.chCoreAlloc:00000000 chCoreAlloc
C:\Users\IDONNO~1.SON\AppData\Local\Temp\ccxTFrhE.s:154    .text.chCoreAlloc:00000030 $d
C:\Users\IDONNO~1.SON\AppData\Local\Temp\ccxTFrhE.s:160    .text.chCoreAllocI:00000000 $t
C:\Users\IDONNO~1.SON\AppData\Local\Temp\ccxTFrhE.s:166    .text.chCoreAllocI:00000000 chCoreAllocI
C:\Users\IDONNO~1.SON\AppData\Local\Temp\ccxTFrhE.s:209    .text.chCoreAllocI:00000024 $d
C:\Users\IDONNO~1.SON\AppData\Local\Temp\ccxTFrhE.s:215    .text.chCoreGetStatusX:00000000 $t
C:\Users\IDONNO~1.SON\AppData\Local\Temp\ccxTFrhE.s:221    .text.chCoreGetStatusX:00000000 chCoreGetStatusX
C:\Users\IDONNO~1.SON\AppData\Local\Temp\ccxTFrhE.s:239    .text.chCoreGetStatusX:0000000c $d
C:\Users\IDONNO~1.SON\AppData\Local\Temp\ccxTFrhE.s:245    .bss.endmem:00000000 $d
C:\Users\IDONNO~1.SON\AppData\Local\Temp\ccxTFrhE.s:249    .bss.endmem:00000000 endmem
C:\Users\IDONNO~1.SON\AppData\Local\Temp\ccxTFrhE.s:252    .bss.nextmem:00000000 $d
C:\Users\IDONNO~1.SON\AppData\Local\Temp\ccxTFrhE.s:256    .bss.nextmem:00000000 nextmem
                     .debug_frame:00000010 $d

UNDEFINED SYMBOLS
__heap_base__
__heap_end__
