ARM GAS  C:\Users\IDONNO~1\AppData\Local\Temp\ccysDNoX.s 			page 1


   1              		.syntax unified
   2              		.cpu cortex-m4
   3              		.eabi_attribute 27, 1
   4              		.eabi_attribute 28, 1
   5              		.fpu fpv4-sp-d16
   6              		.eabi_attribute 20, 1
   7              		.eabi_attribute 21, 1
   8              		.eabi_attribute 23, 3
   9              		.eabi_attribute 24, 1
  10              		.eabi_attribute 25, 1
  11              		.eabi_attribute 26, 1
  12              		.eabi_attribute 30, 2
  13              		.eabi_attribute 34, 1
  14              		.eabi_attribute 18, 4
  15              		.thumb
  16              		.syntax unified
  17              		.file	"chvt.c"
  18              		.text
  19              	.Ltext0:
  20              		.cfi_sections	.debug_frame
  21              		.section	.text._vt_init,"ax",%progbits
  22              		.align	2
  23              		.p2align 4,,15
  24              		.global	_vt_init
  25              		.thumb
  26              		.thumb_func
  27              		.type	_vt_init, %function
  28              	_vt_init:
  29              	.LFB219:
  30              		.file 1 "lib/ChibiOS_3.0.2/os/rt/src/chvt.c"
  31              		.loc 1 61 0
  32              		.cfi_startproc
  33              		@ args = 0, pretend = 0, frame = 0
  34              		@ frame_needed = 0, uses_anonymous_args = 0
  35              		@ link register save eliminated.
  36              		.loc 1 63 0
  37 0000 054B     		ldr	r3, .L2
  38              		.loc 1 65 0
  39 0002 4FF0FF30 		mov	r0, #-1
  40              		.loc 1 63 0
  41 0006 03F11C02 		add	r2, r3, #28
  42              		.loc 1 67 0
  43 000a 0021     		movs	r1, #0
  44              		.loc 1 65 0
  45 000c 5862     		str	r0, [r3, #36]
  46              		.loc 1 67 0
  47 000e 9962     		str	r1, [r3, #40]
  48              		.loc 1 63 0
  49 0010 DA61     		str	r2, [r3, #28]
  50              		.loc 1 64 0
  51 0012 1A62     		str	r2, [r3, #32]
  52 0014 7047     		bx	lr
  53              	.L3:
  54 0016 00BF     		.align	2
  55              	.L2:
  56 0018 00000000 		.word	ch
  57              		.cfi_endproc
ARM GAS  C:\Users\IDONNO~1\AppData\Local\Temp\ccysDNoX.s 			page 2


  58              	.LFE219:
  59              		.size	_vt_init, .-_vt_init
  60              		.section	.text.chVTDoSetI,"ax",%progbits
  61              		.align	2
  62              		.p2align 4,,15
  63              		.global	chVTDoSetI
  64              		.thumb
  65              		.thumb_func
  66              		.type	chVTDoSetI, %function
  67              	chVTDoSetI:
  68              	.LFB220:
  69              		.loc 1 96 0
  70              		.cfi_startproc
  71              		@ args = 0, pretend = 0, frame = 0
  72              		@ frame_needed = 0, uses_anonymous_args = 0
  73              		@ link register save eliminated.
  74              	.LVL0:
  75 0000 70B4     		push	{r4, r5, r6}
  76              		.cfi_def_cfa_offset 12
  77              		.cfi_offset 4, -12
  78              		.cfi_offset 5, -8
  79              		.cfi_offset 6, -4
  80              		.loc 1 150 0
  81 0002 0D4E     		ldr	r6, .L10
  82 0004 F469     		ldr	r4, [r6, #28]
  83              		.loc 1 151 0
  84 0006 A568     		ldr	r5, [r4, #8]
  85              		.loc 1 103 0
  86 0008 0361     		str	r3, [r0, #16]
  87              		.loc 1 151 0
  88 000a A942     		cmp	r1, r5
  89              		.loc 1 104 0
  90 000c C260     		str	r2, [r0, #12]
  91              	.LVL1:
  92              		.loc 1 151 0
  93 000e 04D9     		bls	.L5
  94              	.LVL2:
  95              	.L6:
  96              		.loc 1 153 0
  97 0010 2468     		ldr	r4, [r4]
  98              	.LVL3:
  99              		.loc 1 152 0
 100 0012 491B     		subs	r1, r1, r5
 101              	.LVL4:
 102              		.loc 1 151 0
 103 0014 A568     		ldr	r5, [r4, #8]
 104 0016 8D42     		cmp	r5, r1
 105 0018 FAD3     		bcc	.L6
 106              	.L5:
 107              		.loc 1 158 0
 108 001a 6368     		ldr	r3, [r4, #4]
 109              	.LVL5:
 110 001c 4360     		str	r3, [r0, #4]
 111              		.loc 1 157 0
 112 001e 0460     		str	r4, [r0]
 113              		.loc 1 159 0
 114 0020 1860     		str	r0, [r3]
ARM GAS  C:\Users\IDONNO~1\AppData\Local\Temp\ccysDNoX.s 			page 3


 115              		.loc 1 160 0
 116 0022 6060     		str	r0, [r4, #4]
 117              		.loc 1 161 0
 118 0024 8160     		str	r1, [r0, #8]
 119              		.loc 1 165 0
 120 0026 A368     		ldr	r3, [r4, #8]
 121              		.loc 1 166 0
 122 0028 4FF0FF32 		mov	r2, #-1
 123              	.LVL6:
 124              		.loc 1 165 0
 125 002c 591A     		subs	r1, r3, r1
 126              	.LVL7:
 127 002e A160     		str	r1, [r4, #8]
 128              	.LVL8:
 129              		.loc 1 166 0
 130 0030 7262     		str	r2, [r6, #36]
 131              		.loc 1 167 0
 132 0032 70BC     		pop	{r4, r5, r6}
 133              		.cfi_restore 6
 134              		.cfi_restore 5
 135              		.cfi_restore 4
 136              		.cfi_def_cfa_offset 0
 137              	.LVL9:
 138 0034 7047     		bx	lr
 139              	.L11:
 140 0036 00BF     		.align	2
 141              	.L10:
 142 0038 00000000 		.word	ch
 143              		.cfi_endproc
 144              	.LFE220:
 145              		.size	chVTDoSetI, .-chVTDoSetI
 146              		.section	.text.chVTDoResetI,"ax",%progbits
 147              		.align	2
 148              		.p2align 4,,15
 149              		.global	chVTDoResetI
 150              		.thumb
 151              		.thumb_func
 152              		.type	chVTDoResetI, %function
 153              	chVTDoResetI:
 154              	.LFB221:
 155              		.loc 1 177 0
 156              		.cfi_startproc
 157              		@ args = 0, pretend = 0, frame = 0
 158              		@ frame_needed = 0, uses_anonymous_args = 0
 159              		@ link register save eliminated.
 160              	.LVL10:
 161              		.loc 1 186 0
 162 0000 0368     		ldr	r3, [r0]
 163 0002 8268     		ldr	r2, [r0, #8]
 164              		.loc 1 189 0
 165 0004 4168     		ldr	r1, [r0, #4]
 166              		.loc 1 177 0
 167 0006 30B4     		push	{r4, r5}
 168              		.cfi_def_cfa_offset 8
 169              		.cfi_offset 4, -8
 170              		.cfi_offset 5, -4
 171              		.loc 1 186 0
ARM GAS  C:\Users\IDONNO~1\AppData\Local\Temp\ccysDNoX.s 			page 4


 172 0008 9D68     		ldr	r5, [r3, #8]
 173              		.loc 1 195 0
 174 000a 064C     		ldr	r4, .L14
 175              		.loc 1 186 0
 176 000c 2A44     		add	r2, r2, r5
 177 000e 9A60     		str	r2, [r3, #8]
 178              		.loc 1 189 0
 179 0010 0B60     		str	r3, [r1]
 180              		.loc 1 190 0
 181 0012 0568     		ldr	r5, [r0]
 182              		.loc 1 191 0
 183 0014 0022     		movs	r2, #0
 184              		.loc 1 195 0
 185 0016 4FF0FF33 		mov	r3, #-1
 186              		.loc 1 190 0
 187 001a 6960     		str	r1, [r5, #4]
 188              		.loc 1 191 0
 189 001c C260     		str	r2, [r0, #12]
 190              		.loc 1 195 0
 191 001e 6362     		str	r3, [r4, #36]
 192              		.loc 1 255 0
 193 0020 30BC     		pop	{r4, r5}
 194              		.cfi_restore 5
 195              		.cfi_restore 4
 196              		.cfi_def_cfa_offset 0
 197 0022 7047     		bx	lr
 198              	.L15:
 199              		.align	2
 200              	.L14:
 201 0024 00000000 		.word	ch
 202              		.cfi_endproc
 203              	.LFE221:
 204              		.size	chVTDoResetI, .-chVTDoResetI
 205              		.text
 206              	.Letext0:
 207              		.file 2 "c:\\program files (x86)\\gnu tools arm embedded\\5.2 2015q4\\arm-none-eabi\\include\\mach
 208              		.file 3 "c:\\program files (x86)\\gnu tools arm embedded\\5.2 2015q4\\arm-none-eabi\\include\\sys\
 209              		.file 4 "lib/ChibiOS_3.0.2/os/rt/ports/ARMCMx/compilers/GCC/chtypes.h"
 210              		.file 5 "lib/ChibiOS_3.0.2/os/rt/include/chsystypes.h"
 211              		.file 6 "lib/ChibiOS_3.0.2/os/rt/include/chschd.h"
 212              		.file 7 "lib/ChibiOS_3.0.2/os/rt/ports/ARMCMx/chcore.h"
 213              		.file 8 "lib/ChibiOS_3.0.2/os/rt/ports/ARMCMx/chcore_v7m.h"
 214              		.file 9 "lib/ChibiOS_3.0.2/os/rt/include/chtm.h"
 215              		.file 10 "lib/ChibiOS_3.0.2/os/rt/include/chsem.h"
 216              		.file 11 "lib/ChibiOS_3.0.2/os/rt/include/chmtx.h"
 217              		.file 12 "lib/ChibiOS_3.0.2/os/ext/CMSIS/include/core_cm4.h"
 218              		.section	.debug_info,"",%progbits
 219              	.Ldebug_info0:
 220 0000 F9070000 		.4byte	0x7f9
 221 0004 0400     		.2byte	0x4
 222 0006 00000000 		.4byte	.Ldebug_abbrev0
 223 000a 04       		.byte	0x4
 224 000b 01       		.uleb128 0x1
 225 000c FB030000 		.4byte	.LASF111
 226 0010 0C       		.byte	0xc
 227 0011 97010000 		.4byte	.LASF112
 228 0015 5A000000 		.4byte	.LASF113
ARM GAS  C:\Users\IDONNO~1\AppData\Local\Temp\ccysDNoX.s 			page 5


 229 0019 00000000 		.4byte	.Ldebug_ranges0+0
 230 001d 00000000 		.4byte	0
 231 0021 00000000 		.4byte	.Ldebug_line0
 232 0025 02       		.uleb128 0x2
 233 0026 04       		.byte	0x4
 234 0027 05       		.byte	0x5
 235 0028 696E7400 		.ascii	"int\000"
 236 002c 03       		.uleb128 0x3
 237 002d 04       		.byte	0x4
 238 002e 07       		.byte	0x7
 239 002f E5030000 		.4byte	.LASF0
 240 0033 03       		.uleb128 0x3
 241 0034 01       		.byte	0x1
 242 0035 06       		.byte	0x6
 243 0036 08010000 		.4byte	.LASF1
 244 003a 04       		.uleb128 0x4
 245 003b 35000000 		.4byte	.LASF5
 246 003f 02       		.byte	0x2
 247 0040 1D       		.byte	0x1d
 248 0041 45000000 		.4byte	0x45
 249 0045 03       		.uleb128 0x3
 250 0046 01       		.byte	0x1
 251 0047 08       		.byte	0x8
 252 0048 1D030000 		.4byte	.LASF2
 253 004c 03       		.uleb128 0x3
 254 004d 02       		.byte	0x2
 255 004e 05       		.byte	0x5
 256 004f 3B030000 		.4byte	.LASF3
 257 0053 03       		.uleb128 0x3
 258 0054 02       		.byte	0x2
 259 0055 07       		.byte	0x7
 260 0056 EA010000 		.4byte	.LASF4
 261 005a 04       		.uleb128 0x4
 262 005b 3A020000 		.4byte	.LASF6
 263 005f 02       		.byte	0x2
 264 0060 3F       		.byte	0x3f
 265 0061 65000000 		.4byte	0x65
 266 0065 03       		.uleb128 0x3
 267 0066 04       		.byte	0x4
 268 0067 05       		.byte	0x5
 269 0068 3F010000 		.4byte	.LASF7
 270 006c 04       		.uleb128 0x4
 271 006d 3D050000 		.4byte	.LASF8
 272 0071 02       		.byte	0x2
 273 0072 41       		.byte	0x41
 274 0073 77000000 		.4byte	0x77
 275 0077 03       		.uleb128 0x3
 276 0078 04       		.byte	0x4
 277 0079 07       		.byte	0x7
 278 007a CE030000 		.4byte	.LASF9
 279 007e 03       		.uleb128 0x3
 280 007f 08       		.byte	0x8
 281 0080 05       		.byte	0x5
 282 0081 FA000000 		.4byte	.LASF10
 283 0085 04       		.uleb128 0x4
 284 0086 D3020000 		.4byte	.LASF11
 285 008a 02       		.byte	0x2
ARM GAS  C:\Users\IDONNO~1\AppData\Local\Temp\ccysDNoX.s 			page 6


 286 008b 5B       		.byte	0x5b
 287 008c 90000000 		.4byte	0x90
 288 0090 03       		.uleb128 0x3
 289 0091 08       		.byte	0x8
 290 0092 07       		.byte	0x7
 291 0093 7E000000 		.4byte	.LASF12
 292 0097 04       		.uleb128 0x4
 293 0098 9D050000 		.4byte	.LASF13
 294 009c 03       		.byte	0x3
 295 009d 14       		.byte	0x14
 296 009e 3A000000 		.4byte	0x3a
 297 00a2 04       		.uleb128 0x4
 298 00a3 15030000 		.4byte	.LASF14
 299 00a7 03       		.byte	0x3
 300 00a8 1F       		.byte	0x1f
 301 00a9 5A000000 		.4byte	0x5a
 302 00ad 04       		.uleb128 0x4
 303 00ae A6030000 		.4byte	.LASF15
 304 00b2 03       		.byte	0x3
 305 00b3 20       		.byte	0x20
 306 00b4 6C000000 		.4byte	0x6c
 307 00b8 04       		.uleb128 0x4
 308 00b9 20000000 		.4byte	.LASF16
 309 00bd 03       		.byte	0x3
 310 00be 26       		.byte	0x26
 311 00bf 85000000 		.4byte	0x85
 312 00c3 05       		.uleb128 0x5
 313 00c4 A2000000 		.4byte	0xa2
 314 00c8 04       		.uleb128 0x4
 315 00c9 61050000 		.4byte	.LASF17
 316 00cd 04       		.byte	0x4
 317 00ce 45       		.byte	0x45
 318 00cf AD000000 		.4byte	0xad
 319 00d3 04       		.uleb128 0x4
 320 00d4 19020000 		.4byte	.LASF18
 321 00d8 04       		.byte	0x4
 322 00d9 48       		.byte	0x48
 323 00da 97000000 		.4byte	0x97
 324 00de 04       		.uleb128 0x4
 325 00df 48010000 		.4byte	.LASF19
 326 00e3 04       		.byte	0x4
 327 00e4 49       		.byte	0x49
 328 00e5 97000000 		.4byte	0x97
 329 00e9 04       		.uleb128 0x4
 330 00ea DE020000 		.4byte	.LASF20
 331 00ee 04       		.byte	0x4
 332 00ef 4A       		.byte	0x4a
 333 00f0 97000000 		.4byte	0x97
 334 00f4 04       		.uleb128 0x4
 335 00f5 2B010000 		.4byte	.LASF21
 336 00f9 04       		.byte	0x4
 337 00fa 4B       		.byte	0x4b
 338 00fb 97000000 		.4byte	0x97
 339 00ff 04       		.uleb128 0x4
 340 0100 FD020000 		.4byte	.LASF22
 341 0104 04       		.byte	0x4
 342 0105 4C       		.byte	0x4c
ARM GAS  C:\Users\IDONNO~1\AppData\Local\Temp\ccysDNoX.s 			page 7


 343 0106 AD000000 		.4byte	0xad
 344 010a 04       		.uleb128 0x4
 345 010b 07020000 		.4byte	.LASF23
 346 010f 04       		.byte	0x4
 347 0110 4D       		.byte	0x4d
 348 0111 A2000000 		.4byte	0xa2
 349 0115 04       		.uleb128 0x4
 350 0116 29000000 		.4byte	.LASF24
 351 011a 04       		.byte	0x4
 352 011b 4F       		.byte	0x4f
 353 011c AD000000 		.4byte	0xad
 354 0120 04       		.uleb128 0x4
 355 0121 91010000 		.4byte	.LASF25
 356 0125 04       		.byte	0x4
 357 0126 51       		.byte	0x51
 358 0127 A2000000 		.4byte	0xa2
 359 012b 04       		.uleb128 0x4
 360 012c 1F050000 		.4byte	.LASF26
 361 0130 05       		.byte	0x5
 362 0131 33       		.byte	0x33
 363 0132 AD000000 		.4byte	0xad
 364 0136 04       		.uleb128 0x4
 365 0137 F2030000 		.4byte	.LASF27
 366 013b 05       		.byte	0x5
 367 013c 3F       		.byte	0x3f
 368 013d 41010000 		.4byte	0x141
 369 0141 06       		.uleb128 0x6
 370 0142 FD010000 		.4byte	.LASF49
 371 0146 48       		.byte	0x48
 372 0147 06       		.byte	0x6
 373 0148 C2       		.byte	0xc2
 374 0149 46020000 		.4byte	0x246
 375 014d 07       		.uleb128 0x7
 376 014e 65030000 		.4byte	.LASF28
 377 0152 06       		.byte	0x6
 378 0153 C3       		.byte	0xc3
 379 0154 51020000 		.4byte	0x251
 380 0158 00       		.byte	0
 381 0159 07       		.uleb128 0x7
 382 015a F6020000 		.4byte	.LASF29
 383 015e 06       		.byte	0x6
 384 015f C5       		.byte	0xc5
 385 0160 51020000 		.4byte	0x251
 386 0164 04       		.byte	0x4
 387 0165 07       		.uleb128 0x7
 388 0166 EA000000 		.4byte	.LASF30
 389 016a 06       		.byte	0x6
 390 016b C7       		.byte	0xc7
 391 016c FF000000 		.4byte	0xff
 392 0170 08       		.byte	0x8
 393 0171 07       		.uleb128 0x7
 394 0172 CC050000 		.4byte	.LASF31
 395 0176 06       		.byte	0x6
 396 0177 C8       		.byte	0xc8
 397 0178 81040000 		.4byte	0x481
 398 017c 0C       		.byte	0xc
 399 017d 07       		.uleb128 0x7
ARM GAS  C:\Users\IDONNO~1\AppData\Local\Temp\ccysDNoX.s 			page 8


 400 017e 51010000 		.4byte	.LASF32
 401 0182 06       		.byte	0x6
 402 0183 CA       		.byte	0xca
 403 0184 51020000 		.4byte	0x251
 404 0188 10       		.byte	0x10
 405 0189 07       		.uleb128 0x7
 406 018a 9B020000 		.4byte	.LASF33
 407 018e 06       		.byte	0x6
 408 018f CB       		.byte	0xcb
 409 0190 51020000 		.4byte	0x251
 410 0194 14       		.byte	0x14
 411 0195 07       		.uleb128 0x7
 412 0196 AC050000 		.4byte	.LASF34
 413 019a 06       		.byte	0x6
 414 019b D2       		.byte	0xd2
 415 019c C6060000 		.4byte	0x6c6
 416 01a0 18       		.byte	0x18
 417 01a1 07       		.uleb128 0x7
 418 01a2 45030000 		.4byte	.LASF35
 419 01a6 06       		.byte	0x6
 420 01a7 DD       		.byte	0xdd
 421 01a8 DE000000 		.4byte	0xde
 422 01ac 1C       		.byte	0x1c
 423 01ad 07       		.uleb128 0x7
 424 01ae 6C030000 		.4byte	.LASF36
 425 01b2 06       		.byte	0x6
 426 01b3 E1       		.byte	0xe1
 427 01b4 D3000000 		.4byte	0xd3
 428 01b8 1D       		.byte	0x1d
 429 01b9 07       		.uleb128 0x7
 430 01ba 90050000 		.4byte	.LASF37
 431 01be 06       		.byte	0x6
 432 01bf E6       		.byte	0xe6
 433 01c0 E9000000 		.4byte	0xe9
 434 01c4 1E       		.byte	0x1e
 435 01c5 07       		.uleb128 0x7
 436 01c6 4D030000 		.4byte	.LASF38
 437 01ca 06       		.byte	0x6
 438 01cb EC       		.byte	0xec
 439 01cc F4000000 		.4byte	0xf4
 440 01d0 1F       		.byte	0x1f
 441 01d1 07       		.uleb128 0x7
 442 01d2 C2010000 		.4byte	.LASF39
 443 01d6 06       		.byte	0x6
 444 01d7 F3       		.byte	0xf3
 445 01d8 D8060000 		.4byte	0x6d8
 446 01dc 20       		.byte	0x20
 447 01dd 08       		.uleb128 0x8
 448 01de 705F7500 		.ascii	"p_u\000"
 449 01e2 06       		.byte	0x6
 450 01e3 3101     		.2byte	0x131
 451 01e5 01060000 		.4byte	0x601
 452 01e9 24       		.byte	0x24
 453 01ea 09       		.uleb128 0x9
 454 01eb 5E020000 		.4byte	.LASF40
 455 01ef 06       		.byte	0x6
 456 01f0 3601     		.2byte	0x136
ARM GAS  C:\Users\IDONNO~1\AppData\Local\Temp\ccysDNoX.s 			page 9


 457 01f2 57020000 		.4byte	0x257
 458 01f6 28       		.byte	0x28
 459 01f7 09       		.uleb128 0x9
 460 01f8 D9010000 		.4byte	.LASF41
 461 01fc 06       		.byte	0x6
 462 01fd 3C01     		.2byte	0x13c
 463 01ff 7B020000 		.4byte	0x27b
 464 0203 2C       		.byte	0x2c
 465 0204 09       		.uleb128 0x9
 466 0205 BE050000 		.4byte	.LASF42
 467 0209 06       		.byte	0x6
 468 020a 4001     		.2byte	0x140
 469 020c 0A010000 		.4byte	0x10a
 470 0210 34       		.byte	0x34
 471 0211 09       		.uleb128 0x9
 472 0212 9B030000 		.4byte	.LASF43
 473 0216 06       		.byte	0x6
 474 0217 4601     		.2byte	0x146
 475 0219 15010000 		.4byte	0x115
 476 021d 38       		.byte	0x38
 477 021e 09       		.uleb128 0x9
 478 021f 31030000 		.4byte	.LASF44
 479 0223 06       		.byte	0x6
 480 0224 4D01     		.2byte	0x14d
 481 0226 C0060000 		.4byte	0x6c0
 482 022a 3C       		.byte	0x3c
 483 022b 09       		.uleb128 0x9
 484 022c 29050000 		.4byte	.LASF45
 485 0230 06       		.byte	0x6
 486 0231 5101     		.2byte	0x151
 487 0233 FF000000 		.4byte	0xff
 488 0237 40       		.byte	0x40
 489 0238 09       		.uleb128 0x9
 490 0239 14010000 		.4byte	.LASF46
 491 023d 06       		.byte	0x6
 492 023e 5801     		.2byte	0x158
 493 0240 2E030000 		.4byte	0x32e
 494 0244 44       		.byte	0x44
 495 0245 00       		.byte	0
 496 0246 04       		.uleb128 0x4
 497 0247 71020000 		.4byte	.LASF47
 498 024b 05       		.byte	0x5
 499 024c 44       		.byte	0x44
 500 024d 51020000 		.4byte	0x251
 501 0251 0A       		.uleb128 0xa
 502 0252 04       		.byte	0x4
 503 0253 36010000 		.4byte	0x136
 504 0257 04       		.uleb128 0x4
 505 0258 4F020000 		.4byte	.LASF48
 506 025c 05       		.byte	0x5
 507 025d 49       		.byte	0x49
 508 025e 62020000 		.4byte	0x262
 509 0262 06       		.uleb128 0x6
 510 0263 BE030000 		.4byte	.LASF50
 511 0267 04       		.byte	0x4
 512 0268 06       		.byte	0x6
 513 0269 B0       		.byte	0xb0
ARM GAS  C:\Users\IDONNO~1\AppData\Local\Temp\ccysDNoX.s 			page 10


 514 026a 7B020000 		.4byte	0x27b
 515 026e 07       		.uleb128 0x7
 516 026f 65030000 		.4byte	.LASF28
 517 0273 06       		.byte	0x6
 518 0274 B1       		.byte	0xb1
 519 0275 51020000 		.4byte	0x251
 520 0279 00       		.byte	0
 521 027a 00       		.byte	0
 522 027b 04       		.uleb128 0x4
 523 027c 77050000 		.4byte	.LASF51
 524 0280 05       		.byte	0x5
 525 0281 50       		.byte	0x50
 526 0282 86020000 		.4byte	0x286
 527 0286 06       		.uleb128 0x6
 528 0287 D9000000 		.4byte	.LASF52
 529 028b 08       		.byte	0x8
 530 028c 06       		.byte	0x6
 531 028d B7       		.byte	0xb7
 532 028e AB020000 		.4byte	0x2ab
 533 0292 07       		.uleb128 0x7
 534 0293 65030000 		.4byte	.LASF28
 535 0297 06       		.byte	0x6
 536 0298 B8       		.byte	0xb8
 537 0299 51020000 		.4byte	0x251
 538 029d 00       		.byte	0
 539 029e 07       		.uleb128 0x7
 540 029f F6020000 		.4byte	.LASF29
 541 02a3 06       		.byte	0x6
 542 02a4 B9       		.byte	0xb9
 543 02a5 51020000 		.4byte	0x251
 544 02a9 04       		.byte	0x4
 545 02aa 00       		.byte	0
 546 02ab 04       		.uleb128 0x4
 547 02ac 00000000 		.4byte	.LASF53
 548 02b0 05       		.byte	0x5
 549 02b1 57       		.byte	0x57
 550 02b2 B6020000 		.4byte	0x2b6
 551 02b6 0B       		.uleb128 0xb
 552 02b7 21020000 		.4byte	.LASF54
 553 02bb 1C       		.byte	0x1c
 554 02bc 06       		.byte	0x6
 555 02bd 9001     		.2byte	0x190
 556 02bf 12030000 		.4byte	0x312
 557 02c3 09       		.uleb128 0x9
 558 02c4 B6030000 		.4byte	.LASF55
 559 02c8 06       		.byte	0x6
 560 02c9 9101     		.2byte	0x191
 561 02cb 7B020000 		.4byte	0x27b
 562 02cf 00       		.byte	0
 563 02d0 09       		.uleb128 0x9
 564 02d1 57030000 		.4byte	.LASF56
 565 02d5 06       		.byte	0x6
 566 02d6 9201     		.2byte	0x192
 567 02d8 FF000000 		.4byte	0xff
 568 02dc 08       		.byte	0x8
 569 02dd 09       		.uleb128 0x9
 570 02de A3020000 		.4byte	.LASF57
ARM GAS  C:\Users\IDONNO~1\AppData\Local\Temp\ccysDNoX.s 			page 11


 571 02e2 06       		.byte	0x6
 572 02e3 9401     		.2byte	0x194
 573 02e5 81040000 		.4byte	0x481
 574 02e9 0C       		.byte	0xc
 575 02ea 09       		.uleb128 0x9
 576 02eb 61010000 		.4byte	.LASF58
 577 02ef 06       		.byte	0x6
 578 02f0 9701     		.2byte	0x197
 579 02f2 51020000 		.4byte	0x251
 580 02f6 10       		.byte	0x10
 581 02f7 09       		.uleb128 0x9
 582 02f8 CB020000 		.4byte	.LASF59
 583 02fc 06       		.byte	0x6
 584 02fd 9801     		.2byte	0x198
 585 02ff 51020000 		.4byte	0x251
 586 0303 14       		.byte	0x14
 587 0304 09       		.uleb128 0x9
 588 0305 C1020000 		.4byte	.LASF60
 589 0309 06       		.byte	0x6
 590 030a 9B01     		.2byte	0x19b
 591 030c 51020000 		.4byte	0x251
 592 0310 18       		.byte	0x18
 593 0311 00       		.byte	0
 594 0312 04       		.uleb128 0x4
 595 0313 34050000 		.4byte	.LASF61
 596 0317 05       		.byte	0x5
 597 0318 5C       		.byte	0x5c
 598 0319 1D030000 		.4byte	0x31d
 599 031d 0A       		.uleb128 0xa
 600 031e 04       		.byte	0x4
 601 031f 23030000 		.4byte	0x323
 602 0323 0C       		.uleb128 0xc
 603 0324 2E030000 		.4byte	0x32e
 604 0328 0D       		.uleb128 0xd
 605 0329 2E030000 		.4byte	0x32e
 606 032d 00       		.byte	0
 607 032e 0E       		.uleb128 0xe
 608 032f 04       		.byte	0x4
 609 0330 04       		.uleb128 0x4
 610 0331 E6020000 		.4byte	.LASF62
 611 0335 05       		.byte	0x5
 612 0336 61       		.byte	0x61
 613 0337 3B030000 		.4byte	0x33b
 614 033b 0B       		.uleb128 0xb
 615 033c 7D030000 		.4byte	.LASF63
 616 0340 14       		.byte	0x14
 617 0341 06       		.byte	0x6
 618 0342 6B01     		.2byte	0x16b
 619 0344 8A030000 		.4byte	0x38a
 620 0348 09       		.uleb128 0x9
 621 0349 BA010000 		.4byte	.LASF64
 622 034d 06       		.byte	0x6
 623 034e 6C01     		.2byte	0x16c
 624 0350 DD060000 		.4byte	0x6dd
 625 0354 00       		.byte	0
 626 0355 09       		.uleb128 0x9
 627 0356 72010000 		.4byte	.LASF65
ARM GAS  C:\Users\IDONNO~1\AppData\Local\Temp\ccysDNoX.s 			page 12


 628 035a 06       		.byte	0x6
 629 035b 6D01     		.2byte	0x16d
 630 035d DD060000 		.4byte	0x6dd
 631 0361 04       		.byte	0x4
 632 0362 09       		.uleb128 0x9
 633 0363 D0010000 		.4byte	.LASF66
 634 0367 06       		.byte	0x6
 635 0368 6E01     		.2byte	0x16e
 636 036a 2B010000 		.4byte	0x12b
 637 036e 08       		.byte	0x8
 638 036f 09       		.uleb128 0x9
 639 0370 D2050000 		.4byte	.LASF67
 640 0374 06       		.byte	0x6
 641 0375 6F01     		.2byte	0x16f
 642 0377 12030000 		.4byte	0x312
 643 037b 0C       		.byte	0xc
 644 037c 09       		.uleb128 0x9
 645 037d 69050000 		.4byte	.LASF68
 646 0381 06       		.byte	0x6
 647 0382 7101     		.2byte	0x171
 648 0384 2E030000 		.4byte	0x32e
 649 0388 10       		.byte	0x10
 650 0389 00       		.byte	0
 651 038a 04       		.uleb128 0x4
 652 038b B6000000 		.4byte	.LASF69
 653 038f 05       		.byte	0x5
 654 0390 66       		.byte	0x66
 655 0391 95030000 		.4byte	0x395
 656 0395 0B       		.uleb128 0xb
 657 0396 84020000 		.4byte	.LASF70
 658 039a 10       		.byte	0x10
 659 039b 06       		.byte	0x6
 660 039c 7B01     		.2byte	0x17b
 661 039e D7030000 		.4byte	0x3d7
 662 03a2 09       		.uleb128 0x9
 663 03a3 BA010000 		.4byte	.LASF64
 664 03a7 06       		.byte	0x6
 665 03a8 7C01     		.2byte	0x17c
 666 03aa DD060000 		.4byte	0x6dd
 667 03ae 00       		.byte	0
 668 03af 09       		.uleb128 0x9
 669 03b0 72010000 		.4byte	.LASF65
 670 03b4 06       		.byte	0x6
 671 03b5 7E01     		.2byte	0x17e
 672 03b7 DD060000 		.4byte	0x6dd
 673 03bb 04       		.byte	0x4
 674 03bc 09       		.uleb128 0x9
 675 03bd D0010000 		.4byte	.LASF66
 676 03c1 06       		.byte	0x6
 677 03c2 8001     		.2byte	0x180
 678 03c4 2B010000 		.4byte	0x12b
 679 03c8 08       		.byte	0x8
 680 03c9 09       		.uleb128 0x9
 681 03ca B3050000 		.4byte	.LASF71
 682 03ce 06       		.byte	0x6
 683 03cf 8201     		.2byte	0x182
 684 03d1 D8060000 		.4byte	0x6d8
ARM GAS  C:\Users\IDONNO~1\AppData\Local\Temp\ccysDNoX.s 			page 13


 685 03d5 0C       		.byte	0xc
 686 03d6 00       		.byte	0
 687 03d7 04       		.uleb128 0x4
 688 03d8 4B000000 		.4byte	.LASF72
 689 03dc 05       		.byte	0x5
 690 03dd 6B       		.byte	0x6b
 691 03de E2030000 		.4byte	0x3e2
 692 03e2 0B       		.uleb128 0xb
 693 03e3 05030000 		.4byte	.LASF73
 694 03e7 04       		.byte	0x4
 695 03e8 06       		.byte	0x6
 696 03e9 A201     		.2byte	0x1a2
 697 03eb FD030000 		.4byte	0x3fd
 698 03ef 09       		.uleb128 0x9
 699 03f0 48050000 		.4byte	.LASF74
 700 03f4 06       		.byte	0x6
 701 03f5 AA01     		.2byte	0x1aa
 702 03f7 E3060000 		.4byte	0x6e3
 703 03fb 00       		.byte	0
 704 03fc 00       		.byte	0
 705 03fd 04       		.uleb128 0x4
 706 03fe 0D020000 		.4byte	.LASF75
 707 0402 05       		.byte	0x5
 708 0403 70       		.byte	0x70
 709 0404 08040000 		.4byte	0x408
 710 0408 0F       		.uleb128 0xf
 711 0409 35010000 		.4byte	.LASF76
 712 040d 5802     		.2byte	0x258
 713 040f 06       		.byte	0x6
 714 0410 C201     		.2byte	0x1c2
 715 0412 64040000 		.4byte	0x464
 716 0416 09       		.uleb128 0x9
 717 0417 97050000 		.4byte	.LASF77
 718 041b 06       		.byte	0x6
 719 041c C601     		.2byte	0x1c6
 720 041e AB020000 		.4byte	0x2ab
 721 0422 00       		.byte	0
 722 0423 09       		.uleb128 0x9
 723 0424 24010000 		.4byte	.LASF78
 724 0428 06       		.byte	0x6
 725 0429 CA01     		.2byte	0x1ca
 726 042b 8A030000 		.4byte	0x38a
 727 042f 1C       		.byte	0x1c
 728 0430 08       		.uleb128 0x8
 729 0431 64626700 		.ascii	"dbg\000"
 730 0435 06       		.byte	0x6
 731 0436 CE01     		.2byte	0x1ce
 732 0438 D7030000 		.4byte	0x3d7
 733 043c 2C       		.byte	0x2c
 734 043d 09       		.uleb128 0x9
 735 043e AB000000 		.4byte	.LASF79
 736 0442 06       		.byte	0x6
 737 0443 D201     		.2byte	0x1d2
 738 0445 36010000 		.4byte	0x136
 739 0449 30       		.byte	0x30
 740 044a 08       		.uleb128 0x8
 741 044b 746D00   		.ascii	"tm\000"
ARM GAS  C:\Users\IDONNO~1\AppData\Local\Temp\ccysDNoX.s 			page 14


 742 044e 06       		.byte	0x6
 743 044f D701     		.2byte	0x1d7
 744 0451 F6050000 		.4byte	0x5f6
 745 0455 78       		.byte	0x78
 746 0456 09       		.uleb128 0x9
 747 0457 82010000 		.4byte	.LASF80
 748 045b 06       		.byte	0x6
 749 045c E301     		.2byte	0x1e3
 750 045e E8060000 		.4byte	0x6e8
 751 0462 80       		.byte	0x80
 752 0463 00       		.byte	0
 753 0464 03       		.uleb128 0x3
 754 0465 04       		.byte	0x4
 755 0466 07       		.byte	0x7
 756 0467 68020000 		.4byte	.LASF81
 757 046b 04       		.uleb128 0x4
 758 046c 69010000 		.4byte	.LASF82
 759 0470 07       		.byte	0x7
 760 0471 65       		.byte	0x65
 761 0472 2E030000 		.4byte	0x32e
 762 0476 04       		.uleb128 0x4
 763 0477 44020000 		.4byte	.LASF83
 764 047b 07       		.byte	0x7
 765 047c 6D       		.byte	0x6d
 766 047d B8000000 		.4byte	0xb8
 767 0481 06       		.uleb128 0x6
 768 0482 59050000 		.4byte	.LASF84
 769 0486 04       		.byte	0x4
 770 0487 07       		.byte	0x7
 771 0488 89       		.byte	0x89
 772 0489 9A040000 		.4byte	0x49a
 773 048d 10       		.uleb128 0x10
 774 048e 72313300 		.ascii	"r13\000"
 775 0492 07       		.byte	0x7
 776 0493 8A       		.byte	0x8a
 777 0494 DB050000 		.4byte	0x5db
 778 0498 00       		.byte	0
 779 0499 00       		.byte	0
 780 049a 06       		.uleb128 0x6
 781 049b 3F000000 		.4byte	.LASF85
 782 049f 64       		.byte	0x64
 783 04a0 08       		.byte	0x8
 784 04a1 F4       		.byte	0xf4
 785 04a2 DB050000 		.4byte	0x5db
 786 04a6 10       		.uleb128 0x10
 787 04a7 73313600 		.ascii	"s16\000"
 788 04ab 08       		.byte	0x8
 789 04ac F6       		.byte	0xf6
 790 04ad 6B040000 		.4byte	0x46b
 791 04b1 00       		.byte	0
 792 04b2 10       		.uleb128 0x10
 793 04b3 73313700 		.ascii	"s17\000"
 794 04b7 08       		.byte	0x8
 795 04b8 F7       		.byte	0xf7
 796 04b9 6B040000 		.4byte	0x46b
 797 04bd 04       		.byte	0x4
 798 04be 10       		.uleb128 0x10
ARM GAS  C:\Users\IDONNO~1\AppData\Local\Temp\ccysDNoX.s 			page 15


 799 04bf 73313800 		.ascii	"s18\000"
 800 04c3 08       		.byte	0x8
 801 04c4 F8       		.byte	0xf8
 802 04c5 6B040000 		.4byte	0x46b
 803 04c9 08       		.byte	0x8
 804 04ca 10       		.uleb128 0x10
 805 04cb 73313900 		.ascii	"s19\000"
 806 04cf 08       		.byte	0x8
 807 04d0 F9       		.byte	0xf9
 808 04d1 6B040000 		.4byte	0x46b
 809 04d5 0C       		.byte	0xc
 810 04d6 10       		.uleb128 0x10
 811 04d7 73323000 		.ascii	"s20\000"
 812 04db 08       		.byte	0x8
 813 04dc FA       		.byte	0xfa
 814 04dd 6B040000 		.4byte	0x46b
 815 04e1 10       		.byte	0x10
 816 04e2 10       		.uleb128 0x10
 817 04e3 73323100 		.ascii	"s21\000"
 818 04e7 08       		.byte	0x8
 819 04e8 FB       		.byte	0xfb
 820 04e9 6B040000 		.4byte	0x46b
 821 04ed 14       		.byte	0x14
 822 04ee 10       		.uleb128 0x10
 823 04ef 73323200 		.ascii	"s22\000"
 824 04f3 08       		.byte	0x8
 825 04f4 FC       		.byte	0xfc
 826 04f5 6B040000 		.4byte	0x46b
 827 04f9 18       		.byte	0x18
 828 04fa 10       		.uleb128 0x10
 829 04fb 73323300 		.ascii	"s23\000"
 830 04ff 08       		.byte	0x8
 831 0500 FD       		.byte	0xfd
 832 0501 6B040000 		.4byte	0x46b
 833 0505 1C       		.byte	0x1c
 834 0506 10       		.uleb128 0x10
 835 0507 73323400 		.ascii	"s24\000"
 836 050b 08       		.byte	0x8
 837 050c FE       		.byte	0xfe
 838 050d 6B040000 		.4byte	0x46b
 839 0511 20       		.byte	0x20
 840 0512 10       		.uleb128 0x10
 841 0513 73323500 		.ascii	"s25\000"
 842 0517 08       		.byte	0x8
 843 0518 FF       		.byte	0xff
 844 0519 6B040000 		.4byte	0x46b
 845 051d 24       		.byte	0x24
 846 051e 08       		.uleb128 0x8
 847 051f 73323600 		.ascii	"s26\000"
 848 0523 08       		.byte	0x8
 849 0524 0001     		.2byte	0x100
 850 0526 6B040000 		.4byte	0x46b
 851 052a 28       		.byte	0x28
 852 052b 08       		.uleb128 0x8
 853 052c 73323700 		.ascii	"s27\000"
 854 0530 08       		.byte	0x8
 855 0531 0101     		.2byte	0x101
ARM GAS  C:\Users\IDONNO~1\AppData\Local\Temp\ccysDNoX.s 			page 16


 856 0533 6B040000 		.4byte	0x46b
 857 0537 2C       		.byte	0x2c
 858 0538 08       		.uleb128 0x8
 859 0539 73323800 		.ascii	"s28\000"
 860 053d 08       		.byte	0x8
 861 053e 0201     		.2byte	0x102
 862 0540 6B040000 		.4byte	0x46b
 863 0544 30       		.byte	0x30
 864 0545 08       		.uleb128 0x8
 865 0546 73323900 		.ascii	"s29\000"
 866 054a 08       		.byte	0x8
 867 054b 0301     		.2byte	0x103
 868 054d 6B040000 		.4byte	0x46b
 869 0551 34       		.byte	0x34
 870 0552 08       		.uleb128 0x8
 871 0553 73333000 		.ascii	"s30\000"
 872 0557 08       		.byte	0x8
 873 0558 0401     		.2byte	0x104
 874 055a 6B040000 		.4byte	0x46b
 875 055e 38       		.byte	0x38
 876 055f 08       		.uleb128 0x8
 877 0560 73333100 		.ascii	"s31\000"
 878 0564 08       		.byte	0x8
 879 0565 0501     		.2byte	0x105
 880 0567 6B040000 		.4byte	0x46b
 881 056b 3C       		.byte	0x3c
 882 056c 08       		.uleb128 0x8
 883 056d 723400   		.ascii	"r4\000"
 884 0570 08       		.byte	0x8
 885 0571 0701     		.2byte	0x107
 886 0573 6B040000 		.4byte	0x46b
 887 0577 40       		.byte	0x40
 888 0578 08       		.uleb128 0x8
 889 0579 723500   		.ascii	"r5\000"
 890 057c 08       		.byte	0x8
 891 057d 0801     		.2byte	0x108
 892 057f 6B040000 		.4byte	0x46b
 893 0583 44       		.byte	0x44
 894 0584 08       		.uleb128 0x8
 895 0585 723600   		.ascii	"r6\000"
 896 0588 08       		.byte	0x8
 897 0589 0901     		.2byte	0x109
 898 058b 6B040000 		.4byte	0x46b
 899 058f 48       		.byte	0x48
 900 0590 08       		.uleb128 0x8
 901 0591 723700   		.ascii	"r7\000"
 902 0594 08       		.byte	0x8
 903 0595 0A01     		.2byte	0x10a
 904 0597 6B040000 		.4byte	0x46b
 905 059b 4C       		.byte	0x4c
 906 059c 08       		.uleb128 0x8
 907 059d 723800   		.ascii	"r8\000"
 908 05a0 08       		.byte	0x8
 909 05a1 0B01     		.2byte	0x10b
 910 05a3 6B040000 		.4byte	0x46b
 911 05a7 50       		.byte	0x50
 912 05a8 08       		.uleb128 0x8
ARM GAS  C:\Users\IDONNO~1\AppData\Local\Temp\ccysDNoX.s 			page 17


 913 05a9 723900   		.ascii	"r9\000"
 914 05ac 08       		.byte	0x8
 915 05ad 0C01     		.2byte	0x10c
 916 05af 6B040000 		.4byte	0x46b
 917 05b3 54       		.byte	0x54
 918 05b4 08       		.uleb128 0x8
 919 05b5 72313000 		.ascii	"r10\000"
 920 05b9 08       		.byte	0x8
 921 05ba 0D01     		.2byte	0x10d
 922 05bc 6B040000 		.4byte	0x46b
 923 05c0 58       		.byte	0x58
 924 05c1 08       		.uleb128 0x8
 925 05c2 72313100 		.ascii	"r11\000"
 926 05c6 08       		.byte	0x8
 927 05c7 0E01     		.2byte	0x10e
 928 05c9 6B040000 		.4byte	0x46b
 929 05cd 5C       		.byte	0x5c
 930 05ce 08       		.uleb128 0x8
 931 05cf 6C7200   		.ascii	"lr\000"
 932 05d2 08       		.byte	0x8
 933 05d3 0F01     		.2byte	0x10f
 934 05d5 6B040000 		.4byte	0x46b
 935 05d9 60       		.byte	0x60
 936 05da 00       		.byte	0
 937 05db 0A       		.uleb128 0xa
 938 05dc 04       		.byte	0x4
 939 05dd 9A040000 		.4byte	0x49a
 940 05e1 11       		.uleb128 0x11
 941 05e2 04       		.byte	0x4
 942 05e3 09       		.byte	0x9
 943 05e4 38       		.byte	0x38
 944 05e5 F6050000 		.4byte	0x5f6
 945 05e9 07       		.uleb128 0x7
 946 05ea 52050000 		.4byte	.LASF86
 947 05ee 09       		.byte	0x9
 948 05ef 3C       		.byte	0x3c
 949 05f0 C8000000 		.4byte	0xc8
 950 05f4 00       		.byte	0
 951 05f5 00       		.byte	0
 952 05f6 04       		.uleb128 0x4
 953 05f7 A9020000 		.4byte	.LASF87
 954 05fb 09       		.byte	0x9
 955 05fc 3D       		.byte	0x3d
 956 05fd E1050000 		.4byte	0x5e1
 957 0601 12       		.uleb128 0x12
 958 0602 04       		.byte	0x4
 959 0603 06       		.byte	0x6
 960 0604 FA       		.byte	0xfa
 961 0605 5E060000 		.4byte	0x65e
 962 0609 13       		.uleb128 0x13
 963 060a 19000000 		.4byte	.LASF88
 964 060e 06       		.byte	0x6
 965 060f 0101     		.2byte	0x101
 966 0611 0A010000 		.4byte	0x10a
 967 0615 13       		.uleb128 0x13
 968 0616 A2000000 		.4byte	.LASF89
 969 061a 06       		.byte	0x6
ARM GAS  C:\Users\IDONNO~1\AppData\Local\Temp\ccysDNoX.s 			page 18


 970 061b 0801     		.2byte	0x108
 971 061d 0A010000 		.4byte	0x10a
 972 0621 13       		.uleb128 0x13
 973 0622 A5050000 		.4byte	.LASF90
 974 0626 06       		.byte	0x6
 975 0627 0F01     		.2byte	0x10f
 976 0629 2E030000 		.4byte	0x32e
 977 062d 13       		.uleb128 0x13
 978 062e 0D000000 		.4byte	.LASF91
 979 0632 06       		.byte	0x6
 980 0633 1601     		.2byte	0x116
 981 0635 5E060000 		.4byte	0x65e
 982 0639 13       		.uleb128 0x13
 983 063a C9010000 		.4byte	.LASF92
 984 063e 06       		.byte	0x6
 985 063f 1E01     		.2byte	0x11e
 986 0641 89060000 		.4byte	0x689
 987 0645 13       		.uleb128 0x13
 988 0646 AF030000 		.4byte	.LASF93
 989 064a 06       		.byte	0x6
 990 064b 2701     		.2byte	0x127
 991 064d C0060000 		.4byte	0x6c0
 992 0651 13       		.uleb128 0x13
 993 0652 5E030000 		.4byte	.LASF94
 994 0656 06       		.byte	0x6
 995 0657 2F01     		.2byte	0x12f
 996 0659 15010000 		.4byte	0x115
 997 065d 00       		.byte	0
 998 065e 0A       		.uleb128 0xa
 999 065f 04       		.byte	0x4
 1000 0660 46020000 		.4byte	0x246
 1001 0664 06       		.uleb128 0x6
 1002 0665 8E030000 		.4byte	.LASF95
 1003 0669 0C       		.byte	0xc
 1004 066a 0A       		.byte	0xa
 1005 066b 34       		.byte	0x34
 1006 066c 89060000 		.4byte	0x689
 1007 0670 07       		.uleb128 0x7
 1008 0671 59010000 		.4byte	.LASF96
 1009 0675 0A       		.byte	0xa
 1010 0676 35       		.byte	0x35
 1011 0677 7B020000 		.4byte	0x27b
 1012 067b 00       		.byte	0
 1013 067c 07       		.uleb128 0x7
 1014 067d E4010000 		.4byte	.LASF97
 1015 0681 0A       		.byte	0xa
 1016 0682 37       		.byte	0x37
 1017 0683 20010000 		.4byte	0x120
 1018 0687 08       		.byte	0x8
 1019 0688 00       		.byte	0
 1020 0689 0A       		.uleb128 0xa
 1021 068a 04       		.byte	0x4
 1022 068b 64060000 		.4byte	0x664
 1023 068f 06       		.uleb128 0x6
 1024 0690 87050000 		.4byte	.LASF98
 1025 0694 10       		.byte	0x10
 1026 0695 0B       		.byte	0xb
ARM GAS  C:\Users\IDONNO~1\AppData\Local\Temp\ccysDNoX.s 			page 19


 1027 0696 39       		.byte	0x39
 1028 0697 C0060000 		.4byte	0x6c0
 1029 069b 07       		.uleb128 0x7
 1030 069c 1C010000 		.4byte	.LASF99
 1031 06a0 0B       		.byte	0xb
 1032 06a1 3A       		.byte	0x3a
 1033 06a2 7B020000 		.4byte	0x27b
 1034 06a6 00       		.byte	0
 1035 06a7 07       		.uleb128 0x7
 1036 06a8 C4050000 		.4byte	.LASF100
 1037 06ac 0B       		.byte	0xb
 1038 06ad 3C       		.byte	0x3c
 1039 06ae 51020000 		.4byte	0x251
 1040 06b2 08       		.byte	0x8
 1041 06b3 07       		.uleb128 0x7
 1042 06b4 BA020000 		.4byte	.LASF101
 1043 06b8 0B       		.byte	0xb
 1044 06b9 3E       		.byte	0x3e
 1045 06ba 03070000 		.4byte	0x703
 1046 06be 0C       		.byte	0xc
 1047 06bf 00       		.byte	0
 1048 06c0 0A       		.uleb128 0xa
 1049 06c1 04       		.byte	0x4
 1050 06c2 8F060000 		.4byte	0x68f
 1051 06c6 0A       		.uleb128 0xa
 1052 06c7 04       		.byte	0x4
 1053 06c8 D3060000 		.4byte	0x6d3
 1054 06cc 03       		.uleb128 0x3
 1055 06cd 01       		.byte	0x1
 1056 06ce 08       		.byte	0x8
 1057 06cf E0030000 		.4byte	.LASF102
 1058 06d3 14       		.uleb128 0x14
 1059 06d4 CC060000 		.4byte	0x6cc
 1060 06d8 05       		.uleb128 0x5
 1061 06d9 2B010000 		.4byte	0x12b
 1062 06dd 0A       		.uleb128 0xa
 1063 06de 04       		.byte	0x4
 1064 06df 30030000 		.4byte	0x330
 1065 06e3 05       		.uleb128 0x5
 1066 06e4 C6060000 		.4byte	0x6c6
 1067 06e8 15       		.uleb128 0x15
 1068 06e9 76040000 		.4byte	0x476
 1069 06ed F8060000 		.4byte	0x6f8
 1070 06f1 16       		.uleb128 0x16
 1071 06f2 64040000 		.4byte	0x464
 1072 06f6 3A       		.byte	0x3a
 1073 06f7 00       		.byte	0
 1074 06f8 04       		.uleb128 0x4
 1075 06f9 7A010000 		.4byte	.LASF103
 1076 06fd 0B       		.byte	0xb
 1077 06fe 34       		.byte	0x34
 1078 06ff 8F060000 		.4byte	0x68f
 1079 0703 0A       		.uleb128 0xa
 1080 0704 04       		.byte	0x4
 1081 0705 F8060000 		.4byte	0x6f8
 1082 0709 17       		.uleb128 0x17
 1083 070a F1000000 		.4byte	.LASF114
ARM GAS  C:\Users\IDONNO~1\AppData\Local\Temp\ccysDNoX.s 			page 20


 1084 070e 01       		.byte	0x1
 1085 070f 3D       		.byte	0x3d
 1086 0710 00000000 		.4byte	.LFB219
 1087 0714 1C000000 		.4byte	.LFE219-.LFB219
 1088 0718 01       		.uleb128 0x1
 1089 0719 9C       		.byte	0x9c
 1090 071a 18       		.uleb128 0x18
 1091 071b 2F020000 		.4byte	.LASF107
 1092 071f 01       		.byte	0x1
 1093 0720 5F       		.byte	0x5f
 1094 0721 00000000 		.4byte	.LFB220
 1095 0725 3C000000 		.4byte	.LFE220-.LFB220
 1096 0729 01       		.uleb128 0x1
 1097 072a 9C       		.byte	0x9c
 1098 072b 8F070000 		.4byte	0x78f
 1099 072f 19       		.uleb128 0x19
 1100 0730 76747000 		.ascii	"vtp\000"
 1101 0734 01       		.byte	0x1
 1102 0735 5F       		.byte	0x5f
 1103 0736 DD060000 		.4byte	0x6dd
 1104 073a 01       		.uleb128 0x1
 1105 073b 50       		.byte	0x50
 1106 073c 1A       		.uleb128 0x1a
 1107 073d 2B030000 		.4byte	.LASF104
 1108 0741 01       		.byte	0x1
 1109 0742 5F       		.byte	0x5f
 1110 0743 2B010000 		.4byte	0x12b
 1111 0747 00000000 		.4byte	.LLST0
 1112 074b 1A       		.uleb128 0x1a
 1113 074c 70050000 		.4byte	.LASF105
 1114 0750 01       		.byte	0x1
 1115 0751 60       		.byte	0x60
 1116 0752 12030000 		.4byte	0x312
 1117 0756 21000000 		.4byte	.LLST1
 1118 075a 1B       		.uleb128 0x1b
 1119 075b 70617200 		.ascii	"par\000"
 1120 075f 01       		.byte	0x1
 1121 0760 60       		.byte	0x60
 1122 0761 2E030000 		.4byte	0x32e
 1123 0765 40000000 		.4byte	.LLST2
 1124 0769 1C       		.uleb128 0x1c
 1125 076a 7000     		.ascii	"p\000"
 1126 076c 01       		.byte	0x1
 1127 076d 61       		.byte	0x61
 1128 076e DD060000 		.4byte	0x6dd
 1129 0772 5F000000 		.4byte	.LLST3
 1130 0776 1D       		.uleb128 0x1d
 1131 0777 13000000 		.4byte	.LASF106
 1132 077b 01       		.byte	0x1
 1133 077c 62       		.byte	0x62
 1134 077d 2B010000 		.4byte	0x12b
 1135 0781 7D000000 		.4byte	.LLST4
 1136 0785 1E       		.uleb128 0x1e
 1137 0786 74030000 		.4byte	.LASF109
 1138 078a 9F070000 		.4byte	0x79f
 1139 078e 00       		.byte	0
 1140 078f 15       		.uleb128 0x15
ARM GAS  C:\Users\IDONNO~1\AppData\Local\Temp\ccysDNoX.s 			page 21


 1141 0790 CC060000 		.4byte	0x6cc
 1142 0794 9F070000 		.4byte	0x79f
 1143 0798 16       		.uleb128 0x16
 1144 0799 64040000 		.4byte	0x464
 1145 079d 0A       		.byte	0xa
 1146 079e 00       		.byte	0
 1147 079f 14       		.uleb128 0x14
 1148 07a0 8F070000 		.4byte	0x78f
 1149 07a4 18       		.uleb128 0x18
 1150 07a5 95000000 		.4byte	.LASF108
 1151 07a9 01       		.byte	0x1
 1152 07aa B1       		.byte	0xb1
 1153 07ab 00000000 		.4byte	.LFB221
 1154 07af 28000000 		.4byte	.LFE221-.LFB221
 1155 07b3 01       		.uleb128 0x1
 1156 07b4 9C       		.byte	0x9c
 1157 07b5 D0070000 		.4byte	0x7d0
 1158 07b9 19       		.uleb128 0x19
 1159 07ba 76747000 		.ascii	"vtp\000"
 1160 07be 01       		.byte	0x1
 1161 07bf B1       		.byte	0xb1
 1162 07c0 DD060000 		.4byte	0x6dd
 1163 07c4 01       		.uleb128 0x1
 1164 07c5 50       		.byte	0x50
 1165 07c6 1E       		.uleb128 0x1e
 1166 07c7 74030000 		.4byte	.LASF109
 1167 07cb E0070000 		.4byte	0x7e0
 1168 07cf 00       		.byte	0
 1169 07d0 15       		.uleb128 0x15
 1170 07d1 CC060000 		.4byte	0x6cc
 1171 07d5 E0070000 		.4byte	0x7e0
 1172 07d9 16       		.uleb128 0x16
 1173 07da 64040000 		.4byte	0x464
 1174 07de 0C       		.byte	0xc
 1175 07df 00       		.byte	0
 1176 07e0 14       		.uleb128 0x14
 1177 07e1 D0070000 		.4byte	0x7d0
 1178 07e5 1F       		.uleb128 0x1f
 1179 07e6 CC000000 		.4byte	.LASF110
 1180 07ea 0C       		.byte	0xc
 1181 07eb A706     		.2byte	0x6a7
 1182 07ed C3000000 		.4byte	0xc3
 1183 07f1 20       		.uleb128 0x20
 1184 07f2 636800   		.ascii	"ch\000"
 1185 07f5 06       		.byte	0x6
 1186 07f6 0902     		.2byte	0x209
 1187 07f8 FD030000 		.4byte	0x3fd
 1188 07fc 00       		.byte	0
 1189              		.section	.debug_abbrev,"",%progbits
 1190              	.Ldebug_abbrev0:
 1191 0000 01       		.uleb128 0x1
 1192 0001 11       		.uleb128 0x11
 1193 0002 01       		.byte	0x1
 1194 0003 25       		.uleb128 0x25
 1195 0004 0E       		.uleb128 0xe
 1196 0005 13       		.uleb128 0x13
 1197 0006 0B       		.uleb128 0xb
ARM GAS  C:\Users\IDONNO~1\AppData\Local\Temp\ccysDNoX.s 			page 22


 1198 0007 03       		.uleb128 0x3
 1199 0008 0E       		.uleb128 0xe
 1200 0009 1B       		.uleb128 0x1b
 1201 000a 0E       		.uleb128 0xe
 1202 000b 55       		.uleb128 0x55
 1203 000c 17       		.uleb128 0x17
 1204 000d 11       		.uleb128 0x11
 1205 000e 01       		.uleb128 0x1
 1206 000f 10       		.uleb128 0x10
 1207 0010 17       		.uleb128 0x17
 1208 0011 00       		.byte	0
 1209 0012 00       		.byte	0
 1210 0013 02       		.uleb128 0x2
 1211 0014 24       		.uleb128 0x24
 1212 0015 00       		.byte	0
 1213 0016 0B       		.uleb128 0xb
 1214 0017 0B       		.uleb128 0xb
 1215 0018 3E       		.uleb128 0x3e
 1216 0019 0B       		.uleb128 0xb
 1217 001a 03       		.uleb128 0x3
 1218 001b 08       		.uleb128 0x8
 1219 001c 00       		.byte	0
 1220 001d 00       		.byte	0
 1221 001e 03       		.uleb128 0x3
 1222 001f 24       		.uleb128 0x24
 1223 0020 00       		.byte	0
 1224 0021 0B       		.uleb128 0xb
 1225 0022 0B       		.uleb128 0xb
 1226 0023 3E       		.uleb128 0x3e
 1227 0024 0B       		.uleb128 0xb
 1228 0025 03       		.uleb128 0x3
 1229 0026 0E       		.uleb128 0xe
 1230 0027 00       		.byte	0
 1231 0028 00       		.byte	0
 1232 0029 04       		.uleb128 0x4
 1233 002a 16       		.uleb128 0x16
 1234 002b 00       		.byte	0
 1235 002c 03       		.uleb128 0x3
 1236 002d 0E       		.uleb128 0xe
 1237 002e 3A       		.uleb128 0x3a
 1238 002f 0B       		.uleb128 0xb
 1239 0030 3B       		.uleb128 0x3b
 1240 0031 0B       		.uleb128 0xb
 1241 0032 49       		.uleb128 0x49
 1242 0033 13       		.uleb128 0x13
 1243 0034 00       		.byte	0
 1244 0035 00       		.byte	0
 1245 0036 05       		.uleb128 0x5
 1246 0037 35       		.uleb128 0x35
 1247 0038 00       		.byte	0
 1248 0039 49       		.uleb128 0x49
 1249 003a 13       		.uleb128 0x13
 1250 003b 00       		.byte	0
 1251 003c 00       		.byte	0
 1252 003d 06       		.uleb128 0x6
 1253 003e 13       		.uleb128 0x13
 1254 003f 01       		.byte	0x1
ARM GAS  C:\Users\IDONNO~1\AppData\Local\Temp\ccysDNoX.s 			page 23


 1255 0040 03       		.uleb128 0x3
 1256 0041 0E       		.uleb128 0xe
 1257 0042 0B       		.uleb128 0xb
 1258 0043 0B       		.uleb128 0xb
 1259 0044 3A       		.uleb128 0x3a
 1260 0045 0B       		.uleb128 0xb
 1261 0046 3B       		.uleb128 0x3b
 1262 0047 0B       		.uleb128 0xb
 1263 0048 01       		.uleb128 0x1
 1264 0049 13       		.uleb128 0x13
 1265 004a 00       		.byte	0
 1266 004b 00       		.byte	0
 1267 004c 07       		.uleb128 0x7
 1268 004d 0D       		.uleb128 0xd
 1269 004e 00       		.byte	0
 1270 004f 03       		.uleb128 0x3
 1271 0050 0E       		.uleb128 0xe
 1272 0051 3A       		.uleb128 0x3a
 1273 0052 0B       		.uleb128 0xb
 1274 0053 3B       		.uleb128 0x3b
 1275 0054 0B       		.uleb128 0xb
 1276 0055 49       		.uleb128 0x49
 1277 0056 13       		.uleb128 0x13
 1278 0057 38       		.uleb128 0x38
 1279 0058 0B       		.uleb128 0xb
 1280 0059 00       		.byte	0
 1281 005a 00       		.byte	0
 1282 005b 08       		.uleb128 0x8
 1283 005c 0D       		.uleb128 0xd
 1284 005d 00       		.byte	0
 1285 005e 03       		.uleb128 0x3
 1286 005f 08       		.uleb128 0x8
 1287 0060 3A       		.uleb128 0x3a
 1288 0061 0B       		.uleb128 0xb
 1289 0062 3B       		.uleb128 0x3b
 1290 0063 05       		.uleb128 0x5
 1291 0064 49       		.uleb128 0x49
 1292 0065 13       		.uleb128 0x13
 1293 0066 38       		.uleb128 0x38
 1294 0067 0B       		.uleb128 0xb
 1295 0068 00       		.byte	0
 1296 0069 00       		.byte	0
 1297 006a 09       		.uleb128 0x9
 1298 006b 0D       		.uleb128 0xd
 1299 006c 00       		.byte	0
 1300 006d 03       		.uleb128 0x3
 1301 006e 0E       		.uleb128 0xe
 1302 006f 3A       		.uleb128 0x3a
 1303 0070 0B       		.uleb128 0xb
 1304 0071 3B       		.uleb128 0x3b
 1305 0072 05       		.uleb128 0x5
 1306 0073 49       		.uleb128 0x49
 1307 0074 13       		.uleb128 0x13
 1308 0075 38       		.uleb128 0x38
 1309 0076 0B       		.uleb128 0xb
 1310 0077 00       		.byte	0
 1311 0078 00       		.byte	0
ARM GAS  C:\Users\IDONNO~1\AppData\Local\Temp\ccysDNoX.s 			page 24


 1312 0079 0A       		.uleb128 0xa
 1313 007a 0F       		.uleb128 0xf
 1314 007b 00       		.byte	0
 1315 007c 0B       		.uleb128 0xb
 1316 007d 0B       		.uleb128 0xb
 1317 007e 49       		.uleb128 0x49
 1318 007f 13       		.uleb128 0x13
 1319 0080 00       		.byte	0
 1320 0081 00       		.byte	0
 1321 0082 0B       		.uleb128 0xb
 1322 0083 13       		.uleb128 0x13
 1323 0084 01       		.byte	0x1
 1324 0085 03       		.uleb128 0x3
 1325 0086 0E       		.uleb128 0xe
 1326 0087 0B       		.uleb128 0xb
 1327 0088 0B       		.uleb128 0xb
 1328 0089 3A       		.uleb128 0x3a
 1329 008a 0B       		.uleb128 0xb
 1330 008b 3B       		.uleb128 0x3b
 1331 008c 05       		.uleb128 0x5
 1332 008d 01       		.uleb128 0x1
 1333 008e 13       		.uleb128 0x13
 1334 008f 00       		.byte	0
 1335 0090 00       		.byte	0
 1336 0091 0C       		.uleb128 0xc
 1337 0092 15       		.uleb128 0x15
 1338 0093 01       		.byte	0x1
 1339 0094 27       		.uleb128 0x27
 1340 0095 19       		.uleb128 0x19
 1341 0096 01       		.uleb128 0x1
 1342 0097 13       		.uleb128 0x13
 1343 0098 00       		.byte	0
 1344 0099 00       		.byte	0
 1345 009a 0D       		.uleb128 0xd
 1346 009b 05       		.uleb128 0x5
 1347 009c 00       		.byte	0
 1348 009d 49       		.uleb128 0x49
 1349 009e 13       		.uleb128 0x13
 1350 009f 00       		.byte	0
 1351 00a0 00       		.byte	0
 1352 00a1 0E       		.uleb128 0xe
 1353 00a2 0F       		.uleb128 0xf
 1354 00a3 00       		.byte	0
 1355 00a4 0B       		.uleb128 0xb
 1356 00a5 0B       		.uleb128 0xb
 1357 00a6 00       		.byte	0
 1358 00a7 00       		.byte	0
 1359 00a8 0F       		.uleb128 0xf
 1360 00a9 13       		.uleb128 0x13
 1361 00aa 01       		.byte	0x1
 1362 00ab 03       		.uleb128 0x3
 1363 00ac 0E       		.uleb128 0xe
 1364 00ad 0B       		.uleb128 0xb
 1365 00ae 05       		.uleb128 0x5
 1366 00af 3A       		.uleb128 0x3a
 1367 00b0 0B       		.uleb128 0xb
 1368 00b1 3B       		.uleb128 0x3b
ARM GAS  C:\Users\IDONNO~1\AppData\Local\Temp\ccysDNoX.s 			page 25


 1369 00b2 05       		.uleb128 0x5
 1370 00b3 01       		.uleb128 0x1
 1371 00b4 13       		.uleb128 0x13
 1372 00b5 00       		.byte	0
 1373 00b6 00       		.byte	0
 1374 00b7 10       		.uleb128 0x10
 1375 00b8 0D       		.uleb128 0xd
 1376 00b9 00       		.byte	0
 1377 00ba 03       		.uleb128 0x3
 1378 00bb 08       		.uleb128 0x8
 1379 00bc 3A       		.uleb128 0x3a
 1380 00bd 0B       		.uleb128 0xb
 1381 00be 3B       		.uleb128 0x3b
 1382 00bf 0B       		.uleb128 0xb
 1383 00c0 49       		.uleb128 0x49
 1384 00c1 13       		.uleb128 0x13
 1385 00c2 38       		.uleb128 0x38
 1386 00c3 0B       		.uleb128 0xb
 1387 00c4 00       		.byte	0
 1388 00c5 00       		.byte	0
 1389 00c6 11       		.uleb128 0x11
 1390 00c7 13       		.uleb128 0x13
 1391 00c8 01       		.byte	0x1
 1392 00c9 0B       		.uleb128 0xb
 1393 00ca 0B       		.uleb128 0xb
 1394 00cb 3A       		.uleb128 0x3a
 1395 00cc 0B       		.uleb128 0xb
 1396 00cd 3B       		.uleb128 0x3b
 1397 00ce 0B       		.uleb128 0xb
 1398 00cf 01       		.uleb128 0x1
 1399 00d0 13       		.uleb128 0x13
 1400 00d1 00       		.byte	0
 1401 00d2 00       		.byte	0
 1402 00d3 12       		.uleb128 0x12
 1403 00d4 17       		.uleb128 0x17
 1404 00d5 01       		.byte	0x1
 1405 00d6 0B       		.uleb128 0xb
 1406 00d7 0B       		.uleb128 0xb
 1407 00d8 3A       		.uleb128 0x3a
 1408 00d9 0B       		.uleb128 0xb
 1409 00da 3B       		.uleb128 0x3b
 1410 00db 0B       		.uleb128 0xb
 1411 00dc 01       		.uleb128 0x1
 1412 00dd 13       		.uleb128 0x13
 1413 00de 00       		.byte	0
 1414 00df 00       		.byte	0
 1415 00e0 13       		.uleb128 0x13
 1416 00e1 0D       		.uleb128 0xd
 1417 00e2 00       		.byte	0
 1418 00e3 03       		.uleb128 0x3
 1419 00e4 0E       		.uleb128 0xe
 1420 00e5 3A       		.uleb128 0x3a
 1421 00e6 0B       		.uleb128 0xb
 1422 00e7 3B       		.uleb128 0x3b
 1423 00e8 05       		.uleb128 0x5
 1424 00e9 49       		.uleb128 0x49
 1425 00ea 13       		.uleb128 0x13
ARM GAS  C:\Users\IDONNO~1\AppData\Local\Temp\ccysDNoX.s 			page 26


 1426 00eb 00       		.byte	0
 1427 00ec 00       		.byte	0
 1428 00ed 14       		.uleb128 0x14
 1429 00ee 26       		.uleb128 0x26
 1430 00ef 00       		.byte	0
 1431 00f0 49       		.uleb128 0x49
 1432 00f1 13       		.uleb128 0x13
 1433 00f2 00       		.byte	0
 1434 00f3 00       		.byte	0
 1435 00f4 15       		.uleb128 0x15
 1436 00f5 01       		.uleb128 0x1
 1437 00f6 01       		.byte	0x1
 1438 00f7 49       		.uleb128 0x49
 1439 00f8 13       		.uleb128 0x13
 1440 00f9 01       		.uleb128 0x1
 1441 00fa 13       		.uleb128 0x13
 1442 00fb 00       		.byte	0
 1443 00fc 00       		.byte	0
 1444 00fd 16       		.uleb128 0x16
 1445 00fe 21       		.uleb128 0x21
 1446 00ff 00       		.byte	0
 1447 0100 49       		.uleb128 0x49
 1448 0101 13       		.uleb128 0x13
 1449 0102 2F       		.uleb128 0x2f
 1450 0103 0B       		.uleb128 0xb
 1451 0104 00       		.byte	0
 1452 0105 00       		.byte	0
 1453 0106 17       		.uleb128 0x17
 1454 0107 2E       		.uleb128 0x2e
 1455 0108 00       		.byte	0
 1456 0109 3F       		.uleb128 0x3f
 1457 010a 19       		.uleb128 0x19
 1458 010b 03       		.uleb128 0x3
 1459 010c 0E       		.uleb128 0xe
 1460 010d 3A       		.uleb128 0x3a
 1461 010e 0B       		.uleb128 0xb
 1462 010f 3B       		.uleb128 0x3b
 1463 0110 0B       		.uleb128 0xb
 1464 0111 27       		.uleb128 0x27
 1465 0112 19       		.uleb128 0x19
 1466 0113 11       		.uleb128 0x11
 1467 0114 01       		.uleb128 0x1
 1468 0115 12       		.uleb128 0x12
 1469 0116 06       		.uleb128 0x6
 1470 0117 40       		.uleb128 0x40
 1471 0118 18       		.uleb128 0x18
 1472 0119 9742     		.uleb128 0x2117
 1473 011b 19       		.uleb128 0x19
 1474 011c 00       		.byte	0
 1475 011d 00       		.byte	0
 1476 011e 18       		.uleb128 0x18
 1477 011f 2E       		.uleb128 0x2e
 1478 0120 01       		.byte	0x1
 1479 0121 3F       		.uleb128 0x3f
 1480 0122 19       		.uleb128 0x19
 1481 0123 03       		.uleb128 0x3
 1482 0124 0E       		.uleb128 0xe
ARM GAS  C:\Users\IDONNO~1\AppData\Local\Temp\ccysDNoX.s 			page 27


 1483 0125 3A       		.uleb128 0x3a
 1484 0126 0B       		.uleb128 0xb
 1485 0127 3B       		.uleb128 0x3b
 1486 0128 0B       		.uleb128 0xb
 1487 0129 27       		.uleb128 0x27
 1488 012a 19       		.uleb128 0x19
 1489 012b 11       		.uleb128 0x11
 1490 012c 01       		.uleb128 0x1
 1491 012d 12       		.uleb128 0x12
 1492 012e 06       		.uleb128 0x6
 1493 012f 40       		.uleb128 0x40
 1494 0130 18       		.uleb128 0x18
 1495 0131 9742     		.uleb128 0x2117
 1496 0133 19       		.uleb128 0x19
 1497 0134 01       		.uleb128 0x1
 1498 0135 13       		.uleb128 0x13
 1499 0136 00       		.byte	0
 1500 0137 00       		.byte	0
 1501 0138 19       		.uleb128 0x19
 1502 0139 05       		.uleb128 0x5
 1503 013a 00       		.byte	0
 1504 013b 03       		.uleb128 0x3
 1505 013c 08       		.uleb128 0x8
 1506 013d 3A       		.uleb128 0x3a
 1507 013e 0B       		.uleb128 0xb
 1508 013f 3B       		.uleb128 0x3b
 1509 0140 0B       		.uleb128 0xb
 1510 0141 49       		.uleb128 0x49
 1511 0142 13       		.uleb128 0x13
 1512 0143 02       		.uleb128 0x2
 1513 0144 18       		.uleb128 0x18
 1514 0145 00       		.byte	0
 1515 0146 00       		.byte	0
 1516 0147 1A       		.uleb128 0x1a
 1517 0148 05       		.uleb128 0x5
 1518 0149 00       		.byte	0
 1519 014a 03       		.uleb128 0x3
 1520 014b 0E       		.uleb128 0xe
 1521 014c 3A       		.uleb128 0x3a
 1522 014d 0B       		.uleb128 0xb
 1523 014e 3B       		.uleb128 0x3b
 1524 014f 0B       		.uleb128 0xb
 1525 0150 49       		.uleb128 0x49
 1526 0151 13       		.uleb128 0x13
 1527 0152 02       		.uleb128 0x2
 1528 0153 17       		.uleb128 0x17
 1529 0154 00       		.byte	0
 1530 0155 00       		.byte	0
 1531 0156 1B       		.uleb128 0x1b
 1532 0157 05       		.uleb128 0x5
 1533 0158 00       		.byte	0
 1534 0159 03       		.uleb128 0x3
 1535 015a 08       		.uleb128 0x8
 1536 015b 3A       		.uleb128 0x3a
 1537 015c 0B       		.uleb128 0xb
 1538 015d 3B       		.uleb128 0x3b
 1539 015e 0B       		.uleb128 0xb
ARM GAS  C:\Users\IDONNO~1\AppData\Local\Temp\ccysDNoX.s 			page 28


 1540 015f 49       		.uleb128 0x49
 1541 0160 13       		.uleb128 0x13
 1542 0161 02       		.uleb128 0x2
 1543 0162 17       		.uleb128 0x17
 1544 0163 00       		.byte	0
 1545 0164 00       		.byte	0
 1546 0165 1C       		.uleb128 0x1c
 1547 0166 34       		.uleb128 0x34
 1548 0167 00       		.byte	0
 1549 0168 03       		.uleb128 0x3
 1550 0169 08       		.uleb128 0x8
 1551 016a 3A       		.uleb128 0x3a
 1552 016b 0B       		.uleb128 0xb
 1553 016c 3B       		.uleb128 0x3b
 1554 016d 0B       		.uleb128 0xb
 1555 016e 49       		.uleb128 0x49
 1556 016f 13       		.uleb128 0x13
 1557 0170 02       		.uleb128 0x2
 1558 0171 17       		.uleb128 0x17
 1559 0172 00       		.byte	0
 1560 0173 00       		.byte	0
 1561 0174 1D       		.uleb128 0x1d
 1562 0175 34       		.uleb128 0x34
 1563 0176 00       		.byte	0
 1564 0177 03       		.uleb128 0x3
 1565 0178 0E       		.uleb128 0xe
 1566 0179 3A       		.uleb128 0x3a
 1567 017a 0B       		.uleb128 0xb
 1568 017b 3B       		.uleb128 0x3b
 1569 017c 0B       		.uleb128 0xb
 1570 017d 49       		.uleb128 0x49
 1571 017e 13       		.uleb128 0x13
 1572 017f 02       		.uleb128 0x2
 1573 0180 17       		.uleb128 0x17
 1574 0181 00       		.byte	0
 1575 0182 00       		.byte	0
 1576 0183 1E       		.uleb128 0x1e
 1577 0184 34       		.uleb128 0x34
 1578 0185 00       		.byte	0
 1579 0186 03       		.uleb128 0x3
 1580 0187 0E       		.uleb128 0xe
 1581 0188 49       		.uleb128 0x49
 1582 0189 13       		.uleb128 0x13
 1583 018a 34       		.uleb128 0x34
 1584 018b 19       		.uleb128 0x19
 1585 018c 00       		.byte	0
 1586 018d 00       		.byte	0
 1587 018e 1F       		.uleb128 0x1f
 1588 018f 34       		.uleb128 0x34
 1589 0190 00       		.byte	0
 1590 0191 03       		.uleb128 0x3
 1591 0192 0E       		.uleb128 0xe
 1592 0193 3A       		.uleb128 0x3a
 1593 0194 0B       		.uleb128 0xb
 1594 0195 3B       		.uleb128 0x3b
 1595 0196 05       		.uleb128 0x5
 1596 0197 49       		.uleb128 0x49
ARM GAS  C:\Users\IDONNO~1\AppData\Local\Temp\ccysDNoX.s 			page 29


 1597 0198 13       		.uleb128 0x13
 1598 0199 3F       		.uleb128 0x3f
 1599 019a 19       		.uleb128 0x19
 1600 019b 3C       		.uleb128 0x3c
 1601 019c 19       		.uleb128 0x19
 1602 019d 00       		.byte	0
 1603 019e 00       		.byte	0
 1604 019f 20       		.uleb128 0x20
 1605 01a0 34       		.uleb128 0x34
 1606 01a1 00       		.byte	0
 1607 01a2 03       		.uleb128 0x3
 1608 01a3 08       		.uleb128 0x8
 1609 01a4 3A       		.uleb128 0x3a
 1610 01a5 0B       		.uleb128 0xb
 1611 01a6 3B       		.uleb128 0x3b
 1612 01a7 05       		.uleb128 0x5
 1613 01a8 49       		.uleb128 0x49
 1614 01a9 13       		.uleb128 0x13
 1615 01aa 3F       		.uleb128 0x3f
 1616 01ab 19       		.uleb128 0x19
 1617 01ac 3C       		.uleb128 0x3c
 1618 01ad 19       		.uleb128 0x19
 1619 01ae 00       		.byte	0
 1620 01af 00       		.byte	0
 1621 01b0 00       		.byte	0
 1622              		.section	.debug_loc,"",%progbits
 1623              	.Ldebug_loc0:
 1624              	.LLST0:
 1625 0000 00000000 		.4byte	.LVL0
 1626 0004 10000000 		.4byte	.LVL2
 1627 0008 0100     		.2byte	0x1
 1628 000a 51       		.byte	0x51
 1629 000b 10000000 		.4byte	.LVL2
 1630 000f 3C000000 		.4byte	.LFE220
 1631 0013 0400     		.2byte	0x4
 1632 0015 F3       		.byte	0xf3
 1633 0016 01       		.uleb128 0x1
 1634 0017 51       		.byte	0x51
 1635 0018 9F       		.byte	0x9f
 1636 0019 00000000 		.4byte	0
 1637 001d 00000000 		.4byte	0
 1638              	.LLST1:
 1639 0021 00000000 		.4byte	.LVL0
 1640 0025 2C000000 		.4byte	.LVL6
 1641 0029 0100     		.2byte	0x1
 1642 002b 52       		.byte	0x52
 1643 002c 2C000000 		.4byte	.LVL6
 1644 0030 3C000000 		.4byte	.LFE220
 1645 0034 0200     		.2byte	0x2
 1646 0036 70       		.byte	0x70
 1647 0037 0C       		.sleb128 12
 1648 0038 00000000 		.4byte	0
 1649 003c 00000000 		.4byte	0
 1650              	.LLST2:
 1651 0040 00000000 		.4byte	.LVL0
 1652 0044 1C000000 		.4byte	.LVL5
 1653 0048 0100     		.2byte	0x1
ARM GAS  C:\Users\IDONNO~1\AppData\Local\Temp\ccysDNoX.s 			page 30


 1654 004a 53       		.byte	0x53
 1655 004b 1C000000 		.4byte	.LVL5
 1656 004f 3C000000 		.4byte	.LFE220
 1657 0053 0200     		.2byte	0x2
 1658 0055 70       		.byte	0x70
 1659 0056 10       		.sleb128 16
 1660 0057 00000000 		.4byte	0
 1661 005b 00000000 		.4byte	0
 1662              	.LLST3:
 1663 005f 0E000000 		.4byte	.LVL1
 1664 0063 12000000 		.4byte	.LVL3
 1665 0067 0100     		.2byte	0x1
 1666 0069 54       		.byte	0x54
 1667 006a 14000000 		.4byte	.LVL4
 1668 006e 34000000 		.4byte	.LVL9
 1669 0072 0100     		.2byte	0x1
 1670 0074 54       		.byte	0x54
 1671 0075 00000000 		.4byte	0
 1672 0079 00000000 		.4byte	0
 1673              	.LLST4:
 1674 007d 0E000000 		.4byte	.LVL1
 1675 0081 2E000000 		.4byte	.LVL7
 1676 0085 0100     		.2byte	0x1
 1677 0087 51       		.byte	0x51
 1678 0088 2E000000 		.4byte	.LVL7
 1679 008c 30000000 		.4byte	.LVL8
 1680 0090 0500     		.2byte	0x5
 1681 0092 74       		.byte	0x74
 1682 0093 04       		.sleb128 4
 1683 0094 06       		.byte	0x6
 1684 0095 23       		.byte	0x23
 1685 0096 08       		.uleb128 0x8
 1686 0097 00000000 		.4byte	0
 1687 009b 00000000 		.4byte	0
 1688              		.section	.debug_aranges,"",%progbits
 1689 0000 2C000000 		.4byte	0x2c
 1690 0004 0200     		.2byte	0x2
 1691 0006 00000000 		.4byte	.Ldebug_info0
 1692 000a 04       		.byte	0x4
 1693 000b 00       		.byte	0
 1694 000c 0000     		.2byte	0
 1695 000e 0000     		.2byte	0
 1696 0010 00000000 		.4byte	.LFB219
 1697 0014 1C000000 		.4byte	.LFE219-.LFB219
 1698 0018 00000000 		.4byte	.LFB220
 1699 001c 3C000000 		.4byte	.LFE220-.LFB220
 1700 0020 00000000 		.4byte	.LFB221
 1701 0024 28000000 		.4byte	.LFE221-.LFB221
 1702 0028 00000000 		.4byte	0
 1703 002c 00000000 		.4byte	0
 1704              		.section	.debug_ranges,"",%progbits
 1705              	.Ldebug_ranges0:
 1706 0000 00000000 		.4byte	.LFB219
 1707 0004 1C000000 		.4byte	.LFE219
 1708 0008 00000000 		.4byte	.LFB220
 1709 000c 3C000000 		.4byte	.LFE220
 1710 0010 00000000 		.4byte	.LFB221
ARM GAS  C:\Users\IDONNO~1\AppData\Local\Temp\ccysDNoX.s 			page 31


 1711 0014 28000000 		.4byte	.LFE221
 1712 0018 00000000 		.4byte	0
 1713 001c 00000000 		.4byte	0
 1714              		.section	.debug_line,"",%progbits
 1715              	.Ldebug_line0:
 1716 0000 8A020000 		.section	.debug_str,"MS",%progbits,1
 1716      02001602 
 1716      00000201 
 1716      FB0E0D00 
 1716      01010101 
 1717              	.LASF53:
 1718 0000 72656164 		.ascii	"ready_list_t\000"
 1718      795F6C69 
 1718      73745F74 
 1718      00
 1719              	.LASF91:
 1720 000d 77747472 		.ascii	"wttrp\000"
 1720      7000
 1721              	.LASF106:
 1722 0013 64656C74 		.ascii	"delta\000"
 1722      6100
 1723              	.LASF88:
 1724 0019 7264796D 		.ascii	"rdymsg\000"
 1724      736700
 1725              	.LASF16:
 1726 0020 75696E74 		.ascii	"uint64_t\000"
 1726      36345F74 
 1726      00
 1727              	.LASF24:
 1728 0029 6576656E 		.ascii	"eventmask_t\000"
 1728      746D6173 
 1728      6B5F7400 
 1729              	.LASF5:
 1730 0035 5F5F7569 		.ascii	"__uint8_t\000"
 1730      6E74385F 
 1730      7400
 1731              	.LASF85:
 1732 003f 706F7274 		.ascii	"port_intctx\000"
 1732      5F696E74 
 1732      63747800 
 1733              	.LASF72:
 1734 004b 73797374 		.ascii	"system_debug_t\000"
 1734      656D5F64 
 1734      65627567 
 1734      5F7400
 1735              	.LASF113:
 1736 005a 443A5C67 		.ascii	"D:\\git\\oroca_bldc_dev\\oroca_bldc_FW\000"
 1736      69745C6F 
 1736      726F6361 
 1736      5F626C64 
 1736      635F6465 
 1737              	.LASF12:
 1738 007e 6C6F6E67 		.ascii	"long long unsigned int\000"
 1738      206C6F6E 
 1738      6720756E 
 1738      7369676E 
 1738      65642069 
ARM GAS  C:\Users\IDONNO~1\AppData\Local\Temp\ccysDNoX.s 			page 32


 1739              	.LASF108:
 1740 0095 63685654 		.ascii	"chVTDoResetI\000"
 1740      446F5265 
 1740      73657449 
 1740      00
 1741              	.LASF89:
 1742 00a2 65786974 		.ascii	"exitcode\000"
 1742      636F6465 
 1742      00
 1743              	.LASF79:
 1744 00ab 6D61696E 		.ascii	"mainthread\000"
 1744      74687265 
 1744      616400
 1745              	.LASF69:
 1746 00b6 76697274 		.ascii	"virtual_timers_list_t\000"
 1746      75616C5F 
 1746      74696D65 
 1746      72735F6C 
 1746      6973745F 
 1747              	.LASF110:
 1748 00cc 49544D5F 		.ascii	"ITM_RxBuffer\000"
 1748      52784275 
 1748      66666572 
 1748      00
 1749              	.LASF52:
 1750 00d9 63685F74 		.ascii	"ch_threads_queue\000"
 1750      68726561 
 1750      64735F71 
 1750      75657565 
 1750      00
 1751              	.LASF30:
 1752 00ea 705F7072 		.ascii	"p_prio\000"
 1752      696F00
 1753              	.LASF114:
 1754 00f1 5F76745F 		.ascii	"_vt_init\000"
 1754      696E6974 
 1754      00
 1755              	.LASF10:
 1756 00fa 6C6F6E67 		.ascii	"long long int\000"
 1756      206C6F6E 
 1756      6720696E 
 1756      7400
 1757              	.LASF1:
 1758 0108 7369676E 		.ascii	"signed char\000"
 1758      65642063 
 1758      68617200 
 1759              	.LASF46:
 1760 0114 705F6D70 		.ascii	"p_mpool\000"
 1760      6F6F6C00 
 1761              	.LASF99:
 1762 011c 6D5F7175 		.ascii	"m_queue\000"
 1762      65756500 
 1763              	.LASF78:
 1764 0124 76746C69 		.ascii	"vtlist\000"
 1764      737400
 1765              	.LASF21:
 1766 012b 74736C69 		.ascii	"tslices_t\000"
ARM GAS  C:\Users\IDONNO~1\AppData\Local\Temp\ccysDNoX.s 			page 33


 1766      6365735F 
 1766      7400
 1767              	.LASF76:
 1768 0135 63685F73 		.ascii	"ch_system\000"
 1768      79737465 
 1768      6D00
 1769              	.LASF7:
 1770 013f 6C6F6E67 		.ascii	"long int\000"
 1770      20696E74 
 1770      00
 1771              	.LASF19:
 1772 0148 74737461 		.ascii	"tstate_t\000"
 1772      74655F74 
 1772      00
 1773              	.LASF32:
 1774 0151 705F6E65 		.ascii	"p_newer\000"
 1774      77657200 
 1775              	.LASF96:
 1776 0159 735F7175 		.ascii	"s_queue\000"
 1776      65756500 
 1777              	.LASF58:
 1778 0161 725F6E65 		.ascii	"r_newer\000"
 1778      77657200 
 1779              	.LASF82:
 1780 0169 72656761 		.ascii	"regarm_t\000"
 1780      726D5F74 
 1780      00
 1781              	.LASF65:
 1782 0172 76745F70 		.ascii	"vt_prev\000"
 1782      72657600 
 1783              	.LASF103:
 1784 017a 6D757465 		.ascii	"mutex_t\000"
 1784      785F7400 
 1785              	.LASF80:
 1786 0182 69646C65 		.ascii	"idle_thread_wa\000"
 1786      5F746872 
 1786      6561645F 
 1786      776100
 1787              	.LASF25:
 1788 0191 636E745F 		.ascii	"cnt_t\000"
 1788      7400
 1789              	.LASF112:
 1790 0197 6C69622F 		.ascii	"lib/ChibiOS_3.0.2/os/rt/src/chvt.c\000"
 1790      43686962 
 1790      694F535F 
 1790      332E302E 
 1790      322F6F73 
 1791              	.LASF64:
 1792 01ba 76745F6E 		.ascii	"vt_next\000"
 1792      65787400 
 1793              	.LASF39:
 1794 01c2 705F7469 		.ascii	"p_time\000"
 1794      6D6500
 1795              	.LASF92:
 1796 01c9 77747365 		.ascii	"wtsemp\000"
 1796      6D7000
 1797              	.LASF66:
ARM GAS  C:\Users\IDONNO~1\AppData\Local\Temp\ccysDNoX.s 			page 34


 1798 01d0 76745F64 		.ascii	"vt_delta\000"
 1798      656C7461 
 1798      00
 1799              	.LASF41:
 1800 01d9 705F6D73 		.ascii	"p_msgqueue\000"
 1800      67717565 
 1800      756500
 1801              	.LASF97:
 1802 01e4 735F636E 		.ascii	"s_cnt\000"
 1802      7400
 1803              	.LASF4:
 1804 01ea 73686F72 		.ascii	"short unsigned int\000"
 1804      7420756E 
 1804      7369676E 
 1804      65642069 
 1804      6E7400
 1805              	.LASF49:
 1806 01fd 63685F74 		.ascii	"ch_thread\000"
 1806      68726561 
 1806      6400
 1807              	.LASF23:
 1808 0207 6D73675F 		.ascii	"msg_t\000"
 1808      7400
 1809              	.LASF75:
 1810 020d 63685F73 		.ascii	"ch_system_t\000"
 1810      79737465 
 1810      6D5F7400 
 1811              	.LASF18:
 1812 0219 746D6F64 		.ascii	"tmode_t\000"
 1812      655F7400 
 1813              	.LASF54:
 1814 0221 63685F72 		.ascii	"ch_ready_list\000"
 1814      65616479 
 1814      5F6C6973 
 1814      7400
 1815              	.LASF107:
 1816 022f 63685654 		.ascii	"chVTDoSetI\000"
 1816      446F5365 
 1816      744900
 1817              	.LASF6:
 1818 023a 5F5F696E 		.ascii	"__int32_t\000"
 1818      7433325F 
 1818      7400
 1819              	.LASF83:
 1820 0244 73746B61 		.ascii	"stkalign_t\000"
 1820      6C69676E 
 1820      5F7400
 1821              	.LASF48:
 1822 024f 74687265 		.ascii	"threads_list_t\000"
 1822      6164735F 
 1822      6C697374 
 1822      5F7400
 1823              	.LASF40:
 1824 025e 705F7761 		.ascii	"p_waiting\000"
 1824      6974696E 
 1824      6700
 1825              	.LASF81:
ARM GAS  C:\Users\IDONNO~1\AppData\Local\Temp\ccysDNoX.s 			page 35


 1826 0268 73697A65 		.ascii	"sizetype\000"
 1826      74797065 
 1826      00
 1827              	.LASF47:
 1828 0271 74687265 		.ascii	"thread_reference_t\000"
 1828      61645F72 
 1828      65666572 
 1828      656E6365 
 1828      5F7400
 1829              	.LASF70:
 1830 0284 63685F76 		.ascii	"ch_virtual_timers_list\000"
 1830      69727475 
 1830      616C5F74 
 1830      696D6572 
 1830      735F6C69 
 1831              	.LASF33:
 1832 029b 705F6F6C 		.ascii	"p_older\000"
 1832      64657200 
 1833              	.LASF57:
 1834 02a3 725F6374 		.ascii	"r_ctx\000"
 1834      7800
 1835              	.LASF87:
 1836 02a9 746D5F63 		.ascii	"tm_calibration_t\000"
 1836      616C6962 
 1836      72617469 
 1836      6F6E5F74 
 1836      00
 1837              	.LASF101:
 1838 02ba 6D5F6E65 		.ascii	"m_next\000"
 1838      787400
 1839              	.LASF60:
 1840 02c1 725F6375 		.ascii	"r_current\000"
 1840      7272656E 
 1840      7400
 1841              	.LASF59:
 1842 02cb 725F6F6C 		.ascii	"r_older\000"
 1842      64657200 
 1843              	.LASF11:
 1844 02d3 5F5F7569 		.ascii	"__uint64_t\000"
 1844      6E743634 
 1844      5F7400
 1845              	.LASF20:
 1846 02de 74726566 		.ascii	"trefs_t\000"
 1846      735F7400 
 1847              	.LASF62:
 1848 02e6 76697274 		.ascii	"virtual_timer_t\000"
 1848      75616C5F 
 1848      74696D65 
 1848      725F7400 
 1849              	.LASF29:
 1850 02f6 705F7072 		.ascii	"p_prev\000"
 1850      657600
 1851              	.LASF22:
 1852 02fd 74707269 		.ascii	"tprio_t\000"
 1852      6F5F7400 
 1853              	.LASF73:
 1854 0305 63685F73 		.ascii	"ch_system_debug\000"
ARM GAS  C:\Users\IDONNO~1\AppData\Local\Temp\ccysDNoX.s 			page 36


 1854      79737465 
 1854      6D5F6465 
 1854      62756700 
 1855              	.LASF14:
 1856 0315 696E7433 		.ascii	"int32_t\000"
 1856      325F7400 
 1857              	.LASF2:
 1858 031d 756E7369 		.ascii	"unsigned char\000"
 1858      676E6564 
 1858      20636861 
 1858      7200
 1859              	.LASF104:
 1860 032b 64656C61 		.ascii	"delay\000"
 1860      7900
 1861              	.LASF44:
 1862 0331 705F6D74 		.ascii	"p_mtxlist\000"
 1862      786C6973 
 1862      7400
 1863              	.LASF3:
 1864 033b 73686F72 		.ascii	"short int\000"
 1864      7420696E 
 1864      7400
 1865              	.LASF35:
 1866 0345 705F7374 		.ascii	"p_state\000"
 1866      61746500 
 1867              	.LASF38:
 1868 034d 705F7072 		.ascii	"p_preempt\000"
 1868      65656D70 
 1868      7400
 1869              	.LASF56:
 1870 0357 725F7072 		.ascii	"r_prio\000"
 1870      696F00
 1871              	.LASF94:
 1872 035e 65776D61 		.ascii	"ewmask\000"
 1872      736B00
 1873              	.LASF28:
 1874 0365 705F6E65 		.ascii	"p_next\000"
 1874      787400
 1875              	.LASF36:
 1876 036c 705F666C 		.ascii	"p_flags\000"
 1876      61677300 
 1877              	.LASF109:
 1878 0374 5F5F6675 		.ascii	"__func__\000"
 1878      6E635F5F 
 1878      00
 1879              	.LASF63:
 1880 037d 63685F76 		.ascii	"ch_virtual_timer\000"
 1880      69727475 
 1880      616C5F74 
 1880      696D6572 
 1880      00
 1881              	.LASF95:
 1882 038e 63685F73 		.ascii	"ch_semaphore\000"
 1882      656D6170 
 1882      686F7265 
 1882      00
 1883              	.LASF43:
ARM GAS  C:\Users\IDONNO~1\AppData\Local\Temp\ccysDNoX.s 			page 37


 1884 039b 705F6570 		.ascii	"p_epending\000"
 1884      656E6469 
 1884      6E6700
 1885              	.LASF15:
 1886 03a6 75696E74 		.ascii	"uint32_t\000"
 1886      33325F74 
 1886      00
 1887              	.LASF93:
 1888 03af 77746D74 		.ascii	"wtmtxp\000"
 1888      787000
 1889              	.LASF55:
 1890 03b6 725F7175 		.ascii	"r_queue\000"
 1890      65756500 
 1891              	.LASF50:
 1892 03be 63685F74 		.ascii	"ch_threads_list\000"
 1892      68726561 
 1892      64735F6C 
 1892      69737400 
 1893              	.LASF9:
 1894 03ce 6C6F6E67 		.ascii	"long unsigned int\000"
 1894      20756E73 
 1894      69676E65 
 1894      6420696E 
 1894      7400
 1895              	.LASF102:
 1896 03e0 63686172 		.ascii	"char\000"
 1896      00
 1897              	.LASF0:
 1898 03e5 756E7369 		.ascii	"unsigned int\000"
 1898      676E6564 
 1898      20696E74 
 1898      00
 1899              	.LASF27:
 1900 03f2 74687265 		.ascii	"thread_t\000"
 1900      61645F74 
 1900      00
 1901              	.LASF111:
 1902 03fb 474E5520 		.ascii	"GNU C99 5.2.1 20151202 (release) [ARM/embedded-5-br"
 1902      43393920 
 1902      352E322E 
 1902      31203230 
 1902      31353132 
 1903 042e 616E6368 		.ascii	"anch revision 231848] -mcpu=cortex-m4 -mfloat-abi=h"
 1903      20726576 
 1903      6973696F 
 1903      6E203233 
 1903      31383438 
 1904 0461 61726420 		.ascii	"ard -mfpu=fpv4-sp-d16 -mno-thumb-interwork -mthumb "
 1904      2D6D6670 
 1904      753D6670 
 1904      76342D73 
 1904      702D6431 
 1905 0494 2D676764 		.ascii	"-ggdb -O2 -std=gnu99 -fomit-frame-pointer -falign-f"
 1905      62202D4F 
 1905      32202D73 
 1905      74643D67 
 1905      6E753939 
ARM GAS  C:\Users\IDONNO~1\AppData\Local\Temp\ccysDNoX.s 			page 38


 1906 04c7 756E6374 		.ascii	"unctions=16 -ffunction-sections -fdata-sections -fn"
 1906      696F6E73 
 1906      3D313620 
 1906      2D666675 
 1906      6E637469 
 1907 04fa 6F2D636F 		.ascii	"o-common -fsingle-precision-constant\000"
 1907      6D6D6F6E 
 1907      202D6673 
 1907      696E676C 
 1907      652D7072 
 1908              	.LASF26:
 1909 051f 73797374 		.ascii	"systime_t\000"
 1909      696D655F 
 1909      7400
 1910              	.LASF45:
 1911 0529 705F7265 		.ascii	"p_realprio\000"
 1911      616C7072 
 1911      696F00
 1912              	.LASF61:
 1913 0534 76746675 		.ascii	"vtfunc_t\000"
 1913      6E635F74 
 1913      00
 1914              	.LASF8:
 1915 053d 5F5F7569 		.ascii	"__uint32_t\000"
 1915      6E743332 
 1915      5F7400
 1916              	.LASF74:
 1917 0548 70616E69 		.ascii	"panic_msg\000"
 1917      635F6D73 
 1917      6700
 1918              	.LASF86:
 1919 0552 6F666673 		.ascii	"offset\000"
 1919      657400
 1920              	.LASF84:
 1921 0559 636F6E74 		.ascii	"context\000"
 1921      65787400 
 1922              	.LASF17:
 1923 0561 7274636E 		.ascii	"rtcnt_t\000"
 1923      745F7400 
 1924              	.LASF68:
 1925 0569 76745F70 		.ascii	"vt_par\000"
 1925      617200
 1926              	.LASF105:
 1927 0570 76746675 		.ascii	"vtfunc\000"
 1927      6E6300
 1928              	.LASF51:
 1929 0577 74687265 		.ascii	"threads_queue_t\000"
 1929      6164735F 
 1929      71756575 
 1929      655F7400 
 1930              	.LASF98:
 1931 0587 63685F6D 		.ascii	"ch_mutex\000"
 1931      75746578 
 1931      00
 1932              	.LASF37:
 1933 0590 705F7265 		.ascii	"p_refs\000"
 1933      667300
ARM GAS  C:\Users\IDONNO~1\AppData\Local\Temp\ccysDNoX.s 			page 39


 1934              	.LASF77:
 1935 0597 726C6973 		.ascii	"rlist\000"
 1935      7400
 1936              	.LASF13:
 1937 059d 75696E74 		.ascii	"uint8_t\000"
 1937      385F7400 
 1938              	.LASF90:
 1939 05a5 77746F62 		.ascii	"wtobjp\000"
 1939      6A7000
 1940              	.LASF34:
 1941 05ac 705F6E61 		.ascii	"p_name\000"
 1941      6D6500
 1942              	.LASF71:
 1943 05b3 76745F73 		.ascii	"vt_systime\000"
 1943      79737469 
 1943      6D6500
 1944              	.LASF42:
 1945 05be 705F6D73 		.ascii	"p_msg\000"
 1945      6700
 1946              	.LASF100:
 1947 05c4 6D5F6F77 		.ascii	"m_owner\000"
 1947      6E657200 
 1948              	.LASF31:
 1949 05cc 705F6374 		.ascii	"p_ctx\000"
 1949      7800
 1950              	.LASF67:
 1951 05d2 76745F66 		.ascii	"vt_func\000"
 1951      756E6300 
 1952              		.ident	"GCC: (GNU Tools for ARM Embedded Processors) 5.2.1 20151202 (release) [ARM/embedded-5-bran
ARM GAS  C:\Users\IDONNO~1\AppData\Local\Temp\ccysDNoX.s 			page 40


DEFINED SYMBOLS
                            *ABS*:00000000 chvt.c
C:\Users\IDONNO~1\AppData\Local\Temp\ccysDNoX.s:22     .text._vt_init:00000000 $t
C:\Users\IDONNO~1\AppData\Local\Temp\ccysDNoX.s:28     .text._vt_init:00000000 _vt_init
C:\Users\IDONNO~1\AppData\Local\Temp\ccysDNoX.s:56     .text._vt_init:00000018 $d
C:\Users\IDONNO~1\AppData\Local\Temp\ccysDNoX.s:61     .text.chVTDoSetI:00000000 $t
C:\Users\IDONNO~1\AppData\Local\Temp\ccysDNoX.s:67     .text.chVTDoSetI:00000000 chVTDoSetI
C:\Users\IDONNO~1\AppData\Local\Temp\ccysDNoX.s:142    .text.chVTDoSetI:00000038 $d
C:\Users\IDONNO~1\AppData\Local\Temp\ccysDNoX.s:147    .text.chVTDoResetI:00000000 $t
C:\Users\IDONNO~1\AppData\Local\Temp\ccysDNoX.s:153    .text.chVTDoResetI:00000000 chVTDoResetI
C:\Users\IDONNO~1\AppData\Local\Temp\ccysDNoX.s:201    .text.chVTDoResetI:00000024 $d
                     .debug_frame:00000010 $d

UNDEFINED SYMBOLS
ch
