ARM GAS  C:\Users\IDONNO~1\AppData\Local\Temp\ccqUKRcB.s 			page 1


   1              		.syntax unified
   2              		.cpu cortex-m4
   3              		.eabi_attribute 27, 1
   4              		.eabi_attribute 28, 1
   5              		.fpu fpv4-sp-d16
   6              		.eabi_attribute 20, 1
   7              		.eabi_attribute 21, 1
   8              		.eabi_attribute 23, 3
   9              		.eabi_attribute 24, 1
  10              		.eabi_attribute 25, 1
  11              		.eabi_attribute 26, 1
  12              		.eabi_attribute 30, 2
  13              		.eabi_attribute 34, 1
  14              		.eabi_attribute 18, 4
  15              		.thumb
  16              		.syntax unified
  17              		.file	"crt1.c"
  18              		.text
  19              	.Ltext0:
  20              		.cfi_sections	.debug_frame
  21              		.section	.text.__core_init,"ax",%progbits
  22              		.align	2
  23              		.p2align 4,,15
  24              		.weak	__core_init
  25              		.thumb
  26              		.thumb_func
  27              		.type	__core_init, %function
  28              	__core_init:
  29              	.LFB119:
  30              		.cfi_startproc
  31              		@ args = 0, pretend = 0, frame = 0
  32              		@ frame_needed = 0, uses_anonymous_args = 0
  33              		@ link register save eliminated.
  34 0000 7047     		bx	lr
  35              		.cfi_endproc
  36              	.LFE119:
  37              		.size	__core_init, .-__core_init
  38 0002 00BF     		.section	.text.__early_init,"ax",%progbits
  39              		.align	2
  40              		.p2align 4,,15
  41              		.weak	__early_init
  42              		.thumb
  43              		.thumb_func
  44              		.type	__early_init, %function
  45              	__early_init:
  46              	.LFB117:
  47              		.cfi_startproc
  48              		@ args = 0, pretend = 0, frame = 0
  49              		@ frame_needed = 0, uses_anonymous_args = 0
  50              		@ link register save eliminated.
  51 0000 7047     		bx	lr
  52              		.cfi_endproc
  53              	.LFE117:
  54              		.size	__early_init, .-__early_init
  55 0002 00BF     		.section	.text.__late_init,"ax",%progbits
  56              		.align	2
  57              		.p2align 4,,15
ARM GAS  C:\Users\IDONNO~1\AppData\Local\Temp\ccqUKRcB.s 			page 2


  58              		.weak	__late_init
  59              		.thumb
  60              		.thumb_func
  61              		.type	__late_init, %function
  62              	__late_init:
  63              	.LFB114:
  64              		.file 1 "lib/ChibiOS_3.0.2/os/common/ports/ARMCMx/compilers/GCC/crt1.c"
  65              		.loc 1 75 0
  66              		.cfi_startproc
  67              		@ args = 0, pretend = 0, frame = 0
  68              		@ frame_needed = 0, uses_anonymous_args = 0
  69              		@ link register save eliminated.
  70 0000 7047     		bx	lr
  71              		.cfi_endproc
  72              	.LFE114:
  73              		.size	__late_init, .-__late_init
  74 0002 00BF     		.section	.text.__default_exit,"ax",%progbits
  75              		.align	2
  76              		.p2align 4,,15
  77              		.weak	__default_exit
  78              		.thumb
  79              		.thumb_func
  80              		.type	__default_exit, %function
  81              	__default_exit:
  82              	.LFB115:
  83              		.loc 1 88 0
  84              		.cfi_startproc
  85              		@ Volatile: function does not return.
  86              		@ args = 0, pretend = 0, frame = 0
  87              		@ frame_needed = 0, uses_anonymous_args = 0
  88              		@ link register save eliminated.
  89              	.L5:
  90 0000 FEE7     		b	.L5
  91              		.cfi_endproc
  92              	.LFE115:
  93              		.size	__default_exit, .-__default_exit
  94 0002 00BF     		.text
  95              	.Letext0:
  96              		.file 2 "c:\\program files (x86)\\gnu tools arm embedded\\5.4 2016q3\\arm-none-eabi\\include\\mach
  97              		.file 3 "c:\\program files (x86)\\gnu tools arm embedded\\5.4 2016q3\\arm-none-eabi\\include\\sys\
  98              		.file 4 "lib/ChibiOS_3.0.2/os/ext/CMSIS/include/core_cm4.h"
  99              		.section	.debug_info,"",%progbits
 100              	.Ldebug_info0:
 101 0000 BE000000 		.4byte	0xbe
 102 0004 0400     		.2byte	0x4
 103 0006 00000000 		.4byte	.Ldebug_abbrev0
 104 000a 04       		.byte	0x4
 105 000b 01       		.uleb128 0x1
 106 000c 3F000000 		.4byte	.LASF12
 107 0010 0C       		.byte	0xc
 108 0011 63010000 		.4byte	.LASF13
 109 0015 0E000000 		.4byte	.LASF14
 110 0019 00000000 		.4byte	.Ldebug_ranges0+0
 111 001d 00000000 		.4byte	0
 112 0021 00000000 		.4byte	.Ldebug_line0
 113 0025 02       		.uleb128 0x2
 114 0026 01       		.byte	0x1
ARM GAS  C:\Users\IDONNO~1\AppData\Local\Temp\ccqUKRcB.s 			page 3


 115 0027 06       		.byte	0x6
 116 0028 0E020000 		.4byte	.LASF0
 117 002c 02       		.uleb128 0x2
 118 002d 01       		.byte	0x1
 119 002e 08       		.byte	0x8
 120 002f 1A020000 		.4byte	.LASF1
 121 0033 02       		.uleb128 0x2
 122 0034 02       		.byte	0x2
 123 0035 05       		.byte	0x5
 124 0036 32020000 		.4byte	.LASF2
 125 003a 02       		.uleb128 0x2
 126 003b 02       		.byte	0x2
 127 003c 07       		.byte	0x7
 128 003d D9010000 		.4byte	.LASF3
 129 0041 03       		.uleb128 0x3
 130 0042 28020000 		.4byte	.LASF9
 131 0046 02       		.byte	0x2
 132 0047 3F       		.byte	0x3f
 133 0048 4C000000 		.4byte	0x4c
 134 004c 02       		.uleb128 0x2
 135 004d 04       		.byte	0x4
 136 004e 05       		.byte	0x5
 137 004f F8010000 		.4byte	.LASF4
 138 0053 02       		.uleb128 0x2
 139 0054 04       		.byte	0x4
 140 0055 07       		.byte	0x7
 141 0056 A1010000 		.4byte	.LASF5
 142 005a 02       		.uleb128 0x2
 143 005b 08       		.byte	0x8
 144 005c 05       		.byte	0x5
 145 005d 00000000 		.4byte	.LASF6
 146 0061 02       		.uleb128 0x2
 147 0062 08       		.byte	0x8
 148 0063 07       		.byte	0x7
 149 0064 C2010000 		.4byte	.LASF7
 150 0068 04       		.uleb128 0x4
 151 0069 04       		.byte	0x4
 152 006a 05       		.byte	0x5
 153 006b 696E7400 		.ascii	"int\000"
 154 006f 02       		.uleb128 0x2
 155 0070 04       		.byte	0x4
 156 0071 07       		.byte	0x7
 157 0072 32000000 		.4byte	.LASF8
 158 0076 03       		.uleb128 0x3
 159 0077 3C020000 		.4byte	.LASF10
 160 007b 03       		.byte	0x3
 161 007c 2C       		.byte	0x2c
 162 007d 41000000 		.4byte	0x41
 163 0081 02       		.uleb128 0x2
 164 0082 04       		.byte	0x4
 165 0083 07       		.byte	0x7
 166 0084 44020000 		.4byte	.LASF11
 167 0088 05       		.uleb128 0x5
 168 0089 EC010000 		.4byte	.LASF15
 169 008d 01       		.byte	0x1
 170 008e 4B       		.byte	0x4b
 171 008f 01       		.byte	0x1
ARM GAS  C:\Users\IDONNO~1\AppData\Local\Temp\ccqUKRcB.s 			page 4


 172 0090 06       		.uleb128 0x6
 173 0091 88000000 		.4byte	0x88
 174 0095 00000000 		.4byte	.LFB114
 175 0099 02000000 		.4byte	.LFE114-.LFB114
 176 009d 01       		.uleb128 0x1
 177 009e 9C       		.byte	0x9c
 178 009f 07       		.uleb128 0x7
 179 00a0 B3010000 		.4byte	.LASF16
 180 00a4 01       		.byte	0x1
 181 00a5 58       		.byte	0x58
 182 00a6 00000000 		.4byte	.LFB115
 183 00aa 02000000 		.4byte	.LFE115-.LFB115
 184 00ae 01       		.uleb128 0x1
 185 00af 9C       		.byte	0x9c
 186 00b0 08       		.uleb128 0x8
 187 00b1 01020000 		.4byte	.LASF17
 188 00b5 04       		.byte	0x4
 189 00b6 A706     		.2byte	0x6a7
 190 00b8 BC000000 		.4byte	0xbc
 191 00bc 09       		.uleb128 0x9
 192 00bd 76000000 		.4byte	0x76
 193 00c1 00       		.byte	0
 194              		.section	.debug_abbrev,"",%progbits
 195              	.Ldebug_abbrev0:
 196 0000 01       		.uleb128 0x1
 197 0001 11       		.uleb128 0x11
 198 0002 01       		.byte	0x1
 199 0003 25       		.uleb128 0x25
 200 0004 0E       		.uleb128 0xe
 201 0005 13       		.uleb128 0x13
 202 0006 0B       		.uleb128 0xb
 203 0007 03       		.uleb128 0x3
 204 0008 0E       		.uleb128 0xe
 205 0009 1B       		.uleb128 0x1b
 206 000a 0E       		.uleb128 0xe
 207 000b 55       		.uleb128 0x55
 208 000c 17       		.uleb128 0x17
 209 000d 11       		.uleb128 0x11
 210 000e 01       		.uleb128 0x1
 211 000f 10       		.uleb128 0x10
 212 0010 17       		.uleb128 0x17
 213 0011 00       		.byte	0
 214 0012 00       		.byte	0
 215 0013 02       		.uleb128 0x2
 216 0014 24       		.uleb128 0x24
 217 0015 00       		.byte	0
 218 0016 0B       		.uleb128 0xb
 219 0017 0B       		.uleb128 0xb
 220 0018 3E       		.uleb128 0x3e
 221 0019 0B       		.uleb128 0xb
 222 001a 03       		.uleb128 0x3
 223 001b 0E       		.uleb128 0xe
 224 001c 00       		.byte	0
 225 001d 00       		.byte	0
 226 001e 03       		.uleb128 0x3
 227 001f 16       		.uleb128 0x16
 228 0020 00       		.byte	0
ARM GAS  C:\Users\IDONNO~1\AppData\Local\Temp\ccqUKRcB.s 			page 5


 229 0021 03       		.uleb128 0x3
 230 0022 0E       		.uleb128 0xe
 231 0023 3A       		.uleb128 0x3a
 232 0024 0B       		.uleb128 0xb
 233 0025 3B       		.uleb128 0x3b
 234 0026 0B       		.uleb128 0xb
 235 0027 49       		.uleb128 0x49
 236 0028 13       		.uleb128 0x13
 237 0029 00       		.byte	0
 238 002a 00       		.byte	0
 239 002b 04       		.uleb128 0x4
 240 002c 24       		.uleb128 0x24
 241 002d 00       		.byte	0
 242 002e 0B       		.uleb128 0xb
 243 002f 0B       		.uleb128 0xb
 244 0030 3E       		.uleb128 0x3e
 245 0031 0B       		.uleb128 0xb
 246 0032 03       		.uleb128 0x3
 247 0033 08       		.uleb128 0x8
 248 0034 00       		.byte	0
 249 0035 00       		.byte	0
 250 0036 05       		.uleb128 0x5
 251 0037 2E       		.uleb128 0x2e
 252 0038 00       		.byte	0
 253 0039 3F       		.uleb128 0x3f
 254 003a 19       		.uleb128 0x19
 255 003b 03       		.uleb128 0x3
 256 003c 0E       		.uleb128 0xe
 257 003d 3A       		.uleb128 0x3a
 258 003e 0B       		.uleb128 0xb
 259 003f 3B       		.uleb128 0x3b
 260 0040 0B       		.uleb128 0xb
 261 0041 27       		.uleb128 0x27
 262 0042 19       		.uleb128 0x19
 263 0043 20       		.uleb128 0x20
 264 0044 0B       		.uleb128 0xb
 265 0045 00       		.byte	0
 266 0046 00       		.byte	0
 267 0047 06       		.uleb128 0x6
 268 0048 2E       		.uleb128 0x2e
 269 0049 00       		.byte	0
 270 004a 31       		.uleb128 0x31
 271 004b 13       		.uleb128 0x13
 272 004c 11       		.uleb128 0x11
 273 004d 01       		.uleb128 0x1
 274 004e 12       		.uleb128 0x12
 275 004f 06       		.uleb128 0x6
 276 0050 40       		.uleb128 0x40
 277 0051 18       		.uleb128 0x18
 278 0052 9742     		.uleb128 0x2117
 279 0054 19       		.uleb128 0x19
 280 0055 00       		.byte	0
 281 0056 00       		.byte	0
 282 0057 07       		.uleb128 0x7
 283 0058 2E       		.uleb128 0x2e
 284 0059 00       		.byte	0
 285 005a 3F       		.uleb128 0x3f
ARM GAS  C:\Users\IDONNO~1\AppData\Local\Temp\ccqUKRcB.s 			page 6


 286 005b 19       		.uleb128 0x19
 287 005c 03       		.uleb128 0x3
 288 005d 0E       		.uleb128 0xe
 289 005e 3A       		.uleb128 0x3a
 290 005f 0B       		.uleb128 0xb
 291 0060 3B       		.uleb128 0x3b
 292 0061 0B       		.uleb128 0xb
 293 0062 27       		.uleb128 0x27
 294 0063 19       		.uleb128 0x19
 295 0064 8701     		.uleb128 0x87
 296 0066 19       		.uleb128 0x19
 297 0067 11       		.uleb128 0x11
 298 0068 01       		.uleb128 0x1
 299 0069 12       		.uleb128 0x12
 300 006a 06       		.uleb128 0x6
 301 006b 40       		.uleb128 0x40
 302 006c 18       		.uleb128 0x18
 303 006d 9742     		.uleb128 0x2117
 304 006f 19       		.uleb128 0x19
 305 0070 00       		.byte	0
 306 0071 00       		.byte	0
 307 0072 08       		.uleb128 0x8
 308 0073 34       		.uleb128 0x34
 309 0074 00       		.byte	0
 310 0075 03       		.uleb128 0x3
 311 0076 0E       		.uleb128 0xe
 312 0077 3A       		.uleb128 0x3a
 313 0078 0B       		.uleb128 0xb
 314 0079 3B       		.uleb128 0x3b
 315 007a 05       		.uleb128 0x5
 316 007b 49       		.uleb128 0x49
 317 007c 13       		.uleb128 0x13
 318 007d 3F       		.uleb128 0x3f
 319 007e 19       		.uleb128 0x19
 320 007f 3C       		.uleb128 0x3c
 321 0080 19       		.uleb128 0x19
 322 0081 00       		.byte	0
 323 0082 00       		.byte	0
 324 0083 09       		.uleb128 0x9
 325 0084 35       		.uleb128 0x35
 326 0085 00       		.byte	0
 327 0086 49       		.uleb128 0x49
 328 0087 13       		.uleb128 0x13
 329 0088 00       		.byte	0
 330 0089 00       		.byte	0
 331 008a 00       		.byte	0
 332              		.section	.debug_aranges,"",%progbits
 333 0000 24000000 		.4byte	0x24
 334 0004 0200     		.2byte	0x2
 335 0006 00000000 		.4byte	.Ldebug_info0
 336 000a 04       		.byte	0x4
 337 000b 00       		.byte	0
 338 000c 0000     		.2byte	0
 339 000e 0000     		.2byte	0
 340 0010 00000000 		.4byte	.LFB114
 341 0014 02000000 		.4byte	.LFE114-.LFB114
 342 0018 00000000 		.4byte	.LFB115
ARM GAS  C:\Users\IDONNO~1\AppData\Local\Temp\ccqUKRcB.s 			page 7


 343 001c 02000000 		.4byte	.LFE115-.LFB115
 344 0020 00000000 		.4byte	0
 345 0024 00000000 		.4byte	0
 346              		.section	.debug_ranges,"",%progbits
 347              	.Ldebug_ranges0:
 348 0000 00000000 		.4byte	.LFB114
 349 0004 02000000 		.4byte	.LFE114
 350 0008 00000000 		.4byte	.LFB115
 351 000c 02000000 		.4byte	.LFE115
 352 0010 00000000 		.4byte	0
 353 0014 00000000 		.4byte	0
 354              		.section	.debug_line,"",%progbits
 355              	.Ldebug_line0:
 356 0000 7A010000 		.section	.debug_str,"MS",%progbits,1
 356      02005401 
 356      00000201 
 356      FB0E0D00 
 356      01010101 
 357              	.LASF6:
 358 0000 6C6F6E67 		.ascii	"long long int\000"
 358      206C6F6E 
 358      6720696E 
 358      7400
 359              	.LASF14:
 360 000e 443A5C67 		.ascii	"D:\\git\\oroca_bldc_dev\\oroca_bldc_FW\000"
 360      69745C6F 
 360      726F6361 
 360      5F626C64 
 360      635F6465 
 361              	.LASF8:
 362 0032 756E7369 		.ascii	"unsigned int\000"
 362      676E6564 
 362      20696E74 
 362      00
 363              	.LASF12:
 364 003f 474E5520 		.ascii	"GNU C99 5.4.1 20160919 (release) [ARM/embedded-5-br"
 364      43393920 
 364      352E342E 
 364      31203230 
 364      31363039 
 365 0072 616E6368 		.ascii	"anch revision 240496] -mcpu=cortex-m4 -mfloat-abi=h"
 365      20726576 
 365      6973696F 
 365      6E203234 
 365      30343936 
 366 00a5 61726420 		.ascii	"ard -mfpu=fpv4-sp-d16 -mno-thumb-interwork -mthumb "
 366      2D6D6670 
 366      753D6670 
 366      76342D73 
 366      702D6431 
 367 00d8 2D676764 		.ascii	"-ggdb -O2 -std=gnu99 -fomit-frame-pointer -falign-f"
 367      62202D4F 
 367      32202D73 
 367      74643D67 
 367      6E753939 
 368 010b 756E6374 		.ascii	"unctions=16 -ffunction-sections -fdata-sections -fn"
 368      696F6E73 
ARM GAS  C:\Users\IDONNO~1\AppData\Local\Temp\ccqUKRcB.s 			page 8


 368      3D313620 
 368      2D666675 
 368      6E637469 
 369 013e 6F2D636F 		.ascii	"o-common -fsingle-precision-constant\000"
 369      6D6D6F6E 
 369      202D6673 
 369      696E676C 
 369      652D7072 
 370              	.LASF13:
 371 0163 6C69622F 		.ascii	"lib/ChibiOS_3.0.2/os/common/ports/ARMCMx/compilers/"
 371      43686962 
 371      694F535F 
 371      332E302E 
 371      322F6F73 
 372 0196 4743432F 		.ascii	"GCC/crt1.c\000"
 372      63727431 
 372      2E6300
 373              	.LASF5:
 374 01a1 6C6F6E67 		.ascii	"long unsigned int\000"
 374      20756E73 
 374      69676E65 
 374      6420696E 
 374      7400
 375              	.LASF16:
 376 01b3 5F5F6465 		.ascii	"__default_exit\000"
 376      6661756C 
 376      745F6578 
 376      697400
 377              	.LASF7:
 378 01c2 6C6F6E67 		.ascii	"long long unsigned int\000"
 378      206C6F6E 
 378      6720756E 
 378      7369676E 
 378      65642069 
 379              	.LASF3:
 380 01d9 73686F72 		.ascii	"short unsigned int\000"
 380      7420756E 
 380      7369676E 
 380      65642069 
 380      6E7400
 381              	.LASF15:
 382 01ec 5F5F6C61 		.ascii	"__late_init\000"
 382      74655F69 
 382      6E697400 
 383              	.LASF4:
 384 01f8 6C6F6E67 		.ascii	"long int\000"
 384      20696E74 
 384      00
 385              	.LASF17:
 386 0201 49544D5F 		.ascii	"ITM_RxBuffer\000"
 386      52784275 
 386      66666572 
 386      00
 387              	.LASF0:
 388 020e 7369676E 		.ascii	"signed char\000"
 388      65642063 
 388      68617200 
ARM GAS  C:\Users\IDONNO~1\AppData\Local\Temp\ccqUKRcB.s 			page 9


 389              	.LASF1:
 390 021a 756E7369 		.ascii	"unsigned char\000"
 390      676E6564 
 390      20636861 
 390      7200
 391              	.LASF9:
 392 0228 5F5F696E 		.ascii	"__int32_t\000"
 392      7433325F 
 392      7400
 393              	.LASF2:
 394 0232 73686F72 		.ascii	"short int\000"
 394      7420696E 
 394      7400
 395              	.LASF10:
 396 023c 696E7433 		.ascii	"int32_t\000"
 396      325F7400 
 397              	.LASF11:
 398 0244 73697A65 		.ascii	"sizetype\000"
 398      74797065 
 398      00
 399              		.ident	"GCC: (GNU Tools for ARM Embedded Processors) 5.4.1 20160919 (release) [ARM/embedded-5-bran
ARM GAS  C:\Users\IDONNO~1\AppData\Local\Temp\ccqUKRcB.s 			page 10


DEFINED SYMBOLS
                            *ABS*:00000000 crt1.c
C:\Users\IDONNO~1\AppData\Local\Temp\ccqUKRcB.s:22     .text.__core_init:00000000 $t
C:\Users\IDONNO~1\AppData\Local\Temp\ccqUKRcB.s:28     .text.__core_init:00000000 __core_init
C:\Users\IDONNO~1\AppData\Local\Temp\ccqUKRcB.s:39     .text.__early_init:00000000 $t
C:\Users\IDONNO~1\AppData\Local\Temp\ccqUKRcB.s:45     .text.__early_init:00000000 __early_init
C:\Users\IDONNO~1\AppData\Local\Temp\ccqUKRcB.s:56     .text.__late_init:00000000 $t
C:\Users\IDONNO~1\AppData\Local\Temp\ccqUKRcB.s:62     .text.__late_init:00000000 __late_init
C:\Users\IDONNO~1\AppData\Local\Temp\ccqUKRcB.s:75     .text.__default_exit:00000000 $t
C:\Users\IDONNO~1\AppData\Local\Temp\ccqUKRcB.s:81     .text.__default_exit:00000000 __default_exit
                     .debug_frame:00000010 $d

NO UNDEFINED SYMBOLS
