ARM GAS  C:\Users\IDONNO~1\AppData\Local\Temp\ccYUa2Z5.s 			page 1


   1              		.syntax unified
   2              		.cpu cortex-m4
   3              		.eabi_attribute 27, 1
   4              		.eabi_attribute 28, 1
   5              		.fpu fpv4-sp-d16
   6              		.eabi_attribute 20, 1
   7              		.eabi_attribute 21, 1
   8              		.eabi_attribute 23, 3
   9              		.eabi_attribute 24, 1
  10              		.eabi_attribute 25, 1
  11              		.eabi_attribute 26, 1
  12              		.eabi_attribute 30, 2
  13              		.eabi_attribute 34, 1
  14              		.eabi_attribute 18, 4
  15              		.thumb
  16              		.syntax unified
  17              		.file	"dac_lld.c"
  18              		.text
  19              	.Ltext0:
  20              		.cfi_sections	.debug_frame
  21              	.Letext0:
  22              		.file 1 "c:\\program files (x86)\\gnu tools arm embedded\\5.2 2015q4\\arm-none-eabi\\include\\mach
  23              		.file 2 "c:\\program files (x86)\\gnu tools arm embedded\\5.2 2015q4\\arm-none-eabi\\include\\sys\
  24              		.file 3 "lib/ChibiOS_3.0.2/os/rt/ports/ARMCMx/compilers/GCC/chtypes.h"
  25              		.file 4 "lib/ChibiOS_3.0.2/os/rt/include/chsystypes.h"
  26              		.file 5 "lib/ChibiOS_3.0.2/os/rt/include/chschd.h"
  27              		.file 6 "lib/ChibiOS_3.0.2/os/rt/ports/ARMCMx/chcore.h"
  28              		.file 7 "lib/ChibiOS_3.0.2/os/rt/ports/ARMCMx/chcore_v7m.h"
  29              		.file 8 "lib/ChibiOS_3.0.2/os/rt/include/chtm.h"
  30              		.file 9 "lib/ChibiOS_3.0.2/os/rt/include/chsem.h"
  31              		.file 10 "lib/ChibiOS_3.0.2/os/rt/include/chmtx.h"
  32              		.file 11 "lib/ChibiOS_3.0.2/os/ext/CMSIS/include/core_cm4.h"
  33              		.section	.debug_info,"",%progbits
  34              	.Ldebug_info0:
  35 0000 1C070000 		.4byte	0x71c
  36 0004 0400     		.2byte	0x4
  37 0006 00000000 		.4byte	.Ldebug_abbrev0
  38 000a 04       		.byte	0x4
  39 000b 01       		.uleb128 0x1
  40 000c AE030000 		.4byte	.LASF106
  41 0010 0C       		.byte	0xc
  42 0011 43050000 		.4byte	.LASF107
  43 0015 48000000 		.4byte	.LASF108
  44 0019 00000000 		.4byte	.Ldebug_line0
  45 001d 02       		.uleb128 0x2
  46 001e 04       		.byte	0x4
  47 001f 05       		.byte	0x5
  48 0020 696E7400 		.ascii	"int\000"
  49 0024 03       		.uleb128 0x3
  50 0025 04       		.byte	0x4
  51 0026 07       		.byte	0x7
  52 0027 75010000 		.4byte	.LASF0
  53 002b 03       		.uleb128 0x3
  54 002c 01       		.byte	0x1
  55 002d 06       		.byte	0x6
  56 002e E0000000 		.4byte	.LASF1
  57 0032 04       		.uleb128 0x4
ARM GAS  C:\Users\IDONNO~1\AppData\Local\Temp\ccYUa2Z5.s 			page 2


  58 0033 23000000 		.4byte	.LASF5
  59 0037 01       		.byte	0x1
  60 0038 1D       		.byte	0x1d
  61 0039 3D000000 		.4byte	0x3d
  62 003d 03       		.uleb128 0x3
  63 003e 01       		.byte	0x1
  64 003f 08       		.byte	0x8
  65 0040 EC020000 		.4byte	.LASF2
  66 0044 03       		.uleb128 0x3
  67 0045 02       		.byte	0x2
  68 0046 05       		.byte	0x5
  69 0047 04030000 		.4byte	.LASF3
  70 004b 03       		.uleb128 0x3
  71 004c 02       		.byte	0x2
  72 004d 07       		.byte	0x7
  73 004e B2010000 		.4byte	.LASF4
  74 0052 04       		.uleb128 0x4
  75 0053 03020000 		.4byte	.LASF6
  76 0057 01       		.byte	0x1
  77 0058 3F       		.byte	0x3f
  78 0059 5D000000 		.4byte	0x5d
  79 005d 03       		.uleb128 0x3
  80 005e 04       		.byte	0x4
  81 005f 05       		.byte	0x5
  82 0060 17010000 		.4byte	.LASF7
  83 0064 04       		.uleb128 0x4
  84 0065 F0040000 		.4byte	.LASF8
  85 0069 01       		.byte	0x1
  86 006a 41       		.byte	0x41
  87 006b 6F000000 		.4byte	0x6f
  88 006f 03       		.uleb128 0x3
  89 0070 04       		.byte	0x4
  90 0071 07       		.byte	0x7
  91 0072 8E030000 		.4byte	.LASF9
  92 0076 03       		.uleb128 0x3
  93 0077 08       		.byte	0x8
  94 0078 05       		.byte	0x5
  95 0079 D2000000 		.4byte	.LASF10
  96 007d 04       		.uleb128 0x4
  97 007e 9C020000 		.4byte	.LASF11
  98 0082 01       		.byte	0x1
  99 0083 5B       		.byte	0x5b
 100 0084 88000000 		.4byte	0x88
 101 0088 03       		.uleb128 0x3
 102 0089 08       		.byte	0x8
 103 008a 07       		.byte	0x7
 104 008b 6C000000 		.4byte	.LASF12
 105 008f 04       		.uleb128 0x4
 106 0090 7C050000 		.4byte	.LASF13
 107 0094 02       		.byte	0x2
 108 0095 14       		.byte	0x14
 109 0096 32000000 		.4byte	0x32
 110 009a 04       		.uleb128 0x4
 111 009b E4020000 		.4byte	.LASF14
 112 009f 02       		.byte	0x2
 113 00a0 1F       		.byte	0x1f
 114 00a1 52000000 		.4byte	0x52
ARM GAS  C:\Users\IDONNO~1\AppData\Local\Temp\ccYUa2Z5.s 			page 3


 115 00a5 04       		.uleb128 0x4
 116 00a6 66030000 		.4byte	.LASF15
 117 00aa 02       		.byte	0x2
 118 00ab 20       		.byte	0x20
 119 00ac 64000000 		.4byte	0x64
 120 00b0 04       		.uleb128 0x4
 121 00b1 1A000000 		.4byte	.LASF16
 122 00b5 02       		.byte	0x2
 123 00b6 26       		.byte	0x26
 124 00b7 7D000000 		.4byte	0x7d
 125 00bb 05       		.uleb128 0x5
 126 00bc 9A000000 		.4byte	0x9a
 127 00c0 04       		.uleb128 0x4
 128 00c1 14050000 		.4byte	.LASF17
 129 00c5 03       		.byte	0x3
 130 00c6 45       		.byte	0x45
 131 00c7 A5000000 		.4byte	0xa5
 132 00cb 04       		.uleb128 0x4
 133 00cc E1010000 		.4byte	.LASF18
 134 00d0 03       		.byte	0x3
 135 00d1 48       		.byte	0x48
 136 00d2 8F000000 		.4byte	0x8f
 137 00d6 04       		.uleb128 0x4
 138 00d7 20010000 		.4byte	.LASF19
 139 00db 03       		.byte	0x3
 140 00dc 49       		.byte	0x49
 141 00dd 8F000000 		.4byte	0x8f
 142 00e1 04       		.uleb128 0x4
 143 00e2 A7020000 		.4byte	.LASF20
 144 00e6 03       		.byte	0x3
 145 00e7 4A       		.byte	0x4a
 146 00e8 8F000000 		.4byte	0x8f
 147 00ec 04       		.uleb128 0x4
 148 00ed 03010000 		.4byte	.LASF21
 149 00f1 03       		.byte	0x3
 150 00f2 4B       		.byte	0x4b
 151 00f3 8F000000 		.4byte	0x8f
 152 00f7 04       		.uleb128 0x4
 153 00f8 C6020000 		.4byte	.LASF22
 154 00fc 03       		.byte	0x3
 155 00fd 4C       		.byte	0x4c
 156 00fe A5000000 		.4byte	0xa5
 157 0102 04       		.uleb128 0x4
 158 0103 CF010000 		.4byte	.LASF23
 159 0107 03       		.byte	0x3
 160 0108 4D       		.byte	0x4d
 161 0109 9A000000 		.4byte	0x9a
 162 010d 04       		.uleb128 0x4
 163 010e F7010000 		.4byte	.LASF24
 164 0112 03       		.byte	0x3
 165 0113 4F       		.byte	0x4f
 166 0114 A5000000 		.4byte	0xa5
 167 0118 04       		.uleb128 0x4
 168 0119 6F010000 		.4byte	.LASF25
 169 011d 03       		.byte	0x3
 170 011e 51       		.byte	0x51
 171 011f 9A000000 		.4byte	0x9a
ARM GAS  C:\Users\IDONNO~1\AppData\Local\Temp\ccYUa2Z5.s 			page 4


 172 0123 04       		.uleb128 0x4
 173 0124 D2040000 		.4byte	.LASF26
 174 0128 04       		.byte	0x4
 175 0129 33       		.byte	0x33
 176 012a A5000000 		.4byte	0xa5
 177 012e 04       		.uleb128 0x4
 178 012f A5030000 		.4byte	.LASF27
 179 0133 04       		.byte	0x4
 180 0134 3F       		.byte	0x3f
 181 0135 39010000 		.4byte	0x139
 182 0139 06       		.uleb128 0x6
 183 013a C5010000 		.4byte	.LASF49
 184 013e 48       		.byte	0x48
 185 013f 05       		.byte	0x5
 186 0140 C2       		.byte	0xc2
 187 0141 3E020000 		.4byte	0x23e
 188 0145 07       		.uleb128 0x7
 189 0146 2E030000 		.4byte	.LASF28
 190 014a 05       		.byte	0x5
 191 014b C3       		.byte	0xc3
 192 014c 49020000 		.4byte	0x249
 193 0150 00       		.byte	0
 194 0151 07       		.uleb128 0x7
 195 0152 BF020000 		.4byte	.LASF29
 196 0156 05       		.byte	0x5
 197 0157 C5       		.byte	0xc5
 198 0158 49020000 		.4byte	0x249
 199 015c 04       		.byte	0x4
 200 015d 07       		.uleb128 0x7
 201 015e CB000000 		.4byte	.LASF30
 202 0162 05       		.byte	0x5
 203 0163 C7       		.byte	0xc7
 204 0164 F7000000 		.4byte	0xf7
 205 0168 08       		.byte	0x8
 206 0169 07       		.uleb128 0x7
 207 016a AB050000 		.4byte	.LASF31
 208 016e 05       		.byte	0x5
 209 016f C8       		.byte	0xc8
 210 0170 79040000 		.4byte	0x479
 211 0174 0C       		.byte	0xc
 212 0175 07       		.uleb128 0x7
 213 0176 29010000 		.4byte	.LASF32
 214 017a 05       		.byte	0x5
 215 017b CA       		.byte	0xca
 216 017c 49020000 		.4byte	0x249
 217 0180 10       		.byte	0x10
 218 0181 07       		.uleb128 0x7
 219 0182 64020000 		.4byte	.LASF33
 220 0186 05       		.byte	0x5
 221 0187 CB       		.byte	0xcb
 222 0188 49020000 		.4byte	0x249
 223 018c 14       		.byte	0x14
 224 018d 07       		.uleb128 0x7
 225 018e 8B050000 		.4byte	.LASF34
 226 0192 05       		.byte	0x5
 227 0193 D2       		.byte	0xd2
 228 0194 BE060000 		.4byte	0x6be
ARM GAS  C:\Users\IDONNO~1\AppData\Local\Temp\ccYUa2Z5.s 			page 5


 229 0198 18       		.byte	0x18
 230 0199 07       		.uleb128 0x7
 231 019a 0E030000 		.4byte	.LASF35
 232 019e 05       		.byte	0x5
 233 019f DD       		.byte	0xdd
 234 01a0 D6000000 		.4byte	0xd6
 235 01a4 1C       		.byte	0x1c
 236 01a5 07       		.uleb128 0x7
 237 01a6 35030000 		.4byte	.LASF36
 238 01aa 05       		.byte	0x5
 239 01ab E1       		.byte	0xe1
 240 01ac CB000000 		.4byte	0xcb
 241 01b0 1D       		.byte	0x1d
 242 01b1 07       		.uleb128 0x7
 243 01b2 3C050000 		.4byte	.LASF37
 244 01b6 05       		.byte	0x5
 245 01b7 E6       		.byte	0xe6
 246 01b8 E1000000 		.4byte	0xe1
 247 01bc 1E       		.byte	0x1e
 248 01bd 07       		.uleb128 0x7
 249 01be 16030000 		.4byte	.LASF38
 250 01c2 05       		.byte	0x5
 251 01c3 EC       		.byte	0xec
 252 01c4 EC000000 		.4byte	0xec
 253 01c8 1F       		.byte	0x1f
 254 01c9 07       		.uleb128 0x7
 255 01ca 8A010000 		.4byte	.LASF39
 256 01ce 05       		.byte	0x5
 257 01cf F3       		.byte	0xf3
 258 01d0 D0060000 		.4byte	0x6d0
 259 01d4 20       		.byte	0x20
 260 01d5 08       		.uleb128 0x8
 261 01d6 705F7500 		.ascii	"p_u\000"
 262 01da 05       		.byte	0x5
 263 01db 3101     		.2byte	0x131
 264 01dd F9050000 		.4byte	0x5f9
 265 01e1 24       		.byte	0x24
 266 01e2 09       		.uleb128 0x9
 267 01e3 27020000 		.4byte	.LASF40
 268 01e7 05       		.byte	0x5
 269 01e8 3601     		.2byte	0x136
 270 01ea 4F020000 		.4byte	0x24f
 271 01ee 28       		.byte	0x28
 272 01ef 09       		.uleb128 0x9
 273 01f0 A1010000 		.4byte	.LASF41
 274 01f4 05       		.byte	0x5
 275 01f5 3C01     		.2byte	0x13c
 276 01f7 73020000 		.4byte	0x273
 277 01fb 2C       		.byte	0x2c
 278 01fc 09       		.uleb128 0x9
 279 01fd 9D050000 		.4byte	.LASF42
 280 0201 05       		.byte	0x5
 281 0202 4001     		.2byte	0x140
 282 0204 02010000 		.4byte	0x102
 283 0208 34       		.byte	0x34
 284 0209 09       		.uleb128 0x9
 285 020a 5B030000 		.4byte	.LASF43
ARM GAS  C:\Users\IDONNO~1\AppData\Local\Temp\ccYUa2Z5.s 			page 6


 286 020e 05       		.byte	0x5
 287 020f 4601     		.2byte	0x146
 288 0211 0D010000 		.4byte	0x10d
 289 0215 38       		.byte	0x38
 290 0216 09       		.uleb128 0x9
 291 0217 FA020000 		.4byte	.LASF44
 292 021b 05       		.byte	0x5
 293 021c 4D01     		.2byte	0x14d
 294 021e B8060000 		.4byte	0x6b8
 295 0222 3C       		.byte	0x3c
 296 0223 09       		.uleb128 0x9
 297 0224 DC040000 		.4byte	.LASF45
 298 0228 05       		.byte	0x5
 299 0229 5101     		.2byte	0x151
 300 022b F7000000 		.4byte	0xf7
 301 022f 40       		.byte	0x40
 302 0230 09       		.uleb128 0x9
 303 0231 EC000000 		.4byte	.LASF46
 304 0235 05       		.byte	0x5
 305 0236 5801     		.2byte	0x158
 306 0238 26030000 		.4byte	0x326
 307 023c 44       		.byte	0x44
 308 023d 00       		.byte	0
 309 023e 04       		.uleb128 0x4
 310 023f 3A020000 		.4byte	.LASF47
 311 0243 04       		.byte	0x4
 312 0244 44       		.byte	0x44
 313 0245 49020000 		.4byte	0x249
 314 0249 0A       		.uleb128 0xa
 315 024a 04       		.byte	0x4
 316 024b 2E010000 		.4byte	0x12e
 317 024f 04       		.uleb128 0x4
 318 0250 18020000 		.4byte	.LASF48
 319 0254 04       		.byte	0x4
 320 0255 49       		.byte	0x49
 321 0256 5A020000 		.4byte	0x25a
 322 025a 06       		.uleb128 0x6
 323 025b 7E030000 		.4byte	.LASF50
 324 025f 04       		.byte	0x4
 325 0260 05       		.byte	0x5
 326 0261 B0       		.byte	0xb0
 327 0262 73020000 		.4byte	0x273
 328 0266 07       		.uleb128 0x7
 329 0267 2E030000 		.4byte	.LASF28
 330 026b 05       		.byte	0x5
 331 026c B1       		.byte	0xb1
 332 026d 49020000 		.4byte	0x249
 333 0271 00       		.byte	0
 334 0272 00       		.byte	0
 335 0273 04       		.uleb128 0x4
 336 0274 23050000 		.4byte	.LASF51
 337 0278 04       		.byte	0x4
 338 0279 50       		.byte	0x50
 339 027a 7E020000 		.4byte	0x27e
 340 027e 06       		.uleb128 0x6
 341 027f BA000000 		.4byte	.LASF52
 342 0283 08       		.byte	0x8
ARM GAS  C:\Users\IDONNO~1\AppData\Local\Temp\ccYUa2Z5.s 			page 7


 343 0284 05       		.byte	0x5
 344 0285 B7       		.byte	0xb7
 345 0286 A3020000 		.4byte	0x2a3
 346 028a 07       		.uleb128 0x7
 347 028b 2E030000 		.4byte	.LASF28
 348 028f 05       		.byte	0x5
 349 0290 B8       		.byte	0xb8
 350 0291 49020000 		.4byte	0x249
 351 0295 00       		.byte	0
 352 0296 07       		.uleb128 0x7
 353 0297 BF020000 		.4byte	.LASF29
 354 029b 05       		.byte	0x5
 355 029c B9       		.byte	0xb9
 356 029d 49020000 		.4byte	0x249
 357 02a1 04       		.byte	0x4
 358 02a2 00       		.byte	0
 359 02a3 04       		.uleb128 0x4
 360 02a4 00000000 		.4byte	.LASF53
 361 02a8 04       		.byte	0x4
 362 02a9 57       		.byte	0x57
 363 02aa AE020000 		.4byte	0x2ae
 364 02ae 0B       		.uleb128 0xb
 365 02af E9010000 		.4byte	.LASF54
 366 02b3 1C       		.byte	0x1c
 367 02b4 05       		.byte	0x5
 368 02b5 9001     		.2byte	0x190
 369 02b7 0A030000 		.4byte	0x30a
 370 02bb 09       		.uleb128 0x9
 371 02bc 76030000 		.4byte	.LASF55
 372 02c0 05       		.byte	0x5
 373 02c1 9101     		.2byte	0x191
 374 02c3 73020000 		.4byte	0x273
 375 02c7 00       		.byte	0
 376 02c8 09       		.uleb128 0x9
 377 02c9 20030000 		.4byte	.LASF56
 378 02cd 05       		.byte	0x5
 379 02ce 9201     		.2byte	0x192
 380 02d0 F7000000 		.4byte	0xf7
 381 02d4 08       		.byte	0x8
 382 02d5 09       		.uleb128 0x9
 383 02d6 6C020000 		.4byte	.LASF57
 384 02da 05       		.byte	0x5
 385 02db 9401     		.2byte	0x194
 386 02dd 79040000 		.4byte	0x479
 387 02e1 0C       		.byte	0xc
 388 02e2 09       		.uleb128 0x9
 389 02e3 39010000 		.4byte	.LASF58
 390 02e7 05       		.byte	0x5
 391 02e8 9701     		.2byte	0x197
 392 02ea 49020000 		.4byte	0x249
 393 02ee 10       		.byte	0x10
 394 02ef 09       		.uleb128 0x9
 395 02f0 94020000 		.4byte	.LASF59
 396 02f4 05       		.byte	0x5
 397 02f5 9801     		.2byte	0x198
 398 02f7 49020000 		.4byte	0x249
 399 02fb 14       		.byte	0x14
ARM GAS  C:\Users\IDONNO~1\AppData\Local\Temp\ccYUa2Z5.s 			page 8


 400 02fc 09       		.uleb128 0x9
 401 02fd 8A020000 		.4byte	.LASF60
 402 0301 05       		.byte	0x5
 403 0302 9B01     		.2byte	0x19b
 404 0304 49020000 		.4byte	0x249
 405 0308 18       		.byte	0x18
 406 0309 00       		.byte	0
 407 030a 04       		.uleb128 0x4
 408 030b E7040000 		.4byte	.LASF61
 409 030f 04       		.byte	0x4
 410 0310 5C       		.byte	0x5c
 411 0311 15030000 		.4byte	0x315
 412 0315 0A       		.uleb128 0xa
 413 0316 04       		.byte	0x4
 414 0317 1B030000 		.4byte	0x31b
 415 031b 0C       		.uleb128 0xc
 416 031c 26030000 		.4byte	0x326
 417 0320 0D       		.uleb128 0xd
 418 0321 26030000 		.4byte	0x326
 419 0325 00       		.byte	0
 420 0326 0E       		.uleb128 0xe
 421 0327 04       		.byte	0x4
 422 0328 04       		.uleb128 0x4
 423 0329 AF020000 		.4byte	.LASF62
 424 032d 04       		.byte	0x4
 425 032e 61       		.byte	0x61
 426 032f 33030000 		.4byte	0x333
 427 0333 0B       		.uleb128 0xb
 428 0334 3D030000 		.4byte	.LASF63
 429 0338 14       		.byte	0x14
 430 0339 05       		.byte	0x5
 431 033a 6B01     		.2byte	0x16b
 432 033c 82030000 		.4byte	0x382
 433 0340 09       		.uleb128 0x9
 434 0341 82010000 		.4byte	.LASF64
 435 0345 05       		.byte	0x5
 436 0346 6C01     		.2byte	0x16c
 437 0348 D5060000 		.4byte	0x6d5
 438 034c 00       		.byte	0
 439 034d 09       		.uleb128 0x9
 440 034e 4A010000 		.4byte	.LASF65
 441 0352 05       		.byte	0x5
 442 0353 6D01     		.2byte	0x16d
 443 0355 D5060000 		.4byte	0x6d5
 444 0359 04       		.byte	0x4
 445 035a 09       		.uleb128 0x9
 446 035b 98010000 		.4byte	.LASF66
 447 035f 05       		.byte	0x5
 448 0360 6E01     		.2byte	0x16e
 449 0362 23010000 		.4byte	0x123
 450 0366 08       		.byte	0x8
 451 0367 09       		.uleb128 0x9
 452 0368 B1050000 		.4byte	.LASF67
 453 036c 05       		.byte	0x5
 454 036d 6F01     		.2byte	0x16f
 455 036f 0A030000 		.4byte	0x30a
 456 0373 0C       		.byte	0xc
ARM GAS  C:\Users\IDONNO~1\AppData\Local\Temp\ccYUa2Z5.s 			page 9


 457 0374 09       		.uleb128 0x9
 458 0375 1C050000 		.4byte	.LASF68
 459 0379 05       		.byte	0x5
 460 037a 7101     		.2byte	0x171
 461 037c 26030000 		.4byte	0x326
 462 0380 10       		.byte	0x10
 463 0381 00       		.byte	0
 464 0382 04       		.uleb128 0x4
 465 0383 97000000 		.4byte	.LASF69
 466 0387 04       		.byte	0x4
 467 0388 66       		.byte	0x66
 468 0389 8D030000 		.4byte	0x38d
 469 038d 0B       		.uleb128 0xb
 470 038e 4D020000 		.4byte	.LASF70
 471 0392 10       		.byte	0x10
 472 0393 05       		.byte	0x5
 473 0394 7B01     		.2byte	0x17b
 474 0396 CF030000 		.4byte	0x3cf
 475 039a 09       		.uleb128 0x9
 476 039b 82010000 		.4byte	.LASF64
 477 039f 05       		.byte	0x5
 478 03a0 7C01     		.2byte	0x17c
 479 03a2 D5060000 		.4byte	0x6d5
 480 03a6 00       		.byte	0
 481 03a7 09       		.uleb128 0x9
 482 03a8 4A010000 		.4byte	.LASF65
 483 03ac 05       		.byte	0x5
 484 03ad 7E01     		.2byte	0x17e
 485 03af D5060000 		.4byte	0x6d5
 486 03b3 04       		.byte	0x4
 487 03b4 09       		.uleb128 0x9
 488 03b5 98010000 		.4byte	.LASF66
 489 03b9 05       		.byte	0x5
 490 03ba 8001     		.2byte	0x180
 491 03bc 23010000 		.4byte	0x123
 492 03c0 08       		.byte	0x8
 493 03c1 09       		.uleb128 0x9
 494 03c2 92050000 		.4byte	.LASF71
 495 03c6 05       		.byte	0x5
 496 03c7 8201     		.2byte	0x182
 497 03c9 D0060000 		.4byte	0x6d0
 498 03cd 0C       		.byte	0xc
 499 03ce 00       		.byte	0
 500 03cf 04       		.uleb128 0x4
 501 03d0 39000000 		.4byte	.LASF72
 502 03d4 04       		.byte	0x4
 503 03d5 6B       		.byte	0x6b
 504 03d6 DA030000 		.4byte	0x3da
 505 03da 0B       		.uleb128 0xb
 506 03db CE020000 		.4byte	.LASF73
 507 03df 04       		.byte	0x4
 508 03e0 05       		.byte	0x5
 509 03e1 A201     		.2byte	0x1a2
 510 03e3 F5030000 		.4byte	0x3f5
 511 03e7 09       		.uleb128 0x9
 512 03e8 FB040000 		.4byte	.LASF74
 513 03ec 05       		.byte	0x5
ARM GAS  C:\Users\IDONNO~1\AppData\Local\Temp\ccYUa2Z5.s 			page 10


 514 03ed AA01     		.2byte	0x1aa
 515 03ef DB060000 		.4byte	0x6db
 516 03f3 00       		.byte	0
 517 03f4 00       		.byte	0
 518 03f5 04       		.uleb128 0x4
 519 03f6 D5010000 		.4byte	.LASF75
 520 03fa 04       		.byte	0x4
 521 03fb 70       		.byte	0x70
 522 03fc 00040000 		.4byte	0x400
 523 0400 0F       		.uleb128 0xf
 524 0401 0D010000 		.4byte	.LASF76
 525 0405 5802     		.2byte	0x258
 526 0407 05       		.byte	0x5
 527 0408 C201     		.2byte	0x1c2
 528 040a 5C040000 		.4byte	0x45c
 529 040e 09       		.uleb128 0x9
 530 040f 52010000 		.4byte	.LASF77
 531 0413 05       		.byte	0x5
 532 0414 C601     		.2byte	0x1c6
 533 0416 A3020000 		.4byte	0x2a3
 534 041a 00       		.byte	0
 535 041b 09       		.uleb128 0x9
 536 041c FC000000 		.4byte	.LASF78
 537 0420 05       		.byte	0x5
 538 0421 CA01     		.2byte	0x1ca
 539 0423 82030000 		.4byte	0x382
 540 0427 1C       		.byte	0x1c
 541 0428 08       		.uleb128 0x8
 542 0429 64626700 		.ascii	"dbg\000"
 543 042d 05       		.byte	0x5
 544 042e CE01     		.2byte	0x1ce
 545 0430 CF030000 		.4byte	0x3cf
 546 0434 2C       		.byte	0x2c
 547 0435 09       		.uleb128 0x9
 548 0436 8C000000 		.4byte	.LASF79
 549 043a 05       		.byte	0x5
 550 043b D201     		.2byte	0x1d2
 551 043d 2E010000 		.4byte	0x12e
 552 0441 30       		.byte	0x30
 553 0442 08       		.uleb128 0x8
 554 0443 746D00   		.ascii	"tm\000"
 555 0446 05       		.byte	0x5
 556 0447 D701     		.2byte	0x1d7
 557 0449 EE050000 		.4byte	0x5ee
 558 044d 78       		.byte	0x78
 559 044e 09       		.uleb128 0x9
 560 044f 60010000 		.4byte	.LASF80
 561 0453 05       		.byte	0x5
 562 0454 E301     		.2byte	0x1e3
 563 0456 E0060000 		.4byte	0x6e0
 564 045a 80       		.byte	0x80
 565 045b 00       		.byte	0
 566 045c 03       		.uleb128 0x3
 567 045d 04       		.byte	0x4
 568 045e 07       		.byte	0x7
 569 045f 31020000 		.4byte	.LASF81
 570 0463 04       		.uleb128 0x4
ARM GAS  C:\Users\IDONNO~1\AppData\Local\Temp\ccYUa2Z5.s 			page 11


 571 0464 41010000 		.4byte	.LASF82
 572 0468 06       		.byte	0x6
 573 0469 65       		.byte	0x65
 574 046a 26030000 		.4byte	0x326
 575 046e 04       		.uleb128 0x4
 576 046f 0D020000 		.4byte	.LASF83
 577 0473 06       		.byte	0x6
 578 0474 6D       		.byte	0x6d
 579 0475 B0000000 		.4byte	0xb0
 580 0479 06       		.uleb128 0x6
 581 047a 0C050000 		.4byte	.LASF84
 582 047e 04       		.byte	0x4
 583 047f 06       		.byte	0x6
 584 0480 89       		.byte	0x89
 585 0481 92040000 		.4byte	0x492
 586 0485 10       		.uleb128 0x10
 587 0486 72313300 		.ascii	"r13\000"
 588 048a 06       		.byte	0x6
 589 048b 8A       		.byte	0x8a
 590 048c D3050000 		.4byte	0x5d3
 591 0490 00       		.byte	0
 592 0491 00       		.byte	0
 593 0492 06       		.uleb128 0x6
 594 0493 2D000000 		.4byte	.LASF85
 595 0497 64       		.byte	0x64
 596 0498 07       		.byte	0x7
 597 0499 F4       		.byte	0xf4
 598 049a D3050000 		.4byte	0x5d3
 599 049e 10       		.uleb128 0x10
 600 049f 73313600 		.ascii	"s16\000"
 601 04a3 07       		.byte	0x7
 602 04a4 F6       		.byte	0xf6
 603 04a5 63040000 		.4byte	0x463
 604 04a9 00       		.byte	0
 605 04aa 10       		.uleb128 0x10
 606 04ab 73313700 		.ascii	"s17\000"
 607 04af 07       		.byte	0x7
 608 04b0 F7       		.byte	0xf7
 609 04b1 63040000 		.4byte	0x463
 610 04b5 04       		.byte	0x4
 611 04b6 10       		.uleb128 0x10
 612 04b7 73313800 		.ascii	"s18\000"
 613 04bb 07       		.byte	0x7
 614 04bc F8       		.byte	0xf8
 615 04bd 63040000 		.4byte	0x463
 616 04c1 08       		.byte	0x8
 617 04c2 10       		.uleb128 0x10
 618 04c3 73313900 		.ascii	"s19\000"
 619 04c7 07       		.byte	0x7
 620 04c8 F9       		.byte	0xf9
 621 04c9 63040000 		.4byte	0x463
 622 04cd 0C       		.byte	0xc
 623 04ce 10       		.uleb128 0x10
 624 04cf 73323000 		.ascii	"s20\000"
 625 04d3 07       		.byte	0x7
 626 04d4 FA       		.byte	0xfa
 627 04d5 63040000 		.4byte	0x463
ARM GAS  C:\Users\IDONNO~1\AppData\Local\Temp\ccYUa2Z5.s 			page 12


 628 04d9 10       		.byte	0x10
 629 04da 10       		.uleb128 0x10
 630 04db 73323100 		.ascii	"s21\000"
 631 04df 07       		.byte	0x7
 632 04e0 FB       		.byte	0xfb
 633 04e1 63040000 		.4byte	0x463
 634 04e5 14       		.byte	0x14
 635 04e6 10       		.uleb128 0x10
 636 04e7 73323200 		.ascii	"s22\000"
 637 04eb 07       		.byte	0x7
 638 04ec FC       		.byte	0xfc
 639 04ed 63040000 		.4byte	0x463
 640 04f1 18       		.byte	0x18
 641 04f2 10       		.uleb128 0x10
 642 04f3 73323300 		.ascii	"s23\000"
 643 04f7 07       		.byte	0x7
 644 04f8 FD       		.byte	0xfd
 645 04f9 63040000 		.4byte	0x463
 646 04fd 1C       		.byte	0x1c
 647 04fe 10       		.uleb128 0x10
 648 04ff 73323400 		.ascii	"s24\000"
 649 0503 07       		.byte	0x7
 650 0504 FE       		.byte	0xfe
 651 0505 63040000 		.4byte	0x463
 652 0509 20       		.byte	0x20
 653 050a 10       		.uleb128 0x10
 654 050b 73323500 		.ascii	"s25\000"
 655 050f 07       		.byte	0x7
 656 0510 FF       		.byte	0xff
 657 0511 63040000 		.4byte	0x463
 658 0515 24       		.byte	0x24
 659 0516 08       		.uleb128 0x8
 660 0517 73323600 		.ascii	"s26\000"
 661 051b 07       		.byte	0x7
 662 051c 0001     		.2byte	0x100
 663 051e 63040000 		.4byte	0x463
 664 0522 28       		.byte	0x28
 665 0523 08       		.uleb128 0x8
 666 0524 73323700 		.ascii	"s27\000"
 667 0528 07       		.byte	0x7
 668 0529 0101     		.2byte	0x101
 669 052b 63040000 		.4byte	0x463
 670 052f 2C       		.byte	0x2c
 671 0530 08       		.uleb128 0x8
 672 0531 73323800 		.ascii	"s28\000"
 673 0535 07       		.byte	0x7
 674 0536 0201     		.2byte	0x102
 675 0538 63040000 		.4byte	0x463
 676 053c 30       		.byte	0x30
 677 053d 08       		.uleb128 0x8
 678 053e 73323900 		.ascii	"s29\000"
 679 0542 07       		.byte	0x7
 680 0543 0301     		.2byte	0x103
 681 0545 63040000 		.4byte	0x463
 682 0549 34       		.byte	0x34
 683 054a 08       		.uleb128 0x8
 684 054b 73333000 		.ascii	"s30\000"
ARM GAS  C:\Users\IDONNO~1\AppData\Local\Temp\ccYUa2Z5.s 			page 13


 685 054f 07       		.byte	0x7
 686 0550 0401     		.2byte	0x104
 687 0552 63040000 		.4byte	0x463
 688 0556 38       		.byte	0x38
 689 0557 08       		.uleb128 0x8
 690 0558 73333100 		.ascii	"s31\000"
 691 055c 07       		.byte	0x7
 692 055d 0501     		.2byte	0x105
 693 055f 63040000 		.4byte	0x463
 694 0563 3C       		.byte	0x3c
 695 0564 08       		.uleb128 0x8
 696 0565 723400   		.ascii	"r4\000"
 697 0568 07       		.byte	0x7
 698 0569 0701     		.2byte	0x107
 699 056b 63040000 		.4byte	0x463
 700 056f 40       		.byte	0x40
 701 0570 08       		.uleb128 0x8
 702 0571 723500   		.ascii	"r5\000"
 703 0574 07       		.byte	0x7
 704 0575 0801     		.2byte	0x108
 705 0577 63040000 		.4byte	0x463
 706 057b 44       		.byte	0x44
 707 057c 08       		.uleb128 0x8
 708 057d 723600   		.ascii	"r6\000"
 709 0580 07       		.byte	0x7
 710 0581 0901     		.2byte	0x109
 711 0583 63040000 		.4byte	0x463
 712 0587 48       		.byte	0x48
 713 0588 08       		.uleb128 0x8
 714 0589 723700   		.ascii	"r7\000"
 715 058c 07       		.byte	0x7
 716 058d 0A01     		.2byte	0x10a
 717 058f 63040000 		.4byte	0x463
 718 0593 4C       		.byte	0x4c
 719 0594 08       		.uleb128 0x8
 720 0595 723800   		.ascii	"r8\000"
 721 0598 07       		.byte	0x7
 722 0599 0B01     		.2byte	0x10b
 723 059b 63040000 		.4byte	0x463
 724 059f 50       		.byte	0x50
 725 05a0 08       		.uleb128 0x8
 726 05a1 723900   		.ascii	"r9\000"
 727 05a4 07       		.byte	0x7
 728 05a5 0C01     		.2byte	0x10c
 729 05a7 63040000 		.4byte	0x463
 730 05ab 54       		.byte	0x54
 731 05ac 08       		.uleb128 0x8
 732 05ad 72313000 		.ascii	"r10\000"
 733 05b1 07       		.byte	0x7
 734 05b2 0D01     		.2byte	0x10d
 735 05b4 63040000 		.4byte	0x463
 736 05b8 58       		.byte	0x58
 737 05b9 08       		.uleb128 0x8
 738 05ba 72313100 		.ascii	"r11\000"
 739 05be 07       		.byte	0x7
 740 05bf 0E01     		.2byte	0x10e
 741 05c1 63040000 		.4byte	0x463
ARM GAS  C:\Users\IDONNO~1\AppData\Local\Temp\ccYUa2Z5.s 			page 14


 742 05c5 5C       		.byte	0x5c
 743 05c6 08       		.uleb128 0x8
 744 05c7 6C7200   		.ascii	"lr\000"
 745 05ca 07       		.byte	0x7
 746 05cb 0F01     		.2byte	0x10f
 747 05cd 63040000 		.4byte	0x463
 748 05d1 60       		.byte	0x60
 749 05d2 00       		.byte	0
 750 05d3 0A       		.uleb128 0xa
 751 05d4 04       		.byte	0x4
 752 05d5 92040000 		.4byte	0x492
 753 05d9 11       		.uleb128 0x11
 754 05da 04       		.byte	0x4
 755 05db 08       		.byte	0x8
 756 05dc 38       		.byte	0x38
 757 05dd EE050000 		.4byte	0x5ee
 758 05e1 07       		.uleb128 0x7
 759 05e2 05050000 		.4byte	.LASF86
 760 05e6 08       		.byte	0x8
 761 05e7 3C       		.byte	0x3c
 762 05e8 C0000000 		.4byte	0xc0
 763 05ec 00       		.byte	0
 764 05ed 00       		.byte	0
 765 05ee 04       		.uleb128 0x4
 766 05ef 72020000 		.4byte	.LASF87
 767 05f3 08       		.byte	0x8
 768 05f4 3D       		.byte	0x3d
 769 05f5 D9050000 		.4byte	0x5d9
 770 05f9 12       		.uleb128 0x12
 771 05fa 04       		.byte	0x4
 772 05fb 05       		.byte	0x5
 773 05fc FA       		.byte	0xfa
 774 05fd 56060000 		.4byte	0x656
 775 0601 13       		.uleb128 0x13
 776 0602 13000000 		.4byte	.LASF88
 777 0606 05       		.byte	0x5
 778 0607 0101     		.2byte	0x101
 779 0609 02010000 		.4byte	0x102
 780 060d 13       		.uleb128 0x13
 781 060e 83000000 		.4byte	.LASF89
 782 0612 05       		.byte	0x5
 783 0613 0801     		.2byte	0x108
 784 0615 02010000 		.4byte	0x102
 785 0619 13       		.uleb128 0x13
 786 061a 84050000 		.4byte	.LASF90
 787 061e 05       		.byte	0x5
 788 061f 0F01     		.2byte	0x10f
 789 0621 26030000 		.4byte	0x326
 790 0625 13       		.uleb128 0x13
 791 0626 0D000000 		.4byte	.LASF91
 792 062a 05       		.byte	0x5
 793 062b 1601     		.2byte	0x116
 794 062d 56060000 		.4byte	0x656
 795 0631 13       		.uleb128 0x13
 796 0632 91010000 		.4byte	.LASF92
 797 0636 05       		.byte	0x5
 798 0637 1E01     		.2byte	0x11e
ARM GAS  C:\Users\IDONNO~1\AppData\Local\Temp\ccYUa2Z5.s 			page 15


 799 0639 81060000 		.4byte	0x681
 800 063d 13       		.uleb128 0x13
 801 063e 6F030000 		.4byte	.LASF93
 802 0642 05       		.byte	0x5
 803 0643 2701     		.2byte	0x127
 804 0645 B8060000 		.4byte	0x6b8
 805 0649 13       		.uleb128 0x13
 806 064a 27030000 		.4byte	.LASF94
 807 064e 05       		.byte	0x5
 808 064f 2F01     		.2byte	0x12f
 809 0651 0D010000 		.4byte	0x10d
 810 0655 00       		.byte	0
 811 0656 0A       		.uleb128 0xa
 812 0657 04       		.byte	0x4
 813 0658 3E020000 		.4byte	0x23e
 814 065c 06       		.uleb128 0x6
 815 065d 4E030000 		.4byte	.LASF95
 816 0661 0C       		.byte	0xc
 817 0662 09       		.byte	0x9
 818 0663 34       		.byte	0x34
 819 0664 81060000 		.4byte	0x681
 820 0668 07       		.uleb128 0x7
 821 0669 31010000 		.4byte	.LASF96
 822 066d 09       		.byte	0x9
 823 066e 35       		.byte	0x35
 824 066f 73020000 		.4byte	0x273
 825 0673 00       		.byte	0
 826 0674 07       		.uleb128 0x7
 827 0675 AC010000 		.4byte	.LASF97
 828 0679 09       		.byte	0x9
 829 067a 37       		.byte	0x37
 830 067b 18010000 		.4byte	0x118
 831 067f 08       		.byte	0x8
 832 0680 00       		.byte	0
 833 0681 0A       		.uleb128 0xa
 834 0682 04       		.byte	0x4
 835 0683 5C060000 		.4byte	0x65c
 836 0687 06       		.uleb128 0x6
 837 0688 33050000 		.4byte	.LASF98
 838 068c 10       		.byte	0x10
 839 068d 0A       		.byte	0xa
 840 068e 39       		.byte	0x39
 841 068f B8060000 		.4byte	0x6b8
 842 0693 07       		.uleb128 0x7
 843 0694 F4000000 		.4byte	.LASF99
 844 0698 0A       		.byte	0xa
 845 0699 3A       		.byte	0x3a
 846 069a 73020000 		.4byte	0x273
 847 069e 00       		.byte	0
 848 069f 07       		.uleb128 0x7
 849 06a0 A3050000 		.4byte	.LASF100
 850 06a4 0A       		.byte	0xa
 851 06a5 3C       		.byte	0x3c
 852 06a6 49020000 		.4byte	0x249
 853 06aa 08       		.byte	0x8
 854 06ab 07       		.uleb128 0x7
 855 06ac 83020000 		.4byte	.LASF101
ARM GAS  C:\Users\IDONNO~1\AppData\Local\Temp\ccYUa2Z5.s 			page 16


 856 06b0 0A       		.byte	0xa
 857 06b1 3E       		.byte	0x3e
 858 06b2 FB060000 		.4byte	0x6fb
 859 06b6 0C       		.byte	0xc
 860 06b7 00       		.byte	0
 861 06b8 0A       		.uleb128 0xa
 862 06b9 04       		.byte	0x4
 863 06ba 87060000 		.4byte	0x687
 864 06be 0A       		.uleb128 0xa
 865 06bf 04       		.byte	0x4
 866 06c0 CB060000 		.4byte	0x6cb
 867 06c4 03       		.uleb128 0x3
 868 06c5 01       		.byte	0x1
 869 06c6 08       		.byte	0x8
 870 06c7 A0030000 		.4byte	.LASF102
 871 06cb 14       		.uleb128 0x14
 872 06cc C4060000 		.4byte	0x6c4
 873 06d0 05       		.uleb128 0x5
 874 06d1 23010000 		.4byte	0x123
 875 06d5 0A       		.uleb128 0xa
 876 06d6 04       		.byte	0x4
 877 06d7 28030000 		.4byte	0x328
 878 06db 05       		.uleb128 0x5
 879 06dc BE060000 		.4byte	0x6be
 880 06e0 15       		.uleb128 0x15
 881 06e1 6E040000 		.4byte	0x46e
 882 06e5 F0060000 		.4byte	0x6f0
 883 06e9 16       		.uleb128 0x16
 884 06ea 5C040000 		.4byte	0x45c
 885 06ee 3A       		.byte	0x3a
 886 06ef 00       		.byte	0
 887 06f0 04       		.uleb128 0x4
 888 06f1 58010000 		.4byte	.LASF103
 889 06f5 0A       		.byte	0xa
 890 06f6 34       		.byte	0x34
 891 06f7 87060000 		.4byte	0x687
 892 06fb 0A       		.uleb128 0xa
 893 06fc 04       		.byte	0x4
 894 06fd F0060000 		.4byte	0x6f0
 895 0701 03       		.uleb128 0x3
 896 0702 01       		.byte	0x1
 897 0703 02       		.byte	0x2
 898 0704 DE020000 		.4byte	.LASF104
 899 0708 17       		.uleb128 0x17
 900 0709 AD000000 		.4byte	.LASF105
 901 070d 0B       		.byte	0xb
 902 070e A706     		.2byte	0x6a7
 903 0710 BB000000 		.4byte	0xbb
 904 0714 18       		.uleb128 0x18
 905 0715 636800   		.ascii	"ch\000"
 906 0718 05       		.byte	0x5
 907 0719 0902     		.2byte	0x209
 908 071b F5030000 		.4byte	0x3f5
 909 071f 00       		.byte	0
 910              		.section	.debug_abbrev,"",%progbits
 911              	.Ldebug_abbrev0:
 912 0000 01       		.uleb128 0x1
ARM GAS  C:\Users\IDONNO~1\AppData\Local\Temp\ccYUa2Z5.s 			page 17


 913 0001 11       		.uleb128 0x11
 914 0002 01       		.byte	0x1
 915 0003 25       		.uleb128 0x25
 916 0004 0E       		.uleb128 0xe
 917 0005 13       		.uleb128 0x13
 918 0006 0B       		.uleb128 0xb
 919 0007 03       		.uleb128 0x3
 920 0008 0E       		.uleb128 0xe
 921 0009 1B       		.uleb128 0x1b
 922 000a 0E       		.uleb128 0xe
 923 000b 10       		.uleb128 0x10
 924 000c 17       		.uleb128 0x17
 925 000d 00       		.byte	0
 926 000e 00       		.byte	0
 927 000f 02       		.uleb128 0x2
 928 0010 24       		.uleb128 0x24
 929 0011 00       		.byte	0
 930 0012 0B       		.uleb128 0xb
 931 0013 0B       		.uleb128 0xb
 932 0014 3E       		.uleb128 0x3e
 933 0015 0B       		.uleb128 0xb
 934 0016 03       		.uleb128 0x3
 935 0017 08       		.uleb128 0x8
 936 0018 00       		.byte	0
 937 0019 00       		.byte	0
 938 001a 03       		.uleb128 0x3
 939 001b 24       		.uleb128 0x24
 940 001c 00       		.byte	0
 941 001d 0B       		.uleb128 0xb
 942 001e 0B       		.uleb128 0xb
 943 001f 3E       		.uleb128 0x3e
 944 0020 0B       		.uleb128 0xb
 945 0021 03       		.uleb128 0x3
 946 0022 0E       		.uleb128 0xe
 947 0023 00       		.byte	0
 948 0024 00       		.byte	0
 949 0025 04       		.uleb128 0x4
 950 0026 16       		.uleb128 0x16
 951 0027 00       		.byte	0
 952 0028 03       		.uleb128 0x3
 953 0029 0E       		.uleb128 0xe
 954 002a 3A       		.uleb128 0x3a
 955 002b 0B       		.uleb128 0xb
 956 002c 3B       		.uleb128 0x3b
 957 002d 0B       		.uleb128 0xb
 958 002e 49       		.uleb128 0x49
 959 002f 13       		.uleb128 0x13
 960 0030 00       		.byte	0
 961 0031 00       		.byte	0
 962 0032 05       		.uleb128 0x5
 963 0033 35       		.uleb128 0x35
 964 0034 00       		.byte	0
 965 0035 49       		.uleb128 0x49
 966 0036 13       		.uleb128 0x13
 967 0037 00       		.byte	0
 968 0038 00       		.byte	0
 969 0039 06       		.uleb128 0x6
ARM GAS  C:\Users\IDONNO~1\AppData\Local\Temp\ccYUa2Z5.s 			page 18


 970 003a 13       		.uleb128 0x13
 971 003b 01       		.byte	0x1
 972 003c 03       		.uleb128 0x3
 973 003d 0E       		.uleb128 0xe
 974 003e 0B       		.uleb128 0xb
 975 003f 0B       		.uleb128 0xb
 976 0040 3A       		.uleb128 0x3a
 977 0041 0B       		.uleb128 0xb
 978 0042 3B       		.uleb128 0x3b
 979 0043 0B       		.uleb128 0xb
 980 0044 01       		.uleb128 0x1
 981 0045 13       		.uleb128 0x13
 982 0046 00       		.byte	0
 983 0047 00       		.byte	0
 984 0048 07       		.uleb128 0x7
 985 0049 0D       		.uleb128 0xd
 986 004a 00       		.byte	0
 987 004b 03       		.uleb128 0x3
 988 004c 0E       		.uleb128 0xe
 989 004d 3A       		.uleb128 0x3a
 990 004e 0B       		.uleb128 0xb
 991 004f 3B       		.uleb128 0x3b
 992 0050 0B       		.uleb128 0xb
 993 0051 49       		.uleb128 0x49
 994 0052 13       		.uleb128 0x13
 995 0053 38       		.uleb128 0x38
 996 0054 0B       		.uleb128 0xb
 997 0055 00       		.byte	0
 998 0056 00       		.byte	0
 999 0057 08       		.uleb128 0x8
 1000 0058 0D       		.uleb128 0xd
 1001 0059 00       		.byte	0
 1002 005a 03       		.uleb128 0x3
 1003 005b 08       		.uleb128 0x8
 1004 005c 3A       		.uleb128 0x3a
 1005 005d 0B       		.uleb128 0xb
 1006 005e 3B       		.uleb128 0x3b
 1007 005f 05       		.uleb128 0x5
 1008 0060 49       		.uleb128 0x49
 1009 0061 13       		.uleb128 0x13
 1010 0062 38       		.uleb128 0x38
 1011 0063 0B       		.uleb128 0xb
 1012 0064 00       		.byte	0
 1013 0065 00       		.byte	0
 1014 0066 09       		.uleb128 0x9
 1015 0067 0D       		.uleb128 0xd
 1016 0068 00       		.byte	0
 1017 0069 03       		.uleb128 0x3
 1018 006a 0E       		.uleb128 0xe
 1019 006b 3A       		.uleb128 0x3a
 1020 006c 0B       		.uleb128 0xb
 1021 006d 3B       		.uleb128 0x3b
 1022 006e 05       		.uleb128 0x5
 1023 006f 49       		.uleb128 0x49
 1024 0070 13       		.uleb128 0x13
 1025 0071 38       		.uleb128 0x38
 1026 0072 0B       		.uleb128 0xb
ARM GAS  C:\Users\IDONNO~1\AppData\Local\Temp\ccYUa2Z5.s 			page 19


 1027 0073 00       		.byte	0
 1028 0074 00       		.byte	0
 1029 0075 0A       		.uleb128 0xa
 1030 0076 0F       		.uleb128 0xf
 1031 0077 00       		.byte	0
 1032 0078 0B       		.uleb128 0xb
 1033 0079 0B       		.uleb128 0xb
 1034 007a 49       		.uleb128 0x49
 1035 007b 13       		.uleb128 0x13
 1036 007c 00       		.byte	0
 1037 007d 00       		.byte	0
 1038 007e 0B       		.uleb128 0xb
 1039 007f 13       		.uleb128 0x13
 1040 0080 01       		.byte	0x1
 1041 0081 03       		.uleb128 0x3
 1042 0082 0E       		.uleb128 0xe
 1043 0083 0B       		.uleb128 0xb
 1044 0084 0B       		.uleb128 0xb
 1045 0085 3A       		.uleb128 0x3a
 1046 0086 0B       		.uleb128 0xb
 1047 0087 3B       		.uleb128 0x3b
 1048 0088 05       		.uleb128 0x5
 1049 0089 01       		.uleb128 0x1
 1050 008a 13       		.uleb128 0x13
 1051 008b 00       		.byte	0
 1052 008c 00       		.byte	0
 1053 008d 0C       		.uleb128 0xc
 1054 008e 15       		.uleb128 0x15
 1055 008f 01       		.byte	0x1
 1056 0090 27       		.uleb128 0x27
 1057 0091 19       		.uleb128 0x19
 1058 0092 01       		.uleb128 0x1
 1059 0093 13       		.uleb128 0x13
 1060 0094 00       		.byte	0
 1061 0095 00       		.byte	0
 1062 0096 0D       		.uleb128 0xd
 1063 0097 05       		.uleb128 0x5
 1064 0098 00       		.byte	0
 1065 0099 49       		.uleb128 0x49
 1066 009a 13       		.uleb128 0x13
 1067 009b 00       		.byte	0
 1068 009c 00       		.byte	0
 1069 009d 0E       		.uleb128 0xe
 1070 009e 0F       		.uleb128 0xf
 1071 009f 00       		.byte	0
 1072 00a0 0B       		.uleb128 0xb
 1073 00a1 0B       		.uleb128 0xb
 1074 00a2 00       		.byte	0
 1075 00a3 00       		.byte	0
 1076 00a4 0F       		.uleb128 0xf
 1077 00a5 13       		.uleb128 0x13
 1078 00a6 01       		.byte	0x1
 1079 00a7 03       		.uleb128 0x3
 1080 00a8 0E       		.uleb128 0xe
 1081 00a9 0B       		.uleb128 0xb
 1082 00aa 05       		.uleb128 0x5
 1083 00ab 3A       		.uleb128 0x3a
ARM GAS  C:\Users\IDONNO~1\AppData\Local\Temp\ccYUa2Z5.s 			page 20


 1084 00ac 0B       		.uleb128 0xb
 1085 00ad 3B       		.uleb128 0x3b
 1086 00ae 05       		.uleb128 0x5
 1087 00af 01       		.uleb128 0x1
 1088 00b0 13       		.uleb128 0x13
 1089 00b1 00       		.byte	0
 1090 00b2 00       		.byte	0
 1091 00b3 10       		.uleb128 0x10
 1092 00b4 0D       		.uleb128 0xd
 1093 00b5 00       		.byte	0
 1094 00b6 03       		.uleb128 0x3
 1095 00b7 08       		.uleb128 0x8
 1096 00b8 3A       		.uleb128 0x3a
 1097 00b9 0B       		.uleb128 0xb
 1098 00ba 3B       		.uleb128 0x3b
 1099 00bb 0B       		.uleb128 0xb
 1100 00bc 49       		.uleb128 0x49
 1101 00bd 13       		.uleb128 0x13
 1102 00be 38       		.uleb128 0x38
 1103 00bf 0B       		.uleb128 0xb
 1104 00c0 00       		.byte	0
 1105 00c1 00       		.byte	0
 1106 00c2 11       		.uleb128 0x11
 1107 00c3 13       		.uleb128 0x13
 1108 00c4 01       		.byte	0x1
 1109 00c5 0B       		.uleb128 0xb
 1110 00c6 0B       		.uleb128 0xb
 1111 00c7 3A       		.uleb128 0x3a
 1112 00c8 0B       		.uleb128 0xb
 1113 00c9 3B       		.uleb128 0x3b
 1114 00ca 0B       		.uleb128 0xb
 1115 00cb 01       		.uleb128 0x1
 1116 00cc 13       		.uleb128 0x13
 1117 00cd 00       		.byte	0
 1118 00ce 00       		.byte	0
 1119 00cf 12       		.uleb128 0x12
 1120 00d0 17       		.uleb128 0x17
 1121 00d1 01       		.byte	0x1
 1122 00d2 0B       		.uleb128 0xb
 1123 00d3 0B       		.uleb128 0xb
 1124 00d4 3A       		.uleb128 0x3a
 1125 00d5 0B       		.uleb128 0xb
 1126 00d6 3B       		.uleb128 0x3b
 1127 00d7 0B       		.uleb128 0xb
 1128 00d8 01       		.uleb128 0x1
 1129 00d9 13       		.uleb128 0x13
 1130 00da 00       		.byte	0
 1131 00db 00       		.byte	0
 1132 00dc 13       		.uleb128 0x13
 1133 00dd 0D       		.uleb128 0xd
 1134 00de 00       		.byte	0
 1135 00df 03       		.uleb128 0x3
 1136 00e0 0E       		.uleb128 0xe
 1137 00e1 3A       		.uleb128 0x3a
 1138 00e2 0B       		.uleb128 0xb
 1139 00e3 3B       		.uleb128 0x3b
 1140 00e4 05       		.uleb128 0x5
ARM GAS  C:\Users\IDONNO~1\AppData\Local\Temp\ccYUa2Z5.s 			page 21


 1141 00e5 49       		.uleb128 0x49
 1142 00e6 13       		.uleb128 0x13
 1143 00e7 00       		.byte	0
 1144 00e8 00       		.byte	0
 1145 00e9 14       		.uleb128 0x14
 1146 00ea 26       		.uleb128 0x26
 1147 00eb 00       		.byte	0
 1148 00ec 49       		.uleb128 0x49
 1149 00ed 13       		.uleb128 0x13
 1150 00ee 00       		.byte	0
 1151 00ef 00       		.byte	0
 1152 00f0 15       		.uleb128 0x15
 1153 00f1 01       		.uleb128 0x1
 1154 00f2 01       		.byte	0x1
 1155 00f3 49       		.uleb128 0x49
 1156 00f4 13       		.uleb128 0x13
 1157 00f5 01       		.uleb128 0x1
 1158 00f6 13       		.uleb128 0x13
 1159 00f7 00       		.byte	0
 1160 00f8 00       		.byte	0
 1161 00f9 16       		.uleb128 0x16
 1162 00fa 21       		.uleb128 0x21
 1163 00fb 00       		.byte	0
 1164 00fc 49       		.uleb128 0x49
 1165 00fd 13       		.uleb128 0x13
 1166 00fe 2F       		.uleb128 0x2f
 1167 00ff 0B       		.uleb128 0xb
 1168 0100 00       		.byte	0
 1169 0101 00       		.byte	0
 1170 0102 17       		.uleb128 0x17
 1171 0103 34       		.uleb128 0x34
 1172 0104 00       		.byte	0
 1173 0105 03       		.uleb128 0x3
 1174 0106 0E       		.uleb128 0xe
 1175 0107 3A       		.uleb128 0x3a
 1176 0108 0B       		.uleb128 0xb
 1177 0109 3B       		.uleb128 0x3b
 1178 010a 05       		.uleb128 0x5
 1179 010b 49       		.uleb128 0x49
 1180 010c 13       		.uleb128 0x13
 1181 010d 3F       		.uleb128 0x3f
 1182 010e 19       		.uleb128 0x19
 1183 010f 3C       		.uleb128 0x3c
 1184 0110 19       		.uleb128 0x19
 1185 0111 00       		.byte	0
 1186 0112 00       		.byte	0
 1187 0113 18       		.uleb128 0x18
 1188 0114 34       		.uleb128 0x34
 1189 0115 00       		.byte	0
 1190 0116 03       		.uleb128 0x3
 1191 0117 08       		.uleb128 0x8
 1192 0118 3A       		.uleb128 0x3a
 1193 0119 0B       		.uleb128 0xb
 1194 011a 3B       		.uleb128 0x3b
 1195 011b 05       		.uleb128 0x5
 1196 011c 49       		.uleb128 0x49
 1197 011d 13       		.uleb128 0x13
ARM GAS  C:\Users\IDONNO~1\AppData\Local\Temp\ccYUa2Z5.s 			page 22


 1198 011e 3F       		.uleb128 0x3f
 1199 011f 19       		.uleb128 0x19
 1200 0120 3C       		.uleb128 0x3c
 1201 0121 19       		.uleb128 0x19
 1202 0122 00       		.byte	0
 1203 0123 00       		.byte	0
 1204 0124 00       		.byte	0
 1205              		.section	.debug_aranges,"",%progbits
 1206 0000 14000000 		.4byte	0x14
 1207 0004 0200     		.2byte	0x2
 1208 0006 00000000 		.4byte	.Ldebug_info0
 1209 000a 04       		.byte	0x4
 1210 000b 00       		.byte	0
 1211 000c 0000     		.2byte	0
 1212 000e 0000     		.2byte	0
 1213 0010 00000000 		.4byte	0
 1214 0014 00000000 		.4byte	0
 1215              		.section	.debug_line,"",%progbits
 1216              	.Ldebug_line0:
 1217 0000 F6010000 		.section	.debug_str,"MS",%progbits,1
 1217      0200F001 
 1217      00000201 
 1217      FB0E0D00 
 1217      01010101 
 1218              	.LASF53:
 1219 0000 72656164 		.ascii	"ready_list_t\000"
 1219      795F6C69 
 1219      73745F74 
 1219      00
 1220              	.LASF91:
 1221 000d 77747472 		.ascii	"wttrp\000"
 1221      7000
 1222              	.LASF88:
 1223 0013 7264796D 		.ascii	"rdymsg\000"
 1223      736700
 1224              	.LASF16:
 1225 001a 75696E74 		.ascii	"uint64_t\000"
 1225      36345F74 
 1225      00
 1226              	.LASF5:
 1227 0023 5F5F7569 		.ascii	"__uint8_t\000"
 1227      6E74385F 
 1227      7400
 1228              	.LASF85:
 1229 002d 706F7274 		.ascii	"port_intctx\000"
 1229      5F696E74 
 1229      63747800 
 1230              	.LASF72:
 1231 0039 73797374 		.ascii	"system_debug_t\000"
 1231      656D5F64 
 1231      65627567 
 1231      5F7400
 1232              	.LASF108:
 1233 0048 443A5C67 		.ascii	"D:\\git\\oroca_bldc_dev\\oroca_bldc_FW\000"
 1233      69745C6F 
 1233      726F6361 
 1233      5F626C64 
ARM GAS  C:\Users\IDONNO~1\AppData\Local\Temp\ccYUa2Z5.s 			page 23


 1233      635F6465 
 1234              	.LASF12:
 1235 006c 6C6F6E67 		.ascii	"long long unsigned int\000"
 1235      206C6F6E 
 1235      6720756E 
 1235      7369676E 
 1235      65642069 
 1236              	.LASF89:
 1237 0083 65786974 		.ascii	"exitcode\000"
 1237      636F6465 
 1237      00
 1238              	.LASF79:
 1239 008c 6D61696E 		.ascii	"mainthread\000"
 1239      74687265 
 1239      616400
 1240              	.LASF69:
 1241 0097 76697274 		.ascii	"virtual_timers_list_t\000"
 1241      75616C5F 
 1241      74696D65 
 1241      72735F6C 
 1241      6973745F 
 1242              	.LASF105:
 1243 00ad 49544D5F 		.ascii	"ITM_RxBuffer\000"
 1243      52784275 
 1243      66666572 
 1243      00
 1244              	.LASF52:
 1245 00ba 63685F74 		.ascii	"ch_threads_queue\000"
 1245      68726561 
 1245      64735F71 
 1245      75657565 
 1245      00
 1246              	.LASF30:
 1247 00cb 705F7072 		.ascii	"p_prio\000"
 1247      696F00
 1248              	.LASF10:
 1249 00d2 6C6F6E67 		.ascii	"long long int\000"
 1249      206C6F6E 
 1249      6720696E 
 1249      7400
 1250              	.LASF1:
 1251 00e0 7369676E 		.ascii	"signed char\000"
 1251      65642063 
 1251      68617200 
 1252              	.LASF46:
 1253 00ec 705F6D70 		.ascii	"p_mpool\000"
 1253      6F6F6C00 
 1254              	.LASF99:
 1255 00f4 6D5F7175 		.ascii	"m_queue\000"
 1255      65756500 
 1256              	.LASF78:
 1257 00fc 76746C69 		.ascii	"vtlist\000"
 1257      737400
 1258              	.LASF21:
 1259 0103 74736C69 		.ascii	"tslices_t\000"
 1259      6365735F 
 1259      7400
ARM GAS  C:\Users\IDONNO~1\AppData\Local\Temp\ccYUa2Z5.s 			page 24


 1260              	.LASF76:
 1261 010d 63685F73 		.ascii	"ch_system\000"
 1261      79737465 
 1261      6D00
 1262              	.LASF7:
 1263 0117 6C6F6E67 		.ascii	"long int\000"
 1263      20696E74 
 1263      00
 1264              	.LASF19:
 1265 0120 74737461 		.ascii	"tstate_t\000"
 1265      74655F74 
 1265      00
 1266              	.LASF32:
 1267 0129 705F6E65 		.ascii	"p_newer\000"
 1267      77657200 
 1268              	.LASF96:
 1269 0131 735F7175 		.ascii	"s_queue\000"
 1269      65756500 
 1270              	.LASF58:
 1271 0139 725F6E65 		.ascii	"r_newer\000"
 1271      77657200 
 1272              	.LASF82:
 1273 0141 72656761 		.ascii	"regarm_t\000"
 1273      726D5F74 
 1273      00
 1274              	.LASF65:
 1275 014a 76745F70 		.ascii	"vt_prev\000"
 1275      72657600 
 1276              	.LASF77:
 1277 0152 726C6973 		.ascii	"rlist\000"
 1277      7400
 1278              	.LASF103:
 1279 0158 6D757465 		.ascii	"mutex_t\000"
 1279      785F7400 
 1280              	.LASF80:
 1281 0160 69646C65 		.ascii	"idle_thread_wa\000"
 1281      5F746872 
 1281      6561645F 
 1281      776100
 1282              	.LASF25:
 1283 016f 636E745F 		.ascii	"cnt_t\000"
 1283      7400
 1284              	.LASF0:
 1285 0175 756E7369 		.ascii	"unsigned int\000"
 1285      676E6564 
 1285      20696E74 
 1285      00
 1286              	.LASF64:
 1287 0182 76745F6E 		.ascii	"vt_next\000"
 1287      65787400 
 1288              	.LASF39:
 1289 018a 705F7469 		.ascii	"p_time\000"
 1289      6D6500
 1290              	.LASF92:
 1291 0191 77747365 		.ascii	"wtsemp\000"
 1291      6D7000
 1292              	.LASF66:
ARM GAS  C:\Users\IDONNO~1\AppData\Local\Temp\ccYUa2Z5.s 			page 25


 1293 0198 76745F64 		.ascii	"vt_delta\000"
 1293      656C7461 
 1293      00
 1294              	.LASF41:
 1295 01a1 705F6D73 		.ascii	"p_msgqueue\000"
 1295      67717565 
 1295      756500
 1296              	.LASF97:
 1297 01ac 735F636E 		.ascii	"s_cnt\000"
 1297      7400
 1298              	.LASF4:
 1299 01b2 73686F72 		.ascii	"short unsigned int\000"
 1299      7420756E 
 1299      7369676E 
 1299      65642069 
 1299      6E7400
 1300              	.LASF49:
 1301 01c5 63685F74 		.ascii	"ch_thread\000"
 1301      68726561 
 1301      6400
 1302              	.LASF23:
 1303 01cf 6D73675F 		.ascii	"msg_t\000"
 1303      7400
 1304              	.LASF75:
 1305 01d5 63685F73 		.ascii	"ch_system_t\000"
 1305      79737465 
 1305      6D5F7400 
 1306              	.LASF18:
 1307 01e1 746D6F64 		.ascii	"tmode_t\000"
 1307      655F7400 
 1308              	.LASF54:
 1309 01e9 63685F72 		.ascii	"ch_ready_list\000"
 1309      65616479 
 1309      5F6C6973 
 1309      7400
 1310              	.LASF24:
 1311 01f7 6576656E 		.ascii	"eventmask_t\000"
 1311      746D6173 
 1311      6B5F7400 
 1312              	.LASF6:
 1313 0203 5F5F696E 		.ascii	"__int32_t\000"
 1313      7433325F 
 1313      7400
 1314              	.LASF83:
 1315 020d 73746B61 		.ascii	"stkalign_t\000"
 1315      6C69676E 
 1315      5F7400
 1316              	.LASF48:
 1317 0218 74687265 		.ascii	"threads_list_t\000"
 1317      6164735F 
 1317      6C697374 
 1317      5F7400
 1318              	.LASF40:
 1319 0227 705F7761 		.ascii	"p_waiting\000"
 1319      6974696E 
 1319      6700
 1320              	.LASF81:
ARM GAS  C:\Users\IDONNO~1\AppData\Local\Temp\ccYUa2Z5.s 			page 26


 1321 0231 73697A65 		.ascii	"sizetype\000"
 1321      74797065 
 1321      00
 1322              	.LASF47:
 1323 023a 74687265 		.ascii	"thread_reference_t\000"
 1323      61645F72 
 1323      65666572 
 1323      656E6365 
 1323      5F7400
 1324              	.LASF70:
 1325 024d 63685F76 		.ascii	"ch_virtual_timers_list\000"
 1325      69727475 
 1325      616C5F74 
 1325      696D6572 
 1325      735F6C69 
 1326              	.LASF33:
 1327 0264 705F6F6C 		.ascii	"p_older\000"
 1327      64657200 
 1328              	.LASF57:
 1329 026c 725F6374 		.ascii	"r_ctx\000"
 1329      7800
 1330              	.LASF87:
 1331 0272 746D5F63 		.ascii	"tm_calibration_t\000"
 1331      616C6962 
 1331      72617469 
 1331      6F6E5F74 
 1331      00
 1332              	.LASF101:
 1333 0283 6D5F6E65 		.ascii	"m_next\000"
 1333      787400
 1334              	.LASF60:
 1335 028a 725F6375 		.ascii	"r_current\000"
 1335      7272656E 
 1335      7400
 1336              	.LASF59:
 1337 0294 725F6F6C 		.ascii	"r_older\000"
 1337      64657200 
 1338              	.LASF11:
 1339 029c 5F5F7569 		.ascii	"__uint64_t\000"
 1339      6E743634 
 1339      5F7400
 1340              	.LASF20:
 1341 02a7 74726566 		.ascii	"trefs_t\000"
 1341      735F7400 
 1342              	.LASF62:
 1343 02af 76697274 		.ascii	"virtual_timer_t\000"
 1343      75616C5F 
 1343      74696D65 
 1343      725F7400 
 1344              	.LASF29:
 1345 02bf 705F7072 		.ascii	"p_prev\000"
 1345      657600
 1346              	.LASF22:
 1347 02c6 74707269 		.ascii	"tprio_t\000"
 1347      6F5F7400 
 1348              	.LASF73:
 1349 02ce 63685F73 		.ascii	"ch_system_debug\000"
ARM GAS  C:\Users\IDONNO~1\AppData\Local\Temp\ccYUa2Z5.s 			page 27


 1349      79737465 
 1349      6D5F6465 
 1349      62756700 
 1350              	.LASF104:
 1351 02de 5F426F6F 		.ascii	"_Bool\000"
 1351      6C00
 1352              	.LASF14:
 1353 02e4 696E7433 		.ascii	"int32_t\000"
 1353      325F7400 
 1354              	.LASF2:
 1355 02ec 756E7369 		.ascii	"unsigned char\000"
 1355      676E6564 
 1355      20636861 
 1355      7200
 1356              	.LASF44:
 1357 02fa 705F6D74 		.ascii	"p_mtxlist\000"
 1357      786C6973 
 1357      7400
 1358              	.LASF3:
 1359 0304 73686F72 		.ascii	"short int\000"
 1359      7420696E 
 1359      7400
 1360              	.LASF35:
 1361 030e 705F7374 		.ascii	"p_state\000"
 1361      61746500 
 1362              	.LASF38:
 1363 0316 705F7072 		.ascii	"p_preempt\000"
 1363      65656D70 
 1363      7400
 1364              	.LASF56:
 1365 0320 725F7072 		.ascii	"r_prio\000"
 1365      696F00
 1366              	.LASF94:
 1367 0327 65776D61 		.ascii	"ewmask\000"
 1367      736B00
 1368              	.LASF28:
 1369 032e 705F6E65 		.ascii	"p_next\000"
 1369      787400
 1370              	.LASF36:
 1371 0335 705F666C 		.ascii	"p_flags\000"
 1371      61677300 
 1372              	.LASF63:
 1373 033d 63685F76 		.ascii	"ch_virtual_timer\000"
 1373      69727475 
 1373      616C5F74 
 1373      696D6572 
 1373      00
 1374              	.LASF95:
 1375 034e 63685F73 		.ascii	"ch_semaphore\000"
 1375      656D6170 
 1375      686F7265 
 1375      00
 1376              	.LASF43:
 1377 035b 705F6570 		.ascii	"p_epending\000"
 1377      656E6469 
 1377      6E6700
 1378              	.LASF15:
ARM GAS  C:\Users\IDONNO~1\AppData\Local\Temp\ccYUa2Z5.s 			page 28


 1379 0366 75696E74 		.ascii	"uint32_t\000"
 1379      33325F74 
 1379      00
 1380              	.LASF93:
 1381 036f 77746D74 		.ascii	"wtmtxp\000"
 1381      787000
 1382              	.LASF55:
 1383 0376 725F7175 		.ascii	"r_queue\000"
 1383      65756500 
 1384              	.LASF50:
 1385 037e 63685F74 		.ascii	"ch_threads_list\000"
 1385      68726561 
 1385      64735F6C 
 1385      69737400 
 1386              	.LASF9:
 1387 038e 6C6F6E67 		.ascii	"long unsigned int\000"
 1387      20756E73 
 1387      69676E65 
 1387      6420696E 
 1387      7400
 1388              	.LASF102:
 1389 03a0 63686172 		.ascii	"char\000"
 1389      00
 1390              	.LASF27:
 1391 03a5 74687265 		.ascii	"thread_t\000"
 1391      61645F74 
 1391      00
 1392              	.LASF106:
 1393 03ae 474E5520 		.ascii	"GNU C99 5.2.1 20151202 (release) [ARM/embedded-5-br"
 1393      43393920 
 1393      352E322E 
 1393      31203230 
 1393      31353132 
 1394 03e1 616E6368 		.ascii	"anch revision 231848] -mcpu=cortex-m4 -mfloat-abi=h"
 1394      20726576 
 1394      6973696F 
 1394      6E203233 
 1394      31383438 
 1395 0414 61726420 		.ascii	"ard -mfpu=fpv4-sp-d16 -mno-thumb-interwork -mthumb "
 1395      2D6D6670 
 1395      753D6670 
 1395      76342D73 
 1395      702D6431 
 1396 0447 2D676764 		.ascii	"-ggdb -O2 -std=gnu99 -fomit-frame-pointer -falign-f"
 1396      62202D4F 
 1396      32202D73 
 1396      74643D67 
 1396      6E753939 
 1397 047a 756E6374 		.ascii	"unctions=16 -ffunction-sections -fdata-sections -fn"
 1397      696F6E73 
 1397      3D313620 
 1397      2D666675 
 1397      6E637469 
 1398 04ad 6F2D636F 		.ascii	"o-common -fsingle-precision-constant\000"
 1398      6D6D6F6E 
 1398      202D6673 
 1398      696E676C 
ARM GAS  C:\Users\IDONNO~1\AppData\Local\Temp\ccYUa2Z5.s 			page 29


 1398      652D7072 
 1399              	.LASF26:
 1400 04d2 73797374 		.ascii	"systime_t\000"
 1400      696D655F 
 1400      7400
 1401              	.LASF45:
 1402 04dc 705F7265 		.ascii	"p_realprio\000"
 1402      616C7072 
 1402      696F00
 1403              	.LASF61:
 1404 04e7 76746675 		.ascii	"vtfunc_t\000"
 1404      6E635F74 
 1404      00
 1405              	.LASF8:
 1406 04f0 5F5F7569 		.ascii	"__uint32_t\000"
 1406      6E743332 
 1406      5F7400
 1407              	.LASF74:
 1408 04fb 70616E69 		.ascii	"panic_msg\000"
 1408      635F6D73 
 1408      6700
 1409              	.LASF86:
 1410 0505 6F666673 		.ascii	"offset\000"
 1410      657400
 1411              	.LASF84:
 1412 050c 636F6E74 		.ascii	"context\000"
 1412      65787400 
 1413              	.LASF17:
 1414 0514 7274636E 		.ascii	"rtcnt_t\000"
 1414      745F7400 
 1415              	.LASF68:
 1416 051c 76745F70 		.ascii	"vt_par\000"
 1416      617200
 1417              	.LASF51:
 1418 0523 74687265 		.ascii	"threads_queue_t\000"
 1418      6164735F 
 1418      71756575 
 1418      655F7400 
 1419              	.LASF98:
 1420 0533 63685F6D 		.ascii	"ch_mutex\000"
 1420      75746578 
 1420      00
 1421              	.LASF37:
 1422 053c 705F7265 		.ascii	"p_refs\000"
 1422      667300
 1423              	.LASF107:
 1424 0543 6C69622F 		.ascii	"lib/ChibiOS_3.0.2/os/hal/ports/STM32/LLD/DACv1/dac_"
 1424      43686962 
 1424      694F535F 
 1424      332E302E 
 1424      322F6F73 
 1425 0576 6C6C642E 		.ascii	"lld.c\000"
 1425      6300
 1426              	.LASF13:
 1427 057c 75696E74 		.ascii	"uint8_t\000"
 1427      385F7400 
 1428              	.LASF90:
ARM GAS  C:\Users\IDONNO~1\AppData\Local\Temp\ccYUa2Z5.s 			page 30


 1429 0584 77746F62 		.ascii	"wtobjp\000"
 1429      6A7000
 1430              	.LASF34:
 1431 058b 705F6E61 		.ascii	"p_name\000"
 1431      6D6500
 1432              	.LASF71:
 1433 0592 76745F73 		.ascii	"vt_systime\000"
 1433      79737469 
 1433      6D6500
 1434              	.LASF42:
 1435 059d 705F6D73 		.ascii	"p_msg\000"
 1435      6700
 1436              	.LASF100:
 1437 05a3 6D5F6F77 		.ascii	"m_owner\000"
 1437      6E657200 
 1438              	.LASF31:
 1439 05ab 705F6374 		.ascii	"p_ctx\000"
 1439      7800
 1440              	.LASF67:
 1441 05b1 76745F66 		.ascii	"vt_func\000"
 1441      756E6300 
 1442              		.ident	"GCC: (GNU Tools for ARM Embedded Processors) 5.2.1 20151202 (release) [ARM/embedded-5-bran
ARM GAS  C:\Users\IDONNO~1\AppData\Local\Temp\ccYUa2Z5.s 			page 31


DEFINED SYMBOLS
                            *ABS*:00000000 dac_lld.c

NO UNDEFINED SYMBOLS
