ARM GAS  C:\Users\ADMINI~1\AppData\Local\Temp\ccMfayNk.s 			page 1


   1              		.syntax unified
   2              		.cpu cortex-m4
   3              		.eabi_attribute 27, 1
   4              		.eabi_attribute 28, 1
   5              		.fpu fpv4-sp-d16
   6              		.eabi_attribute 20, 1
   7              		.eabi_attribute 21, 1
   8              		.eabi_attribute 23, 3
   9              		.eabi_attribute 24, 1
  10              		.eabi_attribute 25, 1
  11              		.eabi_attribute 26, 1
  12              		.eabi_attribute 30, 2
  13              		.eabi_attribute 34, 1
  14              		.eabi_attribute 18, 4
  15              		.thumb
  16              		.syntax unified
  17              		.file	"irq_handlers.c"
  18              		.text
  19              	.Ltext0:
  20              		.cfi_sections	.debug_frame
  21              		.section	.text.Vector11C,"ax",%progbits
  22              		.align	2
  23              		.p2align 4,,15
  24              		.global	Vector11C
  25              		.thumb
  26              		.thumb_func
  27              		.type	Vector11C, %function
  28              	Vector11C:
  29              	.LFB257:
  30              		.file 1 "src/core/irq_handlers.c"
  31              		.loc 1 27 0
  32              		.cfi_startproc
  33              		@ args = 0, pretend = 0, frame = 0
  34              		@ frame_needed = 0, uses_anonymous_args = 0
  35 0000 08B5     		push	{r3, lr}
  36              		.cfi_def_cfa_offset 8
  37              		.cfi_offset 3, -8
  38              		.cfi_offset 14, -4
  39              		.loc 1 29 0
  40 0002 0121     		movs	r1, #1
  41 0004 0348     		ldr	r0, .L3
  42 0006 FFF7FEFF 		bl	TIM_ClearITPendingBit
  43              	.LVL0:
  44              		.loc 1 32 0
  45 000a BDE80840 		pop	{r3, lr}
  46              		.cfi_restore 14
  47              		.cfi_restore 3
  48              		.cfi_def_cfa_offset 0
  49              		.loc 1 31 0
  50 000e FFF7FEBF 		b	_port_irq_epilogue
  51              	.LVL1:
  52              	.L4:
  53 0012 00BF     		.align	2
  54              	.L3:
  55 0014 00140040 		.word	1073746944
  56              		.cfi_endproc
  57              	.LFE257:
ARM GAS  C:\Users\ADMINI~1\AppData\Local\Temp\ccMfayNk.s 			page 2


  58              		.size	Vector11C, .-Vector11C
  59              		.section	.text.VectorE0,"ax",%progbits
  60              		.align	2
  61              		.p2align 4,,15
  62              		.global	VectorE0
  63              		.thumb
  64              		.thumb_func
  65              		.type	VectorE0, %function
  66              	VectorE0:
  67              	.LFB258:
  68              		.loc 1 41 0
  69              		.cfi_startproc
  70              		@ args = 0, pretend = 0, frame = 0
  71              		@ frame_needed = 0, uses_anonymous_args = 0
  72 0000 08B5     		push	{r3, lr}
  73              		.cfi_def_cfa_offset 8
  74              		.cfi_offset 3, -8
  75              		.cfi_offset 14, -4
  76              		.loc 1 42 0
  77 0002 4FF40060 		mov	r0, #2048
  78 0006 FFF7FEFF 		bl	EXTI_GetITStatus
  79              	.LVL2:
  80 000a 00B9     		cbnz	r0, .L9
  81 000c 08BD     		pop	{r3, pc}
  82              	.L9:
  83              		.loc 1 44 0
  84 000e 044B     		ldr	r3, .L10
  85 0010 0022     		movs	r2, #0
  86 0012 5A62     		str	r2, [r3, #36]
  87              		.loc 1 47 0
  88 0014 4FF40060 		mov	r0, #2048
  89              		.loc 1 49 0
  90 0018 BDE80840 		pop	{r3, lr}
  91              		.cfi_restore 14
  92              		.cfi_restore 3
  93              		.cfi_def_cfa_offset 0
  94              		.loc 1 47 0
  95 001c FFF7FEBF 		b	EXTI_ClearITPendingBit
  96              	.LVL3:
  97              	.L11:
  98              		.align	2
  99              	.L10:
 100 0020 00080040 		.word	1073743872
 101              		.cfi_endproc
 102              	.LFE258:
 103              		.size	VectorE0, .-VectorE0
 104              		.text
 105              	.Letext0:
 106              		.file 2 "c:\\program files (x86)\\gnu tools arm embedded\\5.3 2016q1\\arm-none-eabi\\include\\mach
 107              		.file 3 "c:\\program files (x86)\\gnu tools arm embedded\\5.3 2016q1\\arm-none-eabi\\include\\sys\
 108              		.file 4 "lib/ChibiOS_3.0.2/os/rt/ports/ARMCMx/compilers/GCC/chtypes.h"
 109              		.file 5 "lib/ChibiOS_3.0.2/os/rt/include/chsystypes.h"
 110              		.file 6 "lib/ChibiOS_3.0.2/os/rt/include/chschd.h"
 111              		.file 7 "lib/ChibiOS_3.0.2/os/ext/CMSIS/ST/stm32f407xx.h"
 112              		.file 8 "lib/ChibiOS_3.0.2/os/rt/ports/ARMCMx/chcore.h"
 113              		.file 9 "lib/ChibiOS_3.0.2/os/rt/ports/ARMCMx/chcore_v7m.h"
 114              		.file 10 "lib/ChibiOS_3.0.2/os/rt/include/chtm.h"
ARM GAS  C:\Users\ADMINI~1\AppData\Local\Temp\ccMfayNk.s 			page 3


 115              		.file 11 "lib/ChibiOS_3.0.2/os/rt/include/chsem.h"
 116              		.file 12 "lib/ChibiOS_3.0.2/os/rt/include/chmtx.h"
 117              		.file 13 "lib/ChibiOS_3.0.2/ext/stdperiph_stm32f4/inc/stm32f4xx_tim.h"
 118              		.file 14 "lib/ChibiOS_3.0.2/ext/stdperiph_stm32f4/inc/stm32f4xx_exti.h"
 119              		.file 15 "lib/ChibiOS_3.0.2/os/ext/CMSIS/ST/stm32f4xx.h"
 120              		.file 16 "lib/ChibiOS_3.0.2/os/ext/CMSIS/include/core_cm4.h"
 121              		.section	.debug_info,"",%progbits
 122              	.Ldebug_info0:
 123 0000 37090000 		.4byte	0x937
 124 0004 0400     		.2byte	0x4
 125 0006 00000000 		.4byte	.Ldebug_abbrev0
 126 000a 04       		.byte	0x4
 127 000b 01       		.uleb128 0x1
 128 000c 74010000 		.4byte	.LASF130
 129 0010 0C       		.byte	0xc
 130 0011 06060000 		.4byte	.LASF131
 131 0015 13040000 		.4byte	.LASF132
 132 0019 00000000 		.4byte	.Ldebug_ranges0+0
 133 001d 00000000 		.4byte	0
 134 0021 00000000 		.4byte	.Ldebug_line0
 135 0025 02       		.uleb128 0x2
 136 0026 04       		.byte	0x4
 137 0027 05       		.byte	0x5
 138 0028 696E7400 		.ascii	"int\000"
 139 002c 03       		.uleb128 0x3
 140 002d 04       		.byte	0x4
 141 002e 07       		.byte	0x7
 142 002f C6020000 		.4byte	.LASF0
 143 0033 03       		.uleb128 0x3
 144 0034 01       		.byte	0x1
 145 0035 06       		.byte	0x6
 146 0036 CD000000 		.4byte	.LASF1
 147 003a 04       		.uleb128 0x4
 148 003b 28000000 		.4byte	.LASF4
 149 003f 02       		.byte	0x2
 150 0040 1D       		.byte	0x1d
 151 0041 45000000 		.4byte	0x45
 152 0045 03       		.uleb128 0x3
 153 0046 01       		.byte	0x1
 154 0047 08       		.byte	0x8
 155 0048 7A040000 		.4byte	.LASF2
 156 004c 03       		.uleb128 0x3
 157 004d 02       		.byte	0x2
 158 004e 05       		.byte	0x5
 159 004f 92040000 		.4byte	.LASF3
 160 0053 04       		.uleb128 0x4
 161 0054 4D050000 		.4byte	.LASF5
 162 0058 02       		.byte	0x2
 163 0059 2B       		.byte	0x2b
 164 005a 5E000000 		.4byte	0x5e
 165 005e 03       		.uleb128 0x3
 166 005f 02       		.byte	0x2
 167 0060 07       		.byte	0x7
 168 0061 08030000 		.4byte	.LASF6
 169 0065 04       		.uleb128 0x4
 170 0066 59030000 		.4byte	.LASF7
 171 006a 02       		.byte	0x2
ARM GAS  C:\Users\ADMINI~1\AppData\Local\Temp\ccMfayNk.s 			page 4


 172 006b 3F       		.byte	0x3f
 173 006c 70000000 		.4byte	0x70
 174 0070 03       		.uleb128 0x3
 175 0071 04       		.byte	0x4
 176 0072 05       		.byte	0x5
 177 0073 27010000 		.4byte	.LASF8
 178 0077 04       		.uleb128 0x4
 179 0078 8B050000 		.4byte	.LASF9
 180 007c 02       		.byte	0x2
 181 007d 41       		.byte	0x41
 182 007e 82000000 		.4byte	0x82
 183 0082 03       		.uleb128 0x3
 184 0083 04       		.byte	0x4
 185 0084 07       		.byte	0x7
 186 0085 D9000000 		.4byte	.LASF10
 187 0089 03       		.uleb128 0x3
 188 008a 08       		.byte	0x8
 189 008b 05       		.byte	0x5
 190 008c BF000000 		.4byte	.LASF11
 191 0090 04       		.uleb128 0x4
 192 0091 FA030000 		.4byte	.LASF12
 193 0095 02       		.byte	0x2
 194 0096 5B       		.byte	0x5b
 195 0097 9B000000 		.4byte	0x9b
 196 009b 03       		.uleb128 0x3
 197 009c 08       		.byte	0x8
 198 009d 07       		.byte	0x7
 199 009e 51000000 		.4byte	.LASF13
 200 00a2 04       		.uleb128 0x4
 201 00a3 FE050000 		.4byte	.LASF14
 202 00a7 03       		.byte	0x3
 203 00a8 14       		.byte	0x14
 204 00a9 3A000000 		.4byte	0x3a
 205 00ad 04       		.uleb128 0x4
 206 00ae 39010000 		.4byte	.LASF15
 207 00b2 03       		.byte	0x3
 208 00b3 1A       		.byte	0x1a
 209 00b4 53000000 		.4byte	0x53
 210 00b8 04       		.uleb128 0x4
 211 00b9 72040000 		.4byte	.LASF16
 212 00bd 03       		.byte	0x3
 213 00be 1F       		.byte	0x1f
 214 00bf 65000000 		.4byte	0x65
 215 00c3 04       		.uleb128 0x4
 216 00c4 04050000 		.4byte	.LASF17
 217 00c8 03       		.byte	0x3
 218 00c9 20       		.byte	0x20
 219 00ca 77000000 		.4byte	0x77
 220 00ce 04       		.uleb128 0x4
 221 00cf 1F000000 		.4byte	.LASF18
 222 00d3 03       		.byte	0x3
 223 00d4 26       		.byte	0x26
 224 00d5 90000000 		.4byte	0x90
 225 00d9 05       		.uleb128 0x5
 226 00da B8000000 		.4byte	0xb8
 227 00de 05       		.uleb128 0x5
 228 00df C3000000 		.4byte	0xc3
ARM GAS  C:\Users\ADMINI~1\AppData\Local\Temp\ccMfayNk.s 			page 5


 229 00e3 04       		.uleb128 0x4
 230 00e4 84030000 		.4byte	.LASF19
 231 00e8 04       		.byte	0x4
 232 00e9 45       		.byte	0x45
 233 00ea C3000000 		.4byte	0xc3
 234 00ee 04       		.uleb128 0x4
 235 00ef 37030000 		.4byte	.LASF20
 236 00f3 04       		.byte	0x4
 237 00f4 48       		.byte	0x48
 238 00f5 A2000000 		.4byte	0xa2
 239 00f9 04       		.uleb128 0x4
 240 00fa 30010000 		.4byte	.LASF21
 241 00fe 04       		.byte	0x4
 242 00ff 49       		.byte	0x49
 243 0100 A2000000 		.4byte	0xa2
 244 0104 04       		.uleb128 0x4
 245 0105 0B040000 		.4byte	.LASF22
 246 0109 04       		.byte	0x4
 247 010a 4A       		.byte	0x4a
 248 010b A2000000 		.4byte	0xa2
 249 010f 04       		.uleb128 0x4
 250 0110 13010000 		.4byte	.LASF23
 251 0114 04       		.byte	0x4
 252 0115 4B       		.byte	0x4b
 253 0116 A2000000 		.4byte	0xa2
 254 011a 04       		.uleb128 0x4
 255 011b 54040000 		.4byte	.LASF24
 256 011f 04       		.byte	0x4
 257 0120 4C       		.byte	0x4c
 258 0121 C3000000 		.4byte	0xc3
 259 0125 04       		.uleb128 0x4
 260 0126 25030000 		.4byte	.LASF25
 261 012a 04       		.byte	0x4
 262 012b 4D       		.byte	0x4d
 263 012c B8000000 		.4byte	0xb8
 264 0130 04       		.uleb128 0x4
 265 0131 4D030000 		.4byte	.LASF26
 266 0135 04       		.byte	0x4
 267 0136 4F       		.byte	0x4f
 268 0137 C3000000 		.4byte	0xc3
 269 013b 04       		.uleb128 0x4
 270 013c BE030000 		.4byte	.LASF27
 271 0140 04       		.byte	0x4
 272 0141 51       		.byte	0x51
 273 0142 B8000000 		.4byte	0xb8
 274 0146 04       		.uleb128 0x4
 275 0147 6D050000 		.4byte	.LASF28
 276 014b 05       		.byte	0x5
 277 014c 33       		.byte	0x33
 278 014d C3000000 		.4byte	0xc3
 279 0151 04       		.uleb128 0x4
 280 0152 58050000 		.4byte	.LASF29
 281 0156 05       		.byte	0x5
 282 0157 3F       		.byte	0x3f
 283 0158 5C010000 		.4byte	0x15c
 284 015c 06       		.uleb128 0x6
 285 015d 1B030000 		.4byte	.LASF51
ARM GAS  C:\Users\ADMINI~1\AppData\Local\Temp\ccMfayNk.s 			page 6


 286 0161 48       		.byte	0x48
 287 0162 06       		.byte	0x6
 288 0163 C2       		.byte	0xc2
 289 0164 61020000 		.4byte	0x261
 290 0168 07       		.uleb128 0x7
 291 0169 BC040000 		.4byte	.LASF30
 292 016d 06       		.byte	0x6
 293 016e C3       		.byte	0xc3
 294 016f 6C020000 		.4byte	0x26c
 295 0173 00       		.byte	0
 296 0174 07       		.uleb128 0x7
 297 0175 47040000 		.4byte	.LASF31
 298 0179 06       		.byte	0x6
 299 017a C5       		.byte	0xc5
 300 017b 6C020000 		.4byte	0x26c
 301 017f 04       		.byte	0x4
 302 0180 07       		.uleb128 0x7
 303 0181 AC000000 		.4byte	.LASF32
 304 0185 06       		.byte	0x6
 305 0186 C7       		.byte	0xc7
 306 0187 1A010000 		.4byte	0x11a
 307 018b 08       		.byte	0x8
 308 018c 07       		.uleb128 0x7
 309 018d 64060000 		.4byte	.LASF33
 310 0191 06       		.byte	0x6
 311 0192 C8       		.byte	0xc8
 312 0193 DA050000 		.4byte	0x5da
 313 0197 0C       		.byte	0xc
 314 0198 07       		.uleb128 0x7
 315 0199 42010000 		.4byte	.LASF34
 316 019d 06       		.byte	0x6
 317 019e CA       		.byte	0xca
 318 019f 6C020000 		.4byte	0x26c
 319 01a3 10       		.byte	0x10
 320 01a4 07       		.uleb128 0x7
 321 01a5 C4030000 		.4byte	.LASF35
 322 01a9 06       		.byte	0x6
 323 01aa CB       		.byte	0xcb
 324 01ab 6C020000 		.4byte	0x26c
 325 01af 14       		.byte	0x14
 326 01b0 07       		.uleb128 0x7
 327 01b1 30060000 		.4byte	.LASF36
 328 01b5 06       		.byte	0x6
 329 01b6 D2       		.byte	0xd2
 330 01b7 1F080000 		.4byte	0x81f
 331 01bb 18       		.byte	0x18
 332 01bc 07       		.uleb128 0x7
 333 01bd 9C040000 		.4byte	.LASF37
 334 01c1 06       		.byte	0x6
 335 01c2 DD       		.byte	0xdd
 336 01c3 F9000000 		.4byte	0xf9
 337 01c7 1C       		.byte	0x1c
 338 01c8 07       		.uleb128 0x7
 339 01c9 C3040000 		.4byte	.LASF38
 340 01cd 06       		.byte	0x6
 341 01ce E1       		.byte	0xe1
 342 01cf EE000000 		.4byte	0xee
ARM GAS  C:\Users\ADMINI~1\AppData\Local\Temp\ccMfayNk.s 			page 7


 343 01d3 1D       		.byte	0x1d
 344 01d4 07       		.uleb128 0x7
 345 01d5 DE050000 		.4byte	.LASF39
 346 01d9 06       		.byte	0x6
 347 01da E6       		.byte	0xe6
 348 01db 04010000 		.4byte	0x104
 349 01df 1E       		.byte	0x1e
 350 01e0 07       		.uleb128 0x7
 351 01e1 A4040000 		.4byte	.LASF40
 352 01e5 06       		.byte	0x6
 353 01e6 EC       		.byte	0xec
 354 01e7 0F010000 		.4byte	0x10f
 355 01eb 1F       		.byte	0x1f
 356 01ec 07       		.uleb128 0x7
 357 01ed A7050000 		.4byte	.LASF41
 358 01f1 06       		.byte	0x6
 359 01f2 F3       		.byte	0xf3
 360 01f3 31080000 		.4byte	0x831
 361 01f7 20       		.byte	0x20
 362 01f8 08       		.uleb128 0x8
 363 01f9 705F7500 		.ascii	"p_u\000"
 364 01fd 06       		.byte	0x6
 365 01fe 3101     		.2byte	0x131
 366 0200 5A070000 		.4byte	0x75a
 367 0204 24       		.byte	0x24
 368 0205 09       		.uleb128 0x9
 369 0206 6A060000 		.4byte	.LASF42
 370 020a 06       		.byte	0x6
 371 020b 3601     		.2byte	0x136
 372 020d 72020000 		.4byte	0x272
 373 0211 28       		.byte	0x28
 374 0212 09       		.uleb128 0x9
 375 0213 B8050000 		.4byte	.LASF43
 376 0217 06       		.byte	0x6
 377 0218 3C01     		.2byte	0x13c
 378 021a 96020000 		.4byte	0x296
 379 021e 2C       		.byte	0x2c
 380 021f 09       		.uleb128 0x9
 381 0220 46060000 		.4byte	.LASF44
 382 0224 06       		.byte	0x6
 383 0225 4001     		.2byte	0x140
 384 0227 25010000 		.4byte	0x125
 385 022b 34       		.byte	0x34
 386 022c 09       		.uleb128 0x9
 387 022d F9040000 		.4byte	.LASF45
 388 0231 06       		.byte	0x6
 389 0232 4601     		.2byte	0x146
 390 0234 30010000 		.4byte	0x130
 391 0238 38       		.byte	0x38
 392 0239 09       		.uleb128 0x9
 393 023a 88040000 		.4byte	.LASF46
 394 023e 06       		.byte	0x6
 395 023f 4D01     		.2byte	0x14d
 396 0241 19080000 		.4byte	0x819
 397 0245 3C       		.byte	0x3c
 398 0246 09       		.uleb128 0x9
 399 0247 77050000 		.4byte	.LASF47
ARM GAS  C:\Users\ADMINI~1\AppData\Local\Temp\ccMfayNk.s 			page 8


 400 024b 06       		.byte	0x6
 401 024c 5101     		.2byte	0x151
 402 024e 1A010000 		.4byte	0x11a
 403 0252 40       		.byte	0x40
 404 0253 09       		.uleb128 0x9
 405 0254 EB000000 		.4byte	.LASF48
 406 0258 06       		.byte	0x6
 407 0259 5801     		.2byte	0x158
 408 025b 49030000 		.4byte	0x349
 409 025f 44       		.byte	0x44
 410 0260 00       		.byte	0
 411 0261 04       		.uleb128 0x4
 412 0262 8C030000 		.4byte	.LASF49
 413 0266 05       		.byte	0x5
 414 0267 44       		.byte	0x44
 415 0268 6C020000 		.4byte	0x26c
 416 026c 0A       		.uleb128 0xa
 417 026d 04       		.byte	0x4
 418 026e 51010000 		.4byte	0x151
 419 0272 04       		.uleb128 0x4
 420 0273 37060000 		.4byte	.LASF50
 421 0277 05       		.byte	0x5
 422 0278 49       		.byte	0x49
 423 0279 7D020000 		.4byte	0x27d
 424 027d 06       		.uleb128 0x6
 425 027e 27050000 		.4byte	.LASF52
 426 0282 04       		.byte	0x4
 427 0283 06       		.byte	0x6
 428 0284 B0       		.byte	0xb0
 429 0285 96020000 		.4byte	0x296
 430 0289 07       		.uleb128 0x7
 431 028a BC040000 		.4byte	.LASF30
 432 028e 06       		.byte	0x6
 433 028f B1       		.byte	0xb1
 434 0290 6C020000 		.4byte	0x26c
 435 0294 00       		.byte	0
 436 0295 00       		.byte	0
 437 0296 04       		.uleb128 0x4
 438 0297 CB040000 		.4byte	.LASF53
 439 029b 05       		.byte	0x5
 440 029c 50       		.byte	0x50
 441 029d A1020000 		.4byte	0x2a1
 442 02a1 06       		.uleb128 0x6
 443 02a2 9B000000 		.4byte	.LASF54
 444 02a6 08       		.byte	0x8
 445 02a7 06       		.byte	0x6
 446 02a8 B7       		.byte	0xb7
 447 02a9 C6020000 		.4byte	0x2c6
 448 02ad 07       		.uleb128 0x7
 449 02ae BC040000 		.4byte	.LASF30
 450 02b2 06       		.byte	0x6
 451 02b3 B8       		.byte	0xb8
 452 02b4 6C020000 		.4byte	0x26c
 453 02b8 00       		.byte	0
 454 02b9 07       		.uleb128 0x7
 455 02ba 47040000 		.4byte	.LASF31
 456 02be 06       		.byte	0x6
ARM GAS  C:\Users\ADMINI~1\AppData\Local\Temp\ccMfayNk.s 			page 9


 457 02bf B9       		.byte	0xb9
 458 02c0 6C020000 		.4byte	0x26c
 459 02c4 04       		.byte	0x4
 460 02c5 00       		.byte	0
 461 02c6 04       		.uleb128 0x4
 462 02c7 00000000 		.4byte	.LASF55
 463 02cb 05       		.byte	0x5
 464 02cc 57       		.byte	0x57
 465 02cd D1020000 		.4byte	0x2d1
 466 02d1 0B       		.uleb128 0xb
 467 02d2 3F030000 		.4byte	.LASF56
 468 02d6 1C       		.byte	0x1c
 469 02d7 06       		.byte	0x6
 470 02d8 9001     		.2byte	0x190
 471 02da 2D030000 		.4byte	0x32d
 472 02de 09       		.uleb128 0x9
 473 02df 14050000 		.4byte	.LASF57
 474 02e3 06       		.byte	0x6
 475 02e4 9101     		.2byte	0x191
 476 02e6 96020000 		.4byte	0x296
 477 02ea 00       		.byte	0
 478 02eb 09       		.uleb128 0x9
 479 02ec AE040000 		.4byte	.LASF58
 480 02f0 06       		.byte	0x6
 481 02f1 9201     		.2byte	0x192
 482 02f3 1A010000 		.4byte	0x11a
 483 02f7 08       		.byte	0x8
 484 02f8 09       		.uleb128 0x9
 485 02f9 CC030000 		.4byte	.LASF59
 486 02fd 06       		.byte	0x6
 487 02fe 9401     		.2byte	0x194
 488 0300 DA050000 		.4byte	0x5da
 489 0304 0C       		.byte	0xc
 490 0305 09       		.uleb128 0x9
 491 0306 5B010000 		.4byte	.LASF60
 492 030a 06       		.byte	0x6
 493 030b 9701     		.2byte	0x197
 494 030d 6C020000 		.4byte	0x26c
 495 0311 10       		.byte	0x10
 496 0312 09       		.uleb128 0x9
 497 0313 ED030000 		.4byte	.LASF61
 498 0317 06       		.byte	0x6
 499 0318 9801     		.2byte	0x198
 500 031a 6C020000 		.4byte	0x26c
 501 031e 14       		.byte	0x14
 502 031f 09       		.uleb128 0x9
 503 0320 E3030000 		.4byte	.LASF62
 504 0324 06       		.byte	0x6
 505 0325 9B01     		.2byte	0x19b
 506 0327 6C020000 		.4byte	0x26c
 507 032b 18       		.byte	0x18
 508 032c 00       		.byte	0
 509 032d 04       		.uleb128 0x4
 510 032e 82050000 		.4byte	.LASF63
 511 0332 05       		.byte	0x5
 512 0333 5C       		.byte	0x5c
 513 0334 38030000 		.4byte	0x338
ARM GAS  C:\Users\ADMINI~1\AppData\Local\Temp\ccMfayNk.s 			page 10


 514 0338 0A       		.uleb128 0xa
 515 0339 04       		.byte	0x4
 516 033a 3E030000 		.4byte	0x33e
 517 033e 0C       		.uleb128 0xc
 518 033f 49030000 		.4byte	0x349
 519 0343 0D       		.uleb128 0xd
 520 0344 49030000 		.4byte	0x349
 521 0348 00       		.byte	0
 522 0349 0E       		.uleb128 0xe
 523 034a 04       		.byte	0x4
 524 034b 04       		.uleb128 0x4
 525 034c 37040000 		.4byte	.LASF64
 526 0350 05       		.byte	0x5
 527 0351 61       		.byte	0x61
 528 0352 56030000 		.4byte	0x356
 529 0356 0B       		.uleb128 0xb
 530 0357 DB040000 		.4byte	.LASF65
 531 035b 14       		.byte	0x14
 532 035c 06       		.byte	0x6
 533 035d 6B01     		.2byte	0x16b
 534 035f A5030000 		.4byte	0x3a5
 535 0363 09       		.uleb128 0x9
 536 0364 D3020000 		.4byte	.LASF66
 537 0368 06       		.byte	0x6
 538 0369 6C01     		.2byte	0x16c
 539 036b 36080000 		.4byte	0x836
 540 036f 00       		.byte	0
 541 0370 09       		.uleb128 0x9
 542 0371 6C010000 		.4byte	.LASF67
 543 0375 06       		.byte	0x6
 544 0376 6D01     		.2byte	0x16d
 545 0378 36080000 		.4byte	0x836
 546 037c 04       		.byte	0x4
 547 037d 09       		.uleb128 0x9
 548 037e E2020000 		.4byte	.LASF68
 549 0382 06       		.byte	0x6
 550 0383 6E01     		.2byte	0x16e
 551 0385 46010000 		.4byte	0x146
 552 0389 08       		.byte	0x8
 553 038a 09       		.uleb128 0x9
 554 038b B6030000 		.4byte	.LASF69
 555 038f 06       		.byte	0x6
 556 0390 6F01     		.2byte	0x16f
 557 0392 2D030000 		.4byte	0x32d
 558 0396 0C       		.byte	0xc
 559 0397 09       		.uleb128 0x9
 560 0398 C3050000 		.4byte	.LASF70
 561 039c 06       		.byte	0x6
 562 039d 7101     		.2byte	0x171
 563 039f 49030000 		.4byte	0x349
 564 03a3 10       		.byte	0x10
 565 03a4 00       		.byte	0
 566 03a5 04       		.uleb128 0x4
 567 03a6 73000000 		.4byte	.LASF71
 568 03aa 05       		.byte	0x5
 569 03ab 66       		.byte	0x66
 570 03ac B0030000 		.4byte	0x3b0
ARM GAS  C:\Users\ADMINI~1\AppData\Local\Temp\ccMfayNk.s 			page 11


 571 03b0 0B       		.uleb128 0xb
 572 03b1 9F030000 		.4byte	.LASF72
 573 03b5 10       		.byte	0x10
 574 03b6 06       		.byte	0x6
 575 03b7 7B01     		.2byte	0x17b
 576 03b9 F2030000 		.4byte	0x3f2
 577 03bd 09       		.uleb128 0x9
 578 03be D3020000 		.4byte	.LASF66
 579 03c2 06       		.byte	0x6
 580 03c3 7C01     		.2byte	0x17c
 581 03c5 36080000 		.4byte	0x836
 582 03c9 00       		.byte	0
 583 03ca 09       		.uleb128 0x9
 584 03cb 6C010000 		.4byte	.LASF67
 585 03cf 06       		.byte	0x6
 586 03d0 7E01     		.2byte	0x17e
 587 03d2 36080000 		.4byte	0x836
 588 03d6 04       		.byte	0x4
 589 03d7 09       		.uleb128 0x9
 590 03d8 E2020000 		.4byte	.LASF68
 591 03dc 06       		.byte	0x6
 592 03dd 8001     		.2byte	0x180
 593 03df 46010000 		.4byte	0x146
 594 03e3 08       		.byte	0x8
 595 03e4 09       		.uleb128 0x9
 596 03e5 1C050000 		.4byte	.LASF73
 597 03e9 06       		.byte	0x6
 598 03ea 8201     		.2byte	0x182
 599 03ec 31080000 		.4byte	0x831
 600 03f0 0C       		.byte	0xc
 601 03f1 00       		.byte	0
 602 03f2 04       		.uleb128 0x4
 603 03f3 EB020000 		.4byte	.LASF74
 604 03f7 05       		.byte	0x5
 605 03f8 6B       		.byte	0x6b
 606 03f9 FD030000 		.4byte	0x3fd
 607 03fd 0B       		.uleb128 0xb
 608 03fe 5C040000 		.4byte	.LASF75
 609 0402 04       		.byte	0x4
 610 0403 06       		.byte	0x6
 611 0404 A201     		.2byte	0x1a2
 612 0406 18040000 		.4byte	0x418
 613 040a 09       		.uleb128 0x9
 614 040b 96050000 		.4byte	.LASF76
 615 040f 06       		.byte	0x6
 616 0410 AA01     		.2byte	0x1aa
 617 0412 3C080000 		.4byte	0x83c
 618 0416 00       		.byte	0
 619 0417 00       		.byte	0
 620 0418 04       		.uleb128 0x4
 621 0419 2B030000 		.4byte	.LASF77
 622 041d 05       		.byte	0x5
 623 041e 70       		.byte	0x70
 624 041f 23040000 		.4byte	0x423
 625 0423 0F       		.uleb128 0xf
 626 0424 1D010000 		.4byte	.LASF78
 627 0428 5802     		.2byte	0x258
ARM GAS  C:\Users\ADMINI~1\AppData\Local\Temp\ccMfayNk.s 			page 12


 628 042a 06       		.byte	0x6
 629 042b C201     		.2byte	0x1c2
 630 042d 7F040000 		.4byte	0x47f
 631 0431 09       		.uleb128 0x9
 632 0432 F8050000 		.4byte	.LASF79
 633 0436 06       		.byte	0x6
 634 0437 C601     		.2byte	0x1c6
 635 0439 C6020000 		.4byte	0x2c6
 636 043d 00       		.byte	0
 637 043e 09       		.uleb128 0x9
 638 043f 3E000000 		.4byte	.LASF80
 639 0443 06       		.byte	0x6
 640 0444 CA01     		.2byte	0x1ca
 641 0446 A5030000 		.4byte	0x3a5
 642 044a 1C       		.byte	0x1c
 643 044b 08       		.uleb128 0x8
 644 044c 64626700 		.ascii	"dbg\000"
 645 0450 06       		.byte	0x6
 646 0451 CE01     		.2byte	0x1ce
 647 0453 F2030000 		.4byte	0x3f2
 648 0457 2C       		.byte	0x2c
 649 0458 09       		.uleb128 0x9
 650 0459 68000000 		.4byte	.LASF81
 651 045d 06       		.byte	0x6
 652 045e D201     		.2byte	0x1d2
 653 0460 51010000 		.4byte	0x151
 654 0464 30       		.byte	0x30
 655 0465 08       		.uleb128 0x8
 656 0466 746D00   		.ascii	"tm\000"
 657 0469 06       		.byte	0x6
 658 046a D701     		.2byte	0x1d7
 659 046c 4F070000 		.4byte	0x74f
 660 0470 78       		.byte	0x78
 661 0471 09       		.uleb128 0x9
 662 0472 A0020000 		.4byte	.LASF82
 663 0476 06       		.byte	0x6
 664 0477 E301     		.2byte	0x1e3
 665 0479 41080000 		.4byte	0x841
 666 047d 80       		.byte	0x80
 667 047e 00       		.byte	0
 668 047f 03       		.uleb128 0x3
 669 0480 04       		.byte	0x4
 670 0481 07       		.byte	0x7
 671 0482 1E060000 		.4byte	.LASF83
 672 0486 10       		.uleb128 0x10
 673 0487 54       		.byte	0x54
 674 0488 07       		.byte	0x7
 675 0489 EC02     		.2byte	0x2ec
 676 048b 9F050000 		.4byte	0x59f
 677 048f 08       		.uleb128 0x8
 678 0490 43523100 		.ascii	"CR1\000"
 679 0494 07       		.byte	0x7
 680 0495 EE02     		.2byte	0x2ee
 681 0497 DE000000 		.4byte	0xde
 682 049b 00       		.byte	0
 683 049c 08       		.uleb128 0x8
 684 049d 43523200 		.ascii	"CR2\000"
ARM GAS  C:\Users\ADMINI~1\AppData\Local\Temp\ccMfayNk.s 			page 13


 685 04a1 07       		.byte	0x7
 686 04a2 EF02     		.2byte	0x2ef
 687 04a4 DE000000 		.4byte	0xde
 688 04a8 04       		.byte	0x4
 689 04a9 09       		.uleb128 0x9
 690 04aa 48050000 		.4byte	.LASF84
 691 04ae 07       		.byte	0x7
 692 04af F002     		.2byte	0x2f0
 693 04b1 DE000000 		.4byte	0xde
 694 04b5 08       		.byte	0x8
 695 04b6 09       		.uleb128 0x9
 696 04b7 0D000000 		.4byte	.LASF85
 697 04bb 07       		.byte	0x7
 698 04bc F102     		.2byte	0x2f1
 699 04be DE000000 		.4byte	0xde
 700 04c2 0C       		.byte	0xc
 701 04c3 08       		.uleb128 0x8
 702 04c4 535200   		.ascii	"SR\000"
 703 04c7 07       		.byte	0x7
 704 04c8 F202     		.2byte	0x2f2
 705 04ca DE000000 		.4byte	0xde
 706 04ce 10       		.byte	0x10
 707 04cf 08       		.uleb128 0x8
 708 04d0 45475200 		.ascii	"EGR\000"
 709 04d4 07       		.byte	0x7
 710 04d5 F302     		.2byte	0x2f3
 711 04d7 DE000000 		.4byte	0xde
 712 04db 14       		.byte	0x14
 713 04dc 09       		.uleb128 0x9
 714 04dd B3000000 		.4byte	.LASF86
 715 04e1 07       		.byte	0x7
 716 04e2 F402     		.2byte	0x2f4
 717 04e4 DE000000 		.4byte	0xde
 718 04e8 18       		.byte	0x18
 719 04e9 09       		.uleb128 0x9
 720 04ea B9000000 		.4byte	.LASF87
 721 04ee 07       		.byte	0x7
 722 04ef F502     		.2byte	0x2f5
 723 04f1 DE000000 		.4byte	0xde
 724 04f5 1C       		.byte	0x1c
 725 04f6 09       		.uleb128 0x9
 726 04f7 61050000 		.4byte	.LASF88
 727 04fb 07       		.byte	0x7
 728 04fc F602     		.2byte	0x2f6
 729 04fe DE000000 		.4byte	0xde
 730 0502 20       		.byte	0x20
 731 0503 08       		.uleb128 0x8
 732 0504 434E5400 		.ascii	"CNT\000"
 733 0508 07       		.byte	0x7
 734 0509 F702     		.2byte	0x2f7
 735 050b DE000000 		.4byte	0xde
 736 050f 24       		.byte	0x24
 737 0510 08       		.uleb128 0x8
 738 0511 50534300 		.ascii	"PSC\000"
 739 0515 07       		.byte	0x7
 740 0516 F802     		.2byte	0x2f8
 741 0518 DE000000 		.4byte	0xde
ARM GAS  C:\Users\ADMINI~1\AppData\Local\Temp\ccMfayNk.s 			page 14


 742 051c 28       		.byte	0x28
 743 051d 08       		.uleb128 0x8
 744 051e 41525200 		.ascii	"ARR\000"
 745 0522 07       		.byte	0x7
 746 0523 F902     		.2byte	0x2f9
 747 0525 DE000000 		.4byte	0xde
 748 0529 2C       		.byte	0x2c
 749 052a 08       		.uleb128 0x8
 750 052b 52435200 		.ascii	"RCR\000"
 751 052f 07       		.byte	0x7
 752 0530 FA02     		.2byte	0x2fa
 753 0532 DE000000 		.4byte	0xde
 754 0536 30       		.byte	0x30
 755 0537 09       		.uleb128 0x9
 756 0538 CA050000 		.4byte	.LASF89
 757 053c 07       		.byte	0x7
 758 053d FB02     		.2byte	0x2fb
 759 053f DE000000 		.4byte	0xde
 760 0543 34       		.byte	0x34
 761 0544 09       		.uleb128 0x9
 762 0545 CF050000 		.4byte	.LASF90
 763 0549 07       		.byte	0x7
 764 054a FC02     		.2byte	0x2fc
 765 054c DE000000 		.4byte	0xde
 766 0550 38       		.byte	0x38
 767 0551 09       		.uleb128 0x9
 768 0552 D4050000 		.4byte	.LASF91
 769 0556 07       		.byte	0x7
 770 0557 FD02     		.2byte	0x2fd
 771 0559 DE000000 		.4byte	0xde
 772 055d 3C       		.byte	0x3c
 773 055e 09       		.uleb128 0x9
 774 055f D9050000 		.4byte	.LASF92
 775 0563 07       		.byte	0x7
 776 0564 FE02     		.2byte	0x2fe
 777 0566 DE000000 		.4byte	0xde
 778 056a 40       		.byte	0x40
 779 056b 09       		.uleb128 0x9
 780 056c 96000000 		.4byte	.LASF93
 781 0570 07       		.byte	0x7
 782 0571 FF02     		.2byte	0x2ff
 783 0573 DE000000 		.4byte	0xde
 784 0577 44       		.byte	0x44
 785 0578 08       		.uleb128 0x8
 786 0579 44435200 		.ascii	"DCR\000"
 787 057d 07       		.byte	0x7
 788 057e 0003     		.2byte	0x300
 789 0580 DE000000 		.4byte	0xde
 790 0584 48       		.byte	0x48
 791 0585 09       		.uleb128 0x9
 792 0586 F5030000 		.4byte	.LASF94
 793 058a 07       		.byte	0x7
 794 058b 0103     		.2byte	0x301
 795 058d DE000000 		.4byte	0xde
 796 0591 4C       		.byte	0x4c
 797 0592 08       		.uleb128 0x8
 798 0593 4F5200   		.ascii	"OR\000"
ARM GAS  C:\Users\ADMINI~1\AppData\Local\Temp\ccMfayNk.s 			page 15


 799 0596 07       		.byte	0x7
 800 0597 0203     		.2byte	0x302
 801 0599 DE000000 		.4byte	0xde
 802 059d 50       		.byte	0x50
 803 059e 00       		.byte	0
 804 059f 11       		.uleb128 0x11
 805 05a0 45000000 		.4byte	.LASF95
 806 05a4 07       		.byte	0x7
 807 05a5 0303     		.2byte	0x303
 808 05a7 86040000 		.4byte	0x486
 809 05ab 12       		.uleb128 0x12
 810 05ac 01       		.byte	0x1
 811 05ad 45000000 		.4byte	0x45
 812 05b1 0F       		.byte	0xf
 813 05b2 A2       		.byte	0xa2
 814 05b3 C4050000 		.4byte	0x5c4
 815 05b7 13       		.uleb128 0x13
 816 05b8 4E040000 		.4byte	.LASF96
 817 05bc 00       		.byte	0
 818 05bd 14       		.uleb128 0x14
 819 05be 53455400 		.ascii	"SET\000"
 820 05c2 01       		.byte	0x1
 821 05c3 00       		.byte	0
 822 05c4 04       		.uleb128 0x4
 823 05c5 63010000 		.4byte	.LASF97
 824 05c9 08       		.byte	0x8
 825 05ca 65       		.byte	0x65
 826 05cb 49030000 		.4byte	0x349
 827 05cf 04       		.uleb128 0x4
 828 05d0 63030000 		.4byte	.LASF98
 829 05d4 08       		.byte	0x8
 830 05d5 6D       		.byte	0x6d
 831 05d6 CE000000 		.4byte	0xce
 832 05da 06       		.uleb128 0x6
 833 05db 00030000 		.4byte	.LASF99
 834 05df 04       		.byte	0x4
 835 05e0 08       		.byte	0x8
 836 05e1 89       		.byte	0x89
 837 05e2 F3050000 		.4byte	0x5f3
 838 05e6 15       		.uleb128 0x15
 839 05e7 72313300 		.ascii	"r13\000"
 840 05eb 08       		.byte	0x8
 841 05ec 8A       		.byte	0x8a
 842 05ed 34070000 		.4byte	0x734
 843 05f1 00       		.byte	0
 844 05f2 00       		.byte	0
 845 05f3 06       		.uleb128 0x6
 846 05f4 32000000 		.4byte	.LASF100
 847 05f8 64       		.byte	0x64
 848 05f9 09       		.byte	0x9
 849 05fa F4       		.byte	0xf4
 850 05fb 34070000 		.4byte	0x734
 851 05ff 15       		.uleb128 0x15
 852 0600 73313600 		.ascii	"s16\000"
 853 0604 09       		.byte	0x9
 854 0605 F6       		.byte	0xf6
 855 0606 C4050000 		.4byte	0x5c4
ARM GAS  C:\Users\ADMINI~1\AppData\Local\Temp\ccMfayNk.s 			page 16


 856 060a 00       		.byte	0
 857 060b 15       		.uleb128 0x15
 858 060c 73313700 		.ascii	"s17\000"
 859 0610 09       		.byte	0x9
 860 0611 F7       		.byte	0xf7
 861 0612 C4050000 		.4byte	0x5c4
 862 0616 04       		.byte	0x4
 863 0617 15       		.uleb128 0x15
 864 0618 73313800 		.ascii	"s18\000"
 865 061c 09       		.byte	0x9
 866 061d F8       		.byte	0xf8
 867 061e C4050000 		.4byte	0x5c4
 868 0622 08       		.byte	0x8
 869 0623 15       		.uleb128 0x15
 870 0624 73313900 		.ascii	"s19\000"
 871 0628 09       		.byte	0x9
 872 0629 F9       		.byte	0xf9
 873 062a C4050000 		.4byte	0x5c4
 874 062e 0C       		.byte	0xc
 875 062f 15       		.uleb128 0x15
 876 0630 73323000 		.ascii	"s20\000"
 877 0634 09       		.byte	0x9
 878 0635 FA       		.byte	0xfa
 879 0636 C4050000 		.4byte	0x5c4
 880 063a 10       		.byte	0x10
 881 063b 15       		.uleb128 0x15
 882 063c 73323100 		.ascii	"s21\000"
 883 0640 09       		.byte	0x9
 884 0641 FB       		.byte	0xfb
 885 0642 C4050000 		.4byte	0x5c4
 886 0646 14       		.byte	0x14
 887 0647 15       		.uleb128 0x15
 888 0648 73323200 		.ascii	"s22\000"
 889 064c 09       		.byte	0x9
 890 064d FC       		.byte	0xfc
 891 064e C4050000 		.4byte	0x5c4
 892 0652 18       		.byte	0x18
 893 0653 15       		.uleb128 0x15
 894 0654 73323300 		.ascii	"s23\000"
 895 0658 09       		.byte	0x9
 896 0659 FD       		.byte	0xfd
 897 065a C4050000 		.4byte	0x5c4
 898 065e 1C       		.byte	0x1c
 899 065f 15       		.uleb128 0x15
 900 0660 73323400 		.ascii	"s24\000"
 901 0664 09       		.byte	0x9
 902 0665 FE       		.byte	0xfe
 903 0666 C4050000 		.4byte	0x5c4
 904 066a 20       		.byte	0x20
 905 066b 15       		.uleb128 0x15
 906 066c 73323500 		.ascii	"s25\000"
 907 0670 09       		.byte	0x9
 908 0671 FF       		.byte	0xff
 909 0672 C4050000 		.4byte	0x5c4
 910 0676 24       		.byte	0x24
 911 0677 08       		.uleb128 0x8
 912 0678 73323600 		.ascii	"s26\000"
ARM GAS  C:\Users\ADMINI~1\AppData\Local\Temp\ccMfayNk.s 			page 17


 913 067c 09       		.byte	0x9
 914 067d 0001     		.2byte	0x100
 915 067f C4050000 		.4byte	0x5c4
 916 0683 28       		.byte	0x28
 917 0684 08       		.uleb128 0x8
 918 0685 73323700 		.ascii	"s27\000"
 919 0689 09       		.byte	0x9
 920 068a 0101     		.2byte	0x101
 921 068c C4050000 		.4byte	0x5c4
 922 0690 2C       		.byte	0x2c
 923 0691 08       		.uleb128 0x8
 924 0692 73323800 		.ascii	"s28\000"
 925 0696 09       		.byte	0x9
 926 0697 0201     		.2byte	0x102
 927 0699 C4050000 		.4byte	0x5c4
 928 069d 30       		.byte	0x30
 929 069e 08       		.uleb128 0x8
 930 069f 73323900 		.ascii	"s29\000"
 931 06a3 09       		.byte	0x9
 932 06a4 0301     		.2byte	0x103
 933 06a6 C4050000 		.4byte	0x5c4
 934 06aa 34       		.byte	0x34
 935 06ab 08       		.uleb128 0x8
 936 06ac 73333000 		.ascii	"s30\000"
 937 06b0 09       		.byte	0x9
 938 06b1 0401     		.2byte	0x104
 939 06b3 C4050000 		.4byte	0x5c4
 940 06b7 38       		.byte	0x38
 941 06b8 08       		.uleb128 0x8
 942 06b9 73333100 		.ascii	"s31\000"
 943 06bd 09       		.byte	0x9
 944 06be 0501     		.2byte	0x105
 945 06c0 C4050000 		.4byte	0x5c4
 946 06c4 3C       		.byte	0x3c
 947 06c5 08       		.uleb128 0x8
 948 06c6 723400   		.ascii	"r4\000"
 949 06c9 09       		.byte	0x9
 950 06ca 0701     		.2byte	0x107
 951 06cc C4050000 		.4byte	0x5c4
 952 06d0 40       		.byte	0x40
 953 06d1 08       		.uleb128 0x8
 954 06d2 723500   		.ascii	"r5\000"
 955 06d5 09       		.byte	0x9
 956 06d6 0801     		.2byte	0x108
 957 06d8 C4050000 		.4byte	0x5c4
 958 06dc 44       		.byte	0x44
 959 06dd 08       		.uleb128 0x8
 960 06de 723600   		.ascii	"r6\000"
 961 06e1 09       		.byte	0x9
 962 06e2 0901     		.2byte	0x109
 963 06e4 C4050000 		.4byte	0x5c4
 964 06e8 48       		.byte	0x48
 965 06e9 08       		.uleb128 0x8
 966 06ea 723700   		.ascii	"r7\000"
 967 06ed 09       		.byte	0x9
 968 06ee 0A01     		.2byte	0x10a
 969 06f0 C4050000 		.4byte	0x5c4
ARM GAS  C:\Users\ADMINI~1\AppData\Local\Temp\ccMfayNk.s 			page 18


 970 06f4 4C       		.byte	0x4c
 971 06f5 08       		.uleb128 0x8
 972 06f6 723800   		.ascii	"r8\000"
 973 06f9 09       		.byte	0x9
 974 06fa 0B01     		.2byte	0x10b
 975 06fc C4050000 		.4byte	0x5c4
 976 0700 50       		.byte	0x50
 977 0701 08       		.uleb128 0x8
 978 0702 723900   		.ascii	"r9\000"
 979 0705 09       		.byte	0x9
 980 0706 0C01     		.2byte	0x10c
 981 0708 C4050000 		.4byte	0x5c4
 982 070c 54       		.byte	0x54
 983 070d 08       		.uleb128 0x8
 984 070e 72313000 		.ascii	"r10\000"
 985 0712 09       		.byte	0x9
 986 0713 0D01     		.2byte	0x10d
 987 0715 C4050000 		.4byte	0x5c4
 988 0719 58       		.byte	0x58
 989 071a 08       		.uleb128 0x8
 990 071b 72313100 		.ascii	"r11\000"
 991 071f 09       		.byte	0x9
 992 0720 0E01     		.2byte	0x10e
 993 0722 C4050000 		.4byte	0x5c4
 994 0726 5C       		.byte	0x5c
 995 0727 08       		.uleb128 0x8
 996 0728 6C7200   		.ascii	"lr\000"
 997 072b 09       		.byte	0x9
 998 072c 0F01     		.2byte	0x10f
 999 072e C4050000 		.4byte	0x5c4
 1000 0732 60       		.byte	0x60
 1001 0733 00       		.byte	0
 1002 0734 0A       		.uleb128 0xa
 1003 0735 04       		.byte	0x4
 1004 0736 F3050000 		.4byte	0x5f3
 1005 073a 16       		.uleb128 0x16
 1006 073b 04       		.byte	0x4
 1007 073c 0A       		.byte	0xa
 1008 073d 38       		.byte	0x38
 1009 073e 4F070000 		.4byte	0x74f
 1010 0742 07       		.uleb128 0x7
 1011 0743 A0050000 		.4byte	.LASF101
 1012 0747 0A       		.byte	0xa
 1013 0748 3C       		.byte	0x3c
 1014 0749 E3000000 		.4byte	0xe3
 1015 074d 00       		.byte	0
 1016 074e 00       		.byte	0
 1017 074f 04       		.uleb128 0x4
 1018 0750 D2030000 		.4byte	.LASF102
 1019 0754 0A       		.byte	0xa
 1020 0755 3D       		.byte	0x3d
 1021 0756 3A070000 		.4byte	0x73a
 1022 075a 17       		.uleb128 0x17
 1023 075b 04       		.byte	0x4
 1024 075c 06       		.byte	0x6
 1025 075d FA       		.byte	0xfa
 1026 075e B7070000 		.4byte	0x7b7
ARM GAS  C:\Users\ADMINI~1\AppData\Local\Temp\ccMfayNk.s 			page 19


 1027 0762 18       		.uleb128 0x18
 1028 0763 18000000 		.4byte	.LASF103
 1029 0767 06       		.byte	0x6
 1030 0768 0101     		.2byte	0x101
 1031 076a 25010000 		.4byte	0x125
 1032 076e 18       		.uleb128 0x18
 1033 076f 52010000 		.4byte	.LASF104
 1034 0773 06       		.byte	0x6
 1035 0774 0801     		.2byte	0x108
 1036 0776 25010000 		.4byte	0x125
 1037 077a 18       		.uleb128 0x18
 1038 077b 0C010000 		.4byte	.LASF105
 1039 077f 06       		.byte	0x6
 1040 0780 0F01     		.2byte	0x10f
 1041 0782 49030000 		.4byte	0x349
 1042 0786 18       		.uleb128 0x18
 1043 0787 12000000 		.4byte	.LASF106
 1044 078b 06       		.byte	0x6
 1045 078c 1601     		.2byte	0x116
 1046 078e B7070000 		.4byte	0x7b7
 1047 0792 18       		.uleb128 0x18
 1048 0793 DB020000 		.4byte	.LASF107
 1049 0797 06       		.byte	0x6
 1050 0798 1E01     		.2byte	0x11e
 1051 079a E2070000 		.4byte	0x7e2
 1052 079e 18       		.uleb128 0x18
 1053 079f 0D050000 		.4byte	.LASF108
 1054 07a3 06       		.byte	0x6
 1055 07a4 2701     		.2byte	0x127
 1056 07a6 19080000 		.4byte	0x819
 1057 07aa 18       		.uleb128 0x18
 1058 07ab B5040000 		.4byte	.LASF109
 1059 07af 06       		.byte	0x6
 1060 07b0 2F01     		.2byte	0x12f
 1061 07b2 30010000 		.4byte	0x130
 1062 07b6 00       		.byte	0
 1063 07b7 0A       		.uleb128 0xa
 1064 07b8 04       		.byte	0x4
 1065 07b9 61020000 		.4byte	0x261
 1066 07bd 06       		.uleb128 0x6
 1067 07be EC040000 		.4byte	.LASF110
 1068 07c2 0C       		.byte	0xc
 1069 07c3 0B       		.byte	0xb
 1070 07c4 34       		.byte	0x34
 1071 07c5 E2070000 		.4byte	0x7e2
 1072 07c9 07       		.uleb128 0x7
 1073 07ca 4A010000 		.4byte	.LASF111
 1074 07ce 0B       		.byte	0xb
 1075 07cf 35       		.byte	0x35
 1076 07d0 96020000 		.4byte	0x296
 1077 07d4 00       		.byte	0
 1078 07d5 07       		.uleb128 0x7
 1079 07d6 FA020000 		.4byte	.LASF112
 1080 07da 0B       		.byte	0xb
 1081 07db 37       		.byte	0x37
 1082 07dc 3B010000 		.4byte	0x13b
 1083 07e0 08       		.byte	0x8
ARM GAS  C:\Users\ADMINI~1\AppData\Local\Temp\ccMfayNk.s 			page 20


 1084 07e1 00       		.byte	0
 1085 07e2 0A       		.uleb128 0xa
 1086 07e3 04       		.byte	0x4
 1087 07e4 BD070000 		.4byte	0x7bd
 1088 07e8 06       		.uleb128 0x6
 1089 07e9 27060000 		.4byte	.LASF113
 1090 07ed 10       		.byte	0x10
 1091 07ee 0C       		.byte	0xc
 1092 07ef 39       		.byte	0x39
 1093 07f0 19080000 		.4byte	0x819
 1094 07f4 07       		.uleb128 0x7
 1095 07f5 F3000000 		.4byte	.LASF114
 1096 07f9 0C       		.byte	0xc
 1097 07fa 3A       		.byte	0x3a
 1098 07fb 96020000 		.4byte	0x296
 1099 07ff 00       		.byte	0
 1100 0800 07       		.uleb128 0x7
 1101 0801 55060000 		.4byte	.LASF115
 1102 0805 0C       		.byte	0xc
 1103 0806 3C       		.byte	0x3c
 1104 0807 6C020000 		.4byte	0x26c
 1105 080b 08       		.byte	0x8
 1106 080c 07       		.uleb128 0x7
 1107 080d 66050000 		.4byte	.LASF116
 1108 0811 0C       		.byte	0xc
 1109 0812 3E       		.byte	0x3e
 1110 0813 5C080000 		.4byte	0x85c
 1111 0817 0C       		.byte	0xc
 1112 0818 00       		.byte	0
 1113 0819 0A       		.uleb128 0xa
 1114 081a 04       		.byte	0x4
 1115 081b E8070000 		.4byte	0x7e8
 1116 081f 0A       		.uleb128 0xa
 1117 0820 04       		.byte	0x4
 1118 0821 2C080000 		.4byte	0x82c
 1119 0825 03       		.uleb128 0x3
 1120 0826 01       		.byte	0x1
 1121 0827 08       		.byte	0x8
 1122 0828 43050000 		.4byte	.LASF117
 1123 082c 19       		.uleb128 0x19
 1124 082d 25080000 		.4byte	0x825
 1125 0831 05       		.uleb128 0x5
 1126 0832 46010000 		.4byte	0x146
 1127 0836 0A       		.uleb128 0xa
 1128 0837 04       		.byte	0x4
 1129 0838 4B030000 		.4byte	0x34b
 1130 083c 05       		.uleb128 0x5
 1131 083d 1F080000 		.4byte	0x81f
 1132 0841 1A       		.uleb128 0x1a
 1133 0842 CF050000 		.4byte	0x5cf
 1134 0846 51080000 		.4byte	0x851
 1135 084a 1B       		.uleb128 0x1b
 1136 084b 7F040000 		.4byte	0x47f
 1137 084f 3A       		.byte	0x3a
 1138 0850 00       		.byte	0
 1139 0851 04       		.uleb128 0x4
 1140 0852 98020000 		.4byte	.LASF118
ARM GAS  C:\Users\ADMINI~1\AppData\Local\Temp\ccMfayNk.s 			page 21


 1141 0856 0C       		.byte	0xc
 1142 0857 34       		.byte	0x34
 1143 0858 E8070000 		.4byte	0x7e8
 1144 085c 0A       		.uleb128 0xa
 1145 085d 04       		.byte	0x4
 1146 085e 51080000 		.4byte	0x851
 1147 0862 03       		.uleb128 0x3
 1148 0863 01       		.byte	0x1
 1149 0864 02       		.byte	0x2
 1150 0865 6C040000 		.4byte	.LASF119
 1151 0869 03       		.uleb128 0x3
 1152 086a 08       		.byte	0x8
 1153 086b 04       		.byte	0x4
 1154 086c 5D060000 		.4byte	.LASF120
 1155 0870 03       		.uleb128 0x3
 1156 0871 04       		.byte	0x4
 1157 0872 04       		.byte	0x4
 1158 0873 05040000 		.4byte	.LASF121
 1159 0877 03       		.uleb128 0x3
 1160 0878 08       		.byte	0x8
 1161 0879 04       		.byte	0x4
 1162 087a 37050000 		.4byte	.LASF122
 1163 087e 1C       		.uleb128 0x1c
 1164 087f AE050000 		.4byte	.LASF123
 1165 0883 01       		.byte	0x1
 1166 0884 1B       		.byte	0x1b
 1167 0885 00000000 		.4byte	.LFB257
 1168 0889 18000000 		.4byte	.LFE257-.LFB257
 1169 088d 01       		.uleb128 0x1
 1170 088e 9C       		.byte	0x9c
 1171 088f B9080000 		.4byte	0x8b9
 1172 0893 1D       		.uleb128 0x1d
 1173 0894 0A000000 		.4byte	.LVL0
 1174 0898 0C090000 		.4byte	0x90c
 1175 089c AF080000 		.4byte	0x8af
 1176 08a0 1E       		.uleb128 0x1e
 1177 08a1 01       		.uleb128 0x1
 1178 08a2 50       		.byte	0x50
 1179 08a3 05       		.uleb128 0x5
 1180 08a4 0C       		.byte	0xc
 1181 08a5 00140040 		.4byte	0x40001400
 1182 08a9 1E       		.uleb128 0x1e
 1183 08aa 01       		.uleb128 0x1
 1184 08ab 51       		.byte	0x51
 1185 08ac 01       		.uleb128 0x1
 1186 08ad 31       		.byte	0x31
 1187 08ae 00       		.byte	0
 1188 08af 1F       		.uleb128 0x1f
 1189 08b0 12000000 		.4byte	.LVL1
 1190 08b4 18090000 		.4byte	0x918
 1191 08b8 00       		.byte	0
 1192 08b9 1C       		.uleb128 0x1c
 1193 08ba 4C060000 		.4byte	.LASF124
 1194 08be 01       		.byte	0x1
 1195 08bf 29       		.byte	0x29
 1196 08c0 00000000 		.4byte	.LFB258
 1197 08c4 24000000 		.4byte	.LFE258-.LFB258
ARM GAS  C:\Users\ADMINI~1\AppData\Local\Temp\ccMfayNk.s 			page 22


 1198 08c8 01       		.uleb128 0x1
 1199 08c9 9C       		.byte	0x9c
 1200 08ca F5080000 		.4byte	0x8f5
 1201 08ce 1D       		.uleb128 0x1d
 1202 08cf 0A000000 		.4byte	.LVL2
 1203 08d3 24090000 		.4byte	0x924
 1204 08d7 E3080000 		.4byte	0x8e3
 1205 08db 1E       		.uleb128 0x1e
 1206 08dc 01       		.uleb128 0x1
 1207 08dd 50       		.byte	0x50
 1208 08de 03       		.uleb128 0x3
 1209 08df 0A       		.byte	0xa
 1210 08e0 0008     		.2byte	0x800
 1211 08e2 00       		.byte	0
 1212 08e3 20       		.uleb128 0x20
 1213 08e4 20000000 		.4byte	.LVL3
 1214 08e8 2F090000 		.4byte	0x92f
 1215 08ec 1E       		.uleb128 0x1e
 1216 08ed 01       		.uleb128 0x1
 1217 08ee 50       		.byte	0x50
 1218 08ef 03       		.uleb128 0x3
 1219 08f0 0A       		.byte	0xa
 1220 08f1 0008     		.2byte	0x800
 1221 08f3 00       		.byte	0
 1222 08f4 00       		.byte	0
 1223 08f5 21       		.uleb128 0x21
 1224 08f6 89000000 		.4byte	.LASF125
 1225 08fa 10       		.byte	0x10
 1226 08fb A706     		.2byte	0x6a7
 1227 08fd D9000000 		.4byte	0xd9
 1228 0901 22       		.uleb128 0x22
 1229 0902 636800   		.ascii	"ch\000"
 1230 0905 06       		.byte	0x6
 1231 0906 0902     		.2byte	0x209
 1232 0908 18040000 		.4byte	0x418
 1233 090c 23       		.uleb128 0x23
 1234 090d 6E030000 		.4byte	.LASF126
 1235 0911 6E030000 		.4byte	.LASF126
 1236 0915 0D       		.byte	0xd
 1237 0916 5104     		.2byte	0x451
 1238 0918 23       		.uleb128 0x23
 1239 0919 E5050000 		.4byte	.LASF127
 1240 091d E5050000 		.4byte	.LASF127
 1241 0921 09       		.byte	0x9
 1242 0922 6601     		.2byte	0x166
 1243 0924 24       		.uleb128 0x24
 1244 0925 FB000000 		.4byte	.LASF128
 1245 0929 FB000000 		.4byte	.LASF128
 1246 092d 0E       		.byte	0xe
 1247 092e A8       		.byte	0xa8
 1248 092f 24       		.uleb128 0x24
 1249 0930 AF020000 		.4byte	.LASF129
 1250 0934 AF020000 		.4byte	.LASF129
 1251 0938 0E       		.byte	0xe
 1252 0939 A9       		.byte	0xa9
 1253 093a 00       		.byte	0
 1254              		.section	.debug_abbrev,"",%progbits
ARM GAS  C:\Users\ADMINI~1\AppData\Local\Temp\ccMfayNk.s 			page 23


 1255              	.Ldebug_abbrev0:
 1256 0000 01       		.uleb128 0x1
 1257 0001 11       		.uleb128 0x11
 1258 0002 01       		.byte	0x1
 1259 0003 25       		.uleb128 0x25
 1260 0004 0E       		.uleb128 0xe
 1261 0005 13       		.uleb128 0x13
 1262 0006 0B       		.uleb128 0xb
 1263 0007 03       		.uleb128 0x3
 1264 0008 0E       		.uleb128 0xe
 1265 0009 1B       		.uleb128 0x1b
 1266 000a 0E       		.uleb128 0xe
 1267 000b 55       		.uleb128 0x55
 1268 000c 17       		.uleb128 0x17
 1269 000d 11       		.uleb128 0x11
 1270 000e 01       		.uleb128 0x1
 1271 000f 10       		.uleb128 0x10
 1272 0010 17       		.uleb128 0x17
 1273 0011 00       		.byte	0
 1274 0012 00       		.byte	0
 1275 0013 02       		.uleb128 0x2
 1276 0014 24       		.uleb128 0x24
 1277 0015 00       		.byte	0
 1278 0016 0B       		.uleb128 0xb
 1279 0017 0B       		.uleb128 0xb
 1280 0018 3E       		.uleb128 0x3e
 1281 0019 0B       		.uleb128 0xb
 1282 001a 03       		.uleb128 0x3
 1283 001b 08       		.uleb128 0x8
 1284 001c 00       		.byte	0
 1285 001d 00       		.byte	0
 1286 001e 03       		.uleb128 0x3
 1287 001f 24       		.uleb128 0x24
 1288 0020 00       		.byte	0
 1289 0021 0B       		.uleb128 0xb
 1290 0022 0B       		.uleb128 0xb
 1291 0023 3E       		.uleb128 0x3e
 1292 0024 0B       		.uleb128 0xb
 1293 0025 03       		.uleb128 0x3
 1294 0026 0E       		.uleb128 0xe
 1295 0027 00       		.byte	0
 1296 0028 00       		.byte	0
 1297 0029 04       		.uleb128 0x4
 1298 002a 16       		.uleb128 0x16
 1299 002b 00       		.byte	0
 1300 002c 03       		.uleb128 0x3
 1301 002d 0E       		.uleb128 0xe
 1302 002e 3A       		.uleb128 0x3a
 1303 002f 0B       		.uleb128 0xb
 1304 0030 3B       		.uleb128 0x3b
 1305 0031 0B       		.uleb128 0xb
 1306 0032 49       		.uleb128 0x49
 1307 0033 13       		.uleb128 0x13
 1308 0034 00       		.byte	0
 1309 0035 00       		.byte	0
 1310 0036 05       		.uleb128 0x5
 1311 0037 35       		.uleb128 0x35
ARM GAS  C:\Users\ADMINI~1\AppData\Local\Temp\ccMfayNk.s 			page 24


 1312 0038 00       		.byte	0
 1313 0039 49       		.uleb128 0x49
 1314 003a 13       		.uleb128 0x13
 1315 003b 00       		.byte	0
 1316 003c 00       		.byte	0
 1317 003d 06       		.uleb128 0x6
 1318 003e 13       		.uleb128 0x13
 1319 003f 01       		.byte	0x1
 1320 0040 03       		.uleb128 0x3
 1321 0041 0E       		.uleb128 0xe
 1322 0042 0B       		.uleb128 0xb
 1323 0043 0B       		.uleb128 0xb
 1324 0044 3A       		.uleb128 0x3a
 1325 0045 0B       		.uleb128 0xb
 1326 0046 3B       		.uleb128 0x3b
 1327 0047 0B       		.uleb128 0xb
 1328 0048 01       		.uleb128 0x1
 1329 0049 13       		.uleb128 0x13
 1330 004a 00       		.byte	0
 1331 004b 00       		.byte	0
 1332 004c 07       		.uleb128 0x7
 1333 004d 0D       		.uleb128 0xd
 1334 004e 00       		.byte	0
 1335 004f 03       		.uleb128 0x3
 1336 0050 0E       		.uleb128 0xe
 1337 0051 3A       		.uleb128 0x3a
 1338 0052 0B       		.uleb128 0xb
 1339 0053 3B       		.uleb128 0x3b
 1340 0054 0B       		.uleb128 0xb
 1341 0055 49       		.uleb128 0x49
 1342 0056 13       		.uleb128 0x13
 1343 0057 38       		.uleb128 0x38
 1344 0058 0B       		.uleb128 0xb
 1345 0059 00       		.byte	0
 1346 005a 00       		.byte	0
 1347 005b 08       		.uleb128 0x8
 1348 005c 0D       		.uleb128 0xd
 1349 005d 00       		.byte	0
 1350 005e 03       		.uleb128 0x3
 1351 005f 08       		.uleb128 0x8
 1352 0060 3A       		.uleb128 0x3a
 1353 0061 0B       		.uleb128 0xb
 1354 0062 3B       		.uleb128 0x3b
 1355 0063 05       		.uleb128 0x5
 1356 0064 49       		.uleb128 0x49
 1357 0065 13       		.uleb128 0x13
 1358 0066 38       		.uleb128 0x38
 1359 0067 0B       		.uleb128 0xb
 1360 0068 00       		.byte	0
 1361 0069 00       		.byte	0
 1362 006a 09       		.uleb128 0x9
 1363 006b 0D       		.uleb128 0xd
 1364 006c 00       		.byte	0
 1365 006d 03       		.uleb128 0x3
 1366 006e 0E       		.uleb128 0xe
 1367 006f 3A       		.uleb128 0x3a
 1368 0070 0B       		.uleb128 0xb
ARM GAS  C:\Users\ADMINI~1\AppData\Local\Temp\ccMfayNk.s 			page 25


 1369 0071 3B       		.uleb128 0x3b
 1370 0072 05       		.uleb128 0x5
 1371 0073 49       		.uleb128 0x49
 1372 0074 13       		.uleb128 0x13
 1373 0075 38       		.uleb128 0x38
 1374 0076 0B       		.uleb128 0xb
 1375 0077 00       		.byte	0
 1376 0078 00       		.byte	0
 1377 0079 0A       		.uleb128 0xa
 1378 007a 0F       		.uleb128 0xf
 1379 007b 00       		.byte	0
 1380 007c 0B       		.uleb128 0xb
 1381 007d 0B       		.uleb128 0xb
 1382 007e 49       		.uleb128 0x49
 1383 007f 13       		.uleb128 0x13
 1384 0080 00       		.byte	0
 1385 0081 00       		.byte	0
 1386 0082 0B       		.uleb128 0xb
 1387 0083 13       		.uleb128 0x13
 1388 0084 01       		.byte	0x1
 1389 0085 03       		.uleb128 0x3
 1390 0086 0E       		.uleb128 0xe
 1391 0087 0B       		.uleb128 0xb
 1392 0088 0B       		.uleb128 0xb
 1393 0089 3A       		.uleb128 0x3a
 1394 008a 0B       		.uleb128 0xb
 1395 008b 3B       		.uleb128 0x3b
 1396 008c 05       		.uleb128 0x5
 1397 008d 01       		.uleb128 0x1
 1398 008e 13       		.uleb128 0x13
 1399 008f 00       		.byte	0
 1400 0090 00       		.byte	0
 1401 0091 0C       		.uleb128 0xc
 1402 0092 15       		.uleb128 0x15
 1403 0093 01       		.byte	0x1
 1404 0094 27       		.uleb128 0x27
 1405 0095 19       		.uleb128 0x19
 1406 0096 01       		.uleb128 0x1
 1407 0097 13       		.uleb128 0x13
 1408 0098 00       		.byte	0
 1409 0099 00       		.byte	0
 1410 009a 0D       		.uleb128 0xd
 1411 009b 05       		.uleb128 0x5
 1412 009c 00       		.byte	0
 1413 009d 49       		.uleb128 0x49
 1414 009e 13       		.uleb128 0x13
 1415 009f 00       		.byte	0
 1416 00a0 00       		.byte	0
 1417 00a1 0E       		.uleb128 0xe
 1418 00a2 0F       		.uleb128 0xf
 1419 00a3 00       		.byte	0
 1420 00a4 0B       		.uleb128 0xb
 1421 00a5 0B       		.uleb128 0xb
 1422 00a6 00       		.byte	0
 1423 00a7 00       		.byte	0
 1424 00a8 0F       		.uleb128 0xf
 1425 00a9 13       		.uleb128 0x13
ARM GAS  C:\Users\ADMINI~1\AppData\Local\Temp\ccMfayNk.s 			page 26


 1426 00aa 01       		.byte	0x1
 1427 00ab 03       		.uleb128 0x3
 1428 00ac 0E       		.uleb128 0xe
 1429 00ad 0B       		.uleb128 0xb
 1430 00ae 05       		.uleb128 0x5
 1431 00af 3A       		.uleb128 0x3a
 1432 00b0 0B       		.uleb128 0xb
 1433 00b1 3B       		.uleb128 0x3b
 1434 00b2 05       		.uleb128 0x5
 1435 00b3 01       		.uleb128 0x1
 1436 00b4 13       		.uleb128 0x13
 1437 00b5 00       		.byte	0
 1438 00b6 00       		.byte	0
 1439 00b7 10       		.uleb128 0x10
 1440 00b8 13       		.uleb128 0x13
 1441 00b9 01       		.byte	0x1
 1442 00ba 0B       		.uleb128 0xb
 1443 00bb 0B       		.uleb128 0xb
 1444 00bc 3A       		.uleb128 0x3a
 1445 00bd 0B       		.uleb128 0xb
 1446 00be 3B       		.uleb128 0x3b
 1447 00bf 05       		.uleb128 0x5
 1448 00c0 01       		.uleb128 0x1
 1449 00c1 13       		.uleb128 0x13
 1450 00c2 00       		.byte	0
 1451 00c3 00       		.byte	0
 1452 00c4 11       		.uleb128 0x11
 1453 00c5 16       		.uleb128 0x16
 1454 00c6 00       		.byte	0
 1455 00c7 03       		.uleb128 0x3
 1456 00c8 0E       		.uleb128 0xe
 1457 00c9 3A       		.uleb128 0x3a
 1458 00ca 0B       		.uleb128 0xb
 1459 00cb 3B       		.uleb128 0x3b
 1460 00cc 05       		.uleb128 0x5
 1461 00cd 49       		.uleb128 0x49
 1462 00ce 13       		.uleb128 0x13
 1463 00cf 00       		.byte	0
 1464 00d0 00       		.byte	0
 1465 00d1 12       		.uleb128 0x12
 1466 00d2 04       		.uleb128 0x4
 1467 00d3 01       		.byte	0x1
 1468 00d4 0B       		.uleb128 0xb
 1469 00d5 0B       		.uleb128 0xb
 1470 00d6 49       		.uleb128 0x49
 1471 00d7 13       		.uleb128 0x13
 1472 00d8 3A       		.uleb128 0x3a
 1473 00d9 0B       		.uleb128 0xb
 1474 00da 3B       		.uleb128 0x3b
 1475 00db 0B       		.uleb128 0xb
 1476 00dc 01       		.uleb128 0x1
 1477 00dd 13       		.uleb128 0x13
 1478 00de 00       		.byte	0
 1479 00df 00       		.byte	0
 1480 00e0 13       		.uleb128 0x13
 1481 00e1 28       		.uleb128 0x28
 1482 00e2 00       		.byte	0
ARM GAS  C:\Users\ADMINI~1\AppData\Local\Temp\ccMfayNk.s 			page 27


 1483 00e3 03       		.uleb128 0x3
 1484 00e4 0E       		.uleb128 0xe
 1485 00e5 1C       		.uleb128 0x1c
 1486 00e6 0B       		.uleb128 0xb
 1487 00e7 00       		.byte	0
 1488 00e8 00       		.byte	0
 1489 00e9 14       		.uleb128 0x14
 1490 00ea 28       		.uleb128 0x28
 1491 00eb 00       		.byte	0
 1492 00ec 03       		.uleb128 0x3
 1493 00ed 08       		.uleb128 0x8
 1494 00ee 1C       		.uleb128 0x1c
 1495 00ef 0B       		.uleb128 0xb
 1496 00f0 00       		.byte	0
 1497 00f1 00       		.byte	0
 1498 00f2 15       		.uleb128 0x15
 1499 00f3 0D       		.uleb128 0xd
 1500 00f4 00       		.byte	0
 1501 00f5 03       		.uleb128 0x3
 1502 00f6 08       		.uleb128 0x8
 1503 00f7 3A       		.uleb128 0x3a
 1504 00f8 0B       		.uleb128 0xb
 1505 00f9 3B       		.uleb128 0x3b
 1506 00fa 0B       		.uleb128 0xb
 1507 00fb 49       		.uleb128 0x49
 1508 00fc 13       		.uleb128 0x13
 1509 00fd 38       		.uleb128 0x38
 1510 00fe 0B       		.uleb128 0xb
 1511 00ff 00       		.byte	0
 1512 0100 00       		.byte	0
 1513 0101 16       		.uleb128 0x16
 1514 0102 13       		.uleb128 0x13
 1515 0103 01       		.byte	0x1
 1516 0104 0B       		.uleb128 0xb
 1517 0105 0B       		.uleb128 0xb
 1518 0106 3A       		.uleb128 0x3a
 1519 0107 0B       		.uleb128 0xb
 1520 0108 3B       		.uleb128 0x3b
 1521 0109 0B       		.uleb128 0xb
 1522 010a 01       		.uleb128 0x1
 1523 010b 13       		.uleb128 0x13
 1524 010c 00       		.byte	0
 1525 010d 00       		.byte	0
 1526 010e 17       		.uleb128 0x17
 1527 010f 17       		.uleb128 0x17
 1528 0110 01       		.byte	0x1
 1529 0111 0B       		.uleb128 0xb
 1530 0112 0B       		.uleb128 0xb
 1531 0113 3A       		.uleb128 0x3a
 1532 0114 0B       		.uleb128 0xb
 1533 0115 3B       		.uleb128 0x3b
 1534 0116 0B       		.uleb128 0xb
 1535 0117 01       		.uleb128 0x1
 1536 0118 13       		.uleb128 0x13
 1537 0119 00       		.byte	0
 1538 011a 00       		.byte	0
 1539 011b 18       		.uleb128 0x18
ARM GAS  C:\Users\ADMINI~1\AppData\Local\Temp\ccMfayNk.s 			page 28


 1540 011c 0D       		.uleb128 0xd
 1541 011d 00       		.byte	0
 1542 011e 03       		.uleb128 0x3
 1543 011f 0E       		.uleb128 0xe
 1544 0120 3A       		.uleb128 0x3a
 1545 0121 0B       		.uleb128 0xb
 1546 0122 3B       		.uleb128 0x3b
 1547 0123 05       		.uleb128 0x5
 1548 0124 49       		.uleb128 0x49
 1549 0125 13       		.uleb128 0x13
 1550 0126 00       		.byte	0
 1551 0127 00       		.byte	0
 1552 0128 19       		.uleb128 0x19
 1553 0129 26       		.uleb128 0x26
 1554 012a 00       		.byte	0
 1555 012b 49       		.uleb128 0x49
 1556 012c 13       		.uleb128 0x13
 1557 012d 00       		.byte	0
 1558 012e 00       		.byte	0
 1559 012f 1A       		.uleb128 0x1a
 1560 0130 01       		.uleb128 0x1
 1561 0131 01       		.byte	0x1
 1562 0132 49       		.uleb128 0x49
 1563 0133 13       		.uleb128 0x13
 1564 0134 01       		.uleb128 0x1
 1565 0135 13       		.uleb128 0x13
 1566 0136 00       		.byte	0
 1567 0137 00       		.byte	0
 1568 0138 1B       		.uleb128 0x1b
 1569 0139 21       		.uleb128 0x21
 1570 013a 00       		.byte	0
 1571 013b 49       		.uleb128 0x49
 1572 013c 13       		.uleb128 0x13
 1573 013d 2F       		.uleb128 0x2f
 1574 013e 0B       		.uleb128 0xb
 1575 013f 00       		.byte	0
 1576 0140 00       		.byte	0
 1577 0141 1C       		.uleb128 0x1c
 1578 0142 2E       		.uleb128 0x2e
 1579 0143 01       		.byte	0x1
 1580 0144 3F       		.uleb128 0x3f
 1581 0145 19       		.uleb128 0x19
 1582 0146 03       		.uleb128 0x3
 1583 0147 0E       		.uleb128 0xe
 1584 0148 3A       		.uleb128 0x3a
 1585 0149 0B       		.uleb128 0xb
 1586 014a 3B       		.uleb128 0x3b
 1587 014b 0B       		.uleb128 0xb
 1588 014c 27       		.uleb128 0x27
 1589 014d 19       		.uleb128 0x19
 1590 014e 11       		.uleb128 0x11
 1591 014f 01       		.uleb128 0x1
 1592 0150 12       		.uleb128 0x12
 1593 0151 06       		.uleb128 0x6
 1594 0152 40       		.uleb128 0x40
 1595 0153 18       		.uleb128 0x18
 1596 0154 9742     		.uleb128 0x2117
ARM GAS  C:\Users\ADMINI~1\AppData\Local\Temp\ccMfayNk.s 			page 29


 1597 0156 19       		.uleb128 0x19
 1598 0157 01       		.uleb128 0x1
 1599 0158 13       		.uleb128 0x13
 1600 0159 00       		.byte	0
 1601 015a 00       		.byte	0
 1602 015b 1D       		.uleb128 0x1d
 1603 015c 898201   		.uleb128 0x4109
 1604 015f 01       		.byte	0x1
 1605 0160 11       		.uleb128 0x11
 1606 0161 01       		.uleb128 0x1
 1607 0162 31       		.uleb128 0x31
 1608 0163 13       		.uleb128 0x13
 1609 0164 01       		.uleb128 0x1
 1610 0165 13       		.uleb128 0x13
 1611 0166 00       		.byte	0
 1612 0167 00       		.byte	0
 1613 0168 1E       		.uleb128 0x1e
 1614 0169 8A8201   		.uleb128 0x410a
 1615 016c 00       		.byte	0
 1616 016d 02       		.uleb128 0x2
 1617 016e 18       		.uleb128 0x18
 1618 016f 9142     		.uleb128 0x2111
 1619 0171 18       		.uleb128 0x18
 1620 0172 00       		.byte	0
 1621 0173 00       		.byte	0
 1622 0174 1F       		.uleb128 0x1f
 1623 0175 898201   		.uleb128 0x4109
 1624 0178 00       		.byte	0
 1625 0179 11       		.uleb128 0x11
 1626 017a 01       		.uleb128 0x1
 1627 017b 9542     		.uleb128 0x2115
 1628 017d 19       		.uleb128 0x19
 1629 017e 31       		.uleb128 0x31
 1630 017f 13       		.uleb128 0x13
 1631 0180 00       		.byte	0
 1632 0181 00       		.byte	0
 1633 0182 20       		.uleb128 0x20
 1634 0183 898201   		.uleb128 0x4109
 1635 0186 01       		.byte	0x1
 1636 0187 11       		.uleb128 0x11
 1637 0188 01       		.uleb128 0x1
 1638 0189 9542     		.uleb128 0x2115
 1639 018b 19       		.uleb128 0x19
 1640 018c 31       		.uleb128 0x31
 1641 018d 13       		.uleb128 0x13
 1642 018e 00       		.byte	0
 1643 018f 00       		.byte	0
 1644 0190 21       		.uleb128 0x21
 1645 0191 34       		.uleb128 0x34
 1646 0192 00       		.byte	0
 1647 0193 03       		.uleb128 0x3
 1648 0194 0E       		.uleb128 0xe
 1649 0195 3A       		.uleb128 0x3a
 1650 0196 0B       		.uleb128 0xb
 1651 0197 3B       		.uleb128 0x3b
 1652 0198 05       		.uleb128 0x5
 1653 0199 49       		.uleb128 0x49
ARM GAS  C:\Users\ADMINI~1\AppData\Local\Temp\ccMfayNk.s 			page 30


 1654 019a 13       		.uleb128 0x13
 1655 019b 3F       		.uleb128 0x3f
 1656 019c 19       		.uleb128 0x19
 1657 019d 3C       		.uleb128 0x3c
 1658 019e 19       		.uleb128 0x19
 1659 019f 00       		.byte	0
 1660 01a0 00       		.byte	0
 1661 01a1 22       		.uleb128 0x22
 1662 01a2 34       		.uleb128 0x34
 1663 01a3 00       		.byte	0
 1664 01a4 03       		.uleb128 0x3
 1665 01a5 08       		.uleb128 0x8
 1666 01a6 3A       		.uleb128 0x3a
 1667 01a7 0B       		.uleb128 0xb
 1668 01a8 3B       		.uleb128 0x3b
 1669 01a9 05       		.uleb128 0x5
 1670 01aa 49       		.uleb128 0x49
 1671 01ab 13       		.uleb128 0x13
 1672 01ac 3F       		.uleb128 0x3f
 1673 01ad 19       		.uleb128 0x19
 1674 01ae 3C       		.uleb128 0x3c
 1675 01af 19       		.uleb128 0x19
 1676 01b0 00       		.byte	0
 1677 01b1 00       		.byte	0
 1678 01b2 23       		.uleb128 0x23
 1679 01b3 2E       		.uleb128 0x2e
 1680 01b4 00       		.byte	0
 1681 01b5 3F       		.uleb128 0x3f
 1682 01b6 19       		.uleb128 0x19
 1683 01b7 3C       		.uleb128 0x3c
 1684 01b8 19       		.uleb128 0x19
 1685 01b9 6E       		.uleb128 0x6e
 1686 01ba 0E       		.uleb128 0xe
 1687 01bb 03       		.uleb128 0x3
 1688 01bc 0E       		.uleb128 0xe
 1689 01bd 3A       		.uleb128 0x3a
 1690 01be 0B       		.uleb128 0xb
 1691 01bf 3B       		.uleb128 0x3b
 1692 01c0 05       		.uleb128 0x5
 1693 01c1 00       		.byte	0
 1694 01c2 00       		.byte	0
 1695 01c3 24       		.uleb128 0x24
 1696 01c4 2E       		.uleb128 0x2e
 1697 01c5 00       		.byte	0
 1698 01c6 3F       		.uleb128 0x3f
 1699 01c7 19       		.uleb128 0x19
 1700 01c8 3C       		.uleb128 0x3c
 1701 01c9 19       		.uleb128 0x19
 1702 01ca 6E       		.uleb128 0x6e
 1703 01cb 0E       		.uleb128 0xe
 1704 01cc 03       		.uleb128 0x3
 1705 01cd 0E       		.uleb128 0xe
 1706 01ce 3A       		.uleb128 0x3a
 1707 01cf 0B       		.uleb128 0xb
 1708 01d0 3B       		.uleb128 0x3b
 1709 01d1 0B       		.uleb128 0xb
 1710 01d2 00       		.byte	0
ARM GAS  C:\Users\ADMINI~1\AppData\Local\Temp\ccMfayNk.s 			page 31


 1711 01d3 00       		.byte	0
 1712 01d4 00       		.byte	0
 1713              		.section	.debug_aranges,"",%progbits
 1714 0000 24000000 		.4byte	0x24
 1715 0004 0200     		.2byte	0x2
 1716 0006 00000000 		.4byte	.Ldebug_info0
 1717 000a 04       		.byte	0x4
 1718 000b 00       		.byte	0
 1719 000c 0000     		.2byte	0
 1720 000e 0000     		.2byte	0
 1721 0010 00000000 		.4byte	.LFB257
 1722 0014 18000000 		.4byte	.LFE257-.LFB257
 1723 0018 00000000 		.4byte	.LFB258
 1724 001c 24000000 		.4byte	.LFE258-.LFB258
 1725 0020 00000000 		.4byte	0
 1726 0024 00000000 		.4byte	0
 1727              		.section	.debug_ranges,"",%progbits
 1728              	.Ldebug_ranges0:
 1729 0000 00000000 		.4byte	.LFB257
 1730 0004 18000000 		.4byte	.LFE257
 1731 0008 00000000 		.4byte	.LFB258
 1732 000c 24000000 		.4byte	.LFE258
 1733 0010 00000000 		.4byte	0
 1734 0014 00000000 		.4byte	0
 1735              		.section	.debug_line,"",%progbits
 1736              	.Ldebug_line0:
 1737 0000 CC020000 		.section	.debug_str,"MS",%progbits,1
 1737      0200A002 
 1737      00000201 
 1737      FB0E0D00 
 1737      01010101 
 1738              	.LASF55:
 1739 0000 72656164 		.ascii	"ready_list_t\000"
 1739      795F6C69 
 1739      73745F74 
 1739      00
 1740              	.LASF85:
 1741 000d 44494552 		.ascii	"DIER\000"
 1741      00
 1742              	.LASF106:
 1743 0012 77747472 		.ascii	"wttrp\000"
 1743      7000
 1744              	.LASF103:
 1745 0018 7264796D 		.ascii	"rdymsg\000"
 1745      736700
 1746              	.LASF18:
 1747 001f 75696E74 		.ascii	"uint64_t\000"
 1747      36345F74 
 1747      00
 1748              	.LASF4:
 1749 0028 5F5F7569 		.ascii	"__uint8_t\000"
 1749      6E74385F 
 1749      7400
 1750              	.LASF100:
 1751 0032 706F7274 		.ascii	"port_intctx\000"
 1751      5F696E74 
 1751      63747800 
ARM GAS  C:\Users\ADMINI~1\AppData\Local\Temp\ccMfayNk.s 			page 32


 1752              	.LASF80:
 1753 003e 76746C69 		.ascii	"vtlist\000"
 1753      737400
 1754              	.LASF95:
 1755 0045 54494D5F 		.ascii	"TIM_TypeDef\000"
 1755      54797065 
 1755      44656600 
 1756              	.LASF13:
 1757 0051 6C6F6E67 		.ascii	"long long unsigned int\000"
 1757      206C6F6E 
 1757      6720756E 
 1757      7369676E 
 1757      65642069 
 1758              	.LASF81:
 1759 0068 6D61696E 		.ascii	"mainthread\000"
 1759      74687265 
 1759      616400
 1760              	.LASF71:
 1761 0073 76697274 		.ascii	"virtual_timers_list_t\000"
 1761      75616C5F 
 1761      74696D65 
 1761      72735F6C 
 1761      6973745F 
 1762              	.LASF125:
 1763 0089 49544D5F 		.ascii	"ITM_RxBuffer\000"
 1763      52784275 
 1763      66666572 
 1763      00
 1764              	.LASF93:
 1765 0096 42445452 		.ascii	"BDTR\000"
 1765      00
 1766              	.LASF54:
 1767 009b 63685F74 		.ascii	"ch_threads_queue\000"
 1767      68726561 
 1767      64735F71 
 1767      75657565 
 1767      00
 1768              	.LASF32:
 1769 00ac 705F7072 		.ascii	"p_prio\000"
 1769      696F00
 1770              	.LASF86:
 1771 00b3 43434D52 		.ascii	"CCMR1\000"
 1771      3100
 1772              	.LASF87:
 1773 00b9 43434D52 		.ascii	"CCMR2\000"
 1773      3200
 1774              	.LASF11:
 1775 00bf 6C6F6E67 		.ascii	"long long int\000"
 1775      206C6F6E 
 1775      6720696E 
 1775      7400
 1776              	.LASF1:
 1777 00cd 7369676E 		.ascii	"signed char\000"
 1777      65642063 
 1777      68617200 
 1778              	.LASF10:
 1779 00d9 6C6F6E67 		.ascii	"long unsigned int\000"
ARM GAS  C:\Users\ADMINI~1\AppData\Local\Temp\ccMfayNk.s 			page 33


 1779      20756E73 
 1779      69676E65 
 1779      6420696E 
 1779      7400
 1780              	.LASF48:
 1781 00eb 705F6D70 		.ascii	"p_mpool\000"
 1781      6F6F6C00 
 1782              	.LASF114:
 1783 00f3 6D5F7175 		.ascii	"m_queue\000"
 1783      65756500 
 1784              	.LASF128:
 1785 00fb 45585449 		.ascii	"EXTI_GetITStatus\000"
 1785      5F476574 
 1785      49545374 
 1785      61747573 
 1785      00
 1786              	.LASF105:
 1787 010c 77746F62 		.ascii	"wtobjp\000"
 1787      6A7000
 1788              	.LASF23:
 1789 0113 74736C69 		.ascii	"tslices_t\000"
 1789      6365735F 
 1789      7400
 1790              	.LASF78:
 1791 011d 63685F73 		.ascii	"ch_system\000"
 1791      79737465 
 1791      6D00
 1792              	.LASF8:
 1793 0127 6C6F6E67 		.ascii	"long int\000"
 1793      20696E74 
 1793      00
 1794              	.LASF21:
 1795 0130 74737461 		.ascii	"tstate_t\000"
 1795      74655F74 
 1795      00
 1796              	.LASF15:
 1797 0139 75696E74 		.ascii	"uint16_t\000"
 1797      31365F74 
 1797      00
 1798              	.LASF34:
 1799 0142 705F6E65 		.ascii	"p_newer\000"
 1799      77657200 
 1800              	.LASF111:
 1801 014a 735F7175 		.ascii	"s_queue\000"
 1801      65756500 
 1802              	.LASF104:
 1803 0152 65786974 		.ascii	"exitcode\000"
 1803      636F6465 
 1803      00
 1804              	.LASF60:
 1805 015b 725F6E65 		.ascii	"r_newer\000"
 1805      77657200 
 1806              	.LASF97:
 1807 0163 72656761 		.ascii	"regarm_t\000"
 1807      726D5F74 
 1807      00
 1808              	.LASF67:
ARM GAS  C:\Users\ADMINI~1\AppData\Local\Temp\ccMfayNk.s 			page 34


 1809 016c 76745F70 		.ascii	"vt_prev\000"
 1809      72657600 
 1810              	.LASF130:
 1811 0174 474E5520 		.ascii	"GNU C99 5.3.1 20160307 (release) [ARM/embedded-5-br"
 1811      43393920 
 1811      352E332E 
 1811      31203230 
 1811      31363033 
 1812 01a7 616E6368 		.ascii	"anch revision 234589] -mcpu=cortex-m4 -mfloat-abi=h"
 1812      20726576 
 1812      6973696F 
 1812      6E203233 
 1812      34353839 
 1813 01da 61726420 		.ascii	"ard -mfpu=fpv4-sp-d16 -mno-thumb-interwork -mthumb "
 1813      2D6D6670 
 1813      753D6670 
 1813      76342D73 
 1813      702D6431 
 1814 020d 2D676764 		.ascii	"-ggdb -O2 -std=gnu99 -fomit-frame-pointer -falign-f"
 1814      62202D4F 
 1814      32202D73 
 1814      74643D67 
 1814      6E753939 
 1815 0240 756E6374 		.ascii	"unctions=16 -ffunction-sections -fdata-sections -fn"
 1815      696F6E73 
 1815      3D313620 
 1815      2D666675 
 1815      6E637469 
 1816 0273 6F2D636F 		.ascii	"o-common -fsingle-precision-constant\000"
 1816      6D6D6F6E 
 1816      202D6673 
 1816      696E676C 
 1816      652D7072 
 1817              	.LASF118:
 1818 0298 6D757465 		.ascii	"mutex_t\000"
 1818      785F7400 
 1819              	.LASF82:
 1820 02a0 69646C65 		.ascii	"idle_thread_wa\000"
 1820      5F746872 
 1820      6561645F 
 1820      776100
 1821              	.LASF129:
 1822 02af 45585449 		.ascii	"EXTI_ClearITPendingBit\000"
 1822      5F436C65 
 1822      61724954 
 1822      50656E64 
 1822      696E6742 
 1823              	.LASF0:
 1824 02c6 756E7369 		.ascii	"unsigned int\000"
 1824      676E6564 
 1824      20696E74 
 1824      00
 1825              	.LASF66:
 1826 02d3 76745F6E 		.ascii	"vt_next\000"
 1826      65787400 
 1827              	.LASF107:
 1828 02db 77747365 		.ascii	"wtsemp\000"
ARM GAS  C:\Users\ADMINI~1\AppData\Local\Temp\ccMfayNk.s 			page 35


 1828      6D7000
 1829              	.LASF68:
 1830 02e2 76745F64 		.ascii	"vt_delta\000"
 1830      656C7461 
 1830      00
 1831              	.LASF74:
 1832 02eb 73797374 		.ascii	"system_debug_t\000"
 1832      656D5F64 
 1832      65627567 
 1832      5F7400
 1833              	.LASF112:
 1834 02fa 735F636E 		.ascii	"s_cnt\000"
 1834      7400
 1835              	.LASF99:
 1836 0300 636F6E74 		.ascii	"context\000"
 1836      65787400 
 1837              	.LASF6:
 1838 0308 73686F72 		.ascii	"short unsigned int\000"
 1838      7420756E 
 1838      7369676E 
 1838      65642069 
 1838      6E7400
 1839              	.LASF51:
 1840 031b 63685F74 		.ascii	"ch_thread\000"
 1840      68726561 
 1840      6400
 1841              	.LASF25:
 1842 0325 6D73675F 		.ascii	"msg_t\000"
 1842      7400
 1843              	.LASF77:
 1844 032b 63685F73 		.ascii	"ch_system_t\000"
 1844      79737465 
 1844      6D5F7400 
 1845              	.LASF20:
 1846 0337 746D6F64 		.ascii	"tmode_t\000"
 1846      655F7400 
 1847              	.LASF56:
 1848 033f 63685F72 		.ascii	"ch_ready_list\000"
 1848      65616479 
 1848      5F6C6973 
 1848      7400
 1849              	.LASF26:
 1850 034d 6576656E 		.ascii	"eventmask_t\000"
 1850      746D6173 
 1850      6B5F7400 
 1851              	.LASF7:
 1852 0359 5F5F696E 		.ascii	"__int32_t\000"
 1852      7433325F 
 1852      7400
 1853              	.LASF98:
 1854 0363 73746B61 		.ascii	"stkalign_t\000"
 1854      6C69676E 
 1854      5F7400
 1855              	.LASF126:
 1856 036e 54494D5F 		.ascii	"TIM_ClearITPendingBit\000"
 1856      436C6561 
 1856      72495450 
ARM GAS  C:\Users\ADMINI~1\AppData\Local\Temp\ccMfayNk.s 			page 36


 1856      656E6469 
 1856      6E674269 
 1857              	.LASF19:
 1858 0384 7274636E 		.ascii	"rtcnt_t\000"
 1858      745F7400 
 1859              	.LASF49:
 1860 038c 74687265 		.ascii	"thread_reference_t\000"
 1860      61645F72 
 1860      65666572 
 1860      656E6365 
 1860      5F7400
 1861              	.LASF72:
 1862 039f 63685F76 		.ascii	"ch_virtual_timers_list\000"
 1862      69727475 
 1862      616C5F74 
 1862      696D6572 
 1862      735F6C69 
 1863              	.LASF69:
 1864 03b6 76745F66 		.ascii	"vt_func\000"
 1864      756E6300 
 1865              	.LASF27:
 1866 03be 636E745F 		.ascii	"cnt_t\000"
 1866      7400
 1867              	.LASF35:
 1868 03c4 705F6F6C 		.ascii	"p_older\000"
 1868      64657200 
 1869              	.LASF59:
 1870 03cc 725F6374 		.ascii	"r_ctx\000"
 1870      7800
 1871              	.LASF102:
 1872 03d2 746D5F63 		.ascii	"tm_calibration_t\000"
 1872      616C6962 
 1872      72617469 
 1872      6F6E5F74 
 1872      00
 1873              	.LASF62:
 1874 03e3 725F6375 		.ascii	"r_current\000"
 1874      7272656E 
 1874      7400
 1875              	.LASF61:
 1876 03ed 725F6F6C 		.ascii	"r_older\000"
 1876      64657200 
 1877              	.LASF94:
 1878 03f5 444D4152 		.ascii	"DMAR\000"
 1878      00
 1879              	.LASF12:
 1880 03fa 5F5F7569 		.ascii	"__uint64_t\000"
 1880      6E743634 
 1880      5F7400
 1881              	.LASF121:
 1882 0405 666C6F61 		.ascii	"float\000"
 1882      7400
 1883              	.LASF22:
 1884 040b 74726566 		.ascii	"trefs_t\000"
 1884      735F7400 
 1885              	.LASF132:
 1886 0413 563A5C67 		.ascii	"V:\\git\\oroca_bldc_dev\\oroca_bldc_FW\000"
ARM GAS  C:\Users\ADMINI~1\AppData\Local\Temp\ccMfayNk.s 			page 37


 1886      69745C6F 
 1886      726F6361 
 1886      5F626C64 
 1886      635F6465 
 1887              	.LASF64:
 1888 0437 76697274 		.ascii	"virtual_timer_t\000"
 1888      75616C5F 
 1888      74696D65 
 1888      725F7400 
 1889              	.LASF31:
 1890 0447 705F7072 		.ascii	"p_prev\000"
 1890      657600
 1891              	.LASF96:
 1892 044e 52455345 		.ascii	"RESET\000"
 1892      5400
 1893              	.LASF24:
 1894 0454 74707269 		.ascii	"tprio_t\000"
 1894      6F5F7400 
 1895              	.LASF75:
 1896 045c 63685F73 		.ascii	"ch_system_debug\000"
 1896      79737465 
 1896      6D5F6465 
 1896      62756700 
 1897              	.LASF119:
 1898 046c 5F426F6F 		.ascii	"_Bool\000"
 1898      6C00
 1899              	.LASF16:
 1900 0472 696E7433 		.ascii	"int32_t\000"
 1900      325F7400 
 1901              	.LASF2:
 1902 047a 756E7369 		.ascii	"unsigned char\000"
 1902      676E6564 
 1902      20636861 
 1902      7200
 1903              	.LASF46:
 1904 0488 705F6D74 		.ascii	"p_mtxlist\000"
 1904      786C6973 
 1904      7400
 1905              	.LASF3:
 1906 0492 73686F72 		.ascii	"short int\000"
 1906      7420696E 
 1906      7400
 1907              	.LASF37:
 1908 049c 705F7374 		.ascii	"p_state\000"
 1908      61746500 
 1909              	.LASF40:
 1910 04a4 705F7072 		.ascii	"p_preempt\000"
 1910      65656D70 
 1910      7400
 1911              	.LASF58:
 1912 04ae 725F7072 		.ascii	"r_prio\000"
 1912      696F00
 1913              	.LASF109:
 1914 04b5 65776D61 		.ascii	"ewmask\000"
 1914      736B00
 1915              	.LASF30:
 1916 04bc 705F6E65 		.ascii	"p_next\000"
ARM GAS  C:\Users\ADMINI~1\AppData\Local\Temp\ccMfayNk.s 			page 38


 1916      787400
 1917              	.LASF38:
 1918 04c3 705F666C 		.ascii	"p_flags\000"
 1918      61677300 
 1919              	.LASF53:
 1920 04cb 74687265 		.ascii	"threads_queue_t\000"
 1920      6164735F 
 1920      71756575 
 1920      655F7400 
 1921              	.LASF65:
 1922 04db 63685F76 		.ascii	"ch_virtual_timer\000"
 1922      69727475 
 1922      616C5F74 
 1922      696D6572 
 1922      00
 1923              	.LASF110:
 1924 04ec 63685F73 		.ascii	"ch_semaphore\000"
 1924      656D6170 
 1924      686F7265 
 1924      00
 1925              	.LASF45:
 1926 04f9 705F6570 		.ascii	"p_epending\000"
 1926      656E6469 
 1926      6E6700
 1927              	.LASF17:
 1928 0504 75696E74 		.ascii	"uint32_t\000"
 1928      33325F74 
 1928      00
 1929              	.LASF108:
 1930 050d 77746D74 		.ascii	"wtmtxp\000"
 1930      787000
 1931              	.LASF57:
 1932 0514 725F7175 		.ascii	"r_queue\000"
 1932      65756500 
 1933              	.LASF73:
 1934 051c 76745F73 		.ascii	"vt_systime\000"
 1934      79737469 
 1934      6D6500
 1935              	.LASF52:
 1936 0527 63685F74 		.ascii	"ch_threads_list\000"
 1936      68726561 
 1936      64735F6C 
 1936      69737400 
 1937              	.LASF122:
 1938 0537 6C6F6E67 		.ascii	"long double\000"
 1938      20646F75 
 1938      626C6500 
 1939              	.LASF117:
 1940 0543 63686172 		.ascii	"char\000"
 1940      00
 1941              	.LASF84:
 1942 0548 534D4352 		.ascii	"SMCR\000"
 1942      00
 1943              	.LASF5:
 1944 054d 5F5F7569 		.ascii	"__uint16_t\000"
 1944      6E743136 
 1944      5F7400
ARM GAS  C:\Users\ADMINI~1\AppData\Local\Temp\ccMfayNk.s 			page 39


 1945              	.LASF29:
 1946 0558 74687265 		.ascii	"thread_t\000"
 1946      61645F74 
 1946      00
 1947              	.LASF88:
 1948 0561 43434552 		.ascii	"CCER\000"
 1948      00
 1949              	.LASF116:
 1950 0566 6D5F6E65 		.ascii	"m_next\000"
 1950      787400
 1951              	.LASF28:
 1952 056d 73797374 		.ascii	"systime_t\000"
 1952      696D655F 
 1952      7400
 1953              	.LASF47:
 1954 0577 705F7265 		.ascii	"p_realprio\000"
 1954      616C7072 
 1954      696F00
 1955              	.LASF63:
 1956 0582 76746675 		.ascii	"vtfunc_t\000"
 1956      6E635F74 
 1956      00
 1957              	.LASF9:
 1958 058b 5F5F7569 		.ascii	"__uint32_t\000"
 1958      6E743332 
 1958      5F7400
 1959              	.LASF76:
 1960 0596 70616E69 		.ascii	"panic_msg\000"
 1960      635F6D73 
 1960      6700
 1961              	.LASF101:
 1962 05a0 6F666673 		.ascii	"offset\000"
 1962      657400
 1963              	.LASF41:
 1964 05a7 705F7469 		.ascii	"p_time\000"
 1964      6D6500
 1965              	.LASF123:
 1966 05ae 56656374 		.ascii	"Vector11C\000"
 1966      6F723131 
 1966      4300
 1967              	.LASF43:
 1968 05b8 705F6D73 		.ascii	"p_msgqueue\000"
 1968      67717565 
 1968      756500
 1969              	.LASF70:
 1970 05c3 76745F70 		.ascii	"vt_par\000"
 1970      617200
 1971              	.LASF89:
 1972 05ca 43435231 		.ascii	"CCR1\000"
 1972      00
 1973              	.LASF90:
 1974 05cf 43435232 		.ascii	"CCR2\000"
 1974      00
 1975              	.LASF91:
 1976 05d4 43435233 		.ascii	"CCR3\000"
 1976      00
 1977              	.LASF92:
ARM GAS  C:\Users\ADMINI~1\AppData\Local\Temp\ccMfayNk.s 			page 40


 1978 05d9 43435234 		.ascii	"CCR4\000"
 1978      00
 1979              	.LASF39:
 1980 05de 705F7265 		.ascii	"p_refs\000"
 1980      667300
 1981              	.LASF127:
 1982 05e5 5F706F72 		.ascii	"_port_irq_epilogue\000"
 1982      745F6972 
 1982      715F6570 
 1982      696C6F67 
 1982      756500
 1983              	.LASF79:
 1984 05f8 726C6973 		.ascii	"rlist\000"
 1984      7400
 1985              	.LASF14:
 1986 05fe 75696E74 		.ascii	"uint8_t\000"
 1986      385F7400 
 1987              	.LASF131:
 1988 0606 7372632F 		.ascii	"src/core/irq_handlers.c\000"
 1988      636F7265 
 1988      2F697271 
 1988      5F68616E 
 1988      646C6572 
 1989              	.LASF83:
 1990 061e 73697A65 		.ascii	"sizetype\000"
 1990      74797065 
 1990      00
 1991              	.LASF113:
 1992 0627 63685F6D 		.ascii	"ch_mutex\000"
 1992      75746578 
 1992      00
 1993              	.LASF36:
 1994 0630 705F6E61 		.ascii	"p_name\000"
 1994      6D6500
 1995              	.LASF50:
 1996 0637 74687265 		.ascii	"threads_list_t\000"
 1996      6164735F 
 1996      6C697374 
 1996      5F7400
 1997              	.LASF44:
 1998 0646 705F6D73 		.ascii	"p_msg\000"
 1998      6700
 1999              	.LASF124:
 2000 064c 56656374 		.ascii	"VectorE0\000"
 2000      6F724530 
 2000      00
 2001              	.LASF115:
 2002 0655 6D5F6F77 		.ascii	"m_owner\000"
 2002      6E657200 
 2003              	.LASF120:
 2004 065d 646F7562 		.ascii	"double\000"
 2004      6C6500
 2005              	.LASF33:
 2006 0664 705F6374 		.ascii	"p_ctx\000"
 2006      7800
 2007              	.LASF42:
 2008 066a 705F7761 		.ascii	"p_waiting\000"
ARM GAS  C:\Users\ADMINI~1\AppData\Local\Temp\ccMfayNk.s 			page 41


 2008      6974696E 
 2008      6700
 2009              		.ident	"GCC: (GNU Tools for ARM Embedded Processors) 5.3.1 20160307 (release) [ARM/embedded-5-bran
ARM GAS  C:\Users\ADMINI~1\AppData\Local\Temp\ccMfayNk.s 			page 42


DEFINED SYMBOLS
                            *ABS*:00000000 irq_handlers.c
C:\Users\ADMINI~1\AppData\Local\Temp\ccMfayNk.s:22     .text.Vector11C:00000000 $t
C:\Users\ADMINI~1\AppData\Local\Temp\ccMfayNk.s:28     .text.Vector11C:00000000 Vector11C
C:\Users\ADMINI~1\AppData\Local\Temp\ccMfayNk.s:55     .text.Vector11C:00000014 $d
C:\Users\ADMINI~1\AppData\Local\Temp\ccMfayNk.s:60     .text.VectorE0:00000000 $t
C:\Users\ADMINI~1\AppData\Local\Temp\ccMfayNk.s:66     .text.VectorE0:00000000 VectorE0
C:\Users\ADMINI~1\AppData\Local\Temp\ccMfayNk.s:100    .text.VectorE0:00000020 $d
                     .debug_frame:00000010 $d

UNDEFINED SYMBOLS
TIM_ClearITPendingBit
_port_irq_epilogue
EXTI_GetITStatus
EXTI_ClearITPendingBit
