ARM GAS  C:\Users\IDONNO~1\AppData\Local\Temp\ccBW44vo.s 			page 1


   1              		.syntax unified
   2              		.cpu cortex-m4
   3              		.eabi_attribute 27, 1
   4              		.eabi_attribute 28, 1
   5              		.fpu fpv4-sp-d16
   6              		.eabi_attribute 20, 1
   7              		.eabi_attribute 21, 1
   8              		.eabi_attribute 23, 3
   9              		.eabi_attribute 24, 1
  10              		.eabi_attribute 25, 1
  11              		.eabi_attribute 26, 1
  12              		.eabi_attribute 30, 2
  13              		.eabi_attribute 34, 1
  14              		.eabi_attribute 18, 4
  15              		.thumb
  16              		.syntax unified
  17              		.file	"memstreams.c"
  18              		.text
  19              	.Ltext0:
  20              		.cfi_sections	.debug_frame
  21              		.section	.text.put,"ax",%progbits
  22              		.align	2
  23              		.p2align 4,,15
  24              		.thumb
  25              		.thumb_func
  26              		.type	put, %function
  27              	put:
  28              	.LFB258:
  29              		.file 1 "lib/ChibiOS_3.0.2/os/hal/lib/streams/memstreams.c"
  30              		.loc 1 66 0
  31              		.cfi_startproc
  32              		@ args = 0, pretend = 0, frame = 0
  33              		@ frame_needed = 0, uses_anonymous_args = 0
  34              		@ link register save eliminated.
  35              	.LVL0:
  36              		.loc 1 69 0
  37 0000 C368     		ldr	r3, [r0, #12]
  38 0002 8268     		ldr	r2, [r0, #8]
  39 0004 9A42     		cmp	r2, r3
  40 0006 06D0     		beq	.L3
  41              		.loc 1 71 0
  42 0008 4268     		ldr	r2, [r0, #4]
  43 000a D154     		strb	r1, [r2, r3]
  44              		.loc 1 72 0
  45 000c C368     		ldr	r3, [r0, #12]
  46 000e 0133     		adds	r3, r3, #1
  47 0010 C360     		str	r3, [r0, #12]
  48              		.loc 1 73 0
  49 0012 0020     		movs	r0, #0
  50              	.LVL1:
  51 0014 7047     		bx	lr
  52              	.LVL2:
  53              	.L3:
  54              		.loc 1 70 0
  55 0016 6FF00100 		mvn	r0, #1
  56              	.LVL3:
  57              		.loc 1 74 0
ARM GAS  C:\Users\IDONNO~1\AppData\Local\Temp\ccBW44vo.s 			page 2


  58 001a 7047     		bx	lr
  59              		.cfi_endproc
  60              	.LFE258:
  61              		.size	put, .-put
  62              		.section	.text.get,"ax",%progbits
  63              		.align	2
  64              		.p2align 4,,15
  65              		.thumb
  66              		.thumb_func
  67              		.type	get, %function
  68              	get:
  69              	.LFB259:
  70              		.loc 1 76 0
  71              		.cfi_startproc
  72              		@ args = 0, pretend = 0, frame = 0
  73              		@ frame_needed = 0, uses_anonymous_args = 0
  74              		@ link register save eliminated.
  75              	.LVL4:
  76              		.loc 1 80 0
  77 0000 0369     		ldr	r3, [r0, #16]
  78 0002 C168     		ldr	r1, [r0, #12]
  79 0004 9942     		cmp	r1, r3
  80              		.loc 1 76 0
  81 0006 0246     		mov	r2, r0
  82              	.LVL5:
  83              		.loc 1 80 0
  84 0008 04D0     		beq	.L7
  85              		.loc 1 82 0
  86 000a 4168     		ldr	r1, [r0, #4]
  87 000c C85C     		ldrb	r0, [r1, r3]	@ zero_extendqisi2
  88              	.LVL6:
  89              		.loc 1 83 0
  90 000e 0133     		adds	r3, r3, #1
  91 0010 1361     		str	r3, [r2, #16]
  92              		.loc 1 84 0
  93 0012 7047     		bx	lr
  94              	.LVL7:
  95              	.L7:
  96              		.loc 1 81 0
  97 0014 6FF00100 		mvn	r0, #1
  98              	.LVL8:
  99              		.loc 1 85 0
 100 0018 7047     		bx	lr
 101              		.cfi_endproc
 102              	.LFE259:
 103              		.size	get, .-get
 104 001a 00BF     		.section	.text.reads,"ax",%progbits
 105              		.align	2
 106              		.p2align 4,,15
 107              		.thumb
 108              		.thumb_func
 109              		.type	reads, %function
 110              	reads:
 111              	.LFB257:
 112              		.loc 1 56 0
 113              		.cfi_startproc
 114              		@ args = 0, pretend = 0, frame = 0
ARM GAS  C:\Users\IDONNO~1\AppData\Local\Temp\ccBW44vo.s 			page 3


 115              		@ frame_needed = 0, uses_anonymous_args = 0
 116              	.LVL9:
 117 0000 70B5     		push	{r4, r5, r6, lr}
 118              		.cfi_def_cfa_offset 16
 119              		.cfi_offset 4, -16
 120              		.cfi_offset 5, -12
 121              		.cfi_offset 6, -8
 122              		.cfi_offset 14, -4
 123              		.loc 1 59 0
 124 0002 0369     		ldr	r3, [r0, #16]
 125 0004 C468     		ldr	r4, [r0, #12]
 126              		.loc 1 61 0
 127 0006 4668     		ldr	r6, [r0, #4]
 128              		.loc 1 59 0
 129 0008 E41A     		subs	r4, r4, r3
 130 000a 9442     		cmp	r4, r2
 131 000c 28BF     		it	cs
 132 000e 1446     		movcs	r4, r2
 133              		.loc 1 56 0
 134 0010 0546     		mov	r5, r0
 135              	.LVL10:
 136              		.loc 1 61 0
 137 0012 2246     		mov	r2, r4
 138 0014 0846     		mov	r0, r1
 139              	.LVL11:
 140 0016 F118     		adds	r1, r6, r3
 141              	.LVL12:
 142 0018 FFF7FEFF 		bl	memcpy
 143              	.LVL13:
 144              		.loc 1 62 0
 145 001c 2B69     		ldr	r3, [r5, #16]
 146 001e 2344     		add	r3, r3, r4
 147 0020 2B61     		str	r3, [r5, #16]
 148              		.loc 1 64 0
 149 0022 2046     		mov	r0, r4
 150 0024 70BD     		pop	{r4, r5, r6, pc}
 151              		.cfi_endproc
 152              	.LFE257:
 153              		.size	reads, .-reads
 154 0026 00BF     		.section	.text.writes,"ax",%progbits
 155              		.align	2
 156              		.p2align 4,,15
 157              		.thumb
 158              		.thumb_func
 159              		.type	writes, %function
 160              	writes:
 161              	.LFB256:
 162              		.loc 1 46 0
 163              		.cfi_startproc
 164              		@ args = 0, pretend = 0, frame = 0
 165              		@ frame_needed = 0, uses_anonymous_args = 0
 166              	.LVL14:
 167 0000 38B5     		push	{r3, r4, r5, lr}
 168              		.cfi_def_cfa_offset 16
 169              		.cfi_offset 3, -16
 170              		.cfi_offset 4, -12
 171              		.cfi_offset 5, -8
ARM GAS  C:\Users\IDONNO~1\AppData\Local\Temp\ccBW44vo.s 			page 4


 172              		.cfi_offset 14, -4
 173              		.loc 1 49 0
 174 0002 C368     		ldr	r3, [r0, #12]
 175 0004 8468     		ldr	r4, [r0, #8]
 176 0006 E41A     		subs	r4, r4, r3
 177              		.loc 1 46 0
 178 0008 0546     		mov	r5, r0
 179              	.LVL15:
 180 000a 9442     		cmp	r4, r2
 181              		.loc 1 51 0
 182 000c 4068     		ldr	r0, [r0, #4]
 183              	.LVL16:
 184 000e 28BF     		it	cs
 185 0010 1446     		movcs	r4, r2
 186              	.LVL17:
 187 0012 1844     		add	r0, r0, r3
 188 0014 2246     		mov	r2, r4
 189 0016 FFF7FEFF 		bl	memcpy
 190              	.LVL18:
 191              		.loc 1 52 0
 192 001a EB68     		ldr	r3, [r5, #12]
 193 001c 2344     		add	r3, r3, r4
 194 001e EB60     		str	r3, [r5, #12]
 195              		.loc 1 54 0
 196 0020 2046     		mov	r0, r4
 197 0022 38BD     		pop	{r3, r4, r5, pc}
 198              		.cfi_endproc
 199              	.LFE256:
 200              		.size	writes, .-writes
 201              		.section	.text.msObjectInit,"ax",%progbits
 202              		.align	2
 203              		.p2align 4,,15
 204              		.global	msObjectInit
 205              		.thumb
 206              		.thumb_func
 207              		.type	msObjectInit, %function
 208              	msObjectInit:
 209              	.LFB260:
 210              		.loc 1 104 0
 211              		.cfi_startproc
 212              		@ args = 0, pretend = 0, frame = 0
 213              		@ frame_needed = 0, uses_anonymous_args = 0
 214              		@ link register save eliminated.
 215              	.LVL19:
 216 0000 10B4     		push	{r4}
 217              		.cfi_def_cfa_offset 4
 218              		.cfi_offset 4, -4
 219              		.loc 1 107 0
 220 0002 4160     		str	r1, [r0, #4]
 221              		.loc 1 106 0
 222 0004 044C     		ldr	r4, .L14
 223 0006 0460     		str	r4, [r0]
 224              		.loc 1 110 0
 225 0008 0021     		movs	r1, #0
 226              	.LVL20:
 227              		.loc 1 108 0
 228 000a 8260     		str	r2, [r0, #8]
ARM GAS  C:\Users\IDONNO~1\AppData\Local\Temp\ccBW44vo.s 			page 5


 229              		.loc 1 109 0
 230 000c C360     		str	r3, [r0, #12]
 231              		.loc 1 110 0
 232 000e 0161     		str	r1, [r0, #16]
 233              		.loc 1 111 0
 234 0010 5DF8044B 		ldr	r4, [sp], #4
 235              		.cfi_restore 4
 236              		.cfi_def_cfa_offset 0
 237 0014 7047     		bx	lr
 238              	.L15:
 239 0016 00BF     		.align	2
 240              	.L14:
 241 0018 00000000 		.word	.LANCHOR0
 242              		.cfi_endproc
 243              	.LFE260:
 244              		.size	msObjectInit, .-msObjectInit
 245              		.section	.rodata.vmt,"a",%progbits
 246              		.align	2
 247              		.set	.LANCHOR0,. + 0
 248              		.type	vmt, %object
 249              		.size	vmt, 16
 250              	vmt:
 251 0000 00000000 		.word	writes
 252 0004 00000000 		.word	reads
 253 0008 00000000 		.word	put
 254 000c 00000000 		.word	get
 255              		.text
 256              	.Letext0:
 257              		.file 2 "c:\\program files (x86)\\gnu tools arm embedded\\5.2 2015q4\\lib\\gcc\\arm-none-eabi\\5.2
 258              		.file 3 "c:\\program files (x86)\\gnu tools arm embedded\\5.2 2015q4\\arm-none-eabi\\include\\mach
 259              		.file 4 "c:\\program files (x86)\\gnu tools arm embedded\\5.2 2015q4\\arm-none-eabi\\include\\sys\
 260              		.file 5 "lib/ChibiOS_3.0.2/os/rt/ports/ARMCMx/compilers/GCC/chtypes.h"
 261              		.file 6 "lib/ChibiOS_3.0.2/os/rt/include/chsystypes.h"
 262              		.file 7 "lib/ChibiOS_3.0.2/os/rt/include/chschd.h"
 263              		.file 8 "lib/ChibiOS_3.0.2/os/rt/ports/ARMCMx/chcore.h"
 264              		.file 9 "lib/ChibiOS_3.0.2/os/rt/ports/ARMCMx/chcore_v7m.h"
 265              		.file 10 "lib/ChibiOS_3.0.2/os/rt/include/chtm.h"
 266              		.file 11 "lib/ChibiOS_3.0.2/os/rt/include/chsem.h"
 267              		.file 12 "lib/ChibiOS_3.0.2/os/rt/include/chmtx.h"
 268              		.file 13 "lib/ChibiOS_3.0.2/os/hal/lib/streams/memstreams.h"
 269              		.file 14 "lib/ChibiOS_3.0.2/os/ext/CMSIS/include/core_cm4.h"
 270              		.section	.debug_info,"",%progbits
 271              	.Ldebug_info0:
 272 0000 090A0000 		.4byte	0xa09
 273 0004 0400     		.2byte	0x4
 274 0006 00000000 		.4byte	.Ldebug_abbrev0
 275 000a 04       		.byte	0x4
 276 000b 01       		.uleb128 0x1
 277 000c 2E040000 		.4byte	.LASF115
 278 0010 0C       		.byte	0xc
 279 0011 E4020000 		.4byte	.LASF116
 280 0015 60000000 		.4byte	.LASF117
 281 0019 00000000 		.4byte	.Ldebug_ranges0+0
 282 001d 00000000 		.4byte	0
 283 0021 00000000 		.4byte	.Ldebug_line0
 284 0025 02       		.uleb128 0x2
 285 0026 04       		.byte	0x4
ARM GAS  C:\Users\IDONNO~1\AppData\Local\Temp\ccBW44vo.s 			page 6


 286 0027 05       		.byte	0x5
 287 0028 696E7400 		.ascii	"int\000"
 288 002c 03       		.uleb128 0x3
 289 002d 24000000 		.4byte	.LASF2
 290 0031 02       		.byte	0x2
 291 0032 D8       		.byte	0xd8
 292 0033 37000000 		.4byte	0x37
 293 0037 04       		.uleb128 0x4
 294 0038 04       		.byte	0x4
 295 0039 07       		.byte	0x7
 296 003a 9A010000 		.4byte	.LASF0
 297 003e 04       		.uleb128 0x4
 298 003f 01       		.byte	0x1
 299 0040 06       		.byte	0x6
 300 0041 FE000000 		.4byte	.LASF1
 301 0045 03       		.uleb128 0x3
 302 0046 3B000000 		.4byte	.LASF3
 303 004a 03       		.byte	0x3
 304 004b 1D       		.byte	0x1d
 305 004c 50000000 		.4byte	0x50
 306 0050 04       		.uleb128 0x4
 307 0051 01       		.byte	0x1
 308 0052 08       		.byte	0x8
 309 0053 60030000 		.4byte	.LASF4
 310 0057 04       		.uleb128 0x4
 311 0058 02       		.byte	0x2
 312 0059 05       		.byte	0x5
 313 005a 80030000 		.4byte	.LASF5
 314 005e 04       		.uleb128 0x4
 315 005f 02       		.byte	0x2
 316 0060 07       		.byte	0x7
 317 0061 D7010000 		.4byte	.LASF6
 318 0065 03       		.uleb128 0x3
 319 0066 2F020000 		.4byte	.LASF7
 320 006a 03       		.byte	0x3
 321 006b 3F       		.byte	0x3f
 322 006c 70000000 		.4byte	0x70
 323 0070 04       		.uleb128 0x4
 324 0071 04       		.byte	0x4
 325 0072 05       		.byte	0x5
 326 0073 3B010000 		.4byte	.LASF8
 327 0077 03       		.uleb128 0x3
 328 0078 70050000 		.4byte	.LASF9
 329 007c 03       		.byte	0x3
 330 007d 41       		.byte	0x41
 331 007e 82000000 		.4byte	0x82
 332 0082 04       		.uleb128 0x4
 333 0083 04       		.byte	0x4
 334 0084 07       		.byte	0x7
 335 0085 09040000 		.4byte	.LASF10
 336 0089 04       		.uleb128 0x4
 337 008a 08       		.byte	0x8
 338 008b 05       		.byte	0x5
 339 008c F0000000 		.4byte	.LASF11
 340 0090 03       		.uleb128 0x3
 341 0091 D9020000 		.4byte	.LASF12
 342 0095 03       		.byte	0x3
ARM GAS  C:\Users\IDONNO~1\AppData\Local\Temp\ccBW44vo.s 			page 7


 343 0096 5B       		.byte	0x5b
 344 0097 9B000000 		.4byte	0x9b
 345 009b 04       		.uleb128 0x4
 346 009c 08       		.byte	0x8
 347 009d 07       		.byte	0x7
 348 009e 84000000 		.4byte	.LASF13
 349 00a2 04       		.uleb128 0x4
 350 00a3 04       		.byte	0x4
 351 00a4 07       		.byte	0x7
 352 00a5 61020000 		.4byte	.LASF14
 353 00a9 05       		.uleb128 0x5
 354 00aa 04       		.byte	0x4
 355 00ab 04       		.uleb128 0x4
 356 00ac 01       		.byte	0x1
 357 00ad 08       		.byte	0x8
 358 00ae 20040000 		.4byte	.LASF15
 359 00b2 06       		.uleb128 0x6
 360 00b3 04       		.byte	0x4
 361 00b4 B8000000 		.4byte	0xb8
 362 00b8 07       		.uleb128 0x7
 363 00b9 AB000000 		.4byte	0xab
 364 00bd 03       		.uleb128 0x3
 365 00be D0050000 		.4byte	.LASF16
 366 00c2 04       		.byte	0x4
 367 00c3 14       		.byte	0x14
 368 00c4 45000000 		.4byte	0x45
 369 00c8 03       		.uleb128 0x3
 370 00c9 58030000 		.4byte	.LASF17
 371 00cd 04       		.byte	0x4
 372 00ce 1F       		.byte	0x1f
 373 00cf 65000000 		.4byte	0x65
 374 00d3 03       		.uleb128 0x3
 375 00d4 E1030000 		.4byte	.LASF18
 376 00d8 04       		.byte	0x4
 377 00d9 20       		.byte	0x20
 378 00da 77000000 		.4byte	0x77
 379 00de 03       		.uleb128 0x3
 380 00df 32000000 		.4byte	.LASF19
 381 00e3 04       		.byte	0x4
 382 00e4 26       		.byte	0x26
 383 00e5 90000000 		.4byte	0x90
 384 00e9 08       		.uleb128 0x8
 385 00ea C8000000 		.4byte	0xc8
 386 00ee 03       		.uleb128 0x3
 387 00ef 9B050000 		.4byte	.LASF20
 388 00f3 05       		.byte	0x5
 389 00f4 45       		.byte	0x45
 390 00f5 D3000000 		.4byte	0xd3
 391 00f9 03       		.uleb128 0x3
 392 00fa 0D020000 		.4byte	.LASF21
 393 00fe 05       		.byte	0x5
 394 00ff 48       		.byte	0x48
 395 0100 BD000000 		.4byte	0xbd
 396 0104 03       		.uleb128 0x3
 397 0105 44010000 		.4byte	.LASF22
 398 0109 05       		.byte	0x5
 399 010a 49       		.byte	0x49
ARM GAS  C:\Users\IDONNO~1\AppData\Local\Temp\ccBW44vo.s 			page 8


 400 010b BD000000 		.4byte	0xbd
 401 010f 03       		.uleb128 0x3
 402 0110 0F000000 		.4byte	.LASF23
 403 0114 05       		.byte	0x5
 404 0115 4A       		.byte	0x4a
 405 0116 BD000000 		.4byte	0xbd
 406 011a 03       		.uleb128 0x3
 407 011b 21010000 		.4byte	.LASF24
 408 011f 05       		.byte	0x5
 409 0120 4B       		.byte	0x4b
 410 0121 BD000000 		.4byte	0xbd
 411 0125 03       		.uleb128 0x3
 412 0126 2D030000 		.4byte	.LASF25
 413 012a 05       		.byte	0x5
 414 012b 4C       		.byte	0x4c
 415 012c D3000000 		.4byte	0xd3
 416 0130 03       		.uleb128 0x3
 417 0131 F4010000 		.4byte	.LASF26
 418 0135 05       		.byte	0x5
 419 0136 4D       		.byte	0x4d
 420 0137 C8000000 		.4byte	0xc8
 421 013b 03       		.uleb128 0x3
 422 013c 23020000 		.4byte	.LASF27
 423 0140 05       		.byte	0x5
 424 0141 4F       		.byte	0x4f
 425 0142 D3000000 		.4byte	0xd3
 426 0146 03       		.uleb128 0x3
 427 0147 94010000 		.4byte	.LASF28
 428 014b 05       		.byte	0x5
 429 014c 51       		.byte	0x51
 430 014d C8000000 		.4byte	0xc8
 431 0151 03       		.uleb128 0x3
 432 0152 52050000 		.4byte	.LASF29
 433 0156 06       		.byte	0x6
 434 0157 33       		.byte	0x33
 435 0158 D3000000 		.4byte	0xd3
 436 015c 03       		.uleb128 0x3
 437 015d 25040000 		.4byte	.LASF30
 438 0161 06       		.byte	0x6
 439 0162 3F       		.byte	0x3f
 440 0163 67010000 		.4byte	0x167
 441 0167 09       		.uleb128 0x9
 442 0168 EA010000 		.4byte	.LASF52
 443 016c 48       		.byte	0x48
 444 016d 07       		.byte	0x7
 445 016e C2       		.byte	0xc2
 446 016f 6C020000 		.4byte	0x26c
 447 0173 0A       		.uleb128 0xa
 448 0174 A2030000 		.4byte	.LASF31
 449 0178 07       		.byte	0x7
 450 0179 C3       		.byte	0xc3
 451 017a 77020000 		.4byte	0x277
 452 017e 00       		.byte	0
 453 017f 0A       		.uleb128 0xa
 454 0180 26030000 		.4byte	.LASF32
 455 0184 07       		.byte	0x7
 456 0185 C5       		.byte	0xc5
ARM GAS  C:\Users\IDONNO~1\AppData\Local\Temp\ccBW44vo.s 			page 9


 457 0186 77020000 		.4byte	0x277
 458 018a 04       		.byte	0x4
 459 018b 0A       		.uleb128 0xa
 460 018c E3000000 		.4byte	.LASF33
 461 0190 07       		.byte	0x7
 462 0191 C7       		.byte	0xc7
 463 0192 25010000 		.4byte	0x125
 464 0196 08       		.byte	0x8
 465 0197 0A       		.uleb128 0xa
 466 0198 FD050000 		.4byte	.LASF34
 467 019c 07       		.byte	0x7
 468 019d C8       		.byte	0xc8
 469 019e 9E040000 		.4byte	0x49e
 470 01a2 0C       		.byte	0xc
 471 01a3 0A       		.uleb128 0xa
 472 01a4 54010000 		.4byte	.LASF35
 473 01a8 07       		.byte	0x7
 474 01a9 CA       		.byte	0xca
 475 01aa 77020000 		.4byte	0x277
 476 01ae 10       		.byte	0x10
 477 01af 0A       		.uleb128 0xa
 478 01b0 94020000 		.4byte	.LASF36
 479 01b4 07       		.byte	0x7
 480 01b5 CB       		.byte	0xcb
 481 01b6 77020000 		.4byte	0x277
 482 01ba 14       		.byte	0x14
 483 01bb 0A       		.uleb128 0xa
 484 01bc B1030000 		.4byte	.LASF37
 485 01c0 07       		.byte	0x7
 486 01c1 D2       		.byte	0xd2
 487 01c2 B2000000 		.4byte	0xb2
 488 01c6 18       		.byte	0x18
 489 01c7 0A       		.uleb128 0xa
 490 01c8 6E030000 		.4byte	.LASF38
 491 01cc 07       		.byte	0x7
 492 01cd DD       		.byte	0xdd
 493 01ce 04010000 		.4byte	0x104
 494 01d2 1C       		.byte	0x1c
 495 01d3 0A       		.uleb128 0xa
 496 01d4 A9030000 		.4byte	.LASF39
 497 01d8 07       		.byte	0x7
 498 01d9 E1       		.byte	0xe1
 499 01da F9000000 		.4byte	0xf9
 500 01de 1D       		.byte	0x1d
 501 01df 0A       		.uleb128 0xa
 502 01e0 C3050000 		.4byte	.LASF40
 503 01e4 07       		.byte	0x7
 504 01e5 E6       		.byte	0xe6
 505 01e6 0F010000 		.4byte	0x10f
 506 01ea 1E       		.byte	0x1e
 507 01eb 0A       		.uleb128 0xa
 508 01ec 8A030000 		.4byte	.LASF41
 509 01f0 07       		.byte	0x7
 510 01f1 EC       		.byte	0xec
 511 01f2 1A010000 		.4byte	0x11a
 512 01f6 1F       		.byte	0x1f
 513 01f7 0A       		.uleb128 0xa
ARM GAS  C:\Users\IDONNO~1\AppData\Local\Temp\ccBW44vo.s 			page 10


 514 01f8 AF010000 		.4byte	.LASF42
 515 01fc 07       		.byte	0x7
 516 01fd F3       		.byte	0xf3
 517 01fe E3060000 		.4byte	0x6e3
 518 0202 20       		.byte	0x20
 519 0203 0B       		.uleb128 0xb
 520 0204 705F7500 		.ascii	"p_u\000"
 521 0208 07       		.byte	0x7
 522 0209 3101     		.2byte	0x131
 523 020b 1E060000 		.4byte	0x61e
 524 020f 24       		.byte	0x24
 525 0210 0C       		.uleb128 0xc
 526 0211 57020000 		.4byte	.LASF43
 527 0215 07       		.byte	0x7
 528 0216 3601     		.2byte	0x136
 529 0218 7D020000 		.4byte	0x27d
 530 021c 28       		.byte	0x28
 531 021d 0C       		.uleb128 0xc
 532 021e C6010000 		.4byte	.LASF44
 533 0222 07       		.byte	0x7
 534 0223 3C01     		.2byte	0x13c
 535 0225 A1020000 		.4byte	0x2a1
 536 0229 2C       		.byte	0x2c
 537 022a 0C       		.uleb128 0xc
 538 022b EF050000 		.4byte	.LASF45
 539 022f 07       		.byte	0x7
 540 0230 4001     		.2byte	0x140
 541 0232 30010000 		.4byte	0x130
 542 0236 34       		.byte	0x34
 543 0237 0C       		.uleb128 0xc
 544 0238 D6030000 		.4byte	.LASF46
 545 023c 07       		.byte	0x7
 546 023d 4601     		.2byte	0x146
 547 023f 3B010000 		.4byte	0x13b
 548 0243 38       		.byte	0x38
 549 0244 0C       		.uleb128 0xc
 550 0245 76030000 		.4byte	.LASF47
 551 0249 07       		.byte	0x7
 552 024a 4D01     		.2byte	0x14d
 553 024c DD060000 		.4byte	0x6dd
 554 0250 3C       		.byte	0x3c
 555 0251 0C       		.uleb128 0xc
 556 0252 5C050000 		.4byte	.LASF48
 557 0256 07       		.byte	0x7
 558 0257 5101     		.2byte	0x151
 559 0259 25010000 		.4byte	0x125
 560 025d 40       		.byte	0x40
 561 025e 0C       		.uleb128 0xc
 562 025f 0A010000 		.4byte	.LASF49
 563 0263 07       		.byte	0x7
 564 0264 5801     		.2byte	0x158
 565 0266 A9000000 		.4byte	0xa9
 566 026a 44       		.byte	0x44
 567 026b 00       		.byte	0
 568 026c 03       		.uleb128 0x3
 569 026d 6A020000 		.4byte	.LASF50
 570 0271 06       		.byte	0x6
ARM GAS  C:\Users\IDONNO~1\AppData\Local\Temp\ccBW44vo.s 			page 11


 571 0272 44       		.byte	0x44
 572 0273 77020000 		.4byte	0x277
 573 0277 06       		.uleb128 0x6
 574 0278 04       		.byte	0x4
 575 0279 5C010000 		.4byte	0x15c
 576 027d 03       		.uleb128 0x3
 577 027e 00000000 		.4byte	.LASF51
 578 0282 06       		.byte	0x6
 579 0283 49       		.byte	0x49
 580 0284 88020000 		.4byte	0x288
 581 0288 09       		.uleb128 0x9
 582 0289 F9030000 		.4byte	.LASF53
 583 028d 04       		.byte	0x4
 584 028e 07       		.byte	0x7
 585 028f B0       		.byte	0xb0
 586 0290 A1020000 		.4byte	0x2a1
 587 0294 0A       		.uleb128 0xa
 588 0295 A2030000 		.4byte	.LASF31
 589 0299 07       		.byte	0x7
 590 029a B1       		.byte	0xb1
 591 029b 77020000 		.4byte	0x277
 592 029f 00       		.byte	0
 593 02a0 00       		.byte	0
 594 02a1 03       		.uleb128 0x3
 595 02a2 AA050000 		.4byte	.LASF54
 596 02a6 06       		.byte	0x6
 597 02a7 50       		.byte	0x50
 598 02a8 AC020000 		.4byte	0x2ac
 599 02ac 09       		.uleb128 0x9
 600 02ad D2000000 		.4byte	.LASF55
 601 02b1 08       		.byte	0x8
 602 02b2 07       		.byte	0x7
 603 02b3 B7       		.byte	0xb7
 604 02b4 D1020000 		.4byte	0x2d1
 605 02b8 0A       		.uleb128 0xa
 606 02b9 A2030000 		.4byte	.LASF31
 607 02bd 07       		.byte	0x7
 608 02be B8       		.byte	0xb8
 609 02bf 77020000 		.4byte	0x277
 610 02c3 00       		.byte	0
 611 02c4 0A       		.uleb128 0xa
 612 02c5 26030000 		.4byte	.LASF32
 613 02c9 07       		.byte	0x7
 614 02ca B9       		.byte	0xb9
 615 02cb 77020000 		.4byte	0x277
 616 02cf 04       		.byte	0x4
 617 02d0 00       		.byte	0
 618 02d1 03       		.uleb128 0x3
 619 02d2 17000000 		.4byte	.LASF56
 620 02d6 06       		.byte	0x6
 621 02d7 57       		.byte	0x57
 622 02d8 DC020000 		.4byte	0x2dc
 623 02dc 0D       		.uleb128 0xd
 624 02dd 15020000 		.4byte	.LASF57
 625 02e1 1C       		.byte	0x1c
 626 02e2 07       		.byte	0x7
 627 02e3 9001     		.2byte	0x190
ARM GAS  C:\Users\IDONNO~1\AppData\Local\Temp\ccBW44vo.s 			page 12


 628 02e5 38030000 		.4byte	0x338
 629 02e9 0C       		.uleb128 0xc
 630 02ea F1030000 		.4byte	.LASF58
 631 02ee 07       		.byte	0x7
 632 02ef 9101     		.2byte	0x191
 633 02f1 A1020000 		.4byte	0x2a1
 634 02f5 00       		.byte	0
 635 02f6 0C       		.uleb128 0xc
 636 02f7 94030000 		.4byte	.LASF59
 637 02fb 07       		.byte	0x7
 638 02fc 9201     		.2byte	0x192
 639 02fe 25010000 		.4byte	0x125
 640 0302 08       		.byte	0x8
 641 0303 0C       		.uleb128 0xc
 642 0304 9C020000 		.4byte	.LASF60
 643 0308 07       		.byte	0x7
 644 0309 9401     		.2byte	0x194
 645 030b 9E040000 		.4byte	0x49e
 646 030f 0C       		.byte	0xc
 647 0310 0C       		.uleb128 0xc
 648 0311 64010000 		.4byte	.LASF61
 649 0315 07       		.byte	0x7
 650 0316 9701     		.2byte	0x197
 651 0318 77020000 		.4byte	0x277
 652 031c 10       		.byte	0x10
 653 031d 0C       		.uleb128 0xc
 654 031e C4020000 		.4byte	.LASF62
 655 0322 07       		.byte	0x7
 656 0323 9801     		.2byte	0x198
 657 0325 77020000 		.4byte	0x277
 658 0329 14       		.byte	0x14
 659 032a 0C       		.uleb128 0xc
 660 032b BA020000 		.4byte	.LASF63
 661 032f 07       		.byte	0x7
 662 0330 9B01     		.2byte	0x19b
 663 0332 77020000 		.4byte	0x277
 664 0336 18       		.byte	0x18
 665 0337 00       		.byte	0
 666 0338 03       		.uleb128 0x3
 667 0339 67050000 		.4byte	.LASF64
 668 033d 06       		.byte	0x6
 669 033e 5C       		.byte	0x5c
 670 033f 43030000 		.4byte	0x343
 671 0343 06       		.uleb128 0x6
 672 0344 04       		.byte	0x4
 673 0345 49030000 		.4byte	0x349
 674 0349 0E       		.uleb128 0xe
 675 034a 54030000 		.4byte	0x354
 676 034e 0F       		.uleb128 0xf
 677 034f A9000000 		.4byte	0xa9
 678 0353 00       		.byte	0
 679 0354 03       		.uleb128 0x3
 680 0355 16030000 		.4byte	.LASF65
 681 0359 06       		.byte	0x6
 682 035a 61       		.byte	0x61
 683 035b 5F030000 		.4byte	0x35f
 684 035f 0D       		.uleb128 0xd
ARM GAS  C:\Users\IDONNO~1\AppData\Local\Temp\ccBW44vo.s 			page 13


 685 0360 B8030000 		.4byte	.LASF66
 686 0364 14       		.byte	0x14
 687 0365 07       		.byte	0x7
 688 0366 6B01     		.2byte	0x16b
 689 0368 AE030000 		.4byte	0x3ae
 690 036c 0C       		.uleb128 0xc
 691 036d A7010000 		.4byte	.LASF67
 692 0371 07       		.byte	0x7
 693 0372 6C01     		.2byte	0x16c
 694 0374 E8060000 		.4byte	0x6e8
 695 0378 00       		.byte	0
 696 0379 0C       		.uleb128 0xc
 697 037a 75010000 		.4byte	.LASF68
 698 037e 07       		.byte	0x7
 699 037f 6D01     		.2byte	0x16d
 700 0381 E8060000 		.4byte	0x6e8
 701 0385 04       		.byte	0x4
 702 0386 0C       		.uleb128 0xc
 703 0387 BD010000 		.4byte	.LASF69
 704 038b 07       		.byte	0x7
 705 038c 6E01     		.2byte	0x16e
 706 038e 51010000 		.4byte	0x151
 707 0392 08       		.byte	0x8
 708 0393 0C       		.uleb128 0xc
 709 0394 03060000 		.4byte	.LASF70
 710 0398 07       		.byte	0x7
 711 0399 6F01     		.2byte	0x16f
 712 039b 38030000 		.4byte	0x338
 713 039f 0C       		.byte	0xc
 714 03a0 0C       		.uleb128 0xc
 715 03a1 A3050000 		.4byte	.LASF71
 716 03a5 07       		.byte	0x7
 717 03a6 7101     		.2byte	0x171
 718 03a8 A9000000 		.4byte	0xa9
 719 03ac 10       		.byte	0x10
 720 03ad 00       		.byte	0
 721 03ae 03       		.uleb128 0x3
 722 03af AF000000 		.4byte	.LASF72
 723 03b3 06       		.byte	0x6
 724 03b4 66       		.byte	0x66
 725 03b5 B9030000 		.4byte	0x3b9
 726 03b9 0D       		.uleb128 0xd
 727 03ba 7D020000 		.4byte	.LASF73
 728 03be 10       		.byte	0x10
 729 03bf 07       		.byte	0x7
 730 03c0 7B01     		.2byte	0x17b
 731 03c2 FB030000 		.4byte	0x3fb
 732 03c6 0C       		.uleb128 0xc
 733 03c7 A7010000 		.4byte	.LASF67
 734 03cb 07       		.byte	0x7
 735 03cc 7C01     		.2byte	0x17c
 736 03ce E8060000 		.4byte	0x6e8
 737 03d2 00       		.byte	0
 738 03d3 0C       		.uleb128 0xc
 739 03d4 75010000 		.4byte	.LASF68
 740 03d8 07       		.byte	0x7
 741 03d9 7E01     		.2byte	0x17e
ARM GAS  C:\Users\IDONNO~1\AppData\Local\Temp\ccBW44vo.s 			page 14


 742 03db E8060000 		.4byte	0x6e8
 743 03df 04       		.byte	0x4
 744 03e0 0C       		.uleb128 0xc
 745 03e1 BD010000 		.4byte	.LASF69
 746 03e5 07       		.byte	0x7
 747 03e6 8001     		.2byte	0x180
 748 03e8 51010000 		.4byte	0x151
 749 03ec 08       		.byte	0x8
 750 03ed 0C       		.uleb128 0xc
 751 03ee E4050000 		.4byte	.LASF74
 752 03f2 07       		.byte	0x7
 753 03f3 8201     		.2byte	0x182
 754 03f5 E3060000 		.4byte	0x6e3
 755 03f9 0C       		.byte	0xc
 756 03fa 00       		.byte	0
 757 03fb 03       		.uleb128 0x3
 758 03fc 51000000 		.4byte	.LASF75
 759 0400 06       		.byte	0x6
 760 0401 6B       		.byte	0x6b
 761 0402 06040000 		.4byte	0x406
 762 0406 0D       		.uleb128 0xd
 763 0407 42030000 		.4byte	.LASF76
 764 040b 04       		.byte	0x4
 765 040c 07       		.byte	0x7
 766 040d A201     		.2byte	0x1a2
 767 040f 21040000 		.4byte	0x421
 768 0413 0C       		.uleb128 0xc
 769 0414 7B050000 		.4byte	.LASF77
 770 0418 07       		.byte	0x7
 771 0419 AA01     		.2byte	0x1aa
 772 041b EE060000 		.4byte	0x6ee
 773 041f 00       		.byte	0
 774 0420 00       		.byte	0
 775 0421 03       		.uleb128 0x3
 776 0422 FA010000 		.4byte	.LASF78
 777 0426 06       		.byte	0x6
 778 0427 70       		.byte	0x70
 779 0428 2C040000 		.4byte	0x42c
 780 042c 10       		.uleb128 0x10
 781 042d 31010000 		.4byte	.LASF79
 782 0431 5802     		.2byte	0x258
 783 0433 07       		.byte	0x7
 784 0434 C201     		.2byte	0x1c2
 785 0436 88040000 		.4byte	0x488
 786 043a 0C       		.uleb128 0xc
 787 043b CA050000 		.4byte	.LASF80
 788 043f 07       		.byte	0x7
 789 0440 C601     		.2byte	0x1c6
 790 0442 D1020000 		.4byte	0x2d1
 791 0446 00       		.byte	0
 792 0447 0C       		.uleb128 0xc
 793 0448 1A010000 		.4byte	.LASF81
 794 044c 07       		.byte	0x7
 795 044d CA01     		.2byte	0x1ca
 796 044f AE030000 		.4byte	0x3ae
 797 0453 1C       		.byte	0x1c
 798 0454 0B       		.uleb128 0xb
ARM GAS  C:\Users\IDONNO~1\AppData\Local\Temp\ccBW44vo.s 			page 15


 799 0455 64626700 		.ascii	"dbg\000"
 800 0459 07       		.byte	0x7
 801 045a CE01     		.2byte	0x1ce
 802 045c FB030000 		.4byte	0x3fb
 803 0460 2C       		.byte	0x2c
 804 0461 0C       		.uleb128 0xc
 805 0462 A4000000 		.4byte	.LASF82
 806 0466 07       		.byte	0x7
 807 0467 D201     		.2byte	0x1d2
 808 0469 5C010000 		.4byte	0x15c
 809 046d 30       		.byte	0x30
 810 046e 0B       		.uleb128 0xb
 811 046f 746D00   		.ascii	"tm\000"
 812 0472 07       		.byte	0x7
 813 0473 D701     		.2byte	0x1d7
 814 0475 13060000 		.4byte	0x613
 815 0479 78       		.byte	0x78
 816 047a 0C       		.uleb128 0xc
 817 047b 85010000 		.4byte	.LASF83
 818 047f 07       		.byte	0x7
 819 0480 E301     		.2byte	0x1e3
 820 0482 F3060000 		.4byte	0x6f3
 821 0486 80       		.byte	0x80
 822 0487 00       		.byte	0
 823 0488 03       		.uleb128 0x3
 824 0489 6C010000 		.4byte	.LASF84
 825 048d 08       		.byte	0x8
 826 048e 65       		.byte	0x65
 827 048f A9000000 		.4byte	0xa9
 828 0493 03       		.uleb128 0x3
 829 0494 39020000 		.4byte	.LASF85
 830 0498 08       		.byte	0x8
 831 0499 6D       		.byte	0x6d
 832 049a DE000000 		.4byte	0xde
 833 049e 09       		.uleb128 0x9
 834 049f 93050000 		.4byte	.LASF86
 835 04a3 04       		.byte	0x4
 836 04a4 08       		.byte	0x8
 837 04a5 89       		.byte	0x89
 838 04a6 B7040000 		.4byte	0x4b7
 839 04aa 11       		.uleb128 0x11
 840 04ab 72313300 		.ascii	"r13\000"
 841 04af 08       		.byte	0x8
 842 04b0 8A       		.byte	0x8a
 843 04b1 F8050000 		.4byte	0x5f8
 844 04b5 00       		.byte	0
 845 04b6 00       		.byte	0
 846 04b7 09       		.uleb128 0x9
 847 04b8 45000000 		.4byte	.LASF87
 848 04bc 64       		.byte	0x64
 849 04bd 09       		.byte	0x9
 850 04be F4       		.byte	0xf4
 851 04bf F8050000 		.4byte	0x5f8
 852 04c3 11       		.uleb128 0x11
 853 04c4 73313600 		.ascii	"s16\000"
 854 04c8 09       		.byte	0x9
 855 04c9 F6       		.byte	0xf6
ARM GAS  C:\Users\IDONNO~1\AppData\Local\Temp\ccBW44vo.s 			page 16


 856 04ca 88040000 		.4byte	0x488
 857 04ce 00       		.byte	0
 858 04cf 11       		.uleb128 0x11
 859 04d0 73313700 		.ascii	"s17\000"
 860 04d4 09       		.byte	0x9
 861 04d5 F7       		.byte	0xf7
 862 04d6 88040000 		.4byte	0x488
 863 04da 04       		.byte	0x4
 864 04db 11       		.uleb128 0x11
 865 04dc 73313800 		.ascii	"s18\000"
 866 04e0 09       		.byte	0x9
 867 04e1 F8       		.byte	0xf8
 868 04e2 88040000 		.4byte	0x488
 869 04e6 08       		.byte	0x8
 870 04e7 11       		.uleb128 0x11
 871 04e8 73313900 		.ascii	"s19\000"
 872 04ec 09       		.byte	0x9
 873 04ed F9       		.byte	0xf9
 874 04ee 88040000 		.4byte	0x488
 875 04f2 0C       		.byte	0xc
 876 04f3 11       		.uleb128 0x11
 877 04f4 73323000 		.ascii	"s20\000"
 878 04f8 09       		.byte	0x9
 879 04f9 FA       		.byte	0xfa
 880 04fa 88040000 		.4byte	0x488
 881 04fe 10       		.byte	0x10
 882 04ff 11       		.uleb128 0x11
 883 0500 73323100 		.ascii	"s21\000"
 884 0504 09       		.byte	0x9
 885 0505 FB       		.byte	0xfb
 886 0506 88040000 		.4byte	0x488
 887 050a 14       		.byte	0x14
 888 050b 11       		.uleb128 0x11
 889 050c 73323200 		.ascii	"s22\000"
 890 0510 09       		.byte	0x9
 891 0511 FC       		.byte	0xfc
 892 0512 88040000 		.4byte	0x488
 893 0516 18       		.byte	0x18
 894 0517 11       		.uleb128 0x11
 895 0518 73323300 		.ascii	"s23\000"
 896 051c 09       		.byte	0x9
 897 051d FD       		.byte	0xfd
 898 051e 88040000 		.4byte	0x488
 899 0522 1C       		.byte	0x1c
 900 0523 11       		.uleb128 0x11
 901 0524 73323400 		.ascii	"s24\000"
 902 0528 09       		.byte	0x9
 903 0529 FE       		.byte	0xfe
 904 052a 88040000 		.4byte	0x488
 905 052e 20       		.byte	0x20
 906 052f 11       		.uleb128 0x11
 907 0530 73323500 		.ascii	"s25\000"
 908 0534 09       		.byte	0x9
 909 0535 FF       		.byte	0xff
 910 0536 88040000 		.4byte	0x488
 911 053a 24       		.byte	0x24
 912 053b 0B       		.uleb128 0xb
ARM GAS  C:\Users\IDONNO~1\AppData\Local\Temp\ccBW44vo.s 			page 17


 913 053c 73323600 		.ascii	"s26\000"
 914 0540 09       		.byte	0x9
 915 0541 0001     		.2byte	0x100
 916 0543 88040000 		.4byte	0x488
 917 0547 28       		.byte	0x28
 918 0548 0B       		.uleb128 0xb
 919 0549 73323700 		.ascii	"s27\000"
 920 054d 09       		.byte	0x9
 921 054e 0101     		.2byte	0x101
 922 0550 88040000 		.4byte	0x488
 923 0554 2C       		.byte	0x2c
 924 0555 0B       		.uleb128 0xb
 925 0556 73323800 		.ascii	"s28\000"
 926 055a 09       		.byte	0x9
 927 055b 0201     		.2byte	0x102
 928 055d 88040000 		.4byte	0x488
 929 0561 30       		.byte	0x30
 930 0562 0B       		.uleb128 0xb
 931 0563 73323900 		.ascii	"s29\000"
 932 0567 09       		.byte	0x9
 933 0568 0301     		.2byte	0x103
 934 056a 88040000 		.4byte	0x488
 935 056e 34       		.byte	0x34
 936 056f 0B       		.uleb128 0xb
 937 0570 73333000 		.ascii	"s30\000"
 938 0574 09       		.byte	0x9
 939 0575 0401     		.2byte	0x104
 940 0577 88040000 		.4byte	0x488
 941 057b 38       		.byte	0x38
 942 057c 0B       		.uleb128 0xb
 943 057d 73333100 		.ascii	"s31\000"
 944 0581 09       		.byte	0x9
 945 0582 0501     		.2byte	0x105
 946 0584 88040000 		.4byte	0x488
 947 0588 3C       		.byte	0x3c
 948 0589 0B       		.uleb128 0xb
 949 058a 723400   		.ascii	"r4\000"
 950 058d 09       		.byte	0x9
 951 058e 0701     		.2byte	0x107
 952 0590 88040000 		.4byte	0x488
 953 0594 40       		.byte	0x40
 954 0595 0B       		.uleb128 0xb
 955 0596 723500   		.ascii	"r5\000"
 956 0599 09       		.byte	0x9
 957 059a 0801     		.2byte	0x108
 958 059c 88040000 		.4byte	0x488
 959 05a0 44       		.byte	0x44
 960 05a1 0B       		.uleb128 0xb
 961 05a2 723600   		.ascii	"r6\000"
 962 05a5 09       		.byte	0x9
 963 05a6 0901     		.2byte	0x109
 964 05a8 88040000 		.4byte	0x488
 965 05ac 48       		.byte	0x48
 966 05ad 0B       		.uleb128 0xb
 967 05ae 723700   		.ascii	"r7\000"
 968 05b1 09       		.byte	0x9
 969 05b2 0A01     		.2byte	0x10a
ARM GAS  C:\Users\IDONNO~1\AppData\Local\Temp\ccBW44vo.s 			page 18


 970 05b4 88040000 		.4byte	0x488
 971 05b8 4C       		.byte	0x4c
 972 05b9 0B       		.uleb128 0xb
 973 05ba 723800   		.ascii	"r8\000"
 974 05bd 09       		.byte	0x9
 975 05be 0B01     		.2byte	0x10b
 976 05c0 88040000 		.4byte	0x488
 977 05c4 50       		.byte	0x50
 978 05c5 0B       		.uleb128 0xb
 979 05c6 723900   		.ascii	"r9\000"
 980 05c9 09       		.byte	0x9
 981 05ca 0C01     		.2byte	0x10c
 982 05cc 88040000 		.4byte	0x488
 983 05d0 54       		.byte	0x54
 984 05d1 0B       		.uleb128 0xb
 985 05d2 72313000 		.ascii	"r10\000"
 986 05d6 09       		.byte	0x9
 987 05d7 0D01     		.2byte	0x10d
 988 05d9 88040000 		.4byte	0x488
 989 05dd 58       		.byte	0x58
 990 05de 0B       		.uleb128 0xb
 991 05df 72313100 		.ascii	"r11\000"
 992 05e3 09       		.byte	0x9
 993 05e4 0E01     		.2byte	0x10e
 994 05e6 88040000 		.4byte	0x488
 995 05ea 5C       		.byte	0x5c
 996 05eb 0B       		.uleb128 0xb
 997 05ec 6C7200   		.ascii	"lr\000"
 998 05ef 09       		.byte	0x9
 999 05f0 0F01     		.2byte	0x10f
 1000 05f2 88040000 		.4byte	0x488
 1001 05f6 60       		.byte	0x60
 1002 05f7 00       		.byte	0
 1003 05f8 06       		.uleb128 0x6
 1004 05f9 04       		.byte	0x4
 1005 05fa B7040000 		.4byte	0x4b7
 1006 05fe 12       		.uleb128 0x12
 1007 05ff 04       		.byte	0x4
 1008 0600 0A       		.byte	0xa
 1009 0601 38       		.byte	0x38
 1010 0602 13060000 		.4byte	0x613
 1011 0606 0A       		.uleb128 0xa
 1012 0607 85050000 		.4byte	.LASF88
 1013 060b 0A       		.byte	0xa
 1014 060c 3C       		.byte	0x3c
 1015 060d EE000000 		.4byte	0xee
 1016 0611 00       		.byte	0
 1017 0612 00       		.byte	0
 1018 0613 03       		.uleb128 0x3
 1019 0614 A2020000 		.4byte	.LASF89
 1020 0618 0A       		.byte	0xa
 1021 0619 3D       		.byte	0x3d
 1022 061a FE050000 		.4byte	0x5fe
 1023 061e 13       		.uleb128 0x13
 1024 061f 04       		.byte	0x4
 1025 0620 07       		.byte	0x7
 1026 0621 FA       		.byte	0xfa
ARM GAS  C:\Users\IDONNO~1\AppData\Local\Temp\ccBW44vo.s 			page 19


 1027 0622 7B060000 		.4byte	0x67b
 1028 0626 14       		.uleb128 0x14
 1029 0627 2B000000 		.4byte	.LASF90
 1030 062b 07       		.byte	0x7
 1031 062c 0101     		.2byte	0x101
 1032 062e 30010000 		.4byte	0x130
 1033 0632 14       		.uleb128 0x14
 1034 0633 9B000000 		.4byte	.LASF91
 1035 0637 07       		.byte	0x7
 1036 0638 0801     		.2byte	0x108
 1037 063a 30010000 		.4byte	0x130
 1038 063e 14       		.uleb128 0x14
 1039 063f D8050000 		.4byte	.LASF92
 1040 0643 07       		.byte	0x7
 1041 0644 0F01     		.2byte	0x10f
 1042 0646 A9000000 		.4byte	0xa9
 1043 064a 14       		.uleb128 0x14
 1044 064b 2B010000 		.4byte	.LASF93
 1045 064f 07       		.byte	0x7
 1046 0650 1601     		.2byte	0x116
 1047 0652 7B060000 		.4byte	0x67b
 1048 0656 14       		.uleb128 0x14
 1049 0657 B6010000 		.4byte	.LASF94
 1050 065b 07       		.byte	0x7
 1051 065c 1E01     		.2byte	0x11e
 1052 065e A6060000 		.4byte	0x6a6
 1053 0662 14       		.uleb128 0x14
 1054 0663 EA030000 		.4byte	.LASF95
 1055 0667 07       		.byte	0x7
 1056 0668 2701     		.2byte	0x127
 1057 066a DD060000 		.4byte	0x6dd
 1058 066e 14       		.uleb128 0x14
 1059 066f 9B030000 		.4byte	.LASF96
 1060 0673 07       		.byte	0x7
 1061 0674 2F01     		.2byte	0x12f
 1062 0676 3B010000 		.4byte	0x13b
 1063 067a 00       		.byte	0
 1064 067b 06       		.uleb128 0x6
 1065 067c 04       		.byte	0x4
 1066 067d 6C020000 		.4byte	0x26c
 1067 0681 09       		.uleb128 0x9
 1068 0682 C9030000 		.4byte	.LASF97
 1069 0686 0C       		.byte	0xc
 1070 0687 0B       		.byte	0xb
 1071 0688 34       		.byte	0x34
 1072 0689 A6060000 		.4byte	0x6a6
 1073 068d 0A       		.uleb128 0xa
 1074 068e 5C010000 		.4byte	.LASF98
 1075 0692 0B       		.byte	0xb
 1076 0693 35       		.byte	0x35
 1077 0694 A1020000 		.4byte	0x2a1
 1078 0698 00       		.byte	0
 1079 0699 0A       		.uleb128 0xa
 1080 069a D1010000 		.4byte	.LASF99
 1081 069e 0B       		.byte	0xb
 1082 069f 37       		.byte	0x37
 1083 06a0 46010000 		.4byte	0x146
ARM GAS  C:\Users\IDONNO~1\AppData\Local\Temp\ccBW44vo.s 			page 20


 1084 06a4 08       		.byte	0x8
 1085 06a5 00       		.byte	0
 1086 06a6 06       		.uleb128 0x6
 1087 06a7 04       		.byte	0x4
 1088 06a8 81060000 		.4byte	0x681
 1089 06ac 09       		.uleb128 0x9
 1090 06ad BA050000 		.4byte	.LASF100
 1091 06b1 10       		.byte	0x10
 1092 06b2 0C       		.byte	0xc
 1093 06b3 39       		.byte	0x39
 1094 06b4 DD060000 		.4byte	0x6dd
 1095 06b8 0A       		.uleb128 0xa
 1096 06b9 12010000 		.4byte	.LASF101
 1097 06bd 0C       		.byte	0xc
 1098 06be 3A       		.byte	0x3a
 1099 06bf A1020000 		.4byte	0x2a1
 1100 06c3 00       		.byte	0
 1101 06c4 0A       		.uleb128 0xa
 1102 06c5 F5050000 		.4byte	.LASF102
 1103 06c9 0C       		.byte	0xc
 1104 06ca 3C       		.byte	0x3c
 1105 06cb 77020000 		.4byte	0x277
 1106 06cf 08       		.byte	0x8
 1107 06d0 0A       		.uleb128 0xa
 1108 06d1 B3020000 		.4byte	.LASF103
 1109 06d5 0C       		.byte	0xc
 1110 06d6 3E       		.byte	0x3e
 1111 06d7 0E070000 		.4byte	0x70e
 1112 06db 0C       		.byte	0xc
 1113 06dc 00       		.byte	0
 1114 06dd 06       		.uleb128 0x6
 1115 06de 04       		.byte	0x4
 1116 06df AC060000 		.4byte	0x6ac
 1117 06e3 08       		.uleb128 0x8
 1118 06e4 51010000 		.4byte	0x151
 1119 06e8 06       		.uleb128 0x6
 1120 06e9 04       		.byte	0x4
 1121 06ea 54030000 		.4byte	0x354
 1122 06ee 08       		.uleb128 0x8
 1123 06ef B2000000 		.4byte	0xb2
 1124 06f3 15       		.uleb128 0x15
 1125 06f4 93040000 		.4byte	0x493
 1126 06f8 03070000 		.4byte	0x703
 1127 06fc 16       		.uleb128 0x16
 1128 06fd A2000000 		.4byte	0xa2
 1129 0701 3A       		.byte	0x3a
 1130 0702 00       		.byte	0
 1131 0703 03       		.uleb128 0x3
 1132 0704 7D010000 		.4byte	.LASF104
 1133 0708 0C       		.byte	0xc
 1134 0709 34       		.byte	0x34
 1135 070a AC060000 		.4byte	0x6ac
 1136 070e 06       		.uleb128 0x6
 1137 070f 04       		.byte	0x4
 1138 0710 03070000 		.4byte	0x703
 1139 0714 06       		.uleb128 0x6
 1140 0715 04       		.byte	0x4
ARM GAS  C:\Users\IDONNO~1\AppData\Local\Temp\ccBW44vo.s 			page 21


 1141 0716 BD000000 		.4byte	0xbd
 1142 071a 17       		.uleb128 0x17
 1143 071b 2C000000 		.4byte	0x2c
 1144 071f 33070000 		.4byte	0x733
 1145 0723 0F       		.uleb128 0xf
 1146 0724 A9000000 		.4byte	0xa9
 1147 0728 0F       		.uleb128 0xf
 1148 0729 33070000 		.4byte	0x733
 1149 072d 0F       		.uleb128 0xf
 1150 072e 2C000000 		.4byte	0x2c
 1151 0732 00       		.byte	0
 1152 0733 06       		.uleb128 0x6
 1153 0734 04       		.byte	0x4
 1154 0735 39070000 		.4byte	0x739
 1155 0739 07       		.uleb128 0x7
 1156 073a BD000000 		.4byte	0xbd
 1157 073e 06       		.uleb128 0x6
 1158 073f 04       		.byte	0x4
 1159 0740 1A070000 		.4byte	0x71a
 1160 0744 17       		.uleb128 0x17
 1161 0745 2C000000 		.4byte	0x2c
 1162 0749 5D070000 		.4byte	0x75d
 1163 074d 0F       		.uleb128 0xf
 1164 074e A9000000 		.4byte	0xa9
 1165 0752 0F       		.uleb128 0xf
 1166 0753 14070000 		.4byte	0x714
 1167 0757 0F       		.uleb128 0xf
 1168 0758 2C000000 		.4byte	0x2c
 1169 075c 00       		.byte	0
 1170 075d 06       		.uleb128 0x6
 1171 075e 04       		.byte	0x4
 1172 075f 44070000 		.4byte	0x744
 1173 0763 17       		.uleb128 0x17
 1174 0764 30010000 		.4byte	0x130
 1175 0768 77070000 		.4byte	0x777
 1176 076c 0F       		.uleb128 0xf
 1177 076d A9000000 		.4byte	0xa9
 1178 0771 0F       		.uleb128 0xf
 1179 0772 BD000000 		.4byte	0xbd
 1180 0776 00       		.byte	0
 1181 0777 06       		.uleb128 0x6
 1182 0778 04       		.byte	0x4
 1183 0779 63070000 		.4byte	0x763
 1184 077d 17       		.uleb128 0x17
 1185 077e 30010000 		.4byte	0x130
 1186 0782 8C070000 		.4byte	0x78c
 1187 0786 0F       		.uleb128 0xf
 1188 0787 A9000000 		.4byte	0xa9
 1189 078b 00       		.byte	0
 1190 078c 06       		.uleb128 0x6
 1191 078d 04       		.byte	0x4
 1192 078e 7D070000 		.4byte	0x77d
 1193 0792 04       		.uleb128 0x4
 1194 0793 01       		.byte	0x1
 1195 0794 02       		.byte	0x2
 1196 0795 52030000 		.4byte	.LASF105
 1197 0799 09       		.uleb128 0x9
ARM GAS  C:\Users\IDONNO~1\AppData\Local\Temp\ccBW44vo.s 			page 22


 1198 079a CC020000 		.4byte	.LASF106
 1199 079e 10       		.byte	0x10
 1200 079f 0D       		.byte	0xd
 1201 07a0 3D       		.byte	0x3d
 1202 07a1 D6070000 		.4byte	0x7d6
 1203 07a5 0A       		.uleb128 0xa
 1204 07a6 51020000 		.4byte	.LASF107
 1205 07aa 0D       		.byte	0xd
 1206 07ab 3E       		.byte	0x3e
 1207 07ac 3E070000 		.4byte	0x73e
 1208 07b0 00       		.byte	0
 1209 07b1 0A       		.uleb128 0xa
 1210 07b2 1B040000 		.4byte	.LASF108
 1211 07b6 0D       		.byte	0xd
 1212 07b7 3E       		.byte	0x3e
 1213 07b8 5D070000 		.4byte	0x75d
 1214 07bc 04       		.byte	0x4
 1215 07bd 11       		.uleb128 0x11
 1216 07be 70757400 		.ascii	"put\000"
 1217 07c2 0D       		.byte	0xd
 1218 07c3 3E       		.byte	0x3e
 1219 07c4 77070000 		.4byte	0x777
 1220 07c8 08       		.byte	0x8
 1221 07c9 11       		.uleb128 0x11
 1222 07ca 67657400 		.ascii	"get\000"
 1223 07ce 0D       		.byte	0xd
 1224 07cf 3E       		.byte	0x3e
 1225 07d0 8C070000 		.4byte	0x78c
 1226 07d4 0C       		.byte	0xc
 1227 07d5 00       		.byte	0
 1228 07d6 12       		.uleb128 0x12
 1229 07d7 14       		.byte	0x14
 1230 07d8 0D       		.byte	0xd
 1231 07d9 46       		.byte	0x46
 1232 07da 1B080000 		.4byte	0x81b
 1233 07de 11       		.uleb128 0x11
 1234 07df 766D7400 		.ascii	"vmt\000"
 1235 07e3 0D       		.byte	0xd
 1236 07e4 48       		.byte	0x48
 1237 07e5 1B080000 		.4byte	0x81b
 1238 07e9 00       		.byte	0
 1239 07ea 0A       		.uleb128 0xa
 1240 07eb 4D010000 		.4byte	.LASF109
 1241 07ef 0D       		.byte	0xd
 1242 07f0 49       		.byte	0x49
 1243 07f1 14070000 		.4byte	0x714
 1244 07f5 04       		.byte	0x4
 1245 07f6 0A       		.uleb128 0xa
 1246 07f7 DF050000 		.4byte	.LASF110
 1247 07fb 0D       		.byte	0xd
 1248 07fc 49       		.byte	0x49
 1249 07fd 2C000000 		.4byte	0x2c
 1250 0801 08       		.byte	0x8
 1251 0802 11       		.uleb128 0x11
 1252 0803 656F7300 		.ascii	"eos\000"
 1253 0807 0D       		.byte	0xd
 1254 0808 49       		.byte	0x49
ARM GAS  C:\Users\IDONNO~1\AppData\Local\Temp\ccBW44vo.s 			page 23


 1255 0809 2C000000 		.4byte	0x2c
 1256 080d 0C       		.byte	0xc
 1257 080e 0A       		.uleb128 0xa
 1258 080f 85050000 		.4byte	.LASF88
 1259 0813 0D       		.byte	0xd
 1260 0814 49       		.byte	0x49
 1261 0815 2C000000 		.4byte	0x2c
 1262 0819 10       		.byte	0x10
 1263 081a 00       		.byte	0
 1264 081b 06       		.uleb128 0x6
 1265 081c 04       		.byte	0x4
 1266 081d 21080000 		.4byte	0x821
 1267 0821 07       		.uleb128 0x7
 1268 0822 99070000 		.4byte	0x799
 1269 0826 03       		.uleb128 0x3
 1270 0827 35030000 		.4byte	.LASF111
 1271 082b 0D       		.byte	0xd
 1272 082c 4A       		.byte	0x4a
 1273 082d D6070000 		.4byte	0x7d6
 1274 0831 18       		.uleb128 0x18
 1275 0832 70757400 		.ascii	"put\000"
 1276 0836 01       		.byte	0x1
 1277 0837 42       		.byte	0x42
 1278 0838 30010000 		.4byte	0x130
 1279 083c 00000000 		.4byte	.LFB258
 1280 0840 1C000000 		.4byte	.LFE258-.LFB258
 1281 0844 01       		.uleb128 0x1
 1282 0845 9C       		.byte	0x9c
 1283 0846 73080000 		.4byte	0x873
 1284 084a 19       		.uleb128 0x19
 1285 084b 697000   		.ascii	"ip\000"
 1286 084e 01       		.byte	0x1
 1287 084f 42       		.byte	0x42
 1288 0850 A9000000 		.4byte	0xa9
 1289 0854 00000000 		.4byte	.LLST0
 1290 0858 1A       		.uleb128 0x1a
 1291 0859 6200     		.ascii	"b\000"
 1292 085b 01       		.byte	0x1
 1293 085c 42       		.byte	0x42
 1294 085d BD000000 		.4byte	0xbd
 1295 0861 01       		.uleb128 0x1
 1296 0862 51       		.byte	0x51
 1297 0863 1B       		.uleb128 0x1b
 1298 0864 6D737000 		.ascii	"msp\000"
 1299 0868 01       		.byte	0x1
 1300 0869 43       		.byte	0x43
 1301 086a 73080000 		.4byte	0x873
 1302 086e 3A000000 		.4byte	.LLST1
 1303 0872 00       		.byte	0
 1304 0873 06       		.uleb128 0x6
 1305 0874 04       		.byte	0x4
 1306 0875 26080000 		.4byte	0x826
 1307 0879 18       		.uleb128 0x18
 1308 087a 67657400 		.ascii	"get\000"
 1309 087e 01       		.byte	0x1
 1310 087f 4C       		.byte	0x4c
 1311 0880 30010000 		.4byte	0x130
ARM GAS  C:\Users\IDONNO~1\AppData\Local\Temp\ccBW44vo.s 			page 24


 1312 0884 00000000 		.4byte	.LFB259
 1313 0888 1A000000 		.4byte	.LFE259-.LFB259
 1314 088c 01       		.uleb128 0x1
 1315 088d 9C       		.byte	0x9c
 1316 088e BD080000 		.4byte	0x8bd
 1317 0892 19       		.uleb128 0x19
 1318 0893 697000   		.ascii	"ip\000"
 1319 0896 01       		.byte	0x1
 1320 0897 4C       		.byte	0x4c
 1321 0898 A9000000 		.4byte	0xa9
 1322 089c 74000000 		.4byte	.LLST2
 1323 08a0 1B       		.uleb128 0x1b
 1324 08a1 6200     		.ascii	"b\000"
 1325 08a3 01       		.byte	0x1
 1326 08a4 4D       		.byte	0x4d
 1327 08a5 BD000000 		.4byte	0xbd
 1328 08a9 A8000000 		.4byte	.LLST3
 1329 08ad 1B       		.uleb128 0x1b
 1330 08ae 6D737000 		.ascii	"msp\000"
 1331 08b2 01       		.byte	0x1
 1332 08b3 4E       		.byte	0x4e
 1333 08b4 73080000 		.4byte	0x873
 1334 08b8 BB000000 		.4byte	.LLST4
 1335 08bc 00       		.byte	0
 1336 08bd 1C       		.uleb128 0x1c
 1337 08be EA000000 		.4byte	.LASF112
 1338 08c2 01       		.byte	0x1
 1339 08c3 38       		.byte	0x38
 1340 08c4 2C000000 		.4byte	0x2c
 1341 08c8 00000000 		.4byte	.LFB257
 1342 08cc 26000000 		.4byte	.LFE257-.LFB257
 1343 08d0 01       		.uleb128 0x1
 1344 08d1 9C       		.byte	0x9c
 1345 08d2 26090000 		.4byte	0x926
 1346 08d6 19       		.uleb128 0x19
 1347 08d7 697000   		.ascii	"ip\000"
 1348 08da 01       		.byte	0x1
 1349 08db 38       		.byte	0x38
 1350 08dc A9000000 		.4byte	0xa9
 1351 08e0 EF000000 		.4byte	.LLST5
 1352 08e4 19       		.uleb128 0x19
 1353 08e5 627000   		.ascii	"bp\000"
 1354 08e8 01       		.byte	0x1
 1355 08e9 38       		.byte	0x38
 1356 08ea 14070000 		.4byte	0x714
 1357 08ee 0D010000 		.4byte	.LLST6
 1358 08f2 19       		.uleb128 0x19
 1359 08f3 6E00     		.ascii	"n\000"
 1360 08f5 01       		.byte	0x1
 1361 08f6 38       		.byte	0x38
 1362 08f7 2C000000 		.4byte	0x2c
 1363 08fb 39010000 		.4byte	.LLST7
 1364 08ff 1B       		.uleb128 0x1b
 1365 0900 6D737000 		.ascii	"msp\000"
 1366 0904 01       		.byte	0x1
 1367 0905 39       		.byte	0x39
 1368 0906 73080000 		.4byte	0x873
ARM GAS  C:\Users\IDONNO~1\AppData\Local\Temp\ccBW44vo.s 			page 25


 1369 090a 57010000 		.4byte	.LLST8
 1370 090e 1D       		.uleb128 0x1d
 1371 090f 1C000000 		.4byte	.LVL13
 1372 0913 030A0000 		.4byte	0xa03
 1373 0917 1E       		.uleb128 0x1e
 1374 0918 01       		.uleb128 0x1
 1375 0919 50       		.byte	0x50
 1376 091a 03       		.uleb128 0x3
 1377 091b F3       		.byte	0xf3
 1378 091c 01       		.uleb128 0x1
 1379 091d 51       		.byte	0x51
 1380 091e 1E       		.uleb128 0x1e
 1381 091f 01       		.uleb128 0x1
 1382 0920 52       		.byte	0x52
 1383 0921 02       		.uleb128 0x2
 1384 0922 74       		.byte	0x74
 1385 0923 00       		.sleb128 0
 1386 0924 00       		.byte	0
 1387 0925 00       		.byte	0
 1388 0926 1C       		.uleb128 0x1c
 1389 0927 06020000 		.4byte	.LASF113
 1390 092b 01       		.byte	0x1
 1391 092c 2E       		.byte	0x2e
 1392 092d 2C000000 		.4byte	0x2c
 1393 0931 00000000 		.4byte	.LFB256
 1394 0935 24000000 		.4byte	.LFE256-.LFB256
 1395 0939 01       		.uleb128 0x1
 1396 093a 9C       		.byte	0x9c
 1397 093b 8F090000 		.4byte	0x98f
 1398 093f 19       		.uleb128 0x19
 1399 0940 697000   		.ascii	"ip\000"
 1400 0943 01       		.byte	0x1
 1401 0944 2E       		.byte	0x2e
 1402 0945 A9000000 		.4byte	0xa9
 1403 0949 75010000 		.4byte	.LLST9
 1404 094d 19       		.uleb128 0x19
 1405 094e 627000   		.ascii	"bp\000"
 1406 0951 01       		.byte	0x1
 1407 0952 2E       		.byte	0x2e
 1408 0953 33070000 		.4byte	0x733
 1409 0957 93010000 		.4byte	.LLST10
 1410 095b 19       		.uleb128 0x19
 1411 095c 6E00     		.ascii	"n\000"
 1412 095e 01       		.byte	0x1
 1413 095f 2E       		.byte	0x2e
 1414 0960 2C000000 		.4byte	0x2c
 1415 0964 B4010000 		.4byte	.LLST11
 1416 0968 1B       		.uleb128 0x1b
 1417 0969 6D737000 		.ascii	"msp\000"
 1418 096d 01       		.byte	0x1
 1419 096e 2F       		.byte	0x2f
 1420 096f 73080000 		.4byte	0x873
 1421 0973 D2010000 		.4byte	.LLST12
 1422 0977 1D       		.uleb128 0x1d
 1423 0978 1A000000 		.4byte	.LVL18
 1424 097c 030A0000 		.4byte	0xa03
 1425 0980 1E       		.uleb128 0x1e
ARM GAS  C:\Users\IDONNO~1\AppData\Local\Temp\ccBW44vo.s 			page 26


 1426 0981 01       		.uleb128 0x1
 1427 0982 51       		.byte	0x51
 1428 0983 03       		.uleb128 0x3
 1429 0984 F3       		.byte	0xf3
 1430 0985 01       		.uleb128 0x1
 1431 0986 51       		.byte	0x51
 1432 0987 1E       		.uleb128 0x1e
 1433 0988 01       		.uleb128 0x1
 1434 0989 52       		.byte	0x52
 1435 098a 02       		.uleb128 0x2
 1436 098b 74       		.byte	0x74
 1437 098c 00       		.sleb128 0
 1438 098d 00       		.byte	0
 1439 098e 00       		.byte	0
 1440 098f 1F       		.uleb128 0x1f
 1441 0990 44020000 		.4byte	.LASF118
 1442 0994 01       		.byte	0x1
 1443 0995 67       		.byte	0x67
 1444 0996 00000000 		.4byte	.LFB260
 1445 099a 1C000000 		.4byte	.LFE260-.LFB260
 1446 099e 01       		.uleb128 0x1
 1447 099f 9C       		.byte	0x9c
 1448 09a0 DB090000 		.4byte	0x9db
 1449 09a4 1A       		.uleb128 0x1a
 1450 09a5 6D737000 		.ascii	"msp\000"
 1451 09a9 01       		.byte	0x1
 1452 09aa 67       		.byte	0x67
 1453 09ab 73080000 		.4byte	0x873
 1454 09af 01       		.uleb128 0x1
 1455 09b0 50       		.byte	0x50
 1456 09b1 20       		.uleb128 0x20
 1457 09b2 4D010000 		.4byte	.LASF109
 1458 09b6 01       		.byte	0x1
 1459 09b7 67       		.byte	0x67
 1460 09b8 14070000 		.4byte	0x714
 1461 09bc F0010000 		.4byte	.LLST13
 1462 09c0 21       		.uleb128 0x21
 1463 09c1 DF050000 		.4byte	.LASF110
 1464 09c5 01       		.byte	0x1
 1465 09c6 68       		.byte	0x68
 1466 09c7 2C000000 		.4byte	0x2c
 1467 09cb 01       		.uleb128 0x1
 1468 09cc 52       		.byte	0x52
 1469 09cd 1A       		.uleb128 0x1a
 1470 09ce 656F7300 		.ascii	"eos\000"
 1471 09d2 01       		.byte	0x1
 1472 09d3 68       		.byte	0x68
 1473 09d4 2C000000 		.4byte	0x2c
 1474 09d8 01       		.uleb128 0x1
 1475 09d9 53       		.byte	0x53
 1476 09da 00       		.byte	0
 1477 09db 22       		.uleb128 0x22
 1478 09dc 766D7400 		.ascii	"vmt\000"
 1479 09e0 01       		.byte	0x1
 1480 09e1 57       		.byte	0x57
 1481 09e2 21080000 		.4byte	0x821
 1482 09e6 05       		.uleb128 0x5
ARM GAS  C:\Users\IDONNO~1\AppData\Local\Temp\ccBW44vo.s 			page 27


 1483 09e7 03       		.byte	0x3
 1484 09e8 00000000 		.4byte	vmt
 1485 09ec 23       		.uleb128 0x23
 1486 09ed C5000000 		.4byte	.LASF114
 1487 09f1 0E       		.byte	0xe
 1488 09f2 A706     		.2byte	0x6a7
 1489 09f4 E9000000 		.4byte	0xe9
 1490 09f8 24       		.uleb128 0x24
 1491 09f9 636800   		.ascii	"ch\000"
 1492 09fc 07       		.byte	0x7
 1493 09fd 0902     		.2byte	0x209
 1494 09ff 21040000 		.4byte	0x421
 1495 0a03 25       		.uleb128 0x25
 1496 0a04 8C050000 		.4byte	.LASF119
 1497 0a08 8C050000 		.4byte	.LASF119
 1498 0a0c 00       		.byte	0
 1499              		.section	.debug_abbrev,"",%progbits
 1500              	.Ldebug_abbrev0:
 1501 0000 01       		.uleb128 0x1
 1502 0001 11       		.uleb128 0x11
 1503 0002 01       		.byte	0x1
 1504 0003 25       		.uleb128 0x25
 1505 0004 0E       		.uleb128 0xe
 1506 0005 13       		.uleb128 0x13
 1507 0006 0B       		.uleb128 0xb
 1508 0007 03       		.uleb128 0x3
 1509 0008 0E       		.uleb128 0xe
 1510 0009 1B       		.uleb128 0x1b
 1511 000a 0E       		.uleb128 0xe
 1512 000b 55       		.uleb128 0x55
 1513 000c 17       		.uleb128 0x17
 1514 000d 11       		.uleb128 0x11
 1515 000e 01       		.uleb128 0x1
 1516 000f 10       		.uleb128 0x10
 1517 0010 17       		.uleb128 0x17
 1518 0011 00       		.byte	0
 1519 0012 00       		.byte	0
 1520 0013 02       		.uleb128 0x2
 1521 0014 24       		.uleb128 0x24
 1522 0015 00       		.byte	0
 1523 0016 0B       		.uleb128 0xb
 1524 0017 0B       		.uleb128 0xb
 1525 0018 3E       		.uleb128 0x3e
 1526 0019 0B       		.uleb128 0xb
 1527 001a 03       		.uleb128 0x3
 1528 001b 08       		.uleb128 0x8
 1529 001c 00       		.byte	0
 1530 001d 00       		.byte	0
 1531 001e 03       		.uleb128 0x3
 1532 001f 16       		.uleb128 0x16
 1533 0020 00       		.byte	0
 1534 0021 03       		.uleb128 0x3
 1535 0022 0E       		.uleb128 0xe
 1536 0023 3A       		.uleb128 0x3a
 1537 0024 0B       		.uleb128 0xb
 1538 0025 3B       		.uleb128 0x3b
 1539 0026 0B       		.uleb128 0xb
ARM GAS  C:\Users\IDONNO~1\AppData\Local\Temp\ccBW44vo.s 			page 28


 1540 0027 49       		.uleb128 0x49
 1541 0028 13       		.uleb128 0x13
 1542 0029 00       		.byte	0
 1543 002a 00       		.byte	0
 1544 002b 04       		.uleb128 0x4
 1545 002c 24       		.uleb128 0x24
 1546 002d 00       		.byte	0
 1547 002e 0B       		.uleb128 0xb
 1548 002f 0B       		.uleb128 0xb
 1549 0030 3E       		.uleb128 0x3e
 1550 0031 0B       		.uleb128 0xb
 1551 0032 03       		.uleb128 0x3
 1552 0033 0E       		.uleb128 0xe
 1553 0034 00       		.byte	0
 1554 0035 00       		.byte	0
 1555 0036 05       		.uleb128 0x5
 1556 0037 0F       		.uleb128 0xf
 1557 0038 00       		.byte	0
 1558 0039 0B       		.uleb128 0xb
 1559 003a 0B       		.uleb128 0xb
 1560 003b 00       		.byte	0
 1561 003c 00       		.byte	0
 1562 003d 06       		.uleb128 0x6
 1563 003e 0F       		.uleb128 0xf
 1564 003f 00       		.byte	0
 1565 0040 0B       		.uleb128 0xb
 1566 0041 0B       		.uleb128 0xb
 1567 0042 49       		.uleb128 0x49
 1568 0043 13       		.uleb128 0x13
 1569 0044 00       		.byte	0
 1570 0045 00       		.byte	0
 1571 0046 07       		.uleb128 0x7
 1572 0047 26       		.uleb128 0x26
 1573 0048 00       		.byte	0
 1574 0049 49       		.uleb128 0x49
 1575 004a 13       		.uleb128 0x13
 1576 004b 00       		.byte	0
 1577 004c 00       		.byte	0
 1578 004d 08       		.uleb128 0x8
 1579 004e 35       		.uleb128 0x35
 1580 004f 00       		.byte	0
 1581 0050 49       		.uleb128 0x49
 1582 0051 13       		.uleb128 0x13
 1583 0052 00       		.byte	0
 1584 0053 00       		.byte	0
 1585 0054 09       		.uleb128 0x9
 1586 0055 13       		.uleb128 0x13
 1587 0056 01       		.byte	0x1
 1588 0057 03       		.uleb128 0x3
 1589 0058 0E       		.uleb128 0xe
 1590 0059 0B       		.uleb128 0xb
 1591 005a 0B       		.uleb128 0xb
 1592 005b 3A       		.uleb128 0x3a
 1593 005c 0B       		.uleb128 0xb
 1594 005d 3B       		.uleb128 0x3b
 1595 005e 0B       		.uleb128 0xb
 1596 005f 01       		.uleb128 0x1
ARM GAS  C:\Users\IDONNO~1\AppData\Local\Temp\ccBW44vo.s 			page 29


 1597 0060 13       		.uleb128 0x13
 1598 0061 00       		.byte	0
 1599 0062 00       		.byte	0
 1600 0063 0A       		.uleb128 0xa
 1601 0064 0D       		.uleb128 0xd
 1602 0065 00       		.byte	0
 1603 0066 03       		.uleb128 0x3
 1604 0067 0E       		.uleb128 0xe
 1605 0068 3A       		.uleb128 0x3a
 1606 0069 0B       		.uleb128 0xb
 1607 006a 3B       		.uleb128 0x3b
 1608 006b 0B       		.uleb128 0xb
 1609 006c 49       		.uleb128 0x49
 1610 006d 13       		.uleb128 0x13
 1611 006e 38       		.uleb128 0x38
 1612 006f 0B       		.uleb128 0xb
 1613 0070 00       		.byte	0
 1614 0071 00       		.byte	0
 1615 0072 0B       		.uleb128 0xb
 1616 0073 0D       		.uleb128 0xd
 1617 0074 00       		.byte	0
 1618 0075 03       		.uleb128 0x3
 1619 0076 08       		.uleb128 0x8
 1620 0077 3A       		.uleb128 0x3a
 1621 0078 0B       		.uleb128 0xb
 1622 0079 3B       		.uleb128 0x3b
 1623 007a 05       		.uleb128 0x5
 1624 007b 49       		.uleb128 0x49
 1625 007c 13       		.uleb128 0x13
 1626 007d 38       		.uleb128 0x38
 1627 007e 0B       		.uleb128 0xb
 1628 007f 00       		.byte	0
 1629 0080 00       		.byte	0
 1630 0081 0C       		.uleb128 0xc
 1631 0082 0D       		.uleb128 0xd
 1632 0083 00       		.byte	0
 1633 0084 03       		.uleb128 0x3
 1634 0085 0E       		.uleb128 0xe
 1635 0086 3A       		.uleb128 0x3a
 1636 0087 0B       		.uleb128 0xb
 1637 0088 3B       		.uleb128 0x3b
 1638 0089 05       		.uleb128 0x5
 1639 008a 49       		.uleb128 0x49
 1640 008b 13       		.uleb128 0x13
 1641 008c 38       		.uleb128 0x38
 1642 008d 0B       		.uleb128 0xb
 1643 008e 00       		.byte	0
 1644 008f 00       		.byte	0
 1645 0090 0D       		.uleb128 0xd
 1646 0091 13       		.uleb128 0x13
 1647 0092 01       		.byte	0x1
 1648 0093 03       		.uleb128 0x3
 1649 0094 0E       		.uleb128 0xe
 1650 0095 0B       		.uleb128 0xb
 1651 0096 0B       		.uleb128 0xb
 1652 0097 3A       		.uleb128 0x3a
 1653 0098 0B       		.uleb128 0xb
ARM GAS  C:\Users\IDONNO~1\AppData\Local\Temp\ccBW44vo.s 			page 30


 1654 0099 3B       		.uleb128 0x3b
 1655 009a 05       		.uleb128 0x5
 1656 009b 01       		.uleb128 0x1
 1657 009c 13       		.uleb128 0x13
 1658 009d 00       		.byte	0
 1659 009e 00       		.byte	0
 1660 009f 0E       		.uleb128 0xe
 1661 00a0 15       		.uleb128 0x15
 1662 00a1 01       		.byte	0x1
 1663 00a2 27       		.uleb128 0x27
 1664 00a3 19       		.uleb128 0x19
 1665 00a4 01       		.uleb128 0x1
 1666 00a5 13       		.uleb128 0x13
 1667 00a6 00       		.byte	0
 1668 00a7 00       		.byte	0
 1669 00a8 0F       		.uleb128 0xf
 1670 00a9 05       		.uleb128 0x5
 1671 00aa 00       		.byte	0
 1672 00ab 49       		.uleb128 0x49
 1673 00ac 13       		.uleb128 0x13
 1674 00ad 00       		.byte	0
 1675 00ae 00       		.byte	0
 1676 00af 10       		.uleb128 0x10
 1677 00b0 13       		.uleb128 0x13
 1678 00b1 01       		.byte	0x1
 1679 00b2 03       		.uleb128 0x3
 1680 00b3 0E       		.uleb128 0xe
 1681 00b4 0B       		.uleb128 0xb
 1682 00b5 05       		.uleb128 0x5
 1683 00b6 3A       		.uleb128 0x3a
 1684 00b7 0B       		.uleb128 0xb
 1685 00b8 3B       		.uleb128 0x3b
 1686 00b9 05       		.uleb128 0x5
 1687 00ba 01       		.uleb128 0x1
 1688 00bb 13       		.uleb128 0x13
 1689 00bc 00       		.byte	0
 1690 00bd 00       		.byte	0
 1691 00be 11       		.uleb128 0x11
 1692 00bf 0D       		.uleb128 0xd
 1693 00c0 00       		.byte	0
 1694 00c1 03       		.uleb128 0x3
 1695 00c2 08       		.uleb128 0x8
 1696 00c3 3A       		.uleb128 0x3a
 1697 00c4 0B       		.uleb128 0xb
 1698 00c5 3B       		.uleb128 0x3b
 1699 00c6 0B       		.uleb128 0xb
 1700 00c7 49       		.uleb128 0x49
 1701 00c8 13       		.uleb128 0x13
 1702 00c9 38       		.uleb128 0x38
 1703 00ca 0B       		.uleb128 0xb
 1704 00cb 00       		.byte	0
 1705 00cc 00       		.byte	0
 1706 00cd 12       		.uleb128 0x12
 1707 00ce 13       		.uleb128 0x13
 1708 00cf 01       		.byte	0x1
 1709 00d0 0B       		.uleb128 0xb
 1710 00d1 0B       		.uleb128 0xb
ARM GAS  C:\Users\IDONNO~1\AppData\Local\Temp\ccBW44vo.s 			page 31


 1711 00d2 3A       		.uleb128 0x3a
 1712 00d3 0B       		.uleb128 0xb
 1713 00d4 3B       		.uleb128 0x3b
 1714 00d5 0B       		.uleb128 0xb
 1715 00d6 01       		.uleb128 0x1
 1716 00d7 13       		.uleb128 0x13
 1717 00d8 00       		.byte	0
 1718 00d9 00       		.byte	0
 1719 00da 13       		.uleb128 0x13
 1720 00db 17       		.uleb128 0x17
 1721 00dc 01       		.byte	0x1
 1722 00dd 0B       		.uleb128 0xb
 1723 00de 0B       		.uleb128 0xb
 1724 00df 3A       		.uleb128 0x3a
 1725 00e0 0B       		.uleb128 0xb
 1726 00e1 3B       		.uleb128 0x3b
 1727 00e2 0B       		.uleb128 0xb
 1728 00e3 01       		.uleb128 0x1
 1729 00e4 13       		.uleb128 0x13
 1730 00e5 00       		.byte	0
 1731 00e6 00       		.byte	0
 1732 00e7 14       		.uleb128 0x14
 1733 00e8 0D       		.uleb128 0xd
 1734 00e9 00       		.byte	0
 1735 00ea 03       		.uleb128 0x3
 1736 00eb 0E       		.uleb128 0xe
 1737 00ec 3A       		.uleb128 0x3a
 1738 00ed 0B       		.uleb128 0xb
 1739 00ee 3B       		.uleb128 0x3b
 1740 00ef 05       		.uleb128 0x5
 1741 00f0 49       		.uleb128 0x49
 1742 00f1 13       		.uleb128 0x13
 1743 00f2 00       		.byte	0
 1744 00f3 00       		.byte	0
 1745 00f4 15       		.uleb128 0x15
 1746 00f5 01       		.uleb128 0x1
 1747 00f6 01       		.byte	0x1
 1748 00f7 49       		.uleb128 0x49
 1749 00f8 13       		.uleb128 0x13
 1750 00f9 01       		.uleb128 0x1
 1751 00fa 13       		.uleb128 0x13
 1752 00fb 00       		.byte	0
 1753 00fc 00       		.byte	0
 1754 00fd 16       		.uleb128 0x16
 1755 00fe 21       		.uleb128 0x21
 1756 00ff 00       		.byte	0
 1757 0100 49       		.uleb128 0x49
 1758 0101 13       		.uleb128 0x13
 1759 0102 2F       		.uleb128 0x2f
 1760 0103 0B       		.uleb128 0xb
 1761 0104 00       		.byte	0
 1762 0105 00       		.byte	0
 1763 0106 17       		.uleb128 0x17
 1764 0107 15       		.uleb128 0x15
 1765 0108 01       		.byte	0x1
 1766 0109 27       		.uleb128 0x27
 1767 010a 19       		.uleb128 0x19
ARM GAS  C:\Users\IDONNO~1\AppData\Local\Temp\ccBW44vo.s 			page 32


 1768 010b 49       		.uleb128 0x49
 1769 010c 13       		.uleb128 0x13
 1770 010d 01       		.uleb128 0x1
 1771 010e 13       		.uleb128 0x13
 1772 010f 00       		.byte	0
 1773 0110 00       		.byte	0
 1774 0111 18       		.uleb128 0x18
 1775 0112 2E       		.uleb128 0x2e
 1776 0113 01       		.byte	0x1
 1777 0114 03       		.uleb128 0x3
 1778 0115 08       		.uleb128 0x8
 1779 0116 3A       		.uleb128 0x3a
 1780 0117 0B       		.uleb128 0xb
 1781 0118 3B       		.uleb128 0x3b
 1782 0119 0B       		.uleb128 0xb
 1783 011a 27       		.uleb128 0x27
 1784 011b 19       		.uleb128 0x19
 1785 011c 49       		.uleb128 0x49
 1786 011d 13       		.uleb128 0x13
 1787 011e 11       		.uleb128 0x11
 1788 011f 01       		.uleb128 0x1
 1789 0120 12       		.uleb128 0x12
 1790 0121 06       		.uleb128 0x6
 1791 0122 40       		.uleb128 0x40
 1792 0123 18       		.uleb128 0x18
 1793 0124 9742     		.uleb128 0x2117
 1794 0126 19       		.uleb128 0x19
 1795 0127 01       		.uleb128 0x1
 1796 0128 13       		.uleb128 0x13
 1797 0129 00       		.byte	0
 1798 012a 00       		.byte	0
 1799 012b 19       		.uleb128 0x19
 1800 012c 05       		.uleb128 0x5
 1801 012d 00       		.byte	0
 1802 012e 03       		.uleb128 0x3
 1803 012f 08       		.uleb128 0x8
 1804 0130 3A       		.uleb128 0x3a
 1805 0131 0B       		.uleb128 0xb
 1806 0132 3B       		.uleb128 0x3b
 1807 0133 0B       		.uleb128 0xb
 1808 0134 49       		.uleb128 0x49
 1809 0135 13       		.uleb128 0x13
 1810 0136 02       		.uleb128 0x2
 1811 0137 17       		.uleb128 0x17
 1812 0138 00       		.byte	0
 1813 0139 00       		.byte	0
 1814 013a 1A       		.uleb128 0x1a
 1815 013b 05       		.uleb128 0x5
 1816 013c 00       		.byte	0
 1817 013d 03       		.uleb128 0x3
 1818 013e 08       		.uleb128 0x8
 1819 013f 3A       		.uleb128 0x3a
 1820 0140 0B       		.uleb128 0xb
 1821 0141 3B       		.uleb128 0x3b
 1822 0142 0B       		.uleb128 0xb
 1823 0143 49       		.uleb128 0x49
 1824 0144 13       		.uleb128 0x13
ARM GAS  C:\Users\IDONNO~1\AppData\Local\Temp\ccBW44vo.s 			page 33


 1825 0145 02       		.uleb128 0x2
 1826 0146 18       		.uleb128 0x18
 1827 0147 00       		.byte	0
 1828 0148 00       		.byte	0
 1829 0149 1B       		.uleb128 0x1b
 1830 014a 34       		.uleb128 0x34
 1831 014b 00       		.byte	0
 1832 014c 03       		.uleb128 0x3
 1833 014d 08       		.uleb128 0x8
 1834 014e 3A       		.uleb128 0x3a
 1835 014f 0B       		.uleb128 0xb
 1836 0150 3B       		.uleb128 0x3b
 1837 0151 0B       		.uleb128 0xb
 1838 0152 49       		.uleb128 0x49
 1839 0153 13       		.uleb128 0x13
 1840 0154 02       		.uleb128 0x2
 1841 0155 17       		.uleb128 0x17
 1842 0156 00       		.byte	0
 1843 0157 00       		.byte	0
 1844 0158 1C       		.uleb128 0x1c
 1845 0159 2E       		.uleb128 0x2e
 1846 015a 01       		.byte	0x1
 1847 015b 03       		.uleb128 0x3
 1848 015c 0E       		.uleb128 0xe
 1849 015d 3A       		.uleb128 0x3a
 1850 015e 0B       		.uleb128 0xb
 1851 015f 3B       		.uleb128 0x3b
 1852 0160 0B       		.uleb128 0xb
 1853 0161 27       		.uleb128 0x27
 1854 0162 19       		.uleb128 0x19
 1855 0163 49       		.uleb128 0x49
 1856 0164 13       		.uleb128 0x13
 1857 0165 11       		.uleb128 0x11
 1858 0166 01       		.uleb128 0x1
 1859 0167 12       		.uleb128 0x12
 1860 0168 06       		.uleb128 0x6
 1861 0169 40       		.uleb128 0x40
 1862 016a 18       		.uleb128 0x18
 1863 016b 9742     		.uleb128 0x2117
 1864 016d 19       		.uleb128 0x19
 1865 016e 01       		.uleb128 0x1
 1866 016f 13       		.uleb128 0x13
 1867 0170 00       		.byte	0
 1868 0171 00       		.byte	0
 1869 0172 1D       		.uleb128 0x1d
 1870 0173 898201   		.uleb128 0x4109
 1871 0176 01       		.byte	0x1
 1872 0177 11       		.uleb128 0x11
 1873 0178 01       		.uleb128 0x1
 1874 0179 31       		.uleb128 0x31
 1875 017a 13       		.uleb128 0x13
 1876 017b 00       		.byte	0
 1877 017c 00       		.byte	0
 1878 017d 1E       		.uleb128 0x1e
 1879 017e 8A8201   		.uleb128 0x410a
 1880 0181 00       		.byte	0
 1881 0182 02       		.uleb128 0x2
ARM GAS  C:\Users\IDONNO~1\AppData\Local\Temp\ccBW44vo.s 			page 34


 1882 0183 18       		.uleb128 0x18
 1883 0184 9142     		.uleb128 0x2111
 1884 0186 18       		.uleb128 0x18
 1885 0187 00       		.byte	0
 1886 0188 00       		.byte	0
 1887 0189 1F       		.uleb128 0x1f
 1888 018a 2E       		.uleb128 0x2e
 1889 018b 01       		.byte	0x1
 1890 018c 3F       		.uleb128 0x3f
 1891 018d 19       		.uleb128 0x19
 1892 018e 03       		.uleb128 0x3
 1893 018f 0E       		.uleb128 0xe
 1894 0190 3A       		.uleb128 0x3a
 1895 0191 0B       		.uleb128 0xb
 1896 0192 3B       		.uleb128 0x3b
 1897 0193 0B       		.uleb128 0xb
 1898 0194 27       		.uleb128 0x27
 1899 0195 19       		.uleb128 0x19
 1900 0196 11       		.uleb128 0x11
 1901 0197 01       		.uleb128 0x1
 1902 0198 12       		.uleb128 0x12
 1903 0199 06       		.uleb128 0x6
 1904 019a 40       		.uleb128 0x40
 1905 019b 18       		.uleb128 0x18
 1906 019c 9742     		.uleb128 0x2117
 1907 019e 19       		.uleb128 0x19
 1908 019f 01       		.uleb128 0x1
 1909 01a0 13       		.uleb128 0x13
 1910 01a1 00       		.byte	0
 1911 01a2 00       		.byte	0
 1912 01a3 20       		.uleb128 0x20
 1913 01a4 05       		.uleb128 0x5
 1914 01a5 00       		.byte	0
 1915 01a6 03       		.uleb128 0x3
 1916 01a7 0E       		.uleb128 0xe
 1917 01a8 3A       		.uleb128 0x3a
 1918 01a9 0B       		.uleb128 0xb
 1919 01aa 3B       		.uleb128 0x3b
 1920 01ab 0B       		.uleb128 0xb
 1921 01ac 49       		.uleb128 0x49
 1922 01ad 13       		.uleb128 0x13
 1923 01ae 02       		.uleb128 0x2
 1924 01af 17       		.uleb128 0x17
 1925 01b0 00       		.byte	0
 1926 01b1 00       		.byte	0
 1927 01b2 21       		.uleb128 0x21
 1928 01b3 05       		.uleb128 0x5
 1929 01b4 00       		.byte	0
 1930 01b5 03       		.uleb128 0x3
 1931 01b6 0E       		.uleb128 0xe
 1932 01b7 3A       		.uleb128 0x3a
 1933 01b8 0B       		.uleb128 0xb
 1934 01b9 3B       		.uleb128 0x3b
 1935 01ba 0B       		.uleb128 0xb
 1936 01bb 49       		.uleb128 0x49
 1937 01bc 13       		.uleb128 0x13
 1938 01bd 02       		.uleb128 0x2
ARM GAS  C:\Users\IDONNO~1\AppData\Local\Temp\ccBW44vo.s 			page 35


 1939 01be 18       		.uleb128 0x18
 1940 01bf 00       		.byte	0
 1941 01c0 00       		.byte	0
 1942 01c1 22       		.uleb128 0x22
 1943 01c2 34       		.uleb128 0x34
 1944 01c3 00       		.byte	0
 1945 01c4 03       		.uleb128 0x3
 1946 01c5 08       		.uleb128 0x8
 1947 01c6 3A       		.uleb128 0x3a
 1948 01c7 0B       		.uleb128 0xb
 1949 01c8 3B       		.uleb128 0x3b
 1950 01c9 0B       		.uleb128 0xb
 1951 01ca 49       		.uleb128 0x49
 1952 01cb 13       		.uleb128 0x13
 1953 01cc 02       		.uleb128 0x2
 1954 01cd 18       		.uleb128 0x18
 1955 01ce 00       		.byte	0
 1956 01cf 00       		.byte	0
 1957 01d0 23       		.uleb128 0x23
 1958 01d1 34       		.uleb128 0x34
 1959 01d2 00       		.byte	0
 1960 01d3 03       		.uleb128 0x3
 1961 01d4 0E       		.uleb128 0xe
 1962 01d5 3A       		.uleb128 0x3a
 1963 01d6 0B       		.uleb128 0xb
 1964 01d7 3B       		.uleb128 0x3b
 1965 01d8 05       		.uleb128 0x5
 1966 01d9 49       		.uleb128 0x49
 1967 01da 13       		.uleb128 0x13
 1968 01db 3F       		.uleb128 0x3f
 1969 01dc 19       		.uleb128 0x19
 1970 01dd 3C       		.uleb128 0x3c
 1971 01de 19       		.uleb128 0x19
 1972 01df 00       		.byte	0
 1973 01e0 00       		.byte	0
 1974 01e1 24       		.uleb128 0x24
 1975 01e2 34       		.uleb128 0x34
 1976 01e3 00       		.byte	0
 1977 01e4 03       		.uleb128 0x3
 1978 01e5 08       		.uleb128 0x8
 1979 01e6 3A       		.uleb128 0x3a
 1980 01e7 0B       		.uleb128 0xb
 1981 01e8 3B       		.uleb128 0x3b
 1982 01e9 05       		.uleb128 0x5
 1983 01ea 49       		.uleb128 0x49
 1984 01eb 13       		.uleb128 0x13
 1985 01ec 3F       		.uleb128 0x3f
 1986 01ed 19       		.uleb128 0x19
 1987 01ee 3C       		.uleb128 0x3c
 1988 01ef 19       		.uleb128 0x19
 1989 01f0 00       		.byte	0
 1990 01f1 00       		.byte	0
 1991 01f2 25       		.uleb128 0x25
 1992 01f3 2E       		.uleb128 0x2e
 1993 01f4 00       		.byte	0
 1994 01f5 3F       		.uleb128 0x3f
 1995 01f6 19       		.uleb128 0x19
ARM GAS  C:\Users\IDONNO~1\AppData\Local\Temp\ccBW44vo.s 			page 36


 1996 01f7 3C       		.uleb128 0x3c
 1997 01f8 19       		.uleb128 0x19
 1998 01f9 6E       		.uleb128 0x6e
 1999 01fa 0E       		.uleb128 0xe
 2000 01fb 03       		.uleb128 0x3
 2001 01fc 0E       		.uleb128 0xe
 2002 01fd 00       		.byte	0
 2003 01fe 00       		.byte	0
 2004 01ff 00       		.byte	0
 2005              		.section	.debug_loc,"",%progbits
 2006              	.Ldebug_loc0:
 2007              	.LLST0:
 2008 0000 00000000 		.4byte	.LVL0
 2009 0004 14000000 		.4byte	.LVL1
 2010 0008 0100     		.2byte	0x1
 2011 000a 50       		.byte	0x50
 2012 000b 14000000 		.4byte	.LVL1
 2013 000f 16000000 		.4byte	.LVL2
 2014 0013 0400     		.2byte	0x4
 2015 0015 F3       		.byte	0xf3
 2016 0016 01       		.uleb128 0x1
 2017 0017 50       		.byte	0x50
 2018 0018 9F       		.byte	0x9f
 2019 0019 16000000 		.4byte	.LVL2
 2020 001d 1A000000 		.4byte	.LVL3
 2021 0021 0100     		.2byte	0x1
 2022 0023 50       		.byte	0x50
 2023 0024 1A000000 		.4byte	.LVL3
 2024 0028 1C000000 		.4byte	.LFE258
 2025 002c 0400     		.2byte	0x4
 2026 002e F3       		.byte	0xf3
 2027 002f 01       		.uleb128 0x1
 2028 0030 50       		.byte	0x50
 2029 0031 9F       		.byte	0x9f
 2030 0032 00000000 		.4byte	0
 2031 0036 00000000 		.4byte	0
 2032              	.LLST1:
 2033 003a 00000000 		.4byte	.LVL0
 2034 003e 14000000 		.4byte	.LVL1
 2035 0042 0100     		.2byte	0x1
 2036 0044 50       		.byte	0x50
 2037 0045 14000000 		.4byte	.LVL1
 2038 0049 16000000 		.4byte	.LVL2
 2039 004d 0400     		.2byte	0x4
 2040 004f F3       		.byte	0xf3
 2041 0050 01       		.uleb128 0x1
 2042 0051 50       		.byte	0x50
 2043 0052 9F       		.byte	0x9f
 2044 0053 16000000 		.4byte	.LVL2
 2045 0057 1A000000 		.4byte	.LVL3
 2046 005b 0100     		.2byte	0x1
 2047 005d 50       		.byte	0x50
 2048 005e 1A000000 		.4byte	.LVL3
 2049 0062 1C000000 		.4byte	.LFE258
 2050 0066 0400     		.2byte	0x4
 2051 0068 F3       		.byte	0xf3
 2052 0069 01       		.uleb128 0x1
ARM GAS  C:\Users\IDONNO~1\AppData\Local\Temp\ccBW44vo.s 			page 37


 2053 006a 50       		.byte	0x50
 2054 006b 9F       		.byte	0x9f
 2055 006c 00000000 		.4byte	0
 2056 0070 00000000 		.4byte	0
 2057              	.LLST2:
 2058 0074 00000000 		.4byte	.LVL4
 2059 0078 0E000000 		.4byte	.LVL6
 2060 007c 0100     		.2byte	0x1
 2061 007e 50       		.byte	0x50
 2062 007f 0E000000 		.4byte	.LVL6
 2063 0083 14000000 		.4byte	.LVL7
 2064 0087 0100     		.2byte	0x1
 2065 0089 52       		.byte	0x52
 2066 008a 14000000 		.4byte	.LVL7
 2067 008e 18000000 		.4byte	.LVL8
 2068 0092 0100     		.2byte	0x1
 2069 0094 50       		.byte	0x50
 2070 0095 18000000 		.4byte	.LVL8
 2071 0099 1A000000 		.4byte	.LFE259
 2072 009d 0100     		.2byte	0x1
 2073 009f 52       		.byte	0x52
 2074 00a0 00000000 		.4byte	0
 2075 00a4 00000000 		.4byte	0
 2076              	.LLST3:
 2077 00a8 0E000000 		.4byte	.LVL6
 2078 00ac 14000000 		.4byte	.LVL7
 2079 00b0 0100     		.2byte	0x1
 2080 00b2 50       		.byte	0x50
 2081 00b3 00000000 		.4byte	0
 2082 00b7 00000000 		.4byte	0
 2083              	.LLST4:
 2084 00bb 08000000 		.4byte	.LVL5
 2085 00bf 0E000000 		.4byte	.LVL6
 2086 00c3 0100     		.2byte	0x1
 2087 00c5 50       		.byte	0x50
 2088 00c6 0E000000 		.4byte	.LVL6
 2089 00ca 14000000 		.4byte	.LVL7
 2090 00ce 0100     		.2byte	0x1
 2091 00d0 52       		.byte	0x52
 2092 00d1 14000000 		.4byte	.LVL7
 2093 00d5 18000000 		.4byte	.LVL8
 2094 00d9 0100     		.2byte	0x1
 2095 00db 50       		.byte	0x50
 2096 00dc 18000000 		.4byte	.LVL8
 2097 00e0 1A000000 		.4byte	.LFE259
 2098 00e4 0100     		.2byte	0x1
 2099 00e6 52       		.byte	0x52
 2100 00e7 00000000 		.4byte	0
 2101 00eb 00000000 		.4byte	0
 2102              	.LLST5:
 2103 00ef 00000000 		.4byte	.LVL9
 2104 00f3 16000000 		.4byte	.LVL11
 2105 00f7 0100     		.2byte	0x1
 2106 00f9 50       		.byte	0x50
 2107 00fa 16000000 		.4byte	.LVL11
 2108 00fe 26000000 		.4byte	.LFE257
 2109 0102 0100     		.2byte	0x1
ARM GAS  C:\Users\IDONNO~1\AppData\Local\Temp\ccBW44vo.s 			page 38


 2110 0104 55       		.byte	0x55
 2111 0105 00000000 		.4byte	0
 2112 0109 00000000 		.4byte	0
 2113              	.LLST6:
 2114 010d 00000000 		.4byte	.LVL9
 2115 0111 18000000 		.4byte	.LVL12
 2116 0115 0100     		.2byte	0x1
 2117 0117 51       		.byte	0x51
 2118 0118 18000000 		.4byte	.LVL12
 2119 011c 1B000000 		.4byte	.LVL13-1
 2120 0120 0100     		.2byte	0x1
 2121 0122 50       		.byte	0x50
 2122 0123 1B000000 		.4byte	.LVL13-1
 2123 0127 26000000 		.4byte	.LFE257
 2124 012b 0400     		.2byte	0x4
 2125 012d F3       		.byte	0xf3
 2126 012e 01       		.uleb128 0x1
 2127 012f 51       		.byte	0x51
 2128 0130 9F       		.byte	0x9f
 2129 0131 00000000 		.4byte	0
 2130 0135 00000000 		.4byte	0
 2131              	.LLST7:
 2132 0139 00000000 		.4byte	.LVL9
 2133 013d 12000000 		.4byte	.LVL10
 2134 0141 0100     		.2byte	0x1
 2135 0143 52       		.byte	0x52
 2136 0144 12000000 		.4byte	.LVL10
 2137 0148 26000000 		.4byte	.LFE257
 2138 014c 0100     		.2byte	0x1
 2139 014e 54       		.byte	0x54
 2140 014f 00000000 		.4byte	0
 2141 0153 00000000 		.4byte	0
 2142              	.LLST8:
 2143 0157 12000000 		.4byte	.LVL10
 2144 015b 16000000 		.4byte	.LVL11
 2145 015f 0100     		.2byte	0x1
 2146 0161 50       		.byte	0x50
 2147 0162 16000000 		.4byte	.LVL11
 2148 0166 26000000 		.4byte	.LFE257
 2149 016a 0100     		.2byte	0x1
 2150 016c 55       		.byte	0x55
 2151 016d 00000000 		.4byte	0
 2152 0171 00000000 		.4byte	0
 2153              	.LLST9:
 2154 0175 00000000 		.4byte	.LVL14
 2155 0179 0E000000 		.4byte	.LVL16
 2156 017d 0100     		.2byte	0x1
 2157 017f 50       		.byte	0x50
 2158 0180 0E000000 		.4byte	.LVL16
 2159 0184 24000000 		.4byte	.LFE256
 2160 0188 0100     		.2byte	0x1
 2161 018a 55       		.byte	0x55
 2162 018b 00000000 		.4byte	0
 2163 018f 00000000 		.4byte	0
 2164              	.LLST10:
 2165 0193 00000000 		.4byte	.LVL14
 2166 0197 19000000 		.4byte	.LVL18-1
ARM GAS  C:\Users\IDONNO~1\AppData\Local\Temp\ccBW44vo.s 			page 39


 2167 019b 0100     		.2byte	0x1
 2168 019d 51       		.byte	0x51
 2169 019e 19000000 		.4byte	.LVL18-1
 2170 01a2 24000000 		.4byte	.LFE256
 2171 01a6 0400     		.2byte	0x4
 2172 01a8 F3       		.byte	0xf3
 2173 01a9 01       		.uleb128 0x1
 2174 01aa 51       		.byte	0x51
 2175 01ab 9F       		.byte	0x9f
 2176 01ac 00000000 		.4byte	0
 2177 01b0 00000000 		.4byte	0
 2178              	.LLST11:
 2179 01b4 00000000 		.4byte	.LVL14
 2180 01b8 12000000 		.4byte	.LVL17
 2181 01bc 0100     		.2byte	0x1
 2182 01be 52       		.byte	0x52
 2183 01bf 12000000 		.4byte	.LVL17
 2184 01c3 24000000 		.4byte	.LFE256
 2185 01c7 0100     		.2byte	0x1
 2186 01c9 54       		.byte	0x54
 2187 01ca 00000000 		.4byte	0
 2188 01ce 00000000 		.4byte	0
 2189              	.LLST12:
 2190 01d2 0A000000 		.4byte	.LVL15
 2191 01d6 0E000000 		.4byte	.LVL16
 2192 01da 0100     		.2byte	0x1
 2193 01dc 50       		.byte	0x50
 2194 01dd 0E000000 		.4byte	.LVL16
 2195 01e1 24000000 		.4byte	.LFE256
 2196 01e5 0100     		.2byte	0x1
 2197 01e7 55       		.byte	0x55
 2198 01e8 00000000 		.4byte	0
 2199 01ec 00000000 		.4byte	0
 2200              	.LLST13:
 2201 01f0 00000000 		.4byte	.LVL19
 2202 01f4 0A000000 		.4byte	.LVL20
 2203 01f8 0100     		.2byte	0x1
 2204 01fa 51       		.byte	0x51
 2205 01fb 0A000000 		.4byte	.LVL20
 2206 01ff 1C000000 		.4byte	.LFE260
 2207 0203 0200     		.2byte	0x2
 2208 0205 70       		.byte	0x70
 2209 0206 04       		.sleb128 4
 2210 0207 00000000 		.4byte	0
 2211 020b 00000000 		.4byte	0
 2212              		.section	.debug_aranges,"",%progbits
 2213 0000 3C000000 		.4byte	0x3c
 2214 0004 0200     		.2byte	0x2
 2215 0006 00000000 		.4byte	.Ldebug_info0
 2216 000a 04       		.byte	0x4
 2217 000b 00       		.byte	0
 2218 000c 0000     		.2byte	0
 2219 000e 0000     		.2byte	0
 2220 0010 00000000 		.4byte	.LFB258
 2221 0014 1C000000 		.4byte	.LFE258-.LFB258
 2222 0018 00000000 		.4byte	.LFB259
 2223 001c 1A000000 		.4byte	.LFE259-.LFB259
ARM GAS  C:\Users\IDONNO~1\AppData\Local\Temp\ccBW44vo.s 			page 40


 2224 0020 00000000 		.4byte	.LFB257
 2225 0024 26000000 		.4byte	.LFE257-.LFB257
 2226 0028 00000000 		.4byte	.LFB256
 2227 002c 24000000 		.4byte	.LFE256-.LFB256
 2228 0030 00000000 		.4byte	.LFB260
 2229 0034 1C000000 		.4byte	.LFE260-.LFB260
 2230 0038 00000000 		.4byte	0
 2231 003c 00000000 		.4byte	0
 2232              		.section	.debug_ranges,"",%progbits
 2233              	.Ldebug_ranges0:
 2234 0000 00000000 		.4byte	.LFB258
 2235 0004 1C000000 		.4byte	.LFE258
 2236 0008 00000000 		.4byte	.LFB259
 2237 000c 1A000000 		.4byte	.LFE259
 2238 0010 00000000 		.4byte	.LFB257
 2239 0014 26000000 		.4byte	.LFE257
 2240 0018 00000000 		.4byte	.LFB256
 2241 001c 24000000 		.4byte	.LFE256
 2242 0020 00000000 		.4byte	.LFB260
 2243 0024 1C000000 		.4byte	.LFE260
 2244 0028 00000000 		.4byte	0
 2245 002c 00000000 		.4byte	0
 2246              		.section	.debug_line,"",%progbits
 2247              	.Ldebug_line0:
 2248 0000 13030000 		.section	.debug_str,"MS",%progbits,1
 2248      02009E02 
 2248      00000201 
 2248      FB0E0D00 
 2248      01010101 
 2249              	.LASF51:
 2250 0000 74687265 		.ascii	"threads_list_t\000"
 2250      6164735F 
 2250      6C697374 
 2250      5F7400
 2251              	.LASF23:
 2252 000f 74726566 		.ascii	"trefs_t\000"
 2252      735F7400 
 2253              	.LASF56:
 2254 0017 72656164 		.ascii	"ready_list_t\000"
 2254      795F6C69 
 2254      73745F74 
 2254      00
 2255              	.LASF2:
 2256 0024 73697A65 		.ascii	"size_t\000"
 2256      5F7400
 2257              	.LASF90:
 2258 002b 7264796D 		.ascii	"rdymsg\000"
 2258      736700
 2259              	.LASF19:
 2260 0032 75696E74 		.ascii	"uint64_t\000"
 2260      36345F74 
 2260      00
 2261              	.LASF3:
 2262 003b 5F5F7569 		.ascii	"__uint8_t\000"
 2262      6E74385F 
 2262      7400
 2263              	.LASF87:
ARM GAS  C:\Users\IDONNO~1\AppData\Local\Temp\ccBW44vo.s 			page 41


 2264 0045 706F7274 		.ascii	"port_intctx\000"
 2264      5F696E74 
 2264      63747800 
 2265              	.LASF75:
 2266 0051 73797374 		.ascii	"system_debug_t\000"
 2266      656D5F64 
 2266      65627567 
 2266      5F7400
 2267              	.LASF117:
 2268 0060 443A5C67 		.ascii	"D:\\git\\oroca_bldc_dev\\oroca_bldc_FW\000"
 2268      69745C6F 
 2268      726F6361 
 2268      5F626C64 
 2268      635F6465 
 2269              	.LASF13:
 2270 0084 6C6F6E67 		.ascii	"long long unsigned int\000"
 2270      206C6F6E 
 2270      6720756E 
 2270      7369676E 
 2270      65642069 
 2271              	.LASF91:
 2272 009b 65786974 		.ascii	"exitcode\000"
 2272      636F6465 
 2272      00
 2273              	.LASF82:
 2274 00a4 6D61696E 		.ascii	"mainthread\000"
 2274      74687265 
 2274      616400
 2275              	.LASF72:
 2276 00af 76697274 		.ascii	"virtual_timers_list_t\000"
 2276      75616C5F 
 2276      74696D65 
 2276      72735F6C 
 2276      6973745F 
 2277              	.LASF114:
 2278 00c5 49544D5F 		.ascii	"ITM_RxBuffer\000"
 2278      52784275 
 2278      66666572 
 2278      00
 2279              	.LASF55:
 2280 00d2 63685F74 		.ascii	"ch_threads_queue\000"
 2280      68726561 
 2280      64735F71 
 2280      75657565 
 2280      00
 2281              	.LASF33:
 2282 00e3 705F7072 		.ascii	"p_prio\000"
 2282      696F00
 2283              	.LASF112:
 2284 00ea 72656164 		.ascii	"reads\000"
 2284      7300
 2285              	.LASF11:
 2286 00f0 6C6F6E67 		.ascii	"long long int\000"
 2286      206C6F6E 
 2286      6720696E 
 2286      7400
 2287              	.LASF1:
ARM GAS  C:\Users\IDONNO~1\AppData\Local\Temp\ccBW44vo.s 			page 42


 2288 00fe 7369676E 		.ascii	"signed char\000"
 2288      65642063 
 2288      68617200 
 2289              	.LASF49:
 2290 010a 705F6D70 		.ascii	"p_mpool\000"
 2290      6F6F6C00 
 2291              	.LASF101:
 2292 0112 6D5F7175 		.ascii	"m_queue\000"
 2292      65756500 
 2293              	.LASF81:
 2294 011a 76746C69 		.ascii	"vtlist\000"
 2294      737400
 2295              	.LASF24:
 2296 0121 74736C69 		.ascii	"tslices_t\000"
 2296      6365735F 
 2296      7400
 2297              	.LASF93:
 2298 012b 77747472 		.ascii	"wttrp\000"
 2298      7000
 2299              	.LASF79:
 2300 0131 63685F73 		.ascii	"ch_system\000"
 2300      79737465 
 2300      6D00
 2301              	.LASF8:
 2302 013b 6C6F6E67 		.ascii	"long int\000"
 2302      20696E74 
 2302      00
 2303              	.LASF22:
 2304 0144 74737461 		.ascii	"tstate_t\000"
 2304      74655F74 
 2304      00
 2305              	.LASF109:
 2306 014d 62756666 		.ascii	"buffer\000"
 2306      657200
 2307              	.LASF35:
 2308 0154 705F6E65 		.ascii	"p_newer\000"
 2308      77657200 
 2309              	.LASF98:
 2310 015c 735F7175 		.ascii	"s_queue\000"
 2310      65756500 
 2311              	.LASF61:
 2312 0164 725F6E65 		.ascii	"r_newer\000"
 2312      77657200 
 2313              	.LASF84:
 2314 016c 72656761 		.ascii	"regarm_t\000"
 2314      726D5F74 
 2314      00
 2315              	.LASF68:
 2316 0175 76745F70 		.ascii	"vt_prev\000"
 2316      72657600 
 2317              	.LASF104:
 2318 017d 6D757465 		.ascii	"mutex_t\000"
 2318      785F7400 
 2319              	.LASF83:
 2320 0185 69646C65 		.ascii	"idle_thread_wa\000"
 2320      5F746872 
 2320      6561645F 
ARM GAS  C:\Users\IDONNO~1\AppData\Local\Temp\ccBW44vo.s 			page 43


 2320      776100
 2321              	.LASF28:
 2322 0194 636E745F 		.ascii	"cnt_t\000"
 2322      7400
 2323              	.LASF0:
 2324 019a 756E7369 		.ascii	"unsigned int\000"
 2324      676E6564 
 2324      20696E74 
 2324      00
 2325              	.LASF67:
 2326 01a7 76745F6E 		.ascii	"vt_next\000"
 2326      65787400 
 2327              	.LASF42:
 2328 01af 705F7469 		.ascii	"p_time\000"
 2328      6D6500
 2329              	.LASF94:
 2330 01b6 77747365 		.ascii	"wtsemp\000"
 2330      6D7000
 2331              	.LASF69:
 2332 01bd 76745F64 		.ascii	"vt_delta\000"
 2332      656C7461 
 2332      00
 2333              	.LASF44:
 2334 01c6 705F6D73 		.ascii	"p_msgqueue\000"
 2334      67717565 
 2334      756500
 2335              	.LASF99:
 2336 01d1 735F636E 		.ascii	"s_cnt\000"
 2336      7400
 2337              	.LASF6:
 2338 01d7 73686F72 		.ascii	"short unsigned int\000"
 2338      7420756E 
 2338      7369676E 
 2338      65642069 
 2338      6E7400
 2339              	.LASF52:
 2340 01ea 63685F74 		.ascii	"ch_thread\000"
 2340      68726561 
 2340      6400
 2341              	.LASF26:
 2342 01f4 6D73675F 		.ascii	"msg_t\000"
 2342      7400
 2343              	.LASF78:
 2344 01fa 63685F73 		.ascii	"ch_system_t\000"
 2344      79737465 
 2344      6D5F7400 
 2345              	.LASF113:
 2346 0206 77726974 		.ascii	"writes\000"
 2346      657300
 2347              	.LASF21:
 2348 020d 746D6F64 		.ascii	"tmode_t\000"
 2348      655F7400 
 2349              	.LASF57:
 2350 0215 63685F72 		.ascii	"ch_ready_list\000"
 2350      65616479 
 2350      5F6C6973 
 2350      7400
ARM GAS  C:\Users\IDONNO~1\AppData\Local\Temp\ccBW44vo.s 			page 44


 2351              	.LASF27:
 2352 0223 6576656E 		.ascii	"eventmask_t\000"
 2352      746D6173 
 2352      6B5F7400 
 2353              	.LASF7:
 2354 022f 5F5F696E 		.ascii	"__int32_t\000"
 2354      7433325F 
 2354      7400
 2355              	.LASF85:
 2356 0239 73746B61 		.ascii	"stkalign_t\000"
 2356      6C69676E 
 2356      5F7400
 2357              	.LASF118:
 2358 0244 6D734F62 		.ascii	"msObjectInit\000"
 2358      6A656374 
 2358      496E6974 
 2358      00
 2359              	.LASF107:
 2360 0251 77726974 		.ascii	"write\000"
 2360      6500
 2361              	.LASF43:
 2362 0257 705F7761 		.ascii	"p_waiting\000"
 2362      6974696E 
 2362      6700
 2363              	.LASF14:
 2364 0261 73697A65 		.ascii	"sizetype\000"
 2364      74797065 
 2364      00
 2365              	.LASF50:
 2366 026a 74687265 		.ascii	"thread_reference_t\000"
 2366      61645F72 
 2366      65666572 
 2366      656E6365 
 2366      5F7400
 2367              	.LASF73:
 2368 027d 63685F76 		.ascii	"ch_virtual_timers_list\000"
 2368      69727475 
 2368      616C5F74 
 2368      696D6572 
 2368      735F6C69 
 2369              	.LASF36:
 2370 0294 705F6F6C 		.ascii	"p_older\000"
 2370      64657200 
 2371              	.LASF60:
 2372 029c 725F6374 		.ascii	"r_ctx\000"
 2372      7800
 2373              	.LASF89:
 2374 02a2 746D5F63 		.ascii	"tm_calibration_t\000"
 2374      616C6962 
 2374      72617469 
 2374      6F6E5F74 
 2374      00
 2375              	.LASF103:
 2376 02b3 6D5F6E65 		.ascii	"m_next\000"
 2376      787400
 2377              	.LASF63:
 2378 02ba 725F6375 		.ascii	"r_current\000"
ARM GAS  C:\Users\IDONNO~1\AppData\Local\Temp\ccBW44vo.s 			page 45


 2378      7272656E 
 2378      7400
 2379              	.LASF62:
 2380 02c4 725F6F6C 		.ascii	"r_older\000"
 2380      64657200 
 2381              	.LASF106:
 2382 02cc 4D656D53 		.ascii	"MemStreamVMT\000"
 2382      74726561 
 2382      6D564D54 
 2382      00
 2383              	.LASF12:
 2384 02d9 5F5F7569 		.ascii	"__uint64_t\000"
 2384      6E743634 
 2384      5F7400
 2385              	.LASF116:
 2386 02e4 6C69622F 		.ascii	"lib/ChibiOS_3.0.2/os/hal/lib/streams/memstreams.c\000"
 2386      43686962 
 2386      694F535F 
 2386      332E302E 
 2386      322F6F73 
 2387              	.LASF65:
 2388 0316 76697274 		.ascii	"virtual_timer_t\000"
 2388      75616C5F 
 2388      74696D65 
 2388      725F7400 
 2389              	.LASF32:
 2390 0326 705F7072 		.ascii	"p_prev\000"
 2390      657600
 2391              	.LASF25:
 2392 032d 74707269 		.ascii	"tprio_t\000"
 2392      6F5F7400 
 2393              	.LASF111:
 2394 0335 4D656D6F 		.ascii	"MemoryStream\000"
 2394      72795374 
 2394      7265616D 
 2394      00
 2395              	.LASF76:
 2396 0342 63685F73 		.ascii	"ch_system_debug\000"
 2396      79737465 
 2396      6D5F6465 
 2396      62756700 
 2397              	.LASF105:
 2398 0352 5F426F6F 		.ascii	"_Bool\000"
 2398      6C00
 2399              	.LASF17:
 2400 0358 696E7433 		.ascii	"int32_t\000"
 2400      325F7400 
 2401              	.LASF4:
 2402 0360 756E7369 		.ascii	"unsigned char\000"
 2402      676E6564 
 2402      20636861 
 2402      7200
 2403              	.LASF38:
 2404 036e 705F7374 		.ascii	"p_state\000"
 2404      61746500 
 2405              	.LASF47:
 2406 0376 705F6D74 		.ascii	"p_mtxlist\000"
ARM GAS  C:\Users\IDONNO~1\AppData\Local\Temp\ccBW44vo.s 			page 46


 2406      786C6973 
 2406      7400
 2407              	.LASF5:
 2408 0380 73686F72 		.ascii	"short int\000"
 2408      7420696E 
 2408      7400
 2409              	.LASF41:
 2410 038a 705F7072 		.ascii	"p_preempt\000"
 2410      65656D70 
 2410      7400
 2411              	.LASF59:
 2412 0394 725F7072 		.ascii	"r_prio\000"
 2412      696F00
 2413              	.LASF96:
 2414 039b 65776D61 		.ascii	"ewmask\000"
 2414      736B00
 2415              	.LASF31:
 2416 03a2 705F6E65 		.ascii	"p_next\000"
 2416      787400
 2417              	.LASF39:
 2418 03a9 705F666C 		.ascii	"p_flags\000"
 2418      61677300 
 2419              	.LASF37:
 2420 03b1 705F6E61 		.ascii	"p_name\000"
 2420      6D6500
 2421              	.LASF66:
 2422 03b8 63685F76 		.ascii	"ch_virtual_timer\000"
 2422      69727475 
 2422      616C5F74 
 2422      696D6572 
 2422      00
 2423              	.LASF97:
 2424 03c9 63685F73 		.ascii	"ch_semaphore\000"
 2424      656D6170 
 2424      686F7265 
 2424      00
 2425              	.LASF46:
 2426 03d6 705F6570 		.ascii	"p_epending\000"
 2426      656E6469 
 2426      6E6700
 2427              	.LASF18:
 2428 03e1 75696E74 		.ascii	"uint32_t\000"
 2428      33325F74 
 2428      00
 2429              	.LASF95:
 2430 03ea 77746D74 		.ascii	"wtmtxp\000"
 2430      787000
 2431              	.LASF58:
 2432 03f1 725F7175 		.ascii	"r_queue\000"
 2432      65756500 
 2433              	.LASF53:
 2434 03f9 63685F74 		.ascii	"ch_threads_list\000"
 2434      68726561 
 2434      64735F6C 
 2434      69737400 
 2435              	.LASF10:
 2436 0409 6C6F6E67 		.ascii	"long unsigned int\000"
ARM GAS  C:\Users\IDONNO~1\AppData\Local\Temp\ccBW44vo.s 			page 47


 2436      20756E73 
 2436      69676E65 
 2436      6420696E 
 2436      7400
 2437              	.LASF108:
 2438 041b 72656164 		.ascii	"read\000"
 2438      00
 2439              	.LASF15:
 2440 0420 63686172 		.ascii	"char\000"
 2440      00
 2441              	.LASF30:
 2442 0425 74687265 		.ascii	"thread_t\000"
 2442      61645F74 
 2442      00
 2443              	.LASF115:
 2444 042e 474E5520 		.ascii	"GNU C99 5.2.1 20151202 (release) [ARM/embedded-5-br"
 2444      43393920 
 2444      352E322E 
 2444      31203230 
 2444      31353132 
 2445 0461 616E6368 		.ascii	"anch revision 231848] -mcpu=cortex-m4 -mfloat-abi=h"
 2445      20726576 
 2445      6973696F 
 2445      6E203233 
 2445      31383438 
 2446 0494 61726420 		.ascii	"ard -mfpu=fpv4-sp-d16 -mno-thumb-interwork -mthumb "
 2446      2D6D6670 
 2446      753D6670 
 2446      76342D73 
 2446      702D6431 
 2447 04c7 2D676764 		.ascii	"-ggdb -O2 -std=gnu99 -fomit-frame-pointer -falign-f"
 2447      62202D4F 
 2447      32202D73 
 2447      74643D67 
 2447      6E753939 
 2448 04fa 756E6374 		.ascii	"unctions=16 -ffunction-sections -fdata-sections -fn"
 2448      696F6E73 
 2448      3D313620 
 2448      2D666675 
 2448      6E637469 
 2449 052d 6F2D636F 		.ascii	"o-common -fsingle-precision-constant\000"
 2449      6D6D6F6E 
 2449      202D6673 
 2449      696E676C 
 2449      652D7072 
 2450              	.LASF29:
 2451 0552 73797374 		.ascii	"systime_t\000"
 2451      696D655F 
 2451      7400
 2452              	.LASF48:
 2453 055c 705F7265 		.ascii	"p_realprio\000"
 2453      616C7072 
 2453      696F00
 2454              	.LASF64:
 2455 0567 76746675 		.ascii	"vtfunc_t\000"
 2455      6E635F74 
 2455      00
ARM GAS  C:\Users\IDONNO~1\AppData\Local\Temp\ccBW44vo.s 			page 48


 2456              	.LASF9:
 2457 0570 5F5F7569 		.ascii	"__uint32_t\000"
 2457      6E743332 
 2457      5F7400
 2458              	.LASF77:
 2459 057b 70616E69 		.ascii	"panic_msg\000"
 2459      635F6D73 
 2459      6700
 2460              	.LASF88:
 2461 0585 6F666673 		.ascii	"offset\000"
 2461      657400
 2462              	.LASF119:
 2463 058c 6D656D63 		.ascii	"memcpy\000"
 2463      707900
 2464              	.LASF86:
 2465 0593 636F6E74 		.ascii	"context\000"
 2465      65787400 
 2466              	.LASF20:
 2467 059b 7274636E 		.ascii	"rtcnt_t\000"
 2467      745F7400 
 2468              	.LASF71:
 2469 05a3 76745F70 		.ascii	"vt_par\000"
 2469      617200
 2470              	.LASF54:
 2471 05aa 74687265 		.ascii	"threads_queue_t\000"
 2471      6164735F 
 2471      71756575 
 2471      655F7400 
 2472              	.LASF100:
 2473 05ba 63685F6D 		.ascii	"ch_mutex\000"
 2473      75746578 
 2473      00
 2474              	.LASF40:
 2475 05c3 705F7265 		.ascii	"p_refs\000"
 2475      667300
 2476              	.LASF80:
 2477 05ca 726C6973 		.ascii	"rlist\000"
 2477      7400
 2478              	.LASF16:
 2479 05d0 75696E74 		.ascii	"uint8_t\000"
 2479      385F7400 
 2480              	.LASF92:
 2481 05d8 77746F62 		.ascii	"wtobjp\000"
 2481      6A7000
 2482              	.LASF110:
 2483 05df 73697A65 		.ascii	"size\000"
 2483      00
 2484              	.LASF74:
 2485 05e4 76745F73 		.ascii	"vt_systime\000"
 2485      79737469 
 2485      6D6500
 2486              	.LASF45:
 2487 05ef 705F6D73 		.ascii	"p_msg\000"
 2487      6700
 2488              	.LASF102:
 2489 05f5 6D5F6F77 		.ascii	"m_owner\000"
 2489      6E657200 
ARM GAS  C:\Users\IDONNO~1\AppData\Local\Temp\ccBW44vo.s 			page 49


 2490              	.LASF34:
 2491 05fd 705F6374 		.ascii	"p_ctx\000"
 2491      7800
 2492              	.LASF70:
 2493 0603 76745F66 		.ascii	"vt_func\000"
 2493      756E6300 
 2494              		.ident	"GCC: (GNU Tools for ARM Embedded Processors) 5.2.1 20151202 (release) [ARM/embedded-5-bran
ARM GAS  C:\Users\IDONNO~1\AppData\Local\Temp\ccBW44vo.s 			page 50


DEFINED SYMBOLS
                            *ABS*:00000000 memstreams.c
C:\Users\IDONNO~1\AppData\Local\Temp\ccBW44vo.s:22     .text.put:00000000 $t
C:\Users\IDONNO~1\AppData\Local\Temp\ccBW44vo.s:27     .text.put:00000000 put
C:\Users\IDONNO~1\AppData\Local\Temp\ccBW44vo.s:63     .text.get:00000000 $t
C:\Users\IDONNO~1\AppData\Local\Temp\ccBW44vo.s:68     .text.get:00000000 get
C:\Users\IDONNO~1\AppData\Local\Temp\ccBW44vo.s:105    .text.reads:00000000 $t
C:\Users\IDONNO~1\AppData\Local\Temp\ccBW44vo.s:110    .text.reads:00000000 reads
C:\Users\IDONNO~1\AppData\Local\Temp\ccBW44vo.s:155    .text.writes:00000000 $t
C:\Users\IDONNO~1\AppData\Local\Temp\ccBW44vo.s:160    .text.writes:00000000 writes
C:\Users\IDONNO~1\AppData\Local\Temp\ccBW44vo.s:202    .text.msObjectInit:00000000 $t
C:\Users\IDONNO~1\AppData\Local\Temp\ccBW44vo.s:208    .text.msObjectInit:00000000 msObjectInit
C:\Users\IDONNO~1\AppData\Local\Temp\ccBW44vo.s:241    .text.msObjectInit:00000018 $d
C:\Users\IDONNO~1\AppData\Local\Temp\ccBW44vo.s:246    .rodata.vmt:00000000 $d
C:\Users\IDONNO~1\AppData\Local\Temp\ccBW44vo.s:250    .rodata.vmt:00000000 vmt
                     .debug_frame:00000010 $d

UNDEFINED SYMBOLS
memcpy
