ARM GAS  C:\Users\IDONNO~1\AppData\Local\Temp\ccKUaoHk.s 			page 1


   1              		.syntax unified
   2              		.cpu cortex-m4
   3              		.eabi_attribute 27, 1
   4              		.eabi_attribute 28, 1
   5              		.fpu fpv4-sp-d16
   6              		.eabi_attribute 20, 1
   7              		.eabi_attribute 21, 1
   8              		.eabi_attribute 23, 3
   9              		.eabi_attribute 24, 1
  10              		.eabi_attribute 25, 1
  11              		.eabi_attribute 26, 1
  12              		.eabi_attribute 30, 2
  13              		.eabi_attribute 34, 1
  14              		.eabi_attribute 18, 4
  15              		.thumb
  16              		.syntax unified
  17              		.file	"misc.c"
  18              		.text
  19              	.Ltext0:
  20              		.cfi_sections	.debug_frame
  21              		.section	.text.NVIC_PriorityGroupConfig,"ax",%progbits
  22              		.align	2
  23              		.p2align 4,,15
  24              		.global	NVIC_PriorityGroupConfig
  25              		.thumb
  26              		.thumb_func
  27              		.type	NVIC_PriorityGroupConfig, %function
  28              	NVIC_PriorityGroupConfig:
  29              	.LFB112:
  30              		.file 1 "lib/ChibiOS_3.0.2/ext/stdperiph_stm32f4/src/misc.c"
  31              		.loc 1 123 0
  32              		.cfi_startproc
  33              		@ args = 0, pretend = 0, frame = 0
  34              		@ frame_needed = 0, uses_anonymous_args = 0
  35              		@ link register save eliminated.
  36              	.LVL0:
  37              		.loc 1 128 0
  38 0000 40F0BF60 		orr	r0, r0, #100139008
  39              	.LVL1:
  40 0004 024B     		ldr	r3, .L2
  41 0006 40F40030 		orr	r0, r0, #131072
  42 000a D860     		str	r0, [r3, #12]
  43 000c 7047     		bx	lr
  44              	.L3:
  45 000e 00BF     		.align	2
  46              	.L2:
  47 0010 00ED00E0 		.word	-536810240
  48              		.cfi_endproc
  49              	.LFE112:
  50              		.size	NVIC_PriorityGroupConfig, .-NVIC_PriorityGroupConfig
  51              		.section	.text.NVIC_Init,"ax",%progbits
  52              		.align	2
  53              		.p2align 4,,15
  54              		.global	NVIC_Init
  55              		.thumb
  56              		.thumb_func
  57              		.type	NVIC_Init, %function
ARM GAS  C:\Users\IDONNO~1\AppData\Local\Temp\ccKUaoHk.s 			page 2


  58              	NVIC_Init:
  59              	.LFB113:
  60              		.loc 1 141 0
  61              		.cfi_startproc
  62              		@ args = 0, pretend = 0, frame = 0
  63              		@ frame_needed = 0, uses_anonymous_args = 0
  64              		@ link register save eliminated.
  65              	.LVL2:
  66              		.loc 1 149 0
  67 0000 C378     		ldrb	r3, [r0, #3]	@ zero_extendqisi2
  68 0002 5BB9     		cbnz	r3, .L10
  69              		.loc 1 170 0
  70 0004 0378     		ldrb	r3, [r0]	@ zero_extendqisi2
  71 0006 1848     		ldr	r0, .L11
  72              	.LVL3:
  73 0008 5A09     		lsrs	r2, r3, #5
  74 000a 2032     		adds	r2, r2, #32
  75              		.loc 1 171 0
  76 000c 03F01F03 		and	r3, r3, #31
  77 0010 0121     		movs	r1, #1
  78 0012 01FA03F3 		lsl	r3, r1, r3
  79              		.loc 1 170 0
  80 0016 40F82230 		str	r3, [r0, r2, lsl #2]
  81              		.loc 1 173 0
  82 001a 7047     		bx	lr
  83              	.LVL4:
  84              	.L10:
  85              		.loc 1 152 0
  86 001c 134B     		ldr	r3, .L11+4
  87              		.loc 1 141 0
  88 001e F0B4     		push	{r4, r5, r6, r7}
  89              		.cfi_def_cfa_offset 16
  90              		.cfi_offset 4, -16
  91              		.cfi_offset 5, -12
  92              		.cfi_offset 6, -8
  93              		.cfi_offset 7, -4
  94              		.loc 1 152 0
  95 0020 D968     		ldr	r1, [r3, #12]
  96              		.loc 1 156 0
  97 0022 4778     		ldrb	r7, [r0, #1]	@ zero_extendqisi2
  98              		.loc 1 157 0
  99 0024 8278     		ldrb	r2, [r0, #2]	@ zero_extendqisi2
 100              		.loc 1 161 0
 101 0026 0478     		ldrb	r4, [r0]	@ zero_extendqisi2
 102 0028 0F4E     		ldr	r6, .L11
 103              		.loc 1 152 0
 104 002a C943     		mvns	r1, r1
 105 002c C1F30221 		ubfx	r1, r1, #8, #3
 106              	.LVL5:
 107              		.loc 1 156 0
 108 0030 C1F10405 		rsb	r5, r1, #4
 109 0034 EDB2     		uxtb	r5, r5
 110              		.loc 1 157 0
 111 0036 0F23     		movs	r3, #15
 112              		.loc 1 156 0
 113 0038 07FA05F5 		lsl	r5, r7, r5
 114              		.loc 1 157 0
ARM GAS  C:\Users\IDONNO~1\AppData\Local\Temp\ccKUaoHk.s 			page 3


 115 003c 0B41     		asrs	r3, r3, r1
 116              		.loc 1 156 0
 117 003e EDB2     		uxtb	r5, r5
 118              	.LVL6:
 119              		.loc 1 157 0
 120 0040 1340     		ands	r3, r3, r2
 121 0042 2B43     		orrs	r3, r3, r5
 122              	.LVL7:
 123              		.loc 1 161 0
 124 0044 04F16042 		add	r2, r4, #-536870912
 125 0048 02F56142 		add	r2, r2, #57600
 126              		.loc 1 159 0
 127 004c 1B01     		lsls	r3, r3, #4
 128              	.LVL8:
 129 004e DBB2     		uxtb	r3, r3
 130              	.LVL9:
 131              		.loc 1 161 0
 132 0050 82F80033 		strb	r3, [r2, #768]
 133              		.loc 1 164 0
 134 0054 0378     		ldrb	r3, [r0]	@ zero_extendqisi2
 135              	.LVL10:
 136              		.loc 1 165 0
 137 0056 0122     		movs	r2, #1
 138              	.LVL11:
 139 0058 03F01F01 		and	r1, r3, #31
 140              	.LVL12:
 141              		.loc 1 164 0
 142 005c 5B09     		lsrs	r3, r3, #5
 143              		.loc 1 165 0
 144 005e 8A40     		lsls	r2, r2, r1
 145              		.loc 1 164 0
 146 0060 46F82320 		str	r2, [r6, r3, lsl #2]
 147              	.LVL13:
 148              		.loc 1 173 0
 149 0064 F0BC     		pop	{r4, r5, r6, r7}
 150              		.cfi_restore 7
 151              		.cfi_restore 6
 152              		.cfi_restore 5
 153              		.cfi_restore 4
 154              		.cfi_def_cfa_offset 0
 155 0066 7047     		bx	lr
 156              	.L12:
 157              		.align	2
 158              	.L11:
 159 0068 00E100E0 		.word	-536813312
 160 006c 00ED00E0 		.word	-536810240
 161              		.cfi_endproc
 162              	.LFE113:
 163              		.size	NVIC_Init, .-NVIC_Init
 164              		.section	.text.NVIC_SetVectorTable,"ax",%progbits
 165              		.align	2
 166              		.p2align 4,,15
 167              		.global	NVIC_SetVectorTable
 168              		.thumb
 169              		.thumb_func
 170              		.type	NVIC_SetVectorTable, %function
 171              	NVIC_SetVectorTable:
ARM GAS  C:\Users\IDONNO~1\AppData\Local\Temp\ccKUaoHk.s 			page 4


 172              	.LFB114:
 173              		.loc 1 185 0
 174              		.cfi_startproc
 175              		@ args = 0, pretend = 0, frame = 0
 176              		@ frame_needed = 0, uses_anonymous_args = 0
 177              		@ link register save eliminated.
 178              	.LVL14:
 179              		.loc 1 190 0
 180 0000 21F06041 		bic	r1, r1, #-536870912
 181              	.LVL15:
 182 0004 21F07F01 		bic	r1, r1, #127
 183 0008 014B     		ldr	r3, .L14
 184 000a 0843     		orrs	r0, r0, r1
 185              	.LVL16:
 186 000c 9860     		str	r0, [r3, #8]
 187 000e 7047     		bx	lr
 188              	.L15:
 189              		.align	2
 190              	.L14:
 191 0010 00ED00E0 		.word	-536810240
 192              		.cfi_endproc
 193              	.LFE114:
 194              		.size	NVIC_SetVectorTable, .-NVIC_SetVectorTable
 195              		.section	.text.NVIC_SystemLPConfig,"ax",%progbits
 196              		.align	2
 197              		.p2align 4,,15
 198              		.global	NVIC_SystemLPConfig
 199              		.thumb
 200              		.thumb_func
 201              		.type	NVIC_SystemLPConfig, %function
 202              	NVIC_SystemLPConfig:
 203              	.LFB115:
 204              		.loc 1 204 0
 205              		.cfi_startproc
 206              		@ args = 0, pretend = 0, frame = 0
 207              		@ frame_needed = 0, uses_anonymous_args = 0
 208              		@ link register save eliminated.
 209              	.LVL17:
 210              		.loc 1 211 0
 211 0000 044A     		ldr	r2, .L20
 212 0002 1369     		ldr	r3, [r2, #16]
 213              		.loc 1 209 0
 214 0004 19B9     		cbnz	r1, .L19
 215              		.loc 1 215 0
 216 0006 23EA0000 		bic	r0, r3, r0
 217              	.LVL18:
 218 000a 1061     		str	r0, [r2, #16]
 219 000c 7047     		bx	lr
 220              	.LVL19:
 221              	.L19:
 222              		.loc 1 211 0
 223 000e 1843     		orrs	r0, r0, r3
 224              	.LVL20:
 225 0010 1061     		str	r0, [r2, #16]
 226 0012 7047     		bx	lr
 227              	.L21:
 228              		.align	2
ARM GAS  C:\Users\IDONNO~1\AppData\Local\Temp\ccKUaoHk.s 			page 5


 229              	.L20:
 230 0014 00ED00E0 		.word	-536810240
 231              		.cfi_endproc
 232              	.LFE115:
 233              		.size	NVIC_SystemLPConfig, .-NVIC_SystemLPConfig
 234              		.section	.text.SysTick_CLKSourceConfig,"ax",%progbits
 235              		.align	2
 236              		.p2align 4,,15
 237              		.global	SysTick_CLKSourceConfig
 238              		.thumb
 239              		.thumb_func
 240              		.type	SysTick_CLKSourceConfig, %function
 241              	SysTick_CLKSourceConfig:
 242              	.LFB116:
 243              		.loc 1 228 0
 244              		.cfi_startproc
 245              		@ args = 0, pretend = 0, frame = 0
 246              		@ frame_needed = 0, uses_anonymous_args = 0
 247              		@ link register save eliminated.
 248              	.LVL21:
 249              		.loc 1 233 0
 250 0000 044A     		ldr	r2, .L25
 251 0002 1368     		ldr	r3, [r2]
 252              		.loc 1 231 0
 253 0004 0428     		cmp	r0, #4
 254              		.loc 1 233 0
 255 0006 0CBF     		ite	eq
 256 0008 43F00403 		orreq	r3, r3, #4
 257              		.loc 1 237 0
 258 000c 23F00403 		bicne	r3, r3, #4
 259 0010 1360     		str	r3, [r2]
 260 0012 7047     		bx	lr
 261              	.L26:
 262              		.align	2
 263              	.L25:
 264 0014 10E000E0 		.word	-536813552
 265              		.cfi_endproc
 266              	.LFE116:
 267              		.size	SysTick_CLKSourceConfig, .-SysTick_CLKSourceConfig
 268              		.text
 269              	.Letext0:
 270              		.file 2 "c:\\program files (x86)\\gnu tools arm embedded\\5.2 2015q4\\arm-none-eabi\\include\\mach
 271              		.file 3 "c:\\program files (x86)\\gnu tools arm embedded\\5.2 2015q4\\arm-none-eabi\\include\\sys\
 272              		.file 4 "lib/ChibiOS_3.0.2/os/ext/CMSIS/include/core_cm4.h"
 273              		.file 5 "lib/ChibiOS_3.0.2/os/ext/CMSIS/ST/stm32f4xx.h"
 274              		.file 6 "lib/ChibiOS_3.0.2/ext/stdperiph_stm32f4/inc/misc.h"
 275              		.section	.debug_info,"",%progbits
 276              	.Ldebug_info0:
 277 0000 45050000 		.4byte	0x545
 278 0004 0400     		.2byte	0x4
 279 0006 00000000 		.4byte	.Ldebug_abbrev0
 280 000a 04       		.byte	0x4
 281 000b 01       		.uleb128 0x1
 282 000c B6000000 		.4byte	.LASF71
 283 0010 0C       		.byte	0xc
 284 0011 41040000 		.4byte	.LASF72
 285 0015 81000000 		.4byte	.LASF73
ARM GAS  C:\Users\IDONNO~1\AppData\Local\Temp\ccKUaoHk.s 			page 6


 286 0019 00000000 		.4byte	.Ldebug_ranges0+0
 287 001d 00000000 		.4byte	0
 288 0021 00000000 		.4byte	.Ldebug_line0
 289 0025 02       		.uleb128 0x2
 290 0026 01       		.byte	0x1
 291 0027 06       		.byte	0x6
 292 0028 90020000 		.4byte	.LASF0
 293 002c 03       		.uleb128 0x3
 294 002d 50020000 		.4byte	.LASF4
 295 0031 02       		.byte	0x2
 296 0032 1D       		.byte	0x1d
 297 0033 37000000 		.4byte	0x37
 298 0037 02       		.uleb128 0x2
 299 0038 01       		.byte	0x1
 300 0039 08       		.byte	0x8
 301 003a 5F020000 		.4byte	.LASF1
 302 003e 02       		.uleb128 0x2
 303 003f 02       		.byte	0x2
 304 0040 05       		.byte	0x5
 305 0041 63000000 		.4byte	.LASF2
 306 0045 02       		.uleb128 0x2
 307 0046 02       		.byte	0x2
 308 0047 07       		.byte	0x7
 309 0048 04030000 		.4byte	.LASF3
 310 004c 03       		.uleb128 0x3
 311 004d F0030000 		.4byte	.LASF5
 312 0051 02       		.byte	0x2
 313 0052 3F       		.byte	0x3f
 314 0053 57000000 		.4byte	0x57
 315 0057 02       		.uleb128 0x2
 316 0058 04       		.byte	0x4
 317 0059 05       		.byte	0x5
 318 005a 47020000 		.4byte	.LASF6
 319 005e 03       		.uleb128 0x3
 320 005f E5030000 		.4byte	.LASF7
 321 0063 02       		.byte	0x2
 322 0064 41       		.byte	0x41
 323 0065 69000000 		.4byte	0x69
 324 0069 02       		.uleb128 0x2
 325 006a 04       		.byte	0x4
 326 006b 07       		.byte	0x7
 327 006c A1030000 		.4byte	.LASF8
 328 0070 02       		.uleb128 0x2
 329 0071 08       		.byte	0x8
 330 0072 05       		.byte	0x5
 331 0073 29020000 		.4byte	.LASF9
 332 0077 02       		.uleb128 0x2
 333 0078 08       		.byte	0x8
 334 0079 07       		.byte	0x7
 335 007a 9C020000 		.4byte	.LASF10
 336 007e 04       		.uleb128 0x4
 337 007f 04       		.byte	0x4
 338 0080 05       		.byte	0x5
 339 0081 696E7400 		.ascii	"int\000"
 340 0085 02       		.uleb128 0x2
 341 0086 04       		.byte	0x4
 342 0087 07       		.byte	0x7
ARM GAS  C:\Users\IDONNO~1\AppData\Local\Temp\ccKUaoHk.s 			page 7


 343 0088 BC020000 		.4byte	.LASF11
 344 008c 03       		.uleb128 0x3
 345 008d EA010000 		.4byte	.LASF12
 346 0091 03       		.byte	0x3
 347 0092 14       		.byte	0x14
 348 0093 2C000000 		.4byte	0x2c
 349 0097 03       		.uleb128 0x3
 350 0098 23030000 		.4byte	.LASF13
 351 009c 03       		.byte	0x3
 352 009d 1F       		.byte	0x1f
 353 009e 4C000000 		.4byte	0x4c
 354 00a2 03       		.uleb128 0x3
 355 00a3 B3020000 		.4byte	.LASF14
 356 00a7 03       		.byte	0x3
 357 00a8 20       		.byte	0x20
 358 00a9 5E000000 		.4byte	0x5e
 359 00ad 05       		.uleb128 0x5
 360 00ae 040E     		.2byte	0xe04
 361 00b0 04       		.byte	0x4
 362 00b1 5001     		.2byte	0x150
 363 00b3 69010000 		.4byte	0x169
 364 00b7 06       		.uleb128 0x6
 365 00b8 74030000 		.4byte	.LASF15
 366 00bc 04       		.byte	0x4
 367 00bd 5201     		.2byte	0x152
 368 00bf 80010000 		.4byte	0x180
 369 00c3 00       		.byte	0
 370 00c4 06       		.uleb128 0x6
 371 00c5 E0010000 		.4byte	.LASF16
 372 00c9 04       		.byte	0x4
 373 00ca 5301     		.2byte	0x153
 374 00cc 85010000 		.4byte	0x185
 375 00d0 20       		.byte	0x20
 376 00d1 06       		.uleb128 0x6
 377 00d2 6A030000 		.4byte	.LASF17
 378 00d6 04       		.byte	0x4
 379 00d7 5401     		.2byte	0x154
 380 00d9 95010000 		.4byte	0x195
 381 00dd 80       		.byte	0x80
 382 00de 06       		.uleb128 0x6
 383 00df 20020000 		.4byte	.LASF18
 384 00e3 04       		.byte	0x4
 385 00e4 5501     		.2byte	0x155
 386 00e6 85010000 		.4byte	0x185
 387 00ea A0       		.byte	0xa0
 388 00eb 07       		.uleb128 0x7
 389 00ec 30030000 		.4byte	.LASF19
 390 00f0 04       		.byte	0x4
 391 00f1 5601     		.2byte	0x156
 392 00f3 9A010000 		.4byte	0x19a
 393 00f7 0001     		.2byte	0x100
 394 00f9 07       		.uleb128 0x7
 395 00fa 79030000 		.4byte	.LASF20
 396 00fe 04       		.byte	0x4
 397 00ff 5701     		.2byte	0x157
 398 0101 85010000 		.4byte	0x185
 399 0105 2001     		.2byte	0x120
ARM GAS  C:\Users\IDONNO~1\AppData\Local\Temp\ccKUaoHk.s 			page 8


 400 0107 07       		.uleb128 0x7
 401 0108 8B020000 		.4byte	.LASF21
 402 010c 04       		.byte	0x4
 403 010d 5801     		.2byte	0x158
 404 010f 9F010000 		.4byte	0x19f
 405 0113 8001     		.2byte	0x180
 406 0115 07       		.uleb128 0x7
 407 0116 83030000 		.4byte	.LASF22
 408 011a 04       		.byte	0x4
 409 011b 5901     		.2byte	0x159
 410 011d 85010000 		.4byte	0x185
 411 0121 A001     		.2byte	0x1a0
 412 0123 07       		.uleb128 0x7
 413 0124 00000000 		.4byte	.LASF23
 414 0128 04       		.byte	0x4
 415 0129 5A01     		.2byte	0x15a
 416 012b A4010000 		.4byte	0x1a4
 417 012f 0002     		.2byte	0x200
 418 0131 07       		.uleb128 0x7
 419 0132 8D030000 		.4byte	.LASF24
 420 0136 04       		.byte	0x4
 421 0137 5B01     		.2byte	0x15b
 422 0139 A9010000 		.4byte	0x1a9
 423 013d 2002     		.2byte	0x220
 424 013f 08       		.uleb128 0x8
 425 0140 495000   		.ascii	"IP\000"
 426 0143 04       		.byte	0x4
 427 0144 5C01     		.2byte	0x15c
 428 0146 C9010000 		.4byte	0x1c9
 429 014a 0003     		.2byte	0x300
 430 014c 07       		.uleb128 0x7
 431 014d 97030000 		.4byte	.LASF25
 432 0151 04       		.byte	0x4
 433 0152 5D01     		.2byte	0x15d
 434 0154 CE010000 		.4byte	0x1ce
 435 0158 F003     		.2byte	0x3f0
 436 015a 07       		.uleb128 0x7
 437 015b 0E020000 		.4byte	.LASF26
 438 015f 04       		.byte	0x4
 439 0160 5E01     		.2byte	0x15e
 440 0162 DF010000 		.4byte	0x1df
 441 0166 000E     		.2byte	0xe00
 442 0168 00       		.byte	0
 443 0169 09       		.uleb128 0x9
 444 016a A2000000 		.4byte	0xa2
 445 016e 79010000 		.4byte	0x179
 446 0172 0A       		.uleb128 0xa
 447 0173 79010000 		.4byte	0x179
 448 0177 07       		.byte	0x7
 449 0178 00       		.byte	0
 450 0179 02       		.uleb128 0x2
 451 017a 04       		.byte	0x4
 452 017b 07       		.byte	0x7
 453 017c 0C040000 		.4byte	.LASF27
 454 0180 0B       		.uleb128 0xb
 455 0181 69010000 		.4byte	0x169
 456 0185 09       		.uleb128 0x9
ARM GAS  C:\Users\IDONNO~1\AppData\Local\Temp\ccKUaoHk.s 			page 9


 457 0186 A2000000 		.4byte	0xa2
 458 018a 95010000 		.4byte	0x195
 459 018e 0A       		.uleb128 0xa
 460 018f 79010000 		.4byte	0x179
 461 0193 17       		.byte	0x17
 462 0194 00       		.byte	0
 463 0195 0B       		.uleb128 0xb
 464 0196 69010000 		.4byte	0x169
 465 019a 0B       		.uleb128 0xb
 466 019b 69010000 		.4byte	0x169
 467 019f 0B       		.uleb128 0xb
 468 01a0 69010000 		.4byte	0x169
 469 01a4 0B       		.uleb128 0xb
 470 01a5 69010000 		.4byte	0x169
 471 01a9 09       		.uleb128 0x9
 472 01aa A2000000 		.4byte	0xa2
 473 01ae B9010000 		.4byte	0x1b9
 474 01b2 0A       		.uleb128 0xa
 475 01b3 79010000 		.4byte	0x179
 476 01b7 37       		.byte	0x37
 477 01b8 00       		.byte	0
 478 01b9 09       		.uleb128 0x9
 479 01ba 8C000000 		.4byte	0x8c
 480 01be C9010000 		.4byte	0x1c9
 481 01c2 0A       		.uleb128 0xa
 482 01c3 79010000 		.4byte	0x179
 483 01c7 EF       		.byte	0xef
 484 01c8 00       		.byte	0
 485 01c9 0B       		.uleb128 0xb
 486 01ca B9010000 		.4byte	0x1b9
 487 01ce 09       		.uleb128 0x9
 488 01cf A2000000 		.4byte	0xa2
 489 01d3 DF010000 		.4byte	0x1df
 490 01d7 0C       		.uleb128 0xc
 491 01d8 79010000 		.4byte	0x179
 492 01dc 8302     		.2byte	0x283
 493 01de 00       		.byte	0
 494 01df 0B       		.uleb128 0xb
 495 01e0 A2000000 		.4byte	0xa2
 496 01e4 0D       		.uleb128 0xd
 497 01e5 81020000 		.4byte	.LASF28
 498 01e9 04       		.byte	0x4
 499 01ea 5F01     		.2byte	0x15f
 500 01ec AD000000 		.4byte	0xad
 501 01f0 0E       		.uleb128 0xe
 502 01f1 8C       		.byte	0x8c
 503 01f2 04       		.byte	0x4
 504 01f3 7001     		.2byte	0x170
 505 01f5 0B030000 		.4byte	0x30b
 506 01f9 06       		.uleb128 0x6
 507 01fa DA010000 		.4byte	.LASF29
 508 01fe 04       		.byte	0x4
 509 01ff 7201     		.2byte	0x172
 510 0201 0B030000 		.4byte	0x30b
 511 0205 00       		.byte	0
 512 0206 06       		.uleb128 0x6
 513 0207 1B020000 		.4byte	.LASF30
ARM GAS  C:\Users\IDONNO~1\AppData\Local\Temp\ccKUaoHk.s 			page 10


 514 020b 04       		.byte	0x4
 515 020c 7301     		.2byte	0x173
 516 020e DF010000 		.4byte	0x1df
 517 0212 04       		.byte	0x4
 518 0213 06       		.uleb128 0x6
 519 0214 3D020000 		.4byte	.LASF31
 520 0218 04       		.byte	0x4
 521 0219 7401     		.2byte	0x174
 522 021b DF010000 		.4byte	0x1df
 523 021f 08       		.byte	0x8
 524 0220 06       		.uleb128 0x6
 525 0221 6D020000 		.4byte	.LASF32
 526 0225 04       		.byte	0x4
 527 0226 7501     		.2byte	0x175
 528 0228 DF010000 		.4byte	0x1df
 529 022c 0C       		.byte	0xc
 530 022d 0F       		.uleb128 0xf
 531 022e 53435200 		.ascii	"SCR\000"
 532 0232 04       		.byte	0x4
 533 0233 7601     		.2byte	0x176
 534 0235 DF010000 		.4byte	0x1df
 535 0239 10       		.byte	0x10
 536 023a 0F       		.uleb128 0xf
 537 023b 43435200 		.ascii	"CCR\000"
 538 023f 04       		.byte	0x4
 539 0240 7701     		.2byte	0x177
 540 0242 DF010000 		.4byte	0x1df
 541 0246 14       		.byte	0x14
 542 0247 0F       		.uleb128 0xf
 543 0248 53485000 		.ascii	"SHP\000"
 544 024c 04       		.byte	0x4
 545 024d 7801     		.2byte	0x178
 546 024f 20030000 		.4byte	0x320
 547 0253 18       		.byte	0x18
 548 0254 06       		.uleb128 0x6
 549 0255 C9020000 		.4byte	.LASF33
 550 0259 04       		.byte	0x4
 551 025a 7901     		.2byte	0x179
 552 025c DF010000 		.4byte	0x1df
 553 0260 24       		.byte	0x24
 554 0261 06       		.uleb128 0x6
 555 0262 5A020000 		.4byte	.LASF34
 556 0266 04       		.byte	0x4
 557 0267 7A01     		.2byte	0x17a
 558 0269 DF010000 		.4byte	0x1df
 559 026d 28       		.byte	0x28
 560 026e 06       		.uleb128 0x6
 561 026f 65030000 		.4byte	.LASF35
 562 0273 04       		.byte	0x4
 563 0274 7B01     		.2byte	0x17b
 564 0276 DF010000 		.4byte	0x1df
 565 027a 2C       		.byte	0x2c
 566 027b 06       		.uleb128 0x6
 567 027c 35030000 		.4byte	.LASF36
 568 0280 04       		.byte	0x4
 569 0281 7C01     		.2byte	0x17c
 570 0283 DF010000 		.4byte	0x1df
ARM GAS  C:\Users\IDONNO~1\AppData\Local\Temp\ccKUaoHk.s 			page 11


 571 0287 30       		.byte	0x30
 572 0288 06       		.uleb128 0x6
 573 0289 CF020000 		.4byte	.LASF37
 574 028d 04       		.byte	0x4
 575 028e 7D01     		.2byte	0x17d
 576 0290 DF010000 		.4byte	0x1df
 577 0294 34       		.byte	0x34
 578 0295 06       		.uleb128 0x6
 579 0296 42020000 		.4byte	.LASF38
 580 029a 04       		.byte	0x4
 581 029b 7E01     		.2byte	0x17e
 582 029d DF010000 		.4byte	0x1df
 583 02a1 38       		.byte	0x38
 584 02a2 06       		.uleb128 0x6
 585 02a3 15040000 		.4byte	.LASF39
 586 02a7 04       		.byte	0x4
 587 02a8 7F01     		.2byte	0x17f
 588 02aa DF010000 		.4byte	0x1df
 589 02ae 3C       		.byte	0x3c
 590 02af 0F       		.uleb128 0xf
 591 02b0 50465200 		.ascii	"PFR\000"
 592 02b4 04       		.byte	0x4
 593 02b5 8001     		.2byte	0x180
 594 02b7 3A030000 		.4byte	0x33a
 595 02bb 40       		.byte	0x40
 596 02bc 0F       		.uleb128 0xf
 597 02bd 44465200 		.ascii	"DFR\000"
 598 02c1 04       		.byte	0x4
 599 02c2 8101     		.2byte	0x181
 600 02c4 0B030000 		.4byte	0x30b
 601 02c8 48       		.byte	0x48
 602 02c9 0F       		.uleb128 0xf
 603 02ca 41445200 		.ascii	"ADR\000"
 604 02ce 04       		.byte	0x4
 605 02cf 8201     		.2byte	0x182
 606 02d1 0B030000 		.4byte	0x30b
 607 02d5 4C       		.byte	0x4c
 608 02d6 06       		.uleb128 0x6
 609 02d7 6F030000 		.4byte	.LASF40
 610 02db 04       		.byte	0x4
 611 02dc 8301     		.2byte	0x183
 612 02de 54030000 		.4byte	0x354
 613 02e2 50       		.byte	0x50
 614 02e3 06       		.uleb128 0x6
 615 02e4 2B030000 		.4byte	.LASF41
 616 02e8 04       		.byte	0x4
 617 02e9 8401     		.2byte	0x184
 618 02eb 6E030000 		.4byte	0x36e
 619 02ef 60       		.byte	0x60
 620 02f0 06       		.uleb128 0x6
 621 02f1 E0010000 		.4byte	.LASF16
 622 02f5 04       		.byte	0x4
 623 02f6 8501     		.2byte	0x185
 624 02f8 59030000 		.4byte	0x359
 625 02fc 74       		.byte	0x74
 626 02fd 06       		.uleb128 0x6
 627 02fe 34040000 		.4byte	.LASF42
ARM GAS  C:\Users\IDONNO~1\AppData\Local\Temp\ccKUaoHk.s 			page 12


 628 0302 04       		.byte	0x4
 629 0303 8601     		.2byte	0x186
 630 0305 DF010000 		.4byte	0x1df
 631 0309 88       		.byte	0x88
 632 030a 00       		.byte	0
 633 030b 10       		.uleb128 0x10
 634 030c DF010000 		.4byte	0x1df
 635 0310 09       		.uleb128 0x9
 636 0311 8C000000 		.4byte	0x8c
 637 0315 20030000 		.4byte	0x320
 638 0319 0A       		.uleb128 0xa
 639 031a 79010000 		.4byte	0x179
 640 031e 0B       		.byte	0xb
 641 031f 00       		.byte	0
 642 0320 0B       		.uleb128 0xb
 643 0321 10030000 		.4byte	0x310
 644 0325 09       		.uleb128 0x9
 645 0326 A2000000 		.4byte	0xa2
 646 032a 35030000 		.4byte	0x335
 647 032e 0A       		.uleb128 0xa
 648 032f 79010000 		.4byte	0x179
 649 0333 01       		.byte	0x1
 650 0334 00       		.byte	0
 651 0335 0B       		.uleb128 0xb
 652 0336 25030000 		.4byte	0x325
 653 033a 10       		.uleb128 0x10
 654 033b 35030000 		.4byte	0x335
 655 033f 09       		.uleb128 0x9
 656 0340 A2000000 		.4byte	0xa2
 657 0344 4F030000 		.4byte	0x34f
 658 0348 0A       		.uleb128 0xa
 659 0349 79010000 		.4byte	0x179
 660 034d 03       		.byte	0x3
 661 034e 00       		.byte	0
 662 034f 0B       		.uleb128 0xb
 663 0350 3F030000 		.4byte	0x33f
 664 0354 10       		.uleb128 0x10
 665 0355 4F030000 		.4byte	0x34f
 666 0359 09       		.uleb128 0x9
 667 035a A2000000 		.4byte	0xa2
 668 035e 69030000 		.4byte	0x369
 669 0362 0A       		.uleb128 0xa
 670 0363 79010000 		.4byte	0x179
 671 0367 04       		.byte	0x4
 672 0368 00       		.byte	0
 673 0369 0B       		.uleb128 0xb
 674 036a 59030000 		.4byte	0x359
 675 036e 10       		.uleb128 0x10
 676 036f 69030000 		.4byte	0x369
 677 0373 0D       		.uleb128 0xd
 678 0374 73020000 		.4byte	.LASF43
 679 0378 04       		.byte	0x4
 680 0379 8701     		.2byte	0x187
 681 037b F0010000 		.4byte	0x1f0
 682 037f 0E       		.uleb128 0xe
 683 0380 10       		.byte	0x10
 684 0381 04       		.byte	0x4
ARM GAS  C:\Users\IDONNO~1\AppData\Local\Temp\ccKUaoHk.s 			page 13


 685 0382 6F02     		.2byte	0x26f
 686 0384 BD030000 		.4byte	0x3bd
 687 0388 06       		.uleb128 0x6
 688 0389 7C020000 		.4byte	.LASF44
 689 038d 04       		.byte	0x4
 690 038e 7102     		.2byte	0x271
 691 0390 DF010000 		.4byte	0x1df
 692 0394 00       		.byte	0
 693 0395 06       		.uleb128 0x6
 694 0396 07040000 		.4byte	.LASF45
 695 039a 04       		.byte	0x4
 696 039b 7202     		.2byte	0x272
 697 039d DF010000 		.4byte	0x1df
 698 03a1 04       		.byte	0x4
 699 03a2 0F       		.uleb128 0xf
 700 03a3 56414C00 		.ascii	"VAL\000"
 701 03a7 04       		.byte	0x4
 702 03a8 7302     		.2byte	0x273
 703 03aa DF010000 		.4byte	0x1df
 704 03ae 08       		.byte	0x8
 705 03af 06       		.uleb128 0x6
 706 03b0 37020000 		.4byte	.LASF46
 707 03b4 04       		.byte	0x4
 708 03b5 7402     		.2byte	0x274
 709 03b7 0B030000 		.4byte	0x30b
 710 03bb 0C       		.byte	0xc
 711 03bc 00       		.byte	0
 712 03bd 0D       		.uleb128 0xd
 713 03be F7020000 		.4byte	.LASF47
 714 03c2 04       		.byte	0x4
 715 03c3 7502     		.2byte	0x275
 716 03c5 7F030000 		.4byte	0x37f
 717 03c9 11       		.uleb128 0x11
 718 03ca 01       		.byte	0x1
 719 03cb 37000000 		.4byte	0x37
 720 03cf 05       		.byte	0x5
 721 03d0 A8       		.byte	0xa8
 722 03d1 E2030000 		.4byte	0x3e2
 723 03d5 12       		.uleb128 0x12
 724 03d6 13020000 		.4byte	.LASF48
 725 03da 00       		.byte	0
 726 03db 12       		.uleb128 0x12
 727 03dc 3A040000 		.4byte	.LASF49
 728 03e0 01       		.byte	0x1
 729 03e1 00       		.byte	0
 730 03e2 03       		.uleb128 0x3
 731 03e3 D5030000 		.4byte	.LASF50
 732 03e7 05       		.byte	0x5
 733 03e8 AB       		.byte	0xab
 734 03e9 C9030000 		.4byte	0x3c9
 735 03ed 13       		.uleb128 0x13
 736 03ee 04       		.byte	0x4
 737 03ef 06       		.byte	0x6
 738 03f0 36       		.byte	0x36
 739 03f1 26040000 		.4byte	0x426
 740 03f5 14       		.uleb128 0x14
 741 03f6 3A030000 		.4byte	.LASF51
ARM GAS  C:\Users\IDONNO~1\AppData\Local\Temp\ccKUaoHk.s 			page 14


 742 03fa 06       		.byte	0x6
 743 03fb 38       		.byte	0x38
 744 03fc 8C000000 		.4byte	0x8c
 745 0400 00       		.byte	0
 746 0401 14       		.uleb128 0x14
 747 0402 B3030000 		.4byte	.LASF52
 748 0406 06       		.byte	0x6
 749 0407 3D       		.byte	0x3d
 750 0408 8C000000 		.4byte	0x8c
 751 040c 01       		.byte	0x1
 752 040d 14       		.uleb128 0x14
 753 040e 4A030000 		.4byte	.LASF53
 754 0412 06       		.byte	0x6
 755 0413 42       		.byte	0x42
 756 0414 8C000000 		.4byte	0x8c
 757 0418 02       		.byte	0x2
 758 0419 14       		.uleb128 0x14
 759 041a 16000000 		.4byte	.LASF54
 760 041e 06       		.byte	0x6
 761 041f 47       		.byte	0x47
 762 0420 E2030000 		.4byte	0x3e2
 763 0424 03       		.byte	0x3
 764 0425 00       		.byte	0
 765 0426 03       		.uleb128 0x3
 766 0427 05000000 		.4byte	.LASF55
 767 042b 06       		.byte	0x6
 768 042c 4A       		.byte	0x4a
 769 042d ED030000 		.4byte	0x3ed
 770 0431 15       		.uleb128 0x15
 771 0432 74040000 		.4byte	.LASF56
 772 0436 01       		.byte	0x1
 773 0437 7A       		.byte	0x7a
 774 0438 00000000 		.4byte	.LFB112
 775 043c 14000000 		.4byte	.LFE112-.LFB112
 776 0440 01       		.uleb128 0x1
 777 0441 9C       		.byte	0x9c
 778 0442 56040000 		.4byte	0x456
 779 0446 16       		.uleb128 0x16
 780 0447 F2010000 		.4byte	.LASF58
 781 044b 01       		.byte	0x1
 782 044c 7A       		.byte	0x7a
 783 044d A2000000 		.4byte	0xa2
 784 0451 00000000 		.4byte	.LLST0
 785 0455 00       		.byte	0
 786 0456 15       		.uleb128 0x15
 787 0457 A5000000 		.4byte	.LASF57
 788 045b 01       		.byte	0x1
 789 045c 8C       		.byte	0x8c
 790 045d 00000000 		.4byte	.LFB113
 791 0461 70000000 		.4byte	.LFE113-.LFB113
 792 0465 01       		.uleb128 0x1
 793 0466 9C       		.byte	0x9c
 794 0467 A8040000 		.4byte	0x4a8
 795 046b 16       		.uleb128 0x16
 796 046c 3B000000 		.4byte	.LASF59
 797 0470 01       		.byte	0x1
 798 0471 8C       		.byte	0x8c
ARM GAS  C:\Users\IDONNO~1\AppData\Local\Temp\ccKUaoHk.s 			page 15


 799 0472 A8040000 		.4byte	0x4a8
 800 0476 21000000 		.4byte	.LLST1
 801 047a 17       		.uleb128 0x17
 802 047b 17030000 		.4byte	.LASF60
 803 047f 01       		.byte	0x1
 804 0480 8E       		.byte	0x8e
 805 0481 8C000000 		.4byte	0x8c
 806 0485 4D000000 		.4byte	.LLST2
 807 0489 17       		.uleb128 0x17
 808 048a AF000000 		.4byte	.LASF61
 809 048e 01       		.byte	0x1
 810 048f 8E       		.byte	0x8e
 811 0490 8C000000 		.4byte	0x8c
 812 0494 C4000000 		.4byte	.LLST3
 813 0498 17       		.uleb128 0x17
 814 0499 D5020000 		.4byte	.LASF62
 815 049d 01       		.byte	0x1
 816 049e 8E       		.byte	0x8e
 817 049f 8C000000 		.4byte	0x8c
 818 04a3 E7000000 		.4byte	.LLST4
 819 04a7 00       		.byte	0
 820 04a8 18       		.uleb128 0x18
 821 04a9 04       		.byte	0x4
 822 04aa 26040000 		.4byte	0x426
 823 04ae 15       		.uleb128 0x15
 824 04af 6D000000 		.4byte	.LASF63
 825 04b3 01       		.byte	0x1
 826 04b4 B8       		.byte	0xb8
 827 04b5 00000000 		.4byte	.LFB114
 828 04b9 14000000 		.4byte	.LFE114-.LFB114
 829 04bd 01       		.uleb128 0x1
 830 04be 9C       		.byte	0x9c
 831 04bf E2040000 		.4byte	0x4e2
 832 04c3 16       		.uleb128 0x16
 833 04c4 FA030000 		.4byte	.LASF64
 834 04c8 01       		.byte	0x1
 835 04c9 B8       		.byte	0xb8
 836 04ca A2000000 		.4byte	0xa2
 837 04ce 0A010000 		.4byte	.LLST5
 838 04d2 16       		.uleb128 0x16
 839 04d3 F0020000 		.4byte	.LASF65
 840 04d7 01       		.byte	0x1
 841 04d8 B8       		.byte	0xb8
 842 04d9 A2000000 		.4byte	0xa2
 843 04dd 2B010000 		.4byte	.LLST6
 844 04e1 00       		.byte	0
 845 04e2 15       		.uleb128 0x15
 846 04e3 DC020000 		.4byte	.LASF66
 847 04e7 01       		.byte	0x1
 848 04e8 CB       		.byte	0xcb
 849 04e9 00000000 		.4byte	.LFB115
 850 04ed 18000000 		.4byte	.LFE115-.LFB115
 851 04f1 01       		.uleb128 0x1
 852 04f2 9C       		.byte	0x9c
 853 04f3 14050000 		.4byte	0x514
 854 04f7 16       		.uleb128 0x16
 855 04f8 1A040000 		.4byte	.LASF67
ARM GAS  C:\Users\IDONNO~1\AppData\Local\Temp\ccKUaoHk.s 			page 16


 856 04fc 01       		.byte	0x1
 857 04fd CB       		.byte	0xcb
 858 04fe 8C000000 		.4byte	0x8c
 859 0502 4C010000 		.4byte	.LLST7
 860 0506 19       		.uleb128 0x19
 861 0507 05020000 		.4byte	.LASF68
 862 050b 01       		.byte	0x1
 863 050c CB       		.byte	0xcb
 864 050d E2030000 		.4byte	0x3e2
 865 0511 01       		.uleb128 0x1
 866 0512 51       		.byte	0x51
 867 0513 00       		.byte	0
 868 0514 15       		.uleb128 0x15
 869 0515 4B000000 		.4byte	.LASF69
 870 0519 01       		.byte	0x1
 871 051a E3       		.byte	0xe3
 872 051b 00000000 		.4byte	.LFB116
 873 051f 18000000 		.4byte	.LFE116-.LFB116
 874 0523 01       		.uleb128 0x1
 875 0524 9C       		.byte	0x9c
 876 0525 37050000 		.4byte	0x537
 877 0529 19       		.uleb128 0x19
 878 052a 29000000 		.4byte	.LASF70
 879 052e 01       		.byte	0x1
 880 052f E3       		.byte	0xe3
 881 0530 A2000000 		.4byte	0xa2
 882 0534 01       		.uleb128 0x1
 883 0535 50       		.byte	0x50
 884 0536 00       		.byte	0
 885 0537 1A       		.uleb128 0x1a
 886 0538 27040000 		.4byte	.LASF74
 887 053c 04       		.byte	0x4
 888 053d A706     		.2byte	0x6a7
 889 053f 43050000 		.4byte	0x543
 890 0543 0B       		.uleb128 0xb
 891 0544 97000000 		.4byte	0x97
 892 0548 00       		.byte	0
 893              		.section	.debug_abbrev,"",%progbits
 894              	.Ldebug_abbrev0:
 895 0000 01       		.uleb128 0x1
 896 0001 11       		.uleb128 0x11
 897 0002 01       		.byte	0x1
 898 0003 25       		.uleb128 0x25
 899 0004 0E       		.uleb128 0xe
 900 0005 13       		.uleb128 0x13
 901 0006 0B       		.uleb128 0xb
 902 0007 03       		.uleb128 0x3
 903 0008 0E       		.uleb128 0xe
 904 0009 1B       		.uleb128 0x1b
 905 000a 0E       		.uleb128 0xe
 906 000b 55       		.uleb128 0x55
 907 000c 17       		.uleb128 0x17
 908 000d 11       		.uleb128 0x11
 909 000e 01       		.uleb128 0x1
 910 000f 10       		.uleb128 0x10
 911 0010 17       		.uleb128 0x17
 912 0011 00       		.byte	0
ARM GAS  C:\Users\IDONNO~1\AppData\Local\Temp\ccKUaoHk.s 			page 17


 913 0012 00       		.byte	0
 914 0013 02       		.uleb128 0x2
 915 0014 24       		.uleb128 0x24
 916 0015 00       		.byte	0
 917 0016 0B       		.uleb128 0xb
 918 0017 0B       		.uleb128 0xb
 919 0018 3E       		.uleb128 0x3e
 920 0019 0B       		.uleb128 0xb
 921 001a 03       		.uleb128 0x3
 922 001b 0E       		.uleb128 0xe
 923 001c 00       		.byte	0
 924 001d 00       		.byte	0
 925 001e 03       		.uleb128 0x3
 926 001f 16       		.uleb128 0x16
 927 0020 00       		.byte	0
 928 0021 03       		.uleb128 0x3
 929 0022 0E       		.uleb128 0xe
 930 0023 3A       		.uleb128 0x3a
 931 0024 0B       		.uleb128 0xb
 932 0025 3B       		.uleb128 0x3b
 933 0026 0B       		.uleb128 0xb
 934 0027 49       		.uleb128 0x49
 935 0028 13       		.uleb128 0x13
 936 0029 00       		.byte	0
 937 002a 00       		.byte	0
 938 002b 04       		.uleb128 0x4
 939 002c 24       		.uleb128 0x24
 940 002d 00       		.byte	0
 941 002e 0B       		.uleb128 0xb
 942 002f 0B       		.uleb128 0xb
 943 0030 3E       		.uleb128 0x3e
 944 0031 0B       		.uleb128 0xb
 945 0032 03       		.uleb128 0x3
 946 0033 08       		.uleb128 0x8
 947 0034 00       		.byte	0
 948 0035 00       		.byte	0
 949 0036 05       		.uleb128 0x5
 950 0037 13       		.uleb128 0x13
 951 0038 01       		.byte	0x1
 952 0039 0B       		.uleb128 0xb
 953 003a 05       		.uleb128 0x5
 954 003b 3A       		.uleb128 0x3a
 955 003c 0B       		.uleb128 0xb
 956 003d 3B       		.uleb128 0x3b
 957 003e 05       		.uleb128 0x5
 958 003f 01       		.uleb128 0x1
 959 0040 13       		.uleb128 0x13
 960 0041 00       		.byte	0
 961 0042 00       		.byte	0
 962 0043 06       		.uleb128 0x6
 963 0044 0D       		.uleb128 0xd
 964 0045 00       		.byte	0
 965 0046 03       		.uleb128 0x3
 966 0047 0E       		.uleb128 0xe
 967 0048 3A       		.uleb128 0x3a
 968 0049 0B       		.uleb128 0xb
 969 004a 3B       		.uleb128 0x3b
ARM GAS  C:\Users\IDONNO~1\AppData\Local\Temp\ccKUaoHk.s 			page 18


 970 004b 05       		.uleb128 0x5
 971 004c 49       		.uleb128 0x49
 972 004d 13       		.uleb128 0x13
 973 004e 38       		.uleb128 0x38
 974 004f 0B       		.uleb128 0xb
 975 0050 00       		.byte	0
 976 0051 00       		.byte	0
 977 0052 07       		.uleb128 0x7
 978 0053 0D       		.uleb128 0xd
 979 0054 00       		.byte	0
 980 0055 03       		.uleb128 0x3
 981 0056 0E       		.uleb128 0xe
 982 0057 3A       		.uleb128 0x3a
 983 0058 0B       		.uleb128 0xb
 984 0059 3B       		.uleb128 0x3b
 985 005a 05       		.uleb128 0x5
 986 005b 49       		.uleb128 0x49
 987 005c 13       		.uleb128 0x13
 988 005d 38       		.uleb128 0x38
 989 005e 05       		.uleb128 0x5
 990 005f 00       		.byte	0
 991 0060 00       		.byte	0
 992 0061 08       		.uleb128 0x8
 993 0062 0D       		.uleb128 0xd
 994 0063 00       		.byte	0
 995 0064 03       		.uleb128 0x3
 996 0065 08       		.uleb128 0x8
 997 0066 3A       		.uleb128 0x3a
 998 0067 0B       		.uleb128 0xb
 999 0068 3B       		.uleb128 0x3b
 1000 0069 05       		.uleb128 0x5
 1001 006a 49       		.uleb128 0x49
 1002 006b 13       		.uleb128 0x13
 1003 006c 38       		.uleb128 0x38
 1004 006d 05       		.uleb128 0x5
 1005 006e 00       		.byte	0
 1006 006f 00       		.byte	0
 1007 0070 09       		.uleb128 0x9
 1008 0071 01       		.uleb128 0x1
 1009 0072 01       		.byte	0x1
 1010 0073 49       		.uleb128 0x49
 1011 0074 13       		.uleb128 0x13
 1012 0075 01       		.uleb128 0x1
 1013 0076 13       		.uleb128 0x13
 1014 0077 00       		.byte	0
 1015 0078 00       		.byte	0
 1016 0079 0A       		.uleb128 0xa
 1017 007a 21       		.uleb128 0x21
 1018 007b 00       		.byte	0
 1019 007c 49       		.uleb128 0x49
 1020 007d 13       		.uleb128 0x13
 1021 007e 2F       		.uleb128 0x2f
 1022 007f 0B       		.uleb128 0xb
 1023 0080 00       		.byte	0
 1024 0081 00       		.byte	0
 1025 0082 0B       		.uleb128 0xb
 1026 0083 35       		.uleb128 0x35
ARM GAS  C:\Users\IDONNO~1\AppData\Local\Temp\ccKUaoHk.s 			page 19


 1027 0084 00       		.byte	0
 1028 0085 49       		.uleb128 0x49
 1029 0086 13       		.uleb128 0x13
 1030 0087 00       		.byte	0
 1031 0088 00       		.byte	0
 1032 0089 0C       		.uleb128 0xc
 1033 008a 21       		.uleb128 0x21
 1034 008b 00       		.byte	0
 1035 008c 49       		.uleb128 0x49
 1036 008d 13       		.uleb128 0x13
 1037 008e 2F       		.uleb128 0x2f
 1038 008f 05       		.uleb128 0x5
 1039 0090 00       		.byte	0
 1040 0091 00       		.byte	0
 1041 0092 0D       		.uleb128 0xd
 1042 0093 16       		.uleb128 0x16
 1043 0094 00       		.byte	0
 1044 0095 03       		.uleb128 0x3
 1045 0096 0E       		.uleb128 0xe
 1046 0097 3A       		.uleb128 0x3a
 1047 0098 0B       		.uleb128 0xb
 1048 0099 3B       		.uleb128 0x3b
 1049 009a 05       		.uleb128 0x5
 1050 009b 49       		.uleb128 0x49
 1051 009c 13       		.uleb128 0x13
 1052 009d 00       		.byte	0
 1053 009e 00       		.byte	0
 1054 009f 0E       		.uleb128 0xe
 1055 00a0 13       		.uleb128 0x13
 1056 00a1 01       		.byte	0x1
 1057 00a2 0B       		.uleb128 0xb
 1058 00a3 0B       		.uleb128 0xb
 1059 00a4 3A       		.uleb128 0x3a
 1060 00a5 0B       		.uleb128 0xb
 1061 00a6 3B       		.uleb128 0x3b
 1062 00a7 05       		.uleb128 0x5
 1063 00a8 01       		.uleb128 0x1
 1064 00a9 13       		.uleb128 0x13
 1065 00aa 00       		.byte	0
 1066 00ab 00       		.byte	0
 1067 00ac 0F       		.uleb128 0xf
 1068 00ad 0D       		.uleb128 0xd
 1069 00ae 00       		.byte	0
 1070 00af 03       		.uleb128 0x3
 1071 00b0 08       		.uleb128 0x8
 1072 00b1 3A       		.uleb128 0x3a
 1073 00b2 0B       		.uleb128 0xb
 1074 00b3 3B       		.uleb128 0x3b
 1075 00b4 05       		.uleb128 0x5
 1076 00b5 49       		.uleb128 0x49
 1077 00b6 13       		.uleb128 0x13
 1078 00b7 38       		.uleb128 0x38
 1079 00b8 0B       		.uleb128 0xb
 1080 00b9 00       		.byte	0
 1081 00ba 00       		.byte	0
 1082 00bb 10       		.uleb128 0x10
 1083 00bc 26       		.uleb128 0x26
ARM GAS  C:\Users\IDONNO~1\AppData\Local\Temp\ccKUaoHk.s 			page 20


 1084 00bd 00       		.byte	0
 1085 00be 49       		.uleb128 0x49
 1086 00bf 13       		.uleb128 0x13
 1087 00c0 00       		.byte	0
 1088 00c1 00       		.byte	0
 1089 00c2 11       		.uleb128 0x11
 1090 00c3 04       		.uleb128 0x4
 1091 00c4 01       		.byte	0x1
 1092 00c5 0B       		.uleb128 0xb
 1093 00c6 0B       		.uleb128 0xb
 1094 00c7 49       		.uleb128 0x49
 1095 00c8 13       		.uleb128 0x13
 1096 00c9 3A       		.uleb128 0x3a
 1097 00ca 0B       		.uleb128 0xb
 1098 00cb 3B       		.uleb128 0x3b
 1099 00cc 0B       		.uleb128 0xb
 1100 00cd 01       		.uleb128 0x1
 1101 00ce 13       		.uleb128 0x13
 1102 00cf 00       		.byte	0
 1103 00d0 00       		.byte	0
 1104 00d1 12       		.uleb128 0x12
 1105 00d2 28       		.uleb128 0x28
 1106 00d3 00       		.byte	0
 1107 00d4 03       		.uleb128 0x3
 1108 00d5 0E       		.uleb128 0xe
 1109 00d6 1C       		.uleb128 0x1c
 1110 00d7 0B       		.uleb128 0xb
 1111 00d8 00       		.byte	0
 1112 00d9 00       		.byte	0
 1113 00da 13       		.uleb128 0x13
 1114 00db 13       		.uleb128 0x13
 1115 00dc 01       		.byte	0x1
 1116 00dd 0B       		.uleb128 0xb
 1117 00de 0B       		.uleb128 0xb
 1118 00df 3A       		.uleb128 0x3a
 1119 00e0 0B       		.uleb128 0xb
 1120 00e1 3B       		.uleb128 0x3b
 1121 00e2 0B       		.uleb128 0xb
 1122 00e3 01       		.uleb128 0x1
 1123 00e4 13       		.uleb128 0x13
 1124 00e5 00       		.byte	0
 1125 00e6 00       		.byte	0
 1126 00e7 14       		.uleb128 0x14
 1127 00e8 0D       		.uleb128 0xd
 1128 00e9 00       		.byte	0
 1129 00ea 03       		.uleb128 0x3
 1130 00eb 0E       		.uleb128 0xe
 1131 00ec 3A       		.uleb128 0x3a
 1132 00ed 0B       		.uleb128 0xb
 1133 00ee 3B       		.uleb128 0x3b
 1134 00ef 0B       		.uleb128 0xb
 1135 00f0 49       		.uleb128 0x49
 1136 00f1 13       		.uleb128 0x13
 1137 00f2 38       		.uleb128 0x38
 1138 00f3 0B       		.uleb128 0xb
 1139 00f4 00       		.byte	0
 1140 00f5 00       		.byte	0
ARM GAS  C:\Users\IDONNO~1\AppData\Local\Temp\ccKUaoHk.s 			page 21


 1141 00f6 15       		.uleb128 0x15
 1142 00f7 2E       		.uleb128 0x2e
 1143 00f8 01       		.byte	0x1
 1144 00f9 3F       		.uleb128 0x3f
 1145 00fa 19       		.uleb128 0x19
 1146 00fb 03       		.uleb128 0x3
 1147 00fc 0E       		.uleb128 0xe
 1148 00fd 3A       		.uleb128 0x3a
 1149 00fe 0B       		.uleb128 0xb
 1150 00ff 3B       		.uleb128 0x3b
 1151 0100 0B       		.uleb128 0xb
 1152 0101 27       		.uleb128 0x27
 1153 0102 19       		.uleb128 0x19
 1154 0103 11       		.uleb128 0x11
 1155 0104 01       		.uleb128 0x1
 1156 0105 12       		.uleb128 0x12
 1157 0106 06       		.uleb128 0x6
 1158 0107 40       		.uleb128 0x40
 1159 0108 18       		.uleb128 0x18
 1160 0109 9742     		.uleb128 0x2117
 1161 010b 19       		.uleb128 0x19
 1162 010c 01       		.uleb128 0x1
 1163 010d 13       		.uleb128 0x13
 1164 010e 00       		.byte	0
 1165 010f 00       		.byte	0
 1166 0110 16       		.uleb128 0x16
 1167 0111 05       		.uleb128 0x5
 1168 0112 00       		.byte	0
 1169 0113 03       		.uleb128 0x3
 1170 0114 0E       		.uleb128 0xe
 1171 0115 3A       		.uleb128 0x3a
 1172 0116 0B       		.uleb128 0xb
 1173 0117 3B       		.uleb128 0x3b
 1174 0118 0B       		.uleb128 0xb
 1175 0119 49       		.uleb128 0x49
 1176 011a 13       		.uleb128 0x13
 1177 011b 02       		.uleb128 0x2
 1178 011c 17       		.uleb128 0x17
 1179 011d 00       		.byte	0
 1180 011e 00       		.byte	0
 1181 011f 17       		.uleb128 0x17
 1182 0120 34       		.uleb128 0x34
 1183 0121 00       		.byte	0
 1184 0122 03       		.uleb128 0x3
 1185 0123 0E       		.uleb128 0xe
 1186 0124 3A       		.uleb128 0x3a
 1187 0125 0B       		.uleb128 0xb
 1188 0126 3B       		.uleb128 0x3b
 1189 0127 0B       		.uleb128 0xb
 1190 0128 49       		.uleb128 0x49
 1191 0129 13       		.uleb128 0x13
 1192 012a 02       		.uleb128 0x2
 1193 012b 17       		.uleb128 0x17
 1194 012c 00       		.byte	0
 1195 012d 00       		.byte	0
 1196 012e 18       		.uleb128 0x18
 1197 012f 0F       		.uleb128 0xf
ARM GAS  C:\Users\IDONNO~1\AppData\Local\Temp\ccKUaoHk.s 			page 22


 1198 0130 00       		.byte	0
 1199 0131 0B       		.uleb128 0xb
 1200 0132 0B       		.uleb128 0xb
 1201 0133 49       		.uleb128 0x49
 1202 0134 13       		.uleb128 0x13
 1203 0135 00       		.byte	0
 1204 0136 00       		.byte	0
 1205 0137 19       		.uleb128 0x19
 1206 0138 05       		.uleb128 0x5
 1207 0139 00       		.byte	0
 1208 013a 03       		.uleb128 0x3
 1209 013b 0E       		.uleb128 0xe
 1210 013c 3A       		.uleb128 0x3a
 1211 013d 0B       		.uleb128 0xb
 1212 013e 3B       		.uleb128 0x3b
 1213 013f 0B       		.uleb128 0xb
 1214 0140 49       		.uleb128 0x49
 1215 0141 13       		.uleb128 0x13
 1216 0142 02       		.uleb128 0x2
 1217 0143 18       		.uleb128 0x18
 1218 0144 00       		.byte	0
 1219 0145 00       		.byte	0
 1220 0146 1A       		.uleb128 0x1a
 1221 0147 34       		.uleb128 0x34
 1222 0148 00       		.byte	0
 1223 0149 03       		.uleb128 0x3
 1224 014a 0E       		.uleb128 0xe
 1225 014b 3A       		.uleb128 0x3a
 1226 014c 0B       		.uleb128 0xb
 1227 014d 3B       		.uleb128 0x3b
 1228 014e 05       		.uleb128 0x5
 1229 014f 49       		.uleb128 0x49
 1230 0150 13       		.uleb128 0x13
 1231 0151 3F       		.uleb128 0x3f
 1232 0152 19       		.uleb128 0x19
 1233 0153 3C       		.uleb128 0x3c
 1234 0154 19       		.uleb128 0x19
 1235 0155 00       		.byte	0
 1236 0156 00       		.byte	0
 1237 0157 00       		.byte	0
 1238              		.section	.debug_loc,"",%progbits
 1239              	.Ldebug_loc0:
 1240              	.LLST0:
 1241 0000 00000000 		.4byte	.LVL0
 1242 0004 04000000 		.4byte	.LVL1
 1243 0008 0100     		.2byte	0x1
 1244 000a 50       		.byte	0x50
 1245 000b 04000000 		.4byte	.LVL1
 1246 000f 14000000 		.4byte	.LFE112
 1247 0013 0400     		.2byte	0x4
 1248 0015 F3       		.byte	0xf3
 1249 0016 01       		.uleb128 0x1
 1250 0017 50       		.byte	0x50
 1251 0018 9F       		.byte	0x9f
 1252 0019 00000000 		.4byte	0
 1253 001d 00000000 		.4byte	0
 1254              	.LLST1:
ARM GAS  C:\Users\IDONNO~1\AppData\Local\Temp\ccKUaoHk.s 			page 23


 1255 0021 00000000 		.4byte	.LVL2
 1256 0025 08000000 		.4byte	.LVL3
 1257 0029 0100     		.2byte	0x1
 1258 002b 50       		.byte	0x50
 1259 002c 08000000 		.4byte	.LVL3
 1260 0030 1C000000 		.4byte	.LVL4
 1261 0034 0400     		.2byte	0x4
 1262 0036 F3       		.byte	0xf3
 1263 0037 01       		.uleb128 0x1
 1264 0038 50       		.byte	0x50
 1265 0039 9F       		.byte	0x9f
 1266 003a 1C000000 		.4byte	.LVL4
 1267 003e 70000000 		.4byte	.LFE113
 1268 0042 0100     		.2byte	0x1
 1269 0044 50       		.byte	0x50
 1270 0045 00000000 		.4byte	0
 1271 0049 00000000 		.4byte	0
 1272              	.LLST2:
 1273 004d 00000000 		.4byte	.LVL2
 1274 0051 30000000 		.4byte	.LVL5
 1275 0055 0200     		.2byte	0x2
 1276 0057 30       		.byte	0x30
 1277 0058 9F       		.byte	0x9f
 1278 0059 30000000 		.4byte	.LVL5
 1279 005d 40000000 		.4byte	.LVL6
 1280 0061 0100     		.2byte	0x1
 1281 0063 51       		.byte	0x51
 1282 0064 40000000 		.4byte	.LVL6
 1283 0068 44000000 		.4byte	.LVL7
 1284 006c 0100     		.2byte	0x1
 1285 006e 55       		.byte	0x55
 1286 006f 44000000 		.4byte	.LVL7
 1287 0073 4E000000 		.4byte	.LVL8
 1288 0077 0100     		.2byte	0x1
 1289 0079 53       		.byte	0x53
 1290 007a 4E000000 		.4byte	.LVL8
 1291 007e 50000000 		.4byte	.LVL9
 1292 0082 1000     		.2byte	0x10
 1293 0084 3F       		.byte	0x3f
 1294 0085 71       		.byte	0x71
 1295 0086 00       		.sleb128 0
 1296 0087 26       		.byte	0x26
 1297 0088 70       		.byte	0x70
 1298 0089 02       		.sleb128 2
 1299 008a 94       		.byte	0x94
 1300 008b 01       		.byte	0x1
 1301 008c 08       		.byte	0x8
 1302 008d FF       		.byte	0xff
 1303 008e 1A       		.byte	0x1a
 1304 008f 1A       		.byte	0x1a
 1305 0090 75       		.byte	0x75
 1306 0091 00       		.sleb128 0
 1307 0092 21       		.byte	0x21
 1308 0093 9F       		.byte	0x9f
 1309 0094 50000000 		.4byte	.LVL9
 1310 0098 56000000 		.4byte	.LVL10
 1311 009c 0100     		.2byte	0x1
ARM GAS  C:\Users\IDONNO~1\AppData\Local\Temp\ccKUaoHk.s 			page 24


 1312 009e 53       		.byte	0x53
 1313 009f 56000000 		.4byte	.LVL10
 1314 00a3 58000000 		.4byte	.LVL11
 1315 00a7 0300     		.2byte	0x3
 1316 00a9 72       		.byte	0x72
 1317 00aa 8006     		.sleb128 768
 1318 00ac 58000000 		.4byte	.LVL11
 1319 00b0 64000000 		.4byte	.LVL13
 1320 00b4 0600     		.2byte	0x6
 1321 00b6 74       		.byte	0x74
 1322 00b7 80C88380 		.sleb128 -536812544
 1322      7E
 1323 00bc 00000000 		.4byte	0
 1324 00c0 00000000 		.4byte	0
 1325              	.LLST3:
 1326 00c4 00000000 		.4byte	.LVL2
 1327 00c8 30000000 		.4byte	.LVL5
 1328 00cc 0200     		.2byte	0x2
 1329 00ce 30       		.byte	0x30
 1330 00cf 9F       		.byte	0x9f
 1331 00d0 30000000 		.4byte	.LVL5
 1332 00d4 5C000000 		.4byte	.LVL12
 1333 00d8 0500     		.2byte	0x5
 1334 00da 34       		.byte	0x34
 1335 00db 71       		.byte	0x71
 1336 00dc 00       		.sleb128 0
 1337 00dd 1C       		.byte	0x1c
 1338 00de 9F       		.byte	0x9f
 1339 00df 00000000 		.4byte	0
 1340 00e3 00000000 		.4byte	0
 1341              	.LLST4:
 1342 00e7 00000000 		.4byte	.LVL2
 1343 00eb 30000000 		.4byte	.LVL5
 1344 00ef 0200     		.2byte	0x2
 1345 00f1 3F       		.byte	0x3f
 1346 00f2 9F       		.byte	0x9f
 1347 00f3 30000000 		.4byte	.LVL5
 1348 00f7 5C000000 		.4byte	.LVL12
 1349 00fb 0500     		.2byte	0x5
 1350 00fd 3F       		.byte	0x3f
 1351 00fe 71       		.byte	0x71
 1352 00ff 00       		.sleb128 0
 1353 0100 26       		.byte	0x26
 1354 0101 9F       		.byte	0x9f
 1355 0102 00000000 		.4byte	0
 1356 0106 00000000 		.4byte	0
 1357              	.LLST5:
 1358 010a 00000000 		.4byte	.LVL14
 1359 010e 0C000000 		.4byte	.LVL16
 1360 0112 0100     		.2byte	0x1
 1361 0114 50       		.byte	0x50
 1362 0115 0C000000 		.4byte	.LVL16
 1363 0119 14000000 		.4byte	.LFE114
 1364 011d 0400     		.2byte	0x4
 1365 011f F3       		.byte	0xf3
 1366 0120 01       		.uleb128 0x1
 1367 0121 50       		.byte	0x50
ARM GAS  C:\Users\IDONNO~1\AppData\Local\Temp\ccKUaoHk.s 			page 25


 1368 0122 9F       		.byte	0x9f
 1369 0123 00000000 		.4byte	0
 1370 0127 00000000 		.4byte	0
 1371              	.LLST6:
 1372 012b 00000000 		.4byte	.LVL14
 1373 012f 04000000 		.4byte	.LVL15
 1374 0133 0100     		.2byte	0x1
 1375 0135 51       		.byte	0x51
 1376 0136 04000000 		.4byte	.LVL15
 1377 013a 14000000 		.4byte	.LFE114
 1378 013e 0400     		.2byte	0x4
 1379 0140 F3       		.byte	0xf3
 1380 0141 01       		.uleb128 0x1
 1381 0142 51       		.byte	0x51
 1382 0143 9F       		.byte	0x9f
 1383 0144 00000000 		.4byte	0
 1384 0148 00000000 		.4byte	0
 1385              	.LLST7:
 1386 014c 00000000 		.4byte	.LVL17
 1387 0150 0A000000 		.4byte	.LVL18
 1388 0154 0100     		.2byte	0x1
 1389 0156 50       		.byte	0x50
 1390 0157 0A000000 		.4byte	.LVL18
 1391 015b 0E000000 		.4byte	.LVL19
 1392 015f 0400     		.2byte	0x4
 1393 0161 F3       		.byte	0xf3
 1394 0162 01       		.uleb128 0x1
 1395 0163 50       		.byte	0x50
 1396 0164 9F       		.byte	0x9f
 1397 0165 0E000000 		.4byte	.LVL19
 1398 0169 10000000 		.4byte	.LVL20
 1399 016d 0100     		.2byte	0x1
 1400 016f 50       		.byte	0x50
 1401 0170 10000000 		.4byte	.LVL20
 1402 0174 18000000 		.4byte	.LFE115
 1403 0178 0400     		.2byte	0x4
 1404 017a F3       		.byte	0xf3
 1405 017b 01       		.uleb128 0x1
 1406 017c 50       		.byte	0x50
 1407 017d 9F       		.byte	0x9f
 1408 017e 00000000 		.4byte	0
 1409 0182 00000000 		.4byte	0
 1410              		.section	.debug_aranges,"",%progbits
 1411 0000 3C000000 		.4byte	0x3c
 1412 0004 0200     		.2byte	0x2
 1413 0006 00000000 		.4byte	.Ldebug_info0
 1414 000a 04       		.byte	0x4
 1415 000b 00       		.byte	0
 1416 000c 0000     		.2byte	0
 1417 000e 0000     		.2byte	0
 1418 0010 00000000 		.4byte	.LFB112
 1419 0014 14000000 		.4byte	.LFE112-.LFB112
 1420 0018 00000000 		.4byte	.LFB113
 1421 001c 70000000 		.4byte	.LFE113-.LFB113
 1422 0020 00000000 		.4byte	.LFB114
 1423 0024 14000000 		.4byte	.LFE114-.LFB114
 1424 0028 00000000 		.4byte	.LFB115
ARM GAS  C:\Users\IDONNO~1\AppData\Local\Temp\ccKUaoHk.s 			page 26


 1425 002c 18000000 		.4byte	.LFE115-.LFB115
 1426 0030 00000000 		.4byte	.LFB116
 1427 0034 18000000 		.4byte	.LFE116-.LFB116
 1428 0038 00000000 		.4byte	0
 1429 003c 00000000 		.4byte	0
 1430              		.section	.debug_ranges,"",%progbits
 1431              	.Ldebug_ranges0:
 1432 0000 00000000 		.4byte	.LFB112
 1433 0004 14000000 		.4byte	.LFE112
 1434 0008 00000000 		.4byte	.LFB113
 1435 000c 70000000 		.4byte	.LFE113
 1436 0010 00000000 		.4byte	.LFB114
 1437 0014 14000000 		.4byte	.LFE114
 1438 0018 00000000 		.4byte	.LFB115
 1439 001c 18000000 		.4byte	.LFE115
 1440 0020 00000000 		.4byte	.LFB116
 1441 0024 18000000 		.4byte	.LFE116
 1442 0028 00000000 		.4byte	0
 1443 002c 00000000 		.4byte	0
 1444              		.section	.debug_line,"",%progbits
 1445              	.Ldebug_line0:
 1446 0000 37020000 		.section	.debug_str,"MS",%progbits,1
 1446      0200B001 
 1446      00000201 
 1446      FB0E0D00 
 1446      01010101 
 1447              	.LASF23:
 1448 0000 49414252 		.ascii	"IABR\000"
 1448      00
 1449              	.LASF55:
 1450 0005 4E564943 		.ascii	"NVIC_InitTypeDef\000"
 1450      5F496E69 
 1450      74547970 
 1450      65446566 
 1450      00
 1451              	.LASF54:
 1452 0016 4E564943 		.ascii	"NVIC_IRQChannelCmd\000"
 1452      5F495251 
 1452      4368616E 
 1452      6E656C43 
 1452      6D6400
 1453              	.LASF70:
 1454 0029 53797354 		.ascii	"SysTick_CLKSource\000"
 1454      69636B5F 
 1454      434C4B53 
 1454      6F757263 
 1454      6500
 1455              	.LASF59:
 1456 003b 4E564943 		.ascii	"NVIC_InitStruct\000"
 1456      5F496E69 
 1456      74537472 
 1456      75637400 
 1457              	.LASF69:
 1458 004b 53797354 		.ascii	"SysTick_CLKSourceConfig\000"
 1458      69636B5F 
 1458      434C4B53 
 1458      6F757263 
ARM GAS  C:\Users\IDONNO~1\AppData\Local\Temp\ccKUaoHk.s 			page 27


 1458      65436F6E 
 1459              	.LASF2:
 1460 0063 73686F72 		.ascii	"short int\000"
 1460      7420696E 
 1460      7400
 1461              	.LASF63:
 1462 006d 4E564943 		.ascii	"NVIC_SetVectorTable\000"
 1462      5F536574 
 1462      56656374 
 1462      6F725461 
 1462      626C6500 
 1463              	.LASF73:
 1464 0081 443A5C67 		.ascii	"D:\\git\\oroca_bldc_dev\\oroca_bldc_FW\000"
 1464      69745C6F 
 1464      726F6361 
 1464      5F626C64 
 1464      635F6465 
 1465              	.LASF57:
 1466 00a5 4E564943 		.ascii	"NVIC_Init\000"
 1466      5F496E69 
 1466      7400
 1467              	.LASF61:
 1468 00af 746D7070 		.ascii	"tmppre\000"
 1468      726500
 1469              	.LASF71:
 1470 00b6 474E5520 		.ascii	"GNU C99 5.2.1 20151202 (release) [ARM/embedded-5-br"
 1470      43393920 
 1470      352E322E 
 1470      31203230 
 1470      31353132 
 1471 00e9 616E6368 		.ascii	"anch revision 231848] -mcpu=cortex-m4 -mfloat-abi=h"
 1471      20726576 
 1471      6973696F 
 1471      6E203233 
 1471      31383438 
 1472 011c 61726420 		.ascii	"ard -mfpu=fpv4-sp-d16 -mno-thumb-interwork -mthumb "
 1472      2D6D6670 
 1472      753D6670 
 1472      76342D73 
 1472      702D6431 
 1473 014f 2D676764 		.ascii	"-ggdb -O2 -std=gnu99 -fomit-frame-pointer -falign-f"
 1473      62202D4F 
 1473      32202D73 
 1473      74643D67 
 1473      6E753939 
 1474 0182 756E6374 		.ascii	"unctions=16 -ffunction-sections -fdata-sections -fn"
 1474      696F6E73 
 1474      3D313620 
 1474      2D666675 
 1474      6E637469 
 1475 01b5 6F2D636F 		.ascii	"o-common -fsingle-precision-constant\000"
 1475      6D6D6F6E 
 1475      202D6673 
 1475      696E676C 
 1475      652D7072 
 1476              	.LASF29:
 1477 01da 43505549 		.ascii	"CPUID\000"
ARM GAS  C:\Users\IDONNO~1\AppData\Local\Temp\ccKUaoHk.s 			page 28


 1477      4400
 1478              	.LASF16:
 1479 01e0 52455345 		.ascii	"RESERVED0\000"
 1479      52564544 
 1479      3000
 1480              	.LASF12:
 1481 01ea 75696E74 		.ascii	"uint8_t\000"
 1481      385F7400 
 1482              	.LASF58:
 1483 01f2 4E564943 		.ascii	"NVIC_PriorityGroup\000"
 1483      5F507269 
 1483      6F726974 
 1483      7947726F 
 1483      757000
 1484              	.LASF68:
 1485 0205 4E657753 		.ascii	"NewState\000"
 1485      74617465 
 1485      00
 1486              	.LASF26:
 1487 020e 53544952 		.ascii	"STIR\000"
 1487      00
 1488              	.LASF48:
 1489 0213 44495341 		.ascii	"DISABLE\000"
 1489      424C4500 
 1490              	.LASF30:
 1491 021b 49435352 		.ascii	"ICSR\000"
 1491      00
 1492              	.LASF18:
 1493 0220 52534552 		.ascii	"RSERVED1\000"
 1493      56454431 
 1493      00
 1494              	.LASF9:
 1495 0229 6C6F6E67 		.ascii	"long long int\000"
 1495      206C6F6E 
 1495      6720696E 
 1495      7400
 1496              	.LASF46:
 1497 0237 43414C49 		.ascii	"CALIB\000"
 1497      4200
 1498              	.LASF31:
 1499 023d 56544F52 		.ascii	"VTOR\000"
 1499      00
 1500              	.LASF38:
 1501 0242 42464152 		.ascii	"BFAR\000"
 1501      00
 1502              	.LASF6:
 1503 0247 6C6F6E67 		.ascii	"long int\000"
 1503      20696E74 
 1503      00
 1504              	.LASF4:
 1505 0250 5F5F7569 		.ascii	"__uint8_t\000"
 1505      6E74385F 
 1505      7400
 1506              	.LASF34:
 1507 025a 43465352 		.ascii	"CFSR\000"
 1507      00
 1508              	.LASF1:
ARM GAS  C:\Users\IDONNO~1\AppData\Local\Temp\ccKUaoHk.s 			page 29


 1509 025f 756E7369 		.ascii	"unsigned char\000"
 1509      676E6564 
 1509      20636861 
 1509      7200
 1510              	.LASF32:
 1511 026d 41495243 		.ascii	"AIRCR\000"
 1511      5200
 1512              	.LASF43:
 1513 0273 5343425F 		.ascii	"SCB_Type\000"
 1513      54797065 
 1513      00
 1514              	.LASF44:
 1515 027c 4354524C 		.ascii	"CTRL\000"
 1515      00
 1516              	.LASF28:
 1517 0281 4E564943 		.ascii	"NVIC_Type\000"
 1517      5F547970 
 1517      6500
 1518              	.LASF21:
 1519 028b 49435052 		.ascii	"ICPR\000"
 1519      00
 1520              	.LASF0:
 1521 0290 7369676E 		.ascii	"signed char\000"
 1521      65642063 
 1521      68617200 
 1522              	.LASF10:
 1523 029c 6C6F6E67 		.ascii	"long long unsigned int\000"
 1523      206C6F6E 
 1523      6720756E 
 1523      7369676E 
 1523      65642069 
 1524              	.LASF14:
 1525 02b3 75696E74 		.ascii	"uint32_t\000"
 1525      33325F74 
 1525      00
 1526              	.LASF11:
 1527 02bc 756E7369 		.ascii	"unsigned int\000"
 1527      676E6564 
 1527      20696E74 
 1527      00
 1528              	.LASF33:
 1529 02c9 53484353 		.ascii	"SHCSR\000"
 1529      5200
 1530              	.LASF37:
 1531 02cf 4D4D4641 		.ascii	"MMFAR\000"
 1531      5200
 1532              	.LASF62:
 1533 02d5 746D7073 		.ascii	"tmpsub\000"
 1533      756200
 1534              	.LASF66:
 1535 02dc 4E564943 		.ascii	"NVIC_SystemLPConfig\000"
 1535      5F537973 
 1535      74656D4C 
 1535      50436F6E 
 1535      66696700 
 1536              	.LASF65:
 1537 02f0 4F666673 		.ascii	"Offset\000"
ARM GAS  C:\Users\IDONNO~1\AppData\Local\Temp\ccKUaoHk.s 			page 30


 1537      657400
 1538              	.LASF47:
 1539 02f7 53797354 		.ascii	"SysTick_Type\000"
 1539      69636B5F 
 1539      54797065 
 1539      00
 1540              	.LASF3:
 1541 0304 73686F72 		.ascii	"short unsigned int\000"
 1541      7420756E 
 1541      7369676E 
 1541      65642069 
 1541      6E7400
 1542              	.LASF60:
 1543 0317 746D7070 		.ascii	"tmppriority\000"
 1543      72696F72 
 1543      69747900 
 1544              	.LASF13:
 1545 0323 696E7433 		.ascii	"int32_t\000"
 1545      325F7400 
 1546              	.LASF41:
 1547 032b 49534152 		.ascii	"ISAR\000"
 1547      00
 1548              	.LASF19:
 1549 0330 49535052 		.ascii	"ISPR\000"
 1549      00
 1550              	.LASF36:
 1551 0335 44465352 		.ascii	"DFSR\000"
 1551      00
 1552              	.LASF51:
 1553 033a 4E564943 		.ascii	"NVIC_IRQChannel\000"
 1553      5F495251 
 1553      4368616E 
 1553      6E656C00 
 1554              	.LASF53:
 1555 034a 4E564943 		.ascii	"NVIC_IRQChannelSubPriority\000"
 1555      5F495251 
 1555      4368616E 
 1555      6E656C53 
 1555      75625072 
 1556              	.LASF35:
 1557 0365 48465352 		.ascii	"HFSR\000"
 1557      00
 1558              	.LASF17:
 1559 036a 49434552 		.ascii	"ICER\000"
 1559      00
 1560              	.LASF40:
 1561 036f 4D4D4652 		.ascii	"MMFR\000"
 1561      00
 1562              	.LASF15:
 1563 0374 49534552 		.ascii	"ISER\000"
 1563      00
 1564              	.LASF20:
 1565 0379 52455345 		.ascii	"RESERVED2\000"
 1565      52564544 
 1565      3200
 1566              	.LASF22:
 1567 0383 52455345 		.ascii	"RESERVED3\000"
ARM GAS  C:\Users\IDONNO~1\AppData\Local\Temp\ccKUaoHk.s 			page 31


 1567      52564544 
 1567      3300
 1568              	.LASF24:
 1569 038d 52455345 		.ascii	"RESERVED4\000"
 1569      52564544 
 1569      3400
 1570              	.LASF25:
 1571 0397 52455345 		.ascii	"RESERVED5\000"
 1571      52564544 
 1571      3500
 1572              	.LASF8:
 1573 03a1 6C6F6E67 		.ascii	"long unsigned int\000"
 1573      20756E73 
 1573      69676E65 
 1573      6420696E 
 1573      7400
 1574              	.LASF52:
 1575 03b3 4E564943 		.ascii	"NVIC_IRQChannelPreemptionPriority\000"
 1575      5F495251 
 1575      4368616E 
 1575      6E656C50 
 1575      7265656D 
 1576              	.LASF50:
 1577 03d5 46756E63 		.ascii	"FunctionalState\000"
 1577      74696F6E 
 1577      616C5374 
 1577      61746500 
 1578              	.LASF7:
 1579 03e5 5F5F7569 		.ascii	"__uint32_t\000"
 1579      6E743332 
 1579      5F7400
 1580              	.LASF5:
 1581 03f0 5F5F696E 		.ascii	"__int32_t\000"
 1581      7433325F 
 1581      7400
 1582              	.LASF64:
 1583 03fa 4E564943 		.ascii	"NVIC_VectTab\000"
 1583      5F566563 
 1583      74546162 
 1583      00
 1584              	.LASF45:
 1585 0407 4C4F4144 		.ascii	"LOAD\000"
 1585      00
 1586              	.LASF27:
 1587 040c 73697A65 		.ascii	"sizetype\000"
 1587      74797065 
 1587      00
 1588              	.LASF39:
 1589 0415 41465352 		.ascii	"AFSR\000"
 1589      00
 1590              	.LASF67:
 1591 041a 4C6F7750 		.ascii	"LowPowerMode\000"
 1591      6F776572 
 1591      4D6F6465 
 1591      00
 1592              	.LASF74:
 1593 0427 49544D5F 		.ascii	"ITM_RxBuffer\000"
ARM GAS  C:\Users\IDONNO~1\AppData\Local\Temp\ccKUaoHk.s 			page 32


 1593      52784275 
 1593      66666572 
 1593      00
 1594              	.LASF42:
 1595 0434 43504143 		.ascii	"CPACR\000"
 1595      5200
 1596              	.LASF49:
 1597 043a 454E4142 		.ascii	"ENABLE\000"
 1597      4C4500
 1598              	.LASF72:
 1599 0441 6C69622F 		.ascii	"lib/ChibiOS_3.0.2/ext/stdperiph_stm32f4/src/misc.c\000"
 1599      43686962 
 1599      694F535F 
 1599      332E302E 
 1599      322F6578 
 1600              	.LASF56:
 1601 0474 4E564943 		.ascii	"NVIC_PriorityGroupConfig\000"
 1601      5F507269 
 1601      6F726974 
 1601      7947726F 
 1601      7570436F 
 1602              		.ident	"GCC: (GNU Tools for ARM Embedded Processors) 5.2.1 20151202 (release) [ARM/embedded-5-bran
ARM GAS  C:\Users\IDONNO~1\AppData\Local\Temp\ccKUaoHk.s 			page 33


DEFINED SYMBOLS
                            *ABS*:00000000 misc.c
C:\Users\IDONNO~1\AppData\Local\Temp\ccKUaoHk.s:22     .text.NVIC_PriorityGroupConfig:00000000 $t
C:\Users\IDONNO~1\AppData\Local\Temp\ccKUaoHk.s:28     .text.NVIC_PriorityGroupConfig:00000000 NVIC_PriorityGroupConfig
C:\Users\IDONNO~1\AppData\Local\Temp\ccKUaoHk.s:47     .text.NVIC_PriorityGroupConfig:00000010 $d
C:\Users\IDONNO~1\AppData\Local\Temp\ccKUaoHk.s:52     .text.NVIC_Init:00000000 $t
C:\Users\IDONNO~1\AppData\Local\Temp\ccKUaoHk.s:58     .text.NVIC_Init:00000000 NVIC_Init
C:\Users\IDONNO~1\AppData\Local\Temp\ccKUaoHk.s:159    .text.NVIC_Init:00000068 $d
C:\Users\IDONNO~1\AppData\Local\Temp\ccKUaoHk.s:165    .text.NVIC_SetVectorTable:00000000 $t
C:\Users\IDONNO~1\AppData\Local\Temp\ccKUaoHk.s:171    .text.NVIC_SetVectorTable:00000000 NVIC_SetVectorTable
C:\Users\IDONNO~1\AppData\Local\Temp\ccKUaoHk.s:191    .text.NVIC_SetVectorTable:00000010 $d
C:\Users\IDONNO~1\AppData\Local\Temp\ccKUaoHk.s:196    .text.NVIC_SystemLPConfig:00000000 $t
C:\Users\IDONNO~1\AppData\Local\Temp\ccKUaoHk.s:202    .text.NVIC_SystemLPConfig:00000000 NVIC_SystemLPConfig
C:\Users\IDONNO~1\AppData\Local\Temp\ccKUaoHk.s:230    .text.NVIC_SystemLPConfig:00000014 $d
C:\Users\IDONNO~1\AppData\Local\Temp\ccKUaoHk.s:235    .text.SysTick_CLKSourceConfig:00000000 $t
C:\Users\IDONNO~1\AppData\Local\Temp\ccKUaoHk.s:241    .text.SysTick_CLKSourceConfig:00000000 SysTick_CLKSourceConfig
C:\Users\IDONNO~1\AppData\Local\Temp\ccKUaoHk.s:264    .text.SysTick_CLKSourceConfig:00000014 $d
                     .debug_frame:00000010 $d

NO UNDEFINED SYMBOLS
