ARM GAS  C:\Users\IDONNO~1\AppData\Local\Temp\ccABwXCh.s 			page 1


   1              		.syntax unified
   2              		.cpu cortex-m4
   3              		.eabi_attribute 27, 1
   4              		.eabi_attribute 28, 1
   5              		.fpu fpv4-sp-d16
   6              		.eabi_attribute 20, 1
   7              		.eabi_attribute 21, 1
   8              		.eabi_attribute 23, 3
   9              		.eabi_attribute 24, 1
  10              		.eabi_attribute 25, 1
  11              		.eabi_attribute 26, 1
  12              		.eabi_attribute 30, 2
  13              		.eabi_attribute 34, 1
  14              		.eabi_attribute 18, 4
  15              		.thumb
  16              		.syntax unified
  17              		.file	"nvic.c"
  18              		.text
  19              	.Ltext0:
  20              		.cfi_sections	.debug_frame
  21              		.section	.text.nvicEnableVector,"ax",%progbits
  22              		.align	2
  23              		.p2align 4,,15
  24              		.global	nvicEnableVector
  25              		.thumb
  26              		.thumb_func
  27              		.type	nvicEnableVector, %function
  28              	nvicEnableVector:
  29              	.LFB256:
  30              		.file 1 "lib/ChibiOS_3.0.2/os/hal/ports/common/ARMCMx/nvic.c"
  31              		.loc 1 57 0
  32              		.cfi_startproc
  33              		@ args = 0, pretend = 0, frame = 0
  34              		@ frame_needed = 0, uses_anonymous_args = 0
  35              		@ link register save eliminated.
  36              	.LVL0:
  37 0000 4309     		lsrs	r3, r0, #5
  38 0002 9B00     		lsls	r3, r3, #2
  39 0004 10B4     		push	{r4}
  40              		.cfi_def_cfa_offset 4
  41              		.cfi_offset 4, -4
  42 0006 03F16043 		add	r3, r3, #-536870912
  43              		.loc 1 59 0
  44 000a 00F16044 		add	r4, r0, #-536870912
  45 000e 04F56144 		add	r4, r4, #57600
  46 0012 03F56143 		add	r3, r3, #57600
  47 0016 0901     		lsls	r1, r1, #4
  48              	.LVL1:
  49              		.loc 1 60 0
  50 0018 00F01F00 		and	r0, r0, #31
  51              	.LVL2:
  52 001c 0122     		movs	r2, #1
  53 001e 02FA00F0 		lsl	r0, r2, r0
  54              		.loc 1 59 0
  55 0022 C9B2     		uxtb	r1, r1
  56 0024 84F80013 		strb	r1, [r4, #768]
  57              		.loc 1 60 0
ARM GAS  C:\Users\IDONNO~1\AppData\Local\Temp\ccABwXCh.s 			page 2


  58 0028 C3F88001 		str	r0, [r3, #384]
  59              		.loc 1 61 0
  60 002c 1860     		str	r0, [r3]
  61              		.loc 1 62 0
  62 002e 5DF8044B 		ldr	r4, [sp], #4
  63              		.cfi_restore 4
  64              		.cfi_def_cfa_offset 0
  65              	.LVL3:
  66 0032 7047     		bx	lr
  67              		.cfi_endproc
  68              	.LFE256:
  69              		.size	nvicEnableVector, .-nvicEnableVector
  70              		.section	.text.nvicDisableVector,"ax",%progbits
  71              		.align	2
  72              		.p2align 4,,15
  73              		.global	nvicDisableVector
  74              		.thumb
  75              		.thumb_func
  76              		.type	nvicDisableVector, %function
  77              	nvicDisableVector:
  78              	.LFB257:
  79              		.loc 1 69 0
  80              		.cfi_startproc
  81              		@ args = 0, pretend = 0, frame = 0
  82              		@ frame_needed = 0, uses_anonymous_args = 0
  83              		@ link register save eliminated.
  84              	.LVL4:
  85              		.loc 1 71 0
  86 0000 0849     		ldr	r1, .L5
  87 0002 4309     		lsrs	r3, r0, #5
  88              		.loc 1 69 0
  89 0004 10B4     		push	{r4}
  90              		.cfi_def_cfa_offset 4
  91              		.cfi_offset 4, -4
  92              		.loc 1 71 0
  93 0006 2033     		adds	r3, r3, #32
  94 0008 00F01F04 		and	r4, r0, #31
  95 000c 0122     		movs	r2, #1
  96              		.loc 1 72 0
  97 000e 0844     		add	r0, r0, r1
  98              	.LVL5:
  99              		.loc 1 71 0
 100 0010 A240     		lsls	r2, r2, r4
 101              		.loc 1 72 0
 102 0012 0024     		movs	r4, #0
 103              		.loc 1 71 0
 104 0014 41F82320 		str	r2, [r1, r3, lsl #2]
 105              		.loc 1 72 0
 106 0018 80F80043 		strb	r4, [r0, #768]
 107              		.loc 1 73 0
 108 001c 5DF8044B 		ldr	r4, [sp], #4
 109              		.cfi_restore 4
 110              		.cfi_def_cfa_offset 0
 111 0020 7047     		bx	lr
 112              	.L6:
 113 0022 00BF     		.align	2
 114              	.L5:
ARM GAS  C:\Users\IDONNO~1\AppData\Local\Temp\ccABwXCh.s 			page 3


 115 0024 00E100E0 		.word	-536813312
 116              		.cfi_endproc
 117              	.LFE257:
 118              		.size	nvicDisableVector, .-nvicDisableVector
 119              		.section	.text.nvicSetSystemHandlerPriority,"ax",%progbits
 120              		.align	2
 121              		.p2align 4,,15
 122              		.global	nvicSetSystemHandlerPriority
 123              		.thumb
 124              		.thumb_func
 125              		.type	nvicSetSystemHandlerPriority, %function
 126              	nvicSetSystemHandlerPriority:
 127              	.LFB258:
 128              		.loc 1 81 0
 129              		.cfi_startproc
 130              		@ args = 0, pretend = 0, frame = 0
 131              		@ frame_needed = 0, uses_anonymous_args = 0
 132              		@ link register save eliminated.
 133              	.LVL6:
 134              		.loc 1 85 0
 135 0000 00F16040 		add	r0, r0, #-536870912
 136              	.LVL7:
 137 0004 00F56D40 		add	r0, r0, #60672
 138              	.LVL8:
 139 0008 0901     		lsls	r1, r1, #4
 140              	.LVL9:
 141 000a C9B2     		uxtb	r1, r1
 142 000c 0176     		strb	r1, [r0, #24]
 143 000e 7047     		bx	lr
 144              		.cfi_endproc
 145              	.LFE258:
 146              		.size	nvicSetSystemHandlerPriority, .-nvicSetSystemHandlerPriority
 147              		.section	.text.nvicClearPending,"ax",%progbits
 148              		.align	2
 149              		.p2align 4,,15
 150              		.global	nvicClearPending
 151              		.thumb
 152              		.thumb_func
 153              		.type	nvicClearPending, %function
 154              	nvicClearPending:
 155              	.LFB259:
 156              		.loc 1 93 0
 157              		.cfi_startproc
 158              		@ args = 0, pretend = 0, frame = 0
 159              		@ frame_needed = 0, uses_anonymous_args = 0
 160              		@ link register save eliminated.
 161              	.LVL10:
 162              		.loc 1 95 0
 163 0000 4309     		lsrs	r3, r0, #5
 164 0002 6033     		adds	r3, r3, #96
 165 0004 00F01F00 		and	r0, r0, #31
 166              	.LVL11:
 167 0008 0122     		movs	r2, #1
 168 000a 0349     		ldr	r1, .L9
 169 000c 02FA00F0 		lsl	r0, r2, r0
 170 0010 41F82300 		str	r0, [r1, r3, lsl #2]
 171 0014 7047     		bx	lr
ARM GAS  C:\Users\IDONNO~1\AppData\Local\Temp\ccABwXCh.s 			page 4


 172              	.L10:
 173 0016 00BF     		.align	2
 174              	.L9:
 175 0018 00E100E0 		.word	-536813312
 176              		.cfi_endproc
 177              	.LFE259:
 178              		.size	nvicClearPending, .-nvicClearPending
 179              		.text
 180              	.Letext0:
 181              		.file 2 "c:\\program files (x86)\\gnu tools arm embedded\\5.2 2015q4\\arm-none-eabi\\include\\mach
 182              		.file 3 "c:\\program files (x86)\\gnu tools arm embedded\\5.2 2015q4\\arm-none-eabi\\include\\sys\
 183              		.file 4 "lib/ChibiOS_3.0.2/os/rt/ports/ARMCMx/compilers/GCC/chtypes.h"
 184              		.file 5 "lib/ChibiOS_3.0.2/os/rt/include/chsystypes.h"
 185              		.file 6 "lib/ChibiOS_3.0.2/os/rt/include/chschd.h"
 186              		.file 7 "lib/ChibiOS_3.0.2/os/ext/CMSIS/include/core_cm4.h"
 187              		.file 8 "lib/ChibiOS_3.0.2/os/rt/ports/ARMCMx/chcore.h"
 188              		.file 9 "lib/ChibiOS_3.0.2/os/rt/ports/ARMCMx/chcore_v7m.h"
 189              		.file 10 "lib/ChibiOS_3.0.2/os/rt/include/chtm.h"
 190              		.file 11 "lib/ChibiOS_3.0.2/os/rt/include/chsem.h"
 191              		.file 12 "lib/ChibiOS_3.0.2/os/rt/include/chmtx.h"
 192              		.section	.debug_info,"",%progbits
 193              	.Ldebug_info0:
 194 0000 B90A0000 		.4byte	0xab9
 195 0004 0400     		.2byte	0x4
 196 0006 00000000 		.4byte	.Ldebug_abbrev0
 197 000a 04       		.byte	0x4
 198 000b 01       		.uleb128 0x1
 199 000c E7040000 		.4byte	.LASF140
 200 0010 0C       		.byte	0xc
 201 0011 89040000 		.4byte	.LASF141
 202 0015 5C000000 		.4byte	.LASF142
 203 0019 00000000 		.4byte	.Ldebug_ranges0+0
 204 001d 00000000 		.4byte	0
 205 0021 00000000 		.4byte	.Ldebug_line0
 206 0025 02       		.uleb128 0x2
 207 0026 04       		.byte	0x4
 208 0027 05       		.byte	0x5
 209 0028 696E7400 		.ascii	"int\000"
 210 002c 03       		.uleb128 0x3
 211 002d 04       		.byte	0x4
 212 002e 07       		.byte	0x7
 213 002f C6010000 		.4byte	.LASF0
 214 0033 03       		.uleb128 0x3
 215 0034 01       		.byte	0x1
 216 0035 06       		.byte	0x6
 217 0036 0E010000 		.4byte	.LASF1
 218 003a 04       		.uleb128 0x4
 219 003b 37000000 		.4byte	.LASF5
 220 003f 02       		.byte	0x2
 221 0040 1D       		.byte	0x1d
 222 0041 45000000 		.4byte	0x45
 223 0045 03       		.uleb128 0x3
 224 0046 01       		.byte	0x1
 225 0047 08       		.byte	0x8
 226 0048 82030000 		.4byte	.LASF2
 227 004c 03       		.uleb128 0x3
 228 004d 02       		.byte	0x2
ARM GAS  C:\Users\IDONNO~1\AppData\Local\Temp\ccABwXCh.s 			page 5


 229 004e 05       		.byte	0x5
 230 004f B5030000 		.4byte	.LASF3
 231 0053 03       		.uleb128 0x3
 232 0054 02       		.byte	0x2
 233 0055 07       		.byte	0x7
 234 0056 1B040000 		.4byte	.LASF4
 235 005a 04       		.uleb128 0x4
 236 005b 6E020000 		.4byte	.LASF6
 237 005f 02       		.byte	0x2
 238 0060 3F       		.byte	0x3f
 239 0061 65000000 		.4byte	0x65
 240 0065 03       		.uleb128 0x3
 241 0066 04       		.byte	0x4
 242 0067 05       		.byte	0x5
 243 0068 56010000 		.4byte	.LASF7
 244 006c 04       		.uleb128 0x4
 245 006d 29060000 		.4byte	.LASF8
 246 0071 02       		.byte	0x2
 247 0072 41       		.byte	0x41
 248 0073 77000000 		.4byte	0x77
 249 0077 03       		.uleb128 0x3
 250 0078 04       		.byte	0x4
 251 0079 07       		.byte	0x7
 252 007a BD040000 		.4byte	.LASF9
 253 007e 03       		.uleb128 0x3
 254 007f 08       		.byte	0x8
 255 0080 05       		.byte	0x5
 256 0081 00010000 		.4byte	.LASF10
 257 0085 04       		.uleb128 0x4
 258 0086 1A030000 		.4byte	.LASF11
 259 008a 02       		.byte	0x2
 260 008b 5B       		.byte	0x5b
 261 008c 90000000 		.4byte	0x90
 262 0090 03       		.uleb128 0x3
 263 0091 08       		.byte	0x8
 264 0092 07       		.byte	0x7
 265 0093 80000000 		.4byte	.LASF12
 266 0097 04       		.uleb128 0x4
 267 0098 87060000 		.4byte	.LASF13
 268 009c 03       		.byte	0x3
 269 009d 14       		.byte	0x14
 270 009e 3A000000 		.4byte	0x3a
 271 00a2 04       		.uleb128 0x4
 272 00a3 7A030000 		.4byte	.LASF14
 273 00a7 03       		.byte	0x3
 274 00a8 1F       		.byte	0x1f
 275 00a9 5A000000 		.4byte	0x5a
 276 00ad 04       		.uleb128 0x4
 277 00ae 61040000 		.4byte	.LASF15
 278 00b2 03       		.byte	0x3
 279 00b3 20       		.byte	0x20
 280 00b4 6C000000 		.4byte	0x6c
 281 00b8 04       		.uleb128 0x4
 282 00b9 2E000000 		.4byte	.LASF16
 283 00bd 03       		.byte	0x3
 284 00be 26       		.byte	0x26
 285 00bf 85000000 		.4byte	0x85
ARM GAS  C:\Users\IDONNO~1\AppData\Local\Temp\ccABwXCh.s 			page 6


 286 00c3 05       		.uleb128 0x5
 287 00c4 A2000000 		.4byte	0xa2
 288 00c8 05       		.uleb128 0x5
 289 00c9 AD000000 		.4byte	0xad
 290 00cd 04       		.uleb128 0x4
 291 00ce 4D060000 		.4byte	.LASF17
 292 00d2 04       		.byte	0x4
 293 00d3 45       		.byte	0x45
 294 00d4 AD000000 		.4byte	0xad
 295 00d8 04       		.uleb128 0x4
 296 00d9 4C020000 		.4byte	.LASF18
 297 00dd 04       		.byte	0x4
 298 00de 48       		.byte	0x48
 299 00df 97000000 		.4byte	0x97
 300 00e3 04       		.uleb128 0x4
 301 00e4 64010000 		.4byte	.LASF19
 302 00e8 04       		.byte	0x4
 303 00e9 49       		.byte	0x49
 304 00ea 97000000 		.4byte	0x97
 305 00ee 04       		.uleb128 0x4
 306 00ef 25030000 		.4byte	.LASF20
 307 00f3 04       		.byte	0x4
 308 00f4 4A       		.byte	0x4a
 309 00f5 97000000 		.4byte	0x97
 310 00f9 04       		.uleb128 0x4
 311 00fa 42010000 		.4byte	.LASF21
 312 00fe 04       		.byte	0x4
 313 00ff 4B       		.byte	0x4b
 314 0100 97000000 		.4byte	0x97
 315 0104 04       		.uleb128 0x4
 316 0105 5C030000 		.4byte	.LASF22
 317 0109 04       		.byte	0x4
 318 010a 4C       		.byte	0x4c
 319 010b AD000000 		.4byte	0xad
 320 010f 04       		.uleb128 0x4
 321 0110 29020000 		.4byte	.LASF23
 322 0114 04       		.byte	0x4
 323 0115 4D       		.byte	0x4d
 324 0116 A2000000 		.4byte	0xa2
 325 011a 04       		.uleb128 0x4
 326 011b 62020000 		.4byte	.LASF24
 327 011f 04       		.byte	0x4
 328 0120 4F       		.byte	0x4f
 329 0121 AD000000 		.4byte	0xad
 330 0125 04       		.uleb128 0x4
 331 0126 C0010000 		.4byte	.LASF25
 332 012a 04       		.byte	0x4
 333 012b 51       		.byte	0x51
 334 012c A2000000 		.4byte	0xa2
 335 0130 04       		.uleb128 0x4
 336 0131 0B060000 		.4byte	.LASF26
 337 0135 05       		.byte	0x5
 338 0136 33       		.byte	0x33
 339 0137 AD000000 		.4byte	0xad
 340 013b 04       		.uleb128 0x4
 341 013c DE040000 		.4byte	.LASF27
 342 0140 05       		.byte	0x5
ARM GAS  C:\Users\IDONNO~1\AppData\Local\Temp\ccABwXCh.s 			page 7


 343 0141 3F       		.byte	0x3f
 344 0142 46010000 		.4byte	0x146
 345 0146 06       		.uleb128 0x6
 346 0147 1A020000 		.4byte	.LASF49
 347 014b 48       		.byte	0x48
 348 014c 06       		.byte	0x6
 349 014d C2       		.byte	0xc2
 350 014e 4B020000 		.4byte	0x24b
 351 0152 07       		.uleb128 0x7
 352 0153 03040000 		.4byte	.LASF28
 353 0157 06       		.byte	0x6
 354 0158 C3       		.byte	0xc3
 355 0159 56020000 		.4byte	0x256
 356 015d 00       		.byte	0
 357 015e 07       		.uleb128 0x7
 358 015f 55030000 		.4byte	.LASF29
 359 0163 06       		.byte	0x6
 360 0164 C5       		.byte	0xc5
 361 0165 56020000 		.4byte	0x256
 362 0169 04       		.byte	0x4
 363 016a 07       		.uleb128 0x7
 364 016b DD000000 		.4byte	.LASF30
 365 016f 06       		.byte	0x6
 366 0170 C7       		.byte	0xc7
 367 0171 04010000 		.4byte	0x104
 368 0175 08       		.byte	0x8
 369 0176 07       		.uleb128 0x7
 370 0177 C4060000 		.4byte	.LASF31
 371 017b 06       		.byte	0x6
 372 017c C8       		.byte	0xc8
 373 017d 4C070000 		.4byte	0x74c
 374 0181 0C       		.byte	0xc
 375 0182 07       		.uleb128 0x7
 376 0183 6D010000 		.4byte	.LASF32
 377 0187 06       		.byte	0x6
 378 0188 CA       		.byte	0xca
 379 0189 56020000 		.4byte	0x256
 380 018d 10       		.byte	0x10
 381 018e 07       		.uleb128 0x7
 382 018f E2020000 		.4byte	.LASF33
 383 0193 06       		.byte	0x6
 384 0194 CB       		.byte	0xcb
 385 0195 56020000 		.4byte	0x256
 386 0199 14       		.byte	0x14
 387 019a 07       		.uleb128 0x7
 388 019b A4060000 		.4byte	.LASF34
 389 019f 06       		.byte	0x6
 390 01a0 D2       		.byte	0xd2
 391 01a1 91090000 		.4byte	0x991
 392 01a5 18       		.byte	0x18
 393 01a6 07       		.uleb128 0x7
 394 01a7 A3030000 		.4byte	.LASF35
 395 01ab 06       		.byte	0x6
 396 01ac DD       		.byte	0xdd
 397 01ad E3000000 		.4byte	0xe3
 398 01b1 1C       		.byte	0x1c
 399 01b2 07       		.uleb128 0x7
ARM GAS  C:\Users\IDONNO~1\AppData\Local\Temp\ccABwXCh.s 			page 8


 400 01b3 0A040000 		.4byte	.LASF36
 401 01b7 06       		.byte	0x6
 402 01b8 E1       		.byte	0xe1
 403 01b9 D8000000 		.4byte	0xd8
 404 01bd 1D       		.byte	0x1d
 405 01be 07       		.uleb128 0x7
 406 01bf 75060000 		.4byte	.LASF37
 407 01c3 06       		.byte	0x6
 408 01c4 E6       		.byte	0xe6
 409 01c5 EE000000 		.4byte	0xee
 410 01c9 1E       		.byte	0x1e
 411 01ca 07       		.uleb128 0x7
 412 01cb CE030000 		.4byte	.LASF38
 413 01cf 06       		.byte	0x6
 414 01d0 EC       		.byte	0xec
 415 01d1 F9000000 		.4byte	0xf9
 416 01d5 1F       		.byte	0x1f
 417 01d6 07       		.uleb128 0x7
 418 01d7 ED010000 		.4byte	.LASF39
 419 01db 06       		.byte	0x6
 420 01dc F3       		.byte	0xf3
 421 01dd A3090000 		.4byte	0x9a3
 422 01e1 20       		.byte	0x20
 423 01e2 08       		.uleb128 0x8
 424 01e3 705F7500 		.ascii	"p_u\000"
 425 01e7 06       		.byte	0x6
 426 01e8 3101     		.2byte	0x131
 427 01ea CC080000 		.4byte	0x8cc
 428 01ee 24       		.byte	0x24
 429 01ef 09       		.uleb128 0x9
 430 01f0 9B020000 		.4byte	.LASF40
 431 01f4 06       		.byte	0x6
 432 01f5 3601     		.2byte	0x136
 433 01f7 5C020000 		.4byte	0x25c
 434 01fb 28       		.byte	0x28
 435 01fc 09       		.uleb128 0x9
 436 01fd 04020000 		.4byte	.LASF41
 437 0201 06       		.byte	0x6
 438 0202 3C01     		.2byte	0x13c
 439 0204 80020000 		.4byte	0x280
 440 0208 2C       		.byte	0x2c
 441 0209 09       		.uleb128 0x9
 442 020a AB060000 		.4byte	.LASF42
 443 020e 06       		.byte	0x6
 444 020f 4001     		.2byte	0x140
 445 0211 0F010000 		.4byte	0x10f
 446 0215 34       		.byte	0x34
 447 0216 09       		.uleb128 0x9
 448 0217 4C040000 		.4byte	.LASF43
 449 021b 06       		.byte	0x6
 450 021c 4601     		.2byte	0x146
 451 021e 1A010000 		.4byte	0x11a
 452 0222 38       		.byte	0x38
 453 0223 09       		.uleb128 0x9
 454 0224 AB030000 		.4byte	.LASF44
 455 0228 06       		.byte	0x6
 456 0229 4D01     		.2byte	0x14d
ARM GAS  C:\Users\IDONNO~1\AppData\Local\Temp\ccABwXCh.s 			page 9


 457 022b 8B090000 		.4byte	0x98b
 458 022f 3C       		.byte	0x3c
 459 0230 09       		.uleb128 0x9
 460 0231 15060000 		.4byte	.LASF45
 461 0235 06       		.byte	0x6
 462 0236 5101     		.2byte	0x151
 463 0238 04010000 		.4byte	0x104
 464 023c 40       		.byte	0x40
 465 023d 09       		.uleb128 0x9
 466 023e 1A010000 		.4byte	.LASF46
 467 0242 06       		.byte	0x6
 468 0243 5801     		.2byte	0x158
 469 0245 33030000 		.4byte	0x333
 470 0249 44       		.byte	0x44
 471 024a 00       		.byte	0
 472 024b 04       		.uleb128 0x4
 473 024c AE020000 		.4byte	.LASF47
 474 0250 05       		.byte	0x5
 475 0251 44       		.byte	0x44
 476 0252 56020000 		.4byte	0x256
 477 0256 0A       		.uleb128 0xa
 478 0257 04       		.byte	0x4
 479 0258 3B010000 		.4byte	0x13b
 480 025c 04       		.uleb128 0x4
 481 025d 00000000 		.4byte	.LASF48
 482 0261 05       		.byte	0x5
 483 0262 49       		.byte	0x49
 484 0263 67020000 		.4byte	0x267
 485 0267 06       		.uleb128 0x6
 486 0268 79040000 		.4byte	.LASF50
 487 026c 04       		.byte	0x4
 488 026d 06       		.byte	0x6
 489 026e B0       		.byte	0xb0
 490 026f 80020000 		.4byte	0x280
 491 0273 07       		.uleb128 0x7
 492 0274 03040000 		.4byte	.LASF28
 493 0278 06       		.byte	0x6
 494 0279 B1       		.byte	0xb1
 495 027a 56020000 		.4byte	0x256
 496 027e 00       		.byte	0
 497 027f 00       		.byte	0
 498 0280 04       		.uleb128 0x4
 499 0281 5C060000 		.4byte	.LASF51
 500 0285 05       		.byte	0x5
 501 0286 50       		.byte	0x50
 502 0287 8B020000 		.4byte	0x28b
 503 028b 06       		.uleb128 0x6
 504 028c C7000000 		.4byte	.LASF52
 505 0290 08       		.byte	0x8
 506 0291 06       		.byte	0x6
 507 0292 B7       		.byte	0xb7
 508 0293 B0020000 		.4byte	0x2b0
 509 0297 07       		.uleb128 0x7
 510 0298 03040000 		.4byte	.LASF28
 511 029c 06       		.byte	0x6
 512 029d B8       		.byte	0xb8
 513 029e 56020000 		.4byte	0x256
ARM GAS  C:\Users\IDONNO~1\AppData\Local\Temp\ccABwXCh.s 			page 10


 514 02a2 00       		.byte	0
 515 02a3 07       		.uleb128 0x7
 516 02a4 55030000 		.4byte	.LASF29
 517 02a8 06       		.byte	0x6
 518 02a9 B9       		.byte	0xb9
 519 02aa 56020000 		.4byte	0x256
 520 02ae 04       		.byte	0x4
 521 02af 00       		.byte	0
 522 02b0 04       		.uleb128 0x4
 523 02b1 14000000 		.4byte	.LASF53
 524 02b5 05       		.byte	0x5
 525 02b6 57       		.byte	0x57
 526 02b7 BB020000 		.4byte	0x2bb
 527 02bb 0B       		.uleb128 0xb
 528 02bc 54020000 		.4byte	.LASF54
 529 02c0 1C       		.byte	0x1c
 530 02c1 06       		.byte	0x6
 531 02c2 9001     		.2byte	0x190
 532 02c4 17030000 		.4byte	0x317
 533 02c8 09       		.uleb128 0x9
 534 02c9 71040000 		.4byte	.LASF55
 535 02cd 06       		.byte	0x6
 536 02ce 9101     		.2byte	0x191
 537 02d0 80020000 		.4byte	0x280
 538 02d4 00       		.byte	0
 539 02d5 09       		.uleb128 0x9
 540 02d6 F5030000 		.4byte	.LASF56
 541 02da 06       		.byte	0x6
 542 02db 9201     		.2byte	0x192
 543 02dd 04010000 		.4byte	0x104
 544 02e1 08       		.byte	0x8
 545 02e2 09       		.uleb128 0x9
 546 02e3 EA020000 		.4byte	.LASF57
 547 02e7 06       		.byte	0x6
 548 02e8 9401     		.2byte	0x194
 549 02ea 4C070000 		.4byte	0x74c
 550 02ee 0C       		.byte	0xc
 551 02ef 09       		.uleb128 0x9
 552 02f0 87010000 		.4byte	.LASF58
 553 02f4 06       		.byte	0x6
 554 02f5 9701     		.2byte	0x197
 555 02f7 56020000 		.4byte	0x256
 556 02fb 10       		.byte	0x10
 557 02fc 09       		.uleb128 0x9
 558 02fd 12030000 		.4byte	.LASF59
 559 0301 06       		.byte	0x6
 560 0302 9801     		.2byte	0x198
 561 0304 56020000 		.4byte	0x256
 562 0308 14       		.byte	0x14
 563 0309 09       		.uleb128 0x9
 564 030a CF040000 		.4byte	.LASF60
 565 030e 06       		.byte	0x6
 566 030f 9B01     		.2byte	0x19b
 567 0311 56020000 		.4byte	0x256
 568 0315 18       		.byte	0x18
 569 0316 00       		.byte	0
 570 0317 04       		.uleb128 0x4
ARM GAS  C:\Users\IDONNO~1\AppData\Local\Temp\ccABwXCh.s 			page 11


 571 0318 20060000 		.4byte	.LASF61
 572 031c 05       		.byte	0x5
 573 031d 5C       		.byte	0x5c
 574 031e 22030000 		.4byte	0x322
 575 0322 0A       		.uleb128 0xa
 576 0323 04       		.byte	0x4
 577 0324 28030000 		.4byte	0x328
 578 0328 0C       		.uleb128 0xc
 579 0329 33030000 		.4byte	0x333
 580 032d 0D       		.uleb128 0xd
 581 032e 33030000 		.4byte	0x333
 582 0332 00       		.byte	0
 583 0333 0E       		.uleb128 0xe
 584 0334 04       		.byte	0x4
 585 0335 04       		.uleb128 0x4
 586 0336 8B020000 		.4byte	.LASF62
 587 033a 05       		.byte	0x5
 588 033b 61       		.byte	0x61
 589 033c 40030000 		.4byte	0x340
 590 0340 0B       		.uleb128 0xb
 591 0341 2E040000 		.4byte	.LASF63
 592 0345 14       		.byte	0x14
 593 0346 06       		.byte	0x6
 594 0347 6B01     		.2byte	0x16b
 595 0349 8F030000 		.4byte	0x38f
 596 034d 09       		.uleb128 0x9
 597 034e D3010000 		.4byte	.LASF64
 598 0352 06       		.byte	0x6
 599 0353 6C01     		.2byte	0x16c
 600 0355 A8090000 		.4byte	0x9a8
 601 0359 00       		.byte	0
 602 035a 09       		.uleb128 0x9
 603 035b 98010000 		.4byte	.LASF65
 604 035f 06       		.byte	0x6
 605 0360 6D01     		.2byte	0x16d
 606 0362 A8090000 		.4byte	0x9a8
 607 0366 04       		.byte	0x4
 608 0367 09       		.uleb128 0x9
 609 0368 FB010000 		.4byte	.LASF66
 610 036c 06       		.byte	0x6
 611 036d 6E01     		.2byte	0x16e
 612 036f 30010000 		.4byte	0x130
 613 0373 08       		.byte	0x8
 614 0374 09       		.uleb128 0x9
 615 0375 CA060000 		.4byte	.LASF67
 616 0379 06       		.byte	0x6
 617 037a 6F01     		.2byte	0x16f
 618 037c 17030000 		.4byte	0x317
 619 0380 0C       		.byte	0xc
 620 0381 09       		.uleb128 0x9
 621 0382 55060000 		.4byte	.LASF68
 622 0386 06       		.byte	0x6
 623 0387 7101     		.2byte	0x171
 624 0389 33030000 		.4byte	0x333
 625 038d 10       		.byte	0x10
 626 038e 00       		.byte	0
 627 038f 04       		.uleb128 0x4
ARM GAS  C:\Users\IDONNO~1\AppData\Local\Temp\ccABwXCh.s 			page 12


 628 0390 AB000000 		.4byte	.LASF69
 629 0394 05       		.byte	0x5
 630 0395 66       		.byte	0x66
 631 0396 9A030000 		.4byte	0x39a
 632 039a 0B       		.uleb128 0xb
 633 039b C1020000 		.4byte	.LASF70
 634 039f 10       		.byte	0x10
 635 03a0 06       		.byte	0x6
 636 03a1 7B01     		.2byte	0x17b
 637 03a3 DC030000 		.4byte	0x3dc
 638 03a7 09       		.uleb128 0x9
 639 03a8 D3010000 		.4byte	.LASF64
 640 03ac 06       		.byte	0x6
 641 03ad 7C01     		.2byte	0x17c
 642 03af A8090000 		.4byte	0x9a8
 643 03b3 00       		.byte	0
 644 03b4 09       		.uleb128 0x9
 645 03b5 98010000 		.4byte	.LASF65
 646 03b9 06       		.byte	0x6
 647 03ba 7E01     		.2byte	0x17e
 648 03bc A8090000 		.4byte	0x9a8
 649 03c0 04       		.byte	0x4
 650 03c1 09       		.uleb128 0x9
 651 03c2 FB010000 		.4byte	.LASF66
 652 03c6 06       		.byte	0x6
 653 03c7 8001     		.2byte	0x180
 654 03c9 30010000 		.4byte	0x130
 655 03cd 08       		.byte	0x8
 656 03ce 09       		.uleb128 0x9
 657 03cf F5000000 		.4byte	.LASF71
 658 03d3 06       		.byte	0x6
 659 03d4 8201     		.2byte	0x182
 660 03d6 A3090000 		.4byte	0x9a3
 661 03da 0C       		.byte	0xc
 662 03db 00       		.byte	0
 663 03dc 04       		.uleb128 0x4
 664 03dd 4D000000 		.4byte	.LASF72
 665 03e1 05       		.byte	0x5
 666 03e2 6B       		.byte	0x6b
 667 03e3 E7030000 		.4byte	0x3e7
 668 03e7 0B       		.uleb128 0xb
 669 03e8 64030000 		.4byte	.LASF73
 670 03ec 04       		.byte	0x4
 671 03ed 06       		.byte	0x6
 672 03ee A201     		.2byte	0x1a2
 673 03f0 02040000 		.4byte	0x402
 674 03f4 09       		.uleb128 0x9
 675 03f5 34060000 		.4byte	.LASF74
 676 03f9 06       		.byte	0x6
 677 03fa AA01     		.2byte	0x1aa
 678 03fc AE090000 		.4byte	0x9ae
 679 0400 00       		.byte	0
 680 0401 00       		.byte	0
 681 0402 04       		.uleb128 0x4
 682 0403 40020000 		.4byte	.LASF75
 683 0407 05       		.byte	0x5
 684 0408 70       		.byte	0x70
ARM GAS  C:\Users\IDONNO~1\AppData\Local\Temp\ccABwXCh.s 			page 13


 685 0409 0D040000 		.4byte	0x40d
 686 040d 0F       		.uleb128 0xf
 687 040e 4C010000 		.4byte	.LASF76
 688 0412 5802     		.2byte	0x258
 689 0414 06       		.byte	0x6
 690 0415 C201     		.2byte	0x1c2
 691 0417 69040000 		.4byte	0x469
 692 041b 09       		.uleb128 0x9
 693 041c 81060000 		.4byte	.LASF77
 694 0420 06       		.byte	0x6
 695 0421 C601     		.2byte	0x1c6
 696 0423 B0020000 		.4byte	0x2b0
 697 0427 00       		.byte	0
 698 0428 09       		.uleb128 0x9
 699 0429 3B010000 		.4byte	.LASF78
 700 042d 06       		.byte	0x6
 701 042e CA01     		.2byte	0x1ca
 702 0430 8F030000 		.4byte	0x38f
 703 0434 1C       		.byte	0x1c
 704 0435 08       		.uleb128 0x8
 705 0436 64626700 		.ascii	"dbg\000"
 706 043a 06       		.byte	0x6
 707 043b CE01     		.2byte	0x1ce
 708 043d DC030000 		.4byte	0x3dc
 709 0441 2C       		.byte	0x2c
 710 0442 09       		.uleb128 0x9
 711 0443 A0000000 		.4byte	.LASF79
 712 0447 06       		.byte	0x6
 713 0448 D201     		.2byte	0x1d2
 714 044a 3B010000 		.4byte	0x13b
 715 044e 30       		.byte	0x30
 716 044f 08       		.uleb128 0x8
 717 0450 746D00   		.ascii	"tm\000"
 718 0453 06       		.byte	0x6
 719 0454 D701     		.2byte	0x1d7
 720 0456 C1080000 		.4byte	0x8c1
 721 045a 78       		.byte	0x78
 722 045b 09       		.uleb128 0x9
 723 045c B1010000 		.4byte	.LASF80
 724 0460 06       		.byte	0x6
 725 0461 E301     		.2byte	0x1e3
 726 0463 B3090000 		.4byte	0x9b3
 727 0467 80       		.byte	0x80
 728 0468 00       		.byte	0
 729 0469 10       		.uleb128 0x10
 730 046a 040E     		.2byte	0xe04
 731 046c 07       		.byte	0x7
 732 046d 5001     		.2byte	0x150
 733 046f 25050000 		.4byte	0x525
 734 0473 09       		.uleb128 0x9
 735 0474 BF030000 		.4byte	.LASF81
 736 0478 07       		.byte	0x7
 737 0479 5201     		.2byte	0x152
 738 047b 3C050000 		.4byte	0x53c
 739 047f 00       		.byte	0
 740 0480 09       		.uleb128 0x9
 741 0481 2D030000 		.4byte	.LASF82
ARM GAS  C:\Users\IDONNO~1\AppData\Local\Temp\ccABwXCh.s 			page 14


 742 0485 07       		.byte	0x7
 743 0486 5301     		.2byte	0x153
 744 0488 41050000 		.4byte	0x541
 745 048c 20       		.byte	0x20
 746 048d 09       		.uleb128 0x9
 747 048e 01030000 		.4byte	.LASF83
 748 0492 07       		.byte	0x7
 749 0493 5401     		.2byte	0x154
 750 0495 51050000 		.4byte	0x551
 751 0499 80       		.byte	0x80
 752 049a 09       		.uleb128 0x9
 753 049b 8F060000 		.4byte	.LASF84
 754 049f 07       		.byte	0x7
 755 04a0 5501     		.2byte	0x155
 756 04a2 41050000 		.4byte	0x541
 757 04a6 A0       		.byte	0xa0
 758 04a7 11       		.uleb128 0x11
 759 04a8 D8000000 		.4byte	.LASF85
 760 04ac 07       		.byte	0x7
 761 04ad 5601     		.2byte	0x156
 762 04af 56050000 		.4byte	0x556
 763 04b3 0001     		.2byte	0x100
 764 04b5 11       		.uleb128 0x11
 765 04b6 37030000 		.4byte	.LASF86
 766 04ba 07       		.byte	0x7
 767 04bb 5701     		.2byte	0x157
 768 04bd 41050000 		.4byte	0x541
 769 04c1 2001     		.2byte	0x120
 770 04c3 11       		.uleb128 0x11
 771 04c4 0F000000 		.4byte	.LASF87
 772 04c8 07       		.byte	0x7
 773 04c9 5801     		.2byte	0x158
 774 04cb 5B050000 		.4byte	0x55b
 775 04cf 8001     		.2byte	0x180
 776 04d1 11       		.uleb128 0x11
 777 04d2 41030000 		.4byte	.LASF88
 778 04d6 07       		.byte	0x7
 779 04d7 5901     		.2byte	0x159
 780 04d9 41050000 		.4byte	0x541
 781 04dd A001     		.2byte	0x1a0
 782 04df 11       		.uleb128 0x11
 783 04e0 DD020000 		.4byte	.LASF89
 784 04e4 07       		.byte	0x7
 785 04e5 5A01     		.2byte	0x15a
 786 04e7 60050000 		.4byte	0x560
 787 04eb 0002     		.2byte	0x200
 788 04ed 11       		.uleb128 0x11
 789 04ee 4B030000 		.4byte	.LASF90
 790 04f2 07       		.byte	0x7
 791 04f3 5B01     		.2byte	0x15b
 792 04f5 65050000 		.4byte	0x565
 793 04f9 2002     		.2byte	0x220
 794 04fb 12       		.uleb128 0x12
 795 04fc 495000   		.ascii	"IP\000"
 796 04ff 07       		.byte	0x7
 797 0500 5C01     		.2byte	0x15c
 798 0502 85050000 		.4byte	0x585
ARM GAS  C:\Users\IDONNO~1\AppData\Local\Temp\ccABwXCh.s 			page 15


 799 0506 0003     		.2byte	0x300
 800 0508 11       		.uleb128 0x11
 801 0509 57040000 		.4byte	.LASF91
 802 050d 07       		.byte	0x7
 803 050e 5D01     		.2byte	0x15d
 804 0510 8A050000 		.4byte	0x58a
 805 0514 F003     		.2byte	0x3f0
 806 0516 11       		.uleb128 0x11
 807 0517 98060000 		.4byte	.LASF92
 808 051b 07       		.byte	0x7
 809 051c 5E01     		.2byte	0x15e
 810 051e C8000000 		.4byte	0xc8
 811 0522 000E     		.2byte	0xe00
 812 0524 00       		.byte	0
 813 0525 13       		.uleb128 0x13
 814 0526 AD000000 		.4byte	0xad
 815 052a 35050000 		.4byte	0x535
 816 052e 14       		.uleb128 0x14
 817 052f 35050000 		.4byte	0x535
 818 0533 07       		.byte	0x7
 819 0534 00       		.byte	0
 820 0535 03       		.uleb128 0x3
 821 0536 04       		.byte	0x4
 822 0537 07       		.byte	0x7
 823 0538 A5020000 		.4byte	.LASF93
 824 053c 05       		.uleb128 0x5
 825 053d 25050000 		.4byte	0x525
 826 0541 13       		.uleb128 0x13
 827 0542 AD000000 		.4byte	0xad
 828 0546 51050000 		.4byte	0x551
 829 054a 14       		.uleb128 0x14
 830 054b 35050000 		.4byte	0x535
 831 054f 17       		.byte	0x17
 832 0550 00       		.byte	0
 833 0551 05       		.uleb128 0x5
 834 0552 25050000 		.4byte	0x525
 835 0556 05       		.uleb128 0x5
 836 0557 25050000 		.4byte	0x525
 837 055b 05       		.uleb128 0x5
 838 055c 25050000 		.4byte	0x525
 839 0560 05       		.uleb128 0x5
 840 0561 25050000 		.4byte	0x525
 841 0565 13       		.uleb128 0x13
 842 0566 AD000000 		.4byte	0xad
 843 056a 75050000 		.4byte	0x575
 844 056e 14       		.uleb128 0x14
 845 056f 35050000 		.4byte	0x535
 846 0573 37       		.byte	0x37
 847 0574 00       		.byte	0
 848 0575 13       		.uleb128 0x13
 849 0576 97000000 		.4byte	0x97
 850 057a 85050000 		.4byte	0x585
 851 057e 14       		.uleb128 0x14
 852 057f 35050000 		.4byte	0x535
 853 0583 EF       		.byte	0xef
 854 0584 00       		.byte	0
 855 0585 05       		.uleb128 0x5
ARM GAS  C:\Users\IDONNO~1\AppData\Local\Temp\ccABwXCh.s 			page 16


 856 0586 75050000 		.4byte	0x575
 857 058a 13       		.uleb128 0x13
 858 058b AD000000 		.4byte	0xad
 859 058f 9B050000 		.4byte	0x59b
 860 0593 15       		.uleb128 0x15
 861 0594 35050000 		.4byte	0x535
 862 0598 8302     		.2byte	0x283
 863 059a 00       		.byte	0
 864 059b 16       		.uleb128 0x16
 865 059c C4030000 		.4byte	.LASF94
 866 05a0 07       		.byte	0x7
 867 05a1 5F01     		.2byte	0x15f
 868 05a3 69040000 		.4byte	0x469
 869 05a7 17       		.uleb128 0x17
 870 05a8 8C       		.byte	0x8c
 871 05a9 07       		.byte	0x7
 872 05aa 7001     		.2byte	0x170
 873 05ac C2060000 		.4byte	0x6c2
 874 05b0 09       		.uleb128 0x9
 875 05b1 C1000000 		.4byte	.LASF95
 876 05b5 07       		.byte	0x7
 877 05b6 7201     		.2byte	0x172
 878 05b8 C2060000 		.4byte	0x6c2
 879 05bc 00       		.byte	0
 880 05bd 09       		.uleb128 0x9
 881 05be 24020000 		.4byte	.LASF96
 882 05c2 07       		.byte	0x7
 883 05c3 7301     		.2byte	0x173
 884 05c5 C8000000 		.4byte	0xc8
 885 05c9 04       		.byte	0x4
 886 05ca 09       		.uleb128 0x9
 887 05cb 0F020000 		.4byte	.LASF97
 888 05cf 07       		.byte	0x7
 889 05d0 7401     		.2byte	0x174
 890 05d2 C8000000 		.4byte	0xc8
 891 05d6 08       		.byte	0x8
 892 05d7 09       		.uleb128 0x9
 893 05d8 2F020000 		.4byte	.LASF98
 894 05dc 07       		.byte	0x7
 895 05dd 7501     		.2byte	0x175
 896 05df C8000000 		.4byte	0xc8
 897 05e3 0C       		.byte	0xc
 898 05e4 08       		.uleb128 0x8
 899 05e5 53435200 		.ascii	"SCR\000"
 900 05e9 07       		.byte	0x7
 901 05ea 7601     		.2byte	0x176
 902 05ec C8000000 		.4byte	0xc8
 903 05f0 10       		.byte	0x10
 904 05f1 08       		.uleb128 0x8
 905 05f2 43435200 		.ascii	"CCR\000"
 906 05f6 07       		.byte	0x7
 907 05f7 7701     		.2byte	0x177
 908 05f9 C8000000 		.4byte	0xc8
 909 05fd 14       		.byte	0x14
 910 05fe 08       		.uleb128 0x8
 911 05ff 53485000 		.ascii	"SHP\000"
 912 0603 07       		.byte	0x7
ARM GAS  C:\Users\IDONNO~1\AppData\Local\Temp\ccABwXCh.s 			page 17


 913 0604 7801     		.2byte	0x178
 914 0606 D7060000 		.4byte	0x6d7
 915 060a 18       		.byte	0x18
 916 060b 09       		.uleb128 0x9
 917 060c 90030000 		.4byte	.LASF99
 918 0610 07       		.byte	0x7
 919 0611 7901     		.2byte	0x179
 920 0613 C8000000 		.4byte	0xc8
 921 0617 24       		.byte	0x24
 922 0618 09       		.uleb128 0x9
 923 0619 D8020000 		.4byte	.LASF100
 924 061d 07       		.byte	0x7
 925 061e 7A01     		.2byte	0x17a
 926 0620 C8000000 		.4byte	0xc8
 927 0624 28       		.byte	0x28
 928 0625 09       		.uleb128 0x9
 929 0626 B7060000 		.4byte	.LASF101
 930 062a 07       		.byte	0x7
 931 062b 7B01     		.2byte	0x17b
 932 062d C8000000 		.4byte	0xc8
 933 0631 2C       		.byte	0x2c
 934 0632 09       		.uleb128 0x9
 935 0633 35020000 		.4byte	.LASF102
 936 0637 07       		.byte	0x7
 937 0638 7C01     		.2byte	0x17c
 938 063a C8000000 		.4byte	0xc8
 939 063e 30       		.byte	0x30
 940 063f 09       		.uleb128 0x9
 941 0640 3A020000 		.4byte	.LASF103
 942 0644 07       		.byte	0x7
 943 0645 7D01     		.2byte	0x17d
 944 0647 C8000000 		.4byte	0xc8
 945 064b 34       		.byte	0x34
 946 064c 09       		.uleb128 0x9
 947 064d 7D010000 		.4byte	.LASF104
 948 0651 07       		.byte	0x7
 949 0652 7E01     		.2byte	0x17e
 950 0654 C8000000 		.4byte	0xc8
 951 0658 38       		.byte	0x38
 952 0659 09       		.uleb128 0x9
 953 065a 82010000 		.4byte	.LASF105
 954 065e 07       		.byte	0x7
 955 065f 7F01     		.2byte	0x17f
 956 0661 C8000000 		.4byte	0xc8
 957 0665 3C       		.byte	0x3c
 958 0666 08       		.uleb128 0x8
 959 0667 50465200 		.ascii	"PFR\000"
 960 066b 07       		.byte	0x7
 961 066c 8001     		.2byte	0x180
 962 066e F1060000 		.4byte	0x6f1
 963 0672 40       		.byte	0x40
 964 0673 08       		.uleb128 0x8
 965 0674 44465200 		.ascii	"DFR\000"
 966 0678 07       		.byte	0x7
 967 0679 8101     		.2byte	0x181
 968 067b C2060000 		.4byte	0x6c2
 969 067f 48       		.byte	0x48
ARM GAS  C:\Users\IDONNO~1\AppData\Local\Temp\ccABwXCh.s 			page 18


 970 0680 08       		.uleb128 0x8
 971 0681 41445200 		.ascii	"ADR\000"
 972 0685 07       		.byte	0x7
 973 0686 8201     		.2byte	0x182
 974 0688 C2060000 		.4byte	0x6c2
 975 068c 4C       		.byte	0x4c
 976 068d 09       		.uleb128 0x9
 977 068e 7C060000 		.4byte	.LASF106
 978 0692 07       		.byte	0x7
 979 0693 8301     		.2byte	0x183
 980 0695 0B070000 		.4byte	0x70b
 981 0699 50       		.byte	0x50
 982 069a 09       		.uleb128 0x9
 983 069b 5F010000 		.4byte	.LASF107
 984 069f 07       		.byte	0x7
 985 06a0 8401     		.2byte	0x184
 986 06a2 25070000 		.4byte	0x725
 987 06a6 60       		.byte	0x60
 988 06a7 09       		.uleb128 0x9
 989 06a8 2D030000 		.4byte	.LASF82
 990 06ac 07       		.byte	0x7
 991 06ad 8501     		.2byte	0x185
 992 06af 10070000 		.4byte	0x710
 993 06b3 74       		.byte	0x74
 994 06b4 09       		.uleb128 0x9
 995 06b5 B1060000 		.4byte	.LASF108
 996 06b9 07       		.byte	0x7
 997 06ba 8601     		.2byte	0x186
 998 06bc C8000000 		.4byte	0xc8
 999 06c0 88       		.byte	0x88
 1000 06c1 00       		.byte	0
 1001 06c2 18       		.uleb128 0x18
 1002 06c3 C8000000 		.4byte	0xc8
 1003 06c7 13       		.uleb128 0x13
 1004 06c8 97000000 		.4byte	0x97
 1005 06cc D7060000 		.4byte	0x6d7
 1006 06d0 14       		.uleb128 0x14
 1007 06d1 35050000 		.4byte	0x535
 1008 06d5 0B       		.byte	0xb
 1009 06d6 00       		.byte	0
 1010 06d7 05       		.uleb128 0x5
 1011 06d8 C7060000 		.4byte	0x6c7
 1012 06dc 13       		.uleb128 0x13
 1013 06dd AD000000 		.4byte	0xad
 1014 06e1 EC060000 		.4byte	0x6ec
 1015 06e5 14       		.uleb128 0x14
 1016 06e6 35050000 		.4byte	0x535
 1017 06ea 01       		.byte	0x1
 1018 06eb 00       		.byte	0
 1019 06ec 05       		.uleb128 0x5
 1020 06ed DC060000 		.4byte	0x6dc
 1021 06f1 18       		.uleb128 0x18
 1022 06f2 EC060000 		.4byte	0x6ec
 1023 06f6 13       		.uleb128 0x13
 1024 06f7 AD000000 		.4byte	0xad
 1025 06fb 06070000 		.4byte	0x706
 1026 06ff 14       		.uleb128 0x14
ARM GAS  C:\Users\IDONNO~1\AppData\Local\Temp\ccABwXCh.s 			page 19


 1027 0700 35050000 		.4byte	0x535
 1028 0704 03       		.byte	0x3
 1029 0705 00       		.byte	0
 1030 0706 05       		.uleb128 0x5
 1031 0707 F6060000 		.4byte	0x6f6
 1032 070b 18       		.uleb128 0x18
 1033 070c 06070000 		.4byte	0x706
 1034 0710 13       		.uleb128 0x13
 1035 0711 AD000000 		.4byte	0xad
 1036 0715 20070000 		.4byte	0x720
 1037 0719 14       		.uleb128 0x14
 1038 071a 35050000 		.4byte	0x535
 1039 071e 04       		.byte	0x4
 1040 071f 00       		.byte	0
 1041 0720 05       		.uleb128 0x5
 1042 0721 10070000 		.4byte	0x710
 1043 0725 18       		.uleb128 0x18
 1044 0726 20070000 		.4byte	0x720
 1045 072a 16       		.uleb128 0x16
 1046 072b A0010000 		.4byte	.LASF109
 1047 072f 07       		.byte	0x7
 1048 0730 8701     		.2byte	0x187
 1049 0732 A7050000 		.4byte	0x5a7
 1050 0736 04       		.uleb128 0x4
 1051 0737 8F010000 		.4byte	.LASF110
 1052 073b 08       		.byte	0x8
 1053 073c 65       		.byte	0x65
 1054 073d 33030000 		.4byte	0x333
 1055 0741 04       		.uleb128 0x4
 1056 0742 78020000 		.4byte	.LASF111
 1057 0746 08       		.byte	0x8
 1058 0747 6D       		.byte	0x6d
 1059 0748 B8000000 		.4byte	0xb8
 1060 074c 06       		.uleb128 0x6
 1061 074d 45060000 		.4byte	.LASF112
 1062 0751 04       		.byte	0x4
 1063 0752 08       		.byte	0x8
 1064 0753 89       		.byte	0x89
 1065 0754 65070000 		.4byte	0x765
 1066 0758 19       		.uleb128 0x19
 1067 0759 72313300 		.ascii	"r13\000"
 1068 075d 08       		.byte	0x8
 1069 075e 8A       		.byte	0x8a
 1070 075f A6080000 		.4byte	0x8a6
 1071 0763 00       		.byte	0
 1072 0764 00       		.byte	0
 1073 0765 06       		.uleb128 0x6
 1074 0766 41000000 		.4byte	.LASF113
 1075 076a 64       		.byte	0x64
 1076 076b 09       		.byte	0x9
 1077 076c F4       		.byte	0xf4
 1078 076d A6080000 		.4byte	0x8a6
 1079 0771 19       		.uleb128 0x19
 1080 0772 73313600 		.ascii	"s16\000"
 1081 0776 09       		.byte	0x9
 1082 0777 F6       		.byte	0xf6
 1083 0778 36070000 		.4byte	0x736
ARM GAS  C:\Users\IDONNO~1\AppData\Local\Temp\ccABwXCh.s 			page 20


 1084 077c 00       		.byte	0
 1085 077d 19       		.uleb128 0x19
 1086 077e 73313700 		.ascii	"s17\000"
 1087 0782 09       		.byte	0x9
 1088 0783 F7       		.byte	0xf7
 1089 0784 36070000 		.4byte	0x736
 1090 0788 04       		.byte	0x4
 1091 0789 19       		.uleb128 0x19
 1092 078a 73313800 		.ascii	"s18\000"
 1093 078e 09       		.byte	0x9
 1094 078f F8       		.byte	0xf8
 1095 0790 36070000 		.4byte	0x736
 1096 0794 08       		.byte	0x8
 1097 0795 19       		.uleb128 0x19
 1098 0796 73313900 		.ascii	"s19\000"
 1099 079a 09       		.byte	0x9
 1100 079b F9       		.byte	0xf9
 1101 079c 36070000 		.4byte	0x736
 1102 07a0 0C       		.byte	0xc
 1103 07a1 19       		.uleb128 0x19
 1104 07a2 73323000 		.ascii	"s20\000"
 1105 07a6 09       		.byte	0x9
 1106 07a7 FA       		.byte	0xfa
 1107 07a8 36070000 		.4byte	0x736
 1108 07ac 10       		.byte	0x10
 1109 07ad 19       		.uleb128 0x19
 1110 07ae 73323100 		.ascii	"s21\000"
 1111 07b2 09       		.byte	0x9
 1112 07b3 FB       		.byte	0xfb
 1113 07b4 36070000 		.4byte	0x736
 1114 07b8 14       		.byte	0x14
 1115 07b9 19       		.uleb128 0x19
 1116 07ba 73323200 		.ascii	"s22\000"
 1117 07be 09       		.byte	0x9
 1118 07bf FC       		.byte	0xfc
 1119 07c0 36070000 		.4byte	0x736
 1120 07c4 18       		.byte	0x18
 1121 07c5 19       		.uleb128 0x19
 1122 07c6 73323300 		.ascii	"s23\000"
 1123 07ca 09       		.byte	0x9
 1124 07cb FD       		.byte	0xfd
 1125 07cc 36070000 		.4byte	0x736
 1126 07d0 1C       		.byte	0x1c
 1127 07d1 19       		.uleb128 0x19
 1128 07d2 73323400 		.ascii	"s24\000"
 1129 07d6 09       		.byte	0x9
 1130 07d7 FE       		.byte	0xfe
 1131 07d8 36070000 		.4byte	0x736
 1132 07dc 20       		.byte	0x20
 1133 07dd 19       		.uleb128 0x19
 1134 07de 73323500 		.ascii	"s25\000"
 1135 07e2 09       		.byte	0x9
 1136 07e3 FF       		.byte	0xff
 1137 07e4 36070000 		.4byte	0x736
 1138 07e8 24       		.byte	0x24
 1139 07e9 08       		.uleb128 0x8
 1140 07ea 73323600 		.ascii	"s26\000"
ARM GAS  C:\Users\IDONNO~1\AppData\Local\Temp\ccABwXCh.s 			page 21


 1141 07ee 09       		.byte	0x9
 1142 07ef 0001     		.2byte	0x100
 1143 07f1 36070000 		.4byte	0x736
 1144 07f5 28       		.byte	0x28
 1145 07f6 08       		.uleb128 0x8
 1146 07f7 73323700 		.ascii	"s27\000"
 1147 07fb 09       		.byte	0x9
 1148 07fc 0101     		.2byte	0x101
 1149 07fe 36070000 		.4byte	0x736
 1150 0802 2C       		.byte	0x2c
 1151 0803 08       		.uleb128 0x8
 1152 0804 73323800 		.ascii	"s28\000"
 1153 0808 09       		.byte	0x9
 1154 0809 0201     		.2byte	0x102
 1155 080b 36070000 		.4byte	0x736
 1156 080f 30       		.byte	0x30
 1157 0810 08       		.uleb128 0x8
 1158 0811 73323900 		.ascii	"s29\000"
 1159 0815 09       		.byte	0x9
 1160 0816 0301     		.2byte	0x103
 1161 0818 36070000 		.4byte	0x736
 1162 081c 34       		.byte	0x34
 1163 081d 08       		.uleb128 0x8
 1164 081e 73333000 		.ascii	"s30\000"
 1165 0822 09       		.byte	0x9
 1166 0823 0401     		.2byte	0x104
 1167 0825 36070000 		.4byte	0x736
 1168 0829 38       		.byte	0x38
 1169 082a 08       		.uleb128 0x8
 1170 082b 73333100 		.ascii	"s31\000"
 1171 082f 09       		.byte	0x9
 1172 0830 0501     		.2byte	0x105
 1173 0832 36070000 		.4byte	0x736
 1174 0836 3C       		.byte	0x3c
 1175 0837 08       		.uleb128 0x8
 1176 0838 723400   		.ascii	"r4\000"
 1177 083b 09       		.byte	0x9
 1178 083c 0701     		.2byte	0x107
 1179 083e 36070000 		.4byte	0x736
 1180 0842 40       		.byte	0x40
 1181 0843 08       		.uleb128 0x8
 1182 0844 723500   		.ascii	"r5\000"
 1183 0847 09       		.byte	0x9
 1184 0848 0801     		.2byte	0x108
 1185 084a 36070000 		.4byte	0x736
 1186 084e 44       		.byte	0x44
 1187 084f 08       		.uleb128 0x8
 1188 0850 723600   		.ascii	"r6\000"
 1189 0853 09       		.byte	0x9
 1190 0854 0901     		.2byte	0x109
 1191 0856 36070000 		.4byte	0x736
 1192 085a 48       		.byte	0x48
 1193 085b 08       		.uleb128 0x8
 1194 085c 723700   		.ascii	"r7\000"
 1195 085f 09       		.byte	0x9
 1196 0860 0A01     		.2byte	0x10a
 1197 0862 36070000 		.4byte	0x736
ARM GAS  C:\Users\IDONNO~1\AppData\Local\Temp\ccABwXCh.s 			page 22


 1198 0866 4C       		.byte	0x4c
 1199 0867 08       		.uleb128 0x8
 1200 0868 723800   		.ascii	"r8\000"
 1201 086b 09       		.byte	0x9
 1202 086c 0B01     		.2byte	0x10b
 1203 086e 36070000 		.4byte	0x736
 1204 0872 50       		.byte	0x50
 1205 0873 08       		.uleb128 0x8
 1206 0874 723900   		.ascii	"r9\000"
 1207 0877 09       		.byte	0x9
 1208 0878 0C01     		.2byte	0x10c
 1209 087a 36070000 		.4byte	0x736
 1210 087e 54       		.byte	0x54
 1211 087f 08       		.uleb128 0x8
 1212 0880 72313000 		.ascii	"r10\000"
 1213 0884 09       		.byte	0x9
 1214 0885 0D01     		.2byte	0x10d
 1215 0887 36070000 		.4byte	0x736
 1216 088b 58       		.byte	0x58
 1217 088c 08       		.uleb128 0x8
 1218 088d 72313100 		.ascii	"r11\000"
 1219 0891 09       		.byte	0x9
 1220 0892 0E01     		.2byte	0x10e
 1221 0894 36070000 		.4byte	0x736
 1222 0898 5C       		.byte	0x5c
 1223 0899 08       		.uleb128 0x8
 1224 089a 6C7200   		.ascii	"lr\000"
 1225 089d 09       		.byte	0x9
 1226 089e 0F01     		.2byte	0x10f
 1227 08a0 36070000 		.4byte	0x736
 1228 08a4 60       		.byte	0x60
 1229 08a5 00       		.byte	0
 1230 08a6 0A       		.uleb128 0xa
 1231 08a7 04       		.byte	0x4
 1232 08a8 65070000 		.4byte	0x765
 1233 08ac 1A       		.uleb128 0x1a
 1234 08ad 04       		.byte	0x4
 1235 08ae 0A       		.byte	0xa
 1236 08af 38       		.byte	0x38
 1237 08b0 C1080000 		.4byte	0x8c1
 1238 08b4 07       		.uleb128 0x7
 1239 08b5 3E060000 		.4byte	.LASF114
 1240 08b9 0A       		.byte	0xa
 1241 08ba 3C       		.byte	0x3c
 1242 08bb CD000000 		.4byte	0xcd
 1243 08bf 00       		.byte	0
 1244 08c0 00       		.byte	0
 1245 08c1 04       		.uleb128 0x4
 1246 08c2 F0020000 		.4byte	.LASF115
 1247 08c6 0A       		.byte	0xa
 1248 08c7 3D       		.byte	0x3d
 1249 08c8 AC080000 		.4byte	0x8ac
 1250 08cc 1B       		.uleb128 0x1b
 1251 08cd 04       		.byte	0x4
 1252 08ce 06       		.byte	0x6
 1253 08cf FA       		.byte	0xfa
 1254 08d0 29090000 		.4byte	0x929
ARM GAS  C:\Users\IDONNO~1\AppData\Local\Temp\ccABwXCh.s 			page 23


 1255 08d4 1C       		.uleb128 0x1c
 1256 08d5 27000000 		.4byte	.LASF116
 1257 08d9 06       		.byte	0x6
 1258 08da 0101     		.2byte	0x101
 1259 08dc 0F010000 		.4byte	0x10f
 1260 08e0 1C       		.uleb128 0x1c
 1261 08e1 97000000 		.4byte	.LASF117
 1262 08e5 06       		.byte	0x6
 1263 08e6 0801     		.2byte	0x108
 1264 08e8 0F010000 		.4byte	0x10f
 1265 08ec 1C       		.uleb128 0x1c
 1266 08ed 9D060000 		.4byte	.LASF118
 1267 08f1 06       		.byte	0x6
 1268 08f2 0F01     		.2byte	0x10f
 1269 08f4 33030000 		.4byte	0x333
 1270 08f8 1C       		.uleb128 0x1c
 1271 08f9 21000000 		.4byte	.LASF119
 1272 08fd 06       		.byte	0x6
 1273 08fe 1601     		.2byte	0x116
 1274 0900 29090000 		.4byte	0x929
 1275 0904 1C       		.uleb128 0x1c
 1276 0905 F4010000 		.4byte	.LASF120
 1277 0909 06       		.byte	0x6
 1278 090a 1E01     		.2byte	0x11e
 1279 090c 54090000 		.4byte	0x954
 1280 0910 1C       		.uleb128 0x1c
 1281 0911 6A040000 		.4byte	.LASF121
 1282 0915 06       		.byte	0x6
 1283 0916 2701     		.2byte	0x127
 1284 0918 8B090000 		.4byte	0x98b
 1285 091c 1C       		.uleb128 0x1c
 1286 091d FC030000 		.4byte	.LASF122
 1287 0921 06       		.byte	0x6
 1288 0922 2F01     		.2byte	0x12f
 1289 0924 1A010000 		.4byte	0x11a
 1290 0928 00       		.byte	0
 1291 0929 0A       		.uleb128 0xa
 1292 092a 04       		.byte	0x4
 1293 092b 4B020000 		.4byte	0x24b
 1294 092f 06       		.uleb128 0x6
 1295 0930 3F040000 		.4byte	.LASF123
 1296 0934 0C       		.byte	0xc
 1297 0935 0B       		.byte	0xb
 1298 0936 34       		.byte	0x34
 1299 0937 54090000 		.4byte	0x954
 1300 093b 07       		.uleb128 0x7
 1301 093c 75010000 		.4byte	.LASF124
 1302 0940 0B       		.byte	0xb
 1303 0941 35       		.byte	0x35
 1304 0942 80020000 		.4byte	0x280
 1305 0946 00       		.byte	0
 1306 0947 07       		.uleb128 0x7
 1307 0948 14020000 		.4byte	.LASF125
 1308 094c 0B       		.byte	0xb
 1309 094d 37       		.byte	0x37
 1310 094e 25010000 		.4byte	0x125
 1311 0952 08       		.byte	0x8
ARM GAS  C:\Users\IDONNO~1\AppData\Local\Temp\ccABwXCh.s 			page 24


 1312 0953 00       		.byte	0
 1313 0954 0A       		.uleb128 0xa
 1314 0955 04       		.byte	0x4
 1315 0956 2F090000 		.4byte	0x92f
 1316 095a 06       		.uleb128 0x6
 1317 095b 6C060000 		.4byte	.LASF126
 1318 095f 10       		.byte	0x10
 1319 0960 0C       		.byte	0xc
 1320 0961 39       		.byte	0x39
 1321 0962 8B090000 		.4byte	0x98b
 1322 0966 07       		.uleb128 0x7
 1323 0967 22010000 		.4byte	.LASF127
 1324 096b 0C       		.byte	0xc
 1325 096c 3A       		.byte	0x3a
 1326 096d 80020000 		.4byte	0x280
 1327 0971 00       		.byte	0
 1328 0972 07       		.uleb128 0x7
 1329 0973 BC060000 		.4byte	.LASF128
 1330 0977 0C       		.byte	0xc
 1331 0978 3C       		.byte	0x3c
 1332 0979 56020000 		.4byte	0x256
 1333 097d 08       		.byte	0x8
 1334 097e 07       		.uleb128 0x7
 1335 097f 06030000 		.4byte	.LASF129
 1336 0983 0C       		.byte	0xc
 1337 0984 3E       		.byte	0x3e
 1338 0985 CE090000 		.4byte	0x9ce
 1339 0989 0C       		.byte	0xc
 1340 098a 00       		.byte	0
 1341 098b 0A       		.uleb128 0xa
 1342 098c 04       		.byte	0x4
 1343 098d 5A090000 		.4byte	0x95a
 1344 0991 0A       		.uleb128 0xa
 1345 0992 04       		.byte	0x4
 1346 0993 9E090000 		.4byte	0x99e
 1347 0997 03       		.uleb128 0x3
 1348 0998 01       		.byte	0x1
 1349 0999 08       		.byte	0x8
 1350 099a D9040000 		.4byte	.LASF130
 1351 099e 18       		.uleb128 0x18
 1352 099f 97090000 		.4byte	0x997
 1353 09a3 05       		.uleb128 0x5
 1354 09a4 30010000 		.4byte	0x130
 1355 09a8 0A       		.uleb128 0xa
 1356 09a9 04       		.byte	0x4
 1357 09aa 35030000 		.4byte	0x335
 1358 09ae 05       		.uleb128 0x5
 1359 09af 91090000 		.4byte	0x991
 1360 09b3 13       		.uleb128 0x13
 1361 09b4 41070000 		.4byte	0x741
 1362 09b8 C3090000 		.4byte	0x9c3
 1363 09bc 14       		.uleb128 0x14
 1364 09bd 35050000 		.4byte	0x535
 1365 09c1 3A       		.byte	0x3a
 1366 09c2 00       		.byte	0
 1367 09c3 04       		.uleb128 0x4
 1368 09c4 A9010000 		.4byte	.LASF131
ARM GAS  C:\Users\IDONNO~1\AppData\Local\Temp\ccABwXCh.s 			page 25


 1369 09c8 0C       		.byte	0xc
 1370 09c9 34       		.byte	0x34
 1371 09ca 5A090000 		.4byte	0x95a
 1372 09ce 0A       		.uleb128 0xa
 1373 09cf 04       		.byte	0x4
 1374 09d0 C3090000 		.4byte	0x9c3
 1375 09d4 03       		.uleb128 0x3
 1376 09d5 01       		.byte	0x1
 1377 09d6 02       		.byte	0x2
 1378 09d7 74030000 		.4byte	.LASF132
 1379 09db 1D       		.uleb128 0x1d
 1380 09dc E4000000 		.4byte	.LASF134
 1381 09e0 01       		.byte	0x1
 1382 09e1 39       		.byte	0x39
 1383 09e2 00000000 		.4byte	.LFB256
 1384 09e6 34000000 		.4byte	.LFE256-.LFB256
 1385 09ea 01       		.uleb128 0x1
 1386 09eb 9C       		.byte	0x9c
 1387 09ec 0D0A0000 		.4byte	0xa0d
 1388 09f0 1E       		.uleb128 0x1e
 1389 09f1 6E00     		.ascii	"n\000"
 1390 09f3 01       		.byte	0x1
 1391 09f4 39       		.byte	0x39
 1392 09f5 AD000000 		.4byte	0xad
 1393 09f9 00000000 		.4byte	.LLST0
 1394 09fd 1F       		.uleb128 0x1f
 1395 09fe 0D030000 		.4byte	.LASF133
 1396 0a02 01       		.byte	0x1
 1397 0a03 39       		.byte	0x39
 1398 0a04 AD000000 		.4byte	0xad
 1399 0a08 32000000 		.4byte	.LLST1
 1400 0a0c 00       		.byte	0
 1401 0a0d 1D       		.uleb128 0x1d
 1402 0a0e DB010000 		.4byte	.LASF135
 1403 0a12 01       		.byte	0x1
 1404 0a13 45       		.byte	0x45
 1405 0a14 00000000 		.4byte	.LFB257
 1406 0a18 28000000 		.4byte	.LFE257-.LFB257
 1407 0a1c 01       		.uleb128 0x1
 1408 0a1d 9C       		.byte	0x9c
 1409 0a1e 300A0000 		.4byte	0xa30
 1410 0a22 1E       		.uleb128 0x1e
 1411 0a23 6E00     		.ascii	"n\000"
 1412 0a25 01       		.byte	0x1
 1413 0a26 45       		.byte	0x45
 1414 0a27 AD000000 		.4byte	0xad
 1415 0a2b 53000000 		.4byte	.LLST2
 1416 0a2f 00       		.byte	0
 1417 0a30 1D       		.uleb128 0x1d
 1418 0a31 D8030000 		.4byte	.LASF136
 1419 0a35 01       		.byte	0x1
 1420 0a36 51       		.byte	0x51
 1421 0a37 00000000 		.4byte	.LFB258
 1422 0a3b 10000000 		.4byte	.LFE258-.LFB258
 1423 0a3f 01       		.uleb128 0x1
 1424 0a40 9C       		.byte	0x9c
 1425 0a41 6D0A0000 		.4byte	0xa6d
ARM GAS  C:\Users\IDONNO~1\AppData\Local\Temp\ccABwXCh.s 			page 26


 1426 0a45 1F       		.uleb128 0x1f
 1427 0a46 83020000 		.4byte	.LASF137
 1428 0a4a 01       		.byte	0x1
 1429 0a4b 51       		.byte	0x51
 1430 0a4c AD000000 		.4byte	0xad
 1431 0a50 77000000 		.4byte	.LLST3
 1432 0a54 1F       		.uleb128 0x1f
 1433 0a55 0D030000 		.4byte	.LASF133
 1434 0a59 01       		.byte	0x1
 1435 0a5a 51       		.byte	0x51
 1436 0a5b AD000000 		.4byte	0xad
 1437 0a5f AC000000 		.4byte	.LLST4
 1438 0a63 20       		.uleb128 0x20
 1439 0a64 12040000 		.4byte	.LASF143
 1440 0a68 7D0A0000 		.4byte	0xa7d
 1441 0a6c 00       		.byte	0
 1442 0a6d 13       		.uleb128 0x13
 1443 0a6e 97090000 		.4byte	0x997
 1444 0a72 7D0A0000 		.4byte	0xa7d
 1445 0a76 14       		.uleb128 0x14
 1446 0a77 35050000 		.4byte	0x535
 1447 0a7b 1C       		.byte	0x1c
 1448 0a7c 00       		.byte	0
 1449 0a7d 18       		.uleb128 0x18
 1450 0a7e 6D0A0000 		.4byte	0xa6d
 1451 0a82 1D       		.uleb128 0x1d
 1452 0a83 2A010000 		.4byte	.LASF138
 1453 0a87 01       		.byte	0x1
 1454 0a88 5D       		.byte	0x5d
 1455 0a89 00000000 		.4byte	.LFB259
 1456 0a8d 1C000000 		.4byte	.LFE259-.LFB259
 1457 0a91 01       		.uleb128 0x1
 1458 0a92 9C       		.byte	0x9c
 1459 0a93 A50A0000 		.4byte	0xaa5
 1460 0a97 1E       		.uleb128 0x1e
 1461 0a98 6E00     		.ascii	"n\000"
 1462 0a9a 01       		.byte	0x1
 1463 0a9b 5D       		.byte	0x5d
 1464 0a9c AD000000 		.4byte	0xad
 1465 0aa0 CD000000 		.4byte	.LLST5
 1466 0aa4 00       		.byte	0
 1467 0aa5 21       		.uleb128 0x21
 1468 0aa6 96030000 		.4byte	.LASF139
 1469 0aaa 07       		.byte	0x7
 1470 0aab A706     		.2byte	0x6a7
 1471 0aad C3000000 		.4byte	0xc3
 1472 0ab1 22       		.uleb128 0x22
 1473 0ab2 636800   		.ascii	"ch\000"
 1474 0ab5 06       		.byte	0x6
 1475 0ab6 0902     		.2byte	0x209
 1476 0ab8 02040000 		.4byte	0x402
 1477 0abc 00       		.byte	0
 1478              		.section	.debug_abbrev,"",%progbits
 1479              	.Ldebug_abbrev0:
 1480 0000 01       		.uleb128 0x1
 1481 0001 11       		.uleb128 0x11
 1482 0002 01       		.byte	0x1
ARM GAS  C:\Users\IDONNO~1\AppData\Local\Temp\ccABwXCh.s 			page 27


 1483 0003 25       		.uleb128 0x25
 1484 0004 0E       		.uleb128 0xe
 1485 0005 13       		.uleb128 0x13
 1486 0006 0B       		.uleb128 0xb
 1487 0007 03       		.uleb128 0x3
 1488 0008 0E       		.uleb128 0xe
 1489 0009 1B       		.uleb128 0x1b
 1490 000a 0E       		.uleb128 0xe
 1491 000b 55       		.uleb128 0x55
 1492 000c 17       		.uleb128 0x17
 1493 000d 11       		.uleb128 0x11
 1494 000e 01       		.uleb128 0x1
 1495 000f 10       		.uleb128 0x10
 1496 0010 17       		.uleb128 0x17
 1497 0011 00       		.byte	0
 1498 0012 00       		.byte	0
 1499 0013 02       		.uleb128 0x2
 1500 0014 24       		.uleb128 0x24
 1501 0015 00       		.byte	0
 1502 0016 0B       		.uleb128 0xb
 1503 0017 0B       		.uleb128 0xb
 1504 0018 3E       		.uleb128 0x3e
 1505 0019 0B       		.uleb128 0xb
 1506 001a 03       		.uleb128 0x3
 1507 001b 08       		.uleb128 0x8
 1508 001c 00       		.byte	0
 1509 001d 00       		.byte	0
 1510 001e 03       		.uleb128 0x3
 1511 001f 24       		.uleb128 0x24
 1512 0020 00       		.byte	0
 1513 0021 0B       		.uleb128 0xb
 1514 0022 0B       		.uleb128 0xb
 1515 0023 3E       		.uleb128 0x3e
 1516 0024 0B       		.uleb128 0xb
 1517 0025 03       		.uleb128 0x3
 1518 0026 0E       		.uleb128 0xe
 1519 0027 00       		.byte	0
 1520 0028 00       		.byte	0
 1521 0029 04       		.uleb128 0x4
 1522 002a 16       		.uleb128 0x16
 1523 002b 00       		.byte	0
 1524 002c 03       		.uleb128 0x3
 1525 002d 0E       		.uleb128 0xe
 1526 002e 3A       		.uleb128 0x3a
 1527 002f 0B       		.uleb128 0xb
 1528 0030 3B       		.uleb128 0x3b
 1529 0031 0B       		.uleb128 0xb
 1530 0032 49       		.uleb128 0x49
 1531 0033 13       		.uleb128 0x13
 1532 0034 00       		.byte	0
 1533 0035 00       		.byte	0
 1534 0036 05       		.uleb128 0x5
 1535 0037 35       		.uleb128 0x35
 1536 0038 00       		.byte	0
 1537 0039 49       		.uleb128 0x49
 1538 003a 13       		.uleb128 0x13
 1539 003b 00       		.byte	0
ARM GAS  C:\Users\IDONNO~1\AppData\Local\Temp\ccABwXCh.s 			page 28


 1540 003c 00       		.byte	0
 1541 003d 06       		.uleb128 0x6
 1542 003e 13       		.uleb128 0x13
 1543 003f 01       		.byte	0x1
 1544 0040 03       		.uleb128 0x3
 1545 0041 0E       		.uleb128 0xe
 1546 0042 0B       		.uleb128 0xb
 1547 0043 0B       		.uleb128 0xb
 1548 0044 3A       		.uleb128 0x3a
 1549 0045 0B       		.uleb128 0xb
 1550 0046 3B       		.uleb128 0x3b
 1551 0047 0B       		.uleb128 0xb
 1552 0048 01       		.uleb128 0x1
 1553 0049 13       		.uleb128 0x13
 1554 004a 00       		.byte	0
 1555 004b 00       		.byte	0
 1556 004c 07       		.uleb128 0x7
 1557 004d 0D       		.uleb128 0xd
 1558 004e 00       		.byte	0
 1559 004f 03       		.uleb128 0x3
 1560 0050 0E       		.uleb128 0xe
 1561 0051 3A       		.uleb128 0x3a
 1562 0052 0B       		.uleb128 0xb
 1563 0053 3B       		.uleb128 0x3b
 1564 0054 0B       		.uleb128 0xb
 1565 0055 49       		.uleb128 0x49
 1566 0056 13       		.uleb128 0x13
 1567 0057 38       		.uleb128 0x38
 1568 0058 0B       		.uleb128 0xb
 1569 0059 00       		.byte	0
 1570 005a 00       		.byte	0
 1571 005b 08       		.uleb128 0x8
 1572 005c 0D       		.uleb128 0xd
 1573 005d 00       		.byte	0
 1574 005e 03       		.uleb128 0x3
 1575 005f 08       		.uleb128 0x8
 1576 0060 3A       		.uleb128 0x3a
 1577 0061 0B       		.uleb128 0xb
 1578 0062 3B       		.uleb128 0x3b
 1579 0063 05       		.uleb128 0x5
 1580 0064 49       		.uleb128 0x49
 1581 0065 13       		.uleb128 0x13
 1582 0066 38       		.uleb128 0x38
 1583 0067 0B       		.uleb128 0xb
 1584 0068 00       		.byte	0
 1585 0069 00       		.byte	0
 1586 006a 09       		.uleb128 0x9
 1587 006b 0D       		.uleb128 0xd
 1588 006c 00       		.byte	0
 1589 006d 03       		.uleb128 0x3
 1590 006e 0E       		.uleb128 0xe
 1591 006f 3A       		.uleb128 0x3a
 1592 0070 0B       		.uleb128 0xb
 1593 0071 3B       		.uleb128 0x3b
 1594 0072 05       		.uleb128 0x5
 1595 0073 49       		.uleb128 0x49
 1596 0074 13       		.uleb128 0x13
ARM GAS  C:\Users\IDONNO~1\AppData\Local\Temp\ccABwXCh.s 			page 29


 1597 0075 38       		.uleb128 0x38
 1598 0076 0B       		.uleb128 0xb
 1599 0077 00       		.byte	0
 1600 0078 00       		.byte	0
 1601 0079 0A       		.uleb128 0xa
 1602 007a 0F       		.uleb128 0xf
 1603 007b 00       		.byte	0
 1604 007c 0B       		.uleb128 0xb
 1605 007d 0B       		.uleb128 0xb
 1606 007e 49       		.uleb128 0x49
 1607 007f 13       		.uleb128 0x13
 1608 0080 00       		.byte	0
 1609 0081 00       		.byte	0
 1610 0082 0B       		.uleb128 0xb
 1611 0083 13       		.uleb128 0x13
 1612 0084 01       		.byte	0x1
 1613 0085 03       		.uleb128 0x3
 1614 0086 0E       		.uleb128 0xe
 1615 0087 0B       		.uleb128 0xb
 1616 0088 0B       		.uleb128 0xb
 1617 0089 3A       		.uleb128 0x3a
 1618 008a 0B       		.uleb128 0xb
 1619 008b 3B       		.uleb128 0x3b
 1620 008c 05       		.uleb128 0x5
 1621 008d 01       		.uleb128 0x1
 1622 008e 13       		.uleb128 0x13
 1623 008f 00       		.byte	0
 1624 0090 00       		.byte	0
 1625 0091 0C       		.uleb128 0xc
 1626 0092 15       		.uleb128 0x15
 1627 0093 01       		.byte	0x1
 1628 0094 27       		.uleb128 0x27
 1629 0095 19       		.uleb128 0x19
 1630 0096 01       		.uleb128 0x1
 1631 0097 13       		.uleb128 0x13
 1632 0098 00       		.byte	0
 1633 0099 00       		.byte	0
 1634 009a 0D       		.uleb128 0xd
 1635 009b 05       		.uleb128 0x5
 1636 009c 00       		.byte	0
 1637 009d 49       		.uleb128 0x49
 1638 009e 13       		.uleb128 0x13
 1639 009f 00       		.byte	0
 1640 00a0 00       		.byte	0
 1641 00a1 0E       		.uleb128 0xe
 1642 00a2 0F       		.uleb128 0xf
 1643 00a3 00       		.byte	0
 1644 00a4 0B       		.uleb128 0xb
 1645 00a5 0B       		.uleb128 0xb
 1646 00a6 00       		.byte	0
 1647 00a7 00       		.byte	0
 1648 00a8 0F       		.uleb128 0xf
 1649 00a9 13       		.uleb128 0x13
 1650 00aa 01       		.byte	0x1
 1651 00ab 03       		.uleb128 0x3
 1652 00ac 0E       		.uleb128 0xe
 1653 00ad 0B       		.uleb128 0xb
ARM GAS  C:\Users\IDONNO~1\AppData\Local\Temp\ccABwXCh.s 			page 30


 1654 00ae 05       		.uleb128 0x5
 1655 00af 3A       		.uleb128 0x3a
 1656 00b0 0B       		.uleb128 0xb
 1657 00b1 3B       		.uleb128 0x3b
 1658 00b2 05       		.uleb128 0x5
 1659 00b3 01       		.uleb128 0x1
 1660 00b4 13       		.uleb128 0x13
 1661 00b5 00       		.byte	0
 1662 00b6 00       		.byte	0
 1663 00b7 10       		.uleb128 0x10
 1664 00b8 13       		.uleb128 0x13
 1665 00b9 01       		.byte	0x1
 1666 00ba 0B       		.uleb128 0xb
 1667 00bb 05       		.uleb128 0x5
 1668 00bc 3A       		.uleb128 0x3a
 1669 00bd 0B       		.uleb128 0xb
 1670 00be 3B       		.uleb128 0x3b
 1671 00bf 05       		.uleb128 0x5
 1672 00c0 01       		.uleb128 0x1
 1673 00c1 13       		.uleb128 0x13
 1674 00c2 00       		.byte	0
 1675 00c3 00       		.byte	0
 1676 00c4 11       		.uleb128 0x11
 1677 00c5 0D       		.uleb128 0xd
 1678 00c6 00       		.byte	0
 1679 00c7 03       		.uleb128 0x3
 1680 00c8 0E       		.uleb128 0xe
 1681 00c9 3A       		.uleb128 0x3a
 1682 00ca 0B       		.uleb128 0xb
 1683 00cb 3B       		.uleb128 0x3b
 1684 00cc 05       		.uleb128 0x5
 1685 00cd 49       		.uleb128 0x49
 1686 00ce 13       		.uleb128 0x13
 1687 00cf 38       		.uleb128 0x38
 1688 00d0 05       		.uleb128 0x5
 1689 00d1 00       		.byte	0
 1690 00d2 00       		.byte	0
 1691 00d3 12       		.uleb128 0x12
 1692 00d4 0D       		.uleb128 0xd
 1693 00d5 00       		.byte	0
 1694 00d6 03       		.uleb128 0x3
 1695 00d7 08       		.uleb128 0x8
 1696 00d8 3A       		.uleb128 0x3a
 1697 00d9 0B       		.uleb128 0xb
 1698 00da 3B       		.uleb128 0x3b
 1699 00db 05       		.uleb128 0x5
 1700 00dc 49       		.uleb128 0x49
 1701 00dd 13       		.uleb128 0x13
 1702 00de 38       		.uleb128 0x38
 1703 00df 05       		.uleb128 0x5
 1704 00e0 00       		.byte	0
 1705 00e1 00       		.byte	0
 1706 00e2 13       		.uleb128 0x13
 1707 00e3 01       		.uleb128 0x1
 1708 00e4 01       		.byte	0x1
 1709 00e5 49       		.uleb128 0x49
 1710 00e6 13       		.uleb128 0x13
ARM GAS  C:\Users\IDONNO~1\AppData\Local\Temp\ccABwXCh.s 			page 31


 1711 00e7 01       		.uleb128 0x1
 1712 00e8 13       		.uleb128 0x13
 1713 00e9 00       		.byte	0
 1714 00ea 00       		.byte	0
 1715 00eb 14       		.uleb128 0x14
 1716 00ec 21       		.uleb128 0x21
 1717 00ed 00       		.byte	0
 1718 00ee 49       		.uleb128 0x49
 1719 00ef 13       		.uleb128 0x13
 1720 00f0 2F       		.uleb128 0x2f
 1721 00f1 0B       		.uleb128 0xb
 1722 00f2 00       		.byte	0
 1723 00f3 00       		.byte	0
 1724 00f4 15       		.uleb128 0x15
 1725 00f5 21       		.uleb128 0x21
 1726 00f6 00       		.byte	0
 1727 00f7 49       		.uleb128 0x49
 1728 00f8 13       		.uleb128 0x13
 1729 00f9 2F       		.uleb128 0x2f
 1730 00fa 05       		.uleb128 0x5
 1731 00fb 00       		.byte	0
 1732 00fc 00       		.byte	0
 1733 00fd 16       		.uleb128 0x16
 1734 00fe 16       		.uleb128 0x16
 1735 00ff 00       		.byte	0
 1736 0100 03       		.uleb128 0x3
 1737 0101 0E       		.uleb128 0xe
 1738 0102 3A       		.uleb128 0x3a
 1739 0103 0B       		.uleb128 0xb
 1740 0104 3B       		.uleb128 0x3b
 1741 0105 05       		.uleb128 0x5
 1742 0106 49       		.uleb128 0x49
 1743 0107 13       		.uleb128 0x13
 1744 0108 00       		.byte	0
 1745 0109 00       		.byte	0
 1746 010a 17       		.uleb128 0x17
 1747 010b 13       		.uleb128 0x13
 1748 010c 01       		.byte	0x1
 1749 010d 0B       		.uleb128 0xb
 1750 010e 0B       		.uleb128 0xb
 1751 010f 3A       		.uleb128 0x3a
 1752 0110 0B       		.uleb128 0xb
 1753 0111 3B       		.uleb128 0x3b
 1754 0112 05       		.uleb128 0x5
 1755 0113 01       		.uleb128 0x1
 1756 0114 13       		.uleb128 0x13
 1757 0115 00       		.byte	0
 1758 0116 00       		.byte	0
 1759 0117 18       		.uleb128 0x18
 1760 0118 26       		.uleb128 0x26
 1761 0119 00       		.byte	0
 1762 011a 49       		.uleb128 0x49
 1763 011b 13       		.uleb128 0x13
 1764 011c 00       		.byte	0
 1765 011d 00       		.byte	0
 1766 011e 19       		.uleb128 0x19
 1767 011f 0D       		.uleb128 0xd
ARM GAS  C:\Users\IDONNO~1\AppData\Local\Temp\ccABwXCh.s 			page 32


 1768 0120 00       		.byte	0
 1769 0121 03       		.uleb128 0x3
 1770 0122 08       		.uleb128 0x8
 1771 0123 3A       		.uleb128 0x3a
 1772 0124 0B       		.uleb128 0xb
 1773 0125 3B       		.uleb128 0x3b
 1774 0126 0B       		.uleb128 0xb
 1775 0127 49       		.uleb128 0x49
 1776 0128 13       		.uleb128 0x13
 1777 0129 38       		.uleb128 0x38
 1778 012a 0B       		.uleb128 0xb
 1779 012b 00       		.byte	0
 1780 012c 00       		.byte	0
 1781 012d 1A       		.uleb128 0x1a
 1782 012e 13       		.uleb128 0x13
 1783 012f 01       		.byte	0x1
 1784 0130 0B       		.uleb128 0xb
 1785 0131 0B       		.uleb128 0xb
 1786 0132 3A       		.uleb128 0x3a
 1787 0133 0B       		.uleb128 0xb
 1788 0134 3B       		.uleb128 0x3b
 1789 0135 0B       		.uleb128 0xb
 1790 0136 01       		.uleb128 0x1
 1791 0137 13       		.uleb128 0x13
 1792 0138 00       		.byte	0
 1793 0139 00       		.byte	0
 1794 013a 1B       		.uleb128 0x1b
 1795 013b 17       		.uleb128 0x17
 1796 013c 01       		.byte	0x1
 1797 013d 0B       		.uleb128 0xb
 1798 013e 0B       		.uleb128 0xb
 1799 013f 3A       		.uleb128 0x3a
 1800 0140 0B       		.uleb128 0xb
 1801 0141 3B       		.uleb128 0x3b
 1802 0142 0B       		.uleb128 0xb
 1803 0143 01       		.uleb128 0x1
 1804 0144 13       		.uleb128 0x13
 1805 0145 00       		.byte	0
 1806 0146 00       		.byte	0
 1807 0147 1C       		.uleb128 0x1c
 1808 0148 0D       		.uleb128 0xd
 1809 0149 00       		.byte	0
 1810 014a 03       		.uleb128 0x3
 1811 014b 0E       		.uleb128 0xe
 1812 014c 3A       		.uleb128 0x3a
 1813 014d 0B       		.uleb128 0xb
 1814 014e 3B       		.uleb128 0x3b
 1815 014f 05       		.uleb128 0x5
 1816 0150 49       		.uleb128 0x49
 1817 0151 13       		.uleb128 0x13
 1818 0152 00       		.byte	0
 1819 0153 00       		.byte	0
 1820 0154 1D       		.uleb128 0x1d
 1821 0155 2E       		.uleb128 0x2e
 1822 0156 01       		.byte	0x1
 1823 0157 3F       		.uleb128 0x3f
 1824 0158 19       		.uleb128 0x19
ARM GAS  C:\Users\IDONNO~1\AppData\Local\Temp\ccABwXCh.s 			page 33


 1825 0159 03       		.uleb128 0x3
 1826 015a 0E       		.uleb128 0xe
 1827 015b 3A       		.uleb128 0x3a
 1828 015c 0B       		.uleb128 0xb
 1829 015d 3B       		.uleb128 0x3b
 1830 015e 0B       		.uleb128 0xb
 1831 015f 27       		.uleb128 0x27
 1832 0160 19       		.uleb128 0x19
 1833 0161 11       		.uleb128 0x11
 1834 0162 01       		.uleb128 0x1
 1835 0163 12       		.uleb128 0x12
 1836 0164 06       		.uleb128 0x6
 1837 0165 40       		.uleb128 0x40
 1838 0166 18       		.uleb128 0x18
 1839 0167 9742     		.uleb128 0x2117
 1840 0169 19       		.uleb128 0x19
 1841 016a 01       		.uleb128 0x1
 1842 016b 13       		.uleb128 0x13
 1843 016c 00       		.byte	0
 1844 016d 00       		.byte	0
 1845 016e 1E       		.uleb128 0x1e
 1846 016f 05       		.uleb128 0x5
 1847 0170 00       		.byte	0
 1848 0171 03       		.uleb128 0x3
 1849 0172 08       		.uleb128 0x8
 1850 0173 3A       		.uleb128 0x3a
 1851 0174 0B       		.uleb128 0xb
 1852 0175 3B       		.uleb128 0x3b
 1853 0176 0B       		.uleb128 0xb
 1854 0177 49       		.uleb128 0x49
 1855 0178 13       		.uleb128 0x13
 1856 0179 02       		.uleb128 0x2
 1857 017a 17       		.uleb128 0x17
 1858 017b 00       		.byte	0
 1859 017c 00       		.byte	0
 1860 017d 1F       		.uleb128 0x1f
 1861 017e 05       		.uleb128 0x5
 1862 017f 00       		.byte	0
 1863 0180 03       		.uleb128 0x3
 1864 0181 0E       		.uleb128 0xe
 1865 0182 3A       		.uleb128 0x3a
 1866 0183 0B       		.uleb128 0xb
 1867 0184 3B       		.uleb128 0x3b
 1868 0185 0B       		.uleb128 0xb
 1869 0186 49       		.uleb128 0x49
 1870 0187 13       		.uleb128 0x13
 1871 0188 02       		.uleb128 0x2
 1872 0189 17       		.uleb128 0x17
 1873 018a 00       		.byte	0
 1874 018b 00       		.byte	0
 1875 018c 20       		.uleb128 0x20
 1876 018d 34       		.uleb128 0x34
 1877 018e 00       		.byte	0
 1878 018f 03       		.uleb128 0x3
 1879 0190 0E       		.uleb128 0xe
 1880 0191 49       		.uleb128 0x49
 1881 0192 13       		.uleb128 0x13
ARM GAS  C:\Users\IDONNO~1\AppData\Local\Temp\ccABwXCh.s 			page 34


 1882 0193 34       		.uleb128 0x34
 1883 0194 19       		.uleb128 0x19
 1884 0195 00       		.byte	0
 1885 0196 00       		.byte	0
 1886 0197 21       		.uleb128 0x21
 1887 0198 34       		.uleb128 0x34
 1888 0199 00       		.byte	0
 1889 019a 03       		.uleb128 0x3
 1890 019b 0E       		.uleb128 0xe
 1891 019c 3A       		.uleb128 0x3a
 1892 019d 0B       		.uleb128 0xb
 1893 019e 3B       		.uleb128 0x3b
 1894 019f 05       		.uleb128 0x5
 1895 01a0 49       		.uleb128 0x49
 1896 01a1 13       		.uleb128 0x13
 1897 01a2 3F       		.uleb128 0x3f
 1898 01a3 19       		.uleb128 0x19
 1899 01a4 3C       		.uleb128 0x3c
 1900 01a5 19       		.uleb128 0x19
 1901 01a6 00       		.byte	0
 1902 01a7 00       		.byte	0
 1903 01a8 22       		.uleb128 0x22
 1904 01a9 34       		.uleb128 0x34
 1905 01aa 00       		.byte	0
 1906 01ab 03       		.uleb128 0x3
 1907 01ac 08       		.uleb128 0x8
 1908 01ad 3A       		.uleb128 0x3a
 1909 01ae 0B       		.uleb128 0xb
 1910 01af 3B       		.uleb128 0x3b
 1911 01b0 05       		.uleb128 0x5
 1912 01b1 49       		.uleb128 0x49
 1913 01b2 13       		.uleb128 0x13
 1914 01b3 3F       		.uleb128 0x3f
 1915 01b4 19       		.uleb128 0x19
 1916 01b5 3C       		.uleb128 0x3c
 1917 01b6 19       		.uleb128 0x19
 1918 01b7 00       		.byte	0
 1919 01b8 00       		.byte	0
 1920 01b9 00       		.byte	0
 1921              		.section	.debug_loc,"",%progbits
 1922              	.Ldebug_loc0:
 1923              	.LLST0:
 1924 0000 00000000 		.4byte	.LVL0
 1925 0004 1C000000 		.4byte	.LVL2
 1926 0008 0100     		.2byte	0x1
 1927 000a 50       		.byte	0x50
 1928 000b 1C000000 		.4byte	.LVL2
 1929 000f 32000000 		.4byte	.LVL3
 1930 0013 0700     		.2byte	0x7
 1931 0015 74       		.byte	0x74
 1932 0016 80BEFCFF 		.sleb128 536813312
 1932      01
 1933 001b 9F       		.byte	0x9f
 1934 001c 32000000 		.4byte	.LVL3
 1935 0020 34000000 		.4byte	.LFE256
 1936 0024 0400     		.2byte	0x4
 1937 0026 F3       		.byte	0xf3
ARM GAS  C:\Users\IDONNO~1\AppData\Local\Temp\ccABwXCh.s 			page 35


 1938 0027 01       		.uleb128 0x1
 1939 0028 50       		.byte	0x50
 1940 0029 9F       		.byte	0x9f
 1941 002a 00000000 		.4byte	0
 1942 002e 00000000 		.4byte	0
 1943              	.LLST1:
 1944 0032 00000000 		.4byte	.LVL0
 1945 0036 18000000 		.4byte	.LVL1
 1946 003a 0100     		.2byte	0x1
 1947 003c 51       		.byte	0x51
 1948 003d 18000000 		.4byte	.LVL1
 1949 0041 34000000 		.4byte	.LFE256
 1950 0045 0400     		.2byte	0x4
 1951 0047 F3       		.byte	0xf3
 1952 0048 01       		.uleb128 0x1
 1953 0049 51       		.byte	0x51
 1954 004a 9F       		.byte	0x9f
 1955 004b 00000000 		.4byte	0
 1956 004f 00000000 		.4byte	0
 1957              	.LLST2:
 1958 0053 00000000 		.4byte	.LVL4
 1959 0057 10000000 		.4byte	.LVL5
 1960 005b 0100     		.2byte	0x1
 1961 005d 50       		.byte	0x50
 1962 005e 10000000 		.4byte	.LVL5
 1963 0062 28000000 		.4byte	.LFE257
 1964 0066 0700     		.2byte	0x7
 1965 0068 70       		.byte	0x70
 1966 0069 80BEFCFF 		.sleb128 536813312
 1966      01
 1967 006e 9F       		.byte	0x9f
 1968 006f 00000000 		.4byte	0
 1969 0073 00000000 		.4byte	0
 1970              	.LLST3:
 1971 0077 00000000 		.4byte	.LVL6
 1972 007b 04000000 		.4byte	.LVL7
 1973 007f 0100     		.2byte	0x1
 1974 0081 50       		.byte	0x50
 1975 0082 04000000 		.4byte	.LVL7
 1976 0086 08000000 		.4byte	.LVL8
 1977 008a 0700     		.2byte	0x7
 1978 008c 70       		.byte	0x70
 1979 008d 80808080 		.sleb128 536870912
 1979      02
 1980 0092 9F       		.byte	0x9f
 1981 0093 08000000 		.4byte	.LVL8
 1982 0097 10000000 		.4byte	.LFE258
 1983 009b 0700     		.2byte	0x7
 1984 009d 70       		.byte	0x70
 1985 009e 80A6FCFF 		.sleb128 536810240
 1985      01
 1986 00a3 9F       		.byte	0x9f
 1987 00a4 00000000 		.4byte	0
 1988 00a8 00000000 		.4byte	0
 1989              	.LLST4:
 1990 00ac 00000000 		.4byte	.LVL6
 1991 00b0 0A000000 		.4byte	.LVL9
ARM GAS  C:\Users\IDONNO~1\AppData\Local\Temp\ccABwXCh.s 			page 36


 1992 00b4 0100     		.2byte	0x1
 1993 00b6 51       		.byte	0x51
 1994 00b7 0A000000 		.4byte	.LVL9
 1995 00bb 10000000 		.4byte	.LFE258
 1996 00bf 0400     		.2byte	0x4
 1997 00c1 F3       		.byte	0xf3
 1998 00c2 01       		.uleb128 0x1
 1999 00c3 51       		.byte	0x51
 2000 00c4 9F       		.byte	0x9f
 2001 00c5 00000000 		.4byte	0
 2002 00c9 00000000 		.4byte	0
 2003              	.LLST5:
 2004 00cd 00000000 		.4byte	.LVL10
 2005 00d1 08000000 		.4byte	.LVL11
 2006 00d5 0100     		.2byte	0x1
 2007 00d7 50       		.byte	0x50
 2008 00d8 08000000 		.4byte	.LVL11
 2009 00dc 1C000000 		.4byte	.LFE259
 2010 00e0 0400     		.2byte	0x4
 2011 00e2 F3       		.byte	0xf3
 2012 00e3 01       		.uleb128 0x1
 2013 00e4 50       		.byte	0x50
 2014 00e5 9F       		.byte	0x9f
 2015 00e6 00000000 		.4byte	0
 2016 00ea 00000000 		.4byte	0
 2017              		.section	.debug_aranges,"",%progbits
 2018 0000 34000000 		.4byte	0x34
 2019 0004 0200     		.2byte	0x2
 2020 0006 00000000 		.4byte	.Ldebug_info0
 2021 000a 04       		.byte	0x4
 2022 000b 00       		.byte	0
 2023 000c 0000     		.2byte	0
 2024 000e 0000     		.2byte	0
 2025 0010 00000000 		.4byte	.LFB256
 2026 0014 34000000 		.4byte	.LFE256-.LFB256
 2027 0018 00000000 		.4byte	.LFB257
 2028 001c 28000000 		.4byte	.LFE257-.LFB257
 2029 0020 00000000 		.4byte	.LFB258
 2030 0024 10000000 		.4byte	.LFE258-.LFB258
 2031 0028 00000000 		.4byte	.LFB259
 2032 002c 1C000000 		.4byte	.LFE259-.LFB259
 2033 0030 00000000 		.4byte	0
 2034 0034 00000000 		.4byte	0
 2035              		.section	.debug_ranges,"",%progbits
 2036              	.Ldebug_ranges0:
 2037 0000 00000000 		.4byte	.LFB256
 2038 0004 34000000 		.4byte	.LFE256
 2039 0008 00000000 		.4byte	.LFB257
 2040 000c 28000000 		.4byte	.LFE257
 2041 0010 00000000 		.4byte	.LFB258
 2042 0014 10000000 		.4byte	.LFE258
 2043 0018 00000000 		.4byte	.LFB259
 2044 001c 1C000000 		.4byte	.LFE259
 2045 0020 00000000 		.4byte	0
 2046 0024 00000000 		.4byte	0
 2047              		.section	.debug_line,"",%progbits
 2048              	.Ldebug_line0:
ARM GAS  C:\Users\IDONNO~1\AppData\Local\Temp\ccABwXCh.s 			page 37


 2049 0000 7D020000 		.section	.debug_str,"MS",%progbits,1
 2049      02002702 
 2049      00000201 
 2049      FB0E0D00 
 2049      01010101 
 2050              	.LASF48:
 2051 0000 74687265 		.ascii	"threads_list_t\000"
 2051      6164735F 
 2051      6C697374 
 2051      5F7400
 2052              	.LASF87:
 2053 000f 49435052 		.ascii	"ICPR\000"
 2053      00
 2054              	.LASF53:
 2055 0014 72656164 		.ascii	"ready_list_t\000"
 2055      795F6C69 
 2055      73745F74 
 2055      00
 2056              	.LASF119:
 2057 0021 77747472 		.ascii	"wttrp\000"
 2057      7000
 2058              	.LASF116:
 2059 0027 7264796D 		.ascii	"rdymsg\000"
 2059      736700
 2060              	.LASF16:
 2061 002e 75696E74 		.ascii	"uint64_t\000"
 2061      36345F74 
 2061      00
 2062              	.LASF5:
 2063 0037 5F5F7569 		.ascii	"__uint8_t\000"
 2063      6E74385F 
 2063      7400
 2064              	.LASF113:
 2065 0041 706F7274 		.ascii	"port_intctx\000"
 2065      5F696E74 
 2065      63747800 
 2066              	.LASF72:
 2067 004d 73797374 		.ascii	"system_debug_t\000"
 2067      656D5F64 
 2067      65627567 
 2067      5F7400
 2068              	.LASF142:
 2069 005c 443A5C67 		.ascii	"D:\\git\\oroca_bldc_dev\\oroca_bldc_FW\000"
 2069      69745C6F 
 2069      726F6361 
 2069      5F626C64 
 2069      635F6465 
 2070              	.LASF12:
 2071 0080 6C6F6E67 		.ascii	"long long unsigned int\000"
 2071      206C6F6E 
 2071      6720756E 
 2071      7369676E 
 2071      65642069 
 2072              	.LASF117:
 2073 0097 65786974 		.ascii	"exitcode\000"
 2073      636F6465 
 2073      00
ARM GAS  C:\Users\IDONNO~1\AppData\Local\Temp\ccABwXCh.s 			page 38


 2074              	.LASF79:
 2075 00a0 6D61696E 		.ascii	"mainthread\000"
 2075      74687265 
 2075      616400
 2076              	.LASF69:
 2077 00ab 76697274 		.ascii	"virtual_timers_list_t\000"
 2077      75616C5F 
 2077      74696D65 
 2077      72735F6C 
 2077      6973745F 
 2078              	.LASF95:
 2079 00c1 43505549 		.ascii	"CPUID\000"
 2079      4400
 2080              	.LASF52:
 2081 00c7 63685F74 		.ascii	"ch_threads_queue\000"
 2081      68726561 
 2081      64735F71 
 2081      75657565 
 2081      00
 2082              	.LASF85:
 2083 00d8 49535052 		.ascii	"ISPR\000"
 2083      00
 2084              	.LASF30:
 2085 00dd 705F7072 		.ascii	"p_prio\000"
 2085      696F00
 2086              	.LASF134:
 2087 00e4 6E766963 		.ascii	"nvicEnableVector\000"
 2087      456E6162 
 2087      6C655665 
 2087      63746F72 
 2087      00
 2088              	.LASF71:
 2089 00f5 76745F73 		.ascii	"vt_systime\000"
 2089      79737469 
 2089      6D6500
 2090              	.LASF10:
 2091 0100 6C6F6E67 		.ascii	"long long int\000"
 2091      206C6F6E 
 2091      6720696E 
 2091      7400
 2092              	.LASF1:
 2093 010e 7369676E 		.ascii	"signed char\000"
 2093      65642063 
 2093      68617200 
 2094              	.LASF46:
 2095 011a 705F6D70 		.ascii	"p_mpool\000"
 2095      6F6F6C00 
 2096              	.LASF127:
 2097 0122 6D5F7175 		.ascii	"m_queue\000"
 2097      65756500 
 2098              	.LASF138:
 2099 012a 6E766963 		.ascii	"nvicClearPending\000"
 2099      436C6561 
 2099      7250656E 
 2099      64696E67 
 2099      00
 2100              	.LASF78:
ARM GAS  C:\Users\IDONNO~1\AppData\Local\Temp\ccABwXCh.s 			page 39


 2101 013b 76746C69 		.ascii	"vtlist\000"
 2101      737400
 2102              	.LASF21:
 2103 0142 74736C69 		.ascii	"tslices_t\000"
 2103      6365735F 
 2103      7400
 2104              	.LASF76:
 2105 014c 63685F73 		.ascii	"ch_system\000"
 2105      79737465 
 2105      6D00
 2106              	.LASF7:
 2107 0156 6C6F6E67 		.ascii	"long int\000"
 2107      20696E74 
 2107      00
 2108              	.LASF107:
 2109 015f 49534152 		.ascii	"ISAR\000"
 2109      00
 2110              	.LASF19:
 2111 0164 74737461 		.ascii	"tstate_t\000"
 2111      74655F74 
 2111      00
 2112              	.LASF32:
 2113 016d 705F6E65 		.ascii	"p_newer\000"
 2113      77657200 
 2114              	.LASF124:
 2115 0175 735F7175 		.ascii	"s_queue\000"
 2115      65756500 
 2116              	.LASF104:
 2117 017d 42464152 		.ascii	"BFAR\000"
 2117      00
 2118              	.LASF105:
 2119 0182 41465352 		.ascii	"AFSR\000"
 2119      00
 2120              	.LASF58:
 2121 0187 725F6E65 		.ascii	"r_newer\000"
 2121      77657200 
 2122              	.LASF110:
 2123 018f 72656761 		.ascii	"regarm_t\000"
 2123      726D5F74 
 2123      00
 2124              	.LASF65:
 2125 0198 76745F70 		.ascii	"vt_prev\000"
 2125      72657600 
 2126              	.LASF109:
 2127 01a0 5343425F 		.ascii	"SCB_Type\000"
 2127      54797065 
 2127      00
 2128              	.LASF131:
 2129 01a9 6D757465 		.ascii	"mutex_t\000"
 2129      785F7400 
 2130              	.LASF80:
 2131 01b1 69646C65 		.ascii	"idle_thread_wa\000"
 2131      5F746872 
 2131      6561645F 
 2131      776100
 2132              	.LASF25:
 2133 01c0 636E745F 		.ascii	"cnt_t\000"
ARM GAS  C:\Users\IDONNO~1\AppData\Local\Temp\ccABwXCh.s 			page 40


 2133      7400
 2134              	.LASF0:
 2135 01c6 756E7369 		.ascii	"unsigned int\000"
 2135      676E6564 
 2135      20696E74 
 2135      00
 2136              	.LASF64:
 2137 01d3 76745F6E 		.ascii	"vt_next\000"
 2137      65787400 
 2138              	.LASF135:
 2139 01db 6E766963 		.ascii	"nvicDisableVector\000"
 2139      44697361 
 2139      626C6556 
 2139      6563746F 
 2139      7200
 2140              	.LASF39:
 2141 01ed 705F7469 		.ascii	"p_time\000"
 2141      6D6500
 2142              	.LASF120:
 2143 01f4 77747365 		.ascii	"wtsemp\000"
 2143      6D7000
 2144              	.LASF66:
 2145 01fb 76745F64 		.ascii	"vt_delta\000"
 2145      656C7461 
 2145      00
 2146              	.LASF41:
 2147 0204 705F6D73 		.ascii	"p_msgqueue\000"
 2147      67717565 
 2147      756500
 2148              	.LASF97:
 2149 020f 56544F52 		.ascii	"VTOR\000"
 2149      00
 2150              	.LASF125:
 2151 0214 735F636E 		.ascii	"s_cnt\000"
 2151      7400
 2152              	.LASF49:
 2153 021a 63685F74 		.ascii	"ch_thread\000"
 2153      68726561 
 2153      6400
 2154              	.LASF96:
 2155 0224 49435352 		.ascii	"ICSR\000"
 2155      00
 2156              	.LASF23:
 2157 0229 6D73675F 		.ascii	"msg_t\000"
 2157      7400
 2158              	.LASF98:
 2159 022f 41495243 		.ascii	"AIRCR\000"
 2159      5200
 2160              	.LASF102:
 2161 0235 44465352 		.ascii	"DFSR\000"
 2161      00
 2162              	.LASF103:
 2163 023a 4D4D4641 		.ascii	"MMFAR\000"
 2163      5200
 2164              	.LASF75:
 2165 0240 63685F73 		.ascii	"ch_system_t\000"
 2165      79737465 
ARM GAS  C:\Users\IDONNO~1\AppData\Local\Temp\ccABwXCh.s 			page 41


 2165      6D5F7400 
 2166              	.LASF18:
 2167 024c 746D6F64 		.ascii	"tmode_t\000"
 2167      655F7400 
 2168              	.LASF54:
 2169 0254 63685F72 		.ascii	"ch_ready_list\000"
 2169      65616479 
 2169      5F6C6973 
 2169      7400
 2170              	.LASF24:
 2171 0262 6576656E 		.ascii	"eventmask_t\000"
 2171      746D6173 
 2171      6B5F7400 
 2172              	.LASF6:
 2173 026e 5F5F696E 		.ascii	"__int32_t\000"
 2173      7433325F 
 2173      7400
 2174              	.LASF111:
 2175 0278 73746B61 		.ascii	"stkalign_t\000"
 2175      6C69676E 
 2175      5F7400
 2176              	.LASF137:
 2177 0283 68616E64 		.ascii	"handler\000"
 2177      6C657200 
 2178              	.LASF62:
 2179 028b 76697274 		.ascii	"virtual_timer_t\000"
 2179      75616C5F 
 2179      74696D65 
 2179      725F7400 
 2180              	.LASF40:
 2181 029b 705F7761 		.ascii	"p_waiting\000"
 2181      6974696E 
 2181      6700
 2182              	.LASF93:
 2183 02a5 73697A65 		.ascii	"sizetype\000"
 2183      74797065 
 2183      00
 2184              	.LASF47:
 2185 02ae 74687265 		.ascii	"thread_reference_t\000"
 2185      61645F72 
 2185      65666572 
 2185      656E6365 
 2185      5F7400
 2186              	.LASF70:
 2187 02c1 63685F76 		.ascii	"ch_virtual_timers_list\000"
 2187      69727475 
 2187      616C5F74 
 2187      696D6572 
 2187      735F6C69 
 2188              	.LASF100:
 2189 02d8 43465352 		.ascii	"CFSR\000"
 2189      00
 2190              	.LASF89:
 2191 02dd 49414252 		.ascii	"IABR\000"
 2191      00
 2192              	.LASF33:
 2193 02e2 705F6F6C 		.ascii	"p_older\000"
ARM GAS  C:\Users\IDONNO~1\AppData\Local\Temp\ccABwXCh.s 			page 42


 2193      64657200 
 2194              	.LASF57:
 2195 02ea 725F6374 		.ascii	"r_ctx\000"
 2195      7800
 2196              	.LASF115:
 2197 02f0 746D5F63 		.ascii	"tm_calibration_t\000"
 2197      616C6962 
 2197      72617469 
 2197      6F6E5F74 
 2197      00
 2198              	.LASF83:
 2199 0301 49434552 		.ascii	"ICER\000"
 2199      00
 2200              	.LASF129:
 2201 0306 6D5F6E65 		.ascii	"m_next\000"
 2201      787400
 2202              	.LASF133:
 2203 030d 7072696F 		.ascii	"prio\000"
 2203      00
 2204              	.LASF59:
 2205 0312 725F6F6C 		.ascii	"r_older\000"
 2205      64657200 
 2206              	.LASF11:
 2207 031a 5F5F7569 		.ascii	"__uint64_t\000"
 2207      6E743634 
 2207      5F7400
 2208              	.LASF20:
 2209 0325 74726566 		.ascii	"trefs_t\000"
 2209      735F7400 
 2210              	.LASF82:
 2211 032d 52455345 		.ascii	"RESERVED0\000"
 2211      52564544 
 2211      3000
 2212              	.LASF86:
 2213 0337 52455345 		.ascii	"RESERVED2\000"
 2213      52564544 
 2213      3200
 2214              	.LASF88:
 2215 0341 52455345 		.ascii	"RESERVED3\000"
 2215      52564544 
 2215      3300
 2216              	.LASF90:
 2217 034b 52455345 		.ascii	"RESERVED4\000"
 2217      52564544 
 2217      3400
 2218              	.LASF29:
 2219 0355 705F7072 		.ascii	"p_prev\000"
 2219      657600
 2220              	.LASF22:
 2221 035c 74707269 		.ascii	"tprio_t\000"
 2221      6F5F7400 
 2222              	.LASF73:
 2223 0364 63685F73 		.ascii	"ch_system_debug\000"
 2223      79737465 
 2223      6D5F6465 
 2223      62756700 
 2224              	.LASF132:
ARM GAS  C:\Users\IDONNO~1\AppData\Local\Temp\ccABwXCh.s 			page 43


 2225 0374 5F426F6F 		.ascii	"_Bool\000"
 2225      6C00
 2226              	.LASF14:
 2227 037a 696E7433 		.ascii	"int32_t\000"
 2227      325F7400 
 2228              	.LASF2:
 2229 0382 756E7369 		.ascii	"unsigned char\000"
 2229      676E6564 
 2229      20636861 
 2229      7200
 2230              	.LASF99:
 2231 0390 53484353 		.ascii	"SHCSR\000"
 2231      5200
 2232              	.LASF139:
 2233 0396 49544D5F 		.ascii	"ITM_RxBuffer\000"
 2233      52784275 
 2233      66666572 
 2233      00
 2234              	.LASF35:
 2235 03a3 705F7374 		.ascii	"p_state\000"
 2235      61746500 
 2236              	.LASF44:
 2237 03ab 705F6D74 		.ascii	"p_mtxlist\000"
 2237      786C6973 
 2237      7400
 2238              	.LASF3:
 2239 03b5 73686F72 		.ascii	"short int\000"
 2239      7420696E 
 2239      7400
 2240              	.LASF81:
 2241 03bf 49534552 		.ascii	"ISER\000"
 2241      00
 2242              	.LASF94:
 2243 03c4 4E564943 		.ascii	"NVIC_Type\000"
 2243      5F547970 
 2243      6500
 2244              	.LASF38:
 2245 03ce 705F7072 		.ascii	"p_preempt\000"
 2245      65656D70 
 2245      7400
 2246              	.LASF136:
 2247 03d8 6E766963 		.ascii	"nvicSetSystemHandlerPriority\000"
 2247      53657453 
 2247      79737465 
 2247      6D48616E 
 2247      646C6572 
 2248              	.LASF56:
 2249 03f5 725F7072 		.ascii	"r_prio\000"
 2249      696F00
 2250              	.LASF122:
 2251 03fc 65776D61 		.ascii	"ewmask\000"
 2251      736B00
 2252              	.LASF28:
 2253 0403 705F6E65 		.ascii	"p_next\000"
 2253      787400
 2254              	.LASF36:
 2255 040a 705F666C 		.ascii	"p_flags\000"
ARM GAS  C:\Users\IDONNO~1\AppData\Local\Temp\ccABwXCh.s 			page 44


 2255      61677300 
 2256              	.LASF143:
 2257 0412 5F5F6675 		.ascii	"__func__\000"
 2257      6E635F5F 
 2257      00
 2258              	.LASF4:
 2259 041b 73686F72 		.ascii	"short unsigned int\000"
 2259      7420756E 
 2259      7369676E 
 2259      65642069 
 2259      6E7400
 2260              	.LASF63:
 2261 042e 63685F76 		.ascii	"ch_virtual_timer\000"
 2261      69727475 
 2261      616C5F74 
 2261      696D6572 
 2261      00
 2262              	.LASF123:
 2263 043f 63685F73 		.ascii	"ch_semaphore\000"
 2263      656D6170 
 2263      686F7265 
 2263      00
 2264              	.LASF43:
 2265 044c 705F6570 		.ascii	"p_epending\000"
 2265      656E6469 
 2265      6E6700
 2266              	.LASF91:
 2267 0457 52455345 		.ascii	"RESERVED5\000"
 2267      52564544 
 2267      3500
 2268              	.LASF15:
 2269 0461 75696E74 		.ascii	"uint32_t\000"
 2269      33325F74 
 2269      00
 2270              	.LASF121:
 2271 046a 77746D74 		.ascii	"wtmtxp\000"
 2271      787000
 2272              	.LASF55:
 2273 0471 725F7175 		.ascii	"r_queue\000"
 2273      65756500 
 2274              	.LASF50:
 2275 0479 63685F74 		.ascii	"ch_threads_list\000"
 2275      68726561 
 2275      64735F6C 
 2275      69737400 
 2276              	.LASF141:
 2277 0489 6C69622F 		.ascii	"lib/ChibiOS_3.0.2/os/hal/ports/common/ARMCMx/nvic.c"
 2277      43686962 
 2277      694F535F 
 2277      332E302E 
 2277      322F6F73 
 2278 04bc 00       		.ascii	"\000"
 2279              	.LASF9:
 2280 04bd 6C6F6E67 		.ascii	"long unsigned int\000"
 2280      20756E73 
 2280      69676E65 
 2280      6420696E 
ARM GAS  C:\Users\IDONNO~1\AppData\Local\Temp\ccABwXCh.s 			page 45


 2280      7400
 2281              	.LASF60:
 2282 04cf 725F6375 		.ascii	"r_current\000"
 2282      7272656E 
 2282      7400
 2283              	.LASF130:
 2284 04d9 63686172 		.ascii	"char\000"
 2284      00
 2285              	.LASF27:
 2286 04de 74687265 		.ascii	"thread_t\000"
 2286      61645F74 
 2286      00
 2287              	.LASF140:
 2288 04e7 474E5520 		.ascii	"GNU C99 5.2.1 20151202 (release) [ARM/embedded-5-br"
 2288      43393920 
 2288      352E322E 
 2288      31203230 
 2288      31353132 
 2289 051a 616E6368 		.ascii	"anch revision 231848] -mcpu=cortex-m4 -mfloat-abi=h"
 2289      20726576 
 2289      6973696F 
 2289      6E203233 
 2289      31383438 
 2290 054d 61726420 		.ascii	"ard -mfpu=fpv4-sp-d16 -mno-thumb-interwork -mthumb "
 2290      2D6D6670 
 2290      753D6670 
 2290      76342D73 
 2290      702D6431 
 2291 0580 2D676764 		.ascii	"-ggdb -O2 -std=gnu99 -fomit-frame-pointer -falign-f"
 2291      62202D4F 
 2291      32202D73 
 2291      74643D67 
 2291      6E753939 
 2292 05b3 756E6374 		.ascii	"unctions=16 -ffunction-sections -fdata-sections -fn"
 2292      696F6E73 
 2292      3D313620 
 2292      2D666675 
 2292      6E637469 
 2293 05e6 6F2D636F 		.ascii	"o-common -fsingle-precision-constant\000"
 2293      6D6D6F6E 
 2293      202D6673 
 2293      696E676C 
 2293      652D7072 
 2294              	.LASF26:
 2295 060b 73797374 		.ascii	"systime_t\000"
 2295      696D655F 
 2295      7400
 2296              	.LASF45:
 2297 0615 705F7265 		.ascii	"p_realprio\000"
 2297      616C7072 
 2297      696F00
 2298              	.LASF61:
 2299 0620 76746675 		.ascii	"vtfunc_t\000"
 2299      6E635F74 
 2299      00
 2300              	.LASF8:
 2301 0629 5F5F7569 		.ascii	"__uint32_t\000"
ARM GAS  C:\Users\IDONNO~1\AppData\Local\Temp\ccABwXCh.s 			page 46


 2301      6E743332 
 2301      5F7400
 2302              	.LASF74:
 2303 0634 70616E69 		.ascii	"panic_msg\000"
 2303      635F6D73 
 2303      6700
 2304              	.LASF114:
 2305 063e 6F666673 		.ascii	"offset\000"
 2305      657400
 2306              	.LASF112:
 2307 0645 636F6E74 		.ascii	"context\000"
 2307      65787400 
 2308              	.LASF17:
 2309 064d 7274636E 		.ascii	"rtcnt_t\000"
 2309      745F7400 
 2310              	.LASF68:
 2311 0655 76745F70 		.ascii	"vt_par\000"
 2311      617200
 2312              	.LASF51:
 2313 065c 74687265 		.ascii	"threads_queue_t\000"
 2313      6164735F 
 2313      71756575 
 2313      655F7400 
 2314              	.LASF126:
 2315 066c 63685F6D 		.ascii	"ch_mutex\000"
 2315      75746578 
 2315      00
 2316              	.LASF37:
 2317 0675 705F7265 		.ascii	"p_refs\000"
 2317      667300
 2318              	.LASF106:
 2319 067c 4D4D4652 		.ascii	"MMFR\000"
 2319      00
 2320              	.LASF77:
 2321 0681 726C6973 		.ascii	"rlist\000"
 2321      7400
 2322              	.LASF13:
 2323 0687 75696E74 		.ascii	"uint8_t\000"
 2323      385F7400 
 2324              	.LASF84:
 2325 068f 52534552 		.ascii	"RSERVED1\000"
 2325      56454431 
 2325      00
 2326              	.LASF92:
 2327 0698 53544952 		.ascii	"STIR\000"
 2327      00
 2328              	.LASF118:
 2329 069d 77746F62 		.ascii	"wtobjp\000"
 2329      6A7000
 2330              	.LASF34:
 2331 06a4 705F6E61 		.ascii	"p_name\000"
 2331      6D6500
 2332              	.LASF42:
 2333 06ab 705F6D73 		.ascii	"p_msg\000"
 2333      6700
 2334              	.LASF108:
 2335 06b1 43504143 		.ascii	"CPACR\000"
ARM GAS  C:\Users\IDONNO~1\AppData\Local\Temp\ccABwXCh.s 			page 47


 2335      5200
 2336              	.LASF101:
 2337 06b7 48465352 		.ascii	"HFSR\000"
 2337      00
 2338              	.LASF128:
 2339 06bc 6D5F6F77 		.ascii	"m_owner\000"
 2339      6E657200 
 2340              	.LASF31:
 2341 06c4 705F6374 		.ascii	"p_ctx\000"
 2341      7800
 2342              	.LASF67:
 2343 06ca 76745F66 		.ascii	"vt_func\000"
 2343      756E6300 
 2344              		.ident	"GCC: (GNU Tools for ARM Embedded Processors) 5.2.1 20151202 (release) [ARM/embedded-5-bran
ARM GAS  C:\Users\IDONNO~1\AppData\Local\Temp\ccABwXCh.s 			page 48


DEFINED SYMBOLS
                            *ABS*:00000000 nvic.c
C:\Users\IDONNO~1\AppData\Local\Temp\ccABwXCh.s:22     .text.nvicEnableVector:00000000 $t
C:\Users\IDONNO~1\AppData\Local\Temp\ccABwXCh.s:28     .text.nvicEnableVector:00000000 nvicEnableVector
C:\Users\IDONNO~1\AppData\Local\Temp\ccABwXCh.s:71     .text.nvicDisableVector:00000000 $t
C:\Users\IDONNO~1\AppData\Local\Temp\ccABwXCh.s:77     .text.nvicDisableVector:00000000 nvicDisableVector
C:\Users\IDONNO~1\AppData\Local\Temp\ccABwXCh.s:115    .text.nvicDisableVector:00000024 $d
C:\Users\IDONNO~1\AppData\Local\Temp\ccABwXCh.s:120    .text.nvicSetSystemHandlerPriority:00000000 $t
C:\Users\IDONNO~1\AppData\Local\Temp\ccABwXCh.s:126    .text.nvicSetSystemHandlerPriority:00000000 nvicSetSystemHandlerPriority
C:\Users\IDONNO~1\AppData\Local\Temp\ccABwXCh.s:148    .text.nvicClearPending:00000000 $t
C:\Users\IDONNO~1\AppData\Local\Temp\ccABwXCh.s:154    .text.nvicClearPending:00000000 nvicClearPending
C:\Users\IDONNO~1\AppData\Local\Temp\ccABwXCh.s:175    .text.nvicClearPending:00000018 $d
                     .debug_frame:00000010 $d

NO UNDEFINED SYMBOLS
