ARM GAS  C:\Users\IDONNO~1.SON\AppData\Local\Temp\ccN7p5QF.s 			page 1


   1              		.syntax unified
   2              		.cpu cortex-m4
   3              		.eabi_attribute 27, 1
   4              		.eabi_attribute 28, 1
   5              		.fpu fpv4-sp-d16
   6              		.eabi_attribute 20, 1
   7              		.eabi_attribute 21, 1
   8              		.eabi_attribute 23, 3
   9              		.eabi_attribute 24, 1
  10              		.eabi_attribute 25, 1
  11              		.eabi_attribute 26, 1
  12              		.eabi_attribute 30, 2
  13              		.eabi_attribute 34, 1
  14              		.eabi_attribute 18, 4
  15              		.thumb
  16              		.syntax unified
  17              		.file	"stm32f4xx_syscfg.c"
  18              		.text
  19              	.Ltext0:
  20              		.cfi_sections	.debug_frame
  21              		.section	.text.SYSCFG_DeInit,"ax",%progbits
  22              		.align	2
  23              		.p2align 4,,15
  24              		.global	SYSCFG_DeInit
  25              		.thumb
  26              		.thumb_func
  27              		.type	SYSCFG_DeInit, %function
  28              	SYSCFG_DeInit:
  29              	.LFB112:
  30              		.file 1 "lib/ChibiOS_3.0.2/ext/stdperiph_stm32f4/src/stm32f4xx_syscfg.c"
  31              		.loc 1 104 0
  32              		.cfi_startproc
  33              		@ args = 0, pretend = 0, frame = 0
  34              		@ frame_needed = 0, uses_anonymous_args = 0
  35 0000 08B5     		push	{r3, lr}
  36              		.cfi_def_cfa_offset 8
  37              		.cfi_offset 3, -8
  38              		.cfi_offset 14, -4
  39              		.loc 1 105 0
  40 0002 0121     		movs	r1, #1
  41 0004 4FF48040 		mov	r0, #16384
  42 0008 FFF7FEFF 		bl	RCC_APB2PeriphResetCmd
  43              	.LVL0:
  44              		.loc 1 106 0
  45 000c 0021     		movs	r1, #0
  46 000e 4FF48040 		mov	r0, #16384
  47              		.loc 1 107 0
  48 0012 BDE80840 		pop	{r3, lr}
  49              		.cfi_restore 14
  50              		.cfi_restore 3
  51              		.cfi_def_cfa_offset 0
  52              		.loc 1 106 0
  53 0016 FFF7FEBF 		b	RCC_APB2PeriphResetCmd
  54              	.LVL1:
  55              		.cfi_endproc
  56              	.LFE112:
  57              		.size	SYSCFG_DeInit, .-SYSCFG_DeInit
ARM GAS  C:\Users\IDONNO~1.SON\AppData\Local\Temp\ccN7p5QF.s 			page 2


  58 001a 00BF     		.section	.text.SYSCFG_MemoryRemapConfig,"ax",%progbits
  59              		.align	2
  60              		.p2align 4,,15
  61              		.global	SYSCFG_MemoryRemapConfig
  62              		.thumb
  63              		.thumb_func
  64              		.type	SYSCFG_MemoryRemapConfig, %function
  65              	SYSCFG_MemoryRemapConfig:
  66              	.LFB113:
  67              		.loc 1 123 0
  68              		.cfi_startproc
  69              		@ args = 0, pretend = 0, frame = 0
  70              		@ frame_needed = 0, uses_anonymous_args = 0
  71              		@ link register save eliminated.
  72              	.LVL2:
  73              		.loc 1 127 0
  74 0000 014B     		ldr	r3, .L4
  75 0002 1860     		str	r0, [r3]
  76 0004 7047     		bx	lr
  77              	.L5:
  78 0006 00BF     		.align	2
  79              	.L4:
  80 0008 00380140 		.word	1073821696
  81              		.cfi_endproc
  82              	.LFE113:
  83              		.size	SYSCFG_MemoryRemapConfig, .-SYSCFG_MemoryRemapConfig
  84              		.section	.text.SYSCFG_MemorySwappingBank,"ax",%progbits
  85              		.align	2
  86              		.p2align 4,,15
  87              		.global	SYSCFG_MemorySwappingBank
  88              		.thumb
  89              		.thumb_func
  90              		.type	SYSCFG_MemorySwappingBank, %function
  91              	SYSCFG_MemorySwappingBank:
  92              	.LFB114:
  93              		.loc 1 144 0
  94              		.cfi_startproc
  95              		@ args = 0, pretend = 0, frame = 0
  96              		@ frame_needed = 0, uses_anonymous_args = 0
  97              		@ link register save eliminated.
  98              	.LVL3:
  99              		.loc 1 148 0
 100 0000 014B     		ldr	r3, .L7
 101 0002 1860     		str	r0, [r3]
 102 0004 7047     		bx	lr
 103              	.L8:
 104 0006 00BF     		.align	2
 105              	.L7:
 106 0008 20002742 		.word	1109852192
 107              		.cfi_endproc
 108              	.LFE114:
 109              		.size	SYSCFG_MemorySwappingBank, .-SYSCFG_MemorySwappingBank
 110              		.section	.text.SYSCFG_EXTILineConfig,"ax",%progbits
 111              		.align	2
 112              		.p2align 4,,15
 113              		.global	SYSCFG_EXTILineConfig
 114              		.thumb
ARM GAS  C:\Users\IDONNO~1.SON\AppData\Local\Temp\ccN7p5QF.s 			page 3


 115              		.thumb_func
 116              		.type	SYSCFG_EXTILineConfig, %function
 117              	SYSCFG_EXTILineConfig:
 118              	.LFB115:
 119              		.loc 1 167 0
 120              		.cfi_startproc
 121              		@ args = 0, pretend = 0, frame = 0
 122              		@ frame_needed = 0, uses_anonymous_args = 0
 123              		@ link register save eliminated.
 124              	.LVL4:
 125 0000 01F0FC03 		and	r3, r1, #252
 126 0004 03F18043 		add	r3, r3, #1073741824
 127 0008 03F59C33 		add	r3, r3, #79872
 128              		.loc 1 174 0
 129 000c 01F00301 		and	r1, r1, #3
 130              	.LVL5:
 131              		.loc 1 167 0
 132 0010 10B4     		push	{r4}
 133              		.cfi_def_cfa_offset 4
 134              		.cfi_offset 4, -4
 135              		.loc 1 174 0
 136 0012 8900     		lsls	r1, r1, #2
 137              	.LVL6:
 138              		.loc 1 175 0
 139 0014 9C68     		ldr	r4, [r3, #8]
 140 0016 0F22     		movs	r2, #15
 141 0018 8A40     		lsls	r2, r2, r1
 142              	.LVL7:
 143 001a 24EA0202 		bic	r2, r4, r2
 144              	.LVL8:
 145 001e 9A60     		str	r2, [r3, #8]
 146              		.loc 1 176 0
 147 0020 9A68     		ldr	r2, [r3, #8]
 148              		.loc 1 177 0
 149 0022 5DF8044B 		ldr	r4, [sp], #4
 150              		.cfi_restore 4
 151              		.cfi_def_cfa_offset 0
 152              		.loc 1 176 0
 153 0026 8840     		lsls	r0, r0, r1
 154              	.LVL9:
 155 0028 1043     		orrs	r0, r0, r2
 156 002a 9860     		str	r0, [r3, #8]
 157              		.loc 1 177 0
 158 002c 7047     		bx	lr
 159              		.cfi_endproc
 160              	.LFE115:
 161              		.size	SYSCFG_EXTILineConfig, .-SYSCFG_EXTILineConfig
 162 002e 00BF     		.section	.text.SYSCFG_ETH_MediaInterfaceConfig,"ax",%progbits
 163              		.align	2
 164              		.p2align 4,,15
 165              		.global	SYSCFG_ETH_MediaInterfaceConfig
 166              		.thumb
 167              		.thumb_func
 168              		.type	SYSCFG_ETH_MediaInterfaceConfig, %function
 169              	SYSCFG_ETH_MediaInterfaceConfig:
 170              	.LFB116:
 171              		.loc 1 188 0
ARM GAS  C:\Users\IDONNO~1.SON\AppData\Local\Temp\ccN7p5QF.s 			page 4


 172              		.cfi_startproc
 173              		@ args = 0, pretend = 0, frame = 0
 174              		@ frame_needed = 0, uses_anonymous_args = 0
 175              		@ link register save eliminated.
 176              	.LVL10:
 177              		.loc 1 191 0
 178 0000 014B     		ldr	r3, .L12
 179 0002 1860     		str	r0, [r3]
 180 0004 7047     		bx	lr
 181              	.L13:
 182 0006 00BF     		.align	2
 183              	.L12:
 184 0008 DC002742 		.word	1109852380
 185              		.cfi_endproc
 186              	.LFE116:
 187              		.size	SYSCFG_ETH_MediaInterfaceConfig, .-SYSCFG_ETH_MediaInterfaceConfig
 188              		.section	.text.SYSCFG_CompensationCellCmd,"ax",%progbits
 189              		.align	2
 190              		.p2align 4,,15
 191              		.global	SYSCFG_CompensationCellCmd
 192              		.thumb
 193              		.thumb_func
 194              		.type	SYSCFG_CompensationCellCmd, %function
 195              	SYSCFG_CompensationCellCmd:
 196              	.LFB117:
 197              		.loc 1 205 0
 198              		.cfi_startproc
 199              		@ args = 0, pretend = 0, frame = 0
 200              		@ frame_needed = 0, uses_anonymous_args = 0
 201              		@ link register save eliminated.
 202              	.LVL11:
 203              		.loc 1 209 0
 204 0000 014B     		ldr	r3, .L15
 205 0002 1860     		str	r0, [r3]
 206 0004 7047     		bx	lr
 207              	.L16:
 208 0006 00BF     		.align	2
 209              	.L15:
 210 0008 00042742 		.word	1109853184
 211              		.cfi_endproc
 212              	.LFE117:
 213              		.size	SYSCFG_CompensationCellCmd, .-SYSCFG_CompensationCellCmd
 214              		.section	.text.SYSCFG_GetCompensationCellStatus,"ax",%progbits
 215              		.align	2
 216              		.p2align 4,,15
 217              		.global	SYSCFG_GetCompensationCellStatus
 218              		.thumb
 219              		.thumb_func
 220              		.type	SYSCFG_GetCompensationCellStatus, %function
 221              	SYSCFG_GetCompensationCellStatus:
 222              	.LFB118:
 223              		.loc 1 218 0
 224              		.cfi_startproc
 225              		@ args = 0, pretend = 0, frame = 0
 226              		@ frame_needed = 0, uses_anonymous_args = 0
 227              		@ link register save eliminated.
 228              	.LVL12:
ARM GAS  C:\Users\IDONNO~1.SON\AppData\Local\Temp\ccN7p5QF.s 			page 5


 229              		.loc 1 221 0
 230 0000 024B     		ldr	r3, .L18
 231 0002 186A     		ldr	r0, [r3, #32]
 232              	.LVL13:
 233              		.loc 1 230 0
 234 0004 C0F30020 		ubfx	r0, r0, #8, #1
 235              	.LVL14:
 236 0008 7047     		bx	lr
 237              	.L19:
 238 000a 00BF     		.align	2
 239              	.L18:
 240 000c 00380140 		.word	1073821696
 241              		.cfi_endproc
 242              	.LFE118:
 243              		.size	SYSCFG_GetCompensationCellStatus, .-SYSCFG_GetCompensationCellStatus
 244              		.text
 245              	.Letext0:
 246              		.file 2 "c:\\program files (x86)\\gnu tools arm embedded\\5.4 2016q2\\arm-none-eabi\\include\\mach
 247              		.file 3 "c:\\program files (x86)\\gnu tools arm embedded\\5.4 2016q2\\arm-none-eabi\\include\\sys\
 248              		.file 4 "lib/ChibiOS_3.0.2/os/ext/CMSIS/ST/stm32f407xx.h"
 249              		.file 5 "lib/ChibiOS_3.0.2/os/ext/CMSIS/ST/stm32f4xx.h"
 250              		.file 6 "lib/ChibiOS_3.0.2/os/ext/CMSIS/include/core_cm4.h"
 251              		.file 7 "lib/ChibiOS_3.0.2/ext/stdperiph_stm32f4/inc/stm32f4xx_rcc.h"
 252              		.section	.debug_info,"",%progbits
 253              	.Ldebug_info0:
 254 0000 D5020000 		.4byte	0x2d5
 255 0004 0400     		.2byte	0x4
 256 0006 00000000 		.4byte	.Ldebug_abbrev0
 257 000a 04       		.byte	0x4
 258 000b 01       		.uleb128 0x1
 259 000c 35020000 		.4byte	.LASF38
 260 0010 0C       		.byte	0xc
 261 0011 0A000000 		.4byte	.LASF39
 262 0015 05010000 		.4byte	.LASF40
 263 0019 00000000 		.4byte	.Ldebug_ranges0+0
 264 001d 00000000 		.4byte	0
 265 0021 00000000 		.4byte	.Ldebug_line0
 266 0025 02       		.uleb128 0x2
 267 0026 01       		.byte	0x1
 268 0027 06       		.byte	0x6
 269 0028 ED010000 		.4byte	.LASF0
 270 002c 03       		.uleb128 0x3
 271 002d 00000000 		.4byte	.LASF4
 272 0031 02       		.byte	0x2
 273 0032 1D       		.byte	0x1d
 274 0033 37000000 		.4byte	0x37
 275 0037 02       		.uleb128 0x2
 276 0038 01       		.byte	0x1
 277 0039 08       		.byte	0x8
 278 003a 45010000 		.4byte	.LASF1
 279 003e 02       		.uleb128 0x2
 280 003f 02       		.byte	0x2
 281 0040 05       		.byte	0x5
 282 0041 2B020000 		.4byte	.LASF2
 283 0045 02       		.uleb128 0x2
 284 0046 02       		.byte	0x2
 285 0047 07       		.byte	0x7
ARM GAS  C:\Users\IDONNO~1.SON\AppData\Local\Temp\ccN7p5QF.s 			page 6


 286 0048 8E000000 		.4byte	.LASF3
 287 004c 03       		.uleb128 0x3
 288 004d 69000000 		.4byte	.LASF5
 289 0051 02       		.byte	0x2
 290 0052 3F       		.byte	0x3f
 291 0053 57000000 		.4byte	0x57
 292 0057 02       		.uleb128 0x2
 293 0058 04       		.byte	0x4
 294 0059 05       		.byte	0x5
 295 005a 8D030000 		.4byte	.LASF6
 296 005e 03       		.uleb128 0x3
 297 005f FA000000 		.4byte	.LASF7
 298 0063 02       		.byte	0x2
 299 0064 41       		.byte	0x41
 300 0065 69000000 		.4byte	0x69
 301 0069 02       		.uleb128 0x2
 302 006a 04       		.byte	0x4
 303 006b 07       		.byte	0x7
 304 006c 5E010000 		.4byte	.LASF8
 305 0070 02       		.uleb128 0x2
 306 0071 08       		.byte	0x8
 307 0072 05       		.byte	0x5
 308 0073 0A020000 		.4byte	.LASF9
 309 0077 02       		.uleb128 0x2
 310 0078 08       		.byte	0x8
 311 0079 07       		.byte	0x7
 312 007a CE010000 		.4byte	.LASF10
 313 007e 04       		.uleb128 0x4
 314 007f 04       		.byte	0x4
 315 0080 05       		.byte	0x5
 316 0081 696E7400 		.ascii	"int\000"
 317 0085 02       		.uleb128 0x2
 318 0086 04       		.byte	0x4
 319 0087 07       		.byte	0x7
 320 0088 BB010000 		.4byte	.LASF11
 321 008c 03       		.uleb128 0x3
 322 008d E5010000 		.4byte	.LASF12
 323 0091 03       		.byte	0x3
 324 0092 18       		.byte	0x18
 325 0093 2C000000 		.4byte	0x2c
 326 0097 03       		.uleb128 0x3
 327 0098 F9010000 		.4byte	.LASF13
 328 009c 03       		.byte	0x3
 329 009d 2C       		.byte	0x2c
 330 009e 4C000000 		.4byte	0x4c
 331 00a2 03       		.uleb128 0x3
 332 00a3 84030000 		.4byte	.LASF14
 333 00a7 03       		.byte	0x3
 334 00a8 30       		.byte	0x30
 335 00a9 5E000000 		.4byte	0x5e
 336 00ad 02       		.uleb128 0x2
 337 00ae 04       		.byte	0x4
 338 00af 07       		.byte	0x7
 339 00b0 01020000 		.4byte	.LASF15
 340 00b4 05       		.uleb128 0x5
 341 00b5 A2000000 		.4byte	0xa2
 342 00b9 06       		.uleb128 0x6
ARM GAS  C:\Users\IDONNO~1.SON\AppData\Local\Temp\ccN7p5QF.s 			page 7


 343 00ba A2000000 		.4byte	0xa2
 344 00be C9000000 		.4byte	0xc9
 345 00c2 07       		.uleb128 0x7
 346 00c3 AD000000 		.4byte	0xad
 347 00c7 01       		.byte	0x1
 348 00c8 00       		.byte	0
 349 00c9 08       		.uleb128 0x8
 350 00ca 24       		.byte	0x24
 351 00cb 04       		.byte	0x4
 352 00cc 3202     		.2byte	0x232
 353 00ce 14010000 		.4byte	0x114
 354 00d2 09       		.uleb128 0x9
 355 00d3 70010000 		.4byte	.LASF16
 356 00d7 04       		.byte	0x4
 357 00d8 3402     		.2byte	0x234
 358 00da B4000000 		.4byte	0xb4
 359 00de 00       		.byte	0
 360 00df 0A       		.uleb128 0xa
 361 00e0 504D4300 		.ascii	"PMC\000"
 362 00e4 04       		.byte	0x4
 363 00e5 3502     		.2byte	0x235
 364 00e7 B4000000 		.4byte	0xb4
 365 00eb 04       		.byte	0x4
 366 00ec 09       		.uleb128 0x9
 367 00ed B4010000 		.4byte	.LASF17
 368 00f1 04       		.byte	0x4
 369 00f2 3602     		.2byte	0x236
 370 00f4 24010000 		.4byte	0x124
 371 00f8 08       		.byte	0x8
 372 00f9 09       		.uleb128 0x9
 373 00fa AB010000 		.4byte	.LASF18
 374 00fe 04       		.byte	0x4
 375 00ff 3702     		.2byte	0x237
 376 0101 B9000000 		.4byte	0xb9
 377 0105 18       		.byte	0x18
 378 0106 09       		.uleb128 0x9
 379 0107 3F010000 		.4byte	.LASF19
 380 010b 04       		.byte	0x4
 381 010c 3802     		.2byte	0x238
 382 010e B4000000 		.4byte	0xb4
 383 0112 20       		.byte	0x20
 384 0113 00       		.byte	0
 385 0114 06       		.uleb128 0x6
 386 0115 B4000000 		.4byte	0xb4
 387 0119 24010000 		.4byte	0x124
 388 011d 07       		.uleb128 0x7
 389 011e AD000000 		.4byte	0xad
 390 0122 03       		.byte	0x3
 391 0123 00       		.byte	0
 392 0124 05       		.uleb128 0x5
 393 0125 14010000 		.4byte	0x114
 394 0129 0B       		.uleb128 0xb
 395 012a 59030000 		.4byte	.LASF20
 396 012e 04       		.byte	0x4
 397 012f 3902     		.2byte	0x239
 398 0131 C9000000 		.4byte	0xc9
 399 0135 0C       		.uleb128 0xc
ARM GAS  C:\Users\IDONNO~1.SON\AppData\Local\Temp\ccN7p5QF.s 			page 8


 400 0136 01       		.byte	0x1
 401 0137 37000000 		.4byte	0x37
 402 013b 05       		.byte	0x5
 403 013c A2       		.byte	0xa2
 404 013d 4E010000 		.4byte	0x14e
 405 0141 0D       		.uleb128 0xd
 406 0142 C8010000 		.4byte	.LASF21
 407 0146 00       		.byte	0
 408 0147 0E       		.uleb128 0xe
 409 0148 53455400 		.ascii	"SET\000"
 410 014c 01       		.byte	0x1
 411 014d 00       		.byte	0
 412 014e 03       		.uleb128 0x3
 413 014f 53010000 		.4byte	.LASF22
 414 0153 05       		.byte	0x5
 415 0154 A5       		.byte	0xa5
 416 0155 35010000 		.4byte	0x135
 417 0159 0C       		.uleb128 0xc
 418 015a 01       		.byte	0x1
 419 015b 37000000 		.4byte	0x37
 420 015f 05       		.byte	0x5
 421 0160 A8       		.byte	0xa8
 422 0161 72010000 		.4byte	0x172
 423 0165 0D       		.uleb128 0xd
 424 0166 96030000 		.4byte	.LASF23
 425 016a 00       		.byte	0
 426 016b 0D       		.uleb128 0xd
 427 016c 7D030000 		.4byte	.LASF24
 428 0170 01       		.byte	0x1
 429 0171 00       		.byte	0
 430 0172 03       		.uleb128 0x3
 431 0173 C2000000 		.4byte	.LASF25
 432 0177 05       		.byte	0x5
 433 0178 AB       		.byte	0xab
 434 0179 59010000 		.4byte	0x159
 435 017d 0F       		.uleb128 0xf
 436 017e D2000000 		.4byte	.LASF26
 437 0182 01       		.byte	0x1
 438 0183 67       		.byte	0x67
 439 0184 00000000 		.4byte	.LFB112
 440 0188 1A000000 		.4byte	.LFE112-.LFB112
 441 018c 01       		.uleb128 0x1
 442 018d 9C       		.byte	0x9c
 443 018e C3010000 		.4byte	0x1c3
 444 0192 10       		.uleb128 0x10
 445 0193 0C000000 		.4byte	.LVL0
 446 0197 CC020000 		.4byte	0x2cc
 447 019b AC010000 		.4byte	0x1ac
 448 019f 11       		.uleb128 0x11
 449 01a0 01       		.uleb128 0x1
 450 01a1 50       		.byte	0x50
 451 01a2 03       		.uleb128 0x3
 452 01a3 0A       		.byte	0xa
 453 01a4 0040     		.2byte	0x4000
 454 01a6 11       		.uleb128 0x11
 455 01a7 01       		.uleb128 0x1
 456 01a8 51       		.byte	0x51
ARM GAS  C:\Users\IDONNO~1.SON\AppData\Local\Temp\ccN7p5QF.s 			page 9


 457 01a9 01       		.uleb128 0x1
 458 01aa 31       		.byte	0x31
 459 01ab 00       		.byte	0
 460 01ac 12       		.uleb128 0x12
 461 01ad 1A000000 		.4byte	.LVL1
 462 01b1 CC020000 		.4byte	0x2cc
 463 01b5 11       		.uleb128 0x11
 464 01b6 01       		.uleb128 0x1
 465 01b7 50       		.byte	0x50
 466 01b8 03       		.uleb128 0x3
 467 01b9 0A       		.byte	0xa
 468 01ba 0040     		.2byte	0x4000
 469 01bc 11       		.uleb128 0x11
 470 01bd 01       		.uleb128 0x1
 471 01be 51       		.byte	0x51
 472 01bf 01       		.uleb128 0x1
 473 01c0 30       		.byte	0x30
 474 01c1 00       		.byte	0
 475 01c2 00       		.byte	0
 476 01c3 0F       		.uleb128 0xf
 477 01c4 CB030000 		.4byte	.LASF27
 478 01c8 01       		.byte	0x1
 479 01c9 7A       		.byte	0x7a
 480 01ca 00000000 		.4byte	.LFB113
 481 01ce 0C000000 		.4byte	.LFE113-.LFB113
 482 01d2 01       		.uleb128 0x1
 483 01d3 9C       		.byte	0x9c
 484 01d4 E6010000 		.4byte	0x1e6
 485 01d8 13       		.uleb128 0x13
 486 01d9 18020000 		.4byte	.LASF29
 487 01dd 01       		.byte	0x1
 488 01de 7A       		.byte	0x7a
 489 01df 8C000000 		.4byte	0x8c
 490 01e3 01       		.uleb128 0x1
 491 01e4 50       		.byte	0x50
 492 01e5 00       		.byte	0
 493 01e6 0F       		.uleb128 0xf
 494 01e7 B1030000 		.4byte	.LASF28
 495 01eb 01       		.byte	0x1
 496 01ec 8F       		.byte	0x8f
 497 01ed 00000000 		.4byte	.LFB114
 498 01f1 0C000000 		.4byte	.LFE114-.LFB114
 499 01f5 01       		.uleb128 0x1
 500 01f6 9C       		.byte	0x9c
 501 01f7 09020000 		.4byte	0x209
 502 01fb 13       		.uleb128 0x13
 503 01fc 9E030000 		.4byte	.LASF30
 504 0200 01       		.byte	0x1
 505 0201 8F       		.byte	0x8f
 506 0202 72010000 		.4byte	0x172
 507 0206 01       		.uleb128 0x1
 508 0207 50       		.byte	0x50
 509 0208 00       		.byte	0
 510 0209 0F       		.uleb128 0xf
 511 020a 29010000 		.4byte	.LASF31
 512 020e 01       		.byte	0x1
 513 020f A6       		.byte	0xa6
ARM GAS  C:\Users\IDONNO~1.SON\AppData\Local\Temp\ccN7p5QF.s 			page 10


 514 0210 00000000 		.4byte	.LFB115
 515 0214 2E000000 		.4byte	.LFE115-.LFB115
 516 0218 01       		.uleb128 0x1
 517 0219 9C       		.byte	0x9c
 518 021a 4C020000 		.4byte	0x24c
 519 021e 14       		.uleb128 0x14
 520 021f 68030000 		.4byte	.LASF32
 521 0223 01       		.byte	0x1
 522 0224 A6       		.byte	0xa6
 523 0225 8C000000 		.4byte	0x8c
 524 0229 00000000 		.4byte	.LLST0
 525 022d 14       		.uleb128 0x14
 526 022e 9B010000 		.4byte	.LASF33
 527 0232 01       		.byte	0x1
 528 0233 A6       		.byte	0xa6
 529 0234 8C000000 		.4byte	0x8c
 530 0238 21000000 		.4byte	.LLST1
 531 023c 15       		.uleb128 0x15
 532 023d 746D7000 		.ascii	"tmp\000"
 533 0241 01       		.byte	0x1
 534 0242 A8       		.byte	0xa8
 535 0243 A2000000 		.4byte	0xa2
 536 0247 42000000 		.4byte	.LLST2
 537 024b 00       		.byte	0
 538 024c 0F       		.uleb128 0xf
 539 024d 49000000 		.4byte	.LASF34
 540 0251 01       		.byte	0x1
 541 0252 BB       		.byte	0xbb
 542 0253 00000000 		.4byte	.LFB116
 543 0257 0C000000 		.4byte	.LFE116-.LFB116
 544 025b 01       		.uleb128 0x1
 545 025c 9C       		.byte	0x9c
 546 025d 6F020000 		.4byte	0x26f
 547 0261 13       		.uleb128 0x13
 548 0262 E0000000 		.4byte	.LASF35
 549 0266 01       		.byte	0x1
 550 0267 BB       		.byte	0xbb
 551 0268 A2000000 		.4byte	0xa2
 552 026c 01       		.uleb128 0x1
 553 026d 50       		.byte	0x50
 554 026e 00       		.byte	0
 555 026f 0F       		.uleb128 0xf
 556 0270 73000000 		.4byte	.LASF36
 557 0274 01       		.byte	0x1
 558 0275 CC       		.byte	0xcc
 559 0276 00000000 		.4byte	.LFB117
 560 027a 0C000000 		.4byte	.LFE117-.LFB117
 561 027e 01       		.uleb128 0x1
 562 027f 9C       		.byte	0x9c
 563 0280 92020000 		.4byte	0x292
 564 0284 13       		.uleb128 0x13
 565 0285 9E030000 		.4byte	.LASF30
 566 0289 01       		.byte	0x1
 567 028a CC       		.byte	0xcc
 568 028b 72010000 		.4byte	0x172
 569 028f 01       		.uleb128 0x1
 570 0290 50       		.byte	0x50
ARM GAS  C:\Users\IDONNO~1.SON\AppData\Local\Temp\ccN7p5QF.s 			page 11


 571 0291 00       		.byte	0
 572 0292 16       		.uleb128 0x16
 573 0293 A1000000 		.4byte	.LASF41
 574 0297 01       		.byte	0x1
 575 0298 D9       		.byte	0xd9
 576 0299 4E010000 		.4byte	0x14e
 577 029d 00000000 		.4byte	.LFB118
 578 02a1 10000000 		.4byte	.LFE118-.LFB118
 579 02a5 01       		.uleb128 0x1
 580 02a6 9C       		.byte	0x9c
 581 02a7 BB020000 		.4byte	0x2bb
 582 02ab 17       		.uleb128 0x17
 583 02ac A7030000 		.4byte	.LASF37
 584 02b0 01       		.byte	0x1
 585 02b1 DB       		.byte	0xdb
 586 02b2 4E010000 		.4byte	0x14e
 587 02b6 7F000000 		.4byte	.LLST3
 588 02ba 00       		.byte	0
 589 02bb 18       		.uleb128 0x18
 590 02bc 8E010000 		.4byte	.LASF42
 591 02c0 06       		.byte	0x6
 592 02c1 A706     		.2byte	0x6a7
 593 02c3 C7020000 		.4byte	0x2c7
 594 02c7 05       		.uleb128 0x5
 595 02c8 97000000 		.4byte	0x97
 596 02cc 19       		.uleb128 0x19
 597 02cd 77010000 		.4byte	.LASF43
 598 02d1 77010000 		.4byte	.LASF43
 599 02d5 07       		.byte	0x7
 600 02d6 6203     		.2byte	0x362
 601 02d8 00       		.byte	0
 602              		.section	.debug_abbrev,"",%progbits
 603              	.Ldebug_abbrev0:
 604 0000 01       		.uleb128 0x1
 605 0001 11       		.uleb128 0x11
 606 0002 01       		.byte	0x1
 607 0003 25       		.uleb128 0x25
 608 0004 0E       		.uleb128 0xe
 609 0005 13       		.uleb128 0x13
 610 0006 0B       		.uleb128 0xb
 611 0007 03       		.uleb128 0x3
 612 0008 0E       		.uleb128 0xe
 613 0009 1B       		.uleb128 0x1b
 614 000a 0E       		.uleb128 0xe
 615 000b 55       		.uleb128 0x55
 616 000c 17       		.uleb128 0x17
 617 000d 11       		.uleb128 0x11
 618 000e 01       		.uleb128 0x1
 619 000f 10       		.uleb128 0x10
 620 0010 17       		.uleb128 0x17
 621 0011 00       		.byte	0
 622 0012 00       		.byte	0
 623 0013 02       		.uleb128 0x2
 624 0014 24       		.uleb128 0x24
 625 0015 00       		.byte	0
 626 0016 0B       		.uleb128 0xb
 627 0017 0B       		.uleb128 0xb
ARM GAS  C:\Users\IDONNO~1.SON\AppData\Local\Temp\ccN7p5QF.s 			page 12


 628 0018 3E       		.uleb128 0x3e
 629 0019 0B       		.uleb128 0xb
 630 001a 03       		.uleb128 0x3
 631 001b 0E       		.uleb128 0xe
 632 001c 00       		.byte	0
 633 001d 00       		.byte	0
 634 001e 03       		.uleb128 0x3
 635 001f 16       		.uleb128 0x16
 636 0020 00       		.byte	0
 637 0021 03       		.uleb128 0x3
 638 0022 0E       		.uleb128 0xe
 639 0023 3A       		.uleb128 0x3a
 640 0024 0B       		.uleb128 0xb
 641 0025 3B       		.uleb128 0x3b
 642 0026 0B       		.uleb128 0xb
 643 0027 49       		.uleb128 0x49
 644 0028 13       		.uleb128 0x13
 645 0029 00       		.byte	0
 646 002a 00       		.byte	0
 647 002b 04       		.uleb128 0x4
 648 002c 24       		.uleb128 0x24
 649 002d 00       		.byte	0
 650 002e 0B       		.uleb128 0xb
 651 002f 0B       		.uleb128 0xb
 652 0030 3E       		.uleb128 0x3e
 653 0031 0B       		.uleb128 0xb
 654 0032 03       		.uleb128 0x3
 655 0033 08       		.uleb128 0x8
 656 0034 00       		.byte	0
 657 0035 00       		.byte	0
 658 0036 05       		.uleb128 0x5
 659 0037 35       		.uleb128 0x35
 660 0038 00       		.byte	0
 661 0039 49       		.uleb128 0x49
 662 003a 13       		.uleb128 0x13
 663 003b 00       		.byte	0
 664 003c 00       		.byte	0
 665 003d 06       		.uleb128 0x6
 666 003e 01       		.uleb128 0x1
 667 003f 01       		.byte	0x1
 668 0040 49       		.uleb128 0x49
 669 0041 13       		.uleb128 0x13
 670 0042 01       		.uleb128 0x1
 671 0043 13       		.uleb128 0x13
 672 0044 00       		.byte	0
 673 0045 00       		.byte	0
 674 0046 07       		.uleb128 0x7
 675 0047 21       		.uleb128 0x21
 676 0048 00       		.byte	0
 677 0049 49       		.uleb128 0x49
 678 004a 13       		.uleb128 0x13
 679 004b 2F       		.uleb128 0x2f
 680 004c 0B       		.uleb128 0xb
 681 004d 00       		.byte	0
 682 004e 00       		.byte	0
 683 004f 08       		.uleb128 0x8
 684 0050 13       		.uleb128 0x13
ARM GAS  C:\Users\IDONNO~1.SON\AppData\Local\Temp\ccN7p5QF.s 			page 13


 685 0051 01       		.byte	0x1
 686 0052 0B       		.uleb128 0xb
 687 0053 0B       		.uleb128 0xb
 688 0054 3A       		.uleb128 0x3a
 689 0055 0B       		.uleb128 0xb
 690 0056 3B       		.uleb128 0x3b
 691 0057 05       		.uleb128 0x5
 692 0058 01       		.uleb128 0x1
 693 0059 13       		.uleb128 0x13
 694 005a 00       		.byte	0
 695 005b 00       		.byte	0
 696 005c 09       		.uleb128 0x9
 697 005d 0D       		.uleb128 0xd
 698 005e 00       		.byte	0
 699 005f 03       		.uleb128 0x3
 700 0060 0E       		.uleb128 0xe
 701 0061 3A       		.uleb128 0x3a
 702 0062 0B       		.uleb128 0xb
 703 0063 3B       		.uleb128 0x3b
 704 0064 05       		.uleb128 0x5
 705 0065 49       		.uleb128 0x49
 706 0066 13       		.uleb128 0x13
 707 0067 38       		.uleb128 0x38
 708 0068 0B       		.uleb128 0xb
 709 0069 00       		.byte	0
 710 006a 00       		.byte	0
 711 006b 0A       		.uleb128 0xa
 712 006c 0D       		.uleb128 0xd
 713 006d 00       		.byte	0
 714 006e 03       		.uleb128 0x3
 715 006f 08       		.uleb128 0x8
 716 0070 3A       		.uleb128 0x3a
 717 0071 0B       		.uleb128 0xb
 718 0072 3B       		.uleb128 0x3b
 719 0073 05       		.uleb128 0x5
 720 0074 49       		.uleb128 0x49
 721 0075 13       		.uleb128 0x13
 722 0076 38       		.uleb128 0x38
 723 0077 0B       		.uleb128 0xb
 724 0078 00       		.byte	0
 725 0079 00       		.byte	0
 726 007a 0B       		.uleb128 0xb
 727 007b 16       		.uleb128 0x16
 728 007c 00       		.byte	0
 729 007d 03       		.uleb128 0x3
 730 007e 0E       		.uleb128 0xe
 731 007f 3A       		.uleb128 0x3a
 732 0080 0B       		.uleb128 0xb
 733 0081 3B       		.uleb128 0x3b
 734 0082 05       		.uleb128 0x5
 735 0083 49       		.uleb128 0x49
 736 0084 13       		.uleb128 0x13
 737 0085 00       		.byte	0
 738 0086 00       		.byte	0
 739 0087 0C       		.uleb128 0xc
 740 0088 04       		.uleb128 0x4
 741 0089 01       		.byte	0x1
ARM GAS  C:\Users\IDONNO~1.SON\AppData\Local\Temp\ccN7p5QF.s 			page 14


 742 008a 0B       		.uleb128 0xb
 743 008b 0B       		.uleb128 0xb
 744 008c 49       		.uleb128 0x49
 745 008d 13       		.uleb128 0x13
 746 008e 3A       		.uleb128 0x3a
 747 008f 0B       		.uleb128 0xb
 748 0090 3B       		.uleb128 0x3b
 749 0091 0B       		.uleb128 0xb
 750 0092 01       		.uleb128 0x1
 751 0093 13       		.uleb128 0x13
 752 0094 00       		.byte	0
 753 0095 00       		.byte	0
 754 0096 0D       		.uleb128 0xd
 755 0097 28       		.uleb128 0x28
 756 0098 00       		.byte	0
 757 0099 03       		.uleb128 0x3
 758 009a 0E       		.uleb128 0xe
 759 009b 1C       		.uleb128 0x1c
 760 009c 0B       		.uleb128 0xb
 761 009d 00       		.byte	0
 762 009e 00       		.byte	0
 763 009f 0E       		.uleb128 0xe
 764 00a0 28       		.uleb128 0x28
 765 00a1 00       		.byte	0
 766 00a2 03       		.uleb128 0x3
 767 00a3 08       		.uleb128 0x8
 768 00a4 1C       		.uleb128 0x1c
 769 00a5 0B       		.uleb128 0xb
 770 00a6 00       		.byte	0
 771 00a7 00       		.byte	0
 772 00a8 0F       		.uleb128 0xf
 773 00a9 2E       		.uleb128 0x2e
 774 00aa 01       		.byte	0x1
 775 00ab 3F       		.uleb128 0x3f
 776 00ac 19       		.uleb128 0x19
 777 00ad 03       		.uleb128 0x3
 778 00ae 0E       		.uleb128 0xe
 779 00af 3A       		.uleb128 0x3a
 780 00b0 0B       		.uleb128 0xb
 781 00b1 3B       		.uleb128 0x3b
 782 00b2 0B       		.uleb128 0xb
 783 00b3 27       		.uleb128 0x27
 784 00b4 19       		.uleb128 0x19
 785 00b5 11       		.uleb128 0x11
 786 00b6 01       		.uleb128 0x1
 787 00b7 12       		.uleb128 0x12
 788 00b8 06       		.uleb128 0x6
 789 00b9 40       		.uleb128 0x40
 790 00ba 18       		.uleb128 0x18
 791 00bb 9742     		.uleb128 0x2117
 792 00bd 19       		.uleb128 0x19
 793 00be 01       		.uleb128 0x1
 794 00bf 13       		.uleb128 0x13
 795 00c0 00       		.byte	0
 796 00c1 00       		.byte	0
 797 00c2 10       		.uleb128 0x10
 798 00c3 898201   		.uleb128 0x4109
ARM GAS  C:\Users\IDONNO~1.SON\AppData\Local\Temp\ccN7p5QF.s 			page 15


 799 00c6 01       		.byte	0x1
 800 00c7 11       		.uleb128 0x11
 801 00c8 01       		.uleb128 0x1
 802 00c9 31       		.uleb128 0x31
 803 00ca 13       		.uleb128 0x13
 804 00cb 01       		.uleb128 0x1
 805 00cc 13       		.uleb128 0x13
 806 00cd 00       		.byte	0
 807 00ce 00       		.byte	0
 808 00cf 11       		.uleb128 0x11
 809 00d0 8A8201   		.uleb128 0x410a
 810 00d3 00       		.byte	0
 811 00d4 02       		.uleb128 0x2
 812 00d5 18       		.uleb128 0x18
 813 00d6 9142     		.uleb128 0x2111
 814 00d8 18       		.uleb128 0x18
 815 00d9 00       		.byte	0
 816 00da 00       		.byte	0
 817 00db 12       		.uleb128 0x12
 818 00dc 898201   		.uleb128 0x4109
 819 00df 01       		.byte	0x1
 820 00e0 11       		.uleb128 0x11
 821 00e1 01       		.uleb128 0x1
 822 00e2 9542     		.uleb128 0x2115
 823 00e4 19       		.uleb128 0x19
 824 00e5 31       		.uleb128 0x31
 825 00e6 13       		.uleb128 0x13
 826 00e7 00       		.byte	0
 827 00e8 00       		.byte	0
 828 00e9 13       		.uleb128 0x13
 829 00ea 05       		.uleb128 0x5
 830 00eb 00       		.byte	0
 831 00ec 03       		.uleb128 0x3
 832 00ed 0E       		.uleb128 0xe
 833 00ee 3A       		.uleb128 0x3a
 834 00ef 0B       		.uleb128 0xb
 835 00f0 3B       		.uleb128 0x3b
 836 00f1 0B       		.uleb128 0xb
 837 00f2 49       		.uleb128 0x49
 838 00f3 13       		.uleb128 0x13
 839 00f4 02       		.uleb128 0x2
 840 00f5 18       		.uleb128 0x18
 841 00f6 00       		.byte	0
 842 00f7 00       		.byte	0
 843 00f8 14       		.uleb128 0x14
 844 00f9 05       		.uleb128 0x5
 845 00fa 00       		.byte	0
 846 00fb 03       		.uleb128 0x3
 847 00fc 0E       		.uleb128 0xe
 848 00fd 3A       		.uleb128 0x3a
 849 00fe 0B       		.uleb128 0xb
 850 00ff 3B       		.uleb128 0x3b
 851 0100 0B       		.uleb128 0xb
 852 0101 49       		.uleb128 0x49
 853 0102 13       		.uleb128 0x13
 854 0103 02       		.uleb128 0x2
 855 0104 17       		.uleb128 0x17
ARM GAS  C:\Users\IDONNO~1.SON\AppData\Local\Temp\ccN7p5QF.s 			page 16


 856 0105 00       		.byte	0
 857 0106 00       		.byte	0
 858 0107 15       		.uleb128 0x15
 859 0108 34       		.uleb128 0x34
 860 0109 00       		.byte	0
 861 010a 03       		.uleb128 0x3
 862 010b 08       		.uleb128 0x8
 863 010c 3A       		.uleb128 0x3a
 864 010d 0B       		.uleb128 0xb
 865 010e 3B       		.uleb128 0x3b
 866 010f 0B       		.uleb128 0xb
 867 0110 49       		.uleb128 0x49
 868 0111 13       		.uleb128 0x13
 869 0112 02       		.uleb128 0x2
 870 0113 17       		.uleb128 0x17
 871 0114 00       		.byte	0
 872 0115 00       		.byte	0
 873 0116 16       		.uleb128 0x16
 874 0117 2E       		.uleb128 0x2e
 875 0118 01       		.byte	0x1
 876 0119 3F       		.uleb128 0x3f
 877 011a 19       		.uleb128 0x19
 878 011b 03       		.uleb128 0x3
 879 011c 0E       		.uleb128 0xe
 880 011d 3A       		.uleb128 0x3a
 881 011e 0B       		.uleb128 0xb
 882 011f 3B       		.uleb128 0x3b
 883 0120 0B       		.uleb128 0xb
 884 0121 27       		.uleb128 0x27
 885 0122 19       		.uleb128 0x19
 886 0123 49       		.uleb128 0x49
 887 0124 13       		.uleb128 0x13
 888 0125 11       		.uleb128 0x11
 889 0126 01       		.uleb128 0x1
 890 0127 12       		.uleb128 0x12
 891 0128 06       		.uleb128 0x6
 892 0129 40       		.uleb128 0x40
 893 012a 18       		.uleb128 0x18
 894 012b 9742     		.uleb128 0x2117
 895 012d 19       		.uleb128 0x19
 896 012e 01       		.uleb128 0x1
 897 012f 13       		.uleb128 0x13
 898 0130 00       		.byte	0
 899 0131 00       		.byte	0
 900 0132 17       		.uleb128 0x17
 901 0133 34       		.uleb128 0x34
 902 0134 00       		.byte	0
 903 0135 03       		.uleb128 0x3
 904 0136 0E       		.uleb128 0xe
 905 0137 3A       		.uleb128 0x3a
 906 0138 0B       		.uleb128 0xb
 907 0139 3B       		.uleb128 0x3b
 908 013a 0B       		.uleb128 0xb
 909 013b 49       		.uleb128 0x49
 910 013c 13       		.uleb128 0x13
 911 013d 02       		.uleb128 0x2
 912 013e 17       		.uleb128 0x17
ARM GAS  C:\Users\IDONNO~1.SON\AppData\Local\Temp\ccN7p5QF.s 			page 17


 913 013f 00       		.byte	0
 914 0140 00       		.byte	0
 915 0141 18       		.uleb128 0x18
 916 0142 34       		.uleb128 0x34
 917 0143 00       		.byte	0
 918 0144 03       		.uleb128 0x3
 919 0145 0E       		.uleb128 0xe
 920 0146 3A       		.uleb128 0x3a
 921 0147 0B       		.uleb128 0xb
 922 0148 3B       		.uleb128 0x3b
 923 0149 05       		.uleb128 0x5
 924 014a 49       		.uleb128 0x49
 925 014b 13       		.uleb128 0x13
 926 014c 3F       		.uleb128 0x3f
 927 014d 19       		.uleb128 0x19
 928 014e 3C       		.uleb128 0x3c
 929 014f 19       		.uleb128 0x19
 930 0150 00       		.byte	0
 931 0151 00       		.byte	0
 932 0152 19       		.uleb128 0x19
 933 0153 2E       		.uleb128 0x2e
 934 0154 00       		.byte	0
 935 0155 3F       		.uleb128 0x3f
 936 0156 19       		.uleb128 0x19
 937 0157 3C       		.uleb128 0x3c
 938 0158 19       		.uleb128 0x19
 939 0159 6E       		.uleb128 0x6e
 940 015a 0E       		.uleb128 0xe
 941 015b 03       		.uleb128 0x3
 942 015c 0E       		.uleb128 0xe
 943 015d 3A       		.uleb128 0x3a
 944 015e 0B       		.uleb128 0xb
 945 015f 3B       		.uleb128 0x3b
 946 0160 05       		.uleb128 0x5
 947 0161 00       		.byte	0
 948 0162 00       		.byte	0
 949 0163 00       		.byte	0
 950              		.section	.debug_loc,"",%progbits
 951              	.Ldebug_loc0:
 952              	.LLST0:
 953 0000 00000000 		.4byte	.LVL4
 954 0004 28000000 		.4byte	.LVL9
 955 0008 0100     		.2byte	0x1
 956 000a 50       		.byte	0x50
 957 000b 28000000 		.4byte	.LVL9
 958 000f 2E000000 		.4byte	.LFE115
 959 0013 0400     		.2byte	0x4
 960 0015 F3       		.byte	0xf3
 961 0016 01       		.uleb128 0x1
 962 0017 50       		.byte	0x50
 963 0018 9F       		.byte	0x9f
 964 0019 00000000 		.4byte	0
 965 001d 00000000 		.4byte	0
 966              	.LLST1:
 967 0021 00000000 		.4byte	.LVL4
 968 0025 10000000 		.4byte	.LVL5
 969 0029 0100     		.2byte	0x1
ARM GAS  C:\Users\IDONNO~1.SON\AppData\Local\Temp\ccN7p5QF.s 			page 18


 970 002b 51       		.byte	0x51
 971 002c 10000000 		.4byte	.LVL5
 972 0030 2E000000 		.4byte	.LFE115
 973 0034 0400     		.2byte	0x4
 974 0036 F3       		.byte	0xf3
 975 0037 01       		.uleb128 0x1
 976 0038 51       		.byte	0x51
 977 0039 9F       		.byte	0x9f
 978 003a 00000000 		.4byte	0
 979 003e 00000000 		.4byte	0
 980              	.LLST2:
 981 0042 00000000 		.4byte	.LVL4
 982 0046 14000000 		.4byte	.LVL6
 983 004a 0200     		.2byte	0x2
 984 004c 30       		.byte	0x30
 985 004d 9F       		.byte	0x9f
 986 004e 14000000 		.4byte	.LVL6
 987 0052 1A000000 		.4byte	.LVL7
 988 0056 0500     		.2byte	0x5
 989 0058 3F       		.byte	0x3f
 990 0059 71       		.byte	0x71
 991 005a 00       		.sleb128 0
 992 005b 24       		.byte	0x24
 993 005c 9F       		.byte	0x9f
 994 005d 1A000000 		.4byte	.LVL7
 995 0061 1E000000 		.4byte	.LVL8
 996 0065 0100     		.2byte	0x1
 997 0067 52       		.byte	0x52
 998 0068 1E000000 		.4byte	.LVL8
 999 006c 2E000000 		.4byte	.LFE115
 1000 0070 0500     		.2byte	0x5
 1001 0072 3F       		.byte	0x3f
 1002 0073 71       		.byte	0x71
 1003 0074 00       		.sleb128 0
 1004 0075 24       		.byte	0x24
 1005 0076 9F       		.byte	0x9f
 1006 0077 00000000 		.4byte	0
 1007 007b 00000000 		.4byte	0
 1008              	.LLST3:
 1009 007f 00000000 		.4byte	.LVL12
 1010 0083 04000000 		.4byte	.LVL13
 1011 0087 0200     		.2byte	0x2
 1012 0089 30       		.byte	0x30
 1013 008a 9F       		.byte	0x9f
 1014 008b 04000000 		.4byte	.LVL13
 1015 008f 08000000 		.4byte	.LVL14
 1016 0093 0900     		.2byte	0x9
 1017 0095 70       		.byte	0x70
 1018 0096 00       		.sleb128 0
 1019 0097 0A       		.byte	0xa
 1020 0098 0001     		.2byte	0x100
 1021 009a 1A       		.byte	0x1a
 1022 009b 30       		.byte	0x30
 1023 009c 2E       		.byte	0x2e
 1024 009d 9F       		.byte	0x9f
 1025 009e 00000000 		.4byte	0
 1026 00a2 00000000 		.4byte	0
ARM GAS  C:\Users\IDONNO~1.SON\AppData\Local\Temp\ccN7p5QF.s 			page 19


 1027              		.section	.debug_aranges,"",%progbits
 1028 0000 4C000000 		.4byte	0x4c
 1029 0004 0200     		.2byte	0x2
 1030 0006 00000000 		.4byte	.Ldebug_info0
 1031 000a 04       		.byte	0x4
 1032 000b 00       		.byte	0
 1033 000c 0000     		.2byte	0
 1034 000e 0000     		.2byte	0
 1035 0010 00000000 		.4byte	.LFB112
 1036 0014 1A000000 		.4byte	.LFE112-.LFB112
 1037 0018 00000000 		.4byte	.LFB113
 1038 001c 0C000000 		.4byte	.LFE113-.LFB113
 1039 0020 00000000 		.4byte	.LFB114
 1040 0024 0C000000 		.4byte	.LFE114-.LFB114
 1041 0028 00000000 		.4byte	.LFB115
 1042 002c 2E000000 		.4byte	.LFE115-.LFB115
 1043 0030 00000000 		.4byte	.LFB116
 1044 0034 0C000000 		.4byte	.LFE116-.LFB116
 1045 0038 00000000 		.4byte	.LFB117
 1046 003c 0C000000 		.4byte	.LFE117-.LFB117
 1047 0040 00000000 		.4byte	.LFB118
 1048 0044 10000000 		.4byte	.LFE118-.LFB118
 1049 0048 00000000 		.4byte	0
 1050 004c 00000000 		.4byte	0
 1051              		.section	.debug_ranges,"",%progbits
 1052              	.Ldebug_ranges0:
 1053 0000 00000000 		.4byte	.LFB112
 1054 0004 1A000000 		.4byte	.LFE112
 1055 0008 00000000 		.4byte	.LFB113
 1056 000c 0C000000 		.4byte	.LFE113
 1057 0010 00000000 		.4byte	.LFB114
 1058 0014 0C000000 		.4byte	.LFE114
 1059 0018 00000000 		.4byte	.LFB115
 1060 001c 2E000000 		.4byte	.LFE115
 1061 0020 00000000 		.4byte	.LFB116
 1062 0024 0C000000 		.4byte	.LFE116
 1063 0028 00000000 		.4byte	.LFB117
 1064 002c 0C000000 		.4byte	.LFE117
 1065 0030 00000000 		.4byte	.LFB118
 1066 0034 10000000 		.4byte	.LFE118
 1067 0038 00000000 		.4byte	0
 1068 003c 00000000 		.4byte	0
 1069              		.section	.debug_line,"",%progbits
 1070              	.Ldebug_line0:
 1071 0000 62020000 		.section	.debug_str,"MS",%progbits,1
 1071      0200D601 
 1071      00000201 
 1071      FB0E0D00 
 1071      01010101 
 1072              	.LASF4:
 1073 0000 5F5F7569 		.ascii	"__uint8_t\000"
 1073      6E74385F 
 1073      7400
 1074              	.LASF39:
 1075 000a 6C69622F 		.ascii	"lib/ChibiOS_3.0.2/ext/stdperiph_stm32f4/src/stm32f4"
 1075      43686962 
 1075      694F535F 
ARM GAS  C:\Users\IDONNO~1.SON\AppData\Local\Temp\ccN7p5QF.s 			page 20


 1075      332E302E 
 1075      322F6578 
 1076 003d 78785F73 		.ascii	"xx_syscfg.c\000"
 1076      79736366 
 1076      672E6300 
 1077              	.LASF34:
 1078 0049 53595343 		.ascii	"SYSCFG_ETH_MediaInterfaceConfig\000"
 1078      46475F45 
 1078      54485F4D 
 1078      65646961 
 1078      496E7465 
 1079              	.LASF5:
 1080 0069 5F5F696E 		.ascii	"__int32_t\000"
 1080      7433325F 
 1080      7400
 1081              	.LASF36:
 1082 0073 53595343 		.ascii	"SYSCFG_CompensationCellCmd\000"
 1082      46475F43 
 1082      6F6D7065 
 1082      6E736174 
 1082      696F6E43 
 1083              	.LASF3:
 1084 008e 73686F72 		.ascii	"short unsigned int\000"
 1084      7420756E 
 1084      7369676E 
 1084      65642069 
 1084      6E7400
 1085              	.LASF41:
 1086 00a1 53595343 		.ascii	"SYSCFG_GetCompensationCellStatus\000"
 1086      46475F47 
 1086      6574436F 
 1086      6D70656E 
 1086      73617469 
 1087              	.LASF25:
 1088 00c2 46756E63 		.ascii	"FunctionalState\000"
 1088      74696F6E 
 1088      616C5374 
 1088      61746500 
 1089              	.LASF26:
 1090 00d2 53595343 		.ascii	"SYSCFG_DeInit\000"
 1090      46475F44 
 1090      65496E69 
 1090      7400
 1091              	.LASF35:
 1092 00e0 53595343 		.ascii	"SYSCFG_ETH_MediaInterface\000"
 1092      46475F45 
 1092      54485F4D 
 1092      65646961 
 1092      496E7465 
 1093              	.LASF7:
 1094 00fa 5F5F7569 		.ascii	"__uint32_t\000"
 1094      6E743332 
 1094      5F7400
 1095              	.LASF40:
 1096 0105 443A5C67 		.ascii	"D:\\git\\oroca_bldc_dev\\oroca_bldc_FW\000"
 1096      69745C6F 
 1096      726F6361 
ARM GAS  C:\Users\IDONNO~1.SON\AppData\Local\Temp\ccN7p5QF.s 			page 21


 1096      5F626C64 
 1096      635F6465 
 1097              	.LASF31:
 1098 0129 53595343 		.ascii	"SYSCFG_EXTILineConfig\000"
 1098      46475F45 
 1098      5854494C 
 1098      696E6543 
 1098      6F6E6669 
 1099              	.LASF19:
 1100 013f 434D5043 		.ascii	"CMPCR\000"
 1100      5200
 1101              	.LASF1:
 1102 0145 756E7369 		.ascii	"unsigned char\000"
 1102      676E6564 
 1102      20636861 
 1102      7200
 1103              	.LASF22:
 1104 0153 466C6167 		.ascii	"FlagStatus\000"
 1104      53746174 
 1104      757300
 1105              	.LASF8:
 1106 015e 6C6F6E67 		.ascii	"long unsigned int\000"
 1106      20756E73 
 1106      69676E65 
 1106      6420696E 
 1106      7400
 1107              	.LASF16:
 1108 0170 4D454D52 		.ascii	"MEMRMP\000"
 1108      4D5000
 1109              	.LASF43:
 1110 0177 5243435F 		.ascii	"RCC_APB2PeriphResetCmd\000"
 1110      41504232 
 1110      50657269 
 1110      70685265 
 1110      73657443 
 1111              	.LASF42:
 1112 018e 49544D5F 		.ascii	"ITM_RxBuffer\000"
 1112      52784275 
 1112      66666572 
 1112      00
 1113              	.LASF33:
 1114 019b 45585449 		.ascii	"EXTI_PinSourcex\000"
 1114      5F50696E 
 1114      536F7572 
 1114      63657800 
 1115              	.LASF18:
 1116 01ab 52455345 		.ascii	"RESERVED\000"
 1116      52564544 
 1116      00
 1117              	.LASF17:
 1118 01b4 45585449 		.ascii	"EXTICR\000"
 1118      435200
 1119              	.LASF11:
 1120 01bb 756E7369 		.ascii	"unsigned int\000"
 1120      676E6564 
 1120      20696E74 
 1120      00
ARM GAS  C:\Users\IDONNO~1.SON\AppData\Local\Temp\ccN7p5QF.s 			page 22


 1121              	.LASF21:
 1122 01c8 52455345 		.ascii	"RESET\000"
 1122      5400
 1123              	.LASF10:
 1124 01ce 6C6F6E67 		.ascii	"long long unsigned int\000"
 1124      206C6F6E 
 1124      6720756E 
 1124      7369676E 
 1124      65642069 
 1125              	.LASF12:
 1126 01e5 75696E74 		.ascii	"uint8_t\000"
 1126      385F7400 
 1127              	.LASF0:
 1128 01ed 7369676E 		.ascii	"signed char\000"
 1128      65642063 
 1128      68617200 
 1129              	.LASF13:
 1130 01f9 696E7433 		.ascii	"int32_t\000"
 1130      325F7400 
 1131              	.LASF15:
 1132 0201 73697A65 		.ascii	"sizetype\000"
 1132      74797065 
 1132      00
 1133              	.LASF9:
 1134 020a 6C6F6E67 		.ascii	"long long int\000"
 1134      206C6F6E 
 1134      6720696E 
 1134      7400
 1135              	.LASF29:
 1136 0218 53595343 		.ascii	"SYSCFG_MemoryRemap\000"
 1136      46475F4D 
 1136      656D6F72 
 1136      7952656D 
 1136      617000
 1137              	.LASF2:
 1138 022b 73686F72 		.ascii	"short int\000"
 1138      7420696E 
 1138      7400
 1139              	.LASF38:
 1140 0235 474E5520 		.ascii	"GNU C99 5.4.1 20160609 (release) [ARM/embedded-5-br"
 1140      43393920 
 1140      352E342E 
 1140      31203230 
 1140      31363036 
 1141 0268 616E6368 		.ascii	"anch revision 237715] -mcpu=cortex-m4 -mfloat-abi=h"
 1141      20726576 
 1141      6973696F 
 1141      6E203233 
 1141      37373135 
 1142 029b 61726420 		.ascii	"ard -mfpu=fpv4-sp-d16 -mno-thumb-interwork -mthumb "
 1142      2D6D6670 
 1142      753D6670 
 1142      76342D73 
 1142      702D6431 
 1143 02ce 2D676764 		.ascii	"-ggdb -O2 -std=gnu99 -fomit-frame-pointer -falign-f"
 1143      62202D4F 
 1143      32202D73 
ARM GAS  C:\Users\IDONNO~1.SON\AppData\Local\Temp\ccN7p5QF.s 			page 23


 1143      74643D67 
 1143      6E753939 
 1144 0301 756E6374 		.ascii	"unctions=16 -ffunction-sections -fdata-sections -fn"
 1144      696F6E73 
 1144      3D313620 
 1144      2D666675 
 1144      6E637469 
 1145 0334 6F2D636F 		.ascii	"o-common -fsingle-precision-constant\000"
 1145      6D6D6F6E 
 1145      202D6673 
 1145      696E676C 
 1145      652D7072 
 1146              	.LASF20:
 1147 0359 53595343 		.ascii	"SYSCFG_TypeDef\000"
 1147      46475F54 
 1147      79706544 
 1147      656600
 1148              	.LASF32:
 1149 0368 45585449 		.ascii	"EXTI_PortSourceGPIOx\000"
 1149      5F506F72 
 1149      74536F75 
 1149      72636547 
 1149      50494F78 
 1150              	.LASF24:
 1151 037d 454E4142 		.ascii	"ENABLE\000"
 1151      4C4500
 1152              	.LASF14:
 1153 0384 75696E74 		.ascii	"uint32_t\000"
 1153      33325F74 
 1153      00
 1154              	.LASF6:
 1155 038d 6C6F6E67 		.ascii	"long int\000"
 1155      20696E74 
 1155      00
 1156              	.LASF23:
 1157 0396 44495341 		.ascii	"DISABLE\000"
 1157      424C4500 
 1158              	.LASF30:
 1159 039e 4E657753 		.ascii	"NewState\000"
 1159      74617465 
 1159      00
 1160              	.LASF37:
 1161 03a7 62697473 		.ascii	"bitstatus\000"
 1161      74617475 
 1161      7300
 1162              	.LASF28:
 1163 03b1 53595343 		.ascii	"SYSCFG_MemorySwappingBank\000"
 1163      46475F4D 
 1163      656D6F72 
 1163      79537761 
 1163      7070696E 
 1164              	.LASF27:
 1165 03cb 53595343 		.ascii	"SYSCFG_MemoryRemapConfig\000"
 1165      46475F4D 
 1165      656D6F72 
 1165      7952656D 
 1165      6170436F 
ARM GAS  C:\Users\IDONNO~1.SON\AppData\Local\Temp\ccN7p5QF.s 			page 24


 1166              		.ident	"GCC: (GNU Tools for ARM Embedded Processors) 5.4.1 20160609 (release) [ARM/embedded-5-bran
ARM GAS  C:\Users\IDONNO~1.SON\AppData\Local\Temp\ccN7p5QF.s 			page 25


DEFINED SYMBOLS
                            *ABS*:00000000 stm32f4xx_syscfg.c
C:\Users\IDONNO~1.SON\AppData\Local\Temp\ccN7p5QF.s:22     .text.SYSCFG_DeInit:00000000 $t
C:\Users\IDONNO~1.SON\AppData\Local\Temp\ccN7p5QF.s:28     .text.SYSCFG_DeInit:00000000 SYSCFG_DeInit
C:\Users\IDONNO~1.SON\AppData\Local\Temp\ccN7p5QF.s:59     .text.SYSCFG_MemoryRemapConfig:00000000 $t
C:\Users\IDONNO~1.SON\AppData\Local\Temp\ccN7p5QF.s:65     .text.SYSCFG_MemoryRemapConfig:00000000 SYSCFG_MemoryRemapConfig
C:\Users\IDONNO~1.SON\AppData\Local\Temp\ccN7p5QF.s:80     .text.SYSCFG_MemoryRemapConfig:00000008 $d
C:\Users\IDONNO~1.SON\AppData\Local\Temp\ccN7p5QF.s:85     .text.SYSCFG_MemorySwappingBank:00000000 $t
C:\Users\IDONNO~1.SON\AppData\Local\Temp\ccN7p5QF.s:91     .text.SYSCFG_MemorySwappingBank:00000000 SYSCFG_MemorySwappingBank
C:\Users\IDONNO~1.SON\AppData\Local\Temp\ccN7p5QF.s:106    .text.SYSCFG_MemorySwappingBank:00000008 $d
C:\Users\IDONNO~1.SON\AppData\Local\Temp\ccN7p5QF.s:111    .text.SYSCFG_EXTILineConfig:00000000 $t
C:\Users\IDONNO~1.SON\AppData\Local\Temp\ccN7p5QF.s:117    .text.SYSCFG_EXTILineConfig:00000000 SYSCFG_EXTILineConfig
C:\Users\IDONNO~1.SON\AppData\Local\Temp\ccN7p5QF.s:163    .text.SYSCFG_ETH_MediaInterfaceConfig:00000000 $t
C:\Users\IDONNO~1.SON\AppData\Local\Temp\ccN7p5QF.s:169    .text.SYSCFG_ETH_MediaInterfaceConfig:00000000 SYSCFG_ETH_MediaInterfaceConfig
C:\Users\IDONNO~1.SON\AppData\Local\Temp\ccN7p5QF.s:184    .text.SYSCFG_ETH_MediaInterfaceConfig:00000008 $d
C:\Users\IDONNO~1.SON\AppData\Local\Temp\ccN7p5QF.s:189    .text.SYSCFG_CompensationCellCmd:00000000 $t
C:\Users\IDONNO~1.SON\AppData\Local\Temp\ccN7p5QF.s:195    .text.SYSCFG_CompensationCellCmd:00000000 SYSCFG_CompensationCellCmd
C:\Users\IDONNO~1.SON\AppData\Local\Temp\ccN7p5QF.s:210    .text.SYSCFG_CompensationCellCmd:00000008 $d
C:\Users\IDONNO~1.SON\AppData\Local\Temp\ccN7p5QF.s:215    .text.SYSCFG_GetCompensationCellStatus:00000000 $t
C:\Users\IDONNO~1.SON\AppData\Local\Temp\ccN7p5QF.s:221    .text.SYSCFG_GetCompensationCellStatus:00000000 SYSCFG_GetCompensationCellStatus
C:\Users\IDONNO~1.SON\AppData\Local\Temp\ccN7p5QF.s:240    .text.SYSCFG_GetCompensationCellStatus:0000000c $d
                     .debug_frame:00000010 $d

UNDEFINED SYMBOLS
RCC_APB2PeriphResetCmd
