ARM GAS  C:\Users\IDONNO~1.SON\AppData\Local\Temp\ccGZZS77.s 			page 1


   1              		.syntax unified
   2              		.cpu cortex-m4
   3              		.eabi_attribute 27, 1
   4              		.eabi_attribute 28, 1
   5              		.fpu fpv4-sp-d16
   6              		.eabi_attribute 20, 1
   7              		.eabi_attribute 21, 1
   8              		.eabi_attribute 23, 3
   9              		.eabi_attribute 24, 1
  10              		.eabi_attribute 25, 1
  11              		.eabi_attribute 26, 1
  12              		.eabi_attribute 30, 2
  13              		.eabi_attribute 34, 1
  14              		.eabi_attribute 18, 4
  15              		.thumb
  16              		.syntax unified
  17              		.file	"stm32f4xx_wwdg.c"
  18              		.text
  19              	.Ltext0:
  20              		.cfi_sections	.debug_frame
  21              		.section	.text.WWDG_DeInit,"ax",%progbits
  22              		.align	2
  23              		.p2align 4,,15
  24              		.global	WWDG_DeInit
  25              		.thumb
  26              		.thumb_func
  27              		.type	WWDG_DeInit, %function
  28              	WWDG_DeInit:
  29              	.LFB112:
  30              		.file 1 "lib/ChibiOS_3.0.2/ext/stdperiph_stm32f4/src/stm32f4xx_wwdg.c"
  31              		.loc 1 143 0
  32              		.cfi_startproc
  33              		@ args = 0, pretend = 0, frame = 0
  34              		@ frame_needed = 0, uses_anonymous_args = 0
  35 0000 08B5     		push	{r3, lr}
  36              		.cfi_def_cfa_offset 8
  37              		.cfi_offset 3, -8
  38              		.cfi_offset 14, -4
  39              		.loc 1 144 0
  40 0002 0121     		movs	r1, #1
  41 0004 4FF40060 		mov	r0, #2048
  42 0008 FFF7FEFF 		bl	RCC_APB1PeriphResetCmd
  43              	.LVL0:
  44              		.loc 1 145 0
  45 000c 0021     		movs	r1, #0
  46 000e 4FF40060 		mov	r0, #2048
  47              		.loc 1 146 0
  48 0012 BDE80840 		pop	{r3, lr}
  49              		.cfi_restore 14
  50              		.cfi_restore 3
  51              		.cfi_def_cfa_offset 0
  52              		.loc 1 145 0
  53 0016 FFF7FEBF 		b	RCC_APB1PeriphResetCmd
  54              	.LVL1:
  55              		.cfi_endproc
  56              	.LFE112:
  57              		.size	WWDG_DeInit, .-WWDG_DeInit
ARM GAS  C:\Users\IDONNO~1.SON\AppData\Local\Temp\ccGZZS77.s 			page 2


  58 001a 00BF     		.section	.text.WWDG_SetPrescaler,"ax",%progbits
  59              		.align	2
  60              		.p2align 4,,15
  61              		.global	WWDG_SetPrescaler
  62              		.thumb
  63              		.thumb_func
  64              		.type	WWDG_SetPrescaler, %function
  65              	WWDG_SetPrescaler:
  66              	.LFB113:
  67              		.loc 1 159 0
  68              		.cfi_startproc
  69              		@ args = 0, pretend = 0, frame = 0
  70              		@ frame_needed = 0, uses_anonymous_args = 0
  71              		@ link register save eliminated.
  72              	.LVL2:
  73              		.loc 1 164 0
  74 0000 034A     		ldr	r2, .L4
  75 0002 5368     		ldr	r3, [r2, #4]
  76 0004 23F4C073 		bic	r3, r3, #384
  77              	.LVL3:
  78              		.loc 1 166 0
  79 0008 1843     		orrs	r0, r0, r3
  80              	.LVL4:
  81              		.loc 1 168 0
  82 000a 5060     		str	r0, [r2, #4]
  83 000c 7047     		bx	lr
  84              	.L5:
  85 000e 00BF     		.align	2
  86              	.L4:
  87 0010 002C0040 		.word	1073753088
  88              		.cfi_endproc
  89              	.LFE113:
  90              		.size	WWDG_SetPrescaler, .-WWDG_SetPrescaler
  91              		.section	.text.WWDG_SetWindowValue,"ax",%progbits
  92              		.align	2
  93              		.p2align 4,,15
  94              		.global	WWDG_SetWindowValue
  95              		.thumb
  96              		.thumb_func
  97              		.type	WWDG_SetWindowValue, %function
  98              	WWDG_SetWindowValue:
  99              	.LFB114:
 100              		.loc 1 178 0
 101              		.cfi_startproc
 102              		@ args = 0, pretend = 0, frame = 8
 103              		@ frame_needed = 0, uses_anonymous_args = 0
 104              		@ link register save eliminated.
 105              	.LVL5:
 106 0000 82B0     		sub	sp, sp, #8
 107              		.cfi_def_cfa_offset 8
 108              		.loc 1 185 0
 109 0002 084A     		ldr	r2, .L8
 110              		.loc 1 179 0
 111 0004 0023     		movs	r3, #0
 112 0006 0193     		str	r3, [sp, #4]
 113              		.loc 1 185 0
 114 0008 5368     		ldr	r3, [r2, #4]
ARM GAS  C:\Users\IDONNO~1.SON\AppData\Local\Temp\ccGZZS77.s 			page 3


 115 000a 23F07F03 		bic	r3, r3, #127
 116 000e 0193     		str	r3, [sp, #4]
 117              		.loc 1 188 0
 118 0010 019B     		ldr	r3, [sp, #4]
 119 0012 00F07F00 		and	r0, r0, #127
 120              	.LVL6:
 121 0016 0343     		orrs	r3, r3, r0
 122 0018 0193     		str	r3, [sp, #4]
 123              		.loc 1 191 0
 124 001a 019B     		ldr	r3, [sp, #4]
 125 001c 5360     		str	r3, [r2, #4]
 126              		.loc 1 192 0
 127 001e 02B0     		add	sp, sp, #8
 128              		.cfi_def_cfa_offset 0
 129              		@ sp needed
 130 0020 7047     		bx	lr
 131              	.L9:
 132 0022 00BF     		.align	2
 133              	.L8:
 134 0024 002C0040 		.word	1073753088
 135              		.cfi_endproc
 136              	.LFE114:
 137              		.size	WWDG_SetWindowValue, .-WWDG_SetWindowValue
 138              		.section	.text.WWDG_EnableIT,"ax",%progbits
 139              		.align	2
 140              		.p2align 4,,15
 141              		.global	WWDG_EnableIT
 142              		.thumb
 143              		.thumb_func
 144              		.type	WWDG_EnableIT, %function
 145              	WWDG_EnableIT:
 146              	.LFB115:
 147              		.loc 1 201 0
 148              		.cfi_startproc
 149              		@ args = 0, pretend = 0, frame = 0
 150              		@ frame_needed = 0, uses_anonymous_args = 0
 151              		@ link register save eliminated.
 152              		.loc 1 202 0
 153 0000 014B     		ldr	r3, .L11
 154 0002 0122     		movs	r2, #1
 155 0004 1A60     		str	r2, [r3]
 156 0006 7047     		bx	lr
 157              	.L12:
 158              		.align	2
 159              	.L11:
 160 0008 A4800542 		.word	1107656868
 161              		.cfi_endproc
 162              	.LFE115:
 163              		.size	WWDG_EnableIT, .-WWDG_EnableIT
 164              		.section	.text.WWDG_SetCounter,"ax",%progbits
 165              		.align	2
 166              		.p2align 4,,15
 167              		.global	WWDG_SetCounter
 168              		.thumb
 169              		.thumb_func
 170              		.type	WWDG_SetCounter, %function
 171              	WWDG_SetCounter:
ARM GAS  C:\Users\IDONNO~1.SON\AppData\Local\Temp\ccGZZS77.s 			page 4


 172              	.LFB116:
 173              		.loc 1 213 0
 174              		.cfi_startproc
 175              		@ args = 0, pretend = 0, frame = 0
 176              		@ frame_needed = 0, uses_anonymous_args = 0
 177              		@ link register save eliminated.
 178              	.LVL7:
 179              		.loc 1 218 0
 180 0000 024B     		ldr	r3, .L14
 181 0002 00F07F00 		and	r0, r0, #127
 182              	.LVL8:
 183 0006 1860     		str	r0, [r3]
 184 0008 7047     		bx	lr
 185              	.L15:
 186 000a 00BF     		.align	2
 187              	.L14:
 188 000c 002C0040 		.word	1073753088
 189              		.cfi_endproc
 190              	.LFE116:
 191              		.size	WWDG_SetCounter, .-WWDG_SetCounter
 192              		.section	.text.WWDG_Enable,"ax",%progbits
 193              		.align	2
 194              		.p2align 4,,15
 195              		.global	WWDG_Enable
 196              		.thumb
 197              		.thumb_func
 198              		.type	WWDG_Enable, %function
 199              	WWDG_Enable:
 200              	.LFB117:
 201              		.loc 1 244 0
 202              		.cfi_startproc
 203              		@ args = 0, pretend = 0, frame = 0
 204              		@ frame_needed = 0, uses_anonymous_args = 0
 205              		@ link register save eliminated.
 206              	.LVL9:
 207              		.loc 1 247 0
 208 0000 024B     		ldr	r3, .L17
 209 0002 40F08000 		orr	r0, r0, #128
 210              	.LVL10:
 211 0006 1860     		str	r0, [r3]
 212 0008 7047     		bx	lr
 213              	.L18:
 214 000a 00BF     		.align	2
 215              	.L17:
 216 000c 002C0040 		.word	1073753088
 217              		.cfi_endproc
 218              	.LFE117:
 219              		.size	WWDG_Enable, .-WWDG_Enable
 220              		.section	.text.WWDG_GetFlagStatus,"ax",%progbits
 221              		.align	2
 222              		.p2align 4,,15
 223              		.global	WWDG_GetFlagStatus
 224              		.thumb
 225              		.thumb_func
 226              		.type	WWDG_GetFlagStatus, %function
 227              	WWDG_GetFlagStatus:
 228              	.LFB118:
ARM GAS  C:\Users\IDONNO~1.SON\AppData\Local\Temp\ccGZZS77.s 			page 5


 229              		.loc 1 271 0
 230              		.cfi_startproc
 231              		@ args = 0, pretend = 0, frame = 0
 232              		@ frame_needed = 0, uses_anonymous_args = 0
 233              		@ link register save eliminated.
 234              	.LVL11:
 235              		.loc 1 274 0
 236 0000 024B     		ldr	r3, .L20
 237 0002 9868     		ldr	r0, [r3, #8]
 238              	.LVL12:
 239              		.loc 1 283 0
 240 0004 0030     		adds	r0, r0, #0
 241 0006 18BF     		it	ne
 242 0008 0120     		movne	r0, #1
 243              	.LVL13:
 244 000a 7047     		bx	lr
 245              	.L21:
 246              		.align	2
 247              	.L20:
 248 000c 002C0040 		.word	1073753088
 249              		.cfi_endproc
 250              	.LFE118:
 251              		.size	WWDG_GetFlagStatus, .-WWDG_GetFlagStatus
 252              		.section	.text.WWDG_ClearFlag,"ax",%progbits
 253              		.align	2
 254              		.p2align 4,,15
 255              		.global	WWDG_ClearFlag
 256              		.thumb
 257              		.thumb_func
 258              		.type	WWDG_ClearFlag, %function
 259              	WWDG_ClearFlag:
 260              	.LFB119:
 261              		.loc 1 291 0
 262              		.cfi_startproc
 263              		@ args = 0, pretend = 0, frame = 0
 264              		@ frame_needed = 0, uses_anonymous_args = 0
 265              		@ link register save eliminated.
 266              		.loc 1 292 0
 267 0000 014B     		ldr	r3, .L23
 268 0002 0022     		movs	r2, #0
 269 0004 9A60     		str	r2, [r3, #8]
 270 0006 7047     		bx	lr
 271              	.L24:
 272              		.align	2
 273              	.L23:
 274 0008 002C0040 		.word	1073753088
 275              		.cfi_endproc
 276              	.LFE119:
 277              		.size	WWDG_ClearFlag, .-WWDG_ClearFlag
 278              		.text
 279              	.Letext0:
 280              		.file 2 "c:\\program files (x86)\\gnu tools arm embedded\\5.4 2016q2\\arm-none-eabi\\include\\mach
 281              		.file 3 "c:\\program files (x86)\\gnu tools arm embedded\\5.4 2016q2\\arm-none-eabi\\include\\sys\
 282              		.file 4 "lib/ChibiOS_3.0.2/os/ext/CMSIS/ST/stm32f407xx.h"
 283              		.file 5 "lib/ChibiOS_3.0.2/os/ext/CMSIS/ST/stm32f4xx.h"
 284              		.file 6 "lib/ChibiOS_3.0.2/os/ext/CMSIS/include/core_cm4.h"
 285              		.file 7 "lib/ChibiOS_3.0.2/ext/stdperiph_stm32f4/inc/stm32f4xx_rcc.h"
ARM GAS  C:\Users\IDONNO~1.SON\AppData\Local\Temp\ccGZZS77.s 			page 6


 286              		.section	.debug_info,"",%progbits
 287              	.Ldebug_info0:
 288 0000 90020000 		.4byte	0x290
 289 0004 0400     		.2byte	0x4
 290 0006 00000000 		.4byte	.Ldebug_abbrev0
 291 000a 04       		.byte	0x4
 292 000b 01       		.uleb128 0x1
 293 000c B1010000 		.4byte	.LASF33
 294 0010 0C       		.byte	0xc
 295 0011 4C010000 		.4byte	.LASF34
 296 0015 6B000000 		.4byte	.LASF35
 297 0019 00000000 		.4byte	.Ldebug_ranges0+0
 298 001d 00000000 		.4byte	0
 299 0021 00000000 		.4byte	.Ldebug_line0
 300 0025 02       		.uleb128 0x2
 301 0026 01       		.byte	0x1
 302 0027 06       		.byte	0x6
 303 0028 8F000000 		.4byte	.LASF0
 304 002c 03       		.uleb128 0x3
 305 002d 0E000000 		.4byte	.LASF4
 306 0031 02       		.byte	0x2
 307 0032 1D       		.byte	0x1d
 308 0033 37000000 		.4byte	0x37
 309 0037 02       		.uleb128 0x2
 310 0038 01       		.byte	0x1
 311 0039 08       		.byte	0x8
 312 003a EC000000 		.4byte	.LASF1
 313 003e 02       		.uleb128 0x2
 314 003f 02       		.byte	0x2
 315 0040 05       		.byte	0x5
 316 0041 D5020000 		.4byte	.LASF2
 317 0045 02       		.uleb128 0x2
 318 0046 02       		.byte	0x2
 319 0047 07       		.byte	0x7
 320 0048 22000000 		.4byte	.LASF3
 321 004c 03       		.uleb128 0x3
 322 004d 18000000 		.4byte	.LASF5
 323 0051 02       		.byte	0x2
 324 0052 3F       		.byte	0x3f
 325 0053 57000000 		.4byte	0x57
 326 0057 02       		.uleb128 0x2
 327 0058 04       		.byte	0x4
 328 0059 05       		.byte	0x5
 329 005a 1E030000 		.4byte	.LASF6
 330 005e 03       		.uleb128 0x3
 331 005f 60000000 		.4byte	.LASF7
 332 0063 02       		.byte	0x2
 333 0064 41       		.byte	0x41
 334 0065 69000000 		.4byte	0x69
 335 0069 02       		.uleb128 0x2
 336 006a 04       		.byte	0x4
 337 006b 07       		.byte	0x7
 338 006c C7000000 		.4byte	.LASF8
 339 0070 02       		.uleb128 0x2
 340 0071 08       		.byte	0x8
 341 0072 05       		.byte	0x5
 342 0073 00000000 		.4byte	.LASF9
ARM GAS  C:\Users\IDONNO~1.SON\AppData\Local\Temp\ccGZZS77.s 			page 7


 343 0077 02       		.uleb128 0x2
 344 0078 08       		.byte	0x8
 345 0079 07       		.byte	0x7
 346 007a 1B010000 		.4byte	.LASF10
 347 007e 04       		.uleb128 0x4
 348 007f 04       		.byte	0x4
 349 0080 05       		.byte	0x5
 350 0081 696E7400 		.ascii	"int\000"
 351 0085 02       		.uleb128 0x2
 352 0086 04       		.byte	0x4
 353 0087 07       		.byte	0x7
 354 0088 0E010000 		.4byte	.LASF11
 355 008c 03       		.uleb128 0x3
 356 008d 32010000 		.4byte	.LASF12
 357 0091 03       		.byte	0x3
 358 0092 18       		.byte	0x18
 359 0093 2C000000 		.4byte	0x2c
 360 0097 03       		.uleb128 0x3
 361 0098 4C000000 		.4byte	.LASF13
 362 009c 03       		.byte	0x3
 363 009d 2C       		.byte	0x2c
 364 009e 4C000000 		.4byte	0x4c
 365 00a2 03       		.uleb128 0x3
 366 00a3 15030000 		.4byte	.LASF14
 367 00a7 03       		.byte	0x3
 368 00a8 30       		.byte	0x30
 369 00a9 5E000000 		.4byte	0x5e
 370 00ad 02       		.uleb128 0x2
 371 00ae 04       		.byte	0x4
 372 00af 07       		.byte	0x7
 373 00b0 A8010000 		.4byte	.LASF15
 374 00b4 05       		.uleb128 0x5
 375 00b5 A2000000 		.4byte	0xa2
 376 00b9 06       		.uleb128 0x6
 377 00ba 0C       		.byte	0xc
 378 00bb 04       		.byte	0x4
 379 00bc 1803     		.2byte	0x318
 380 00be E8000000 		.4byte	0xe8
 381 00c2 07       		.uleb128 0x7
 382 00c3 435200   		.ascii	"CR\000"
 383 00c6 04       		.byte	0x4
 384 00c7 1A03     		.2byte	0x31a
 385 00c9 B4000000 		.4byte	0xb4
 386 00cd 00       		.byte	0
 387 00ce 07       		.uleb128 0x7
 388 00cf 43465200 		.ascii	"CFR\000"
 389 00d3 04       		.byte	0x4
 390 00d4 1B03     		.2byte	0x31b
 391 00d6 B4000000 		.4byte	0xb4
 392 00da 04       		.byte	0x4
 393 00db 07       		.uleb128 0x7
 394 00dc 535200   		.ascii	"SR\000"
 395 00df 04       		.byte	0x4
 396 00e0 1C03     		.2byte	0x31c
 397 00e2 B4000000 		.4byte	0xb4
 398 00e6 08       		.byte	0x8
 399 00e7 00       		.byte	0
ARM GAS  C:\Users\IDONNO~1.SON\AppData\Local\Temp\ccGZZS77.s 			page 8


 400 00e8 08       		.uleb128 0x8
 401 00e9 35000000 		.4byte	.LASF16
 402 00ed 04       		.byte	0x4
 403 00ee 1D03     		.2byte	0x31d
 404 00f0 B9000000 		.4byte	0xb9
 405 00f4 09       		.uleb128 0x9
 406 00f5 01       		.byte	0x1
 407 00f6 37000000 		.4byte	0x37
 408 00fa 05       		.byte	0x5
 409 00fb A2       		.byte	0xa2
 410 00fc 0D010000 		.4byte	0x10d
 411 0100 0A       		.uleb128 0xa
 412 0101 D9000000 		.4byte	.LASF17
 413 0105 00       		.byte	0
 414 0106 0B       		.uleb128 0xb
 415 0107 53455400 		.ascii	"SET\000"
 416 010b 01       		.byte	0x1
 417 010c 00       		.byte	0
 418 010d 03       		.uleb128 0x3
 419 010e A9000000 		.4byte	.LASF18
 420 0112 05       		.byte	0x5
 421 0113 A5       		.byte	0xa5
 422 0114 F4000000 		.4byte	0xf4
 423 0118 09       		.uleb128 0x9
 424 0119 01       		.byte	0x1
 425 011a 37000000 		.4byte	0x37
 426 011e 05       		.byte	0x5
 427 011f A8       		.byte	0xa8
 428 0120 31010000 		.4byte	0x131
 429 0124 0A       		.uleb128 0xa
 430 0125 27030000 		.4byte	.LASF19
 431 0129 00       		.byte	0
 432 012a 0A       		.uleb128 0xa
 433 012b 46030000 		.4byte	.LASF20
 434 012f 01       		.byte	0x1
 435 0130 00       		.byte	0
 436 0131 0C       		.uleb128 0xc
 437 0132 09030000 		.4byte	.LASF21
 438 0136 01       		.byte	0x1
 439 0137 8E       		.byte	0x8e
 440 0138 00000000 		.4byte	.LFB112
 441 013c 1A000000 		.4byte	.LFE112-.LFB112
 442 0140 01       		.uleb128 0x1
 443 0141 9C       		.byte	0x9c
 444 0142 77010000 		.4byte	0x177
 445 0146 0D       		.uleb128 0xd
 446 0147 0C000000 		.4byte	.LVL0
 447 014b 87020000 		.4byte	0x287
 448 014f 60010000 		.4byte	0x160
 449 0153 0E       		.uleb128 0xe
 450 0154 01       		.uleb128 0x1
 451 0155 50       		.byte	0x50
 452 0156 03       		.uleb128 0x3
 453 0157 0A       		.byte	0xa
 454 0158 0008     		.2byte	0x800
 455 015a 0E       		.uleb128 0xe
 456 015b 01       		.uleb128 0x1
ARM GAS  C:\Users\IDONNO~1.SON\AppData\Local\Temp\ccGZZS77.s 			page 9


 457 015c 51       		.byte	0x51
 458 015d 01       		.uleb128 0x1
 459 015e 31       		.byte	0x31
 460 015f 00       		.byte	0
 461 0160 0F       		.uleb128 0xf
 462 0161 1A000000 		.4byte	.LVL1
 463 0165 87020000 		.4byte	0x287
 464 0169 0E       		.uleb128 0xe
 465 016a 01       		.uleb128 0x1
 466 016b 50       		.byte	0x50
 467 016c 03       		.uleb128 0x3
 468 016d 0A       		.byte	0xa
 469 016e 0008     		.2byte	0x800
 470 0170 0E       		.uleb128 0xe
 471 0171 01       		.uleb128 0x1
 472 0172 51       		.byte	0x51
 473 0173 01       		.uleb128 0x1
 474 0174 30       		.byte	0x30
 475 0175 00       		.byte	0
 476 0176 00       		.byte	0
 477 0177 0C       		.uleb128 0xc
 478 0178 3A010000 		.4byte	.LASF22
 479 017c 01       		.byte	0x1
 480 017d 9E       		.byte	0x9e
 481 017e 00000000 		.4byte	.LFB113
 482 0182 14000000 		.4byte	.LFE113-.LFB113
 483 0186 01       		.uleb128 0x1
 484 0187 9C       		.byte	0x9c
 485 0188 AB010000 		.4byte	0x1ab
 486 018c 10       		.uleb128 0x10
 487 018d 99010000 		.4byte	.LASF24
 488 0191 01       		.byte	0x1
 489 0192 9E       		.byte	0x9e
 490 0193 A2000000 		.4byte	0xa2
 491 0197 00000000 		.4byte	.LLST0
 492 019b 11       		.uleb128 0x11
 493 019c DF020000 		.4byte	.LASF26
 494 01a0 01       		.byte	0x1
 495 01a1 A0       		.byte	0xa0
 496 01a2 A2000000 		.4byte	0xa2
 497 01a6 21000000 		.4byte	.LLST1
 498 01aa 00       		.byte	0
 499 01ab 0C       		.uleb128 0xc
 500 01ac F5020000 		.4byte	.LASF23
 501 01b0 01       		.byte	0x1
 502 01b1 B1       		.byte	0xb1
 503 01b2 00000000 		.4byte	.LFB114
 504 01b6 28000000 		.4byte	.LFE114-.LFB114
 505 01ba 01       		.uleb128 0x1
 506 01bb 9C       		.byte	0x9c
 507 01bc DE010000 		.4byte	0x1de
 508 01c0 10       		.uleb128 0x10
 509 01c1 FA000000 		.4byte	.LASF25
 510 01c5 01       		.byte	0x1
 511 01c6 B1       		.byte	0xb1
 512 01c7 8C000000 		.4byte	0x8c
 513 01cb 4B000000 		.4byte	.LLST2
ARM GAS  C:\Users\IDONNO~1.SON\AppData\Local\Temp\ccGZZS77.s 			page 10


 514 01cf 12       		.uleb128 0x12
 515 01d0 DF020000 		.4byte	.LASF26
 516 01d4 01       		.byte	0x1
 517 01d5 B3       		.byte	0xb3
 518 01d6 B4000000 		.4byte	0xb4
 519 01da 02       		.uleb128 0x2
 520 01db 91       		.byte	0x91
 521 01dc 7C       		.sleb128 -4
 522 01dd 00       		.byte	0
 523 01de 13       		.uleb128 0x13
 524 01df 9B000000 		.4byte	.LASF31
 525 01e3 01       		.byte	0x1
 526 01e4 C8       		.byte	0xc8
 527 01e5 00000000 		.4byte	.LFB115
 528 01e9 0C000000 		.4byte	.LFE115-.LFB115
 529 01ed 01       		.uleb128 0x1
 530 01ee 9C       		.byte	0x9c
 531 01ef 0C       		.uleb128 0xc
 532 01f0 89010000 		.4byte	.LASF27
 533 01f4 01       		.byte	0x1
 534 01f5 D4       		.byte	0xd4
 535 01f6 00000000 		.4byte	.LFB116
 536 01fa 10000000 		.4byte	.LFE116-.LFB116
 537 01fe 01       		.uleb128 0x1
 538 01ff 9C       		.byte	0x9c
 539 0200 14020000 		.4byte	0x214
 540 0204 10       		.uleb128 0x10
 541 0205 06010000 		.4byte	.LASF28
 542 0209 01       		.byte	0x1
 543 020a D4       		.byte	0xd4
 544 020b 8C000000 		.4byte	0x8c
 545 020f 6C000000 		.4byte	.LLST3
 546 0213 00       		.byte	0
 547 0214 0C       		.uleb128 0xc
 548 0215 54000000 		.4byte	.LASF29
 549 0219 01       		.byte	0x1
 550 021a F3       		.byte	0xf3
 551 021b 00000000 		.4byte	.LFB117
 552 021f 10000000 		.4byte	.LFE117-.LFB117
 553 0223 01       		.uleb128 0x1
 554 0224 9C       		.byte	0x9c
 555 0225 39020000 		.4byte	0x239
 556 0229 10       		.uleb128 0x10
 557 022a 06010000 		.4byte	.LASF28
 558 022e 01       		.byte	0x1
 559 022f F3       		.byte	0xf3
 560 0230 8C000000 		.4byte	0x8c
 561 0234 8D000000 		.4byte	.LLST4
 562 0238 00       		.byte	0
 563 0239 14       		.uleb128 0x14
 564 023a B4000000 		.4byte	.LASF36
 565 023e 01       		.byte	0x1
 566 023f 0E01     		.2byte	0x10e
 567 0241 0D010000 		.4byte	0x10d
 568 0245 00000000 		.4byte	.LFB118
 569 0249 10000000 		.4byte	.LFE118-.LFB118
 570 024d 01       		.uleb128 0x1
ARM GAS  C:\Users\IDONNO~1.SON\AppData\Local\Temp\ccGZZS77.s 			page 11


 571 024e 9C       		.byte	0x9c
 572 024f 64020000 		.4byte	0x264
 573 0253 15       		.uleb128 0x15
 574 0254 42000000 		.4byte	.LASF30
 575 0258 01       		.byte	0x1
 576 0259 1001     		.2byte	0x110
 577 025b 0D010000 		.4byte	0x10d
 578 025f AE000000 		.4byte	.LLST5
 579 0263 00       		.byte	0
 580 0264 16       		.uleb128 0x16
 581 0265 E6020000 		.4byte	.LASF32
 582 0269 01       		.byte	0x1
 583 026a 2201     		.2byte	0x122
 584 026c 00000000 		.4byte	.LFB119
 585 0270 0C000000 		.4byte	.LFE119-.LFB119
 586 0274 01       		.uleb128 0x1
 587 0275 9C       		.byte	0x9c
 588 0276 17       		.uleb128 0x17
 589 0277 DF000000 		.4byte	.LASF37
 590 027b 06       		.byte	0x6
 591 027c A706     		.2byte	0x6a7
 592 027e 82020000 		.4byte	0x282
 593 0282 05       		.uleb128 0x5
 594 0283 97000000 		.4byte	0x97
 595 0287 18       		.uleb128 0x18
 596 0288 2F030000 		.4byte	.LASF38
 597 028c 2F030000 		.4byte	.LASF38
 598 0290 07       		.byte	0x7
 599 0291 6103     		.2byte	0x361
 600 0293 00       		.byte	0
 601              		.section	.debug_abbrev,"",%progbits
 602              	.Ldebug_abbrev0:
 603 0000 01       		.uleb128 0x1
 604 0001 11       		.uleb128 0x11
 605 0002 01       		.byte	0x1
 606 0003 25       		.uleb128 0x25
 607 0004 0E       		.uleb128 0xe
 608 0005 13       		.uleb128 0x13
 609 0006 0B       		.uleb128 0xb
 610 0007 03       		.uleb128 0x3
 611 0008 0E       		.uleb128 0xe
 612 0009 1B       		.uleb128 0x1b
 613 000a 0E       		.uleb128 0xe
 614 000b 55       		.uleb128 0x55
 615 000c 17       		.uleb128 0x17
 616 000d 11       		.uleb128 0x11
 617 000e 01       		.uleb128 0x1
 618 000f 10       		.uleb128 0x10
 619 0010 17       		.uleb128 0x17
 620 0011 00       		.byte	0
 621 0012 00       		.byte	0
 622 0013 02       		.uleb128 0x2
 623 0014 24       		.uleb128 0x24
 624 0015 00       		.byte	0
 625 0016 0B       		.uleb128 0xb
 626 0017 0B       		.uleb128 0xb
 627 0018 3E       		.uleb128 0x3e
ARM GAS  C:\Users\IDONNO~1.SON\AppData\Local\Temp\ccGZZS77.s 			page 12


 628 0019 0B       		.uleb128 0xb
 629 001a 03       		.uleb128 0x3
 630 001b 0E       		.uleb128 0xe
 631 001c 00       		.byte	0
 632 001d 00       		.byte	0
 633 001e 03       		.uleb128 0x3
 634 001f 16       		.uleb128 0x16
 635 0020 00       		.byte	0
 636 0021 03       		.uleb128 0x3
 637 0022 0E       		.uleb128 0xe
 638 0023 3A       		.uleb128 0x3a
 639 0024 0B       		.uleb128 0xb
 640 0025 3B       		.uleb128 0x3b
 641 0026 0B       		.uleb128 0xb
 642 0027 49       		.uleb128 0x49
 643 0028 13       		.uleb128 0x13
 644 0029 00       		.byte	0
 645 002a 00       		.byte	0
 646 002b 04       		.uleb128 0x4
 647 002c 24       		.uleb128 0x24
 648 002d 00       		.byte	0
 649 002e 0B       		.uleb128 0xb
 650 002f 0B       		.uleb128 0xb
 651 0030 3E       		.uleb128 0x3e
 652 0031 0B       		.uleb128 0xb
 653 0032 03       		.uleb128 0x3
 654 0033 08       		.uleb128 0x8
 655 0034 00       		.byte	0
 656 0035 00       		.byte	0
 657 0036 05       		.uleb128 0x5
 658 0037 35       		.uleb128 0x35
 659 0038 00       		.byte	0
 660 0039 49       		.uleb128 0x49
 661 003a 13       		.uleb128 0x13
 662 003b 00       		.byte	0
 663 003c 00       		.byte	0
 664 003d 06       		.uleb128 0x6
 665 003e 13       		.uleb128 0x13
 666 003f 01       		.byte	0x1
 667 0040 0B       		.uleb128 0xb
 668 0041 0B       		.uleb128 0xb
 669 0042 3A       		.uleb128 0x3a
 670 0043 0B       		.uleb128 0xb
 671 0044 3B       		.uleb128 0x3b
 672 0045 05       		.uleb128 0x5
 673 0046 01       		.uleb128 0x1
 674 0047 13       		.uleb128 0x13
 675 0048 00       		.byte	0
 676 0049 00       		.byte	0
 677 004a 07       		.uleb128 0x7
 678 004b 0D       		.uleb128 0xd
 679 004c 00       		.byte	0
 680 004d 03       		.uleb128 0x3
 681 004e 08       		.uleb128 0x8
 682 004f 3A       		.uleb128 0x3a
 683 0050 0B       		.uleb128 0xb
 684 0051 3B       		.uleb128 0x3b
ARM GAS  C:\Users\IDONNO~1.SON\AppData\Local\Temp\ccGZZS77.s 			page 13


 685 0052 05       		.uleb128 0x5
 686 0053 49       		.uleb128 0x49
 687 0054 13       		.uleb128 0x13
 688 0055 38       		.uleb128 0x38
 689 0056 0B       		.uleb128 0xb
 690 0057 00       		.byte	0
 691 0058 00       		.byte	0
 692 0059 08       		.uleb128 0x8
 693 005a 16       		.uleb128 0x16
 694 005b 00       		.byte	0
 695 005c 03       		.uleb128 0x3
 696 005d 0E       		.uleb128 0xe
 697 005e 3A       		.uleb128 0x3a
 698 005f 0B       		.uleb128 0xb
 699 0060 3B       		.uleb128 0x3b
 700 0061 05       		.uleb128 0x5
 701 0062 49       		.uleb128 0x49
 702 0063 13       		.uleb128 0x13
 703 0064 00       		.byte	0
 704 0065 00       		.byte	0
 705 0066 09       		.uleb128 0x9
 706 0067 04       		.uleb128 0x4
 707 0068 01       		.byte	0x1
 708 0069 0B       		.uleb128 0xb
 709 006a 0B       		.uleb128 0xb
 710 006b 49       		.uleb128 0x49
 711 006c 13       		.uleb128 0x13
 712 006d 3A       		.uleb128 0x3a
 713 006e 0B       		.uleb128 0xb
 714 006f 3B       		.uleb128 0x3b
 715 0070 0B       		.uleb128 0xb
 716 0071 01       		.uleb128 0x1
 717 0072 13       		.uleb128 0x13
 718 0073 00       		.byte	0
 719 0074 00       		.byte	0
 720 0075 0A       		.uleb128 0xa
 721 0076 28       		.uleb128 0x28
 722 0077 00       		.byte	0
 723 0078 03       		.uleb128 0x3
 724 0079 0E       		.uleb128 0xe
 725 007a 1C       		.uleb128 0x1c
 726 007b 0B       		.uleb128 0xb
 727 007c 00       		.byte	0
 728 007d 00       		.byte	0
 729 007e 0B       		.uleb128 0xb
 730 007f 28       		.uleb128 0x28
 731 0080 00       		.byte	0
 732 0081 03       		.uleb128 0x3
 733 0082 08       		.uleb128 0x8
 734 0083 1C       		.uleb128 0x1c
 735 0084 0B       		.uleb128 0xb
 736 0085 00       		.byte	0
 737 0086 00       		.byte	0
 738 0087 0C       		.uleb128 0xc
 739 0088 2E       		.uleb128 0x2e
 740 0089 01       		.byte	0x1
 741 008a 3F       		.uleb128 0x3f
ARM GAS  C:\Users\IDONNO~1.SON\AppData\Local\Temp\ccGZZS77.s 			page 14


 742 008b 19       		.uleb128 0x19
 743 008c 03       		.uleb128 0x3
 744 008d 0E       		.uleb128 0xe
 745 008e 3A       		.uleb128 0x3a
 746 008f 0B       		.uleb128 0xb
 747 0090 3B       		.uleb128 0x3b
 748 0091 0B       		.uleb128 0xb
 749 0092 27       		.uleb128 0x27
 750 0093 19       		.uleb128 0x19
 751 0094 11       		.uleb128 0x11
 752 0095 01       		.uleb128 0x1
 753 0096 12       		.uleb128 0x12
 754 0097 06       		.uleb128 0x6
 755 0098 40       		.uleb128 0x40
 756 0099 18       		.uleb128 0x18
 757 009a 9742     		.uleb128 0x2117
 758 009c 19       		.uleb128 0x19
 759 009d 01       		.uleb128 0x1
 760 009e 13       		.uleb128 0x13
 761 009f 00       		.byte	0
 762 00a0 00       		.byte	0
 763 00a1 0D       		.uleb128 0xd
 764 00a2 898201   		.uleb128 0x4109
 765 00a5 01       		.byte	0x1
 766 00a6 11       		.uleb128 0x11
 767 00a7 01       		.uleb128 0x1
 768 00a8 31       		.uleb128 0x31
 769 00a9 13       		.uleb128 0x13
 770 00aa 01       		.uleb128 0x1
 771 00ab 13       		.uleb128 0x13
 772 00ac 00       		.byte	0
 773 00ad 00       		.byte	0
 774 00ae 0E       		.uleb128 0xe
 775 00af 8A8201   		.uleb128 0x410a
 776 00b2 00       		.byte	0
 777 00b3 02       		.uleb128 0x2
 778 00b4 18       		.uleb128 0x18
 779 00b5 9142     		.uleb128 0x2111
 780 00b7 18       		.uleb128 0x18
 781 00b8 00       		.byte	0
 782 00b9 00       		.byte	0
 783 00ba 0F       		.uleb128 0xf
 784 00bb 898201   		.uleb128 0x4109
 785 00be 01       		.byte	0x1
 786 00bf 11       		.uleb128 0x11
 787 00c0 01       		.uleb128 0x1
 788 00c1 9542     		.uleb128 0x2115
 789 00c3 19       		.uleb128 0x19
 790 00c4 31       		.uleb128 0x31
 791 00c5 13       		.uleb128 0x13
 792 00c6 00       		.byte	0
 793 00c7 00       		.byte	0
 794 00c8 10       		.uleb128 0x10
 795 00c9 05       		.uleb128 0x5
 796 00ca 00       		.byte	0
 797 00cb 03       		.uleb128 0x3
 798 00cc 0E       		.uleb128 0xe
ARM GAS  C:\Users\IDONNO~1.SON\AppData\Local\Temp\ccGZZS77.s 			page 15


 799 00cd 3A       		.uleb128 0x3a
 800 00ce 0B       		.uleb128 0xb
 801 00cf 3B       		.uleb128 0x3b
 802 00d0 0B       		.uleb128 0xb
 803 00d1 49       		.uleb128 0x49
 804 00d2 13       		.uleb128 0x13
 805 00d3 02       		.uleb128 0x2
 806 00d4 17       		.uleb128 0x17
 807 00d5 00       		.byte	0
 808 00d6 00       		.byte	0
 809 00d7 11       		.uleb128 0x11
 810 00d8 34       		.uleb128 0x34
 811 00d9 00       		.byte	0
 812 00da 03       		.uleb128 0x3
 813 00db 0E       		.uleb128 0xe
 814 00dc 3A       		.uleb128 0x3a
 815 00dd 0B       		.uleb128 0xb
 816 00de 3B       		.uleb128 0x3b
 817 00df 0B       		.uleb128 0xb
 818 00e0 49       		.uleb128 0x49
 819 00e1 13       		.uleb128 0x13
 820 00e2 02       		.uleb128 0x2
 821 00e3 17       		.uleb128 0x17
 822 00e4 00       		.byte	0
 823 00e5 00       		.byte	0
 824 00e6 12       		.uleb128 0x12
 825 00e7 34       		.uleb128 0x34
 826 00e8 00       		.byte	0
 827 00e9 03       		.uleb128 0x3
 828 00ea 0E       		.uleb128 0xe
 829 00eb 3A       		.uleb128 0x3a
 830 00ec 0B       		.uleb128 0xb
 831 00ed 3B       		.uleb128 0x3b
 832 00ee 0B       		.uleb128 0xb
 833 00ef 49       		.uleb128 0x49
 834 00f0 13       		.uleb128 0x13
 835 00f1 02       		.uleb128 0x2
 836 00f2 18       		.uleb128 0x18
 837 00f3 00       		.byte	0
 838 00f4 00       		.byte	0
 839 00f5 13       		.uleb128 0x13
 840 00f6 2E       		.uleb128 0x2e
 841 00f7 00       		.byte	0
 842 00f8 3F       		.uleb128 0x3f
 843 00f9 19       		.uleb128 0x19
 844 00fa 03       		.uleb128 0x3
 845 00fb 0E       		.uleb128 0xe
 846 00fc 3A       		.uleb128 0x3a
 847 00fd 0B       		.uleb128 0xb
 848 00fe 3B       		.uleb128 0x3b
 849 00ff 0B       		.uleb128 0xb
 850 0100 27       		.uleb128 0x27
 851 0101 19       		.uleb128 0x19
 852 0102 11       		.uleb128 0x11
 853 0103 01       		.uleb128 0x1
 854 0104 12       		.uleb128 0x12
 855 0105 06       		.uleb128 0x6
ARM GAS  C:\Users\IDONNO~1.SON\AppData\Local\Temp\ccGZZS77.s 			page 16


 856 0106 40       		.uleb128 0x40
 857 0107 18       		.uleb128 0x18
 858 0108 9742     		.uleb128 0x2117
 859 010a 19       		.uleb128 0x19
 860 010b 00       		.byte	0
 861 010c 00       		.byte	0
 862 010d 14       		.uleb128 0x14
 863 010e 2E       		.uleb128 0x2e
 864 010f 01       		.byte	0x1
 865 0110 3F       		.uleb128 0x3f
 866 0111 19       		.uleb128 0x19
 867 0112 03       		.uleb128 0x3
 868 0113 0E       		.uleb128 0xe
 869 0114 3A       		.uleb128 0x3a
 870 0115 0B       		.uleb128 0xb
 871 0116 3B       		.uleb128 0x3b
 872 0117 05       		.uleb128 0x5
 873 0118 27       		.uleb128 0x27
 874 0119 19       		.uleb128 0x19
 875 011a 49       		.uleb128 0x49
 876 011b 13       		.uleb128 0x13
 877 011c 11       		.uleb128 0x11
 878 011d 01       		.uleb128 0x1
 879 011e 12       		.uleb128 0x12
 880 011f 06       		.uleb128 0x6
 881 0120 40       		.uleb128 0x40
 882 0121 18       		.uleb128 0x18
 883 0122 9742     		.uleb128 0x2117
 884 0124 19       		.uleb128 0x19
 885 0125 01       		.uleb128 0x1
 886 0126 13       		.uleb128 0x13
 887 0127 00       		.byte	0
 888 0128 00       		.byte	0
 889 0129 15       		.uleb128 0x15
 890 012a 34       		.uleb128 0x34
 891 012b 00       		.byte	0
 892 012c 03       		.uleb128 0x3
 893 012d 0E       		.uleb128 0xe
 894 012e 3A       		.uleb128 0x3a
 895 012f 0B       		.uleb128 0xb
 896 0130 3B       		.uleb128 0x3b
 897 0131 05       		.uleb128 0x5
 898 0132 49       		.uleb128 0x49
 899 0133 13       		.uleb128 0x13
 900 0134 02       		.uleb128 0x2
 901 0135 17       		.uleb128 0x17
 902 0136 00       		.byte	0
 903 0137 00       		.byte	0
 904 0138 16       		.uleb128 0x16
 905 0139 2E       		.uleb128 0x2e
 906 013a 00       		.byte	0
 907 013b 3F       		.uleb128 0x3f
 908 013c 19       		.uleb128 0x19
 909 013d 03       		.uleb128 0x3
 910 013e 0E       		.uleb128 0xe
 911 013f 3A       		.uleb128 0x3a
 912 0140 0B       		.uleb128 0xb
ARM GAS  C:\Users\IDONNO~1.SON\AppData\Local\Temp\ccGZZS77.s 			page 17


 913 0141 3B       		.uleb128 0x3b
 914 0142 05       		.uleb128 0x5
 915 0143 27       		.uleb128 0x27
 916 0144 19       		.uleb128 0x19
 917 0145 11       		.uleb128 0x11
 918 0146 01       		.uleb128 0x1
 919 0147 12       		.uleb128 0x12
 920 0148 06       		.uleb128 0x6
 921 0149 40       		.uleb128 0x40
 922 014a 18       		.uleb128 0x18
 923 014b 9742     		.uleb128 0x2117
 924 014d 19       		.uleb128 0x19
 925 014e 00       		.byte	0
 926 014f 00       		.byte	0
 927 0150 17       		.uleb128 0x17
 928 0151 34       		.uleb128 0x34
 929 0152 00       		.byte	0
 930 0153 03       		.uleb128 0x3
 931 0154 0E       		.uleb128 0xe
 932 0155 3A       		.uleb128 0x3a
 933 0156 0B       		.uleb128 0xb
 934 0157 3B       		.uleb128 0x3b
 935 0158 05       		.uleb128 0x5
 936 0159 49       		.uleb128 0x49
 937 015a 13       		.uleb128 0x13
 938 015b 3F       		.uleb128 0x3f
 939 015c 19       		.uleb128 0x19
 940 015d 3C       		.uleb128 0x3c
 941 015e 19       		.uleb128 0x19
 942 015f 00       		.byte	0
 943 0160 00       		.byte	0
 944 0161 18       		.uleb128 0x18
 945 0162 2E       		.uleb128 0x2e
 946 0163 00       		.byte	0
 947 0164 3F       		.uleb128 0x3f
 948 0165 19       		.uleb128 0x19
 949 0166 3C       		.uleb128 0x3c
 950 0167 19       		.uleb128 0x19
 951 0168 6E       		.uleb128 0x6e
 952 0169 0E       		.uleb128 0xe
 953 016a 03       		.uleb128 0x3
 954 016b 0E       		.uleb128 0xe
 955 016c 3A       		.uleb128 0x3a
 956 016d 0B       		.uleb128 0xb
 957 016e 3B       		.uleb128 0x3b
 958 016f 05       		.uleb128 0x5
 959 0170 00       		.byte	0
 960 0171 00       		.byte	0
 961 0172 00       		.byte	0
 962              		.section	.debug_loc,"",%progbits
 963              	.Ldebug_loc0:
 964              	.LLST0:
 965 0000 00000000 		.4byte	.LVL2
 966 0004 0A000000 		.4byte	.LVL4
 967 0008 0100     		.2byte	0x1
 968 000a 50       		.byte	0x50
 969 000b 0A000000 		.4byte	.LVL4
ARM GAS  C:\Users\IDONNO~1.SON\AppData\Local\Temp\ccGZZS77.s 			page 18


 970 000f 14000000 		.4byte	.LFE113
 971 0013 0400     		.2byte	0x4
 972 0015 F3       		.byte	0xf3
 973 0016 01       		.uleb128 0x1
 974 0017 50       		.byte	0x50
 975 0018 9F       		.byte	0x9f
 976 0019 00000000 		.4byte	0
 977 001d 00000000 		.4byte	0
 978              	.LLST1:
 979 0021 00000000 		.4byte	.LVL2
 980 0025 08000000 		.4byte	.LVL3
 981 0029 0200     		.2byte	0x2
 982 002b 30       		.byte	0x30
 983 002c 9F       		.byte	0x9f
 984 002d 08000000 		.4byte	.LVL3
 985 0031 0A000000 		.4byte	.LVL4
 986 0035 0100     		.2byte	0x1
 987 0037 53       		.byte	0x53
 988 0038 0A000000 		.4byte	.LVL4
 989 003c 14000000 		.4byte	.LFE113
 990 0040 0100     		.2byte	0x1
 991 0042 50       		.byte	0x50
 992 0043 00000000 		.4byte	0
 993 0047 00000000 		.4byte	0
 994              	.LLST2:
 995 004b 00000000 		.4byte	.LVL5
 996 004f 16000000 		.4byte	.LVL6
 997 0053 0100     		.2byte	0x1
 998 0055 50       		.byte	0x50
 999 0056 16000000 		.4byte	.LVL6
 1000 005a 28000000 		.4byte	.LFE114
 1001 005e 0400     		.2byte	0x4
 1002 0060 F3       		.byte	0xf3
 1003 0061 01       		.uleb128 0x1
 1004 0062 50       		.byte	0x50
 1005 0063 9F       		.byte	0x9f
 1006 0064 00000000 		.4byte	0
 1007 0068 00000000 		.4byte	0
 1008              	.LLST3:
 1009 006c 00000000 		.4byte	.LVL7
 1010 0070 06000000 		.4byte	.LVL8
 1011 0074 0100     		.2byte	0x1
 1012 0076 50       		.byte	0x50
 1013 0077 06000000 		.4byte	.LVL8
 1014 007b 10000000 		.4byte	.LFE116
 1015 007f 0400     		.2byte	0x4
 1016 0081 F3       		.byte	0xf3
 1017 0082 01       		.uleb128 0x1
 1018 0083 50       		.byte	0x50
 1019 0084 9F       		.byte	0x9f
 1020 0085 00000000 		.4byte	0
 1021 0089 00000000 		.4byte	0
 1022              	.LLST4:
 1023 008d 00000000 		.4byte	.LVL9
 1024 0091 06000000 		.4byte	.LVL10
 1025 0095 0100     		.2byte	0x1
 1026 0097 50       		.byte	0x50
ARM GAS  C:\Users\IDONNO~1.SON\AppData\Local\Temp\ccGZZS77.s 			page 19


 1027 0098 06000000 		.4byte	.LVL10
 1028 009c 10000000 		.4byte	.LFE117
 1029 00a0 0400     		.2byte	0x4
 1030 00a2 F3       		.byte	0xf3
 1031 00a3 01       		.uleb128 0x1
 1032 00a4 50       		.byte	0x50
 1033 00a5 9F       		.byte	0x9f
 1034 00a6 00000000 		.4byte	0
 1035 00aa 00000000 		.4byte	0
 1036              	.LLST5:
 1037 00ae 00000000 		.4byte	.LVL11
 1038 00b2 04000000 		.4byte	.LVL12
 1039 00b6 0200     		.2byte	0x2
 1040 00b8 30       		.byte	0x30
 1041 00b9 9F       		.byte	0x9f
 1042 00ba 04000000 		.4byte	.LVL12
 1043 00be 0A000000 		.4byte	.LVL13
 1044 00c2 0500     		.2byte	0x5
 1045 00c4 70       		.byte	0x70
 1046 00c5 00       		.sleb128 0
 1047 00c6 30       		.byte	0x30
 1048 00c7 2E       		.byte	0x2e
 1049 00c8 9F       		.byte	0x9f
 1050 00c9 00000000 		.4byte	0
 1051 00cd 00000000 		.4byte	0
 1052              		.section	.debug_aranges,"",%progbits
 1053 0000 54000000 		.4byte	0x54
 1054 0004 0200     		.2byte	0x2
 1055 0006 00000000 		.4byte	.Ldebug_info0
 1056 000a 04       		.byte	0x4
 1057 000b 00       		.byte	0
 1058 000c 0000     		.2byte	0
 1059 000e 0000     		.2byte	0
 1060 0010 00000000 		.4byte	.LFB112
 1061 0014 1A000000 		.4byte	.LFE112-.LFB112
 1062 0018 00000000 		.4byte	.LFB113
 1063 001c 14000000 		.4byte	.LFE113-.LFB113
 1064 0020 00000000 		.4byte	.LFB114
 1065 0024 28000000 		.4byte	.LFE114-.LFB114
 1066 0028 00000000 		.4byte	.LFB115
 1067 002c 0C000000 		.4byte	.LFE115-.LFB115
 1068 0030 00000000 		.4byte	.LFB116
 1069 0034 10000000 		.4byte	.LFE116-.LFB116
 1070 0038 00000000 		.4byte	.LFB117
 1071 003c 10000000 		.4byte	.LFE117-.LFB117
 1072 0040 00000000 		.4byte	.LFB118
 1073 0044 10000000 		.4byte	.LFE118-.LFB118
 1074 0048 00000000 		.4byte	.LFB119
 1075 004c 0C000000 		.4byte	.LFE119-.LFB119
 1076 0050 00000000 		.4byte	0
 1077 0054 00000000 		.4byte	0
 1078              		.section	.debug_ranges,"",%progbits
 1079              	.Ldebug_ranges0:
 1080 0000 00000000 		.4byte	.LFB112
 1081 0004 1A000000 		.4byte	.LFE112
 1082 0008 00000000 		.4byte	.LFB113
 1083 000c 14000000 		.4byte	.LFE113
ARM GAS  C:\Users\IDONNO~1.SON\AppData\Local\Temp\ccGZZS77.s 			page 20


 1084 0010 00000000 		.4byte	.LFB114
 1085 0014 28000000 		.4byte	.LFE114
 1086 0018 00000000 		.4byte	.LFB115
 1087 001c 0C000000 		.4byte	.LFE115
 1088 0020 00000000 		.4byte	.LFB116
 1089 0024 10000000 		.4byte	.LFE116
 1090 0028 00000000 		.4byte	.LFB117
 1091 002c 10000000 		.4byte	.LFE117
 1092 0030 00000000 		.4byte	.LFB118
 1093 0034 10000000 		.4byte	.LFE118
 1094 0038 00000000 		.4byte	.LFB119
 1095 003c 0C000000 		.4byte	.LFE119
 1096 0040 00000000 		.4byte	0
 1097 0044 00000000 		.4byte	0
 1098              		.section	.debug_line,"",%progbits
 1099              	.Ldebug_line0:
 1100 0000 71020000 		.section	.debug_str,"MS",%progbits,1
 1100      0200D401 
 1100      00000201 
 1100      FB0E0D00 
 1100      01010101 
 1101              	.LASF9:
 1102 0000 6C6F6E67 		.ascii	"long long int\000"
 1102      206C6F6E 
 1102      6720696E 
 1102      7400
 1103              	.LASF4:
 1104 000e 5F5F7569 		.ascii	"__uint8_t\000"
 1104      6E74385F 
 1104      7400
 1105              	.LASF5:
 1106 0018 5F5F696E 		.ascii	"__int32_t\000"
 1106      7433325F 
 1106      7400
 1107              	.LASF3:
 1108 0022 73686F72 		.ascii	"short unsigned int\000"
 1108      7420756E 
 1108      7369676E 
 1108      65642069 
 1108      6E7400
 1109              	.LASF16:
 1110 0035 57574447 		.ascii	"WWDG_TypeDef\000"
 1110      5F547970 
 1110      65446566 
 1110      00
 1111              	.LASF30:
 1112 0042 62697473 		.ascii	"bitstatus\000"
 1112      74617475 
 1112      7300
 1113              	.LASF13:
 1114 004c 696E7433 		.ascii	"int32_t\000"
 1114      325F7400 
 1115              	.LASF29:
 1116 0054 57574447 		.ascii	"WWDG_Enable\000"
 1116      5F456E61 
 1116      626C6500 
 1117              	.LASF7:
ARM GAS  C:\Users\IDONNO~1.SON\AppData\Local\Temp\ccGZZS77.s 			page 21


 1118 0060 5F5F7569 		.ascii	"__uint32_t\000"
 1118      6E743332 
 1118      5F7400
 1119              	.LASF35:
 1120 006b 443A5C67 		.ascii	"D:\\git\\oroca_bldc_dev\\oroca_bldc_FW\000"
 1120      69745C6F 
 1120      726F6361 
 1120      5F626C64 
 1120      635F6465 
 1121              	.LASF0:
 1122 008f 7369676E 		.ascii	"signed char\000"
 1122      65642063 
 1122      68617200 
 1123              	.LASF31:
 1124 009b 57574447 		.ascii	"WWDG_EnableIT\000"
 1124      5F456E61 
 1124      626C6549 
 1124      5400
 1125              	.LASF18:
 1126 00a9 466C6167 		.ascii	"FlagStatus\000"
 1126      53746174 
 1126      757300
 1127              	.LASF36:
 1128 00b4 57574447 		.ascii	"WWDG_GetFlagStatus\000"
 1128      5F476574 
 1128      466C6167 
 1128      53746174 
 1128      757300
 1129              	.LASF8:
 1130 00c7 6C6F6E67 		.ascii	"long unsigned int\000"
 1130      20756E73 
 1130      69676E65 
 1130      6420696E 
 1130      7400
 1131              	.LASF17:
 1132 00d9 52455345 		.ascii	"RESET\000"
 1132      5400
 1133              	.LASF37:
 1134 00df 49544D5F 		.ascii	"ITM_RxBuffer\000"
 1134      52784275 
 1134      66666572 
 1134      00
 1135              	.LASF1:
 1136 00ec 756E7369 		.ascii	"unsigned char\000"
 1136      676E6564 
 1136      20636861 
 1136      7200
 1137              	.LASF25:
 1138 00fa 57696E64 		.ascii	"WindowValue\000"
 1138      6F775661 
 1138      6C756500 
 1139              	.LASF28:
 1140 0106 436F756E 		.ascii	"Counter\000"
 1140      74657200 
 1141              	.LASF11:
 1142 010e 756E7369 		.ascii	"unsigned int\000"
 1142      676E6564 
ARM GAS  C:\Users\IDONNO~1.SON\AppData\Local\Temp\ccGZZS77.s 			page 22


 1142      20696E74 
 1142      00
 1143              	.LASF10:
 1144 011b 6C6F6E67 		.ascii	"long long unsigned int\000"
 1144      206C6F6E 
 1144      6720756E 
 1144      7369676E 
 1144      65642069 
 1145              	.LASF12:
 1146 0132 75696E74 		.ascii	"uint8_t\000"
 1146      385F7400 
 1147              	.LASF22:
 1148 013a 57574447 		.ascii	"WWDG_SetPrescaler\000"
 1148      5F536574 
 1148      50726573 
 1148      63616C65 
 1148      7200
 1149              	.LASF34:
 1150 014c 6C69622F 		.ascii	"lib/ChibiOS_3.0.2/ext/stdperiph_stm32f4/src/stm32f4"
 1150      43686962 
 1150      694F535F 
 1150      332E302E 
 1150      322F6578 
 1151 017f 78785F77 		.ascii	"xx_wwdg.c\000"
 1151      7764672E 
 1151      6300
 1152              	.LASF27:
 1153 0189 57574447 		.ascii	"WWDG_SetCounter\000"
 1153      5F536574 
 1153      436F756E 
 1153      74657200 
 1154              	.LASF24:
 1155 0199 57574447 		.ascii	"WWDG_Prescaler\000"
 1155      5F507265 
 1155      7363616C 
 1155      657200
 1156              	.LASF15:
 1157 01a8 73697A65 		.ascii	"sizetype\000"
 1157      74797065 
 1157      00
 1158              	.LASF33:
 1159 01b1 474E5520 		.ascii	"GNU C99 5.4.1 20160609 (release) [ARM/embedded-5-br"
 1159      43393920 
 1159      352E342E 
 1159      31203230 
 1159      31363036 
 1160 01e4 616E6368 		.ascii	"anch revision 237715] -mcpu=cortex-m4 -mfloat-abi=h"
 1160      20726576 
 1160      6973696F 
 1160      6E203233 
 1160      37373135 
 1161 0217 61726420 		.ascii	"ard -mfpu=fpv4-sp-d16 -mno-thumb-interwork -mthumb "
 1161      2D6D6670 
 1161      753D6670 
 1161      76342D73 
 1161      702D6431 
 1162 024a 2D676764 		.ascii	"-ggdb -O2 -std=gnu99 -fomit-frame-pointer -falign-f"
ARM GAS  C:\Users\IDONNO~1.SON\AppData\Local\Temp\ccGZZS77.s 			page 23


 1162      62202D4F 
 1162      32202D73 
 1162      74643D67 
 1162      6E753939 
 1163 027d 756E6374 		.ascii	"unctions=16 -ffunction-sections -fdata-sections -fn"
 1163      696F6E73 
 1163      3D313620 
 1163      2D666675 
 1163      6E637469 
 1164 02b0 6F2D636F 		.ascii	"o-common -fsingle-precision-constant\000"
 1164      6D6D6F6E 
 1164      202D6673 
 1164      696E676C 
 1164      652D7072 
 1165              	.LASF2:
 1166 02d5 73686F72 		.ascii	"short int\000"
 1166      7420696E 
 1166      7400
 1167              	.LASF26:
 1168 02df 746D7072 		.ascii	"tmpreg\000"
 1168      656700
 1169              	.LASF32:
 1170 02e6 57574447 		.ascii	"WWDG_ClearFlag\000"
 1170      5F436C65 
 1170      6172466C 
 1170      616700
 1171              	.LASF23:
 1172 02f5 57574447 		.ascii	"WWDG_SetWindowValue\000"
 1172      5F536574 
 1172      57696E64 
 1172      6F775661 
 1172      6C756500 
 1173              	.LASF21:
 1174 0309 57574447 		.ascii	"WWDG_DeInit\000"
 1174      5F446549 
 1174      6E697400 
 1175              	.LASF14:
 1176 0315 75696E74 		.ascii	"uint32_t\000"
 1176      33325F74 
 1176      00
 1177              	.LASF6:
 1178 031e 6C6F6E67 		.ascii	"long int\000"
 1178      20696E74 
 1178      00
 1179              	.LASF19:
 1180 0327 44495341 		.ascii	"DISABLE\000"
 1180      424C4500 
 1181              	.LASF38:
 1182 032f 5243435F 		.ascii	"RCC_APB1PeriphResetCmd\000"
 1182      41504231 
 1182      50657269 
 1182      70685265 
 1182      73657443 
 1183              	.LASF20:
 1184 0346 454E4142 		.ascii	"ENABLE\000"
 1184      4C4500
 1185              		.ident	"GCC: (GNU Tools for ARM Embedded Processors) 5.4.1 20160609 (release) [ARM/embedded-5-bran
ARM GAS  C:\Users\IDONNO~1.SON\AppData\Local\Temp\ccGZZS77.s 			page 24


ARM GAS  C:\Users\IDONNO~1.SON\AppData\Local\Temp\ccGZZS77.s 			page 25


DEFINED SYMBOLS
                            *ABS*:00000000 stm32f4xx_wwdg.c
C:\Users\IDONNO~1.SON\AppData\Local\Temp\ccGZZS77.s:22     .text.WWDG_DeInit:00000000 $t
C:\Users\IDONNO~1.SON\AppData\Local\Temp\ccGZZS77.s:28     .text.WWDG_DeInit:00000000 WWDG_DeInit
C:\Users\IDONNO~1.SON\AppData\Local\Temp\ccGZZS77.s:59     .text.WWDG_SetPrescaler:00000000 $t
C:\Users\IDONNO~1.SON\AppData\Local\Temp\ccGZZS77.s:65     .text.WWDG_SetPrescaler:00000000 WWDG_SetPrescaler
C:\Users\IDONNO~1.SON\AppData\Local\Temp\ccGZZS77.s:87     .text.WWDG_SetPrescaler:00000010 $d
C:\Users\IDONNO~1.SON\AppData\Local\Temp\ccGZZS77.s:92     .text.WWDG_SetWindowValue:00000000 $t
C:\Users\IDONNO~1.SON\AppData\Local\Temp\ccGZZS77.s:98     .text.WWDG_SetWindowValue:00000000 WWDG_SetWindowValue
C:\Users\IDONNO~1.SON\AppData\Local\Temp\ccGZZS77.s:134    .text.WWDG_SetWindowValue:00000024 $d
C:\Users\IDONNO~1.SON\AppData\Local\Temp\ccGZZS77.s:139    .text.WWDG_EnableIT:00000000 $t
C:\Users\IDONNO~1.SON\AppData\Local\Temp\ccGZZS77.s:145    .text.WWDG_EnableIT:00000000 WWDG_EnableIT
C:\Users\IDONNO~1.SON\AppData\Local\Temp\ccGZZS77.s:160    .text.WWDG_EnableIT:00000008 $d
C:\Users\IDONNO~1.SON\AppData\Local\Temp\ccGZZS77.s:165    .text.WWDG_SetCounter:00000000 $t
C:\Users\IDONNO~1.SON\AppData\Local\Temp\ccGZZS77.s:171    .text.WWDG_SetCounter:00000000 WWDG_SetCounter
C:\Users\IDONNO~1.SON\AppData\Local\Temp\ccGZZS77.s:188    .text.WWDG_SetCounter:0000000c $d
C:\Users\IDONNO~1.SON\AppData\Local\Temp\ccGZZS77.s:193    .text.WWDG_Enable:00000000 $t
C:\Users\IDONNO~1.SON\AppData\Local\Temp\ccGZZS77.s:199    .text.WWDG_Enable:00000000 WWDG_Enable
C:\Users\IDONNO~1.SON\AppData\Local\Temp\ccGZZS77.s:216    .text.WWDG_Enable:0000000c $d
C:\Users\IDONNO~1.SON\AppData\Local\Temp\ccGZZS77.s:221    .text.WWDG_GetFlagStatus:00000000 $t
C:\Users\IDONNO~1.SON\AppData\Local\Temp\ccGZZS77.s:227    .text.WWDG_GetFlagStatus:00000000 WWDG_GetFlagStatus
C:\Users\IDONNO~1.SON\AppData\Local\Temp\ccGZZS77.s:248    .text.WWDG_GetFlagStatus:0000000c $d
C:\Users\IDONNO~1.SON\AppData\Local\Temp\ccGZZS77.s:253    .text.WWDG_ClearFlag:00000000 $t
C:\Users\IDONNO~1.SON\AppData\Local\Temp\ccGZZS77.s:259    .text.WWDG_ClearFlag:00000000 WWDG_ClearFlag
C:\Users\IDONNO~1.SON\AppData\Local\Temp\ccGZZS77.s:274    .text.WWDG_ClearFlag:00000008 $d
                     .debug_frame:00000010 $d

UNDEFINED SYMBOLS
RCC_APB1PeriphResetCmd
