ARM GAS  C:\Users\ADMINI~1\AppData\Local\Temp\ccKBAR7J.s 			page 1


   1              		.syntax unified
   2              		.cpu cortex-m4
   3              		.eabi_attribute 27, 1
   4              		.eabi_attribute 28, 1
   5              		.fpu fpv4-sp-d16
   6              		.eabi_attribute 20, 1
   7              		.eabi_attribute 21, 1
   8              		.eabi_attribute 23, 3
   9              		.eabi_attribute 24, 1
  10              		.eabi_attribute 25, 1
  11              		.eabi_attribute 26, 1
  12              		.eabi_attribute 30, 2
  13              		.eabi_attribute 34, 1
  14              		.eabi_attribute 18, 4
  15              		.thumb
  16              		.syntax unified
  17              		.file	"timeout.c"
  18              		.text
  19              	.Ltext0:
  20              		.cfi_sections	.debug_frame
  21              		.section	.text.timeout_thread,"ax",%progbits
  22              		.align	2
  23              		.p2align 4,,15
  24              		.thumb
  25              		.thumb_func
  26              		.type	timeout_thread, %function
  27              	timeout_thread:
  28              	.LFB260:
  29              		.file 1 "src/core/timeout.c"
  30              		.loc 1 59 0
  31              		.cfi_startproc
  32              		@ Volatile: function does not return.
  33              		@ args = 0, pretend = 0, frame = 0
  34              		@ frame_needed = 0, uses_anonymous_args = 0
  35              	.LVL0:
  36 0000 80B5     		push	{r7, lr}
  37              		.cfi_def_cfa_offset 8
  38              		.cfi_offset 7, -8
  39              		.cfi_offset 14, -4
  40              	.LBB12:
  41              	.LBB13:
  42              		.file 2 "lib/ChibiOS_3.0.2/os/rt/include/chregistry.h"
  43              		.loc 2 135 0
  44 0002 144F     		ldr	r7, .L11
  45 0004 144C     		ldr	r4, .L11+4
  46 0006 BB69     		ldr	r3, [r7, #24]
  47 0008 144A     		ldr	r2, .L11+8
  48 000a DFF858A0 		ldr	r10, .L11+16
  49 000e 144D     		ldr	r5, .L11+12
  50              	.LBE13:
  51              	.LBE12:
  52              		.loc 1 66 0
  53 0010 DFF85490 		ldr	r9, .L11+20
  54              	.LBB15:
  55              	.LBB14:
  56              		.loc 2 135 0
  57 0014 9A61     		str	r2, [r3, #24]
ARM GAS  C:\Users\ADMINI~1\AppData\Local\Temp\ccKBAR7J.s 			page 2


  58              	.LBE14:
  59              	.LBE15:
  60              		.loc 1 66 0
  61 0016 A046     		mov	r8, r4
  62              		.loc 1 72 0
  63 0018 0026     		movs	r6, #0
  64 001a 14E0     		b	.L4
  65              	.LVL1:
  66              	.L10:
  67              		.loc 1 66 0 discriminator 1
  68 001c DAF80010 		ldr	r1, [r10]
  69              	.LVL2:
  70              	.LBB16:
  71              	.LBB17:
  72              	.LBB18:
  73              	.LBB19:
  74              		.file 3 "lib/ChibiOS_3.0.2/os/rt/include/chvt.h"
  75              		.loc 3 231 0 discriminator 1
  76 0020 BA6A     		ldr	r2, [r7, #40]
  77              	.LVL3:
  78              	.LBE19:
  79              	.LBE18:
  80              	.LBE17:
  81              	.LBE16:
  82              		.loc 1 66 0 discriminator 1
  83 0022 D8F80000 		ldr	r0, [r8]
  84 0026 03FB00F3 		mul	r3, r3, r0
  85 002a 03F2E733 		addw	r3, r3, #999
  86 002e 521A     		subs	r2, r2, r1
  87 0030 A9FB0313 		umull	r1, r3, r9, r3
  88 0034 B2EB931F 		cmp	r2, r3, lsr #6
  89              		.loc 1 68 0 discriminator 1
  90 0038 4FF00103 		mov	r3, #1
  91              		.loc 1 66 0 discriminator 1
  92 003c 08D9     		bls	.L2
  93              		.loc 1 68 0
  94 003e 2B70     		strb	r3, [r5]
  95              	.L3:
  96              		.loc 1 75 0
  97 0040 6420     		movs	r0, #100
  98 0042 FFF7FEFF 		bl	chThdSleep
  99              	.LVL4:
 100              	.L4:
 101              		.loc 1 66 0
 102 0046 2268     		ldr	r2, [r4]
 103 0048 42F21073 		movw	r3, #10000
 104 004c 002A     		cmp	r2, #0
 105 004e E5D1     		bne	.L10
 106              	.L2:
 107              		.loc 1 72 0
 108 0050 2E70     		strb	r6, [r5]
 109 0052 F5E7     		b	.L3
 110              	.L12:
 111              		.align	2
 112              	.L11:
 113 0054 00000000 		.word	ch
 114 0058 00000000 		.word	.LANCHOR0
ARM GAS  C:\Users\ADMINI~1\AppData\Local\Temp\ccKBAR7J.s 			page 3


 115 005c 00000000 		.word	.LC0
 116 0060 00000000 		.word	.LANCHOR2
 117 0064 00000000 		.word	.LANCHOR1
 118 0068 D34D6210 		.word	274877907
 119              		.cfi_endproc
 120              	.LFE260:
 121              		.size	timeout_thread, .-timeout_thread
 122              		.section	.text.timeout_configure,"ax",%progbits
 123              		.align	2
 124              		.p2align 4,,15
 125              		.global	timeout_configure
 126              		.thumb
 127              		.thumb_func
 128              		.type	timeout_configure, %function
 129              	timeout_configure:
 130              	.LFB256:
 131              		.loc 1 42 0
 132              		.cfi_startproc
 133              		@ args = 0, pretend = 0, frame = 0
 134              		@ frame_needed = 0, uses_anonymous_args = 0
 135              		@ link register save eliminated.
 136              	.LVL5:
 137              		.loc 1 43 0
 138 0000 014B     		ldr	r3, .L14
 139 0002 1860     		str	r0, [r3]
 140 0004 7047     		bx	lr
 141              	.L15:
 142 0006 00BF     		.align	2
 143              	.L14:
 144 0008 00000000 		.word	.LANCHOR0
 145              		.cfi_endproc
 146              	.LFE256:
 147              		.size	timeout_configure, .-timeout_configure
 148              		.section	.text.timeout_reset,"ax",%progbits
 149              		.align	2
 150              		.p2align 4,,15
 151              		.global	timeout_reset
 152              		.thumb
 153              		.thumb_func
 154              		.type	timeout_reset, %function
 155              	timeout_reset:
 156              	.LFB257:
 157              		.loc 1 46 0
 158              		.cfi_startproc
 159              		@ args = 0, pretend = 0, frame = 0
 160              		@ frame_needed = 0, uses_anonymous_args = 0
 161              		@ link register save eliminated.
 162              	.LBB20:
 163              	.LBB21:
 164              		.loc 3 231 0
 165 0000 024A     		ldr	r2, .L17
 166              	.LBE21:
 167              	.LBE20:
 168              		.loc 1 47 0
 169 0002 034B     		ldr	r3, .L17+4
 170              	.LBB23:
 171              	.LBB22:
ARM GAS  C:\Users\ADMINI~1\AppData\Local\Temp\ccKBAR7J.s 			page 4


 172              		.loc 3 231 0
 173 0004 926A     		ldr	r2, [r2, #40]
 174              	.LBE22:
 175              	.LBE23:
 176              		.loc 1 47 0
 177 0006 1A60     		str	r2, [r3]
 178 0008 7047     		bx	lr
 179              	.L18:
 180 000a 00BF     		.align	2
 181              	.L17:
 182 000c 00000000 		.word	ch
 183 0010 00000000 		.word	.LANCHOR1
 184              		.cfi_endproc
 185              	.LFE257:
 186              		.size	timeout_reset, .-timeout_reset
 187              		.section	.text.timeout_has_timeout,"ax",%progbits
 188              		.align	2
 189              		.p2align 4,,15
 190              		.global	timeout_has_timeout
 191              		.thumb
 192              		.thumb_func
 193              		.type	timeout_has_timeout, %function
 194              	timeout_has_timeout:
 195              	.LFB258:
 196              		.loc 1 50 0
 197              		.cfi_startproc
 198              		@ args = 0, pretend = 0, frame = 0
 199              		@ frame_needed = 0, uses_anonymous_args = 0
 200              		@ link register save eliminated.
 201              		.loc 1 51 0
 202 0000 014B     		ldr	r3, .L20
 203 0002 1878     		ldrb	r0, [r3]	@ zero_extendqisi2
 204              		.loc 1 52 0
 205 0004 7047     		bx	lr
 206              	.L21:
 207 0006 00BF     		.align	2
 208              	.L20:
 209 0008 00000000 		.word	.LANCHOR2
 210              		.cfi_endproc
 211              	.LFE258:
 212              		.size	timeout_has_timeout, .-timeout_has_timeout
 213              		.section	.text.timeout_get_timeout_msec,"ax",%progbits
 214              		.align	2
 215              		.p2align 4,,15
 216              		.global	timeout_get_timeout_msec
 217              		.thumb
 218              		.thumb_func
 219              		.type	timeout_get_timeout_msec, %function
 220              	timeout_get_timeout_msec:
 221              	.LFB259:
 222              		.loc 1 54 0
 223              		.cfi_startproc
 224              		@ args = 0, pretend = 0, frame = 0
 225              		@ frame_needed = 0, uses_anonymous_args = 0
 226              		@ link register save eliminated.
 227              		.loc 1 55 0
 228 0000 014B     		ldr	r3, .L23
ARM GAS  C:\Users\ADMINI~1\AppData\Local\Temp\ccKBAR7J.s 			page 5


 229 0002 1868     		ldr	r0, [r3]
 230              		.loc 1 56 0
 231 0004 7047     		bx	lr
 232              	.L24:
 233 0006 00BF     		.align	2
 234              	.L23:
 235 0008 00000000 		.word	.LANCHOR0
 236              		.cfi_endproc
 237              	.LFE259:
 238              		.size	timeout_get_timeout_msec, .-timeout_get_timeout_msec
 239              		.section	.text.timeout_init,"ax",%progbits
 240              		.align	2
 241              		.p2align 4,,15
 242              		.global	timeout_init
 243              		.thumb
 244              		.thumb_func
 245              		.type	timeout_init, %function
 246              	timeout_init:
 247              	.LFB261:
 248              		.loc 1 80 0
 249              		.cfi_startproc
 250              		@ args = 0, pretend = 0, frame = 0
 251              		@ frame_needed = 0, uses_anonymous_args = 0
 252 0000 F0B5     		push	{r4, r5, r6, r7, lr}
 253              		.cfi_def_cfa_offset 20
 254              		.cfi_offset 4, -20
 255              		.cfi_offset 5, -16
 256              		.cfi_offset 6, -12
 257              		.cfi_offset 7, -8
 258              		.cfi_offset 14, -4
 259              		.loc 1 81 0
 260 0002 0A49     		ldr	r1, .L27
 261              		.loc 1 82 0
 262 0004 0A4E     		ldr	r6, .L27+4
 263              		.loc 1 83 0
 264 0006 0B4D     		ldr	r5, .L27+8
 265              		.loc 1 85 0
 266 0008 0B4B     		ldr	r3, .L27+12
 267 000a 0C48     		ldr	r0, .L27+16
 268              		.loc 1 80 0
 269 000c 83B0     		sub	sp, sp, #12
 270              		.cfi_def_cfa_offset 32
 271              		.loc 1 82 0
 272 000e 0024     		movs	r4, #0
 273              		.loc 1 81 0
 274 0010 4FF47A77 		mov	r7, #1000
 275              		.loc 1 85 0
 276 0014 0094     		str	r4, [sp]
 277 0016 4022     		movs	r2, #64
 278              		.loc 1 81 0
 279 0018 0F60     		str	r7, [r1]
 280              		.loc 1 85 0
 281 001a 4FF46671 		mov	r1, #920
 282              		.loc 1 82 0
 283 001e 3460     		str	r4, [r6]
 284              		.loc 1 83 0
 285 0020 2C70     		strb	r4, [r5]
ARM GAS  C:\Users\ADMINI~1\AppData\Local\Temp\ccKBAR7J.s 			page 6


 286              		.loc 1 85 0
 287 0022 FFF7FEFF 		bl	chThdCreateStatic
 288              	.LVL6:
 289              		.loc 1 86 0
 290 0026 03B0     		add	sp, sp, #12
 291              		.cfi_def_cfa_offset 20
 292              		@ sp needed
 293 0028 F0BD     		pop	{r4, r5, r6, r7, pc}
 294              	.L28:
 295 002a 00BF     		.align	2
 296              	.L27:
 297 002c 00000000 		.word	.LANCHOR0
 298 0030 00000000 		.word	.LANCHOR1
 299 0034 00000000 		.word	.LANCHOR2
 300 0038 00000000 		.word	timeout_thread
 301 003c 00000000 		.word	.LANCHOR3
 302              		.cfi_endproc
 303              	.LFE261:
 304              		.size	timeout_init, .-timeout_init
 305              		.section	.bss.timeout_thread_wa,"aw",%nobits
 306              		.align	3
 307              		.set	.LANCHOR3,. + 0
 308              		.type	timeout_thread_wa, %object
 309              		.size	timeout_thread_wa, 920
 310              	timeout_thread_wa:
 311 0000 00000000 		.space	920
 311      00000000 
 311      00000000 
 311      00000000 
 311      00000000 
 312              		.section	.bss.last_update_time,"aw",%nobits
 313              		.align	2
 314              		.set	.LANCHOR1,. + 0
 315              		.type	last_update_time, %object
 316              		.size	last_update_time, 4
 317              	last_update_time:
 318 0000 00000000 		.space	4
 319              		.section	.rodata.str1.4,"aMS",%progbits,1
 320              		.align	2
 321              	.LC0:
 322 0000 54696D65 		.ascii	"Timeout\000"
 322      6F757400 
 323              		.section	.bss.has_timeout,"aw",%nobits
 324              		.set	.LANCHOR2,. + 0
 325              		.type	has_timeout, %object
 326              		.size	has_timeout, 1
 327              	has_timeout:
 328 0000 00       		.space	1
 329              		.section	.bss.timeout_msec,"aw",%nobits
 330              		.align	2
 331              		.set	.LANCHOR0,. + 0
 332              		.type	timeout_msec, %object
 333              		.size	timeout_msec, 4
 334              	timeout_msec:
 335 0000 00000000 		.space	4
 336              		.text
 337              	.Letext0:
ARM GAS  C:\Users\ADMINI~1\AppData\Local\Temp\ccKBAR7J.s 			page 7


 338              		.file 4 "c:\\program files (x86)\\gnu tools arm embedded\\5.3 2016q1\\lib\\gcc\\arm-none-eabi\\5.3
 339              		.file 5 "c:\\program files (x86)\\gnu tools arm embedded\\5.3 2016q1\\arm-none-eabi\\include\\mach
 340              		.file 6 "c:\\program files (x86)\\gnu tools arm embedded\\5.3 2016q1\\arm-none-eabi\\include\\sys\
 341              		.file 7 "lib/ChibiOS_3.0.2/os/rt/ports/ARMCMx/compilers/GCC/chtypes.h"
 342              		.file 8 "lib/ChibiOS_3.0.2/os/rt/include/chsystypes.h"
 343              		.file 9 "lib/ChibiOS_3.0.2/os/rt/include/chschd.h"
 344              		.file 10 "lib/ChibiOS_3.0.2/os/rt/ports/ARMCMx/chcore.h"
 345              		.file 11 "lib/ChibiOS_3.0.2/os/rt/ports/ARMCMx/chcore_v7m.h"
 346              		.file 12 "lib/ChibiOS_3.0.2/os/rt/include/chtm.h"
 347              		.file 13 "lib/ChibiOS_3.0.2/os/rt/include/chsem.h"
 348              		.file 14 "lib/ChibiOS_3.0.2/os/rt/include/chmtx.h"
 349              		.file 15 "lib/ChibiOS_3.0.2/os/rt/include/chthreads.h"
 350              		.file 16 "lib/ChibiOS_3.0.2/os/ext/CMSIS/include/core_cm4.h"
 351              		.section	.debug_info,"",%progbits
 352              	.Ldebug_info0:
 353 0000 1A090000 		.4byte	0x91a
 354 0004 0400     		.2byte	0x4
 355 0006 00000000 		.4byte	.Ldebug_abbrev0
 356 000a 04       		.byte	0x4
 357 000b 01       		.uleb128 0x1
 358 000c 6C010000 		.4byte	.LASF122
 359 0010 0C       		.byte	0xc
 360 0011 2B010000 		.4byte	.LASF123
 361 0015 29060000 		.4byte	.LASF124
 362 0019 30000000 		.4byte	.Ldebug_ranges0+0x30
 363 001d 00000000 		.4byte	0
 364 0021 00000000 		.4byte	.Ldebug_line0
 365 0025 02       		.uleb128 0x2
 366 0026 04       		.byte	0x4
 367 0027 05       		.byte	0x5
 368 0028 696E7400 		.ascii	"int\000"
 369 002c 03       		.uleb128 0x3
 370 002d 0D000000 		.4byte	.LASF2
 371 0031 04       		.byte	0x4
 372 0032 D8       		.byte	0xd8
 373 0033 37000000 		.4byte	0x37
 374 0037 04       		.uleb128 0x4
 375 0038 04       		.byte	0x4
 376 0039 07       		.byte	0x7
 377 003a CE020000 		.4byte	.LASF0
 378 003e 04       		.uleb128 0x4
 379 003f 01       		.byte	0x1
 380 0040 06       		.byte	0x6
 381 0041 BD000000 		.4byte	.LASF1
 382 0045 03       		.uleb128 0x3
 383 0046 24000000 		.4byte	.LASF3
 384 004a 05       		.byte	0x5
 385 004b 1D       		.byte	0x1d
 386 004c 50000000 		.4byte	0x50
 387 0050 04       		.uleb128 0x4
 388 0051 01       		.byte	0x1
 389 0052 08       		.byte	0x8
 390 0053 B0040000 		.4byte	.LASF4
 391 0057 04       		.uleb128 0x4
 392 0058 02       		.byte	0x2
 393 0059 05       		.byte	0x5
 394 005a D7040000 		.4byte	.LASF5
ARM GAS  C:\Users\ADMINI~1\AppData\Local\Temp\ccKBAR7J.s 			page 8


 395 005e 04       		.uleb128 0x4
 396 005f 02       		.byte	0x2
 397 0060 07       		.byte	0x7
 398 0061 31030000 		.4byte	.LASF6
 399 0065 03       		.uleb128 0x3
 400 0066 94030000 		.4byte	.LASF7
 401 006a 05       		.byte	0x5
 402 006b 3F       		.byte	0x3f
 403 006c 70000000 		.4byte	0x70
 404 0070 04       		.uleb128 0x4
 405 0071 04       		.byte	0x4
 406 0072 05       		.byte	0x5
 407 0073 07010000 		.4byte	.LASF8
 408 0077 03       		.uleb128 0x3
 409 0078 C5050000 		.4byte	.LASF9
 410 007c 05       		.byte	0x5
 411 007d 41       		.byte	0x41
 412 007e 82000000 		.4byte	0x82
 413 0082 04       		.uleb128 0x4
 414 0083 04       		.byte	0x4
 415 0084 07       		.byte	0x7
 416 0085 6C050000 		.4byte	.LASF10
 417 0089 04       		.uleb128 0x4
 418 008a 08       		.byte	0x8
 419 008b 05       		.byte	0x5
 420 008c AF000000 		.4byte	.LASF11
 421 0090 03       		.uleb128 0x3
 422 0091 44040000 		.4byte	.LASF12
 423 0095 05       		.byte	0x5
 424 0096 5B       		.byte	0x5b
 425 0097 9B000000 		.4byte	0x9b
 426 009b 04       		.uleb128 0x4
 427 009c 08       		.byte	0x8
 428 009d 07       		.byte	0x7
 429 009e 49000000 		.4byte	.LASF13
 430 00a2 03       		.uleb128 0x3
 431 00a3 4D060000 		.4byte	.LASF14
 432 00a7 06       		.byte	0x6
 433 00a8 14       		.byte	0x14
 434 00a9 45000000 		.4byte	0x45
 435 00ad 03       		.uleb128 0x3
 436 00ae A8040000 		.4byte	.LASF15
 437 00b2 06       		.byte	0x6
 438 00b3 1F       		.byte	0x1f
 439 00b4 65000000 		.4byte	0x65
 440 00b8 03       		.uleb128 0x3
 441 00b9 44050000 		.4byte	.LASF16
 442 00bd 06       		.byte	0x6
 443 00be 20       		.byte	0x20
 444 00bf 77000000 		.4byte	0x77
 445 00c3 03       		.uleb128 0x3
 446 00c4 1B000000 		.4byte	.LASF17
 447 00c8 06       		.byte	0x6
 448 00c9 26       		.byte	0x26
 449 00ca 90000000 		.4byte	0x90
 450 00ce 05       		.uleb128 0x5
 451 00cf AD000000 		.4byte	0xad
ARM GAS  C:\Users\ADMINI~1\AppData\Local\Temp\ccKBAR7J.s 			page 9


 452 00d3 03       		.uleb128 0x3
 453 00d4 E9050000 		.4byte	.LASF18
 454 00d8 07       		.byte	0x7
 455 00d9 45       		.byte	0x45
 456 00da B8000000 		.4byte	0xb8
 457 00de 03       		.uleb128 0x3
 458 00df 72030000 		.4byte	.LASF19
 459 00e3 07       		.byte	0x7
 460 00e4 48       		.byte	0x48
 461 00e5 A2000000 		.4byte	0xa2
 462 00e9 03       		.uleb128 0x3
 463 00ea 22010000 		.4byte	.LASF20
 464 00ee 07       		.byte	0x7
 465 00ef 49       		.byte	0x49
 466 00f0 A2000000 		.4byte	0xa2
 467 00f4 03       		.uleb128 0x3
 468 00f5 55040000 		.4byte	.LASF21
 469 00f9 07       		.byte	0x7
 470 00fa 4A       		.byte	0x4a
 471 00fb A2000000 		.4byte	0xa2
 472 00ff 03       		.uleb128 0x3
 473 0100 E0000000 		.4byte	.LASF22
 474 0104 07       		.byte	0x7
 475 0105 4B       		.byte	0x4b
 476 0106 A2000000 		.4byte	0xa2
 477 010a 03       		.uleb128 0x3
 478 010b 74040000 		.4byte	.LASF23
 479 010f 07       		.byte	0x7
 480 0110 4C       		.byte	0x4c
 481 0111 B8000000 		.4byte	0xb8
 482 0115 03       		.uleb128 0x3
 483 0116 4E030000 		.4byte	.LASF24
 484 011a 07       		.byte	0x7
 485 011b 4D       		.byte	0x4d
 486 011c AD000000 		.4byte	0xad
 487 0120 03       		.uleb128 0x3
 488 0121 88030000 		.4byte	.LASF25
 489 0125 07       		.byte	0x7
 490 0126 4F       		.byte	0x4f
 491 0127 B8000000 		.4byte	0xb8
 492 012b 03       		.uleb128 0x3
 493 012c B5020000 		.4byte	.LASF26
 494 0130 07       		.byte	0x7
 495 0131 51       		.byte	0x51
 496 0132 AD000000 		.4byte	0xad
 497 0136 03       		.uleb128 0x3
 498 0137 A7050000 		.4byte	.LASF27
 499 013b 08       		.byte	0x8
 500 013c 33       		.byte	0x33
 501 013d B8000000 		.4byte	0xb8
 502 0141 03       		.uleb128 0x3
 503 0142 83050000 		.4byte	.LASF28
 504 0146 08       		.byte	0x8
 505 0147 3F       		.byte	0x3f
 506 0148 4C010000 		.4byte	0x14c
 507 014c 06       		.uleb128 0x6
 508 014d 44030000 		.4byte	.LASF50
ARM GAS  C:\Users\ADMINI~1\AppData\Local\Temp\ccKBAR7J.s 			page 10


 509 0151 48       		.byte	0x48
 510 0152 09       		.byte	0x9
 511 0153 C2       		.byte	0xc2
 512 0154 51020000 		.4byte	0x251
 513 0158 07       		.uleb128 0x7
 514 0159 01050000 		.4byte	.LASF29
 515 015d 09       		.byte	0x9
 516 015e C3       		.byte	0xc3
 517 015f 5C020000 		.4byte	0x25c
 518 0163 00       		.byte	0
 519 0164 07       		.uleb128 0x7
 520 0165 6D040000 		.4byte	.LASF30
 521 0169 09       		.byte	0x9
 522 016a C5       		.byte	0xc5
 523 016b 5C020000 		.4byte	0x25c
 524 016f 04       		.byte	0x4
 525 0170 07       		.uleb128 0x7
 526 0171 A8000000 		.4byte	.LASF31
 527 0175 09       		.byte	0x9
 528 0176 C7       		.byte	0xc7
 529 0177 0A010000 		.4byte	0x10a
 530 017b 08       		.byte	0x8
 531 017c 07       		.uleb128 0x7
 532 017d A3060000 		.4byte	.LASF32
 533 0181 09       		.byte	0x9
 534 0182 C8       		.byte	0xc8
 535 0183 8C040000 		.4byte	0x48c
 536 0187 0C       		.byte	0xc
 537 0188 07       		.uleb128 0x7
 538 0189 3E010000 		.4byte	.LASF33
 539 018d 09       		.byte	0x9
 540 018e CA       		.byte	0xca
 541 018f 5C020000 		.4byte	0x25c
 542 0193 10       		.byte	0x10
 543 0194 07       		.uleb128 0x7
 544 0195 07040000 		.4byte	.LASF34
 545 0199 09       		.byte	0x9
 546 019a CB       		.byte	0xcb
 547 019b 5C020000 		.4byte	0x25c
 548 019f 14       		.byte	0x14
 549 01a0 07       		.uleb128 0x7
 550 01a1 6A060000 		.4byte	.LASF35
 551 01a5 09       		.byte	0x9
 552 01a6 D2       		.byte	0xd2
 553 01a7 D1060000 		.4byte	0x6d1
 554 01ab 18       		.byte	0x18
 555 01ac 07       		.uleb128 0x7
 556 01ad E1040000 		.4byte	.LASF36
 557 01b1 09       		.byte	0x9
 558 01b2 DD       		.byte	0xdd
 559 01b3 E9000000 		.4byte	0xe9
 560 01b7 1C       		.byte	0x1c
 561 01b8 07       		.uleb128 0x7
 562 01b9 08050000 		.4byte	.LASF37
 563 01bd 09       		.byte	0x9
 564 01be E1       		.byte	0xe1
 565 01bf DE000000 		.4byte	0xde
ARM GAS  C:\Users\ADMINI~1\AppData\Local\Temp\ccKBAR7J.s 			page 11


 566 01c3 1D       		.byte	0x1d
 567 01c4 07       		.uleb128 0x7
 568 01c5 22060000 		.4byte	.LASF38
 569 01c9 09       		.byte	0x9
 570 01ca E6       		.byte	0xe6
 571 01cb F4000000 		.4byte	0xf4
 572 01cf 1E       		.byte	0x1e
 573 01d0 07       		.uleb128 0x7
 574 01d1 E9040000 		.4byte	.LASF39
 575 01d5 09       		.byte	0x9
 576 01d6 EC       		.byte	0xec
 577 01d7 FF000000 		.4byte	0xff
 578 01db 1F       		.byte	0x1f
 579 01dc 07       		.uleb128 0x7
 580 01dd E3020000 		.4byte	.LASF40
 581 01e1 09       		.byte	0x9
 582 01e2 F3       		.byte	0xf3
 583 01e3 E3060000 		.4byte	0x6e3
 584 01e7 20       		.byte	0x20
 585 01e8 08       		.uleb128 0x8
 586 01e9 705F7500 		.ascii	"p_u\000"
 587 01ed 09       		.byte	0x9
 588 01ee 3101     		.2byte	0x131
 589 01f0 0C060000 		.4byte	0x60c
 590 01f4 24       		.byte	0x24
 591 01f5 09       		.uleb128 0x9
 592 01f6 CA030000 		.4byte	.LASF41
 593 01fa 09       		.byte	0x9
 594 01fb 3601     		.2byte	0x136
 595 01fd 62020000 		.4byte	0x262
 596 0201 28       		.byte	0x28
 597 0202 09       		.uleb128 0x9
 598 0203 FA020000 		.4byte	.LASF42
 599 0207 09       		.byte	0x9
 600 0208 3C01     		.2byte	0x13c
 601 020a 86020000 		.4byte	0x286
 602 020e 2C       		.byte	0x2c
 603 020f 09       		.uleb128 0x9
 604 0210 7C060000 		.4byte	.LASF43
 605 0214 09       		.byte	0x9
 606 0215 4001     		.2byte	0x140
 607 0217 15010000 		.4byte	0x115
 608 021b 34       		.byte	0x34
 609 021c 09       		.uleb128 0x9
 610 021d 2E050000 		.4byte	.LASF44
 611 0221 09       		.byte	0x9
 612 0222 4601     		.2byte	0x146
 613 0224 20010000 		.4byte	0x120
 614 0228 38       		.byte	0x38
 615 0229 09       		.uleb128 0x9
 616 022a CD040000 		.4byte	.LASF45
 617 022e 09       		.byte	0x9
 618 022f 4D01     		.2byte	0x14d
 619 0231 CB060000 		.4byte	0x6cb
 620 0235 3C       		.byte	0x3c
 621 0236 09       		.uleb128 0x9
 622 0237 B1050000 		.4byte	.LASF46
ARM GAS  C:\Users\ADMINI~1\AppData\Local\Temp\ccKBAR7J.s 			page 12


 623 023b 09       		.byte	0x9
 624 023c 5101     		.2byte	0x151
 625 023e 0A010000 		.4byte	0x10a
 626 0242 40       		.byte	0x40
 627 0243 09       		.uleb128 0x9
 628 0244 C9000000 		.4byte	.LASF47
 629 0248 09       		.byte	0x9
 630 0249 5801     		.2byte	0x158
 631 024b 39030000 		.4byte	0x339
 632 024f 44       		.byte	0x44
 633 0250 00       		.byte	0
 634 0251 03       		.uleb128 0x3
 635 0252 DD030000 		.4byte	.LASF48
 636 0256 08       		.byte	0x8
 637 0257 44       		.byte	0x44
 638 0258 5C020000 		.4byte	0x25c
 639 025c 0A       		.uleb128 0xa
 640 025d 04       		.byte	0x4
 641 025e 41010000 		.4byte	0x141
 642 0262 03       		.uleb128 0x3
 643 0263 BB030000 		.4byte	.LASF49
 644 0267 08       		.byte	0x8
 645 0268 49       		.byte	0x49
 646 0269 6D020000 		.4byte	0x26d
 647 026d 06       		.uleb128 0x6
 648 026e 5C050000 		.4byte	.LASF51
 649 0272 04       		.byte	0x4
 650 0273 09       		.byte	0x9
 651 0274 B0       		.byte	0xb0
 652 0275 86020000 		.4byte	0x286
 653 0279 07       		.uleb128 0x7
 654 027a 01050000 		.4byte	.LASF29
 655 027e 09       		.byte	0x9
 656 027f B1       		.byte	0xb1
 657 0280 5C020000 		.4byte	0x25c
 658 0284 00       		.byte	0
 659 0285 00       		.byte	0
 660 0286 03       		.uleb128 0x3
 661 0287 09060000 		.4byte	.LASF52
 662 028b 08       		.byte	0x8
 663 028c 50       		.byte	0x50
 664 028d 91020000 		.4byte	0x291
 665 0291 06       		.uleb128 0x6
 666 0292 97000000 		.4byte	.LASF53
 667 0296 08       		.byte	0x8
 668 0297 09       		.byte	0x9
 669 0298 B7       		.byte	0xb7
 670 0299 B6020000 		.4byte	0x2b6
 671 029d 07       		.uleb128 0x7
 672 029e 01050000 		.4byte	.LASF29
 673 02a2 09       		.byte	0x9
 674 02a3 B8       		.byte	0xb8
 675 02a4 5C020000 		.4byte	0x25c
 676 02a8 00       		.byte	0
 677 02a9 07       		.uleb128 0x7
 678 02aa 6D040000 		.4byte	.LASF30
 679 02ae 09       		.byte	0x9
ARM GAS  C:\Users\ADMINI~1\AppData\Local\Temp\ccKBAR7J.s 			page 13


 680 02af B9       		.byte	0xb9
 681 02b0 5C020000 		.4byte	0x25c
 682 02b4 04       		.byte	0x4
 683 02b5 00       		.byte	0
 684 02b6 03       		.uleb128 0x3
 685 02b7 00000000 		.4byte	.LASF54
 686 02bb 08       		.byte	0x8
 687 02bc 57       		.byte	0x57
 688 02bd C1020000 		.4byte	0x2c1
 689 02c1 0B       		.uleb128 0xb
 690 02c2 7A030000 		.4byte	.LASF55
 691 02c6 1C       		.byte	0x1c
 692 02c7 09       		.byte	0x9
 693 02c8 9001     		.2byte	0x190
 694 02ca 1D030000 		.4byte	0x31d
 695 02ce 09       		.uleb128 0x9
 696 02cf 54050000 		.4byte	.LASF56
 697 02d3 09       		.byte	0x9
 698 02d4 9101     		.2byte	0x191
 699 02d6 86020000 		.4byte	0x286
 700 02da 00       		.byte	0
 701 02db 09       		.uleb128 0x9
 702 02dc F3040000 		.4byte	.LASF57
 703 02e0 09       		.byte	0x9
 704 02e1 9201     		.2byte	0x192
 705 02e3 0A010000 		.4byte	0x10a
 706 02e7 08       		.byte	0x8
 707 02e8 09       		.uleb128 0x9
 708 02e9 0F040000 		.4byte	.LASF58
 709 02ed 09       		.byte	0x9
 710 02ee 9401     		.2byte	0x194
 711 02f0 8C040000 		.4byte	0x48c
 712 02f4 0C       		.byte	0xc
 713 02f5 09       		.uleb128 0x9
 714 02f6 4E010000 		.4byte	.LASF59
 715 02fa 09       		.byte	0x9
 716 02fb 9701     		.2byte	0x197
 717 02fd 5C020000 		.4byte	0x25c
 718 0301 10       		.byte	0x10
 719 0302 09       		.uleb128 0x9
 720 0303 30040000 		.4byte	.LASF60
 721 0307 09       		.byte	0x9
 722 0308 9801     		.2byte	0x198
 723 030a 5C020000 		.4byte	0x25c
 724 030e 14       		.byte	0x14
 725 030f 09       		.uleb128 0x9
 726 0310 26040000 		.4byte	.LASF61
 727 0314 09       		.byte	0x9
 728 0315 9B01     		.2byte	0x19b
 729 0317 5C020000 		.4byte	0x25c
 730 031b 18       		.byte	0x18
 731 031c 00       		.byte	0
 732 031d 03       		.uleb128 0x3
 733 031e BC050000 		.4byte	.LASF62
 734 0322 08       		.byte	0x8
 735 0323 5C       		.byte	0x5c
 736 0324 28030000 		.4byte	0x328
ARM GAS  C:\Users\ADMINI~1\AppData\Local\Temp\ccKBAR7J.s 			page 14


 737 0328 0A       		.uleb128 0xa
 738 0329 04       		.byte	0x4
 739 032a 2E030000 		.4byte	0x32e
 740 032e 0C       		.uleb128 0xc
 741 032f 39030000 		.4byte	0x339
 742 0333 0D       		.uleb128 0xd
 743 0334 39030000 		.4byte	0x339
 744 0338 00       		.byte	0
 745 0339 0E       		.uleb128 0xe
 746 033a 04       		.byte	0x4
 747 033b 03       		.uleb128 0x3
 748 033c 5D040000 		.4byte	.LASF63
 749 0340 08       		.byte	0x8
 750 0341 61       		.byte	0x61
 751 0342 46030000 		.4byte	0x346
 752 0346 0B       		.uleb128 0xb
 753 0347 10050000 		.4byte	.LASF64
 754 034b 14       		.byte	0x14
 755 034c 09       		.byte	0x9
 756 034d 6B01     		.2byte	0x16b
 757 034f 95030000 		.4byte	0x395
 758 0353 09       		.uleb128 0x9
 759 0354 DB020000 		.4byte	.LASF65
 760 0358 09       		.byte	0x9
 761 0359 6C01     		.2byte	0x16c
 762 035b E8060000 		.4byte	0x6e8
 763 035f 00       		.byte	0
 764 0360 09       		.uleb128 0x9
 765 0361 96020000 		.4byte	.LASF66
 766 0365 09       		.byte	0x9
 767 0366 6D01     		.2byte	0x16d
 768 0368 E8060000 		.4byte	0x6e8
 769 036c 04       		.byte	0x4
 770 036d 09       		.uleb128 0x9
 771 036e F1020000 		.4byte	.LASF67
 772 0372 09       		.byte	0x9
 773 0373 6E01     		.2byte	0x16e
 774 0375 36010000 		.4byte	0x136
 775 0379 08       		.byte	0x8
 776 037a 09       		.uleb128 0x9
 777 037b A9060000 		.4byte	.LASF68
 778 037f 09       		.byte	0x9
 779 0380 6F01     		.2byte	0x16f
 780 0382 1D030000 		.4byte	0x31d
 781 0386 0C       		.byte	0xc
 782 0387 09       		.uleb128 0x9
 783 0388 02060000 		.4byte	.LASF69
 784 038c 09       		.byte	0x9
 785 038d 7101     		.2byte	0x171
 786 038f 39030000 		.4byte	0x339
 787 0393 10       		.byte	0x10
 788 0394 00       		.byte	0
 789 0395 03       		.uleb128 0x3
 790 0396 74000000 		.4byte	.LASF70
 791 039a 08       		.byte	0x8
 792 039b 66       		.byte	0x66
 793 039c A0030000 		.4byte	0x3a0
ARM GAS  C:\Users\ADMINI~1\AppData\Local\Temp\ccKBAR7J.s 			page 15


 794 03a0 0B       		.uleb128 0xb
 795 03a1 F0030000 		.4byte	.LASF71
 796 03a5 10       		.byte	0x10
 797 03a6 09       		.byte	0x9
 798 03a7 7B01     		.2byte	0x17b
 799 03a9 E2030000 		.4byte	0x3e2
 800 03ad 09       		.uleb128 0x9
 801 03ae DB020000 		.4byte	.LASF65
 802 03b2 09       		.byte	0x9
 803 03b3 7C01     		.2byte	0x17c
 804 03b5 E8060000 		.4byte	0x6e8
 805 03b9 00       		.byte	0
 806 03ba 09       		.uleb128 0x9
 807 03bb 96020000 		.4byte	.LASF66
 808 03bf 09       		.byte	0x9
 809 03c0 7E01     		.2byte	0x17e
 810 03c2 E8060000 		.4byte	0x6e8
 811 03c6 04       		.byte	0x4
 812 03c7 09       		.uleb128 0x9
 813 03c8 F1020000 		.4byte	.LASF67
 814 03cc 09       		.byte	0x9
 815 03cd 8001     		.2byte	0x180
 816 03cf 36010000 		.4byte	0x136
 817 03d3 08       		.byte	0x8
 818 03d4 09       		.uleb128 0x9
 819 03d5 71060000 		.4byte	.LASF72
 820 03d9 09       		.byte	0x9
 821 03da 8201     		.2byte	0x182
 822 03dc E3060000 		.4byte	0x6e3
 823 03e0 0C       		.byte	0xc
 824 03e1 00       		.byte	0
 825 03e2 03       		.uleb128 0x3
 826 03e3 3A000000 		.4byte	.LASF73
 827 03e7 08       		.byte	0x8
 828 03e8 6B       		.byte	0x6b
 829 03e9 ED030000 		.4byte	0x3ed
 830 03ed 0B       		.uleb128 0xb
 831 03ee 92040000 		.4byte	.LASF74
 832 03f2 04       		.byte	0x4
 833 03f3 09       		.byte	0x9
 834 03f4 A201     		.2byte	0x1a2
 835 03f6 08040000 		.4byte	0x408
 836 03fa 09       		.uleb128 0x9
 837 03fb D0050000 		.4byte	.LASF75
 838 03ff 09       		.byte	0x9
 839 0400 AA01     		.2byte	0x1aa
 840 0402 EE060000 		.4byte	0x6ee
 841 0406 00       		.byte	0
 842 0407 00       		.byte	0
 843 0408 03       		.uleb128 0x3
 844 0409 66030000 		.4byte	.LASF76
 845 040d 08       		.byte	0x8
 846 040e 70       		.byte	0x70
 847 040f 13040000 		.4byte	0x413
 848 0413 0F       		.uleb128 0xf
 849 0414 FD000000 		.4byte	.LASF77
 850 0418 5802     		.2byte	0x258
ARM GAS  C:\Users\ADMINI~1\AppData\Local\Temp\ccKBAR7J.s 			page 16


 851 041a 09       		.byte	0x9
 852 041b C201     		.2byte	0x1c2
 853 041d 6F040000 		.4byte	0x46f
 854 0421 09       		.uleb128 0x9
 855 0422 90020000 		.4byte	.LASF78
 856 0426 09       		.byte	0x9
 857 0427 C601     		.2byte	0x1c6
 858 0429 B6020000 		.4byte	0x2b6
 859 042d 00       		.byte	0
 860 042e 09       		.uleb128 0x9
 861 042f D9000000 		.4byte	.LASF79
 862 0433 09       		.byte	0x9
 863 0434 CA01     		.2byte	0x1ca
 864 0436 95030000 		.4byte	0x395
 865 043a 1C       		.byte	0x1c
 866 043b 08       		.uleb128 0x8
 867 043c 64626700 		.ascii	"dbg\000"
 868 0440 09       		.byte	0x9
 869 0441 CE01     		.2byte	0x1ce
 870 0443 E2030000 		.4byte	0x3e2
 871 0447 2C       		.byte	0x2c
 872 0448 09       		.uleb128 0x9
 873 0449 69000000 		.4byte	.LASF80
 874 044d 09       		.byte	0x9
 875 044e D201     		.2byte	0x1d2
 876 0450 41010000 		.4byte	0x141
 877 0454 30       		.byte	0x30
 878 0455 08       		.uleb128 0x8
 879 0456 746D00   		.ascii	"tm\000"
 880 0459 09       		.byte	0x9
 881 045a D701     		.2byte	0x1d7
 882 045c 01060000 		.4byte	0x601
 883 0460 78       		.byte	0x78
 884 0461 09       		.uleb128 0x9
 885 0462 A6020000 		.4byte	.LASF81
 886 0466 09       		.byte	0x9
 887 0467 E301     		.2byte	0x1e3
 888 0469 F3060000 		.4byte	0x6f3
 889 046d 80       		.byte	0x80
 890 046e 00       		.byte	0
 891 046f 04       		.uleb128 0x4
 892 0470 04       		.byte	0x4
 893 0471 07       		.byte	0x7
 894 0472 D4030000 		.4byte	.LASF82
 895 0476 03       		.uleb128 0x3
 896 0477 56010000 		.4byte	.LASF83
 897 047b 0A       		.byte	0xa
 898 047c 65       		.byte	0x65
 899 047d 39030000 		.4byte	0x339
 900 0481 03       		.uleb128 0x3
 901 0482 9E030000 		.4byte	.LASF84
 902 0486 0A       		.byte	0xa
 903 0487 6D       		.byte	0x6d
 904 0488 C3000000 		.4byte	0xc3
 905 048c 06       		.uleb128 0x6
 906 048d E1050000 		.4byte	.LASF85
 907 0491 04       		.byte	0x4
ARM GAS  C:\Users\ADMINI~1\AppData\Local\Temp\ccKBAR7J.s 			page 17


 908 0492 0A       		.byte	0xa
 909 0493 89       		.byte	0x89
 910 0494 A5040000 		.4byte	0x4a5
 911 0498 10       		.uleb128 0x10
 912 0499 72313300 		.ascii	"r13\000"
 913 049d 0A       		.byte	0xa
 914 049e 8A       		.byte	0x8a
 915 049f E6050000 		.4byte	0x5e6
 916 04a3 00       		.byte	0
 917 04a4 00       		.byte	0
 918 04a5 06       		.uleb128 0x6
 919 04a6 2E000000 		.4byte	.LASF86
 920 04aa 64       		.byte	0x64
 921 04ab 0B       		.byte	0xb
 922 04ac F4       		.byte	0xf4
 923 04ad E6050000 		.4byte	0x5e6
 924 04b1 10       		.uleb128 0x10
 925 04b2 73313600 		.ascii	"s16\000"
 926 04b6 0B       		.byte	0xb
 927 04b7 F6       		.byte	0xf6
 928 04b8 76040000 		.4byte	0x476
 929 04bc 00       		.byte	0
 930 04bd 10       		.uleb128 0x10
 931 04be 73313700 		.ascii	"s17\000"
 932 04c2 0B       		.byte	0xb
 933 04c3 F7       		.byte	0xf7
 934 04c4 76040000 		.4byte	0x476
 935 04c8 04       		.byte	0x4
 936 04c9 10       		.uleb128 0x10
 937 04ca 73313800 		.ascii	"s18\000"
 938 04ce 0B       		.byte	0xb
 939 04cf F8       		.byte	0xf8
 940 04d0 76040000 		.4byte	0x476
 941 04d4 08       		.byte	0x8
 942 04d5 10       		.uleb128 0x10
 943 04d6 73313900 		.ascii	"s19\000"
 944 04da 0B       		.byte	0xb
 945 04db F9       		.byte	0xf9
 946 04dc 76040000 		.4byte	0x476
 947 04e0 0C       		.byte	0xc
 948 04e1 10       		.uleb128 0x10
 949 04e2 73323000 		.ascii	"s20\000"
 950 04e6 0B       		.byte	0xb
 951 04e7 FA       		.byte	0xfa
 952 04e8 76040000 		.4byte	0x476
 953 04ec 10       		.byte	0x10
 954 04ed 10       		.uleb128 0x10
 955 04ee 73323100 		.ascii	"s21\000"
 956 04f2 0B       		.byte	0xb
 957 04f3 FB       		.byte	0xfb
 958 04f4 76040000 		.4byte	0x476
 959 04f8 14       		.byte	0x14
 960 04f9 10       		.uleb128 0x10
 961 04fa 73323200 		.ascii	"s22\000"
 962 04fe 0B       		.byte	0xb
 963 04ff FC       		.byte	0xfc
 964 0500 76040000 		.4byte	0x476
ARM GAS  C:\Users\ADMINI~1\AppData\Local\Temp\ccKBAR7J.s 			page 18


 965 0504 18       		.byte	0x18
 966 0505 10       		.uleb128 0x10
 967 0506 73323300 		.ascii	"s23\000"
 968 050a 0B       		.byte	0xb
 969 050b FD       		.byte	0xfd
 970 050c 76040000 		.4byte	0x476
 971 0510 1C       		.byte	0x1c
 972 0511 10       		.uleb128 0x10
 973 0512 73323400 		.ascii	"s24\000"
 974 0516 0B       		.byte	0xb
 975 0517 FE       		.byte	0xfe
 976 0518 76040000 		.4byte	0x476
 977 051c 20       		.byte	0x20
 978 051d 10       		.uleb128 0x10
 979 051e 73323500 		.ascii	"s25\000"
 980 0522 0B       		.byte	0xb
 981 0523 FF       		.byte	0xff
 982 0524 76040000 		.4byte	0x476
 983 0528 24       		.byte	0x24
 984 0529 08       		.uleb128 0x8
 985 052a 73323600 		.ascii	"s26\000"
 986 052e 0B       		.byte	0xb
 987 052f 0001     		.2byte	0x100
 988 0531 76040000 		.4byte	0x476
 989 0535 28       		.byte	0x28
 990 0536 08       		.uleb128 0x8
 991 0537 73323700 		.ascii	"s27\000"
 992 053b 0B       		.byte	0xb
 993 053c 0101     		.2byte	0x101
 994 053e 76040000 		.4byte	0x476
 995 0542 2C       		.byte	0x2c
 996 0543 08       		.uleb128 0x8
 997 0544 73323800 		.ascii	"s28\000"
 998 0548 0B       		.byte	0xb
 999 0549 0201     		.2byte	0x102
 1000 054b 76040000 		.4byte	0x476
 1001 054f 30       		.byte	0x30
 1002 0550 08       		.uleb128 0x8
 1003 0551 73323900 		.ascii	"s29\000"
 1004 0555 0B       		.byte	0xb
 1005 0556 0301     		.2byte	0x103
 1006 0558 76040000 		.4byte	0x476
 1007 055c 34       		.byte	0x34
 1008 055d 08       		.uleb128 0x8
 1009 055e 73333000 		.ascii	"s30\000"
 1010 0562 0B       		.byte	0xb
 1011 0563 0401     		.2byte	0x104
 1012 0565 76040000 		.4byte	0x476
 1013 0569 38       		.byte	0x38
 1014 056a 08       		.uleb128 0x8
 1015 056b 73333100 		.ascii	"s31\000"
 1016 056f 0B       		.byte	0xb
 1017 0570 0501     		.2byte	0x105
 1018 0572 76040000 		.4byte	0x476
 1019 0576 3C       		.byte	0x3c
 1020 0577 08       		.uleb128 0x8
 1021 0578 723400   		.ascii	"r4\000"
ARM GAS  C:\Users\ADMINI~1\AppData\Local\Temp\ccKBAR7J.s 			page 19


 1022 057b 0B       		.byte	0xb
 1023 057c 0701     		.2byte	0x107
 1024 057e 76040000 		.4byte	0x476
 1025 0582 40       		.byte	0x40
 1026 0583 08       		.uleb128 0x8
 1027 0584 723500   		.ascii	"r5\000"
 1028 0587 0B       		.byte	0xb
 1029 0588 0801     		.2byte	0x108
 1030 058a 76040000 		.4byte	0x476
 1031 058e 44       		.byte	0x44
 1032 058f 08       		.uleb128 0x8
 1033 0590 723600   		.ascii	"r6\000"
 1034 0593 0B       		.byte	0xb
 1035 0594 0901     		.2byte	0x109
 1036 0596 76040000 		.4byte	0x476
 1037 059a 48       		.byte	0x48
 1038 059b 08       		.uleb128 0x8
 1039 059c 723700   		.ascii	"r7\000"
 1040 059f 0B       		.byte	0xb
 1041 05a0 0A01     		.2byte	0x10a
 1042 05a2 76040000 		.4byte	0x476
 1043 05a6 4C       		.byte	0x4c
 1044 05a7 08       		.uleb128 0x8
 1045 05a8 723800   		.ascii	"r8\000"
 1046 05ab 0B       		.byte	0xb
 1047 05ac 0B01     		.2byte	0x10b
 1048 05ae 76040000 		.4byte	0x476
 1049 05b2 50       		.byte	0x50
 1050 05b3 08       		.uleb128 0x8
 1051 05b4 723900   		.ascii	"r9\000"
 1052 05b7 0B       		.byte	0xb
 1053 05b8 0C01     		.2byte	0x10c
 1054 05ba 76040000 		.4byte	0x476
 1055 05be 54       		.byte	0x54
 1056 05bf 08       		.uleb128 0x8
 1057 05c0 72313000 		.ascii	"r10\000"
 1058 05c4 0B       		.byte	0xb
 1059 05c5 0D01     		.2byte	0x10d
 1060 05c7 76040000 		.4byte	0x476
 1061 05cb 58       		.byte	0x58
 1062 05cc 08       		.uleb128 0x8
 1063 05cd 72313100 		.ascii	"r11\000"
 1064 05d1 0B       		.byte	0xb
 1065 05d2 0E01     		.2byte	0x10e
 1066 05d4 76040000 		.4byte	0x476
 1067 05d8 5C       		.byte	0x5c
 1068 05d9 08       		.uleb128 0x8
 1069 05da 6C7200   		.ascii	"lr\000"
 1070 05dd 0B       		.byte	0xb
 1071 05de 0F01     		.2byte	0x10f
 1072 05e0 76040000 		.4byte	0x476
 1073 05e4 60       		.byte	0x60
 1074 05e5 00       		.byte	0
 1075 05e6 0A       		.uleb128 0xa
 1076 05e7 04       		.byte	0x4
 1077 05e8 A5040000 		.4byte	0x4a5
 1078 05ec 11       		.uleb128 0x11
ARM GAS  C:\Users\ADMINI~1\AppData\Local\Temp\ccKBAR7J.s 			page 20


 1079 05ed 04       		.byte	0x4
 1080 05ee 0C       		.byte	0xc
 1081 05ef 38       		.byte	0x38
 1082 05f0 01060000 		.4byte	0x601
 1083 05f4 07       		.uleb128 0x7
 1084 05f5 DA050000 		.4byte	.LASF87
 1085 05f9 0C       		.byte	0xc
 1086 05fa 3C       		.byte	0x3c
 1087 05fb D3000000 		.4byte	0xd3
 1088 05ff 00       		.byte	0
 1089 0600 00       		.byte	0
 1090 0601 03       		.uleb128 0x3
 1091 0602 15040000 		.4byte	.LASF88
 1092 0606 0C       		.byte	0xc
 1093 0607 3D       		.byte	0x3d
 1094 0608 EC050000 		.4byte	0x5ec
 1095 060c 12       		.uleb128 0x12
 1096 060d 04       		.byte	0x4
 1097 060e 09       		.byte	0x9
 1098 060f FA       		.byte	0xfa
 1099 0610 69060000 		.4byte	0x669
 1100 0614 13       		.uleb128 0x13
 1101 0615 14000000 		.4byte	.LASF89
 1102 0619 09       		.byte	0x9
 1103 061a 0101     		.2byte	0x101
 1104 061c 15010000 		.4byte	0x115
 1105 0620 13       		.uleb128 0x13
 1106 0621 60000000 		.4byte	.LASF90
 1107 0625 09       		.byte	0x9
 1108 0626 0801     		.2byte	0x108
 1109 0628 15010000 		.4byte	0x115
 1110 062c 13       		.uleb128 0x13
 1111 062d 55060000 		.4byte	.LASF91
 1112 0631 09       		.byte	0x9
 1113 0632 0F01     		.2byte	0x10f
 1114 0634 39030000 		.4byte	0x339
 1115 0638 13       		.uleb128 0x13
 1116 0639 F7000000 		.4byte	.LASF92
 1117 063d 09       		.byte	0x9
 1118 063e 1601     		.2byte	0x116
 1119 0640 69060000 		.4byte	0x669
 1120 0644 13       		.uleb128 0x13
 1121 0645 EA020000 		.4byte	.LASF93
 1122 0649 09       		.byte	0x9
 1123 064a 1E01     		.2byte	0x11e
 1124 064c 94060000 		.4byte	0x694
 1125 0650 13       		.uleb128 0x13
 1126 0651 4D050000 		.4byte	.LASF94
 1127 0655 09       		.byte	0x9
 1128 0656 2701     		.2byte	0x127
 1129 0658 CB060000 		.4byte	0x6cb
 1130 065c 13       		.uleb128 0x13
 1131 065d FA040000 		.4byte	.LASF95
 1132 0661 09       		.byte	0x9
 1133 0662 2F01     		.2byte	0x12f
 1134 0664 20010000 		.4byte	0x120
 1135 0668 00       		.byte	0
ARM GAS  C:\Users\ADMINI~1\AppData\Local\Temp\ccKBAR7J.s 			page 21


 1136 0669 0A       		.uleb128 0xa
 1137 066a 04       		.byte	0x4
 1138 066b 51020000 		.4byte	0x251
 1139 066f 06       		.uleb128 0x6
 1140 0670 21050000 		.4byte	.LASF96
 1141 0674 0C       		.byte	0xc
 1142 0675 0D       		.byte	0xd
 1143 0676 34       		.byte	0x34
 1144 0677 94060000 		.4byte	0x694
 1145 067b 07       		.uleb128 0x7
 1146 067c 46010000 		.4byte	.LASF97
 1147 0680 0D       		.byte	0xd
 1148 0681 35       		.byte	0x35
 1149 0682 86020000 		.4byte	0x286
 1150 0686 00       		.byte	0
 1151 0687 07       		.uleb128 0x7
 1152 0688 12030000 		.4byte	.LASF98
 1153 068c 0D       		.byte	0xd
 1154 068d 37       		.byte	0x37
 1155 068e 2B010000 		.4byte	0x12b
 1156 0692 08       		.byte	0x8
 1157 0693 00       		.byte	0
 1158 0694 0A       		.uleb128 0xa
 1159 0695 04       		.byte	0x4
 1160 0696 6F060000 		.4byte	0x66f
 1161 069a 06       		.uleb128 0x6
 1162 069b 19060000 		.4byte	.LASF99
 1163 069f 10       		.byte	0x10
 1164 06a0 0E       		.byte	0xe
 1165 06a1 39       		.byte	0x39
 1166 06a2 CB060000 		.4byte	0x6cb
 1167 06a6 07       		.uleb128 0x7
 1168 06a7 D1000000 		.4byte	.LASF100
 1169 06ab 0E       		.byte	0xe
 1170 06ac 3A       		.byte	0x3a
 1171 06ad 86020000 		.4byte	0x286
 1172 06b1 00       		.byte	0
 1173 06b2 07       		.uleb128 0x7
 1174 06b3 9B060000 		.4byte	.LASF101
 1175 06b7 0E       		.byte	0xe
 1176 06b8 3C       		.byte	0x3c
 1177 06b9 5C020000 		.4byte	0x25c
 1178 06bd 08       		.byte	0x8
 1179 06be 07       		.uleb128 0x7
 1180 06bf A0050000 		.4byte	.LASF102
 1181 06c3 0E       		.byte	0xe
 1182 06c4 3E       		.byte	0x3e
 1183 06c5 0E070000 		.4byte	0x70e
 1184 06c9 0C       		.byte	0xc
 1185 06ca 00       		.byte	0
 1186 06cb 0A       		.uleb128 0xa
 1187 06cc 04       		.byte	0x4
 1188 06cd 9A060000 		.4byte	0x69a
 1189 06d1 0A       		.uleb128 0xa
 1190 06d2 04       		.byte	0x4
 1191 06d3 DE060000 		.4byte	0x6de
 1192 06d7 04       		.uleb128 0x4
ARM GAS  C:\Users\ADMINI~1\AppData\Local\Temp\ccKBAR7J.s 			page 22


 1193 06d8 01       		.byte	0x1
 1194 06d9 08       		.byte	0x8
 1195 06da 7E050000 		.4byte	.LASF103
 1196 06de 14       		.uleb128 0x14
 1197 06df D7060000 		.4byte	0x6d7
 1198 06e3 05       		.uleb128 0x5
 1199 06e4 36010000 		.4byte	0x136
 1200 06e8 0A       		.uleb128 0xa
 1201 06e9 04       		.byte	0x4
 1202 06ea 3B030000 		.4byte	0x33b
 1203 06ee 05       		.uleb128 0x5
 1204 06ef D1060000 		.4byte	0x6d1
 1205 06f3 15       		.uleb128 0x15
 1206 06f4 81040000 		.4byte	0x481
 1207 06f8 03070000 		.4byte	0x703
 1208 06fc 16       		.uleb128 0x16
 1209 06fd 6F040000 		.4byte	0x46f
 1210 0701 3A       		.byte	0x3a
 1211 0702 00       		.byte	0
 1212 0703 03       		.uleb128 0x3
 1213 0704 9E020000 		.4byte	.LASF104
 1214 0708 0E       		.byte	0xe
 1215 0709 34       		.byte	0x34
 1216 070a 9A060000 		.4byte	0x69a
 1217 070e 0A       		.uleb128 0xa
 1218 070f 04       		.byte	0x4
 1219 0710 03070000 		.4byte	0x703
 1220 0714 04       		.uleb128 0x4
 1221 0715 01       		.byte	0x1
 1222 0716 02       		.byte	0x2
 1223 0717 A2040000 		.4byte	.LASF105
 1224 071b 04       		.uleb128 0x4
 1225 071c 04       		.byte	0x4
 1226 071d 04       		.byte	0x4
 1227 071e 4F040000 		.4byte	.LASF106
 1228 0722 17       		.uleb128 0x17
 1229 0723 BB020000 		.4byte	.LASF125
 1230 0727 03       		.byte	0x3
 1231 0728 E4       		.byte	0xe4
 1232 0729 36010000 		.4byte	0x136
 1233 072d 03       		.byte	0x3
 1234 072e 18       		.uleb128 0x18
 1235 072f 88060000 		.4byte	.LASF126
 1236 0733 02       		.byte	0x2
 1237 0734 84       		.byte	0x84
 1238 0735 03       		.byte	0x3
 1239 0736 46070000 		.4byte	0x746
 1240 073a 19       		.uleb128 0x19
 1241 073b 0D030000 		.4byte	.LASF107
 1242 073f 02       		.byte	0x2
 1243 0740 84       		.byte	0x84
 1244 0741 D1060000 		.4byte	0x6d1
 1245 0745 00       		.byte	0
 1246 0746 1A       		.uleb128 0x1a
 1247 0747 7C040000 		.4byte	.LASF127
 1248 074b 03       		.byte	0x3
 1249 074c 0901     		.2byte	0x109
ARM GAS  C:\Users\ADMINI~1\AppData\Local\Temp\ccKBAR7J.s 			page 23


 1250 074e 36010000 		.4byte	0x136
 1251 0752 03       		.byte	0x3
 1252 0753 64070000 		.4byte	0x764
 1253 0757 1B       		.uleb128 0x1b
 1254 0758 82060000 		.4byte	.LASF108
 1255 075c 03       		.byte	0x3
 1256 075d 0901     		.2byte	0x109
 1257 075f 36010000 		.4byte	0x136
 1258 0763 00       		.byte	0
 1259 0764 1C       		.uleb128 0x1c
 1260 0765 BE040000 		.4byte	.LASF128
 1261 0769 01       		.byte	0x1
 1262 076a 3A       		.byte	0x3a
 1263 076b 00000000 		.4byte	.LFB260
 1264 076f 6C000000 		.4byte	.LFE260-.LFB260
 1265 0773 01       		.uleb128 0x1
 1266 0774 9C       		.byte	0x9c
 1267 0775 E6070000 		.4byte	0x7e6
 1268 0779 1D       		.uleb128 0x1d
 1269 077a 61726700 		.ascii	"arg\000"
 1270 077e 01       		.byte	0x1
 1271 077f 3A       		.byte	0x3a
 1272 0780 39030000 		.4byte	0x339
 1273 0784 00000000 		.4byte	.LLST0
 1274 0788 1E       		.uleb128 0x1e
 1275 0789 2E070000 		.4byte	0x72e
 1276 078d 02000000 		.4byte	.LBB12
 1277 0791 00000000 		.4byte	.Ldebug_ranges0+0
 1278 0795 01       		.byte	0x1
 1279 0796 3E       		.byte	0x3e
 1280 0797 A8070000 		.4byte	0x7a8
 1281 079b 1F       		.uleb128 0x1f
 1282 079c 3A070000 		.4byte	0x73a
 1283 07a0 06       		.uleb128 0x6
 1284 07a1 03       		.byte	0x3
 1285 07a2 00000000 		.4byte	.LC0
 1286 07a6 9F       		.byte	0x9f
 1287 07a7 00       		.byte	0
 1288 07a8 20       		.uleb128 0x20
 1289 07a9 46070000 		.4byte	0x746
 1290 07ad 20000000 		.4byte	.LBB16
 1291 07b1 02000000 		.4byte	.LBE16-.LBB16
 1292 07b5 01       		.byte	0x1
 1293 07b6 42       		.byte	0x42
 1294 07b7 D5070000 		.4byte	0x7d5
 1295 07bb 21       		.uleb128 0x21
 1296 07bc 57070000 		.4byte	0x757
 1297 07c0 21000000 		.4byte	.LLST1
 1298 07c4 22       		.uleb128 0x22
 1299 07c5 22070000 		.4byte	0x722
 1300 07c9 20000000 		.4byte	.LBB18
 1301 07cd 02000000 		.4byte	.LBE18-.LBB18
 1302 07d1 03       		.byte	0x3
 1303 07d2 0B01     		.2byte	0x10b
 1304 07d4 00       		.byte	0
 1305 07d5 23       		.uleb128 0x23
 1306 07d6 46000000 		.4byte	.LVL4
ARM GAS  C:\Users\ADMINI~1\AppData\Local\Temp\ccKBAR7J.s 			page 24


 1307 07da 07090000 		.4byte	0x907
 1308 07de 24       		.uleb128 0x24
 1309 07df 01       		.uleb128 0x1
 1310 07e0 50       		.byte	0x50
 1311 07e1 02       		.uleb128 0x2
 1312 07e2 08       		.byte	0x8
 1313 07e3 64       		.byte	0x64
 1314 07e4 00       		.byte	0
 1315 07e5 00       		.byte	0
 1316 07e6 25       		.uleb128 0x25
 1317 07e7 10010000 		.4byte	.LASF110
 1318 07eb 01       		.byte	0x1
 1319 07ec 2A       		.byte	0x2a
 1320 07ed 00000000 		.4byte	.LFB256
 1321 07f1 0C000000 		.4byte	.LFE256-.LFB256
 1322 07f5 01       		.uleb128 0x1
 1323 07f6 9C       		.byte	0x9c
 1324 07f7 09080000 		.4byte	0x809
 1325 07fb 26       		.uleb128 0x26
 1326 07fc 05030000 		.4byte	.LASF109
 1327 0800 01       		.byte	0x1
 1328 0801 2A       		.byte	0x2a
 1329 0802 36010000 		.4byte	0x136
 1330 0806 01       		.uleb128 0x1
 1331 0807 50       		.byte	0x50
 1332 0808 00       		.byte	0
 1333 0809 25       		.uleb128 0x25
 1334 080a 5C060000 		.4byte	.LASF111
 1335 080e 01       		.byte	0x1
 1336 080f 2E       		.byte	0x2e
 1337 0810 00000000 		.4byte	.LFB257
 1338 0814 14000000 		.4byte	.LFE257-.LFB257
 1339 0818 01       		.uleb128 0x1
 1340 0819 9C       		.byte	0x9c
 1341 081a 2E080000 		.4byte	0x82e
 1342 081e 27       		.uleb128 0x27
 1343 081f 22070000 		.4byte	0x722
 1344 0823 00000000 		.4byte	.LBB20
 1345 0827 18000000 		.4byte	.Ldebug_ranges0+0x18
 1346 082b 01       		.byte	0x1
 1347 082c 2F       		.byte	0x2f
 1348 082d 00       		.byte	0
 1349 082e 28       		.uleb128 0x28
 1350 082f 8C050000 		.4byte	.LASF112
 1351 0833 01       		.byte	0x1
 1352 0834 32       		.byte	0x32
 1353 0835 14070000 		.4byte	0x714
 1354 0839 00000000 		.4byte	.LFB258
 1355 083d 0C000000 		.4byte	.LFE258-.LFB258
 1356 0841 01       		.uleb128 0x1
 1357 0842 9C       		.byte	0x9c
 1358 0843 28       		.uleb128 0x28
 1359 0844 18030000 		.4byte	.LASF113
 1360 0848 01       		.byte	0x1
 1361 0849 36       		.byte	0x36
 1362 084a 36010000 		.4byte	0x136
 1363 084e 00000000 		.4byte	.LFB259
ARM GAS  C:\Users\ADMINI~1\AppData\Local\Temp\ccKBAR7J.s 			page 25


 1364 0852 0C000000 		.4byte	.LFE259-.LFB259
 1365 0856 01       		.uleb128 0x1
 1366 0857 9C       		.byte	0x9c
 1367 0858 25       		.uleb128 0x25
 1368 0859 EA000000 		.4byte	.LASF114
 1369 085d 01       		.byte	0x1
 1370 085e 50       		.byte	0x50
 1371 085f 00000000 		.4byte	.LFB261
 1372 0863 40000000 		.4byte	.LFE261-.LFB261
 1373 0867 01       		.uleb128 0x1
 1374 0868 9C       		.byte	0x9c
 1375 0869 97080000 		.4byte	0x897
 1376 086d 23       		.uleb128 0x23
 1377 086e 26000000 		.4byte	.LVL6
 1378 0872 12090000 		.4byte	0x912
 1379 0876 24       		.uleb128 0x24
 1380 0877 01       		.uleb128 0x1
 1381 0878 50       		.byte	0x50
 1382 0879 05       		.uleb128 0x5
 1383 087a 03       		.byte	0x3
 1384 087b 00000000 		.4byte	.LANCHOR3
 1385 087f 24       		.uleb128 0x24
 1386 0880 01       		.uleb128 0x1
 1387 0881 51       		.byte	0x51
 1388 0882 03       		.uleb128 0x3
 1389 0883 0A       		.byte	0xa
 1390 0884 9803     		.2byte	0x398
 1391 0886 24       		.uleb128 0x24
 1392 0887 01       		.uleb128 0x1
 1393 0888 52       		.byte	0x52
 1394 0889 02       		.uleb128 0x2
 1395 088a 08       		.byte	0x8
 1396 088b 40       		.byte	0x40
 1397 088c 24       		.uleb128 0x24
 1398 088d 01       		.uleb128 0x1
 1399 088e 53       		.byte	0x53
 1400 088f 05       		.uleb128 0x5
 1401 0890 03       		.byte	0x3
 1402 0891 00000000 		.4byte	timeout_thread
 1403 0895 00       		.byte	0
 1404 0896 00       		.byte	0
 1405 0897 29       		.uleb128 0x29
 1406 0898 5F010000 		.4byte	.LASF115
 1407 089c 01       		.byte	0x1
 1408 089d 21       		.byte	0x21
 1409 089e E3060000 		.4byte	0x6e3
 1410 08a2 05       		.uleb128 0x5
 1411 08a3 03       		.byte	0x3
 1412 08a4 00000000 		.4byte	timeout_msec
 1413 08a8 29       		.uleb128 0x29
 1414 08a9 F1050000 		.4byte	.LASF116
 1415 08ad 01       		.byte	0x1
 1416 08ae 22       		.byte	0x22
 1417 08af E3060000 		.4byte	0x6e3
 1418 08b3 05       		.uleb128 0x5
 1419 08b4 03       		.byte	0x3
 1420 08b5 00000000 		.4byte	last_update_time
ARM GAS  C:\Users\ADMINI~1\AppData\Local\Temp\ccKBAR7J.s 			page 26


 1421 08b9 29       		.uleb128 0x29
 1422 08ba 38040000 		.4byte	.LASF117
 1423 08be 01       		.byte	0x1
 1424 08bf 23       		.byte	0x23
 1425 08c0 CA080000 		.4byte	0x8ca
 1426 08c4 05       		.uleb128 0x5
 1427 08c5 03       		.byte	0x3
 1428 08c6 00000000 		.4byte	has_timeout
 1429 08ca 05       		.uleb128 0x5
 1430 08cb 14070000 		.4byte	0x714
 1431 08cf 15       		.uleb128 0x15
 1432 08d0 81040000 		.4byte	0x481
 1433 08d4 DF080000 		.4byte	0x8df
 1434 08d8 16       		.uleb128 0x16
 1435 08d9 6F040000 		.4byte	0x46f
 1436 08dd 72       		.byte	0x72
 1437 08de 00       		.byte	0
 1438 08df 29       		.uleb128 0x29
 1439 08e0 54030000 		.4byte	.LASF118
 1440 08e4 01       		.byte	0x1
 1441 08e5 26       		.byte	0x26
 1442 08e6 CF080000 		.4byte	0x8cf
 1443 08ea 05       		.uleb128 0x5
 1444 08eb 03       		.byte	0x3
 1445 08ec 00000000 		.4byte	timeout_thread_wa
 1446 08f0 2A       		.uleb128 0x2a
 1447 08f1 8A000000 		.4byte	.LASF119
 1448 08f5 10       		.byte	0x10
 1449 08f6 A706     		.2byte	0x6a7
 1450 08f8 CE000000 		.4byte	0xce
 1451 08fc 2B       		.uleb128 0x2b
 1452 08fd 636800   		.ascii	"ch\000"
 1453 0900 09       		.byte	0x9
 1454 0901 0902     		.2byte	0x209
 1455 0903 08040000 		.4byte	0x408
 1456 0907 2C       		.uleb128 0x2c
 1457 0908 39050000 		.4byte	.LASF120
 1458 090c 39050000 		.4byte	.LASF120
 1459 0910 0F       		.byte	0xf
 1460 0911 96       		.byte	0x96
 1461 0912 2C       		.uleb128 0x2c
 1462 0913 A9030000 		.4byte	.LASF121
 1463 0917 A9030000 		.4byte	.LASF121
 1464 091b 0F       		.byte	0xf
 1465 091c 89       		.byte	0x89
 1466 091d 00       		.byte	0
 1467              		.section	.debug_abbrev,"",%progbits
 1468              	.Ldebug_abbrev0:
 1469 0000 01       		.uleb128 0x1
 1470 0001 11       		.uleb128 0x11
 1471 0002 01       		.byte	0x1
 1472 0003 25       		.uleb128 0x25
 1473 0004 0E       		.uleb128 0xe
 1474 0005 13       		.uleb128 0x13
 1475 0006 0B       		.uleb128 0xb
 1476 0007 03       		.uleb128 0x3
 1477 0008 0E       		.uleb128 0xe
ARM GAS  C:\Users\ADMINI~1\AppData\Local\Temp\ccKBAR7J.s 			page 27


 1478 0009 1B       		.uleb128 0x1b
 1479 000a 0E       		.uleb128 0xe
 1480 000b 55       		.uleb128 0x55
 1481 000c 17       		.uleb128 0x17
 1482 000d 11       		.uleb128 0x11
 1483 000e 01       		.uleb128 0x1
 1484 000f 10       		.uleb128 0x10
 1485 0010 17       		.uleb128 0x17
 1486 0011 00       		.byte	0
 1487 0012 00       		.byte	0
 1488 0013 02       		.uleb128 0x2
 1489 0014 24       		.uleb128 0x24
 1490 0015 00       		.byte	0
 1491 0016 0B       		.uleb128 0xb
 1492 0017 0B       		.uleb128 0xb
 1493 0018 3E       		.uleb128 0x3e
 1494 0019 0B       		.uleb128 0xb
 1495 001a 03       		.uleb128 0x3
 1496 001b 08       		.uleb128 0x8
 1497 001c 00       		.byte	0
 1498 001d 00       		.byte	0
 1499 001e 03       		.uleb128 0x3
 1500 001f 16       		.uleb128 0x16
 1501 0020 00       		.byte	0
 1502 0021 03       		.uleb128 0x3
 1503 0022 0E       		.uleb128 0xe
 1504 0023 3A       		.uleb128 0x3a
 1505 0024 0B       		.uleb128 0xb
 1506 0025 3B       		.uleb128 0x3b
 1507 0026 0B       		.uleb128 0xb
 1508 0027 49       		.uleb128 0x49
 1509 0028 13       		.uleb128 0x13
 1510 0029 00       		.byte	0
 1511 002a 00       		.byte	0
 1512 002b 04       		.uleb128 0x4
 1513 002c 24       		.uleb128 0x24
 1514 002d 00       		.byte	0
 1515 002e 0B       		.uleb128 0xb
 1516 002f 0B       		.uleb128 0xb
 1517 0030 3E       		.uleb128 0x3e
 1518 0031 0B       		.uleb128 0xb
 1519 0032 03       		.uleb128 0x3
 1520 0033 0E       		.uleb128 0xe
 1521 0034 00       		.byte	0
 1522 0035 00       		.byte	0
 1523 0036 05       		.uleb128 0x5
 1524 0037 35       		.uleb128 0x35
 1525 0038 00       		.byte	0
 1526 0039 49       		.uleb128 0x49
 1527 003a 13       		.uleb128 0x13
 1528 003b 00       		.byte	0
 1529 003c 00       		.byte	0
 1530 003d 06       		.uleb128 0x6
 1531 003e 13       		.uleb128 0x13
 1532 003f 01       		.byte	0x1
 1533 0040 03       		.uleb128 0x3
 1534 0041 0E       		.uleb128 0xe
ARM GAS  C:\Users\ADMINI~1\AppData\Local\Temp\ccKBAR7J.s 			page 28


 1535 0042 0B       		.uleb128 0xb
 1536 0043 0B       		.uleb128 0xb
 1537 0044 3A       		.uleb128 0x3a
 1538 0045 0B       		.uleb128 0xb
 1539 0046 3B       		.uleb128 0x3b
 1540 0047 0B       		.uleb128 0xb
 1541 0048 01       		.uleb128 0x1
 1542 0049 13       		.uleb128 0x13
 1543 004a 00       		.byte	0
 1544 004b 00       		.byte	0
 1545 004c 07       		.uleb128 0x7
 1546 004d 0D       		.uleb128 0xd
 1547 004e 00       		.byte	0
 1548 004f 03       		.uleb128 0x3
 1549 0050 0E       		.uleb128 0xe
 1550 0051 3A       		.uleb128 0x3a
 1551 0052 0B       		.uleb128 0xb
 1552 0053 3B       		.uleb128 0x3b
 1553 0054 0B       		.uleb128 0xb
 1554 0055 49       		.uleb128 0x49
 1555 0056 13       		.uleb128 0x13
 1556 0057 38       		.uleb128 0x38
 1557 0058 0B       		.uleb128 0xb
 1558 0059 00       		.byte	0
 1559 005a 00       		.byte	0
 1560 005b 08       		.uleb128 0x8
 1561 005c 0D       		.uleb128 0xd
 1562 005d 00       		.byte	0
 1563 005e 03       		.uleb128 0x3
 1564 005f 08       		.uleb128 0x8
 1565 0060 3A       		.uleb128 0x3a
 1566 0061 0B       		.uleb128 0xb
 1567 0062 3B       		.uleb128 0x3b
 1568 0063 05       		.uleb128 0x5
 1569 0064 49       		.uleb128 0x49
 1570 0065 13       		.uleb128 0x13
 1571 0066 38       		.uleb128 0x38
 1572 0067 0B       		.uleb128 0xb
 1573 0068 00       		.byte	0
 1574 0069 00       		.byte	0
 1575 006a 09       		.uleb128 0x9
 1576 006b 0D       		.uleb128 0xd
 1577 006c 00       		.byte	0
 1578 006d 03       		.uleb128 0x3
 1579 006e 0E       		.uleb128 0xe
 1580 006f 3A       		.uleb128 0x3a
 1581 0070 0B       		.uleb128 0xb
 1582 0071 3B       		.uleb128 0x3b
 1583 0072 05       		.uleb128 0x5
 1584 0073 49       		.uleb128 0x49
 1585 0074 13       		.uleb128 0x13
 1586 0075 38       		.uleb128 0x38
 1587 0076 0B       		.uleb128 0xb
 1588 0077 00       		.byte	0
 1589 0078 00       		.byte	0
 1590 0079 0A       		.uleb128 0xa
 1591 007a 0F       		.uleb128 0xf
ARM GAS  C:\Users\ADMINI~1\AppData\Local\Temp\ccKBAR7J.s 			page 29


 1592 007b 00       		.byte	0
 1593 007c 0B       		.uleb128 0xb
 1594 007d 0B       		.uleb128 0xb
 1595 007e 49       		.uleb128 0x49
 1596 007f 13       		.uleb128 0x13
 1597 0080 00       		.byte	0
 1598 0081 00       		.byte	0
 1599 0082 0B       		.uleb128 0xb
 1600 0083 13       		.uleb128 0x13
 1601 0084 01       		.byte	0x1
 1602 0085 03       		.uleb128 0x3
 1603 0086 0E       		.uleb128 0xe
 1604 0087 0B       		.uleb128 0xb
 1605 0088 0B       		.uleb128 0xb
 1606 0089 3A       		.uleb128 0x3a
 1607 008a 0B       		.uleb128 0xb
 1608 008b 3B       		.uleb128 0x3b
 1609 008c 05       		.uleb128 0x5
 1610 008d 01       		.uleb128 0x1
 1611 008e 13       		.uleb128 0x13
 1612 008f 00       		.byte	0
 1613 0090 00       		.byte	0
 1614 0091 0C       		.uleb128 0xc
 1615 0092 15       		.uleb128 0x15
 1616 0093 01       		.byte	0x1
 1617 0094 27       		.uleb128 0x27
 1618 0095 19       		.uleb128 0x19
 1619 0096 01       		.uleb128 0x1
 1620 0097 13       		.uleb128 0x13
 1621 0098 00       		.byte	0
 1622 0099 00       		.byte	0
 1623 009a 0D       		.uleb128 0xd
 1624 009b 05       		.uleb128 0x5
 1625 009c 00       		.byte	0
 1626 009d 49       		.uleb128 0x49
 1627 009e 13       		.uleb128 0x13
 1628 009f 00       		.byte	0
 1629 00a0 00       		.byte	0
 1630 00a1 0E       		.uleb128 0xe
 1631 00a2 0F       		.uleb128 0xf
 1632 00a3 00       		.byte	0
 1633 00a4 0B       		.uleb128 0xb
 1634 00a5 0B       		.uleb128 0xb
 1635 00a6 00       		.byte	0
 1636 00a7 00       		.byte	0
 1637 00a8 0F       		.uleb128 0xf
 1638 00a9 13       		.uleb128 0x13
 1639 00aa 01       		.byte	0x1
 1640 00ab 03       		.uleb128 0x3
 1641 00ac 0E       		.uleb128 0xe
 1642 00ad 0B       		.uleb128 0xb
 1643 00ae 05       		.uleb128 0x5
 1644 00af 3A       		.uleb128 0x3a
 1645 00b0 0B       		.uleb128 0xb
 1646 00b1 3B       		.uleb128 0x3b
 1647 00b2 05       		.uleb128 0x5
 1648 00b3 01       		.uleb128 0x1
ARM GAS  C:\Users\ADMINI~1\AppData\Local\Temp\ccKBAR7J.s 			page 30


 1649 00b4 13       		.uleb128 0x13
 1650 00b5 00       		.byte	0
 1651 00b6 00       		.byte	0
 1652 00b7 10       		.uleb128 0x10
 1653 00b8 0D       		.uleb128 0xd
 1654 00b9 00       		.byte	0
 1655 00ba 03       		.uleb128 0x3
 1656 00bb 08       		.uleb128 0x8
 1657 00bc 3A       		.uleb128 0x3a
 1658 00bd 0B       		.uleb128 0xb
 1659 00be 3B       		.uleb128 0x3b
 1660 00bf 0B       		.uleb128 0xb
 1661 00c0 49       		.uleb128 0x49
 1662 00c1 13       		.uleb128 0x13
 1663 00c2 38       		.uleb128 0x38
 1664 00c3 0B       		.uleb128 0xb
 1665 00c4 00       		.byte	0
 1666 00c5 00       		.byte	0
 1667 00c6 11       		.uleb128 0x11
 1668 00c7 13       		.uleb128 0x13
 1669 00c8 01       		.byte	0x1
 1670 00c9 0B       		.uleb128 0xb
 1671 00ca 0B       		.uleb128 0xb
 1672 00cb 3A       		.uleb128 0x3a
 1673 00cc 0B       		.uleb128 0xb
 1674 00cd 3B       		.uleb128 0x3b
 1675 00ce 0B       		.uleb128 0xb
 1676 00cf 01       		.uleb128 0x1
 1677 00d0 13       		.uleb128 0x13
 1678 00d1 00       		.byte	0
 1679 00d2 00       		.byte	0
 1680 00d3 12       		.uleb128 0x12
 1681 00d4 17       		.uleb128 0x17
 1682 00d5 01       		.byte	0x1
 1683 00d6 0B       		.uleb128 0xb
 1684 00d7 0B       		.uleb128 0xb
 1685 00d8 3A       		.uleb128 0x3a
 1686 00d9 0B       		.uleb128 0xb
 1687 00da 3B       		.uleb128 0x3b
 1688 00db 0B       		.uleb128 0xb
 1689 00dc 01       		.uleb128 0x1
 1690 00dd 13       		.uleb128 0x13
 1691 00de 00       		.byte	0
 1692 00df 00       		.byte	0
 1693 00e0 13       		.uleb128 0x13
 1694 00e1 0D       		.uleb128 0xd
 1695 00e2 00       		.byte	0
 1696 00e3 03       		.uleb128 0x3
 1697 00e4 0E       		.uleb128 0xe
 1698 00e5 3A       		.uleb128 0x3a
 1699 00e6 0B       		.uleb128 0xb
 1700 00e7 3B       		.uleb128 0x3b
 1701 00e8 05       		.uleb128 0x5
 1702 00e9 49       		.uleb128 0x49
 1703 00ea 13       		.uleb128 0x13
 1704 00eb 00       		.byte	0
 1705 00ec 00       		.byte	0
ARM GAS  C:\Users\ADMINI~1\AppData\Local\Temp\ccKBAR7J.s 			page 31


 1706 00ed 14       		.uleb128 0x14
 1707 00ee 26       		.uleb128 0x26
 1708 00ef 00       		.byte	0
 1709 00f0 49       		.uleb128 0x49
 1710 00f1 13       		.uleb128 0x13
 1711 00f2 00       		.byte	0
 1712 00f3 00       		.byte	0
 1713 00f4 15       		.uleb128 0x15
 1714 00f5 01       		.uleb128 0x1
 1715 00f6 01       		.byte	0x1
 1716 00f7 49       		.uleb128 0x49
 1717 00f8 13       		.uleb128 0x13
 1718 00f9 01       		.uleb128 0x1
 1719 00fa 13       		.uleb128 0x13
 1720 00fb 00       		.byte	0
 1721 00fc 00       		.byte	0
 1722 00fd 16       		.uleb128 0x16
 1723 00fe 21       		.uleb128 0x21
 1724 00ff 00       		.byte	0
 1725 0100 49       		.uleb128 0x49
 1726 0101 13       		.uleb128 0x13
 1727 0102 2F       		.uleb128 0x2f
 1728 0103 0B       		.uleb128 0xb
 1729 0104 00       		.byte	0
 1730 0105 00       		.byte	0
 1731 0106 17       		.uleb128 0x17
 1732 0107 2E       		.uleb128 0x2e
 1733 0108 00       		.byte	0
 1734 0109 03       		.uleb128 0x3
 1735 010a 0E       		.uleb128 0xe
 1736 010b 3A       		.uleb128 0x3a
 1737 010c 0B       		.uleb128 0xb
 1738 010d 3B       		.uleb128 0x3b
 1739 010e 0B       		.uleb128 0xb
 1740 010f 27       		.uleb128 0x27
 1741 0110 19       		.uleb128 0x19
 1742 0111 49       		.uleb128 0x49
 1743 0112 13       		.uleb128 0x13
 1744 0113 20       		.uleb128 0x20
 1745 0114 0B       		.uleb128 0xb
 1746 0115 00       		.byte	0
 1747 0116 00       		.byte	0
 1748 0117 18       		.uleb128 0x18
 1749 0118 2E       		.uleb128 0x2e
 1750 0119 01       		.byte	0x1
 1751 011a 03       		.uleb128 0x3
 1752 011b 0E       		.uleb128 0xe
 1753 011c 3A       		.uleb128 0x3a
 1754 011d 0B       		.uleb128 0xb
 1755 011e 3B       		.uleb128 0x3b
 1756 011f 0B       		.uleb128 0xb
 1757 0120 27       		.uleb128 0x27
 1758 0121 19       		.uleb128 0x19
 1759 0122 20       		.uleb128 0x20
 1760 0123 0B       		.uleb128 0xb
 1761 0124 01       		.uleb128 0x1
 1762 0125 13       		.uleb128 0x13
ARM GAS  C:\Users\ADMINI~1\AppData\Local\Temp\ccKBAR7J.s 			page 32


 1763 0126 00       		.byte	0
 1764 0127 00       		.byte	0
 1765 0128 19       		.uleb128 0x19
 1766 0129 05       		.uleb128 0x5
 1767 012a 00       		.byte	0
 1768 012b 03       		.uleb128 0x3
 1769 012c 0E       		.uleb128 0xe
 1770 012d 3A       		.uleb128 0x3a
 1771 012e 0B       		.uleb128 0xb
 1772 012f 3B       		.uleb128 0x3b
 1773 0130 0B       		.uleb128 0xb
 1774 0131 49       		.uleb128 0x49
 1775 0132 13       		.uleb128 0x13
 1776 0133 00       		.byte	0
 1777 0134 00       		.byte	0
 1778 0135 1A       		.uleb128 0x1a
 1779 0136 2E       		.uleb128 0x2e
 1780 0137 01       		.byte	0x1
 1781 0138 03       		.uleb128 0x3
 1782 0139 0E       		.uleb128 0xe
 1783 013a 3A       		.uleb128 0x3a
 1784 013b 0B       		.uleb128 0xb
 1785 013c 3B       		.uleb128 0x3b
 1786 013d 05       		.uleb128 0x5
 1787 013e 27       		.uleb128 0x27
 1788 013f 19       		.uleb128 0x19
 1789 0140 49       		.uleb128 0x49
 1790 0141 13       		.uleb128 0x13
 1791 0142 20       		.uleb128 0x20
 1792 0143 0B       		.uleb128 0xb
 1793 0144 01       		.uleb128 0x1
 1794 0145 13       		.uleb128 0x13
 1795 0146 00       		.byte	0
 1796 0147 00       		.byte	0
 1797 0148 1B       		.uleb128 0x1b
 1798 0149 05       		.uleb128 0x5
 1799 014a 00       		.byte	0
 1800 014b 03       		.uleb128 0x3
 1801 014c 0E       		.uleb128 0xe
 1802 014d 3A       		.uleb128 0x3a
 1803 014e 0B       		.uleb128 0xb
 1804 014f 3B       		.uleb128 0x3b
 1805 0150 05       		.uleb128 0x5
 1806 0151 49       		.uleb128 0x49
 1807 0152 13       		.uleb128 0x13
 1808 0153 00       		.byte	0
 1809 0154 00       		.byte	0
 1810 0155 1C       		.uleb128 0x1c
 1811 0156 2E       		.uleb128 0x2e
 1812 0157 01       		.byte	0x1
 1813 0158 03       		.uleb128 0x3
 1814 0159 0E       		.uleb128 0xe
 1815 015a 3A       		.uleb128 0x3a
 1816 015b 0B       		.uleb128 0xb
 1817 015c 3B       		.uleb128 0x3b
 1818 015d 0B       		.uleb128 0xb
 1819 015e 27       		.uleb128 0x27
ARM GAS  C:\Users\ADMINI~1\AppData\Local\Temp\ccKBAR7J.s 			page 33


 1820 015f 19       		.uleb128 0x19
 1821 0160 8701     		.uleb128 0x87
 1822 0162 19       		.uleb128 0x19
 1823 0163 11       		.uleb128 0x11
 1824 0164 01       		.uleb128 0x1
 1825 0165 12       		.uleb128 0x12
 1826 0166 06       		.uleb128 0x6
 1827 0167 40       		.uleb128 0x40
 1828 0168 18       		.uleb128 0x18
 1829 0169 9742     		.uleb128 0x2117
 1830 016b 19       		.uleb128 0x19
 1831 016c 01       		.uleb128 0x1
 1832 016d 13       		.uleb128 0x13
 1833 016e 00       		.byte	0
 1834 016f 00       		.byte	0
 1835 0170 1D       		.uleb128 0x1d
 1836 0171 05       		.uleb128 0x5
 1837 0172 00       		.byte	0
 1838 0173 03       		.uleb128 0x3
 1839 0174 08       		.uleb128 0x8
 1840 0175 3A       		.uleb128 0x3a
 1841 0176 0B       		.uleb128 0xb
 1842 0177 3B       		.uleb128 0x3b
 1843 0178 0B       		.uleb128 0xb
 1844 0179 49       		.uleb128 0x49
 1845 017a 13       		.uleb128 0x13
 1846 017b 02       		.uleb128 0x2
 1847 017c 17       		.uleb128 0x17
 1848 017d 00       		.byte	0
 1849 017e 00       		.byte	0
 1850 017f 1E       		.uleb128 0x1e
 1851 0180 1D       		.uleb128 0x1d
 1852 0181 01       		.byte	0x1
 1853 0182 31       		.uleb128 0x31
 1854 0183 13       		.uleb128 0x13
 1855 0184 52       		.uleb128 0x52
 1856 0185 01       		.uleb128 0x1
 1857 0186 55       		.uleb128 0x55
 1858 0187 17       		.uleb128 0x17
 1859 0188 58       		.uleb128 0x58
 1860 0189 0B       		.uleb128 0xb
 1861 018a 59       		.uleb128 0x59
 1862 018b 0B       		.uleb128 0xb
 1863 018c 01       		.uleb128 0x1
 1864 018d 13       		.uleb128 0x13
 1865 018e 00       		.byte	0
 1866 018f 00       		.byte	0
 1867 0190 1F       		.uleb128 0x1f
 1868 0191 05       		.uleb128 0x5
 1869 0192 00       		.byte	0
 1870 0193 31       		.uleb128 0x31
 1871 0194 13       		.uleb128 0x13
 1872 0195 02       		.uleb128 0x2
 1873 0196 18       		.uleb128 0x18
 1874 0197 00       		.byte	0
 1875 0198 00       		.byte	0
 1876 0199 20       		.uleb128 0x20
ARM GAS  C:\Users\ADMINI~1\AppData\Local\Temp\ccKBAR7J.s 			page 34


 1877 019a 1D       		.uleb128 0x1d
 1878 019b 01       		.byte	0x1
 1879 019c 31       		.uleb128 0x31
 1880 019d 13       		.uleb128 0x13
 1881 019e 11       		.uleb128 0x11
 1882 019f 01       		.uleb128 0x1
 1883 01a0 12       		.uleb128 0x12
 1884 01a1 06       		.uleb128 0x6
 1885 01a2 58       		.uleb128 0x58
 1886 01a3 0B       		.uleb128 0xb
 1887 01a4 59       		.uleb128 0x59
 1888 01a5 0B       		.uleb128 0xb
 1889 01a6 01       		.uleb128 0x1
 1890 01a7 13       		.uleb128 0x13
 1891 01a8 00       		.byte	0
 1892 01a9 00       		.byte	0
 1893 01aa 21       		.uleb128 0x21
 1894 01ab 05       		.uleb128 0x5
 1895 01ac 00       		.byte	0
 1896 01ad 31       		.uleb128 0x31
 1897 01ae 13       		.uleb128 0x13
 1898 01af 02       		.uleb128 0x2
 1899 01b0 17       		.uleb128 0x17
 1900 01b1 00       		.byte	0
 1901 01b2 00       		.byte	0
 1902 01b3 22       		.uleb128 0x22
 1903 01b4 1D       		.uleb128 0x1d
 1904 01b5 00       		.byte	0
 1905 01b6 31       		.uleb128 0x31
 1906 01b7 13       		.uleb128 0x13
 1907 01b8 11       		.uleb128 0x11
 1908 01b9 01       		.uleb128 0x1
 1909 01ba 12       		.uleb128 0x12
 1910 01bb 06       		.uleb128 0x6
 1911 01bc 58       		.uleb128 0x58
 1912 01bd 0B       		.uleb128 0xb
 1913 01be 59       		.uleb128 0x59
 1914 01bf 05       		.uleb128 0x5
 1915 01c0 00       		.byte	0
 1916 01c1 00       		.byte	0
 1917 01c2 23       		.uleb128 0x23
 1918 01c3 898201   		.uleb128 0x4109
 1919 01c6 01       		.byte	0x1
 1920 01c7 11       		.uleb128 0x11
 1921 01c8 01       		.uleb128 0x1
 1922 01c9 31       		.uleb128 0x31
 1923 01ca 13       		.uleb128 0x13
 1924 01cb 00       		.byte	0
 1925 01cc 00       		.byte	0
 1926 01cd 24       		.uleb128 0x24
 1927 01ce 8A8201   		.uleb128 0x410a
 1928 01d1 00       		.byte	0
 1929 01d2 02       		.uleb128 0x2
 1930 01d3 18       		.uleb128 0x18
 1931 01d4 9142     		.uleb128 0x2111
 1932 01d6 18       		.uleb128 0x18
 1933 01d7 00       		.byte	0
ARM GAS  C:\Users\ADMINI~1\AppData\Local\Temp\ccKBAR7J.s 			page 35


 1934 01d8 00       		.byte	0
 1935 01d9 25       		.uleb128 0x25
 1936 01da 2E       		.uleb128 0x2e
 1937 01db 01       		.byte	0x1
 1938 01dc 3F       		.uleb128 0x3f
 1939 01dd 19       		.uleb128 0x19
 1940 01de 03       		.uleb128 0x3
 1941 01df 0E       		.uleb128 0xe
 1942 01e0 3A       		.uleb128 0x3a
 1943 01e1 0B       		.uleb128 0xb
 1944 01e2 3B       		.uleb128 0x3b
 1945 01e3 0B       		.uleb128 0xb
 1946 01e4 27       		.uleb128 0x27
 1947 01e5 19       		.uleb128 0x19
 1948 01e6 11       		.uleb128 0x11
 1949 01e7 01       		.uleb128 0x1
 1950 01e8 12       		.uleb128 0x12
 1951 01e9 06       		.uleb128 0x6
 1952 01ea 40       		.uleb128 0x40
 1953 01eb 18       		.uleb128 0x18
 1954 01ec 9742     		.uleb128 0x2117
 1955 01ee 19       		.uleb128 0x19
 1956 01ef 01       		.uleb128 0x1
 1957 01f0 13       		.uleb128 0x13
 1958 01f1 00       		.byte	0
 1959 01f2 00       		.byte	0
 1960 01f3 26       		.uleb128 0x26
 1961 01f4 05       		.uleb128 0x5
 1962 01f5 00       		.byte	0
 1963 01f6 03       		.uleb128 0x3
 1964 01f7 0E       		.uleb128 0xe
 1965 01f8 3A       		.uleb128 0x3a
 1966 01f9 0B       		.uleb128 0xb
 1967 01fa 3B       		.uleb128 0x3b
 1968 01fb 0B       		.uleb128 0xb
 1969 01fc 49       		.uleb128 0x49
 1970 01fd 13       		.uleb128 0x13
 1971 01fe 02       		.uleb128 0x2
 1972 01ff 18       		.uleb128 0x18
 1973 0200 00       		.byte	0
 1974 0201 00       		.byte	0
 1975 0202 27       		.uleb128 0x27
 1976 0203 1D       		.uleb128 0x1d
 1977 0204 00       		.byte	0
 1978 0205 31       		.uleb128 0x31
 1979 0206 13       		.uleb128 0x13
 1980 0207 52       		.uleb128 0x52
 1981 0208 01       		.uleb128 0x1
 1982 0209 55       		.uleb128 0x55
 1983 020a 17       		.uleb128 0x17
 1984 020b 58       		.uleb128 0x58
 1985 020c 0B       		.uleb128 0xb
 1986 020d 59       		.uleb128 0x59
 1987 020e 0B       		.uleb128 0xb
 1988 020f 00       		.byte	0
 1989 0210 00       		.byte	0
 1990 0211 28       		.uleb128 0x28
ARM GAS  C:\Users\ADMINI~1\AppData\Local\Temp\ccKBAR7J.s 			page 36


 1991 0212 2E       		.uleb128 0x2e
 1992 0213 00       		.byte	0
 1993 0214 3F       		.uleb128 0x3f
 1994 0215 19       		.uleb128 0x19
 1995 0216 03       		.uleb128 0x3
 1996 0217 0E       		.uleb128 0xe
 1997 0218 3A       		.uleb128 0x3a
 1998 0219 0B       		.uleb128 0xb
 1999 021a 3B       		.uleb128 0x3b
 2000 021b 0B       		.uleb128 0xb
 2001 021c 27       		.uleb128 0x27
 2002 021d 19       		.uleb128 0x19
 2003 021e 49       		.uleb128 0x49
 2004 021f 13       		.uleb128 0x13
 2005 0220 11       		.uleb128 0x11
 2006 0221 01       		.uleb128 0x1
 2007 0222 12       		.uleb128 0x12
 2008 0223 06       		.uleb128 0x6
 2009 0224 40       		.uleb128 0x40
 2010 0225 18       		.uleb128 0x18
 2011 0226 9742     		.uleb128 0x2117
 2012 0228 19       		.uleb128 0x19
 2013 0229 00       		.byte	0
 2014 022a 00       		.byte	0
 2015 022b 29       		.uleb128 0x29
 2016 022c 34       		.uleb128 0x34
 2017 022d 00       		.byte	0
 2018 022e 03       		.uleb128 0x3
 2019 022f 0E       		.uleb128 0xe
 2020 0230 3A       		.uleb128 0x3a
 2021 0231 0B       		.uleb128 0xb
 2022 0232 3B       		.uleb128 0x3b
 2023 0233 0B       		.uleb128 0xb
 2024 0234 49       		.uleb128 0x49
 2025 0235 13       		.uleb128 0x13
 2026 0236 02       		.uleb128 0x2
 2027 0237 18       		.uleb128 0x18
 2028 0238 00       		.byte	0
 2029 0239 00       		.byte	0
 2030 023a 2A       		.uleb128 0x2a
 2031 023b 34       		.uleb128 0x34
 2032 023c 00       		.byte	0
 2033 023d 03       		.uleb128 0x3
 2034 023e 0E       		.uleb128 0xe
 2035 023f 3A       		.uleb128 0x3a
 2036 0240 0B       		.uleb128 0xb
 2037 0241 3B       		.uleb128 0x3b
 2038 0242 05       		.uleb128 0x5
 2039 0243 49       		.uleb128 0x49
 2040 0244 13       		.uleb128 0x13
 2041 0245 3F       		.uleb128 0x3f
 2042 0246 19       		.uleb128 0x19
 2043 0247 3C       		.uleb128 0x3c
 2044 0248 19       		.uleb128 0x19
 2045 0249 00       		.byte	0
 2046 024a 00       		.byte	0
 2047 024b 2B       		.uleb128 0x2b
ARM GAS  C:\Users\ADMINI~1\AppData\Local\Temp\ccKBAR7J.s 			page 37


 2048 024c 34       		.uleb128 0x34
 2049 024d 00       		.byte	0
 2050 024e 03       		.uleb128 0x3
 2051 024f 08       		.uleb128 0x8
 2052 0250 3A       		.uleb128 0x3a
 2053 0251 0B       		.uleb128 0xb
 2054 0252 3B       		.uleb128 0x3b
 2055 0253 05       		.uleb128 0x5
 2056 0254 49       		.uleb128 0x49
 2057 0255 13       		.uleb128 0x13
 2058 0256 3F       		.uleb128 0x3f
 2059 0257 19       		.uleb128 0x19
 2060 0258 3C       		.uleb128 0x3c
 2061 0259 19       		.uleb128 0x19
 2062 025a 00       		.byte	0
 2063 025b 00       		.byte	0
 2064 025c 2C       		.uleb128 0x2c
 2065 025d 2E       		.uleb128 0x2e
 2066 025e 00       		.byte	0
 2067 025f 3F       		.uleb128 0x3f
 2068 0260 19       		.uleb128 0x19
 2069 0261 3C       		.uleb128 0x3c
 2070 0262 19       		.uleb128 0x19
 2071 0263 6E       		.uleb128 0x6e
 2072 0264 0E       		.uleb128 0xe
 2073 0265 03       		.uleb128 0x3
 2074 0266 0E       		.uleb128 0xe
 2075 0267 3A       		.uleb128 0x3a
 2076 0268 0B       		.uleb128 0xb
 2077 0269 3B       		.uleb128 0x3b
 2078 026a 0B       		.uleb128 0xb
 2079 026b 00       		.byte	0
 2080 026c 00       		.byte	0
 2081 026d 00       		.byte	0
 2082              		.section	.debug_loc,"",%progbits
 2083              	.Ldebug_loc0:
 2084              	.LLST0:
 2085 0000 00000000 		.4byte	.LVL0
 2086 0004 1C000000 		.4byte	.LVL1
 2087 0008 0100     		.2byte	0x1
 2088 000a 50       		.byte	0x50
 2089 000b 1C000000 		.4byte	.LVL1
 2090 000f 6C000000 		.4byte	.LFE260
 2091 0013 0400     		.2byte	0x4
 2092 0015 F3       		.byte	0xf3
 2093 0016 01       		.uleb128 0x1
 2094 0017 50       		.byte	0x50
 2095 0018 9F       		.byte	0x9f
 2096 0019 00000000 		.4byte	0
 2097 001d 00000000 		.4byte	0
 2098              	.LLST1:
 2099 0021 20000000 		.4byte	.LVL2
 2100 0025 22000000 		.4byte	.LVL3
 2101 0029 0100     		.2byte	0x1
 2102 002b 51       		.byte	0x51
 2103 002c 00000000 		.4byte	0
 2104 0030 00000000 		.4byte	0
ARM GAS  C:\Users\ADMINI~1\AppData\Local\Temp\ccKBAR7J.s 			page 38


 2105              		.section	.debug_aranges,"",%progbits
 2106 0000 44000000 		.4byte	0x44
 2107 0004 0200     		.2byte	0x2
 2108 0006 00000000 		.4byte	.Ldebug_info0
 2109 000a 04       		.byte	0x4
 2110 000b 00       		.byte	0
 2111 000c 0000     		.2byte	0
 2112 000e 0000     		.2byte	0
 2113 0010 00000000 		.4byte	.LFB260
 2114 0014 6C000000 		.4byte	.LFE260-.LFB260
 2115 0018 00000000 		.4byte	.LFB256
 2116 001c 0C000000 		.4byte	.LFE256-.LFB256
 2117 0020 00000000 		.4byte	.LFB257
 2118 0024 14000000 		.4byte	.LFE257-.LFB257
 2119 0028 00000000 		.4byte	.LFB258
 2120 002c 0C000000 		.4byte	.LFE258-.LFB258
 2121 0030 00000000 		.4byte	.LFB259
 2122 0034 0C000000 		.4byte	.LFE259-.LFB259
 2123 0038 00000000 		.4byte	.LFB261
 2124 003c 40000000 		.4byte	.LFE261-.LFB261
 2125 0040 00000000 		.4byte	0
 2126 0044 00000000 		.4byte	0
 2127              		.section	.debug_ranges,"",%progbits
 2128              	.Ldebug_ranges0:
 2129 0000 02000000 		.4byte	.LBB12
 2130 0004 10000000 		.4byte	.LBE12
 2131 0008 14000000 		.4byte	.LBB15
 2132 000c 16000000 		.4byte	.LBE15
 2133 0010 00000000 		.4byte	0
 2134 0014 00000000 		.4byte	0
 2135 0018 00000000 		.4byte	.LBB20
 2136 001c 02000000 		.4byte	.LBE20
 2137 0020 04000000 		.4byte	.LBB23
 2138 0024 06000000 		.4byte	.LBE23
 2139 0028 00000000 		.4byte	0
 2140 002c 00000000 		.4byte	0
 2141 0030 00000000 		.4byte	.LFB260
 2142 0034 6C000000 		.4byte	.LFE260
 2143 0038 00000000 		.4byte	.LFB256
 2144 003c 0C000000 		.4byte	.LFE256
 2145 0040 00000000 		.4byte	.LFB257
 2146 0044 14000000 		.4byte	.LFE257
 2147 0048 00000000 		.4byte	.LFB258
 2148 004c 0C000000 		.4byte	.LFE258
 2149 0050 00000000 		.4byte	.LFB259
 2150 0054 0C000000 		.4byte	.LFE259
 2151 0058 00000000 		.4byte	.LFB261
 2152 005c 40000000 		.4byte	.LFE261
 2153 0060 00000000 		.4byte	0
 2154 0064 00000000 		.4byte	0
 2155              		.section	.debug_line,"",%progbits
 2156              	.Ldebug_line0:
 2157 0000 68030000 		.section	.debug_str,"MS",%progbits,1
 2157      02009802 
 2157      00000201 
 2157      FB0E0D00 
 2157      01010101 
ARM GAS  C:\Users\ADMINI~1\AppData\Local\Temp\ccKBAR7J.s 			page 39


 2158              	.LASF54:
 2159 0000 72656164 		.ascii	"ready_list_t\000"
 2159      795F6C69 
 2159      73745F74 
 2159      00
 2160              	.LASF2:
 2161 000d 73697A65 		.ascii	"size_t\000"
 2161      5F7400
 2162              	.LASF89:
 2163 0014 7264796D 		.ascii	"rdymsg\000"
 2163      736700
 2164              	.LASF17:
 2165 001b 75696E74 		.ascii	"uint64_t\000"
 2165      36345F74 
 2165      00
 2166              	.LASF3:
 2167 0024 5F5F7569 		.ascii	"__uint8_t\000"
 2167      6E74385F 
 2167      7400
 2168              	.LASF86:
 2169 002e 706F7274 		.ascii	"port_intctx\000"
 2169      5F696E74 
 2169      63747800 
 2170              	.LASF73:
 2171 003a 73797374 		.ascii	"system_debug_t\000"
 2171      656D5F64 
 2171      65627567 
 2171      5F7400
 2172              	.LASF13:
 2173 0049 6C6F6E67 		.ascii	"long long unsigned int\000"
 2173      206C6F6E 
 2173      6720756E 
 2173      7369676E 
 2173      65642069 
 2174              	.LASF90:
 2175 0060 65786974 		.ascii	"exitcode\000"
 2175      636F6465 
 2175      00
 2176              	.LASF80:
 2177 0069 6D61696E 		.ascii	"mainthread\000"
 2177      74687265 
 2177      616400
 2178              	.LASF70:
 2179 0074 76697274 		.ascii	"virtual_timers_list_t\000"
 2179      75616C5F 
 2179      74696D65 
 2179      72735F6C 
 2179      6973745F 
 2180              	.LASF119:
 2181 008a 49544D5F 		.ascii	"ITM_RxBuffer\000"
 2181      52784275 
 2181      66666572 
 2181      00
 2182              	.LASF53:
 2183 0097 63685F74 		.ascii	"ch_threads_queue\000"
 2183      68726561 
 2183      64735F71 
ARM GAS  C:\Users\ADMINI~1\AppData\Local\Temp\ccKBAR7J.s 			page 40


 2183      75657565 
 2183      00
 2184              	.LASF31:
 2185 00a8 705F7072 		.ascii	"p_prio\000"
 2185      696F00
 2186              	.LASF11:
 2187 00af 6C6F6E67 		.ascii	"long long int\000"
 2187      206C6F6E 
 2187      6720696E 
 2187      7400
 2188              	.LASF1:
 2189 00bd 7369676E 		.ascii	"signed char\000"
 2189      65642063 
 2189      68617200 
 2190              	.LASF47:
 2191 00c9 705F6D70 		.ascii	"p_mpool\000"
 2191      6F6F6C00 
 2192              	.LASF100:
 2193 00d1 6D5F7175 		.ascii	"m_queue\000"
 2193      65756500 
 2194              	.LASF79:
 2195 00d9 76746C69 		.ascii	"vtlist\000"
 2195      737400
 2196              	.LASF22:
 2197 00e0 74736C69 		.ascii	"tslices_t\000"
 2197      6365735F 
 2197      7400
 2198              	.LASF114:
 2199 00ea 74696D65 		.ascii	"timeout_init\000"
 2199      6F75745F 
 2199      696E6974 
 2199      00
 2200              	.LASF92:
 2201 00f7 77747472 		.ascii	"wttrp\000"
 2201      7000
 2202              	.LASF77:
 2203 00fd 63685F73 		.ascii	"ch_system\000"
 2203      79737465 
 2203      6D00
 2204              	.LASF8:
 2205 0107 6C6F6E67 		.ascii	"long int\000"
 2205      20696E74 
 2205      00
 2206              	.LASF110:
 2207 0110 74696D65 		.ascii	"timeout_configure\000"
 2207      6F75745F 
 2207      636F6E66 
 2207      69677572 
 2207      6500
 2208              	.LASF20:
 2209 0122 74737461 		.ascii	"tstate_t\000"
 2209      74655F74 
 2209      00
 2210              	.LASF123:
 2211 012b 7372632F 		.ascii	"src/core/timeout.c\000"
 2211      636F7265 
 2211      2F74696D 
ARM GAS  C:\Users\ADMINI~1\AppData\Local\Temp\ccKBAR7J.s 			page 41


 2211      656F7574 
 2211      2E6300
 2212              	.LASF33:
 2213 013e 705F6E65 		.ascii	"p_newer\000"
 2213      77657200 
 2214              	.LASF97:
 2215 0146 735F7175 		.ascii	"s_queue\000"
 2215      65756500 
 2216              	.LASF59:
 2217 014e 725F6E65 		.ascii	"r_newer\000"
 2217      77657200 
 2218              	.LASF83:
 2219 0156 72656761 		.ascii	"regarm_t\000"
 2219      726D5F74 
 2219      00
 2220              	.LASF115:
 2221 015f 74696D65 		.ascii	"timeout_msec\000"
 2221      6F75745F 
 2221      6D736563 
 2221      00
 2222              	.LASF122:
 2223 016c 474E5520 		.ascii	"GNU C99 5.3.1 20160307 (release) [ARM/embedded-5-br"
 2223      43393920 
 2223      352E332E 
 2223      31203230 
 2223      31363033 
 2224 019f 616E6368 		.ascii	"anch revision 234589] -mcpu=cortex-m4 -mfloat-abi=h"
 2224      20726576 
 2224      6973696F 
 2224      6E203233 
 2224      34353839 
 2225 01d2 61726420 		.ascii	"ard -mfpu=fpv4-sp-d16 -mno-thumb-interwork -mthumb "
 2225      2D6D6670 
 2225      753D6670 
 2225      76342D73 
 2225      702D6431 
 2226 0205 2D676764 		.ascii	"-ggdb -O2 -std=gnu99 -fomit-frame-pointer -falign-f"
 2226      62202D4F 
 2226      32202D73 
 2226      74643D67 
 2226      6E753939 
 2227 0238 756E6374 		.ascii	"unctions=16 -ffunction-sections -fdata-sections -fn"
 2227      696F6E73 
 2227      3D313620 
 2227      2D666675 
 2227      6E637469 
 2228 026b 6F2D636F 		.ascii	"o-common -fsingle-precision-constant\000"
 2228      6D6D6F6E 
 2228      202D6673 
 2228      696E676C 
 2228      652D7072 
 2229              	.LASF78:
 2230 0290 726C6973 		.ascii	"rlist\000"
 2230      7400
 2231              	.LASF66:
 2232 0296 76745F70 		.ascii	"vt_prev\000"
 2232      72657600 
ARM GAS  C:\Users\ADMINI~1\AppData\Local\Temp\ccKBAR7J.s 			page 42


 2233              	.LASF104:
 2234 029e 6D757465 		.ascii	"mutex_t\000"
 2234      785F7400 
 2235              	.LASF81:
 2236 02a6 69646C65 		.ascii	"idle_thread_wa\000"
 2236      5F746872 
 2236      6561645F 
 2236      776100
 2237              	.LASF26:
 2238 02b5 636E745F 		.ascii	"cnt_t\000"
 2238      7400
 2239              	.LASF125:
 2240 02bb 63685654 		.ascii	"chVTGetSystemTimeX\000"
 2240      47657453 
 2240      79737465 
 2240      6D54696D 
 2240      655800
 2241              	.LASF0:
 2242 02ce 756E7369 		.ascii	"unsigned int\000"
 2242      676E6564 
 2242      20696E74 
 2242      00
 2243              	.LASF65:
 2244 02db 76745F6E 		.ascii	"vt_next\000"
 2244      65787400 
 2245              	.LASF40:
 2246 02e3 705F7469 		.ascii	"p_time\000"
 2246      6D6500
 2247              	.LASF93:
 2248 02ea 77747365 		.ascii	"wtsemp\000"
 2248      6D7000
 2249              	.LASF67:
 2250 02f1 76745F64 		.ascii	"vt_delta\000"
 2250      656C7461 
 2250      00
 2251              	.LASF42:
 2252 02fa 705F6D73 		.ascii	"p_msgqueue\000"
 2252      67717565 
 2252      756500
 2253              	.LASF109:
 2254 0305 74696D65 		.ascii	"timeout\000"
 2254      6F757400 
 2255              	.LASF107:
 2256 030d 6E616D65 		.ascii	"name\000"
 2256      00
 2257              	.LASF98:
 2258 0312 735F636E 		.ascii	"s_cnt\000"
 2258      7400
 2259              	.LASF113:
 2260 0318 74696D65 		.ascii	"timeout_get_timeout_msec\000"
 2260      6F75745F 
 2260      6765745F 
 2260      74696D65 
 2260      6F75745F 
 2261              	.LASF6:
 2262 0331 73686F72 		.ascii	"short unsigned int\000"
 2262      7420756E 
ARM GAS  C:\Users\ADMINI~1\AppData\Local\Temp\ccKBAR7J.s 			page 43


 2262      7369676E 
 2262      65642069 
 2262      6E7400
 2263              	.LASF50:
 2264 0344 63685F74 		.ascii	"ch_thread\000"
 2264      68726561 
 2264      6400
 2265              	.LASF24:
 2266 034e 6D73675F 		.ascii	"msg_t\000"
 2266      7400
 2267              	.LASF118:
 2268 0354 74696D65 		.ascii	"timeout_thread_wa\000"
 2268      6F75745F 
 2268      74687265 
 2268      61645F77 
 2268      6100
 2269              	.LASF76:
 2270 0366 63685F73 		.ascii	"ch_system_t\000"
 2270      79737465 
 2270      6D5F7400 
 2271              	.LASF19:
 2272 0372 746D6F64 		.ascii	"tmode_t\000"
 2272      655F7400 
 2273              	.LASF55:
 2274 037a 63685F72 		.ascii	"ch_ready_list\000"
 2274      65616479 
 2274      5F6C6973 
 2274      7400
 2275              	.LASF25:
 2276 0388 6576656E 		.ascii	"eventmask_t\000"
 2276      746D6173 
 2276      6B5F7400 
 2277              	.LASF7:
 2278 0394 5F5F696E 		.ascii	"__int32_t\000"
 2278      7433325F 
 2278      7400
 2279              	.LASF84:
 2280 039e 73746B61 		.ascii	"stkalign_t\000"
 2280      6C69676E 
 2280      5F7400
 2281              	.LASF121:
 2282 03a9 63685468 		.ascii	"chThdCreateStatic\000"
 2282      64437265 
 2282      61746553 
 2282      74617469 
 2282      6300
 2283              	.LASF49:
 2284 03bb 74687265 		.ascii	"threads_list_t\000"
 2284      6164735F 
 2284      6C697374 
 2284      5F7400
 2285              	.LASF41:
 2286 03ca 705F7761 		.ascii	"p_waiting\000"
 2286      6974696E 
 2286      6700
 2287              	.LASF82:
 2288 03d4 73697A65 		.ascii	"sizetype\000"
ARM GAS  C:\Users\ADMINI~1\AppData\Local\Temp\ccKBAR7J.s 			page 44


 2288      74797065 
 2288      00
 2289              	.LASF48:
 2290 03dd 74687265 		.ascii	"thread_reference_t\000"
 2290      61645F72 
 2290      65666572 
 2290      656E6365 
 2290      5F7400
 2291              	.LASF71:
 2292 03f0 63685F76 		.ascii	"ch_virtual_timers_list\000"
 2292      69727475 
 2292      616C5F74 
 2292      696D6572 
 2292      735F6C69 
 2293              	.LASF34:
 2294 0407 705F6F6C 		.ascii	"p_older\000"
 2294      64657200 
 2295              	.LASF58:
 2296 040f 725F6374 		.ascii	"r_ctx\000"
 2296      7800
 2297              	.LASF88:
 2298 0415 746D5F63 		.ascii	"tm_calibration_t\000"
 2298      616C6962 
 2298      72617469 
 2298      6F6E5F74 
 2298      00
 2299              	.LASF61:
 2300 0426 725F6375 		.ascii	"r_current\000"
 2300      7272656E 
 2300      7400
 2301              	.LASF60:
 2302 0430 725F6F6C 		.ascii	"r_older\000"
 2302      64657200 
 2303              	.LASF117:
 2304 0438 6861735F 		.ascii	"has_timeout\000"
 2304      74696D65 
 2304      6F757400 
 2305              	.LASF12:
 2306 0444 5F5F7569 		.ascii	"__uint64_t\000"
 2306      6E743634 
 2306      5F7400
 2307              	.LASF106:
 2308 044f 666C6F61 		.ascii	"float\000"
 2308      7400
 2309              	.LASF21:
 2310 0455 74726566 		.ascii	"trefs_t\000"
 2310      735F7400 
 2311              	.LASF63:
 2312 045d 76697274 		.ascii	"virtual_timer_t\000"
 2312      75616C5F 
 2312      74696D65 
 2312      725F7400 
 2313              	.LASF30:
 2314 046d 705F7072 		.ascii	"p_prev\000"
 2314      657600
 2315              	.LASF23:
 2316 0474 74707269 		.ascii	"tprio_t\000"
ARM GAS  C:\Users\ADMINI~1\AppData\Local\Temp\ccKBAR7J.s 			page 45


 2316      6F5F7400 
 2317              	.LASF127:
 2318 047c 63685654 		.ascii	"chVTTimeElapsedSinceX\000"
 2318      54696D65 
 2318      456C6170 
 2318      73656453 
 2318      696E6365 
 2319              	.LASF74:
 2320 0492 63685F73 		.ascii	"ch_system_debug\000"
 2320      79737465 
 2320      6D5F6465 
 2320      62756700 
 2321              	.LASF105:
 2322 04a2 5F426F6F 		.ascii	"_Bool\000"
 2322      6C00
 2323              	.LASF15:
 2324 04a8 696E7433 		.ascii	"int32_t\000"
 2324      325F7400 
 2325              	.LASF4:
 2326 04b0 756E7369 		.ascii	"unsigned char\000"
 2326      676E6564 
 2326      20636861 
 2326      7200
 2327              	.LASF128:
 2328 04be 74696D65 		.ascii	"timeout_thread\000"
 2328      6F75745F 
 2328      74687265 
 2328      616400
 2329              	.LASF45:
 2330 04cd 705F6D74 		.ascii	"p_mtxlist\000"
 2330      786C6973 
 2330      7400
 2331              	.LASF5:
 2332 04d7 73686F72 		.ascii	"short int\000"
 2332      7420696E 
 2332      7400
 2333              	.LASF36:
 2334 04e1 705F7374 		.ascii	"p_state\000"
 2334      61746500 
 2335              	.LASF39:
 2336 04e9 705F7072 		.ascii	"p_preempt\000"
 2336      65656D70 
 2336      7400
 2337              	.LASF57:
 2338 04f3 725F7072 		.ascii	"r_prio\000"
 2338      696F00
 2339              	.LASF95:
 2340 04fa 65776D61 		.ascii	"ewmask\000"
 2340      736B00
 2341              	.LASF29:
 2342 0501 705F6E65 		.ascii	"p_next\000"
 2342      787400
 2343              	.LASF37:
 2344 0508 705F666C 		.ascii	"p_flags\000"
 2344      61677300 
 2345              	.LASF64:
 2346 0510 63685F76 		.ascii	"ch_virtual_timer\000"
ARM GAS  C:\Users\ADMINI~1\AppData\Local\Temp\ccKBAR7J.s 			page 46


 2346      69727475 
 2346      616C5F74 
 2346      696D6572 
 2346      00
 2347              	.LASF96:
 2348 0521 63685F73 		.ascii	"ch_semaphore\000"
 2348      656D6170 
 2348      686F7265 
 2348      00
 2349              	.LASF44:
 2350 052e 705F6570 		.ascii	"p_epending\000"
 2350      656E6469 
 2350      6E6700
 2351              	.LASF120:
 2352 0539 63685468 		.ascii	"chThdSleep\000"
 2352      64536C65 
 2352      657000
 2353              	.LASF16:
 2354 0544 75696E74 		.ascii	"uint32_t\000"
 2354      33325F74 
 2354      00
 2355              	.LASF94:
 2356 054d 77746D74 		.ascii	"wtmtxp\000"
 2356      787000
 2357              	.LASF56:
 2358 0554 725F7175 		.ascii	"r_queue\000"
 2358      65756500 
 2359              	.LASF51:
 2360 055c 63685F74 		.ascii	"ch_threads_list\000"
 2360      68726561 
 2360      64735F6C 
 2360      69737400 
 2361              	.LASF10:
 2362 056c 6C6F6E67 		.ascii	"long unsigned int\000"
 2362      20756E73 
 2362      69676E65 
 2362      6420696E 
 2362      7400
 2363              	.LASF103:
 2364 057e 63686172 		.ascii	"char\000"
 2364      00
 2365              	.LASF28:
 2366 0583 74687265 		.ascii	"thread_t\000"
 2366      61645F74 
 2366      00
 2367              	.LASF112:
 2368 058c 74696D65 		.ascii	"timeout_has_timeout\000"
 2368      6F75745F 
 2368      6861735F 
 2368      74696D65 
 2368      6F757400 
 2369              	.LASF102:
 2370 05a0 6D5F6E65 		.ascii	"m_next\000"
 2370      787400
 2371              	.LASF27:
 2372 05a7 73797374 		.ascii	"systime_t\000"
 2372      696D655F 
ARM GAS  C:\Users\ADMINI~1\AppData\Local\Temp\ccKBAR7J.s 			page 47


 2372      7400
 2373              	.LASF46:
 2374 05b1 705F7265 		.ascii	"p_realprio\000"
 2374      616C7072 
 2374      696F00
 2375              	.LASF62:
 2376 05bc 76746675 		.ascii	"vtfunc_t\000"
 2376      6E635F74 
 2376      00
 2377              	.LASF9:
 2378 05c5 5F5F7569 		.ascii	"__uint32_t\000"
 2378      6E743332 
 2378      5F7400
 2379              	.LASF75:
 2380 05d0 70616E69 		.ascii	"panic_msg\000"
 2380      635F6D73 
 2380      6700
 2381              	.LASF87:
 2382 05da 6F666673 		.ascii	"offset\000"
 2382      657400
 2383              	.LASF85:
 2384 05e1 636F6E74 		.ascii	"context\000"
 2384      65787400 
 2385              	.LASF18:
 2386 05e9 7274636E 		.ascii	"rtcnt_t\000"
 2386      745F7400 
 2387              	.LASF116:
 2388 05f1 6C617374 		.ascii	"last_update_time\000"
 2388      5F757064 
 2388      6174655F 
 2388      74696D65 
 2388      00
 2389              	.LASF69:
 2390 0602 76745F70 		.ascii	"vt_par\000"
 2390      617200
 2391              	.LASF52:
 2392 0609 74687265 		.ascii	"threads_queue_t\000"
 2392      6164735F 
 2392      71756575 
 2392      655F7400 
 2393              	.LASF99:
 2394 0619 63685F6D 		.ascii	"ch_mutex\000"
 2394      75746578 
 2394      00
 2395              	.LASF38:
 2396 0622 705F7265 		.ascii	"p_refs\000"
 2396      667300
 2397              	.LASF124:
 2398 0629 563A5C67 		.ascii	"V:\\git\\oroca_bldc_dev\\oroca_bldc_FW\000"
 2398      69745C6F 
 2398      726F6361 
 2398      5F626C64 
 2398      635F6465 
 2399              	.LASF14:
 2400 064d 75696E74 		.ascii	"uint8_t\000"
 2400      385F7400 
 2401              	.LASF91:
ARM GAS  C:\Users\ADMINI~1\AppData\Local\Temp\ccKBAR7J.s 			page 48


 2402 0655 77746F62 		.ascii	"wtobjp\000"
 2402      6A7000
 2403              	.LASF111:
 2404 065c 74696D65 		.ascii	"timeout_reset\000"
 2404      6F75745F 
 2404      72657365 
 2404      7400
 2405              	.LASF35:
 2406 066a 705F6E61 		.ascii	"p_name\000"
 2406      6D6500
 2407              	.LASF72:
 2408 0671 76745F73 		.ascii	"vt_systime\000"
 2408      79737469 
 2408      6D6500
 2409              	.LASF43:
 2410 067c 705F6D73 		.ascii	"p_msg\000"
 2410      6700
 2411              	.LASF108:
 2412 0682 73746172 		.ascii	"start\000"
 2412      7400
 2413              	.LASF126:
 2414 0688 63685265 		.ascii	"chRegSetThreadName\000"
 2414      67536574 
 2414      54687265 
 2414      61644E61 
 2414      6D6500
 2415              	.LASF101:
 2416 069b 6D5F6F77 		.ascii	"m_owner\000"
 2416      6E657200 
 2417              	.LASF32:
 2418 06a3 705F6374 		.ascii	"p_ctx\000"
 2418      7800
 2419              	.LASF68:
 2420 06a9 76745F66 		.ascii	"vt_func\000"
 2420      756E6300 
 2421              		.ident	"GCC: (GNU Tools for ARM Embedded Processors) 5.3.1 20160307 (release) [ARM/embedded-5-bran
ARM GAS  C:\Users\ADMINI~1\AppData\Local\Temp\ccKBAR7J.s 			page 49


DEFINED SYMBOLS
                            *ABS*:00000000 timeout.c
C:\Users\ADMINI~1\AppData\Local\Temp\ccKBAR7J.s:22     .text.timeout_thread:00000000 $t
C:\Users\ADMINI~1\AppData\Local\Temp\ccKBAR7J.s:27     .text.timeout_thread:00000000 timeout_thread
C:\Users\ADMINI~1\AppData\Local\Temp\ccKBAR7J.s:113    .text.timeout_thread:00000054 $d
C:\Users\ADMINI~1\AppData\Local\Temp\ccKBAR7J.s:123    .text.timeout_configure:00000000 $t
C:\Users\ADMINI~1\AppData\Local\Temp\ccKBAR7J.s:129    .text.timeout_configure:00000000 timeout_configure
C:\Users\ADMINI~1\AppData\Local\Temp\ccKBAR7J.s:144    .text.timeout_configure:00000008 $d
C:\Users\ADMINI~1\AppData\Local\Temp\ccKBAR7J.s:149    .text.timeout_reset:00000000 $t
C:\Users\ADMINI~1\AppData\Local\Temp\ccKBAR7J.s:155    .text.timeout_reset:00000000 timeout_reset
C:\Users\ADMINI~1\AppData\Local\Temp\ccKBAR7J.s:182    .text.timeout_reset:0000000c $d
C:\Users\ADMINI~1\AppData\Local\Temp\ccKBAR7J.s:188    .text.timeout_has_timeout:00000000 $t
C:\Users\ADMINI~1\AppData\Local\Temp\ccKBAR7J.s:194    .text.timeout_has_timeout:00000000 timeout_has_timeout
C:\Users\ADMINI~1\AppData\Local\Temp\ccKBAR7J.s:209    .text.timeout_has_timeout:00000008 $d
C:\Users\ADMINI~1\AppData\Local\Temp\ccKBAR7J.s:214    .text.timeout_get_timeout_msec:00000000 $t
C:\Users\ADMINI~1\AppData\Local\Temp\ccKBAR7J.s:220    .text.timeout_get_timeout_msec:00000000 timeout_get_timeout_msec
C:\Users\ADMINI~1\AppData\Local\Temp\ccKBAR7J.s:235    .text.timeout_get_timeout_msec:00000008 $d
C:\Users\ADMINI~1\AppData\Local\Temp\ccKBAR7J.s:240    .text.timeout_init:00000000 $t
C:\Users\ADMINI~1\AppData\Local\Temp\ccKBAR7J.s:246    .text.timeout_init:00000000 timeout_init
C:\Users\ADMINI~1\AppData\Local\Temp\ccKBAR7J.s:297    .text.timeout_init:0000002c $d
C:\Users\ADMINI~1\AppData\Local\Temp\ccKBAR7J.s:306    .bss.timeout_thread_wa:00000000 $d
C:\Users\ADMINI~1\AppData\Local\Temp\ccKBAR7J.s:310    .bss.timeout_thread_wa:00000000 timeout_thread_wa
C:\Users\ADMINI~1\AppData\Local\Temp\ccKBAR7J.s:313    .bss.last_update_time:00000000 $d
C:\Users\ADMINI~1\AppData\Local\Temp\ccKBAR7J.s:317    .bss.last_update_time:00000000 last_update_time
C:\Users\ADMINI~1\AppData\Local\Temp\ccKBAR7J.s:320    .rodata.str1.4:00000000 $d
C:\Users\ADMINI~1\AppData\Local\Temp\ccKBAR7J.s:327    .bss.has_timeout:00000000 has_timeout
C:\Users\ADMINI~1\AppData\Local\Temp\ccKBAR7J.s:328    .bss.has_timeout:00000000 $d
C:\Users\ADMINI~1\AppData\Local\Temp\ccKBAR7J.s:330    .bss.timeout_msec:00000000 $d
C:\Users\ADMINI~1\AppData\Local\Temp\ccKBAR7J.s:334    .bss.timeout_msec:00000000 timeout_msec
                     .debug_frame:00000010 $d

UNDEFINED SYMBOLS
chThdSleep
ch
chThdCreateStatic
