ARM GAS  C:\Users\jsyoon\AppData\Local\Temp\ccNQlFJj.s 			page 1


   1              		.syntax unified
   2              		.cpu cortex-m4
   3              		.eabi_attribute 27, 3
   4              		.eabi_attribute 28, 1
   5              		.fpu fpv4-sp-d16
   6              		.eabi_attribute 20, 1
   7              		.eabi_attribute 21, 1
   8              		.eabi_attribute 23, 3
   9              		.eabi_attribute 24, 1
  10              		.eabi_attribute 25, 1
  11              		.eabi_attribute 26, 1
  12              		.eabi_attribute 30, 2
  13              		.eabi_attribute 34, 1
  14              		.eabi_attribute 18, 4
  15              		.thumb
  16              		.file	"app_sten.c"
  17              		.text
  18              	.Ltext0:
  19              		.cfi_sections	.debug_frame
  20              	.Letext0:
  21              		.section	.debug_info,"",%progbits
  22              	.Ldebug_info0:
  23 0000 7C000000 		.4byte	0x7c
  24 0004 0400     		.2byte	0x4
  25 0006 00000000 		.4byte	.Ldebug_abbrev0
  26 000a 04       		.byte	0x4
  27 000b 01       		.uleb128 0x1
  28 000c 70000000 		.4byte	.LASF13
  29 0010 01       		.byte	0x1
  30 0011 CD010000 		.4byte	.LASF14
  31 0015 2E000000 		.4byte	.LASF15
  32 0019 00000000 		.4byte	.Ldebug_line0
  33 001d 02       		.uleb128 0x2
  34 001e 01       		.byte	0x1
  35 001f 06       		.byte	0x6
  36 0020 E5010000 		.4byte	.LASF0
  37 0024 02       		.uleb128 0x2
  38 0025 01       		.byte	0x1
  39 0026 08       		.byte	0x8
  40 0027 AB010000 		.4byte	.LASF1
  41 002b 02       		.uleb128 0x2
  42 002c 02       		.byte	0x2
  43 002d 05       		.byte	0x5
  44 002e F7010000 		.4byte	.LASF2
  45 0032 02       		.uleb128 0x2
  46 0033 02       		.byte	0x2
  47 0034 07       		.byte	0x7
  48 0035 0E000000 		.4byte	.LASF3
  49 0039 02       		.uleb128 0x2
  50 003a 04       		.byte	0x4
  51 003b 05       		.byte	0x5
  52 003c BE010000 		.4byte	.LASF4
  53 0040 02       		.uleb128 0x2
  54 0041 04       		.byte	0x4
  55 0042 07       		.byte	0x7
  56 0043 5E000000 		.4byte	.LASF5
  57 0047 02       		.uleb128 0x2
ARM GAS  C:\Users\jsyoon\AppData\Local\Temp\ccNQlFJj.s 			page 2


  58 0048 08       		.byte	0x8
  59 0049 05       		.byte	0x5
  60 004a 00000000 		.4byte	.LASF6
  61 004e 02       		.uleb128 0x2
  62 004f 08       		.byte	0x8
  63 0050 07       		.byte	0x7
  64 0051 94010000 		.4byte	.LASF7
  65 0055 03       		.uleb128 0x3
  66 0056 04       		.byte	0x4
  67 0057 05       		.byte	0x5
  68 0058 696E7400 		.ascii	"int\000"
  69 005c 02       		.uleb128 0x2
  70 005d 04       		.byte	0x4
  71 005e 07       		.byte	0x7
  72 005f 21000000 		.4byte	.LASF8
  73 0063 02       		.uleb128 0x2
  74 0064 01       		.byte	0x1
  75 0065 02       		.byte	0x2
  76 0066 C7010000 		.4byte	.LASF9
  77 006a 02       		.uleb128 0x2
  78 006b 04       		.byte	0x4
  79 006c 07       		.byte	0x7
  80 006d 01020000 		.4byte	.LASF10
  81 0071 02       		.uleb128 0x2
  82 0072 01       		.byte	0x1
  83 0073 08       		.byte	0x8
  84 0074 B9010000 		.4byte	.LASF11
  85 0078 02       		.uleb128 0x2
  86 0079 04       		.byte	0x4
  87 007a 04       		.byte	0x4
  88 007b F1010000 		.4byte	.LASF12
  89 007f 00       		.byte	0
  90              		.section	.debug_abbrev,"",%progbits
  91              	.Ldebug_abbrev0:
  92 0000 01       		.uleb128 0x1
  93 0001 11       		.uleb128 0x11
  94 0002 01       		.byte	0x1
  95 0003 25       		.uleb128 0x25
  96 0004 0E       		.uleb128 0xe
  97 0005 13       		.uleb128 0x13
  98 0006 0B       		.uleb128 0xb
  99 0007 03       		.uleb128 0x3
 100 0008 0E       		.uleb128 0xe
 101 0009 1B       		.uleb128 0x1b
 102 000a 0E       		.uleb128 0xe
 103 000b 10       		.uleb128 0x10
 104 000c 17       		.uleb128 0x17
 105 000d 00       		.byte	0
 106 000e 00       		.byte	0
 107 000f 02       		.uleb128 0x2
 108 0010 24       		.uleb128 0x24
 109 0011 00       		.byte	0
 110 0012 0B       		.uleb128 0xb
 111 0013 0B       		.uleb128 0xb
 112 0014 3E       		.uleb128 0x3e
 113 0015 0B       		.uleb128 0xb
 114 0016 03       		.uleb128 0x3
ARM GAS  C:\Users\jsyoon\AppData\Local\Temp\ccNQlFJj.s 			page 3


 115 0017 0E       		.uleb128 0xe
 116 0018 00       		.byte	0
 117 0019 00       		.byte	0
 118 001a 03       		.uleb128 0x3
 119 001b 24       		.uleb128 0x24
 120 001c 00       		.byte	0
 121 001d 0B       		.uleb128 0xb
 122 001e 0B       		.uleb128 0xb
 123 001f 3E       		.uleb128 0x3e
 124 0020 0B       		.uleb128 0xb
 125 0021 03       		.uleb128 0x3
 126 0022 08       		.uleb128 0x8
 127 0023 00       		.byte	0
 128 0024 00       		.byte	0
 129 0025 00       		.byte	0
 130              		.section	.debug_aranges,"",%progbits
 131 0000 14000000 		.4byte	0x14
 132 0004 0200     		.2byte	0x2
 133 0006 00000000 		.4byte	.Ldebug_info0
 134 000a 04       		.byte	0x4
 135 000b 00       		.byte	0
 136 000c 0000     		.2byte	0
 137 000e 0000     		.2byte	0
 138 0010 00000000 		.4byte	0
 139 0014 00000000 		.4byte	0
 140              		.section	.debug_line,"",%progbits
 141              	.Ldebug_line0:
 142 0000 19000000 		.section	.debug_str,"MS",%progbits,1
 142      02001300 
 142      00000201 
 142      FB0E0D00 
 142      01010101 
 143              	.LASF6:
 144 0000 6C6F6E67 		.ascii	"long long int\000"
 144      206C6F6E 
 144      6720696E 
 144      7400
 145              	.LASF3:
 146 000e 73686F72 		.ascii	"short unsigned int\000"
 146      7420756E 
 146      7369676E 
 146      65642069 
 146      6E7400
 147              	.LASF8:
 148 0021 756E7369 		.ascii	"unsigned int\000"
 148      676E6564 
 148      20696E74 
 148      00
 149              	.LASF15:
 150 002e 453A5C4D 		.ascii	"E:\\Maker\\BLDC\\test_eval\\try2\\OROCA-BLDC_R15080"
 150      616B6572 
 150      5C424C44 
 150      435C7465 
 150      73745F65 
 151 005c 3700     		.ascii	"7\000"
 152              	.LASF5:
 153 005e 6C6F6E67 		.ascii	"long unsigned int\000"
ARM GAS  C:\Users\jsyoon\AppData\Local\Temp\ccNQlFJj.s 			page 4


 153      20756E73 
 153      69676E65 
 153      6420696E 
 153      7400
 154              	.LASF13:
 155 0070 474E5520 		.ascii	"GNU C 4.8.4 20140526 (release) [ARM/embedded-4_8-br"
 155      4320342E 
 155      382E3420 
 155      32303134 
 155      30353236 
 156 00a3 616E6368 		.ascii	"anch revision 211358] -mcpu=cortex-m4 -mfloat-abi=h"
 156      20726576 
 156      6973696F 
 156      6E203231 
 156      31333538 
 157 00d6 61726420 		.ascii	"ard -mfpu=fpv4-sp-d16 -mno-thumb-interwork -mthumb "
 157      2D6D6670 
 157      753D6670 
 157      76342D73 
 157      702D6431 
 158 0109 2D676764 		.ascii	"-ggdb -O2 -std=gnu99 -fomit-frame-pointer -falign-f"
 158      62202D4F 
 158      32202D73 
 158      74643D67 
 158      6E753939 
 159 013c 756E6374 		.ascii	"unctions=16 -ffunction-sections -fdata-sections -fn"
 159      696F6E73 
 159      3D313620 
 159      2D666675 
 159      6E637469 
 160 016f 6F2D636F 		.ascii	"o-common -fsingle-precision-constant\000"
 160      6D6D6F6E 
 160      202D6673 
 160      696E676C 
 160      652D7072 
 161              	.LASF7:
 162 0194 6C6F6E67 		.ascii	"long long unsigned int\000"
 162      206C6F6E 
 162      6720756E 
 162      7369676E 
 162      65642069 
 163              	.LASF1:
 164 01ab 756E7369 		.ascii	"unsigned char\000"
 164      676E6564 
 164      20636861 
 164      7200
 165              	.LASF11:
 166 01b9 63686172 		.ascii	"char\000"
 166      00
 167              	.LASF4:
 168 01be 6C6F6E67 		.ascii	"long int\000"
 168      20696E74 
 168      00
 169              	.LASF9:
 170 01c7 5F426F6F 		.ascii	"_Bool\000"
 170      6C00
 171              	.LASF14:
ARM GAS  C:\Users\jsyoon\AppData\Local\Temp\ccNQlFJj.s 			page 5


 172 01cd 6170706C 		.ascii	"applications/app_sten.c\000"
 172      69636174 
 172      696F6E73 
 172      2F617070 
 172      5F737465 
 173              	.LASF0:
 174 01e5 7369676E 		.ascii	"signed char\000"
 174      65642063 
 174      68617200 
 175              	.LASF12:
 176 01f1 666C6F61 		.ascii	"float\000"
 176      7400
 177              	.LASF2:
 178 01f7 73686F72 		.ascii	"short int\000"
 178      7420696E 
 178      7400
 179              	.LASF10:
 180 0201 73697A65 		.ascii	"sizetype\000"
 180      74797065 
 180      00
 181              		.ident	"GCC: (GNU Tools for ARM Embedded Processors) 4.8.4 20140526 (release) [ARM/embedded-4_8-br
ARM GAS  C:\Users\jsyoon\AppData\Local\Temp\ccNQlFJj.s 			page 6


DEFINED SYMBOLS
                            *ABS*:00000000 app_sten.c

NO UNDEFINED SYMBOLS
