ARM GAS  C:\Users\jsyoon\AppData\Local\Temp\cc95Q1rp.s 			page 1


   1              		.syntax unified
   2              		.cpu cortex-m4
   3              		.eabi_attribute 27, 3
   4              		.eabi_attribute 28, 1
   5              		.fpu fpv4-sp-d16
   6              		.eabi_attribute 20, 1
   7              		.eabi_attribute 21, 1
   8              		.eabi_attribute 23, 3
   9              		.eabi_attribute 24, 1
  10              		.eabi_attribute 25, 1
  11              		.eabi_attribute 26, 1
  12              		.eabi_attribute 30, 2
  13              		.eabi_attribute 34, 1
  14              		.eabi_attribute 18, 4
  15              		.thumb
  16              		.file	"app_ppm.c"
  17              		.text
  18              	.Ltext0:
  19              		.cfi_sections	.debug_frame
  20              		.section	.text.update,"ax",%progbits
  21              		.align	2
  22              		.p2align 4,,15
  23              		.thumb
  24              		.thumb_func
  25              		.type	update, %function
  26              	update:
  27              	.LFB121:
  28              		.file 1 "applications/app_ppm.c"
  29              		.loc 1 82 0
  30              		.cfi_startproc
  31              		@ args = 0, pretend = 0, frame = 0
  32              		@ frame_needed = 0, uses_anonymous_args = 0
  33              	.LVL0:
  34 0000 08B5     		push	{r3, lr}
  35              		.cfi_def_cfa_offset 8
  36              		.cfi_offset 3, -8
  37              		.cfi_offset 14, -4
  38              		.loc 1 82 0
  39 0002 0346     		mov	r3, r0
  40              		.loc 1 83 0
  41              	@ 83 "applications/app_ppm.c" 1
  42 0004 72B6     		cpsid   i
  43              	@ 0 "" 2
  44              		.loc 1 84 0
  45              		.thumb
  46 0006 064A     		ldr	r2, .L2
  47 0008 0648     		ldr	r0, .L2+4
  48              	.LVL1:
  49 000a 1421     		movs	r1, #20
  50 000c FFF7FEFF 		bl	chVTSetI
  51              	.LVL2:
  52              		.loc 1 85 0
  53 0010 054B     		ldr	r3, .L2+8
  54 0012 0121     		movs	r1, #1
  55 0014 1868     		ldr	r0, [r3]
  56 0016 FFF7FEFF 		bl	chEvtSignalI
  57              	.LVL3:
ARM GAS  C:\Users\jsyoon\AppData\Local\Temp\cc95Q1rp.s 			page 2


  58              		.loc 1 86 0
  59              	@ 86 "applications/app_ppm.c" 1
  60 001a 62B6     		cpsie   i
  61              	@ 0 "" 2
  62              		.thumb
  63 001c 08BD     		pop	{r3, pc}
  64              	.L3:
  65 001e 00BF     		.align	2
  66              	.L2:
  67 0020 00000000 		.word	update
  68 0024 00000000 		.word	.LANCHOR0
  69 0028 00000000 		.word	.LANCHOR1
  70              		.cfi_endproc
  71              	.LFE121:
  72              		.size	update, .-update
  73 002c AFF30080 		.section	.text.ppm_thread,"ax",%progbits
  74              		.align	2
  75              		.p2align 4,,15
  76              		.thumb
  77              		.thumb_func
  78              		.type	ppm_thread, %function
  79              	ppm_thread:
  80              	.LFB122:
  81              		.loc 1 89 0
  82              		.cfi_startproc
  83              		@ args = 0, pretend = 0, frame = 0
  84              		@ frame_needed = 0, uses_anonymous_args = 0
  85              	.LVL4:
  86              		.loc 1 92 0
  87 0000 0A4A     		ldr	r2, .L7
  88 0002 0B49     		ldr	r1, .L7+4
  89 0004 9269     		ldr	r2, [r2, #24]
  90              		.loc 1 89 0
  91 0006 08B5     		push	{r3, lr}
  92              		.cfi_def_cfa_offset 8
  93              		.cfi_offset 3, -8
  94              		.cfi_offset 14, -4
  95              		.loc 1 95 0
  96 0008 0A4B     		ldr	r3, .L7+8
  97              		.loc 1 92 0
  98 000a 9161     		str	r1, [r2, #24]
  99              		.loc 1 95 0
 100 000c 93ED030A 		flds	s0, [r3, #12]
 101 0010 D3ED040A 		flds	s1, [r3, #16]
 102 0014 187D     		ldrb	r0, [r3, #20]	@ zero_extendqisi2
 103              	.LVL5:
 104              		.loc 1 93 0
 105 0016 084B     		ldr	r3, .L7+12
 106 0018 1A60     		str	r2, [r3]
 107              		.loc 1 95 0
 108 001a FFF7FEFF 		bl	servodec_set_pulse_options
 109              	.LVL6:
 110              		.loc 1 96 0
 111 001e 0748     		ldr	r0, .L7+16
 112 0020 FFF7FEFF 		bl	servodec_init
 113              	.LVL7:
 114              		.loc 1 97 0
ARM GAS  C:\Users\jsyoon\AppData\Local\Temp\cc95Q1rp.s 			page 3


 115 0024 064B     		ldr	r3, .L7+20
 116 0026 0122     		movs	r2, #1
 117 0028 1A70     		strb	r2, [r3]
 118              	.L5:
 119 002a FEE7     		b	.L5
 120              	.L8:
 121              		.align	2
 122              	.L7:
 123 002c 00000000 		.word	rlist
 124 0030 00000000 		.word	.LC0
 125 0034 00000000 		.word	.LANCHOR2
 126 0038 00000000 		.word	.LANCHOR1
 127 003c 00000000 		.word	servodec_func
 128 0040 00000000 		.word	.LANCHOR3
 129              		.cfi_endproc
 130              	.LFE122:
 131              		.size	ppm_thread, .-ppm_thread
 132 0044 AFF30080 		.section	.text.servodec_func,"ax",%progbits
 132      AFF30080 
 132      AFF30080 
 133              		.align	2
 134              		.p2align 4,,15
 135              		.thumb
 136              		.thumb_func
 137              		.type	servodec_func, %function
 138              	servodec_func:
 139              	.LFB120:
 140              		.loc 1 75 0
 141              		.cfi_startproc
 142              		@ args = 0, pretend = 0, frame = 0
 143              		@ frame_needed = 0, uses_anonymous_args = 0
 144 0000 08B5     		push	{r3, lr}
 145              		.cfi_def_cfa_offset 8
 146              		.cfi_offset 3, -8
 147              		.cfi_offset 14, -4
 148              		.loc 1 76 0
 149              	@ 76 "applications/app_ppm.c" 1
 150 0002 72B6     		cpsid   i
 151              	@ 0 "" 2
 152              		.loc 1 77 0
 153              		.thumb
 154 0004 FFF7FEFF 		bl	timeout_reset
 155              	.LVL8:
 156              		.loc 1 78 0
 157 0008 034B     		ldr	r3, .L10
 158 000a 0121     		movs	r1, #1
 159 000c 1868     		ldr	r0, [r3]
 160 000e FFF7FEFF 		bl	chEvtSignalI
 161              	.LVL9:
 162              		.loc 1 79 0
 163              	@ 79 "applications/app_ppm.c" 1
 164 0012 62B6     		cpsie   i
 165              	@ 0 "" 2
 166              		.thumb
 167 0014 08BD     		pop	{r3, pc}
 168              	.L11:
 169 0016 00BF     		.align	2
ARM GAS  C:\Users\jsyoon\AppData\Local\Temp\cc95Q1rp.s 			page 4


 170              	.L10:
 171 0018 00000000 		.word	.LANCHOR1
 172              		.cfi_endproc
 173              	.LFE120:
 174              		.size	servodec_func, .-servodec_func
 175 001c AFF30080 		.section	.text.app_ppm_configure,"ax",%progbits
 176              		.align	2
 177              		.p2align 4,,15
 178              		.global	app_ppm_configure
 179              		.thumb
 180              		.thumb_func
 181              		.type	app_ppm_configure, %function
 182              	app_ppm_configure:
 183              	.LFB118:
 184              		.loc 1 58 0
 185              		.cfi_startproc
 186              		@ args = 0, pretend = 0, frame = 0
 187              		@ frame_needed = 0, uses_anonymous_args = 0
 188              		@ link register save eliminated.
 189              	.LVL10:
 190 0000 F0B4     		push	{r4, r5, r6, r7}
 191              		.cfi_def_cfa_offset 16
 192              		.cfi_offset 4, -16
 193              		.cfi_offset 5, -12
 194              		.cfi_offset 6, -8
 195              		.cfi_offset 7, -4
 196              		.loc 1 59 0
 197 0002 0546     		mov	r5, r0
 198 0004 0FCD     		ldmia	r5!, {r0, r1, r2, r3}
 199              	.LVL11:
 200 0006 0D4E     		ldr	r6, .L15
 201              		.loc 1 60 0
 202 0008 DFF838C0 		ldr	ip, .L15+8
 203              		.loc 1 62 0
 204 000c 0C4F     		ldr	r7, .L15+4
 205              		.loc 1 59 0
 206 000e 3446     		mov	r4, r6
 207 0010 0FC4     		stmia	r4!, {r0, r1, r2, r3}
 208 0012 0FCD     		ldmia	r5!, {r0, r1, r2, r3}
 209              	.LVL12:
 210 0014 0FC4     		stmia	r4!, {r0, r1, r2, r3}
 211 0016 95E80300 		ldmia	r5, {r0, r1}
 212 001a 84E80300 		stmia	r4, {r0, r1}
 213              		.loc 1 60 0
 214 001e 0023     		movs	r3, #0
 215 0020 CCF80030 		str	r3, [ip]
 216              		.loc 1 62 0
 217 0024 3B78     		ldrb	r3, [r7]	@ zero_extendqisi2
 218 0026 0BB9     		cbnz	r3, .L14
 219              		.loc 1 65 0
 220 0028 F0BC     		pop	{r4, r5, r6, r7}
 221              	.LVL13:
 222 002a 7047     		bx	lr
 223              	.L14:
 224              		.loc 1 63 0
 225 002c 96ED030A 		flds	s0, [r6, #12]
 226 0030 D6ED040A 		flds	s1, [r6, #16]
ARM GAS  C:\Users\jsyoon\AppData\Local\Temp\cc95Q1rp.s 			page 5


 227 0034 307D     		ldrb	r0, [r6, #20]	@ zero_extendqisi2
 228              		.loc 1 65 0
 229 0036 F0BC     		pop	{r4, r5, r6, r7}
 230              		.loc 1 63 0
 231 0038 FFF7FEBF 		b	servodec_set_pulse_options
 232              	.LVL14:
 233              	.L16:
 234              		.align	2
 235              	.L15:
 236 003c 00000000 		.word	.LANCHOR2
 237 0040 00000000 		.word	.LANCHOR3
 238 0044 00000000 		.word	.LANCHOR4
 239              		.cfi_endproc
 240              	.LFE118:
 241              		.size	app_ppm_configure, .-app_ppm_configure
 242 0048 AFF30080 		.section	.text.app_ppm_start,"ax",%progbits
 242      AFF30080 
 243              		.align	2
 244              		.p2align 4,,15
 245              		.global	app_ppm_start
 246              		.thumb
 247              		.thumb_func
 248              		.type	app_ppm_start, %function
 249              	app_ppm_start:
 250              	.LFB119:
 251              		.loc 1 67 0
 252              		.cfi_startproc
 253              		@ args = 0, pretend = 0, frame = 0
 254              		@ frame_needed = 0, uses_anonymous_args = 0
 255 0000 10B5     		push	{r4, lr}
 256              		.cfi_def_cfa_offset 8
 257              		.cfi_offset 4, -8
 258              		.cfi_offset 14, -4
 259 0002 82B0     		sub	sp, sp, #8
 260              		.cfi_def_cfa_offset 16
 261              		.loc 1 68 0
 262 0004 0024     		movs	r4, #0
 263 0006 0094     		str	r4, [sp]
 264 0008 084B     		ldr	r3, .L18
 265 000a 0948     		ldr	r0, .L18+4
 266 000c 4FF4B361 		mov	r1, #1432
 267 0010 4022     		movs	r2, #64
 268 0012 FFF7FEFF 		bl	chThdCreateStatic
 269              	.LVL15:
 270              		.loc 1 70 0
 271              	@ 70 "applications/app_ppm.c" 1
 272 0016 72B6     		cpsid   i
 273              	@ 0 "" 2
 274              		.loc 1 71 0
 275              		.thumb
 276 0018 0648     		ldr	r0, .L18+8
 277 001a 074A     		ldr	r2, .L18+12
 278 001c 2346     		mov	r3, r4
 279 001e 0A21     		movs	r1, #10
 280 0020 FFF7FEFF 		bl	chVTSetI
 281              	.LVL16:
 282              		.loc 1 72 0
ARM GAS  C:\Users\jsyoon\AppData\Local\Temp\cc95Q1rp.s 			page 6


 283              	@ 72 "applications/app_ppm.c" 1
 284 0024 62B6     		cpsie   i
 285              	@ 0 "" 2
 286              		.loc 1 73 0
 287              		.thumb
 288 0026 02B0     		add	sp, sp, #8
 289              		@ sp needed
 290 0028 10BD     		pop	{r4, pc}
 291              	.L19:
 292 002a 00BF     		.align	2
 293              	.L18:
 294 002c 00000000 		.word	ppm_thread
 295 0030 00000000 		.word	.LANCHOR5
 296 0034 00000000 		.word	.LANCHOR0
 297 0038 00000000 		.word	update
 298              		.cfi_endproc
 299              	.LFE119:
 300              		.size	app_ppm_start, .-app_ppm_start
 301              		.global	vt
 302 003c AFF30080 		.section	.bss.is_running,"aw",%nobits
 303              		.set	.LANCHOR3,. + 0
 304              		.type	is_running, %object
 305              		.size	is_running, 1
 306              	is_running:
 307 0000 00       		.space	1
 308              		.section	.bss.ppm_tp,"aw",%nobits
 309              		.align	2
 310              		.set	.LANCHOR1,. + 0
 311              		.type	ppm_tp, %object
 312              		.size	ppm_tp, 4
 313              	ppm_tp:
 314 0000 00000000 		.space	4
 315              		.section	.bss.ppm_thread_wa,"aw",%nobits
 316              		.align	3
 317              		.set	.LANCHOR5,. + 0
 318              		.type	ppm_thread_wa, %object
 319              		.size	ppm_thread_wa, 1432
 320              	ppm_thread_wa:
 321 0000 00000000 		.space	1432
 321      00000000 
 321      00000000 
 321      00000000 
 321      00000000 
 322              		.section	.bss.pulses_without_power,"aw",%nobits
 323              		.align	2
 324              		.set	.LANCHOR4,. + 0
 325              		.type	pulses_without_power, %object
 326              		.size	pulses_without_power, 4
 327              	pulses_without_power:
 328 0000 00000000 		.space	4
 329              		.section	.rodata.str1.4,"aMS",%progbits,1
 330              		.align	2
 331              	.LC0:
 332 0000 4150505F 		.ascii	"APP_PPM\000"
 332      50504D00 
 333              		.section	.bss.vt,"aw",%nobits
 334              		.align	2
ARM GAS  C:\Users\jsyoon\AppData\Local\Temp\cc95Q1rp.s 			page 7


 335              		.set	.LANCHOR0,. + 0
 336              		.type	vt, %object
 337              		.size	vt, 20
 338              	vt:
 339 0000 00000000 		.space	20
 339      00000000 
 339      00000000 
 339      00000000 
 339      00000000 
 340              		.section	.bss.config,"aw",%nobits
 341              		.align	2
 342              		.set	.LANCHOR2,. + 0
 343              		.type	config, %object
 344              		.size	config, 40
 345              	config:
 346 0000 00000000 		.space	40
 346      00000000 
 346      00000000 
 346      00000000 
 346      00000000 
 347              		.text
 348              	.Letext0:
 349              		.file 2 "c:\\crosstools\\gcc-arm-embedded\\4.8_2014q2\\arm-none-eabi\\include\\machine\\_default_t
 350              		.file 3 "c:\\crosstools\\gcc-arm-embedded\\4.8_2014q2\\arm-none-eabi\\include\\stdint.h"
 351              		.file 4 "c:\\crosstools\\gcc-arm-embedded\\4.8_2014q2\\lib\\gcc\\arm-none-eabi\\4.8.4\\include\\st
 352              		.file 5 "ChibiOS_2.6.6/os/ports/GCC/ARMCMx/chtypes.h"
 353              		.file 6 "ChibiOS_2.6.6/os/kernel/include/chlists.h"
 354              		.file 7 "ChibiOS_2.6.6/os/kernel/include/chthreads.h"
 355              		.file 8 "ChibiOS_2.6.6/os/ports/GCC/ARMCMx/chcore_v7m.h"
 356              		.file 9 "ChibiOS_2.6.6/os/kernel/include/chvt.h"
 357              		.file 10 "ChibiOS_2.6.6/os/kernel/include/chschd.h"
 358              		.file 11 "ChibiOS_2.6.6/os/kernel/include/chmtx.h"
 359              		.file 12 "./datatypes.h"
 360              		.file 13 "ChibiOS_2.6.6/os/ports/common/ARMCMx/CMSIS/include/core_cm4.h"
 361              		.file 14 "ChibiOS_2.6.6/os/kernel/include/chevents.h"
 362              		.file 15 "./servo_dec.h"
 363              		.file 16 "./timeout.h"
 364              		.section	.debug_info,"",%progbits
 365              	.Ldebug_info0:
 366 0000 3E090000 		.4byte	0x93e
 367 0004 0400     		.2byte	0x4
 368 0006 00000000 		.4byte	.Ldebug_abbrev0
 369 000a 04       		.byte	0x4
 370 000b 01       		.uleb128 0x1
 371 000c 52010000 		.4byte	.LASF119
 372 0010 01       		.byte	0x1
 373 0011 FC040000 		.4byte	.LASF120
 374 0015 0B010000 		.4byte	.LASF121
 375 0019 00000000 		.4byte	.Ldebug_ranges0+0
 376 001d 00000000 		.4byte	0
 377 0021 00000000 		.4byte	.Ldebug_line0
 378 0025 02       		.uleb128 0x2
 379 0026 01       		.byte	0x1
 380 0027 06       		.byte	0x6
 381 0028 A9000000 		.4byte	.LASF0
 382 002c 03       		.uleb128 0x3
 383 002d 46000000 		.4byte	.LASF4
ARM GAS  C:\Users\jsyoon\AppData\Local\Temp\cc95Q1rp.s 			page 8


 384 0031 02       		.byte	0x2
 385 0032 1C       		.byte	0x1c
 386 0033 37000000 		.4byte	0x37
 387 0037 02       		.uleb128 0x2
 388 0038 01       		.byte	0x1
 389 0039 08       		.byte	0x8
 390 003a EE040000 		.4byte	.LASF1
 391 003e 02       		.uleb128 0x2
 392 003f 02       		.byte	0x2
 393 0040 05       		.byte	0x5
 394 0041 13050000 		.4byte	.LASF2
 395 0045 02       		.uleb128 0x2
 396 0046 02       		.byte	0x2
 397 0047 07       		.byte	0x7
 398 0048 18030000 		.4byte	.LASF3
 399 004c 03       		.uleb128 0x3
 400 004d A9030000 		.4byte	.LASF5
 401 0051 02       		.byte	0x2
 402 0052 37       		.byte	0x37
 403 0053 57000000 		.4byte	0x57
 404 0057 02       		.uleb128 0x2
 405 0058 04       		.byte	0x4
 406 0059 05       		.byte	0x5
 407 005a 5A000000 		.4byte	.LASF6
 408 005e 03       		.uleb128 0x3
 409 005f C2020000 		.4byte	.LASF7
 410 0063 02       		.byte	0x2
 411 0064 38       		.byte	0x38
 412 0065 69000000 		.4byte	0x69
 413 0069 02       		.uleb128 0x2
 414 006a 04       		.byte	0x4
 415 006b 07       		.byte	0x7
 416 006c B5000000 		.4byte	.LASF8
 417 0070 02       		.uleb128 0x2
 418 0071 08       		.byte	0x8
 419 0072 05       		.byte	0x5
 420 0073 9B000000 		.4byte	.LASF9
 421 0077 03       		.uleb128 0x3
 422 0078 9E040000 		.4byte	.LASF10
 423 007c 02       		.byte	0x2
 424 007d 4E       		.byte	0x4e
 425 007e 82000000 		.4byte	0x82
 426 0082 02       		.uleb128 0x2
 427 0083 08       		.byte	0x8
 428 0084 07       		.byte	0x7
 429 0085 CF000000 		.4byte	.LASF11
 430 0089 04       		.uleb128 0x4
 431 008a 04       		.byte	0x4
 432 008b 05       		.byte	0x5
 433 008c 696E7400 		.ascii	"int\000"
 434 0090 02       		.uleb128 0x2
 435 0091 04       		.byte	0x4
 436 0092 07       		.byte	0x7
 437 0093 DE020000 		.4byte	.LASF12
 438 0097 03       		.uleb128 0x3
 439 0098 31060000 		.4byte	.LASF13
 440 009c 03       		.byte	0x3
ARM GAS  C:\Users\jsyoon\AppData\Local\Temp\cc95Q1rp.s 			page 9


 441 009d 2A       		.byte	0x2a
 442 009e 2C000000 		.4byte	0x2c
 443 00a2 03       		.uleb128 0x3
 444 00a3 E2030000 		.4byte	.LASF14
 445 00a7 03       		.byte	0x3
 446 00a8 41       		.byte	0x41
 447 00a9 4C000000 		.4byte	0x4c
 448 00ad 03       		.uleb128 0x3
 449 00ae 86050000 		.4byte	.LASF15
 450 00b2 03       		.byte	0x3
 451 00b3 42       		.byte	0x42
 452 00b4 5E000000 		.4byte	0x5e
 453 00b8 03       		.uleb128 0x3
 454 00b9 3D000000 		.4byte	.LASF16
 455 00bd 03       		.byte	0x3
 456 00be 4E       		.byte	0x4e
 457 00bf 77000000 		.4byte	0x77
 458 00c3 03       		.uleb128 0x3
 459 00c4 13000000 		.4byte	.LASF17
 460 00c8 04       		.byte	0x4
 461 00c9 D4       		.byte	0xd4
 462 00ca 90000000 		.4byte	0x90
 463 00ce 02       		.uleb128 0x2
 464 00cf 01       		.byte	0x1
 465 00d0 02       		.byte	0x2
 466 00d1 DE040000 		.4byte	.LASF18
 467 00d5 03       		.uleb128 0x3
 468 00d6 6D030000 		.4byte	.LASF19
 469 00da 05       		.byte	0x5
 470 00db 2C       		.byte	0x2c
 471 00dc 97000000 		.4byte	0x97
 472 00e0 03       		.uleb128 0x3
 473 00e1 49010000 		.4byte	.LASF20
 474 00e5 05       		.byte	0x5
 475 00e6 2D       		.byte	0x2d
 476 00e7 97000000 		.4byte	0x97
 477 00eb 03       		.uleb128 0x3
 478 00ec AF040000 		.4byte	.LASF21
 479 00f0 05       		.byte	0x5
 480 00f1 2E       		.byte	0x2e
 481 00f2 97000000 		.4byte	0x97
 482 00f6 03       		.uleb128 0x3
 483 00f7 FC000000 		.4byte	.LASF22
 484 00fb 05       		.byte	0x5
 485 00fc 2F       		.byte	0x2f
 486 00fd 97000000 		.4byte	0x97
 487 0101 03       		.uleb128 0x3
 488 0102 D6040000 		.4byte	.LASF23
 489 0106 05       		.byte	0x5
 490 0107 30       		.byte	0x30
 491 0108 AD000000 		.4byte	0xad
 492 010c 03       		.uleb128 0x3
 493 010d 2B030000 		.4byte	.LASF24
 494 0111 05       		.byte	0x5
 495 0112 31       		.byte	0x31
 496 0113 A2000000 		.4byte	0xa2
 497 0117 03       		.uleb128 0x3
ARM GAS  C:\Users\jsyoon\AppData\Local\Temp\cc95Q1rp.s 			page 10


 498 0118 8B030000 		.4byte	.LASF25
 499 011c 05       		.byte	0x5
 500 011d 33       		.byte	0x33
 501 011e AD000000 		.4byte	0xad
 502 0122 03       		.uleb128 0x3
 503 0123 C3050000 		.4byte	.LASF26
 504 0127 05       		.byte	0x5
 505 0128 35       		.byte	0x35
 506 0129 AD000000 		.4byte	0xad
 507 012d 03       		.uleb128 0x3
 508 012e 74050000 		.4byte	.LASF27
 509 0132 06       		.byte	0x6
 510 0133 2A       		.byte	0x2a
 511 0134 38010000 		.4byte	0x138
 512 0138 05       		.uleb128 0x5
 513 0139 74050000 		.4byte	.LASF27
 514 013d 48       		.byte	0x48
 515 013e 07       		.byte	0x7
 516 013f 5E       		.byte	0x5e
 517 0140 35020000 		.4byte	0x235
 518 0144 06       		.uleb128 0x6
 519 0145 0D040000 		.4byte	.LASF28
 520 0149 07       		.byte	0x7
 521 014a 5F       		.byte	0x5f
 522 014b 56020000 		.4byte	0x256
 523 014f 00       		.byte	0
 524 0150 06       		.uleb128 0x6
 525 0151 CF040000 		.4byte	.LASF29
 526 0155 07       		.byte	0x7
 527 0156 61       		.byte	0x61
 528 0157 56020000 		.4byte	0x256
 529 015b 04       		.byte	0x4
 530 015c 06       		.uleb128 0x6
 531 015d 94000000 		.4byte	.LASF30
 532 0161 07       		.byte	0x7
 533 0162 63       		.byte	0x63
 534 0163 01010000 		.4byte	0x101
 535 0167 08       		.byte	0x8
 536 0168 06       		.uleb128 0x6
 537 0169 79060000 		.4byte	.LASF31
 538 016d 07       		.byte	0x7
 539 016e 64       		.byte	0x64
 540 016f EB030000 		.4byte	0x3eb
 541 0173 0C       		.byte	0xc
 542 0174 06       		.uleb128 0x6
 543 0175 76020000 		.4byte	.LASF32
 544 0179 07       		.byte	0x7
 545 017a 66       		.byte	0x66
 546 017b 56020000 		.4byte	0x256
 547 017f 10       		.byte	0x10
 548 0180 06       		.uleb128 0x6
 549 0181 3C040000 		.4byte	.LASF33
 550 0185 07       		.byte	0x7
 551 0186 67       		.byte	0x67
 552 0187 56020000 		.4byte	0x256
 553 018b 14       		.byte	0x14
 554 018c 06       		.uleb128 0x6
ARM GAS  C:\Users\jsyoon\AppData\Local\Temp\cc95Q1rp.s 			page 11


 555 018d 55060000 		.4byte	.LASF34
 556 0191 07       		.byte	0x7
 557 0192 6E       		.byte	0x6e
 558 0193 61050000 		.4byte	0x561
 559 0197 18       		.byte	0x18
 560 0198 06       		.uleb128 0x6
 561 0199 1D050000 		.4byte	.LASF35
 562 019d 07       		.byte	0x7
 563 019e 79       		.byte	0x79
 564 019f E0000000 		.4byte	0xe0
 565 01a3 1C       		.byte	0x1c
 566 01a4 06       		.uleb128 0x6
 567 01a5 6C050000 		.4byte	.LASF36
 568 01a9 07       		.byte	0x7
 569 01aa 7D       		.byte	0x7d
 570 01ab D5000000 		.4byte	0xd5
 571 01af 1D       		.byte	0x1d
 572 01b0 06       		.uleb128 0x6
 573 01b1 0F060000 		.4byte	.LASF37
 574 01b5 07       		.byte	0x7
 575 01b6 82       		.byte	0x82
 576 01b7 EB000000 		.4byte	0xeb
 577 01bb 1E       		.byte	0x1e
 578 01bc 06       		.uleb128 0x6
 579 01bd 25050000 		.4byte	.LASF38
 580 01c1 07       		.byte	0x7
 581 01c2 88       		.byte	0x88
 582 01c3 F6000000 		.4byte	0xf6
 583 01c7 1F       		.byte	0x1f
 584 01c8 06       		.uleb128 0x6
 585 01c9 E1050000 		.4byte	.LASF39
 586 01cd 07       		.byte	0x7
 587 01ce 8F       		.byte	0x8f
 588 01cf 89040000 		.4byte	0x489
 589 01d3 20       		.byte	0x20
 590 01d4 07       		.uleb128 0x7
 591 01d5 705F7500 		.ascii	"p_u\000"
 592 01d9 07       		.byte	0x7
 593 01da B4       		.byte	0xb4
 594 01db 2C050000 		.4byte	0x52c
 595 01df 24       		.byte	0x24
 596 01e0 06       		.uleb128 0x6
 597 01e1 7F060000 		.4byte	.LASF40
 598 01e5 07       		.byte	0x7
 599 01e6 B9       		.byte	0xb9
 600 01e7 7C020000 		.4byte	0x27c
 601 01eb 28       		.byte	0x28
 602 01ec 06       		.uleb128 0x6
 603 01ed EF050000 		.4byte	.LASF41
 604 01f1 07       		.byte	0x7
 605 01f2 BF       		.byte	0xbf
 606 01f3 5C020000 		.4byte	0x25c
 607 01f7 2C       		.byte	0x2c
 608 01f8 06       		.uleb128 0x6
 609 01f9 64060000 		.4byte	.LASF42
 610 01fd 07       		.byte	0x7
 611 01fe C3       		.byte	0xc3
ARM GAS  C:\Users\jsyoon\AppData\Local\Temp\cc95Q1rp.s 			page 12


 612 01ff 0C010000 		.4byte	0x10c
 613 0203 34       		.byte	0x34
 614 0204 06       		.uleb128 0x6
 615 0205 7B050000 		.4byte	.LASF43
 616 0209 07       		.byte	0x7
 617 020a C9       		.byte	0xc9
 618 020b 17010000 		.4byte	0x117
 619 020f 38       		.byte	0x38
 620 0210 06       		.uleb128 0x6
 621 0211 81030000 		.4byte	.LASF44
 622 0215 07       		.byte	0x7
 623 0216 D0       		.byte	0xd0
 624 0217 73050000 		.4byte	0x573
 625 021b 3C       		.byte	0x3c
 626 021c 06       		.uleb128 0x6
 627 021d CD050000 		.4byte	.LASF45
 628 0221 07       		.byte	0x7
 629 0222 D4       		.byte	0xd4
 630 0223 01010000 		.4byte	0x101
 631 0227 40       		.byte	0x40
 632 0228 06       		.uleb128 0x6
 633 0229 C7000000 		.4byte	.LASF46
 634 022d 07       		.byte	0x7
 635 022e DA       		.byte	0xda
 636 022f 92020000 		.4byte	0x292
 637 0233 44       		.byte	0x44
 638 0234 00       		.byte	0
 639 0235 08       		.uleb128 0x8
 640 0236 08       		.byte	0x8
 641 0237 06       		.byte	0x6
 642 0238 61       		.byte	0x61
 643 0239 56020000 		.4byte	0x256
 644 023d 06       		.uleb128 0x6
 645 023e 0D040000 		.4byte	.LASF28
 646 0242 06       		.byte	0x6
 647 0243 62       		.byte	0x62
 648 0244 56020000 		.4byte	0x256
 649 0248 00       		.byte	0
 650 0249 06       		.uleb128 0x6
 651 024a CF040000 		.4byte	.LASF29
 652 024e 06       		.byte	0x6
 653 024f 64       		.byte	0x64
 654 0250 56020000 		.4byte	0x256
 655 0254 04       		.byte	0x4
 656 0255 00       		.byte	0
 657 0256 09       		.uleb128 0x9
 658 0257 04       		.byte	0x4
 659 0258 2D010000 		.4byte	0x12d
 660 025c 03       		.uleb128 0x3
 661 025d 63000000 		.4byte	.LASF47
 662 0261 06       		.byte	0x6
 663 0262 66       		.byte	0x66
 664 0263 35020000 		.4byte	0x235
 665 0267 08       		.uleb128 0x8
 666 0268 04       		.byte	0x4
 667 0269 06       		.byte	0x6
 668 026a 6B       		.byte	0x6b
ARM GAS  C:\Users\jsyoon\AppData\Local\Temp\cc95Q1rp.s 			page 13


 669 026b 7C020000 		.4byte	0x27c
 670 026f 06       		.uleb128 0x6
 671 0270 0D040000 		.4byte	.LASF28
 672 0274 06       		.byte	0x6
 673 0275 6D       		.byte	0x6d
 674 0276 56020000 		.4byte	0x256
 675 027a 00       		.byte	0
 676 027b 00       		.byte	0
 677 027c 03       		.uleb128 0x3
 678 027d 75030000 		.4byte	.LASF48
 679 0281 06       		.byte	0x6
 680 0282 70       		.byte	0x70
 681 0283 67020000 		.4byte	0x267
 682 0287 03       		.uleb128 0x3
 683 0288 CD020000 		.4byte	.LASF49
 684 028c 08       		.byte	0x8
 685 028d E5       		.byte	0xe5
 686 028e 92020000 		.4byte	0x292
 687 0292 0A       		.uleb128 0xa
 688 0293 04       		.byte	0x4
 689 0294 03       		.uleb128 0x3
 690 0295 B3030000 		.4byte	.LASF50
 691 0299 08       		.byte	0x8
 692 029a EB       		.byte	0xeb
 693 029b B8000000 		.4byte	0xb8
 694 029f 0B       		.uleb128 0xb
 695 02a0 E8050000 		.4byte	.LASF51
 696 02a4 64       		.byte	0x64
 697 02a5 08       		.byte	0x8
 698 02a6 0C01     		.2byte	0x10c
 699 02a8 EB030000 		.4byte	0x3eb
 700 02ac 0C       		.uleb128 0xc
 701 02ad 73313600 		.ascii	"s16\000"
 702 02b1 08       		.byte	0x8
 703 02b2 0E01     		.2byte	0x10e
 704 02b4 87020000 		.4byte	0x287
 705 02b8 00       		.byte	0
 706 02b9 0C       		.uleb128 0xc
 707 02ba 73313700 		.ascii	"s17\000"
 708 02be 08       		.byte	0x8
 709 02bf 0F01     		.2byte	0x10f
 710 02c1 87020000 		.4byte	0x287
 711 02c5 04       		.byte	0x4
 712 02c6 0C       		.uleb128 0xc
 713 02c7 73313800 		.ascii	"s18\000"
 714 02cb 08       		.byte	0x8
 715 02cc 1001     		.2byte	0x110
 716 02ce 87020000 		.4byte	0x287
 717 02d2 08       		.byte	0x8
 718 02d3 0C       		.uleb128 0xc
 719 02d4 73313900 		.ascii	"s19\000"
 720 02d8 08       		.byte	0x8
 721 02d9 1101     		.2byte	0x111
 722 02db 87020000 		.4byte	0x287
 723 02df 0C       		.byte	0xc
 724 02e0 0C       		.uleb128 0xc
 725 02e1 73323000 		.ascii	"s20\000"
ARM GAS  C:\Users\jsyoon\AppData\Local\Temp\cc95Q1rp.s 			page 14


 726 02e5 08       		.byte	0x8
 727 02e6 1201     		.2byte	0x112
 728 02e8 87020000 		.4byte	0x287
 729 02ec 10       		.byte	0x10
 730 02ed 0C       		.uleb128 0xc
 731 02ee 73323100 		.ascii	"s21\000"
 732 02f2 08       		.byte	0x8
 733 02f3 1301     		.2byte	0x113
 734 02f5 87020000 		.4byte	0x287
 735 02f9 14       		.byte	0x14
 736 02fa 0C       		.uleb128 0xc
 737 02fb 73323200 		.ascii	"s22\000"
 738 02ff 08       		.byte	0x8
 739 0300 1401     		.2byte	0x114
 740 0302 87020000 		.4byte	0x287
 741 0306 18       		.byte	0x18
 742 0307 0C       		.uleb128 0xc
 743 0308 73323300 		.ascii	"s23\000"
 744 030c 08       		.byte	0x8
 745 030d 1501     		.2byte	0x115
 746 030f 87020000 		.4byte	0x287
 747 0313 1C       		.byte	0x1c
 748 0314 0C       		.uleb128 0xc
 749 0315 73323400 		.ascii	"s24\000"
 750 0319 08       		.byte	0x8
 751 031a 1601     		.2byte	0x116
 752 031c 87020000 		.4byte	0x287
 753 0320 20       		.byte	0x20
 754 0321 0C       		.uleb128 0xc
 755 0322 73323500 		.ascii	"s25\000"
 756 0326 08       		.byte	0x8
 757 0327 1701     		.2byte	0x117
 758 0329 87020000 		.4byte	0x287
 759 032d 24       		.byte	0x24
 760 032e 0C       		.uleb128 0xc
 761 032f 73323600 		.ascii	"s26\000"
 762 0333 08       		.byte	0x8
 763 0334 1801     		.2byte	0x118
 764 0336 87020000 		.4byte	0x287
 765 033a 28       		.byte	0x28
 766 033b 0C       		.uleb128 0xc
 767 033c 73323700 		.ascii	"s27\000"
 768 0340 08       		.byte	0x8
 769 0341 1901     		.2byte	0x119
 770 0343 87020000 		.4byte	0x287
 771 0347 2C       		.byte	0x2c
 772 0348 0C       		.uleb128 0xc
 773 0349 73323800 		.ascii	"s28\000"
 774 034d 08       		.byte	0x8
 775 034e 1A01     		.2byte	0x11a
 776 0350 87020000 		.4byte	0x287
 777 0354 30       		.byte	0x30
 778 0355 0C       		.uleb128 0xc
 779 0356 73323900 		.ascii	"s29\000"
 780 035a 08       		.byte	0x8
 781 035b 1B01     		.2byte	0x11b
 782 035d 87020000 		.4byte	0x287
ARM GAS  C:\Users\jsyoon\AppData\Local\Temp\cc95Q1rp.s 			page 15


 783 0361 34       		.byte	0x34
 784 0362 0C       		.uleb128 0xc
 785 0363 73333000 		.ascii	"s30\000"
 786 0367 08       		.byte	0x8
 787 0368 1C01     		.2byte	0x11c
 788 036a 87020000 		.4byte	0x287
 789 036e 38       		.byte	0x38
 790 036f 0C       		.uleb128 0xc
 791 0370 73333100 		.ascii	"s31\000"
 792 0374 08       		.byte	0x8
 793 0375 1D01     		.2byte	0x11d
 794 0377 87020000 		.4byte	0x287
 795 037b 3C       		.byte	0x3c
 796 037c 0C       		.uleb128 0xc
 797 037d 723400   		.ascii	"r4\000"
 798 0380 08       		.byte	0x8
 799 0381 1F01     		.2byte	0x11f
 800 0383 87020000 		.4byte	0x287
 801 0387 40       		.byte	0x40
 802 0388 0C       		.uleb128 0xc
 803 0389 723500   		.ascii	"r5\000"
 804 038c 08       		.byte	0x8
 805 038d 2001     		.2byte	0x120
 806 038f 87020000 		.4byte	0x287
 807 0393 44       		.byte	0x44
 808 0394 0C       		.uleb128 0xc
 809 0395 723600   		.ascii	"r6\000"
 810 0398 08       		.byte	0x8
 811 0399 2101     		.2byte	0x121
 812 039b 87020000 		.4byte	0x287
 813 039f 48       		.byte	0x48
 814 03a0 0C       		.uleb128 0xc
 815 03a1 723700   		.ascii	"r7\000"
 816 03a4 08       		.byte	0x8
 817 03a5 2201     		.2byte	0x122
 818 03a7 87020000 		.4byte	0x287
 819 03ab 4C       		.byte	0x4c
 820 03ac 0C       		.uleb128 0xc
 821 03ad 723800   		.ascii	"r8\000"
 822 03b0 08       		.byte	0x8
 823 03b1 2301     		.2byte	0x123
 824 03b3 87020000 		.4byte	0x287
 825 03b7 50       		.byte	0x50
 826 03b8 0C       		.uleb128 0xc
 827 03b9 723900   		.ascii	"r9\000"
 828 03bc 08       		.byte	0x8
 829 03bd 2401     		.2byte	0x124
 830 03bf 87020000 		.4byte	0x287
 831 03c3 54       		.byte	0x54
 832 03c4 0C       		.uleb128 0xc
 833 03c5 72313000 		.ascii	"r10\000"
 834 03c9 08       		.byte	0x8
 835 03ca 2501     		.2byte	0x125
 836 03cc 87020000 		.4byte	0x287
 837 03d0 58       		.byte	0x58
 838 03d1 0C       		.uleb128 0xc
 839 03d2 72313100 		.ascii	"r11\000"
ARM GAS  C:\Users\jsyoon\AppData\Local\Temp\cc95Q1rp.s 			page 16


 840 03d6 08       		.byte	0x8
 841 03d7 2601     		.2byte	0x126
 842 03d9 87020000 		.4byte	0x287
 843 03dd 5C       		.byte	0x5c
 844 03de 0C       		.uleb128 0xc
 845 03df 6C7200   		.ascii	"lr\000"
 846 03e2 08       		.byte	0x8
 847 03e3 2701     		.2byte	0x127
 848 03e5 87020000 		.4byte	0x287
 849 03e9 60       		.byte	0x60
 850 03ea 00       		.byte	0
 851 03eb 0B       		.uleb128 0xb
 852 03ec 5C060000 		.4byte	.LASF52
 853 03f0 04       		.byte	0x4
 854 03f1 08       		.byte	0x8
 855 03f2 3101     		.2byte	0x131
 856 03f4 06040000 		.4byte	0x406
 857 03f8 0C       		.uleb128 0xc
 858 03f9 72313300 		.ascii	"r13\000"
 859 03fd 08       		.byte	0x8
 860 03fe 3201     		.2byte	0x132
 861 0400 06040000 		.4byte	0x406
 862 0404 00       		.byte	0
 863 0405 00       		.byte	0
 864 0406 09       		.uleb128 0x9
 865 0407 04       		.byte	0x4
 866 0408 9F020000 		.4byte	0x29f
 867 040c 02       		.uleb128 0x2
 868 040d 04       		.byte	0x4
 869 040e 07       		.byte	0x7
 870 040f EA030000 		.4byte	.LASF53
 871 0413 03       		.uleb128 0x3
 872 0414 D8050000 		.4byte	.LASF54
 873 0418 09       		.byte	0x9
 874 0419 58       		.byte	0x58
 875 041a 1E040000 		.4byte	0x41e
 876 041e 09       		.uleb128 0x9
 877 041f 04       		.byte	0x4
 878 0420 24040000 		.4byte	0x424
 879 0424 0D       		.uleb128 0xd
 880 0425 2F040000 		.4byte	0x42f
 881 0429 0E       		.uleb128 0xe
 882 042a 92020000 		.4byte	0x292
 883 042e 00       		.byte	0
 884 042f 03       		.uleb128 0x3
 885 0430 97050000 		.4byte	.LASF55
 886 0434 09       		.byte	0x9
 887 0435 5D       		.byte	0x5d
 888 0436 3A040000 		.4byte	0x43a
 889 043a 05       		.uleb128 0x5
 890 043b 97050000 		.4byte	.LASF55
 891 043f 14       		.byte	0x14
 892 0440 09       		.byte	0x9
 893 0441 64       		.byte	0x64
 894 0442 83040000 		.4byte	0x483
 895 0446 06       		.uleb128 0x6
 896 0447 EB020000 		.4byte	.LASF56
ARM GAS  C:\Users\jsyoon\AppData\Local\Temp\cc95Q1rp.s 			page 17


 897 044b 09       		.byte	0x9
 898 044c 65       		.byte	0x65
 899 044d 83040000 		.4byte	0x483
 900 0451 00       		.byte	0
 901 0452 06       		.uleb128 0x6
 902 0453 D6020000 		.4byte	.LASF57
 903 0457 09       		.byte	0x9
 904 0458 67       		.byte	0x67
 905 0459 83040000 		.4byte	0x483
 906 045d 04       		.byte	0x4
 907 045e 06       		.uleb128 0x6
 908 045f D0030000 		.4byte	.LASF58
 909 0463 09       		.byte	0x9
 910 0464 69       		.byte	0x69
 911 0465 22010000 		.4byte	0x122
 912 0469 08       		.byte	0x8
 913 046a 06       		.uleb128 0x6
 914 046b F8030000 		.4byte	.LASF59
 915 046f 09       		.byte	0x9
 916 0470 6A       		.byte	0x6a
 917 0471 13040000 		.4byte	0x413
 918 0475 0C       		.byte	0xc
 919 0476 06       		.uleb128 0x6
 920 0477 FA050000 		.4byte	.LASF60
 921 047b 09       		.byte	0x9
 922 047c 6C       		.byte	0x6c
 923 047d 92020000 		.4byte	0x292
 924 0481 10       		.byte	0x10
 925 0482 00       		.byte	0
 926 0483 09       		.uleb128 0x9
 927 0484 04       		.byte	0x4
 928 0485 2F040000 		.4byte	0x42f
 929 0489 0F       		.uleb128 0xf
 930 048a 22010000 		.4byte	0x122
 931 048e 08       		.uleb128 0x8
 932 048f 1C       		.byte	0x1c
 933 0490 0A       		.byte	0xa
 934 0491 5E       		.byte	0x5e
 935 0492 DF040000 		.4byte	0x4df
 936 0496 06       		.uleb128 0x6
 937 0497 8F050000 		.4byte	.LASF61
 938 049b 0A       		.byte	0xa
 939 049c 5F       		.byte	0x5f
 940 049d 5C020000 		.4byte	0x25c
 941 04a1 00       		.byte	0
 942 04a2 06       		.uleb128 0x6
 943 04a3 2F050000 		.4byte	.LASF62
 944 04a7 0A       		.byte	0xa
 945 04a8 60       		.byte	0x60
 946 04a9 01010000 		.4byte	0x101
 947 04ad 08       		.byte	0x8
 948 04ae 06       		.uleb128 0x6
 949 04af 44040000 		.4byte	.LASF63
 950 04b3 0A       		.byte	0xa
 951 04b4 62       		.byte	0x62
 952 04b5 EB030000 		.4byte	0x3eb
 953 04b9 0C       		.byte	0xc
ARM GAS  C:\Users\jsyoon\AppData\Local\Temp\cc95Q1rp.s 			page 18


 954 04ba 06       		.uleb128 0x6
 955 04bb 4A030000 		.4byte	.LASF64
 956 04bf 0A       		.byte	0xa
 957 04c0 65       		.byte	0x65
 958 04c1 56020000 		.4byte	0x256
 959 04c5 10       		.byte	0x10
 960 04c6 06       		.uleb128 0x6
 961 04c7 6C040000 		.4byte	.LASF65
 962 04cb 0A       		.byte	0xa
 963 04cc 66       		.byte	0x66
 964 04cd 56020000 		.4byte	0x256
 965 04d1 14       		.byte	0x14
 966 04d2 06       		.uleb128 0x6
 967 04d3 62040000 		.4byte	.LASF66
 968 04d7 0A       		.byte	0xa
 969 04d8 69       		.byte	0x69
 970 04d9 56020000 		.4byte	0x256
 971 04dd 18       		.byte	0x18
 972 04de 00       		.byte	0
 973 04df 03       		.uleb128 0x3
 974 04e0 16060000 		.4byte	.LASF67
 975 04e4 0A       		.byte	0xa
 976 04e5 6B       		.byte	0x6b
 977 04e6 8E040000 		.4byte	0x48e
 978 04ea 05       		.uleb128 0x5
 979 04eb A3030000 		.4byte	.LASF68
 980 04ef 10       		.byte	0x10
 981 04f0 0B       		.byte	0xb
 982 04f1 2C       		.byte	0x2c
 983 04f2 1B050000 		.4byte	0x51b
 984 04f6 06       		.uleb128 0x6
 985 04f7 E6000000 		.4byte	.LASF69
 986 04fb 0B       		.byte	0xb
 987 04fc 2D       		.byte	0x2d
 988 04fd 5C020000 		.4byte	0x25c
 989 0501 00       		.byte	0
 990 0502 06       		.uleb128 0x6
 991 0503 6A060000 		.4byte	.LASF70
 992 0507 0B       		.byte	0xb
 993 0508 2F       		.byte	0x2f
 994 0509 56020000 		.4byte	0x256
 995 050d 08       		.byte	0x8
 996 050e 06       		.uleb128 0x6
 997 050f BC050000 		.4byte	.LASF71
 998 0513 0B       		.byte	0xb
 999 0514 31       		.byte	0x31
 1000 0515 1B050000 		.4byte	0x51b
 1001 0519 0C       		.byte	0xc
 1002 051a 00       		.byte	0
 1003 051b 09       		.uleb128 0x9
 1004 051c 04       		.byte	0x4
 1005 051d EA040000 		.4byte	0x4ea
 1006 0521 03       		.uleb128 0x3
 1007 0522 A3030000 		.4byte	.LASF68
 1008 0526 0B       		.byte	0xb
 1009 0527 33       		.byte	0x33
 1010 0528 EA040000 		.4byte	0x4ea
ARM GAS  C:\Users\jsyoon\AppData\Local\Temp\cc95Q1rp.s 			page 19


 1011 052c 10       		.uleb128 0x10
 1012 052d 04       		.byte	0x4
 1013 052e 07       		.byte	0x7
 1014 052f 96       		.byte	0x96
 1015 0530 61050000 		.4byte	0x561
 1016 0534 11       		.uleb128 0x11
 1017 0535 21000000 		.4byte	.LASF72
 1018 0539 07       		.byte	0x7
 1019 053a 9D       		.byte	0x9d
 1020 053b 0C010000 		.4byte	0x10c
 1021 053f 11       		.uleb128 0x11
 1022 0540 B9020000 		.4byte	.LASF73
 1023 0544 07       		.byte	0x7
 1024 0545 A4       		.byte	0xa4
 1025 0546 0C010000 		.4byte	0x10c
 1026 054a 11       		.uleb128 0x11
 1027 054b 40060000 		.4byte	.LASF74
 1028 054f 07       		.byte	0x7
 1029 0550 AB       		.byte	0xab
 1030 0551 92020000 		.4byte	0x292
 1031 0555 11       		.uleb128 0x11
 1032 0556 39060000 		.4byte	.LASF75
 1033 055a 07       		.byte	0x7
 1034 055b B2       		.byte	0xb2
 1035 055c 17010000 		.4byte	0x117
 1036 0560 00       		.byte	0
 1037 0561 09       		.uleb128 0x9
 1038 0562 04       		.byte	0x4
 1039 0563 67050000 		.4byte	0x567
 1040 0567 12       		.uleb128 0x12
 1041 0568 6C050000 		.4byte	0x56c
 1042 056c 02       		.uleb128 0x2
 1043 056d 01       		.byte	0x1
 1044 056e 08       		.byte	0x8
 1045 056f B0050000 		.4byte	.LASF76
 1046 0573 09       		.uleb128 0x9
 1047 0574 04       		.byte	0x4
 1048 0575 21050000 		.4byte	0x521
 1049 0579 03       		.uleb128 0x3
 1050 057a 00000000 		.4byte	.LASF77
 1051 057e 07       		.byte	0x7
 1052 057f E5       		.byte	0xe5
 1053 0580 84050000 		.4byte	0x584
 1054 0584 09       		.uleb128 0x9
 1055 0585 04       		.byte	0x4
 1056 0586 8A050000 		.4byte	0x58a
 1057 058a 13       		.uleb128 0x13
 1058 058b 0C010000 		.4byte	0x10c
 1059 058f 99050000 		.4byte	0x599
 1060 0593 0E       		.uleb128 0xe
 1061 0594 92020000 		.4byte	0x292
 1062 0598 00       		.byte	0
 1063 0599 02       		.uleb128 0x2
 1064 059a 04       		.byte	0x4
 1065 059b 04       		.byte	0x4
 1066 059c A9040000 		.4byte	.LASF78
 1067 05a0 14       		.uleb128 0x14
ARM GAS  C:\Users\jsyoon\AppData\Local\Temp\cc95Q1rp.s 			page 20


 1068 05a1 01       		.byte	0x1
 1069 05a2 0C       		.byte	0xc
 1070 05a3 A2       		.byte	0xa2
 1071 05a4 D9050000 		.4byte	0x5d9
 1072 05a8 15       		.uleb128 0x15
 1073 05a9 20040000 		.4byte	.LASF79
 1074 05ad 00       		.sleb128 0
 1075 05ae 15       		.uleb128 0x15
 1076 05af 56050000 		.4byte	.LASF80
 1077 05b3 01       		.sleb128 1
 1078 05b4 15       		.uleb128 0x15
 1079 05b5 74040000 		.4byte	.LASF81
 1080 05b9 02       		.sleb128 2
 1081 05ba 15       		.uleb128 0x15
 1082 05bb 8C020000 		.4byte	.LASF82
 1083 05bf 03       		.sleb128 3
 1084 05c0 15       		.uleb128 0x15
 1085 05c1 F3020000 		.4byte	.LASF83
 1086 05c5 04       		.sleb128 4
 1087 05c6 15       		.uleb128 0x15
 1088 05c7 31030000 		.4byte	.LASF84
 1089 05cb 05       		.sleb128 5
 1090 05cc 15       		.uleb128 0x15
 1091 05cd 36050000 		.4byte	.LASF85
 1092 05d1 06       		.sleb128 6
 1093 05d2 15       		.uleb128 0x15
 1094 05d3 4A040000 		.4byte	.LASF86
 1095 05d7 07       		.sleb128 7
 1096 05d8 00       		.byte	0
 1097 05d9 03       		.uleb128 0x3
 1098 05da B7040000 		.4byte	.LASF87
 1099 05de 0C       		.byte	0xc
 1100 05df AB       		.byte	0xab
 1101 05e0 A0050000 		.4byte	0x5a0
 1102 05e4 08       		.uleb128 0x8
 1103 05e5 28       		.byte	0x28
 1104 05e6 0C       		.byte	0xc
 1105 05e7 AD       		.byte	0xad
 1106 05e8 7C060000 		.4byte	0x67c
 1107 05ec 06       		.uleb128 0x6
 1108 05ed 50000000 		.4byte	.LASF88
 1109 05f1 0C       		.byte	0xc
 1110 05f2 AE       		.byte	0xae
 1111 05f3 D9050000 		.4byte	0x5d9
 1112 05f7 00       		.byte	0
 1113 05f8 06       		.uleb128 0x6
 1114 05f9 00040000 		.4byte	.LASF89
 1115 05fd 0C       		.byte	0xc
 1116 05fe AF       		.byte	0xaf
 1117 05ff 99050000 		.4byte	0x599
 1118 0603 04       		.byte	0x4
 1119 0604 06       		.uleb128 0x6
 1120 0605 F3030000 		.4byte	.LASF90
 1121 0609 0C       		.byte	0xc
 1122 060a B0       		.byte	0xb0
 1123 060b 99050000 		.4byte	0x599
 1124 060f 08       		.byte	0x8
ARM GAS  C:\Users\jsyoon\AppData\Local\Temp\cc95Q1rp.s 			page 21


 1125 0610 06       		.uleb128 0x6
 1126 0611 14040000 		.4byte	.LASF91
 1127 0615 0C       		.byte	0xc
 1128 0616 B1       		.byte	0xb1
 1129 0617 99050000 		.4byte	0x599
 1130 061b 0C       		.byte	0xc
 1131 061c 06       		.uleb128 0x6
 1132 061d D8030000 		.4byte	.LASF92
 1133 0621 0C       		.byte	0xc
 1134 0622 B2       		.byte	0xb2
 1135 0623 99050000 		.4byte	0x599
 1136 0627 10       		.byte	0x10
 1137 0628 06       		.uleb128 0x6
 1138 0629 7E020000 		.4byte	.LASF93
 1139 062d 0C       		.byte	0xc
 1140 062e B3       		.byte	0xb3
 1141 062f CE000000 		.4byte	0xce
 1142 0633 14       		.byte	0x14
 1143 0634 06       		.uleb128 0x6
 1144 0635 70000000 		.4byte	.LASF94
 1145 0639 0C       		.byte	0xc
 1146 063a B4       		.byte	0xb4
 1147 063b CE000000 		.4byte	0xce
 1148 063f 15       		.byte	0x15
 1149 0640 06       		.uleb128 0x6
 1150 0641 90040000 		.4byte	.LASF95
 1151 0645 0C       		.byte	0xc
 1152 0646 B5       		.byte	0xb5
 1153 0647 99050000 		.4byte	0x599
 1154 064b 18       		.byte	0x18
 1155 064c 06       		.uleb128 0x6
 1156 064d 97030000 		.4byte	.LASF96
 1157 0651 0C       		.byte	0xc
 1158 0652 B6       		.byte	0xb6
 1159 0653 99050000 		.4byte	0x599
 1160 0657 1C       		.byte	0x1c
 1161 0658 06       		.uleb128 0x6
 1162 0659 E4040000 		.4byte	.LASF97
 1163 065d 0C       		.byte	0xc
 1164 065e B7       		.byte	0xb7
 1165 065f CE000000 		.4byte	0xce
 1166 0663 20       		.byte	0x20
 1167 0664 07       		.uleb128 0x7
 1168 0665 746300   		.ascii	"tc\000"
 1169 0668 0C       		.byte	0xc
 1170 0669 B8       		.byte	0xb8
 1171 066a CE000000 		.4byte	0xce
 1172 066e 21       		.byte	0x21
 1173 066f 06       		.uleb128 0x6
 1174 0670 88000000 		.4byte	.LASF98
 1175 0674 0C       		.byte	0xc
 1176 0675 B9       		.byte	0xb9
 1177 0676 99050000 		.4byte	0x599
 1178 067a 24       		.byte	0x24
 1179 067b 00       		.byte	0
 1180 067c 03       		.uleb128 0x3
 1181 067d AE020000 		.4byte	.LASF99
ARM GAS  C:\Users\jsyoon\AppData\Local\Temp\cc95Q1rp.s 			page 22


 1182 0681 0C       		.byte	0xc
 1183 0682 BA       		.byte	0xba
 1184 0683 E4050000 		.4byte	0x5e4
 1185 0687 0F       		.uleb128 0xf
 1186 0688 A2000000 		.4byte	0xa2
 1187 068c 09       		.uleb128 0x9
 1188 068d 04       		.byte	0x4
 1189 068e 92060000 		.4byte	0x692
 1190 0692 16       		.uleb128 0x16
 1191 0693 02       		.uleb128 0x2
 1192 0694 08       		.byte	0x8
 1193 0695 04       		.byte	0x4
 1194 0696 72060000 		.4byte	.LASF100
 1195 069a 02       		.uleb128 0x2
 1196 069b 08       		.byte	0x8
 1197 069c 04       		.byte	0x4
 1198 069d A4050000 		.4byte	.LASF101
 1199 06a1 17       		.uleb128 0x17
 1200 06a2 C8040000 		.4byte	.LASF102
 1201 06a6 01       		.byte	0x1
 1202 06a7 52       		.byte	0x52
 1203 06a8 00000000 		.4byte	.LFB121
 1204 06ac 2C000000 		.4byte	.LFE121-.LFB121
 1205 06b0 01       		.uleb128 0x1
 1206 06b1 9C       		.byte	0x9c
 1207 06b2 FF060000 		.4byte	0x6ff
 1208 06b6 18       		.uleb128 0x18
 1209 06b7 7000     		.ascii	"p\000"
 1210 06b9 01       		.byte	0x1
 1211 06ba 52       		.byte	0x52
 1212 06bb 92020000 		.4byte	0x292
 1213 06bf 00000000 		.4byte	.LLST0
 1214 06c3 19       		.uleb128 0x19
 1215 06c4 10000000 		.4byte	.LVL2
 1216 06c8 B2080000 		.4byte	0x8b2
 1217 06cc EF060000 		.4byte	0x6ef
 1218 06d0 1A       		.uleb128 0x1a
 1219 06d1 01       		.uleb128 0x1
 1220 06d2 53       		.byte	0x53
 1221 06d3 03       		.uleb128 0x3
 1222 06d4 F3       		.byte	0xf3
 1223 06d5 01       		.uleb128 0x1
 1224 06d6 50       		.byte	0x50
 1225 06d7 1A       		.uleb128 0x1a
 1226 06d8 01       		.uleb128 0x1
 1227 06d9 52       		.byte	0x52
 1228 06da 05       		.uleb128 0x5
 1229 06db 03       		.byte	0x3
 1230 06dc 00000000 		.4byte	update
 1231 06e0 1A       		.uleb128 0x1a
 1232 06e1 01       		.uleb128 0x1
 1233 06e2 51       		.byte	0x51
 1234 06e3 01       		.uleb128 0x1
 1235 06e4 44       		.byte	0x44
 1236 06e5 1A       		.uleb128 0x1a
 1237 06e6 01       		.uleb128 0x1
 1238 06e7 50       		.byte	0x50
ARM GAS  C:\Users\jsyoon\AppData\Local\Temp\cc95Q1rp.s 			page 23


 1239 06e8 05       		.uleb128 0x5
 1240 06e9 03       		.byte	0x3
 1241 06ea 00000000 		.4byte	.LANCHOR0
 1242 06ee 00       		.byte	0
 1243 06ef 1B       		.uleb128 0x1b
 1244 06f0 1A000000 		.4byte	.LVL3
 1245 06f4 D2080000 		.4byte	0x8d2
 1246 06f8 1A       		.uleb128 0x1a
 1247 06f9 01       		.uleb128 0x1
 1248 06fa 51       		.byte	0x51
 1249 06fb 01       		.uleb128 0x1
 1250 06fc 31       		.byte	0x31
 1251 06fd 00       		.byte	0
 1252 06fe 00       		.byte	0
 1253 06ff 1C       		.uleb128 0x1c
 1254 0700 08000000 		.4byte	.LASF122
 1255 0704 01       		.byte	0x1
 1256 0705 59       		.byte	0x59
 1257 0706 0C010000 		.4byte	0x10c
 1258 070a 00000000 		.4byte	.LFB122
 1259 070e 44000000 		.4byte	.LFE122-.LFB122
 1260 0712 01       		.uleb128 0x1
 1261 0713 9C       		.byte	0x9c
 1262 0714 44070000 		.4byte	0x744
 1263 0718 18       		.uleb128 0x18
 1264 0719 61726700 		.ascii	"arg\000"
 1265 071d 01       		.byte	0x1
 1266 071e 59       		.byte	0x59
 1267 071f 92020000 		.4byte	0x292
 1268 0723 2C000000 		.4byte	.LLST1
 1269 0727 1D       		.uleb128 0x1d
 1270 0728 1E000000 		.4byte	.LVL6
 1271 072c E8080000 		.4byte	0x8e8
 1272 0730 1B       		.uleb128 0x1b
 1273 0731 24000000 		.4byte	.LVL7
 1274 0735 03090000 		.4byte	0x903
 1275 0739 1A       		.uleb128 0x1a
 1276 073a 01       		.uleb128 0x1
 1277 073b 50       		.byte	0x50
 1278 073c 05       		.uleb128 0x5
 1279 073d 03       		.byte	0x3
 1280 073e 00000000 		.4byte	servodec_func
 1281 0742 00       		.byte	0
 1282 0743 00       		.byte	0
 1283 0744 17       		.uleb128 0x17
 1284 0745 01060000 		.4byte	.LASF103
 1285 0749 01       		.byte	0x1
 1286 074a 4B       		.byte	0x4b
 1287 074b 00000000 		.4byte	.LFB120
 1288 074f 1C000000 		.4byte	.LFE120-.LFB120
 1289 0753 01       		.uleb128 0x1
 1290 0754 9C       		.byte	0x9c
 1291 0755 72070000 		.4byte	0x772
 1292 0759 1D       		.uleb128 0x1d
 1293 075a 08000000 		.4byte	.LVL8
 1294 075e 14090000 		.4byte	0x914
 1295 0762 1B       		.uleb128 0x1b
ARM GAS  C:\Users\jsyoon\AppData\Local\Temp\cc95Q1rp.s 			page 24


 1296 0763 12000000 		.4byte	.LVL9
 1297 0767 D2080000 		.4byte	0x8d2
 1298 076b 1A       		.uleb128 0x1a
 1299 076c 01       		.uleb128 0x1
 1300 076d 51       		.byte	0x51
 1301 076e 01       		.uleb128 0x1
 1302 076f 31       		.byte	0x31
 1303 0770 00       		.byte	0
 1304 0771 00       		.byte	0
 1305 0772 1E       		.uleb128 0x1e
 1306 0773 06030000 		.4byte	.LASF105
 1307 0777 01       		.byte	0x1
 1308 0778 3A       		.byte	0x3a
 1309 0779 00000000 		.4byte	.LFB118
 1310 077d 48000000 		.4byte	.LFE118-.LFB118
 1311 0781 01       		.uleb128 0x1
 1312 0782 9C       		.byte	0x9c
 1313 0783 A0070000 		.4byte	0x7a0
 1314 0787 1F       		.uleb128 0x1f
 1315 0788 06010000 		.4byte	.LASF104
 1316 078c 01       		.byte	0x1
 1317 078d 3A       		.byte	0x3a
 1318 078e A0070000 		.4byte	0x7a0
 1319 0792 4D000000 		.4byte	.LLST2
 1320 0796 20       		.uleb128 0x20
 1321 0797 3C000000 		.4byte	.LVL14
 1322 079b E8080000 		.4byte	0x8e8
 1323 079f 00       		.byte	0
 1324 07a0 09       		.uleb128 0x9
 1325 07a1 04       		.byte	0x4
 1326 07a2 7C060000 		.4byte	0x67c
 1327 07a6 1E       		.uleb128 0x1e
 1328 07a7 48050000 		.4byte	.LASF106
 1329 07ab 01       		.byte	0x1
 1330 07ac 43       		.byte	0x43
 1331 07ad 00000000 		.4byte	.LFB119
 1332 07b1 3C000000 		.4byte	.LFE119-.LFB119
 1333 07b5 01       		.uleb128 0x1
 1334 07b6 9C       		.byte	0x9c
 1335 07b7 17080000 		.4byte	0x817
 1336 07bb 19       		.uleb128 0x19
 1337 07bc 16000000 		.4byte	.LVL15
 1338 07c0 1B090000 		.4byte	0x91b
 1339 07c4 EF070000 		.4byte	0x7ef
 1340 07c8 1A       		.uleb128 0x1a
 1341 07c9 01       		.uleb128 0x1
 1342 07ca 53       		.byte	0x53
 1343 07cb 05       		.uleb128 0x5
 1344 07cc 03       		.byte	0x3
 1345 07cd 00000000 		.4byte	ppm_thread
 1346 07d1 1A       		.uleb128 0x1a
 1347 07d2 01       		.uleb128 0x1
 1348 07d3 52       		.byte	0x52
 1349 07d4 02       		.uleb128 0x2
 1350 07d5 08       		.byte	0x8
 1351 07d6 40       		.byte	0x40
 1352 07d7 1A       		.uleb128 0x1a
ARM GAS  C:\Users\jsyoon\AppData\Local\Temp\cc95Q1rp.s 			page 25


 1353 07d8 01       		.uleb128 0x1
 1354 07d9 51       		.byte	0x51
 1355 07da 03       		.uleb128 0x3
 1356 07db 0A       		.byte	0xa
 1357 07dc 9805     		.2byte	0x598
 1358 07de 1A       		.uleb128 0x1a
 1359 07df 01       		.uleb128 0x1
 1360 07e0 50       		.byte	0x50
 1361 07e1 05       		.uleb128 0x5
 1362 07e2 03       		.byte	0x3
 1363 07e3 00000000 		.4byte	.LANCHOR5
 1364 07e7 1A       		.uleb128 0x1a
 1365 07e8 02       		.uleb128 0x2
 1366 07e9 7D       		.byte	0x7d
 1367 07ea 00       		.sleb128 0
 1368 07eb 02       		.uleb128 0x2
 1369 07ec 74       		.byte	0x74
 1370 07ed 00       		.sleb128 0
 1371 07ee 00       		.byte	0
 1372 07ef 1B       		.uleb128 0x1b
 1373 07f0 24000000 		.4byte	.LVL16
 1374 07f4 B2080000 		.4byte	0x8b2
 1375 07f8 1A       		.uleb128 0x1a
 1376 07f9 01       		.uleb128 0x1
 1377 07fa 53       		.byte	0x53
 1378 07fb 02       		.uleb128 0x2
 1379 07fc 74       		.byte	0x74
 1380 07fd 00       		.sleb128 0
 1381 07fe 1A       		.uleb128 0x1a
 1382 07ff 01       		.uleb128 0x1
 1383 0800 52       		.byte	0x52
 1384 0801 05       		.uleb128 0x5
 1385 0802 03       		.byte	0x3
 1386 0803 00000000 		.4byte	update
 1387 0807 1A       		.uleb128 0x1a
 1388 0808 01       		.uleb128 0x1
 1389 0809 51       		.byte	0x51
 1390 080a 01       		.uleb128 0x1
 1391 080b 3A       		.byte	0x3a
 1392 080c 1A       		.uleb128 0x1a
 1393 080d 01       		.uleb128 0x1
 1394 080e 50       		.byte	0x50
 1395 080f 05       		.uleb128 0x5
 1396 0810 03       		.byte	0x3
 1397 0811 00000000 		.4byte	.LANCHOR0
 1398 0815 00       		.byte	0
 1399 0816 00       		.byte	0
 1400 0817 21       		.uleb128 0x21
 1401 0818 94020000 		.4byte	0x294
 1402 081c 27080000 		.4byte	0x827
 1403 0820 22       		.uleb128 0x22
 1404 0821 0C040000 		.4byte	0x40c
 1405 0825 B2       		.byte	0xb2
 1406 0826 00       		.byte	0
 1407 0827 23       		.uleb128 0x23
 1408 0828 3B010000 		.4byte	.LASF107
 1409 082c 01       		.byte	0x1
ARM GAS  C:\Users\jsyoon\AppData\Local\Temp\cc95Q1rp.s 			page 26


 1410 082d 2B       		.byte	0x2b
 1411 082e 17080000 		.4byte	0x817
 1412 0832 05       		.uleb128 0x5
 1413 0833 03       		.byte	0x3
 1414 0834 00000000 		.4byte	ppm_thread_wa
 1415 0838 23       		.uleb128 0x23
 1416 0839 1A000000 		.4byte	.LASF108
 1417 083d 01       		.byte	0x1
 1418 083e 2C       		.byte	0x2c
 1419 083f 56020000 		.4byte	0x256
 1420 0843 05       		.uleb128 0x5
 1421 0844 03       		.byte	0x3
 1422 0845 00000000 		.4byte	ppm_tp
 1423 0849 23       		.uleb128 0x23
 1424 084a 20060000 		.4byte	.LASF109
 1425 084e 01       		.byte	0x1
 1426 084f 33       		.byte	0x33
 1427 0850 5A080000 		.4byte	0x85a
 1428 0854 05       		.uleb128 0x5
 1429 0855 03       		.byte	0x3
 1430 0856 00000000 		.4byte	is_running
 1431 085a 0F       		.uleb128 0xf
 1432 085b CE000000 		.4byte	0xce
 1433 085f 23       		.uleb128 0x23
 1434 0860 B5050000 		.4byte	.LASF110
 1435 0864 01       		.byte	0x1
 1436 0865 34       		.byte	0x34
 1437 0866 70080000 		.4byte	0x870
 1438 086a 05       		.uleb128 0x5
 1439 086b 03       		.byte	0x3
 1440 086c 00000000 		.4byte	config
 1441 0870 0F       		.uleb128 0xf
 1442 0871 7C060000 		.4byte	0x67c
 1443 0875 23       		.uleb128 0x23
 1444 0876 28000000 		.4byte	.LASF111
 1445 087a 01       		.byte	0x1
 1446 087b 35       		.byte	0x35
 1447 087c 86080000 		.4byte	0x886
 1448 0880 05       		.uleb128 0x5
 1449 0881 03       		.byte	0x3
 1450 0882 00000000 		.4byte	pulses_without_power
 1451 0886 0F       		.uleb128 0xf
 1452 0887 89000000 		.4byte	0x89
 1453 088b 24       		.uleb128 0x24
 1454 088c 2B060000 		.4byte	.LASF112
 1455 0890 0A       		.byte	0xa
 1456 0891 6F       		.byte	0x6f
 1457 0892 DF040000 		.4byte	0x4df
 1458 0896 25       		.uleb128 0x25
 1459 0897 7B000000 		.4byte	.LASF113
 1460 089b 0D       		.byte	0xd
 1461 089c 9806     		.2byte	0x698
 1462 089e 87060000 		.4byte	0x687
 1463 08a2 26       		.uleb128 0x26
 1464 08a3 767400   		.ascii	"vt\000"
 1465 08a6 01       		.byte	0x1
 1466 08a7 2D       		.byte	0x2d
ARM GAS  C:\Users\jsyoon\AppData\Local\Temp\cc95Q1rp.s 			page 27


 1467 08a8 2F040000 		.4byte	0x42f
 1468 08ac 05       		.uleb128 0x5
 1469 08ad 03       		.byte	0x3
 1470 08ae 00000000 		.4byte	vt
 1471 08b2 27       		.uleb128 0x27
 1472 08b3 33040000 		.4byte	.LASF114
 1473 08b7 09       		.byte	0x9
 1474 08b8 FE       		.byte	0xfe
 1475 08b9 D2080000 		.4byte	0x8d2
 1476 08bd 0E       		.uleb128 0xe
 1477 08be 83040000 		.4byte	0x483
 1478 08c2 0E       		.uleb128 0xe
 1479 08c3 22010000 		.4byte	0x122
 1480 08c7 0E       		.uleb128 0xe
 1481 08c8 13040000 		.4byte	0x413
 1482 08cc 0E       		.uleb128 0xe
 1483 08cd 92020000 		.4byte	0x292
 1484 08d1 00       		.byte	0
 1485 08d2 27       		.uleb128 0x27
 1486 08d3 89060000 		.4byte	.LASF115
 1487 08d7 0E       		.byte	0xe
 1488 08d8 B8       		.byte	0xb8
 1489 08d9 E8080000 		.4byte	0x8e8
 1490 08dd 0E       		.uleb128 0xe
 1491 08de 56020000 		.4byte	0x256
 1492 08e2 0E       		.uleb128 0xe
 1493 08e3 17010000 		.4byte	0x117
 1494 08e7 00       		.byte	0
 1495 08e8 27       		.uleb128 0x27
 1496 08e9 52030000 		.4byte	.LASF116
 1497 08ed 0F       		.byte	0xf
 1498 08ee 21       		.byte	0x21
 1499 08ef 03090000 		.4byte	0x903
 1500 08f3 0E       		.uleb128 0xe
 1501 08f4 99050000 		.4byte	0x599
 1502 08f8 0E       		.uleb128 0xe
 1503 08f9 99050000 		.4byte	0x599
 1504 08fd 0E       		.uleb128 0xe
 1505 08fe CE000000 		.4byte	0xce
 1506 0902 00       		.byte	0
 1507 0903 27       		.uleb128 0x27
 1508 0904 EE000000 		.4byte	.LASF117
 1509 0908 0F       		.byte	0xf
 1510 0909 20       		.byte	0x20
 1511 090a 14090000 		.4byte	0x914
 1512 090e 0E       		.uleb128 0xe
 1513 090f 8C060000 		.4byte	0x68c
 1514 0913 00       		.byte	0
 1515 0914 28       		.uleb128 0x28
 1516 0915 47060000 		.4byte	.LASF123
 1517 0919 10       		.byte	0x10
 1518 091a 21       		.byte	0x21
 1519 091b 29       		.uleb128 0x29
 1520 091c BE030000 		.4byte	.LASF118
 1521 0920 07       		.byte	0x7
 1522 0921 7001     		.2byte	0x170
 1523 0923 56020000 		.4byte	0x256
ARM GAS  C:\Users\jsyoon\AppData\Local\Temp\cc95Q1rp.s 			page 28


 1524 0927 0E       		.uleb128 0xe
 1525 0928 92020000 		.4byte	0x292
 1526 092c 0E       		.uleb128 0xe
 1527 092d C3000000 		.4byte	0xc3
 1528 0931 0E       		.uleb128 0xe
 1529 0932 01010000 		.4byte	0x101
 1530 0936 0E       		.uleb128 0xe
 1531 0937 79050000 		.4byte	0x579
 1532 093b 0E       		.uleb128 0xe
 1533 093c 92020000 		.4byte	0x292
 1534 0940 00       		.byte	0
 1535 0941 00       		.byte	0
 1536              		.section	.debug_abbrev,"",%progbits
 1537              	.Ldebug_abbrev0:
 1538 0000 01       		.uleb128 0x1
 1539 0001 11       		.uleb128 0x11
 1540 0002 01       		.byte	0x1
 1541 0003 25       		.uleb128 0x25
 1542 0004 0E       		.uleb128 0xe
 1543 0005 13       		.uleb128 0x13
 1544 0006 0B       		.uleb128 0xb
 1545 0007 03       		.uleb128 0x3
 1546 0008 0E       		.uleb128 0xe
 1547 0009 1B       		.uleb128 0x1b
 1548 000a 0E       		.uleb128 0xe
 1549 000b 55       		.uleb128 0x55
 1550 000c 17       		.uleb128 0x17
 1551 000d 11       		.uleb128 0x11
 1552 000e 01       		.uleb128 0x1
 1553 000f 10       		.uleb128 0x10
 1554 0010 17       		.uleb128 0x17
 1555 0011 00       		.byte	0
 1556 0012 00       		.byte	0
 1557 0013 02       		.uleb128 0x2
 1558 0014 24       		.uleb128 0x24
 1559 0015 00       		.byte	0
 1560 0016 0B       		.uleb128 0xb
 1561 0017 0B       		.uleb128 0xb
 1562 0018 3E       		.uleb128 0x3e
 1563 0019 0B       		.uleb128 0xb
 1564 001a 03       		.uleb128 0x3
 1565 001b 0E       		.uleb128 0xe
 1566 001c 00       		.byte	0
 1567 001d 00       		.byte	0
 1568 001e 03       		.uleb128 0x3
 1569 001f 16       		.uleb128 0x16
 1570 0020 00       		.byte	0
 1571 0021 03       		.uleb128 0x3
 1572 0022 0E       		.uleb128 0xe
 1573 0023 3A       		.uleb128 0x3a
 1574 0024 0B       		.uleb128 0xb
 1575 0025 3B       		.uleb128 0x3b
 1576 0026 0B       		.uleb128 0xb
 1577 0027 49       		.uleb128 0x49
 1578 0028 13       		.uleb128 0x13
 1579 0029 00       		.byte	0
 1580 002a 00       		.byte	0
ARM GAS  C:\Users\jsyoon\AppData\Local\Temp\cc95Q1rp.s 			page 29


 1581 002b 04       		.uleb128 0x4
 1582 002c 24       		.uleb128 0x24
 1583 002d 00       		.byte	0
 1584 002e 0B       		.uleb128 0xb
 1585 002f 0B       		.uleb128 0xb
 1586 0030 3E       		.uleb128 0x3e
 1587 0031 0B       		.uleb128 0xb
 1588 0032 03       		.uleb128 0x3
 1589 0033 08       		.uleb128 0x8
 1590 0034 00       		.byte	0
 1591 0035 00       		.byte	0
 1592 0036 05       		.uleb128 0x5
 1593 0037 13       		.uleb128 0x13
 1594 0038 01       		.byte	0x1
 1595 0039 03       		.uleb128 0x3
 1596 003a 0E       		.uleb128 0xe
 1597 003b 0B       		.uleb128 0xb
 1598 003c 0B       		.uleb128 0xb
 1599 003d 3A       		.uleb128 0x3a
 1600 003e 0B       		.uleb128 0xb
 1601 003f 3B       		.uleb128 0x3b
 1602 0040 0B       		.uleb128 0xb
 1603 0041 01       		.uleb128 0x1
 1604 0042 13       		.uleb128 0x13
 1605 0043 00       		.byte	0
 1606 0044 00       		.byte	0
 1607 0045 06       		.uleb128 0x6
 1608 0046 0D       		.uleb128 0xd
 1609 0047 00       		.byte	0
 1610 0048 03       		.uleb128 0x3
 1611 0049 0E       		.uleb128 0xe
 1612 004a 3A       		.uleb128 0x3a
 1613 004b 0B       		.uleb128 0xb
 1614 004c 3B       		.uleb128 0x3b
 1615 004d 0B       		.uleb128 0xb
 1616 004e 49       		.uleb128 0x49
 1617 004f 13       		.uleb128 0x13
 1618 0050 38       		.uleb128 0x38
 1619 0051 0B       		.uleb128 0xb
 1620 0052 00       		.byte	0
 1621 0053 00       		.byte	0
 1622 0054 07       		.uleb128 0x7
 1623 0055 0D       		.uleb128 0xd
 1624 0056 00       		.byte	0
 1625 0057 03       		.uleb128 0x3
 1626 0058 08       		.uleb128 0x8
 1627 0059 3A       		.uleb128 0x3a
 1628 005a 0B       		.uleb128 0xb
 1629 005b 3B       		.uleb128 0x3b
 1630 005c 0B       		.uleb128 0xb
 1631 005d 49       		.uleb128 0x49
 1632 005e 13       		.uleb128 0x13
 1633 005f 38       		.uleb128 0x38
 1634 0060 0B       		.uleb128 0xb
 1635 0061 00       		.byte	0
 1636 0062 00       		.byte	0
 1637 0063 08       		.uleb128 0x8
ARM GAS  C:\Users\jsyoon\AppData\Local\Temp\cc95Q1rp.s 			page 30


 1638 0064 13       		.uleb128 0x13
 1639 0065 01       		.byte	0x1
 1640 0066 0B       		.uleb128 0xb
 1641 0067 0B       		.uleb128 0xb
 1642 0068 3A       		.uleb128 0x3a
 1643 0069 0B       		.uleb128 0xb
 1644 006a 3B       		.uleb128 0x3b
 1645 006b 0B       		.uleb128 0xb
 1646 006c 01       		.uleb128 0x1
 1647 006d 13       		.uleb128 0x13
 1648 006e 00       		.byte	0
 1649 006f 00       		.byte	0
 1650 0070 09       		.uleb128 0x9
 1651 0071 0F       		.uleb128 0xf
 1652 0072 00       		.byte	0
 1653 0073 0B       		.uleb128 0xb
 1654 0074 0B       		.uleb128 0xb
 1655 0075 49       		.uleb128 0x49
 1656 0076 13       		.uleb128 0x13
 1657 0077 00       		.byte	0
 1658 0078 00       		.byte	0
 1659 0079 0A       		.uleb128 0xa
 1660 007a 0F       		.uleb128 0xf
 1661 007b 00       		.byte	0
 1662 007c 0B       		.uleb128 0xb
 1663 007d 0B       		.uleb128 0xb
 1664 007e 00       		.byte	0
 1665 007f 00       		.byte	0
 1666 0080 0B       		.uleb128 0xb
 1667 0081 13       		.uleb128 0x13
 1668 0082 01       		.byte	0x1
 1669 0083 03       		.uleb128 0x3
 1670 0084 0E       		.uleb128 0xe
 1671 0085 0B       		.uleb128 0xb
 1672 0086 0B       		.uleb128 0xb
 1673 0087 3A       		.uleb128 0x3a
 1674 0088 0B       		.uleb128 0xb
 1675 0089 3B       		.uleb128 0x3b
 1676 008a 05       		.uleb128 0x5
 1677 008b 01       		.uleb128 0x1
 1678 008c 13       		.uleb128 0x13
 1679 008d 00       		.byte	0
 1680 008e 00       		.byte	0
 1681 008f 0C       		.uleb128 0xc
 1682 0090 0D       		.uleb128 0xd
 1683 0091 00       		.byte	0
 1684 0092 03       		.uleb128 0x3
 1685 0093 08       		.uleb128 0x8
 1686 0094 3A       		.uleb128 0x3a
 1687 0095 0B       		.uleb128 0xb
 1688 0096 3B       		.uleb128 0x3b
 1689 0097 05       		.uleb128 0x5
 1690 0098 49       		.uleb128 0x49
 1691 0099 13       		.uleb128 0x13
 1692 009a 38       		.uleb128 0x38
 1693 009b 0B       		.uleb128 0xb
 1694 009c 00       		.byte	0
ARM GAS  C:\Users\jsyoon\AppData\Local\Temp\cc95Q1rp.s 			page 31


 1695 009d 00       		.byte	0
 1696 009e 0D       		.uleb128 0xd
 1697 009f 15       		.uleb128 0x15
 1698 00a0 01       		.byte	0x1
 1699 00a1 27       		.uleb128 0x27
 1700 00a2 19       		.uleb128 0x19
 1701 00a3 01       		.uleb128 0x1
 1702 00a4 13       		.uleb128 0x13
 1703 00a5 00       		.byte	0
 1704 00a6 00       		.byte	0
 1705 00a7 0E       		.uleb128 0xe
 1706 00a8 05       		.uleb128 0x5
 1707 00a9 00       		.byte	0
 1708 00aa 49       		.uleb128 0x49
 1709 00ab 13       		.uleb128 0x13
 1710 00ac 00       		.byte	0
 1711 00ad 00       		.byte	0
 1712 00ae 0F       		.uleb128 0xf
 1713 00af 35       		.uleb128 0x35
 1714 00b0 00       		.byte	0
 1715 00b1 49       		.uleb128 0x49
 1716 00b2 13       		.uleb128 0x13
 1717 00b3 00       		.byte	0
 1718 00b4 00       		.byte	0
 1719 00b5 10       		.uleb128 0x10
 1720 00b6 17       		.uleb128 0x17
 1721 00b7 01       		.byte	0x1
 1722 00b8 0B       		.uleb128 0xb
 1723 00b9 0B       		.uleb128 0xb
 1724 00ba 3A       		.uleb128 0x3a
 1725 00bb 0B       		.uleb128 0xb
 1726 00bc 3B       		.uleb128 0x3b
 1727 00bd 0B       		.uleb128 0xb
 1728 00be 01       		.uleb128 0x1
 1729 00bf 13       		.uleb128 0x13
 1730 00c0 00       		.byte	0
 1731 00c1 00       		.byte	0
 1732 00c2 11       		.uleb128 0x11
 1733 00c3 0D       		.uleb128 0xd
 1734 00c4 00       		.byte	0
 1735 00c5 03       		.uleb128 0x3
 1736 00c6 0E       		.uleb128 0xe
 1737 00c7 3A       		.uleb128 0x3a
 1738 00c8 0B       		.uleb128 0xb
 1739 00c9 3B       		.uleb128 0x3b
 1740 00ca 0B       		.uleb128 0xb
 1741 00cb 49       		.uleb128 0x49
 1742 00cc 13       		.uleb128 0x13
 1743 00cd 00       		.byte	0
 1744 00ce 00       		.byte	0
 1745 00cf 12       		.uleb128 0x12
 1746 00d0 26       		.uleb128 0x26
 1747 00d1 00       		.byte	0
 1748 00d2 49       		.uleb128 0x49
 1749 00d3 13       		.uleb128 0x13
 1750 00d4 00       		.byte	0
 1751 00d5 00       		.byte	0
ARM GAS  C:\Users\jsyoon\AppData\Local\Temp\cc95Q1rp.s 			page 32


 1752 00d6 13       		.uleb128 0x13
 1753 00d7 15       		.uleb128 0x15
 1754 00d8 01       		.byte	0x1
 1755 00d9 27       		.uleb128 0x27
 1756 00da 19       		.uleb128 0x19
 1757 00db 49       		.uleb128 0x49
 1758 00dc 13       		.uleb128 0x13
 1759 00dd 01       		.uleb128 0x1
 1760 00de 13       		.uleb128 0x13
 1761 00df 00       		.byte	0
 1762 00e0 00       		.byte	0
 1763 00e1 14       		.uleb128 0x14
 1764 00e2 04       		.uleb128 0x4
 1765 00e3 01       		.byte	0x1
 1766 00e4 0B       		.uleb128 0xb
 1767 00e5 0B       		.uleb128 0xb
 1768 00e6 3A       		.uleb128 0x3a
 1769 00e7 0B       		.uleb128 0xb
 1770 00e8 3B       		.uleb128 0x3b
 1771 00e9 0B       		.uleb128 0xb
 1772 00ea 01       		.uleb128 0x1
 1773 00eb 13       		.uleb128 0x13
 1774 00ec 00       		.byte	0
 1775 00ed 00       		.byte	0
 1776 00ee 15       		.uleb128 0x15
 1777 00ef 28       		.uleb128 0x28
 1778 00f0 00       		.byte	0
 1779 00f1 03       		.uleb128 0x3
 1780 00f2 0E       		.uleb128 0xe
 1781 00f3 1C       		.uleb128 0x1c
 1782 00f4 0D       		.uleb128 0xd
 1783 00f5 00       		.byte	0
 1784 00f6 00       		.byte	0
 1785 00f7 16       		.uleb128 0x16
 1786 00f8 15       		.uleb128 0x15
 1787 00f9 00       		.byte	0
 1788 00fa 27       		.uleb128 0x27
 1789 00fb 19       		.uleb128 0x19
 1790 00fc 00       		.byte	0
 1791 00fd 00       		.byte	0
 1792 00fe 17       		.uleb128 0x17
 1793 00ff 2E       		.uleb128 0x2e
 1794 0100 01       		.byte	0x1
 1795 0101 03       		.uleb128 0x3
 1796 0102 0E       		.uleb128 0xe
 1797 0103 3A       		.uleb128 0x3a
 1798 0104 0B       		.uleb128 0xb
 1799 0105 3B       		.uleb128 0x3b
 1800 0106 0B       		.uleb128 0xb
 1801 0107 27       		.uleb128 0x27
 1802 0108 19       		.uleb128 0x19
 1803 0109 11       		.uleb128 0x11
 1804 010a 01       		.uleb128 0x1
 1805 010b 12       		.uleb128 0x12
 1806 010c 06       		.uleb128 0x6
 1807 010d 40       		.uleb128 0x40
 1808 010e 18       		.uleb128 0x18
ARM GAS  C:\Users\jsyoon\AppData\Local\Temp\cc95Q1rp.s 			page 33


 1809 010f 9742     		.uleb128 0x2117
 1810 0111 19       		.uleb128 0x19
 1811 0112 01       		.uleb128 0x1
 1812 0113 13       		.uleb128 0x13
 1813 0114 00       		.byte	0
 1814 0115 00       		.byte	0
 1815 0116 18       		.uleb128 0x18
 1816 0117 05       		.uleb128 0x5
 1817 0118 00       		.byte	0
 1818 0119 03       		.uleb128 0x3
 1819 011a 08       		.uleb128 0x8
 1820 011b 3A       		.uleb128 0x3a
 1821 011c 0B       		.uleb128 0xb
 1822 011d 3B       		.uleb128 0x3b
 1823 011e 0B       		.uleb128 0xb
 1824 011f 49       		.uleb128 0x49
 1825 0120 13       		.uleb128 0x13
 1826 0121 02       		.uleb128 0x2
 1827 0122 17       		.uleb128 0x17
 1828 0123 00       		.byte	0
 1829 0124 00       		.byte	0
 1830 0125 19       		.uleb128 0x19
 1831 0126 898201   		.uleb128 0x4109
 1832 0129 01       		.byte	0x1
 1833 012a 11       		.uleb128 0x11
 1834 012b 01       		.uleb128 0x1
 1835 012c 31       		.uleb128 0x31
 1836 012d 13       		.uleb128 0x13
 1837 012e 01       		.uleb128 0x1
 1838 012f 13       		.uleb128 0x13
 1839 0130 00       		.byte	0
 1840 0131 00       		.byte	0
 1841 0132 1A       		.uleb128 0x1a
 1842 0133 8A8201   		.uleb128 0x410a
 1843 0136 00       		.byte	0
 1844 0137 02       		.uleb128 0x2
 1845 0138 18       		.uleb128 0x18
 1846 0139 9142     		.uleb128 0x2111
 1847 013b 18       		.uleb128 0x18
 1848 013c 00       		.byte	0
 1849 013d 00       		.byte	0
 1850 013e 1B       		.uleb128 0x1b
 1851 013f 898201   		.uleb128 0x4109
 1852 0142 01       		.byte	0x1
 1853 0143 11       		.uleb128 0x11
 1854 0144 01       		.uleb128 0x1
 1855 0145 31       		.uleb128 0x31
 1856 0146 13       		.uleb128 0x13
 1857 0147 00       		.byte	0
 1858 0148 00       		.byte	0
 1859 0149 1C       		.uleb128 0x1c
 1860 014a 2E       		.uleb128 0x2e
 1861 014b 01       		.byte	0x1
 1862 014c 03       		.uleb128 0x3
 1863 014d 0E       		.uleb128 0xe
 1864 014e 3A       		.uleb128 0x3a
 1865 014f 0B       		.uleb128 0xb
ARM GAS  C:\Users\jsyoon\AppData\Local\Temp\cc95Q1rp.s 			page 34


 1866 0150 3B       		.uleb128 0x3b
 1867 0151 0B       		.uleb128 0xb
 1868 0152 27       		.uleb128 0x27
 1869 0153 19       		.uleb128 0x19
 1870 0154 49       		.uleb128 0x49
 1871 0155 13       		.uleb128 0x13
 1872 0156 11       		.uleb128 0x11
 1873 0157 01       		.uleb128 0x1
 1874 0158 12       		.uleb128 0x12
 1875 0159 06       		.uleb128 0x6
 1876 015a 40       		.uleb128 0x40
 1877 015b 18       		.uleb128 0x18
 1878 015c 9742     		.uleb128 0x2117
 1879 015e 19       		.uleb128 0x19
 1880 015f 01       		.uleb128 0x1
 1881 0160 13       		.uleb128 0x13
 1882 0161 00       		.byte	0
 1883 0162 00       		.byte	0
 1884 0163 1D       		.uleb128 0x1d
 1885 0164 898201   		.uleb128 0x4109
 1886 0167 00       		.byte	0
 1887 0168 11       		.uleb128 0x11
 1888 0169 01       		.uleb128 0x1
 1889 016a 31       		.uleb128 0x31
 1890 016b 13       		.uleb128 0x13
 1891 016c 00       		.byte	0
 1892 016d 00       		.byte	0
 1893 016e 1E       		.uleb128 0x1e
 1894 016f 2E       		.uleb128 0x2e
 1895 0170 01       		.byte	0x1
 1896 0171 3F       		.uleb128 0x3f
 1897 0172 19       		.uleb128 0x19
 1898 0173 03       		.uleb128 0x3
 1899 0174 0E       		.uleb128 0xe
 1900 0175 3A       		.uleb128 0x3a
 1901 0176 0B       		.uleb128 0xb
 1902 0177 3B       		.uleb128 0x3b
 1903 0178 0B       		.uleb128 0xb
 1904 0179 27       		.uleb128 0x27
 1905 017a 19       		.uleb128 0x19
 1906 017b 11       		.uleb128 0x11
 1907 017c 01       		.uleb128 0x1
 1908 017d 12       		.uleb128 0x12
 1909 017e 06       		.uleb128 0x6
 1910 017f 40       		.uleb128 0x40
 1911 0180 18       		.uleb128 0x18
 1912 0181 9742     		.uleb128 0x2117
 1913 0183 19       		.uleb128 0x19
 1914 0184 01       		.uleb128 0x1
 1915 0185 13       		.uleb128 0x13
 1916 0186 00       		.byte	0
 1917 0187 00       		.byte	0
 1918 0188 1F       		.uleb128 0x1f
 1919 0189 05       		.uleb128 0x5
 1920 018a 00       		.byte	0
 1921 018b 03       		.uleb128 0x3
 1922 018c 0E       		.uleb128 0xe
ARM GAS  C:\Users\jsyoon\AppData\Local\Temp\cc95Q1rp.s 			page 35


 1923 018d 3A       		.uleb128 0x3a
 1924 018e 0B       		.uleb128 0xb
 1925 018f 3B       		.uleb128 0x3b
 1926 0190 0B       		.uleb128 0xb
 1927 0191 49       		.uleb128 0x49
 1928 0192 13       		.uleb128 0x13
 1929 0193 02       		.uleb128 0x2
 1930 0194 17       		.uleb128 0x17
 1931 0195 00       		.byte	0
 1932 0196 00       		.byte	0
 1933 0197 20       		.uleb128 0x20
 1934 0198 898201   		.uleb128 0x4109
 1935 019b 00       		.byte	0
 1936 019c 11       		.uleb128 0x11
 1937 019d 01       		.uleb128 0x1
 1938 019e 9542     		.uleb128 0x2115
 1939 01a0 19       		.uleb128 0x19
 1940 01a1 31       		.uleb128 0x31
 1941 01a2 13       		.uleb128 0x13
 1942 01a3 00       		.byte	0
 1943 01a4 00       		.byte	0
 1944 01a5 21       		.uleb128 0x21
 1945 01a6 01       		.uleb128 0x1
 1946 01a7 01       		.byte	0x1
 1947 01a8 49       		.uleb128 0x49
 1948 01a9 13       		.uleb128 0x13
 1949 01aa 01       		.uleb128 0x1
 1950 01ab 13       		.uleb128 0x13
 1951 01ac 00       		.byte	0
 1952 01ad 00       		.byte	0
 1953 01ae 22       		.uleb128 0x22
 1954 01af 21       		.uleb128 0x21
 1955 01b0 00       		.byte	0
 1956 01b1 49       		.uleb128 0x49
 1957 01b2 13       		.uleb128 0x13
 1958 01b3 2F       		.uleb128 0x2f
 1959 01b4 0B       		.uleb128 0xb
 1960 01b5 00       		.byte	0
 1961 01b6 00       		.byte	0
 1962 01b7 23       		.uleb128 0x23
 1963 01b8 34       		.uleb128 0x34
 1964 01b9 00       		.byte	0
 1965 01ba 03       		.uleb128 0x3
 1966 01bb 0E       		.uleb128 0xe
 1967 01bc 3A       		.uleb128 0x3a
 1968 01bd 0B       		.uleb128 0xb
 1969 01be 3B       		.uleb128 0x3b
 1970 01bf 0B       		.uleb128 0xb
 1971 01c0 49       		.uleb128 0x49
 1972 01c1 13       		.uleb128 0x13
 1973 01c2 02       		.uleb128 0x2
 1974 01c3 18       		.uleb128 0x18
 1975 01c4 00       		.byte	0
 1976 01c5 00       		.byte	0
 1977 01c6 24       		.uleb128 0x24
 1978 01c7 34       		.uleb128 0x34
 1979 01c8 00       		.byte	0
ARM GAS  C:\Users\jsyoon\AppData\Local\Temp\cc95Q1rp.s 			page 36


 1980 01c9 03       		.uleb128 0x3
 1981 01ca 0E       		.uleb128 0xe
 1982 01cb 3A       		.uleb128 0x3a
 1983 01cc 0B       		.uleb128 0xb
 1984 01cd 3B       		.uleb128 0x3b
 1985 01ce 0B       		.uleb128 0xb
 1986 01cf 49       		.uleb128 0x49
 1987 01d0 13       		.uleb128 0x13
 1988 01d1 3F       		.uleb128 0x3f
 1989 01d2 19       		.uleb128 0x19
 1990 01d3 3C       		.uleb128 0x3c
 1991 01d4 19       		.uleb128 0x19
 1992 01d5 00       		.byte	0
 1993 01d6 00       		.byte	0
 1994 01d7 25       		.uleb128 0x25
 1995 01d8 34       		.uleb128 0x34
 1996 01d9 00       		.byte	0
 1997 01da 03       		.uleb128 0x3
 1998 01db 0E       		.uleb128 0xe
 1999 01dc 3A       		.uleb128 0x3a
 2000 01dd 0B       		.uleb128 0xb
 2001 01de 3B       		.uleb128 0x3b
 2002 01df 05       		.uleb128 0x5
 2003 01e0 49       		.uleb128 0x49
 2004 01e1 13       		.uleb128 0x13
 2005 01e2 3F       		.uleb128 0x3f
 2006 01e3 19       		.uleb128 0x19
 2007 01e4 3C       		.uleb128 0x3c
 2008 01e5 19       		.uleb128 0x19
 2009 01e6 00       		.byte	0
 2010 01e7 00       		.byte	0
 2011 01e8 26       		.uleb128 0x26
 2012 01e9 34       		.uleb128 0x34
 2013 01ea 00       		.byte	0
 2014 01eb 03       		.uleb128 0x3
 2015 01ec 08       		.uleb128 0x8
 2016 01ed 3A       		.uleb128 0x3a
 2017 01ee 0B       		.uleb128 0xb
 2018 01ef 3B       		.uleb128 0x3b
 2019 01f0 0B       		.uleb128 0xb
 2020 01f1 49       		.uleb128 0x49
 2021 01f2 13       		.uleb128 0x13
 2022 01f3 3F       		.uleb128 0x3f
 2023 01f4 19       		.uleb128 0x19
 2024 01f5 02       		.uleb128 0x2
 2025 01f6 18       		.uleb128 0x18
 2026 01f7 00       		.byte	0
 2027 01f8 00       		.byte	0
 2028 01f9 27       		.uleb128 0x27
 2029 01fa 2E       		.uleb128 0x2e
 2030 01fb 01       		.byte	0x1
 2031 01fc 3F       		.uleb128 0x3f
 2032 01fd 19       		.uleb128 0x19
 2033 01fe 03       		.uleb128 0x3
 2034 01ff 0E       		.uleb128 0xe
 2035 0200 3A       		.uleb128 0x3a
 2036 0201 0B       		.uleb128 0xb
ARM GAS  C:\Users\jsyoon\AppData\Local\Temp\cc95Q1rp.s 			page 37


 2037 0202 3B       		.uleb128 0x3b
 2038 0203 0B       		.uleb128 0xb
 2039 0204 27       		.uleb128 0x27
 2040 0205 19       		.uleb128 0x19
 2041 0206 3C       		.uleb128 0x3c
 2042 0207 19       		.uleb128 0x19
 2043 0208 01       		.uleb128 0x1
 2044 0209 13       		.uleb128 0x13
 2045 020a 00       		.byte	0
 2046 020b 00       		.byte	0
 2047 020c 28       		.uleb128 0x28
 2048 020d 2E       		.uleb128 0x2e
 2049 020e 00       		.byte	0
 2050 020f 3F       		.uleb128 0x3f
 2051 0210 19       		.uleb128 0x19
 2052 0211 03       		.uleb128 0x3
 2053 0212 0E       		.uleb128 0xe
 2054 0213 3A       		.uleb128 0x3a
 2055 0214 0B       		.uleb128 0xb
 2056 0215 3B       		.uleb128 0x3b
 2057 0216 0B       		.uleb128 0xb
 2058 0217 27       		.uleb128 0x27
 2059 0218 19       		.uleb128 0x19
 2060 0219 3C       		.uleb128 0x3c
 2061 021a 19       		.uleb128 0x19
 2062 021b 00       		.byte	0
 2063 021c 00       		.byte	0
 2064 021d 29       		.uleb128 0x29
 2065 021e 2E       		.uleb128 0x2e
 2066 021f 01       		.byte	0x1
 2067 0220 3F       		.uleb128 0x3f
 2068 0221 19       		.uleb128 0x19
 2069 0222 03       		.uleb128 0x3
 2070 0223 0E       		.uleb128 0xe
 2071 0224 3A       		.uleb128 0x3a
 2072 0225 0B       		.uleb128 0xb
 2073 0226 3B       		.uleb128 0x3b
 2074 0227 05       		.uleb128 0x5
 2075 0228 27       		.uleb128 0x27
 2076 0229 19       		.uleb128 0x19
 2077 022a 49       		.uleb128 0x49
 2078 022b 13       		.uleb128 0x13
 2079 022c 3C       		.uleb128 0x3c
 2080 022d 19       		.uleb128 0x19
 2081 022e 00       		.byte	0
 2082 022f 00       		.byte	0
 2083 0230 00       		.byte	0
 2084              		.section	.debug_loc,"",%progbits
 2085              	.Ldebug_loc0:
 2086              	.LLST0:
 2087 0000 00000000 		.4byte	.LVL0
 2088 0004 0A000000 		.4byte	.LVL1
 2089 0008 0100     		.2byte	0x1
 2090 000a 50       		.byte	0x50
 2091 000b 0A000000 		.4byte	.LVL1
 2092 000f 0F000000 		.4byte	.LVL2-1
 2093 0013 0100     		.2byte	0x1
ARM GAS  C:\Users\jsyoon\AppData\Local\Temp\cc95Q1rp.s 			page 38


 2094 0015 53       		.byte	0x53
 2095 0016 0F000000 		.4byte	.LVL2-1
 2096 001a 2C000000 		.4byte	.LFE121
 2097 001e 0400     		.2byte	0x4
 2098 0020 F3       		.byte	0xf3
 2099 0021 01       		.uleb128 0x1
 2100 0022 50       		.byte	0x50
 2101 0023 9F       		.byte	0x9f
 2102 0024 00000000 		.4byte	0
 2103 0028 00000000 		.4byte	0
 2104              	.LLST1:
 2105 002c 00000000 		.4byte	.LVL4
 2106 0030 16000000 		.4byte	.LVL5
 2107 0034 0100     		.2byte	0x1
 2108 0036 50       		.byte	0x50
 2109 0037 16000000 		.4byte	.LVL5
 2110 003b 44000000 		.4byte	.LFE122
 2111 003f 0400     		.2byte	0x4
 2112 0041 F3       		.byte	0xf3
 2113 0042 01       		.uleb128 0x1
 2114 0043 50       		.byte	0x50
 2115 0044 9F       		.byte	0x9f
 2116 0045 00000000 		.4byte	0
 2117 0049 00000000 		.4byte	0
 2118              	.LLST2:
 2119 004d 00000000 		.4byte	.LVL10
 2120 0051 06000000 		.4byte	.LVL11
 2121 0055 0100     		.2byte	0x1
 2122 0057 50       		.byte	0x50
 2123 0058 06000000 		.4byte	.LVL11
 2124 005c 14000000 		.4byte	.LVL12
 2125 0060 0300     		.2byte	0x3
 2126 0062 75       		.byte	0x75
 2127 0063 70       		.sleb128 -16
 2128 0064 9F       		.byte	0x9f
 2129 0065 14000000 		.4byte	.LVL12
 2130 0069 2A000000 		.4byte	.LVL13
 2131 006d 0300     		.2byte	0x3
 2132 006f 75       		.byte	0x75
 2133 0070 60       		.sleb128 -32
 2134 0071 9F       		.byte	0x9f
 2135 0072 2A000000 		.4byte	.LVL13
 2136 0076 48000000 		.4byte	.LFE118
 2137 007a 0400     		.2byte	0x4
 2138 007c F3       		.byte	0xf3
 2139 007d 01       		.uleb128 0x1
 2140 007e 50       		.byte	0x50
 2141 007f 9F       		.byte	0x9f
 2142 0080 00000000 		.4byte	0
 2143 0084 00000000 		.4byte	0
 2144              		.section	.debug_aranges,"",%progbits
 2145 0000 3C000000 		.4byte	0x3c
 2146 0004 0200     		.2byte	0x2
 2147 0006 00000000 		.4byte	.Ldebug_info0
 2148 000a 04       		.byte	0x4
 2149 000b 00       		.byte	0
 2150 000c 0000     		.2byte	0
ARM GAS  C:\Users\jsyoon\AppData\Local\Temp\cc95Q1rp.s 			page 39


 2151 000e 0000     		.2byte	0
 2152 0010 00000000 		.4byte	.LFB121
 2153 0014 2C000000 		.4byte	.LFE121-.LFB121
 2154 0018 00000000 		.4byte	.LFB122
 2155 001c 44000000 		.4byte	.LFE122-.LFB122
 2156 0020 00000000 		.4byte	.LFB120
 2157 0024 1C000000 		.4byte	.LFE120-.LFB120
 2158 0028 00000000 		.4byte	.LFB118
 2159 002c 48000000 		.4byte	.LFE118-.LFB118
 2160 0030 00000000 		.4byte	.LFB119
 2161 0034 3C000000 		.4byte	.LFE119-.LFB119
 2162 0038 00000000 		.4byte	0
 2163 003c 00000000 		.4byte	0
 2164              		.section	.debug_ranges,"",%progbits
 2165              	.Ldebug_ranges0:
 2166 0000 00000000 		.4byte	.LFB121
 2167 0004 2C000000 		.4byte	.LFE121
 2168 0008 00000000 		.4byte	.LFB122
 2169 000c 44000000 		.4byte	.LFE122
 2170 0010 00000000 		.4byte	.LFB120
 2171 0014 1C000000 		.4byte	.LFE120
 2172 0018 00000000 		.4byte	.LFB118
 2173 001c 48000000 		.4byte	.LFE118
 2174 0020 00000000 		.4byte	.LFB119
 2175 0024 3C000000 		.4byte	.LFE119
 2176 0028 00000000 		.4byte	0
 2177 002c 00000000 		.4byte	0
 2178              		.section	.debug_line,"",%progbits
 2179              	.Ldebug_line0:
 2180 0000 C1020000 		.section	.debug_str,"MS",%progbits,1
 2180      02004B02 
 2180      00000201 
 2180      FB0E0D00 
 2180      01010101 
 2181              	.LASF77:
 2182 0000 7466756E 		.ascii	"tfunc_t\000"
 2182      635F7400 
 2183              	.LASF122:
 2184 0008 70706D5F 		.ascii	"ppm_thread\000"
 2184      74687265 
 2184      616400
 2185              	.LASF17:
 2186 0013 73697A65 		.ascii	"size_t\000"
 2186      5F7400
 2187              	.LASF108:
 2188 001a 70706D5F 		.ascii	"ppm_tp\000"
 2188      747000
 2189              	.LASF72:
 2190 0021 7264796D 		.ascii	"rdymsg\000"
 2190      736700
 2191              	.LASF111:
 2192 0028 70756C73 		.ascii	"pulses_without_power\000"
 2192      65735F77 
 2192      6974686F 
 2192      75745F70 
 2192      6F776572 
 2193              	.LASF16:
ARM GAS  C:\Users\jsyoon\AppData\Local\Temp\cc95Q1rp.s 			page 40


 2194 003d 75696E74 		.ascii	"uint64_t\000"
 2194      36345F74 
 2194      00
 2195              	.LASF4:
 2196 0046 5F5F7569 		.ascii	"__uint8_t\000"
 2196      6E74385F 
 2196      7400
 2197              	.LASF88:
 2198 0050 6374726C 		.ascii	"ctrl_type\000"
 2198      5F747970 
 2198      6500
 2199              	.LASF6:
 2200 005a 6C6F6E67 		.ascii	"long int\000"
 2200      20696E74 
 2200      00
 2201              	.LASF47:
 2202 0063 54687265 		.ascii	"ThreadsQueue\000"
 2202      61647351 
 2202      75657565 
 2202      00
 2203              	.LASF94:
 2204 0070 73616665 		.ascii	"safe_start\000"
 2204      5F737461 
 2204      727400
 2205              	.LASF113:
 2206 007b 49544D5F 		.ascii	"ITM_RxBuffer\000"
 2206      52784275 
 2206      66666572 
 2206      00
 2207              	.LASF98:
 2208 0088 74635F6D 		.ascii	"tc_max_diff\000"
 2208      61785F64 
 2208      69666600 
 2209              	.LASF30:
 2210 0094 705F7072 		.ascii	"p_prio\000"
 2210      696F00
 2211              	.LASF9:
 2212 009b 6C6F6E67 		.ascii	"long long int\000"
 2212      206C6F6E 
 2212      6720696E 
 2212      7400
 2213              	.LASF0:
 2214 00a9 7369676E 		.ascii	"signed char\000"
 2214      65642063 
 2214      68617200 
 2215              	.LASF8:
 2216 00b5 6C6F6E67 		.ascii	"long unsigned int\000"
 2216      20756E73 
 2216      69676E65 
 2216      6420696E 
 2216      7400
 2217              	.LASF46:
 2218 00c7 705F6D70 		.ascii	"p_mpool\000"
 2218      6F6F6C00 
 2219              	.LASF11:
 2220 00cf 6C6F6E67 		.ascii	"long long unsigned int\000"
 2220      206C6F6E 
ARM GAS  C:\Users\jsyoon\AppData\Local\Temp\cc95Q1rp.s 			page 41


 2220      6720756E 
 2220      7369676E 
 2220      65642069 
 2221              	.LASF69:
 2222 00e6 6D5F7175 		.ascii	"m_queue\000"
 2222      65756500 
 2223              	.LASF117:
 2224 00ee 73657276 		.ascii	"servodec_init\000"
 2224      6F646563 
 2224      5F696E69 
 2224      7400
 2225              	.LASF22:
 2226 00fc 74736C69 		.ascii	"tslices_t\000"
 2226      6365735F 
 2226      7400
 2227              	.LASF104:
 2228 0106 636F6E66 		.ascii	"conf\000"
 2228      00
 2229              	.LASF121:
 2230 010b 453A5C4D 		.ascii	"E:\\Maker\\BLDC\\test_eval\\try2\\OROCA-BLDC_R15080"
 2230      616B6572 
 2230      5C424C44 
 2230      435C7465 
 2230      73745F65 
 2231 0139 3700     		.ascii	"7\000"
 2232              	.LASF107:
 2233 013b 70706D5F 		.ascii	"ppm_thread_wa\000"
 2233      74687265 
 2233      61645F77 
 2233      6100
 2234              	.LASF20:
 2235 0149 74737461 		.ascii	"tstate_t\000"
 2235      74655F74 
 2235      00
 2236              	.LASF119:
 2237 0152 474E5520 		.ascii	"GNU C 4.8.4 20140526 (release) [ARM/embedded-4_8-br"
 2237      4320342E 
 2237      382E3420 
 2237      32303134 
 2237      30353236 
 2238 0185 616E6368 		.ascii	"anch revision 211358] -mcpu=cortex-m4 -mfloat-abi=h"
 2238      20726576 
 2238      6973696F 
 2238      6E203231 
 2238      31333538 
 2239 01b8 61726420 		.ascii	"ard -mfpu=fpv4-sp-d16 -mno-thumb-interwork -mthumb "
 2239      2D6D6670 
 2239      753D6670 
 2239      76342D73 
 2239      702D6431 
 2240 01eb 2D676764 		.ascii	"-ggdb -O2 -std=gnu99 -fomit-frame-pointer -falign-f"
 2240      62202D4F 
 2240      32202D73 
 2240      74643D67 
 2240      6E753939 
 2241 021e 756E6374 		.ascii	"unctions=16 -ffunction-sections -fdata-sections -fn"
 2241      696F6E73 
ARM GAS  C:\Users\jsyoon\AppData\Local\Temp\cc95Q1rp.s 			page 42


 2241      3D313620 
 2241      2D666675 
 2241      6E637469 
 2242 0251 6F2D636F 		.ascii	"o-common -fsingle-precision-constant\000"
 2242      6D6D6F6E 
 2242      202D6673 
 2242      696E676C 
 2242      652D7072 
 2243              	.LASF32:
 2244 0276 705F6E65 		.ascii	"p_newer\000"
 2244      77657200 
 2245              	.LASF93:
 2246 027e 6D656469 		.ascii	"median_filter\000"
 2246      616E5F66 
 2246      696C7465 
 2246      7200
 2247              	.LASF82:
 2248 028c 50504D5F 		.ascii	"PPM_CTRL_TYPE_CURRENT_NOREV_BRAKE\000"
 2248      4354524C 
 2248      5F545950 
 2248      455F4355 
 2248      5252454E 
 2249              	.LASF99:
 2250 02ae 70706D5F 		.ascii	"ppm_config\000"
 2250      636F6E66 
 2250      696700
 2251              	.LASF73:
 2252 02b9 65786974 		.ascii	"exitcode\000"
 2252      636F6465 
 2252      00
 2253              	.LASF7:
 2254 02c2 5F5F7569 		.ascii	"__uint32_t\000"
 2254      6E743332 
 2254      5F7400
 2255              	.LASF49:
 2256 02cd 72656761 		.ascii	"regarm_t\000"
 2256      726D5F74 
 2256      00
 2257              	.LASF57:
 2258 02d6 76745F70 		.ascii	"vt_prev\000"
 2258      72657600 
 2259              	.LASF12:
 2260 02de 756E7369 		.ascii	"unsigned int\000"
 2260      676E6564 
 2260      20696E74 
 2260      00
 2261              	.LASF56:
 2262 02eb 76745F6E 		.ascii	"vt_next\000"
 2262      65787400 
 2263              	.LASF83:
 2264 02f3 50504D5F 		.ascii	"PPM_CTRL_TYPE_DUTY\000"
 2264      4354524C 
 2264      5F545950 
 2264      455F4455 
 2264      545900
 2265              	.LASF105:
 2266 0306 6170705F 		.ascii	"app_ppm_configure\000"
ARM GAS  C:\Users\jsyoon\AppData\Local\Temp\cc95Q1rp.s 			page 43


 2266      70706D5F 
 2266      636F6E66 
 2266      69677572 
 2266      6500
 2267              	.LASF3:
 2268 0318 73686F72 		.ascii	"short unsigned int\000"
 2268      7420756E 
 2268      7369676E 
 2268      65642069 
 2268      6E7400
 2269              	.LASF24:
 2270 032b 6D73675F 		.ascii	"msg_t\000"
 2270      7400
 2271              	.LASF84:
 2272 0331 50504D5F 		.ascii	"PPM_CTRL_TYPE_DUTY_NOREV\000"
 2272      4354524C 
 2272      5F545950 
 2272      455F4455 
 2272      54595F4E 
 2273              	.LASF64:
 2274 034a 725F6E65 		.ascii	"r_newer\000"
 2274      77657200 
 2275              	.LASF116:
 2276 0352 73657276 		.ascii	"servodec_set_pulse_options\000"
 2276      6F646563 
 2276      5F736574 
 2276      5F70756C 
 2276      73655F6F 
 2277              	.LASF19:
 2278 036d 746D6F64 		.ascii	"tmode_t\000"
 2278      655F7400 
 2279              	.LASF48:
 2280 0375 54687265 		.ascii	"ThreadsList\000"
 2280      6164734C 
 2280      69737400 
 2281              	.LASF44:
 2282 0381 705F6D74 		.ascii	"p_mtxlist\000"
 2282      786C6973 
 2282      7400
 2283              	.LASF25:
 2284 038b 6576656E 		.ascii	"eventmask_t\000"
 2284      746D6173 
 2284      6B5F7400 
 2285              	.LASF96:
 2286 0397 72706D5F 		.ascii	"rpm_lim_end\000"
 2286      6C696D5F 
 2286      656E6400 
 2287              	.LASF68:
 2288 03a3 4D757465 		.ascii	"Mutex\000"
 2288      7800
 2289              	.LASF5:
 2290 03a9 5F5F696E 		.ascii	"__int32_t\000"
 2290      7433325F 
 2290      7400
 2291              	.LASF50:
 2292 03b3 73746B61 		.ascii	"stkalign_t\000"
 2292      6C69676E 
ARM GAS  C:\Users\jsyoon\AppData\Local\Temp\cc95Q1rp.s 			page 44


 2292      5F7400
 2293              	.LASF118:
 2294 03be 63685468 		.ascii	"chThdCreateStatic\000"
 2294      64437265 
 2294      61746553 
 2294      74617469 
 2294      6300
 2295              	.LASF58:
 2296 03d0 76745F74 		.ascii	"vt_time\000"
 2296      696D6500 
 2297              	.LASF92:
 2298 03d8 70756C73 		.ascii	"pulse_end\000"
 2298      655F656E 
 2298      6400
 2299              	.LASF14:
 2300 03e2 696E7433 		.ascii	"int32_t\000"
 2300      325F7400 
 2301              	.LASF53:
 2302 03ea 73697A65 		.ascii	"sizetype\000"
 2302      74797065 
 2302      00
 2303              	.LASF90:
 2304 03f3 68797374 		.ascii	"hyst\000"
 2304      00
 2305              	.LASF59:
 2306 03f8 76745F66 		.ascii	"vt_func\000"
 2306      756E6300 
 2307              	.LASF89:
 2308 0400 7069645F 		.ascii	"pid_max_erpm\000"
 2308      6D61785F 
 2308      6572706D 
 2308      00
 2309              	.LASF28:
 2310 040d 705F6E65 		.ascii	"p_next\000"
 2310      787400
 2311              	.LASF91:
 2312 0414 70756C73 		.ascii	"pulse_start\000"
 2312      655F7374 
 2312      61727400 
 2313              	.LASF79:
 2314 0420 50504D5F 		.ascii	"PPM_CTRL_TYPE_NONE\000"
 2314      4354524C 
 2314      5F545950 
 2314      455F4E4F 
 2314      4E4500
 2315              	.LASF114:
 2316 0433 63685654 		.ascii	"chVTSetI\000"
 2316      53657449 
 2316      00
 2317              	.LASF33:
 2318 043c 705F6F6C 		.ascii	"p_older\000"
 2318      64657200 
 2319              	.LASF63:
 2320 0444 725F6374 		.ascii	"r_ctx\000"
 2320      7800
 2321              	.LASF86:
 2322 044a 50504D5F 		.ascii	"PPM_CTRL_TYPE_PID_NOREV\000"
ARM GAS  C:\Users\jsyoon\AppData\Local\Temp\cc95Q1rp.s 			page 45


 2322      4354524C 
 2322      5F545950 
 2322      455F5049 
 2322      445F4E4F 
 2323              	.LASF66:
 2324 0462 725F6375 		.ascii	"r_current\000"
 2324      7272656E 
 2324      7400
 2325              	.LASF65:
 2326 046c 725F6F6C 		.ascii	"r_older\000"
 2326      64657200 
 2327              	.LASF81:
 2328 0474 50504D5F 		.ascii	"PPM_CTRL_TYPE_CURRENT_NOREV\000"
 2328      4354524C 
 2328      5F545950 
 2328      455F4355 
 2328      5252454E 
 2329              	.LASF95:
 2330 0490 72706D5F 		.ascii	"rpm_lim_start\000"
 2330      6C696D5F 
 2330      73746172 
 2330      7400
 2331              	.LASF10:
 2332 049e 5F5F7569 		.ascii	"__uint64_t\000"
 2332      6E743634 
 2332      5F7400
 2333              	.LASF78:
 2334 04a9 666C6F61 		.ascii	"float\000"
 2334      7400
 2335              	.LASF21:
 2336 04af 74726566 		.ascii	"trefs_t\000"
 2336      735F7400 
 2337              	.LASF87:
 2338 04b7 70706D5F 		.ascii	"ppm_control_type\000"
 2338      636F6E74 
 2338      726F6C5F 
 2338      74797065 
 2338      00
 2339              	.LASF102:
 2340 04c8 75706461 		.ascii	"update\000"
 2340      746500
 2341              	.LASF29:
 2342 04cf 705F7072 		.ascii	"p_prev\000"
 2342      657600
 2343              	.LASF23:
 2344 04d6 74707269 		.ascii	"tprio_t\000"
 2344      6F5F7400 
 2345              	.LASF18:
 2346 04de 5F426F6F 		.ascii	"_Bool\000"
 2346      6C00
 2347              	.LASF97:
 2348 04e4 6D756C74 		.ascii	"multi_esc\000"
 2348      695F6573 
 2348      6300
 2349              	.LASF1:
 2350 04ee 756E7369 		.ascii	"unsigned char\000"
 2350      676E6564 
ARM GAS  C:\Users\jsyoon\AppData\Local\Temp\cc95Q1rp.s 			page 46


 2350      20636861 
 2350      7200
 2351              	.LASF120:
 2352 04fc 6170706C 		.ascii	"applications/app_ppm.c\000"
 2352      69636174 
 2352      696F6E73 
 2352      2F617070 
 2352      5F70706D 
 2353              	.LASF2:
 2354 0513 73686F72 		.ascii	"short int\000"
 2354      7420696E 
 2354      7400
 2355              	.LASF35:
 2356 051d 705F7374 		.ascii	"p_state\000"
 2356      61746500 
 2357              	.LASF38:
 2358 0525 705F7072 		.ascii	"p_preempt\000"
 2358      65656D70 
 2358      7400
 2359              	.LASF62:
 2360 052f 725F7072 		.ascii	"r_prio\000"
 2360      696F00
 2361              	.LASF85:
 2362 0536 50504D5F 		.ascii	"PPM_CTRL_TYPE_PID\000"
 2362      4354524C 
 2362      5F545950 
 2362      455F5049 
 2362      4400
 2363              	.LASF106:
 2364 0548 6170705F 		.ascii	"app_ppm_start\000"
 2364      70706D5F 
 2364      73746172 
 2364      7400
 2365              	.LASF80:
 2366 0556 50504D5F 		.ascii	"PPM_CTRL_TYPE_CURRENT\000"
 2366      4354524C 
 2366      5F545950 
 2366      455F4355 
 2366      5252454E 
 2367              	.LASF36:
 2368 056c 705F666C 		.ascii	"p_flags\000"
 2368      61677300 
 2369              	.LASF27:
 2370 0574 54687265 		.ascii	"Thread\000"
 2370      616400
 2371              	.LASF43:
 2372 057b 705F6570 		.ascii	"p_epending\000"
 2372      656E6469 
 2372      6E6700
 2373              	.LASF15:
 2374 0586 75696E74 		.ascii	"uint32_t\000"
 2374      33325F74 
 2374      00
 2375              	.LASF61:
 2376 058f 725F7175 		.ascii	"r_queue\000"
 2376      65756500 
 2377              	.LASF55:
ARM GAS  C:\Users\jsyoon\AppData\Local\Temp\cc95Q1rp.s 			page 47


 2378 0597 56697274 		.ascii	"VirtualTimer\000"
 2378      75616C54 
 2378      696D6572 
 2378      00
 2379              	.LASF101:
 2380 05a4 6C6F6E67 		.ascii	"long double\000"
 2380      20646F75 
 2380      626C6500 
 2381              	.LASF76:
 2382 05b0 63686172 		.ascii	"char\000"
 2382      00
 2383              	.LASF110:
 2384 05b5 636F6E66 		.ascii	"config\000"
 2384      696700
 2385              	.LASF71:
 2386 05bc 6D5F6E65 		.ascii	"m_next\000"
 2386      787400
 2387              	.LASF26:
 2388 05c3 73797374 		.ascii	"systime_t\000"
 2388      696D655F 
 2388      7400
 2389              	.LASF45:
 2390 05cd 705F7265 		.ascii	"p_realprio\000"
 2390      616C7072 
 2390      696F00
 2391              	.LASF54:
 2392 05d8 76746675 		.ascii	"vtfunc_t\000"
 2392      6E635F74 
 2392      00
 2393              	.LASF39:
 2394 05e1 705F7469 		.ascii	"p_time\000"
 2394      6D6500
 2395              	.LASF51:
 2396 05e8 696E7463 		.ascii	"intctx\000"
 2396      747800
 2397              	.LASF41:
 2398 05ef 705F6D73 		.ascii	"p_msgqueue\000"
 2398      67717565 
 2398      756500
 2399              	.LASF60:
 2400 05fa 76745F70 		.ascii	"vt_par\000"
 2400      617200
 2401              	.LASF103:
 2402 0601 73657276 		.ascii	"servodec_func\000"
 2402      6F646563 
 2402      5F66756E 
 2402      6300
 2403              	.LASF37:
 2404 060f 705F7265 		.ascii	"p_refs\000"
 2404      667300
 2405              	.LASF67:
 2406 0616 52656164 		.ascii	"ReadyList\000"
 2406      794C6973 
 2406      7400
 2407              	.LASF109:
 2408 0620 69735F72 		.ascii	"is_running\000"
 2408      756E6E69 
ARM GAS  C:\Users\jsyoon\AppData\Local\Temp\cc95Q1rp.s 			page 48


 2408      6E6700
 2409              	.LASF112:
 2410 062b 726C6973 		.ascii	"rlist\000"
 2410      7400
 2411              	.LASF13:
 2412 0631 75696E74 		.ascii	"uint8_t\000"
 2412      385F7400 
 2413              	.LASF75:
 2414 0639 65776D61 		.ascii	"ewmask\000"
 2414      736B00
 2415              	.LASF74:
 2416 0640 77746F62 		.ascii	"wtobjp\000"
 2416      6A7000
 2417              	.LASF123:
 2418 0647 74696D65 		.ascii	"timeout_reset\000"
 2418      6F75745F 
 2418      72657365 
 2418      7400
 2419              	.LASF34:
 2420 0655 705F6E61 		.ascii	"p_name\000"
 2420      6D6500
 2421              	.LASF52:
 2422 065c 636F6E74 		.ascii	"context\000"
 2422      65787400 
 2423              	.LASF42:
 2424 0664 705F6D73 		.ascii	"p_msg\000"
 2424      6700
 2425              	.LASF70:
 2426 066a 6D5F6F77 		.ascii	"m_owner\000"
 2426      6E657200 
 2427              	.LASF100:
 2428 0672 646F7562 		.ascii	"double\000"
 2428      6C6500
 2429              	.LASF31:
 2430 0679 705F6374 		.ascii	"p_ctx\000"
 2430      7800
 2431              	.LASF40:
 2432 067f 705F7761 		.ascii	"p_waiting\000"
 2432      6974696E 
 2432      6700
 2433              	.LASF115:
 2434 0689 63684576 		.ascii	"chEvtSignalI\000"
 2434      74536967 
 2434      6E616C49 
 2434      00
 2435              		.ident	"GCC: (GNU Tools for ARM Embedded Processors) 4.8.4 20140526 (release) [ARM/embedded-4_8-br
ARM GAS  C:\Users\jsyoon\AppData\Local\Temp\cc95Q1rp.s 			page 49


DEFINED SYMBOLS
                            *ABS*:00000000 app_ppm.c
C:\Users\jsyoon\AppData\Local\Temp\cc95Q1rp.s:21     .text.update:00000000 $t
C:\Users\jsyoon\AppData\Local\Temp\cc95Q1rp.s:26     .text.update:00000000 update
C:\Users\jsyoon\AppData\Local\Temp\cc95Q1rp.s:67     .text.update:00000020 $d
C:\Users\jsyoon\AppData\Local\Temp\cc95Q1rp.s:74     .text.ppm_thread:00000000 $t
C:\Users\jsyoon\AppData\Local\Temp\cc95Q1rp.s:79     .text.ppm_thread:00000000 ppm_thread
C:\Users\jsyoon\AppData\Local\Temp\cc95Q1rp.s:123    .text.ppm_thread:0000002c $d
C:\Users\jsyoon\AppData\Local\Temp\cc95Q1rp.s:138    .text.servodec_func:00000000 servodec_func
C:\Users\jsyoon\AppData\Local\Temp\cc95Q1rp.s:133    .text.servodec_func:00000000 $t
C:\Users\jsyoon\AppData\Local\Temp\cc95Q1rp.s:171    .text.servodec_func:00000018 $d
C:\Users\jsyoon\AppData\Local\Temp\cc95Q1rp.s:176    .text.app_ppm_configure:00000000 $t
C:\Users\jsyoon\AppData\Local\Temp\cc95Q1rp.s:182    .text.app_ppm_configure:00000000 app_ppm_configure
C:\Users\jsyoon\AppData\Local\Temp\cc95Q1rp.s:236    .text.app_ppm_configure:0000003c $d
C:\Users\jsyoon\AppData\Local\Temp\cc95Q1rp.s:243    .text.app_ppm_start:00000000 $t
C:\Users\jsyoon\AppData\Local\Temp\cc95Q1rp.s:249    .text.app_ppm_start:00000000 app_ppm_start
C:\Users\jsyoon\AppData\Local\Temp\cc95Q1rp.s:294    .text.app_ppm_start:0000002c $d
C:\Users\jsyoon\AppData\Local\Temp\cc95Q1rp.s:338    .bss.vt:00000000 vt
C:\Users\jsyoon\AppData\Local\Temp\cc95Q1rp.s:306    .bss.is_running:00000000 is_running
C:\Users\jsyoon\AppData\Local\Temp\cc95Q1rp.s:307    .bss.is_running:00000000 $d
C:\Users\jsyoon\AppData\Local\Temp\cc95Q1rp.s:309    .bss.ppm_tp:00000000 $d
C:\Users\jsyoon\AppData\Local\Temp\cc95Q1rp.s:313    .bss.ppm_tp:00000000 ppm_tp
C:\Users\jsyoon\AppData\Local\Temp\cc95Q1rp.s:316    .bss.ppm_thread_wa:00000000 $d
C:\Users\jsyoon\AppData\Local\Temp\cc95Q1rp.s:320    .bss.ppm_thread_wa:00000000 ppm_thread_wa
C:\Users\jsyoon\AppData\Local\Temp\cc95Q1rp.s:323    .bss.pulses_without_power:00000000 $d
C:\Users\jsyoon\AppData\Local\Temp\cc95Q1rp.s:327    .bss.pulses_without_power:00000000 pulses_without_power
C:\Users\jsyoon\AppData\Local\Temp\cc95Q1rp.s:330    .rodata.str1.4:00000000 $d
C:\Users\jsyoon\AppData\Local\Temp\cc95Q1rp.s:334    .bss.vt:00000000 $d
C:\Users\jsyoon\AppData\Local\Temp\cc95Q1rp.s:341    .bss.config:00000000 $d
C:\Users\jsyoon\AppData\Local\Temp\cc95Q1rp.s:345    .bss.config:00000000 config
                     .debug_frame:00000010 $d
C:\Users\jsyoon\AppData\Local\Temp\cc95Q1rp.s:73     .text.update:0000002c $t
C:\Users\jsyoon\AppData\Local\Temp\cc95Q1rp.s:132    .text.ppm_thread:00000044 $t
C:\Users\jsyoon\AppData\Local\Temp\cc95Q1rp.s:175    .text.servodec_func:0000001c $t
C:\Users\jsyoon\AppData\Local\Temp\cc95Q1rp.s:242    .text.app_ppm_configure:00000048 $t
C:\Users\jsyoon\AppData\Local\Temp\cc95Q1rp.s:302    .text.app_ppm_start:0000003c $t

UNDEFINED SYMBOLS
chVTSetI
chEvtSignalI
servodec_set_pulse_options
servodec_init
rlist
timeout_reset
chThdCreateStatic
