ARM GAS  C:\Users\jsyoon\AppData\Local\Temp\ccYTYXOS.s 			page 1


   1              		.syntax unified
   2              		.cpu cortex-m4
   3              		.eabi_attribute 27, 3
   4              		.eabi_attribute 28, 1
   5              		.fpu fpv4-sp-d16
   6              		.eabi_attribute 20, 1
   7              		.eabi_attribute 21, 1
   8              		.eabi_attribute 23, 3
   9              		.eabi_attribute 24, 1
  10              		.eabi_attribute 25, 1
  11              		.eabi_attribute 26, 1
  12              		.eabi_attribute 30, 2
  13              		.eabi_attribute 34, 1
  14              		.eabi_attribute 18, 4
  15              		.thumb
  16              		.file	"buffer.c"
  17              		.text
  18              	.Ltext0:
  19              		.cfi_sections	.debug_frame
  20              		.section	.text.buffer_append_int32,"ax",%progbits
  21              		.align	2
  22              		.p2align 4,,15
  23              		.global	buffer_append_int32
  24              		.thumb
  25              		.thumb_func
  26              		.type	buffer_append_int32, %function
  27              	buffer_append_int32:
  28              	.LFB0:
  29              		.file 1 "buffer.c"
  30              		.loc 1 27 0
  31              		.cfi_startproc
  32              		@ args = 0, pretend = 0, frame = 0
  33              		@ frame_needed = 0, uses_anonymous_args = 0
  34              		@ link register save eliminated.
  35              	.LVL0:
  36              		.loc 1 28 0
  37 0000 1368     		ldr	r3, [r2]
  38              		.loc 1 27 0
  39 0002 30B4     		push	{r4, r5}
  40              		.cfi_def_cfa_offset 8
  41              		.cfi_offset 4, -8
  42              		.cfi_offset 5, -4
  43              		.loc 1 28 0
  44 0004 5D1C     		adds	r5, r3, #1
  45 0006 0C16     		asrs	r4, r1, #24
  46 0008 1560     		str	r5, [r2]
  47 000a C454     		strb	r4, [r0, r3]
  48              		.loc 1 29 0
  49 000c 1368     		ldr	r3, [r2]
  50 000e 0C14     		asrs	r4, r1, #16
  51 0010 5D1C     		adds	r5, r3, #1
  52 0012 1560     		str	r5, [r2]
  53 0014 C454     		strb	r4, [r0, r3]
  54              		.loc 1 30 0
  55 0016 1368     		ldr	r3, [r2]
  56 0018 0C12     		asrs	r4, r1, #8
  57 001a 5D1C     		adds	r5, r3, #1
ARM GAS  C:\Users\jsyoon\AppData\Local\Temp\ccYTYXOS.s 			page 2


  58 001c 1560     		str	r5, [r2]
  59 001e C454     		strb	r4, [r0, r3]
  60              		.loc 1 31 0
  61 0020 1368     		ldr	r3, [r2]
  62 0022 5C1C     		adds	r4, r3, #1
  63 0024 1460     		str	r4, [r2]
  64 0026 C154     		strb	r1, [r0, r3]
  65              		.loc 1 32 0
  66 0028 30BC     		pop	{r4, r5}
  67 002a 7047     		bx	lr
  68              		.cfi_endproc
  69              	.LFE0:
  70              		.size	buffer_append_int32, .-buffer_append_int32
  71 002c AFF30080 		.section	.text.buffer_append_uint32,"ax",%progbits
  72              		.align	2
  73              		.p2align 4,,15
  74              		.global	buffer_append_uint32
  75              		.thumb
  76              		.thumb_func
  77              		.type	buffer_append_uint32, %function
  78              	buffer_append_uint32:
  79              	.LFB1:
  80              		.loc 1 34 0
  81              		.cfi_startproc
  82              		@ args = 0, pretend = 0, frame = 0
  83              		@ frame_needed = 0, uses_anonymous_args = 0
  84              		@ link register save eliminated.
  85              	.LVL1:
  86              		.loc 1 35 0
  87 0000 1368     		ldr	r3, [r2]
  88              		.loc 1 34 0
  89 0002 30B4     		push	{r4, r5}
  90              		.cfi_def_cfa_offset 8
  91              		.cfi_offset 4, -8
  92              		.cfi_offset 5, -4
  93              		.loc 1 35 0
  94 0004 5D1C     		adds	r5, r3, #1
  95 0006 0C0E     		lsrs	r4, r1, #24
  96 0008 1560     		str	r5, [r2]
  97 000a C454     		strb	r4, [r0, r3]
  98              		.loc 1 36 0
  99 000c 1368     		ldr	r3, [r2]
 100 000e 0C0C     		lsrs	r4, r1, #16
 101 0010 5D1C     		adds	r5, r3, #1
 102 0012 1560     		str	r5, [r2]
 103 0014 C454     		strb	r4, [r0, r3]
 104              		.loc 1 37 0
 105 0016 1368     		ldr	r3, [r2]
 106 0018 0C0A     		lsrs	r4, r1, #8
 107 001a 5D1C     		adds	r5, r3, #1
 108 001c 1560     		str	r5, [r2]
 109 001e C454     		strb	r4, [r0, r3]
 110              		.loc 1 38 0
 111 0020 1368     		ldr	r3, [r2]
 112 0022 5C1C     		adds	r4, r3, #1
 113 0024 1460     		str	r4, [r2]
 114 0026 C154     		strb	r1, [r0, r3]
ARM GAS  C:\Users\jsyoon\AppData\Local\Temp\ccYTYXOS.s 			page 3


 115              		.loc 1 39 0
 116 0028 30BC     		pop	{r4, r5}
 117 002a 7047     		bx	lr
 118              		.cfi_endproc
 119              	.LFE1:
 120              		.size	buffer_append_uint32, .-buffer_append_uint32
 121 002c AFF30080 		.section	.text.buffer_append_int16,"ax",%progbits
 122              		.align	2
 123              		.p2align 4,,15
 124              		.global	buffer_append_int16
 125              		.thumb
 126              		.thumb_func
 127              		.type	buffer_append_int16, %function
 128              	buffer_append_int16:
 129              	.LFB2:
 130              		.loc 1 41 0
 131              		.cfi_startproc
 132              		@ args = 0, pretend = 0, frame = 0
 133              		@ frame_needed = 0, uses_anonymous_args = 0
 134              		@ link register save eliminated.
 135              	.LVL2:
 136              		.loc 1 42 0
 137 0000 1368     		ldr	r3, [r2]
 138              		.loc 1 41 0
 139 0002 30B4     		push	{r4, r5}
 140              		.cfi_def_cfa_offset 8
 141              		.cfi_offset 4, -8
 142              		.cfi_offset 5, -4
 143              		.loc 1 42 0
 144 0004 5D1C     		adds	r5, r3, #1
 145 0006 0C12     		asrs	r4, r1, #8
 146 0008 1560     		str	r5, [r2]
 147 000a C454     		strb	r4, [r0, r3]
 148              		.loc 1 43 0
 149 000c 1368     		ldr	r3, [r2]
 150 000e 5C1C     		adds	r4, r3, #1
 151 0010 1460     		str	r4, [r2]
 152 0012 C154     		strb	r1, [r0, r3]
 153              		.loc 1 44 0
 154 0014 30BC     		pop	{r4, r5}
 155 0016 7047     		bx	lr
 156              		.cfi_endproc
 157              	.LFE2:
 158              		.size	buffer_append_int16, .-buffer_append_int16
 159 0018 AFF30080 		.section	.text.buffer_append_uint16,"ax",%progbits
 159      AFF30080 
 160              		.align	2
 161              		.p2align 4,,15
 162              		.global	buffer_append_uint16
 163              		.thumb
 164              		.thumb_func
 165              		.type	buffer_append_uint16, %function
 166              	buffer_append_uint16:
 167              	.LFB3:
 168              		.loc 1 46 0
 169              		.cfi_startproc
 170              		@ args = 0, pretend = 0, frame = 0
ARM GAS  C:\Users\jsyoon\AppData\Local\Temp\ccYTYXOS.s 			page 4


 171              		@ frame_needed = 0, uses_anonymous_args = 0
 172              		@ link register save eliminated.
 173              	.LVL3:
 174              		.loc 1 47 0
 175 0000 1368     		ldr	r3, [r2]
 176              		.loc 1 46 0
 177 0002 30B4     		push	{r4, r5}
 178              		.cfi_def_cfa_offset 8
 179              		.cfi_offset 4, -8
 180              		.cfi_offset 5, -4
 181              		.loc 1 47 0
 182 0004 5D1C     		adds	r5, r3, #1
 183 0006 0C0A     		lsrs	r4, r1, #8
 184 0008 1560     		str	r5, [r2]
 185 000a C454     		strb	r4, [r0, r3]
 186              		.loc 1 48 0
 187 000c 1368     		ldr	r3, [r2]
 188 000e 5C1C     		adds	r4, r3, #1
 189 0010 1460     		str	r4, [r2]
 190 0012 C154     		strb	r1, [r0, r3]
 191              		.loc 1 49 0
 192 0014 30BC     		pop	{r4, r5}
 193 0016 7047     		bx	lr
 194              		.cfi_endproc
 195              	.LFE3:
 196              		.size	buffer_append_uint16, .-buffer_append_uint16
 197 0018 AFF30080 		.section	.text.buffer_get_int16,"ax",%progbits
 197      AFF30080 
 198              		.align	2
 199              		.p2align 4,,15
 200              		.global	buffer_get_int16
 201              		.thumb
 202              		.thumb_func
 203              		.type	buffer_get_int16, %function
 204              	buffer_get_int16:
 205              	.LFB4:
 206              		.loc 1 51 0
 207              		.cfi_startproc
 208              		@ args = 0, pretend = 0, frame = 0
 209              		@ frame_needed = 0, uses_anonymous_args = 0
 210              		@ link register save eliminated.
 211              	.LVL4:
 212              		.loc 1 52 0
 213 0000 0B68     		ldr	r3, [r1]
 214              		.loc 1 53 0
 215 0002 C218     		adds	r2, r0, r3
 216              		.loc 1 52 0
 217 0004 C05C     		ldrb	r0, [r0, r3]	@ zero_extendqisi2
 218              	.LVL5:
 219 0006 5278     		ldrb	r2, [r2, #1]	@ zero_extendqisi2
 220              		.loc 1 54 0
 221 0008 0233     		adds	r3, r3, #2
 222              		.loc 1 52 0
 223 000a 42EA0020 		orr	r0, r2, r0, lsl #8
 224              	.LVL6:
 225              		.loc 1 54 0
 226 000e 0B60     		str	r3, [r1]
ARM GAS  C:\Users\jsyoon\AppData\Local\Temp\ccYTYXOS.s 			page 5


 227              		.loc 1 56 0
 228 0010 00B2     		sxth	r0, r0
 229              	.LVL7:
 230 0012 7047     		bx	lr
 231              		.cfi_endproc
 232              	.LFE4:
 233              		.size	buffer_get_int16, .-buffer_get_int16
 234 0014 AFF30080 		.section	.text.buffer_get_uint16,"ax",%progbits
 234      AFF30080 
 234      AFF30080 
 235              		.align	2
 236              		.p2align 4,,15
 237              		.global	buffer_get_uint16
 238              		.thumb
 239              		.thumb_func
 240              		.type	buffer_get_uint16, %function
 241              	buffer_get_uint16:
 242              	.LFB5:
 243              		.loc 1 58 0
 244              		.cfi_startproc
 245              		@ args = 0, pretend = 0, frame = 0
 246              		@ frame_needed = 0, uses_anonymous_args = 0
 247              		@ link register save eliminated.
 248              	.LVL8:
 249              		.loc 1 59 0
 250 0000 0B68     		ldr	r3, [r1]
 251              		.loc 1 60 0
 252 0002 C218     		adds	r2, r0, r3
 253              		.loc 1 59 0
 254 0004 C05C     		ldrb	r0, [r0, r3]	@ zero_extendqisi2
 255              	.LVL9:
 256 0006 5278     		ldrb	r2, [r2, #1]	@ zero_extendqisi2
 257              	.LVL10:
 258              		.loc 1 61 0
 259 0008 0233     		adds	r3, r3, #2
 260 000a 0B60     		str	r3, [r1]
 261              		.loc 1 63 0
 262 000c 42EA0020 		orr	r0, r2, r0, lsl #8
 263              	.LVL11:
 264 0010 7047     		bx	lr
 265              		.cfi_endproc
 266              	.LFE5:
 267              		.size	buffer_get_uint16, .-buffer_get_uint16
 268 0012 00BFAFF3 		.section	.text.buffer_get_int32,"ax",%progbits
 268      0080AFF3 
 268      0080AFF3 
 268      0080
 269              		.align	2
 270              		.p2align 4,,15
 271              		.global	buffer_get_int32
 272              		.thumb
 273              		.thumb_func
 274              		.type	buffer_get_int32, %function
 275              	buffer_get_int32:
 276              	.LFB6:
 277              		.loc 1 65 0
 278              		.cfi_startproc
ARM GAS  C:\Users\jsyoon\AppData\Local\Temp\ccYTYXOS.s 			page 6


 279              		@ args = 0, pretend = 0, frame = 0
 280              		@ frame_needed = 0, uses_anonymous_args = 0
 281              		@ link register save eliminated.
 282              	.LVL12:
 283 0000 70B4     		push	{r4, r5, r6}
 284              		.cfi_def_cfa_offset 12
 285              		.cfi_offset 4, -12
 286              		.cfi_offset 5, -8
 287              		.cfi_offset 6, -4
 288              		.loc 1 66 0
 289 0002 0B68     		ldr	r3, [r1]
 290              		.loc 1 69 0
 291 0004 C218     		adds	r2, r0, r3
 292              		.loc 1 66 0
 293 0006 C65C     		ldrb	r6, [r0, r3]	@ zero_extendqisi2
 294              		.loc 1 69 0
 295 0008 D578     		ldrb	r5, [r2, #3]	@ zero_extendqisi2
 296              		.loc 1 67 0
 297 000a 5478     		ldrb	r4, [r2, #1]	@ zero_extendqisi2
 298              		.loc 1 68 0
 299 000c 9078     		ldrb	r0, [r2, #2]	@ zero_extendqisi2
 300              	.LVL13:
 301              		.loc 1 66 0
 302 000e 45EA0662 		orr	r2, r5, r6, lsl #24
 303              		.loc 1 67 0
 304 0012 42EA0442 		orr	r2, r2, r4, lsl #16
 305              	.LVL14:
 306              		.loc 1 70 0
 307 0016 0433     		adds	r3, r3, #4
 308              		.loc 1 72 0
 309 0018 42EA0020 		orr	r0, r2, r0, lsl #8
 310              	.LVL15:
 311              		.loc 1 70 0
 312 001c 0B60     		str	r3, [r1]
 313              		.loc 1 72 0
 314 001e 70BC     		pop	{r4, r5, r6}
 315 0020 7047     		bx	lr
 316              		.cfi_endproc
 317              	.LFE6:
 318              		.size	buffer_get_int32, .-buffer_get_int32
 319 0022 00BFAFF3 		.section	.text.buffer_get_uint32,"ax",%progbits
 319      0080AFF3 
 319      0080AFF3 
 319      0080
 320              		.align	2
 321              		.p2align 4,,15
 322              		.global	buffer_get_uint32
 323              		.thumb
 324              		.thumb_func
 325              		.type	buffer_get_uint32, %function
 326              	buffer_get_uint32:
 327              	.LFB7:
 328              		.loc 1 74 0
 329              		.cfi_startproc
 330              		@ args = 0, pretend = 0, frame = 0
 331              		@ frame_needed = 0, uses_anonymous_args = 0
 332              		@ link register save eliminated.
ARM GAS  C:\Users\jsyoon\AppData\Local\Temp\ccYTYXOS.s 			page 7


 333              	.LVL16:
 334 0000 70B4     		push	{r4, r5, r6}
 335              		.cfi_def_cfa_offset 12
 336              		.cfi_offset 4, -12
 337              		.cfi_offset 5, -8
 338              		.cfi_offset 6, -4
 339              		.loc 1 75 0
 340 0002 0B68     		ldr	r3, [r1]
 341              		.loc 1 78 0
 342 0004 C218     		adds	r2, r0, r3
 343              		.loc 1 75 0
 344 0006 C65C     		ldrb	r6, [r0, r3]	@ zero_extendqisi2
 345              		.loc 1 78 0
 346 0008 D578     		ldrb	r5, [r2, #3]	@ zero_extendqisi2
 347              		.loc 1 76 0
 348 000a 5478     		ldrb	r4, [r2, #1]	@ zero_extendqisi2
 349              		.loc 1 77 0
 350 000c 9078     		ldrb	r0, [r2, #2]	@ zero_extendqisi2
 351              	.LVL17:
 352              		.loc 1 75 0
 353 000e 45EA0662 		orr	r2, r5, r6, lsl #24
 354              		.loc 1 76 0
 355 0012 42EA0442 		orr	r2, r2, r4, lsl #16
 356              	.LVL18:
 357              		.loc 1 79 0
 358 0016 0433     		adds	r3, r3, #4
 359              		.loc 1 81 0
 360 0018 42EA0020 		orr	r0, r2, r0, lsl #8
 361              	.LVL19:
 362              		.loc 1 79 0
 363 001c 0B60     		str	r3, [r1]
 364              		.loc 1 81 0
 365 001e 70BC     		pop	{r4, r5, r6}
 366 0020 7047     		bx	lr
 367              		.cfi_endproc
 368              	.LFE7:
 369              		.size	buffer_get_uint32, .-buffer_get_uint32
 370 0022 00BFAFF3 		.text
 370      0080AFF3 
 370      0080AFF3 
 370      0080
 371              	.Letext0:
 372              		.file 2 "c:\\crosstools\\gcc-arm-embedded\\4.8_2014q2\\arm-none-eabi\\include\\machine\\_default_t
 373              		.file 3 "c:\\crosstools\\gcc-arm-embedded\\4.8_2014q2\\arm-none-eabi\\include\\stdint.h"
 374              		.section	.debug_info,"",%progbits
 375              	.Ldebug_info0:
 376 0000 F1020000 		.4byte	0x2f1
 377 0004 0400     		.2byte	0x4
 378 0006 00000000 		.4byte	.Ldebug_abbrev0
 379 000a 04       		.byte	0x4
 380 000b 01       		.uleb128 0x1
 381 000c 26000000 		.4byte	.LASF30
 382 0010 01       		.byte	0x1
 383 0011 00020000 		.4byte	.LASF31
 384 0015 5A020000 		.4byte	.LASF32
 385 0019 00000000 		.4byte	.Ldebug_ranges0+0
 386 001d 00000000 		.4byte	0
ARM GAS  C:\Users\jsyoon\AppData\Local\Temp\ccYTYXOS.s 			page 8


 387 0021 00000000 		.4byte	.Ldebug_line0
 388 0025 02       		.uleb128 0x2
 389 0026 01       		.byte	0x1
 390 0027 06       		.byte	0x6
 391 0028 CD020000 		.4byte	.LASF0
 392 002c 03       		.uleb128 0x3
 393 002d 00000000 		.4byte	.LASF2
 394 0031 02       		.byte	0x2
 395 0032 1C       		.byte	0x1c
 396 0033 37000000 		.4byte	0x37
 397 0037 02       		.uleb128 0x2
 398 0038 01       		.byte	0x1
 399 0039 08       		.byte	0x8
 400 003a B7010000 		.4byte	.LASF1
 401 003e 03       		.uleb128 0x3
 402 003f 1C000000 		.4byte	.LASF3
 403 0043 02       		.byte	0x2
 404 0044 25       		.byte	0x25
 405 0045 49000000 		.4byte	0x49
 406 0049 02       		.uleb128 0x2
 407 004a 02       		.byte	0x2
 408 004b 05       		.byte	0x5
 409 004c 8A020000 		.4byte	.LASF4
 410 0050 03       		.uleb128 0x3
 411 0051 F5010000 		.4byte	.LASF5
 412 0055 02       		.byte	0x2
 413 0056 26       		.byte	0x26
 414 0057 5B000000 		.4byte	0x5b
 415 005b 02       		.uleb128 0x2
 416 005c 02       		.byte	0x2
 417 005d 07       		.byte	0x7
 418 005e D7010000 		.4byte	.LASF6
 419 0062 03       		.uleb128 0x3
 420 0063 4A010000 		.4byte	.LASF7
 421 0067 02       		.byte	0x2
 422 0068 37       		.byte	0x37
 423 0069 6D000000 		.4byte	0x6d
 424 006d 02       		.uleb128 0x2
 425 006e 04       		.byte	0x4
 426 006f 05       		.byte	0x5
 427 0070 C4020000 		.4byte	.LASF8
 428 0074 03       		.uleb128 0x3
 429 0075 EA010000 		.4byte	.LASF9
 430 0079 02       		.byte	0x2
 431 007a 38       		.byte	0x38
 432 007b 7F000000 		.4byte	0x7f
 433 007f 02       		.uleb128 0x2
 434 0080 04       		.byte	0x4
 435 0081 07       		.byte	0x7
 436 0082 C5010000 		.4byte	.LASF10
 437 0086 02       		.uleb128 0x2
 438 0087 08       		.byte	0x8
 439 0088 05       		.byte	0x5
 440 0089 4C020000 		.4byte	.LASF11
 441 008d 02       		.uleb128 0x2
 442 008e 08       		.byte	0x8
 443 008f 07       		.byte	0x7
ARM GAS  C:\Users\jsyoon\AppData\Local\Temp\ccYTYXOS.s 			page 9


 444 0090 16020000 		.4byte	.LASF12
 445 0094 04       		.uleb128 0x4
 446 0095 04       		.byte	0x4
 447 0096 05       		.byte	0x5
 448 0097 696E7400 		.ascii	"int\000"
 449 009b 02       		.uleb128 0x2
 450 009c 04       		.byte	0x4
 451 009d 07       		.byte	0x7
 452 009e 09020000 		.4byte	.LASF13
 453 00a2 03       		.uleb128 0x3
 454 00a3 2D020000 		.4byte	.LASF14
 455 00a7 03       		.byte	0x3
 456 00a8 2A       		.byte	0x2a
 457 00a9 2C000000 		.4byte	0x2c
 458 00ad 03       		.uleb128 0x3
 459 00ae 35020000 		.4byte	.LASF15
 460 00b2 03       		.byte	0x3
 461 00b3 35       		.byte	0x35
 462 00b4 3E000000 		.4byte	0x3e
 463 00b8 03       		.uleb128 0x3
 464 00b9 9B020000 		.4byte	.LASF16
 465 00bd 03       		.byte	0x3
 466 00be 36       		.byte	0x36
 467 00bf 50000000 		.4byte	0x50
 468 00c3 03       		.uleb128 0x3
 469 00c4 44020000 		.4byte	.LASF17
 470 00c8 03       		.byte	0x3
 471 00c9 41       		.byte	0x41
 472 00ca 62000000 		.4byte	0x62
 473 00ce 03       		.uleb128 0x3
 474 00cf BB020000 		.4byte	.LASF18
 475 00d3 03       		.byte	0x3
 476 00d4 42       		.byte	0x42
 477 00d5 74000000 		.4byte	0x74
 478 00d9 05       		.uleb128 0x5
 479 00da 92010000 		.4byte	.LASF22
 480 00de 01       		.byte	0x1
 481 00df 1B       		.byte	0x1b
 482 00e0 00000000 		.4byte	.LFB0
 483 00e4 2C000000 		.4byte	.LFE0-.LFB0
 484 00e8 01       		.uleb128 0x1
 485 00e9 9C       		.byte	0x9c
 486 00ea 16010000 		.4byte	0x116
 487 00ee 06       		.uleb128 0x6
 488 00ef 94020000 		.4byte	.LASF19
 489 00f3 01       		.byte	0x1
 490 00f4 1B       		.byte	0x1b
 491 00f5 16010000 		.4byte	0x116
 492 00f9 01       		.uleb128 0x1
 493 00fa 50       		.byte	0x50
 494 00fb 06       		.uleb128 0x6
 495 00fc 3D020000 		.4byte	.LASF20
 496 0100 01       		.byte	0x1
 497 0101 1B       		.byte	0x1b
 498 0102 C3000000 		.4byte	0xc3
 499 0106 01       		.uleb128 0x1
 500 0107 51       		.byte	0x51
ARM GAS  C:\Users\jsyoon\AppData\Local\Temp\ccYTYXOS.s 			page 10


 501 0108 06       		.uleb128 0x6
 502 0109 A4020000 		.4byte	.LASF21
 503 010d 01       		.byte	0x1
 504 010e 1B       		.byte	0x1b
 505 010f 1C010000 		.4byte	0x11c
 506 0113 01       		.uleb128 0x1
 507 0114 52       		.byte	0x52
 508 0115 00       		.byte	0
 509 0116 07       		.uleb128 0x7
 510 0117 04       		.byte	0x4
 511 0118 A2000000 		.4byte	0xa2
 512 011c 07       		.uleb128 0x7
 513 011d 04       		.byte	0x4
 514 011e C3000000 		.4byte	0xc3
 515 0122 05       		.uleb128 0x5
 516 0123 69010000 		.4byte	.LASF23
 517 0127 01       		.byte	0x1
 518 0128 22       		.byte	0x22
 519 0129 00000000 		.4byte	.LFB1
 520 012d 2C000000 		.4byte	.LFE1-.LFB1
 521 0131 01       		.uleb128 0x1
 522 0132 9C       		.byte	0x9c
 523 0133 5F010000 		.4byte	0x15f
 524 0137 06       		.uleb128 0x6
 525 0138 94020000 		.4byte	.LASF19
 526 013c 01       		.byte	0x1
 527 013d 22       		.byte	0x22
 528 013e 16010000 		.4byte	0x116
 529 0142 01       		.uleb128 0x1
 530 0143 50       		.byte	0x50
 531 0144 06       		.uleb128 0x6
 532 0145 3D020000 		.4byte	.LASF20
 533 0149 01       		.byte	0x1
 534 014a 22       		.byte	0x22
 535 014b CE000000 		.4byte	0xce
 536 014f 01       		.uleb128 0x1
 537 0150 51       		.byte	0x51
 538 0151 06       		.uleb128 0x6
 539 0152 A4020000 		.4byte	.LASF21
 540 0156 01       		.byte	0x1
 541 0157 22       		.byte	0x22
 542 0158 1C010000 		.4byte	0x11c
 543 015c 01       		.uleb128 0x1
 544 015d 52       		.byte	0x52
 545 015e 00       		.byte	0
 546 015f 05       		.uleb128 0x5
 547 0160 7E010000 		.4byte	.LASF24
 548 0164 01       		.byte	0x1
 549 0165 29       		.byte	0x29
 550 0166 00000000 		.4byte	.LFB2
 551 016a 18000000 		.4byte	.LFE2-.LFB2
 552 016e 01       		.uleb128 0x1
 553 016f 9C       		.byte	0x9c
 554 0170 9C010000 		.4byte	0x19c
 555 0174 06       		.uleb128 0x6
 556 0175 94020000 		.4byte	.LASF19
 557 0179 01       		.byte	0x1
ARM GAS  C:\Users\jsyoon\AppData\Local\Temp\ccYTYXOS.s 			page 11


 558 017a 29       		.byte	0x29
 559 017b 16010000 		.4byte	0x116
 560 017f 01       		.uleb128 0x1
 561 0180 50       		.byte	0x50
 562 0181 06       		.uleb128 0x6
 563 0182 3D020000 		.4byte	.LASF20
 564 0186 01       		.byte	0x1
 565 0187 29       		.byte	0x29
 566 0188 AD000000 		.4byte	0xad
 567 018c 01       		.uleb128 0x1
 568 018d 51       		.byte	0x51
 569 018e 06       		.uleb128 0x6
 570 018f A4020000 		.4byte	.LASF21
 571 0193 01       		.byte	0x1
 572 0194 29       		.byte	0x29
 573 0195 1C010000 		.4byte	0x11c
 574 0199 01       		.uleb128 0x1
 575 019a 52       		.byte	0x52
 576 019b 00       		.byte	0
 577 019c 05       		.uleb128 0x5
 578 019d 54010000 		.4byte	.LASF25
 579 01a1 01       		.byte	0x1
 580 01a2 2E       		.byte	0x2e
 581 01a3 00000000 		.4byte	.LFB3
 582 01a7 18000000 		.4byte	.LFE3-.LFB3
 583 01ab 01       		.uleb128 0x1
 584 01ac 9C       		.byte	0x9c
 585 01ad D9010000 		.4byte	0x1d9
 586 01b1 06       		.uleb128 0x6
 587 01b2 94020000 		.4byte	.LASF19
 588 01b6 01       		.byte	0x1
 589 01b7 2E       		.byte	0x2e
 590 01b8 16010000 		.4byte	0x116
 591 01bc 01       		.uleb128 0x1
 592 01bd 50       		.byte	0x50
 593 01be 06       		.uleb128 0x6
 594 01bf 3D020000 		.4byte	.LASF20
 595 01c3 01       		.byte	0x1
 596 01c4 2E       		.byte	0x2e
 597 01c5 B8000000 		.4byte	0xb8
 598 01c9 01       		.uleb128 0x1
 599 01ca 51       		.byte	0x51
 600 01cb 06       		.uleb128 0x6
 601 01cc A4020000 		.4byte	.LASF21
 602 01d0 01       		.byte	0x1
 603 01d1 2E       		.byte	0x2e
 604 01d2 1C010000 		.4byte	0x11c
 605 01d6 01       		.uleb128 0x1
 606 01d7 52       		.byte	0x52
 607 01d8 00       		.byte	0
 608 01d9 08       		.uleb128 0x8
 609 01da AA020000 		.4byte	.LASF26
 610 01de 01       		.byte	0x1
 611 01df 33       		.byte	0x33
 612 01e0 AD000000 		.4byte	0xad
 613 01e4 00000000 		.4byte	.LFB4
 614 01e8 14000000 		.4byte	.LFE4-.LFB4
ARM GAS  C:\Users\jsyoon\AppData\Local\Temp\ccYTYXOS.s 			page 12


 615 01ec 01       		.uleb128 0x1
 616 01ed 9C       		.byte	0x9c
 617 01ee 1E020000 		.4byte	0x21e
 618 01f2 09       		.uleb128 0x9
 619 01f3 94020000 		.4byte	.LASF19
 620 01f7 01       		.byte	0x1
 621 01f8 33       		.byte	0x33
 622 01f9 1E020000 		.4byte	0x21e
 623 01fd 00000000 		.4byte	.LLST0
 624 0201 06       		.uleb128 0x6
 625 0202 A4020000 		.4byte	.LASF21
 626 0206 01       		.byte	0x1
 627 0207 33       		.byte	0x33
 628 0208 1C010000 		.4byte	0x11c
 629 020c 01       		.uleb128 0x1
 630 020d 51       		.byte	0x51
 631 020e 0A       		.uleb128 0xa
 632 020f 72657300 		.ascii	"res\000"
 633 0213 01       		.byte	0x1
 634 0214 34       		.byte	0x34
 635 0215 AD000000 		.4byte	0xad
 636 0219 21000000 		.4byte	.LLST1
 637 021d 00       		.byte	0
 638 021e 07       		.uleb128 0x7
 639 021f 04       		.byte	0x4
 640 0220 24020000 		.4byte	0x224
 641 0224 0B       		.uleb128 0xb
 642 0225 A2000000 		.4byte	0xa2
 643 0229 08       		.uleb128 0x8
 644 022a 0A000000 		.4byte	.LASF27
 645 022e 01       		.byte	0x1
 646 022f 3A       		.byte	0x3a
 647 0230 B8000000 		.4byte	0xb8
 648 0234 00000000 		.4byte	.LFB5
 649 0238 12000000 		.4byte	.LFE5-.LFB5
 650 023c 01       		.uleb128 0x1
 651 023d 9C       		.byte	0x9c
 652 023e 6E020000 		.4byte	0x26e
 653 0242 09       		.uleb128 0x9
 654 0243 94020000 		.4byte	.LASF19
 655 0247 01       		.byte	0x1
 656 0248 3A       		.byte	0x3a
 657 0249 1E020000 		.4byte	0x21e
 658 024d 34000000 		.4byte	.LLST2
 659 0251 06       		.uleb128 0x6
 660 0252 A4020000 		.4byte	.LASF21
 661 0256 01       		.byte	0x1
 662 0257 3A       		.byte	0x3a
 663 0258 1C010000 		.4byte	0x11c
 664 025c 01       		.uleb128 0x1
 665 025d 51       		.byte	0x51
 666 025e 0A       		.uleb128 0xa
 667 025f 72657300 		.ascii	"res\000"
 668 0263 01       		.byte	0x1
 669 0264 3B       		.byte	0x3b
 670 0265 B8000000 		.4byte	0xb8
 671 0269 55000000 		.4byte	.LLST3
ARM GAS  C:\Users\jsyoon\AppData\Local\Temp\ccYTYXOS.s 			page 13


 672 026d 00       		.byte	0
 673 026e 08       		.uleb128 0x8
 674 026f A6010000 		.4byte	.LASF28
 675 0273 01       		.byte	0x1
 676 0274 41       		.byte	0x41
 677 0275 C3000000 		.4byte	0xc3
 678 0279 00000000 		.4byte	.LFB6
 679 027d 22000000 		.4byte	.LFE6-.LFB6
 680 0281 01       		.uleb128 0x1
 681 0282 9C       		.byte	0x9c
 682 0283 B3020000 		.4byte	0x2b3
 683 0287 09       		.uleb128 0x9
 684 0288 94020000 		.4byte	.LASF19
 685 028c 01       		.byte	0x1
 686 028d 41       		.byte	0x41
 687 028e 1E020000 		.4byte	0x21e
 688 0292 6F000000 		.4byte	.LLST4
 689 0296 06       		.uleb128 0x6
 690 0297 A4020000 		.4byte	.LASF21
 691 029b 01       		.byte	0x1
 692 029c 41       		.byte	0x41
 693 029d 1C010000 		.4byte	0x11c
 694 02a1 01       		.uleb128 0x1
 695 02a2 51       		.byte	0x51
 696 02a3 0A       		.uleb128 0xa
 697 02a4 72657300 		.ascii	"res\000"
 698 02a8 01       		.byte	0x1
 699 02a9 42       		.byte	0x42
 700 02aa C3000000 		.4byte	0xc3
 701 02ae 90000000 		.4byte	.LLST5
 702 02b2 00       		.byte	0
 703 02b3 0C       		.uleb128 0xc
 704 02b4 D9020000 		.4byte	.LASF29
 705 02b8 01       		.byte	0x1
 706 02b9 4A       		.byte	0x4a
 707 02ba CE000000 		.4byte	0xce
 708 02be 00000000 		.4byte	.LFB7
 709 02c2 22000000 		.4byte	.LFE7-.LFB7
 710 02c6 01       		.uleb128 0x1
 711 02c7 9C       		.byte	0x9c
 712 02c8 09       		.uleb128 0x9
 713 02c9 94020000 		.4byte	.LASF19
 714 02cd 01       		.byte	0x1
 715 02ce 4A       		.byte	0x4a
 716 02cf 1E020000 		.4byte	0x21e
 717 02d3 B5000000 		.4byte	.LLST6
 718 02d7 06       		.uleb128 0x6
 719 02d8 A4020000 		.4byte	.LASF21
 720 02dc 01       		.byte	0x1
 721 02dd 4A       		.byte	0x4a
 722 02de 1C010000 		.4byte	0x11c
 723 02e2 01       		.uleb128 0x1
 724 02e3 51       		.byte	0x51
 725 02e4 0A       		.uleb128 0xa
 726 02e5 72657300 		.ascii	"res\000"
 727 02e9 01       		.byte	0x1
 728 02ea 4B       		.byte	0x4b
ARM GAS  C:\Users\jsyoon\AppData\Local\Temp\ccYTYXOS.s 			page 14


 729 02eb CE000000 		.4byte	0xce
 730 02ef D6000000 		.4byte	.LLST7
 731 02f3 00       		.byte	0
 732 02f4 00       		.byte	0
 733              		.section	.debug_abbrev,"",%progbits
 734              	.Ldebug_abbrev0:
 735 0000 01       		.uleb128 0x1
 736 0001 11       		.uleb128 0x11
 737 0002 01       		.byte	0x1
 738 0003 25       		.uleb128 0x25
 739 0004 0E       		.uleb128 0xe
 740 0005 13       		.uleb128 0x13
 741 0006 0B       		.uleb128 0xb
 742 0007 03       		.uleb128 0x3
 743 0008 0E       		.uleb128 0xe
 744 0009 1B       		.uleb128 0x1b
 745 000a 0E       		.uleb128 0xe
 746 000b 55       		.uleb128 0x55
 747 000c 17       		.uleb128 0x17
 748 000d 11       		.uleb128 0x11
 749 000e 01       		.uleb128 0x1
 750 000f 10       		.uleb128 0x10
 751 0010 17       		.uleb128 0x17
 752 0011 00       		.byte	0
 753 0012 00       		.byte	0
 754 0013 02       		.uleb128 0x2
 755 0014 24       		.uleb128 0x24
 756 0015 00       		.byte	0
 757 0016 0B       		.uleb128 0xb
 758 0017 0B       		.uleb128 0xb
 759 0018 3E       		.uleb128 0x3e
 760 0019 0B       		.uleb128 0xb
 761 001a 03       		.uleb128 0x3
 762 001b 0E       		.uleb128 0xe
 763 001c 00       		.byte	0
 764 001d 00       		.byte	0
 765 001e 03       		.uleb128 0x3
 766 001f 16       		.uleb128 0x16
 767 0020 00       		.byte	0
 768 0021 03       		.uleb128 0x3
 769 0022 0E       		.uleb128 0xe
 770 0023 3A       		.uleb128 0x3a
 771 0024 0B       		.uleb128 0xb
 772 0025 3B       		.uleb128 0x3b
 773 0026 0B       		.uleb128 0xb
 774 0027 49       		.uleb128 0x49
 775 0028 13       		.uleb128 0x13
 776 0029 00       		.byte	0
 777 002a 00       		.byte	0
 778 002b 04       		.uleb128 0x4
 779 002c 24       		.uleb128 0x24
 780 002d 00       		.byte	0
 781 002e 0B       		.uleb128 0xb
 782 002f 0B       		.uleb128 0xb
 783 0030 3E       		.uleb128 0x3e
 784 0031 0B       		.uleb128 0xb
 785 0032 03       		.uleb128 0x3
ARM GAS  C:\Users\jsyoon\AppData\Local\Temp\ccYTYXOS.s 			page 15


 786 0033 08       		.uleb128 0x8
 787 0034 00       		.byte	0
 788 0035 00       		.byte	0
 789 0036 05       		.uleb128 0x5
 790 0037 2E       		.uleb128 0x2e
 791 0038 01       		.byte	0x1
 792 0039 3F       		.uleb128 0x3f
 793 003a 19       		.uleb128 0x19
 794 003b 03       		.uleb128 0x3
 795 003c 0E       		.uleb128 0xe
 796 003d 3A       		.uleb128 0x3a
 797 003e 0B       		.uleb128 0xb
 798 003f 3B       		.uleb128 0x3b
 799 0040 0B       		.uleb128 0xb
 800 0041 27       		.uleb128 0x27
 801 0042 19       		.uleb128 0x19
 802 0043 11       		.uleb128 0x11
 803 0044 01       		.uleb128 0x1
 804 0045 12       		.uleb128 0x12
 805 0046 06       		.uleb128 0x6
 806 0047 40       		.uleb128 0x40
 807 0048 18       		.uleb128 0x18
 808 0049 9742     		.uleb128 0x2117
 809 004b 19       		.uleb128 0x19
 810 004c 01       		.uleb128 0x1
 811 004d 13       		.uleb128 0x13
 812 004e 00       		.byte	0
 813 004f 00       		.byte	0
 814 0050 06       		.uleb128 0x6
 815 0051 05       		.uleb128 0x5
 816 0052 00       		.byte	0
 817 0053 03       		.uleb128 0x3
 818 0054 0E       		.uleb128 0xe
 819 0055 3A       		.uleb128 0x3a
 820 0056 0B       		.uleb128 0xb
 821 0057 3B       		.uleb128 0x3b
 822 0058 0B       		.uleb128 0xb
 823 0059 49       		.uleb128 0x49
 824 005a 13       		.uleb128 0x13
 825 005b 02       		.uleb128 0x2
 826 005c 18       		.uleb128 0x18
 827 005d 00       		.byte	0
 828 005e 00       		.byte	0
 829 005f 07       		.uleb128 0x7
 830 0060 0F       		.uleb128 0xf
 831 0061 00       		.byte	0
 832 0062 0B       		.uleb128 0xb
 833 0063 0B       		.uleb128 0xb
 834 0064 49       		.uleb128 0x49
 835 0065 13       		.uleb128 0x13
 836 0066 00       		.byte	0
 837 0067 00       		.byte	0
 838 0068 08       		.uleb128 0x8
 839 0069 2E       		.uleb128 0x2e
 840 006a 01       		.byte	0x1
 841 006b 3F       		.uleb128 0x3f
 842 006c 19       		.uleb128 0x19
ARM GAS  C:\Users\jsyoon\AppData\Local\Temp\ccYTYXOS.s 			page 16


 843 006d 03       		.uleb128 0x3
 844 006e 0E       		.uleb128 0xe
 845 006f 3A       		.uleb128 0x3a
 846 0070 0B       		.uleb128 0xb
 847 0071 3B       		.uleb128 0x3b
 848 0072 0B       		.uleb128 0xb
 849 0073 27       		.uleb128 0x27
 850 0074 19       		.uleb128 0x19
 851 0075 49       		.uleb128 0x49
 852 0076 13       		.uleb128 0x13
 853 0077 11       		.uleb128 0x11
 854 0078 01       		.uleb128 0x1
 855 0079 12       		.uleb128 0x12
 856 007a 06       		.uleb128 0x6
 857 007b 40       		.uleb128 0x40
 858 007c 18       		.uleb128 0x18
 859 007d 9742     		.uleb128 0x2117
 860 007f 19       		.uleb128 0x19
 861 0080 01       		.uleb128 0x1
 862 0081 13       		.uleb128 0x13
 863 0082 00       		.byte	0
 864 0083 00       		.byte	0
 865 0084 09       		.uleb128 0x9
 866 0085 05       		.uleb128 0x5
 867 0086 00       		.byte	0
 868 0087 03       		.uleb128 0x3
 869 0088 0E       		.uleb128 0xe
 870 0089 3A       		.uleb128 0x3a
 871 008a 0B       		.uleb128 0xb
 872 008b 3B       		.uleb128 0x3b
 873 008c 0B       		.uleb128 0xb
 874 008d 49       		.uleb128 0x49
 875 008e 13       		.uleb128 0x13
 876 008f 02       		.uleb128 0x2
 877 0090 17       		.uleb128 0x17
 878 0091 00       		.byte	0
 879 0092 00       		.byte	0
 880 0093 0A       		.uleb128 0xa
 881 0094 34       		.uleb128 0x34
 882 0095 00       		.byte	0
 883 0096 03       		.uleb128 0x3
 884 0097 08       		.uleb128 0x8
 885 0098 3A       		.uleb128 0x3a
 886 0099 0B       		.uleb128 0xb
 887 009a 3B       		.uleb128 0x3b
 888 009b 0B       		.uleb128 0xb
 889 009c 49       		.uleb128 0x49
 890 009d 13       		.uleb128 0x13
 891 009e 02       		.uleb128 0x2
 892 009f 17       		.uleb128 0x17
 893 00a0 00       		.byte	0
 894 00a1 00       		.byte	0
 895 00a2 0B       		.uleb128 0xb
 896 00a3 26       		.uleb128 0x26
 897 00a4 00       		.byte	0
 898 00a5 49       		.uleb128 0x49
 899 00a6 13       		.uleb128 0x13
ARM GAS  C:\Users\jsyoon\AppData\Local\Temp\ccYTYXOS.s 			page 17


 900 00a7 00       		.byte	0
 901 00a8 00       		.byte	0
 902 00a9 0C       		.uleb128 0xc
 903 00aa 2E       		.uleb128 0x2e
 904 00ab 01       		.byte	0x1
 905 00ac 3F       		.uleb128 0x3f
 906 00ad 19       		.uleb128 0x19
 907 00ae 03       		.uleb128 0x3
 908 00af 0E       		.uleb128 0xe
 909 00b0 3A       		.uleb128 0x3a
 910 00b1 0B       		.uleb128 0xb
 911 00b2 3B       		.uleb128 0x3b
 912 00b3 0B       		.uleb128 0xb
 913 00b4 27       		.uleb128 0x27
 914 00b5 19       		.uleb128 0x19
 915 00b6 49       		.uleb128 0x49
 916 00b7 13       		.uleb128 0x13
 917 00b8 11       		.uleb128 0x11
 918 00b9 01       		.uleb128 0x1
 919 00ba 12       		.uleb128 0x12
 920 00bb 06       		.uleb128 0x6
 921 00bc 40       		.uleb128 0x40
 922 00bd 18       		.uleb128 0x18
 923 00be 9742     		.uleb128 0x2117
 924 00c0 19       		.uleb128 0x19
 925 00c1 00       		.byte	0
 926 00c2 00       		.byte	0
 927 00c3 00       		.byte	0
 928              		.section	.debug_loc,"",%progbits
 929              	.Ldebug_loc0:
 930              	.LLST0:
 931 0000 00000000 		.4byte	.LVL4
 932 0004 06000000 		.4byte	.LVL5
 933 0008 0100     		.2byte	0x1
 934 000a 50       		.byte	0x50
 935 000b 06000000 		.4byte	.LVL5
 936 000f 14000000 		.4byte	.LFE4
 937 0013 0400     		.2byte	0x4
 938 0015 F3       		.byte	0xf3
 939 0016 01       		.uleb128 0x1
 940 0017 50       		.byte	0x50
 941 0018 9F       		.byte	0x9f
 942 0019 00000000 		.4byte	0
 943 001d 00000000 		.4byte	0
 944              	.LLST1:
 945 0021 0E000000 		.4byte	.LVL6
 946 0025 12000000 		.4byte	.LVL7
 947 0029 0100     		.2byte	0x1
 948 002b 50       		.byte	0x50
 949 002c 00000000 		.4byte	0
 950 0030 00000000 		.4byte	0
 951              	.LLST2:
 952 0034 00000000 		.4byte	.LVL8
 953 0038 06000000 		.4byte	.LVL9
 954 003c 0100     		.2byte	0x1
 955 003e 50       		.byte	0x50
 956 003f 06000000 		.4byte	.LVL9
ARM GAS  C:\Users\jsyoon\AppData\Local\Temp\ccYTYXOS.s 			page 18


 957 0043 12000000 		.4byte	.LFE5
 958 0047 0400     		.2byte	0x4
 959 0049 F3       		.byte	0xf3
 960 004a 01       		.uleb128 0x1
 961 004b 50       		.byte	0x50
 962 004c 9F       		.byte	0x9f
 963 004d 00000000 		.4byte	0
 964 0051 00000000 		.4byte	0
 965              	.LLST3:
 966 0055 08000000 		.4byte	.LVL10
 967 0059 10000000 		.4byte	.LVL11
 968 005d 0800     		.2byte	0x8
 969 005f 70       		.byte	0x70
 970 0060 00       		.sleb128 0
 971 0061 38       		.byte	0x38
 972 0062 24       		.byte	0x24
 973 0063 72       		.byte	0x72
 974 0064 00       		.sleb128 0
 975 0065 21       		.byte	0x21
 976 0066 9F       		.byte	0x9f
 977 0067 00000000 		.4byte	0
 978 006b 00000000 		.4byte	0
 979              	.LLST4:
 980 006f 00000000 		.4byte	.LVL12
 981 0073 0E000000 		.4byte	.LVL13
 982 0077 0100     		.2byte	0x1
 983 0079 50       		.byte	0x50
 984 007a 0E000000 		.4byte	.LVL13
 985 007e 22000000 		.4byte	.LFE6
 986 0082 0400     		.2byte	0x4
 987 0084 F3       		.byte	0xf3
 988 0085 01       		.uleb128 0x1
 989 0086 50       		.byte	0x50
 990 0087 9F       		.byte	0x9f
 991 0088 00000000 		.4byte	0
 992 008c 00000000 		.4byte	0
 993              	.LLST5:
 994 0090 16000000 		.4byte	.LVL14
 995 0094 1C000000 		.4byte	.LVL15
 996 0098 0800     		.2byte	0x8
 997 009a 70       		.byte	0x70
 998 009b 00       		.sleb128 0
 999 009c 38       		.byte	0x38
 1000 009d 24       		.byte	0x24
 1001 009e 72       		.byte	0x72
 1002 009f 00       		.sleb128 0
 1003 00a0 21       		.byte	0x21
 1004 00a1 9F       		.byte	0x9f
 1005 00a2 1C000000 		.4byte	.LVL15
 1006 00a6 22000000 		.4byte	.LFE6
 1007 00aa 0100     		.2byte	0x1
 1008 00ac 50       		.byte	0x50
 1009 00ad 00000000 		.4byte	0
 1010 00b1 00000000 		.4byte	0
 1011              	.LLST6:
 1012 00b5 00000000 		.4byte	.LVL16
 1013 00b9 0E000000 		.4byte	.LVL17
ARM GAS  C:\Users\jsyoon\AppData\Local\Temp\ccYTYXOS.s 			page 19


 1014 00bd 0100     		.2byte	0x1
 1015 00bf 50       		.byte	0x50
 1016 00c0 0E000000 		.4byte	.LVL17
 1017 00c4 22000000 		.4byte	.LFE7
 1018 00c8 0400     		.2byte	0x4
 1019 00ca F3       		.byte	0xf3
 1020 00cb 01       		.uleb128 0x1
 1021 00cc 50       		.byte	0x50
 1022 00cd 9F       		.byte	0x9f
 1023 00ce 00000000 		.4byte	0
 1024 00d2 00000000 		.4byte	0
 1025              	.LLST7:
 1026 00d6 16000000 		.4byte	.LVL18
 1027 00da 1C000000 		.4byte	.LVL19
 1028 00de 0800     		.2byte	0x8
 1029 00e0 70       		.byte	0x70
 1030 00e1 00       		.sleb128 0
 1031 00e2 38       		.byte	0x38
 1032 00e3 24       		.byte	0x24
 1033 00e4 72       		.byte	0x72
 1034 00e5 00       		.sleb128 0
 1035 00e6 21       		.byte	0x21
 1036 00e7 9F       		.byte	0x9f
 1037 00e8 1C000000 		.4byte	.LVL19
 1038 00ec 22000000 		.4byte	.LFE7
 1039 00f0 0100     		.2byte	0x1
 1040 00f2 50       		.byte	0x50
 1041 00f3 00000000 		.4byte	0
 1042 00f7 00000000 		.4byte	0
 1043              		.section	.debug_aranges,"",%progbits
 1044 0000 54000000 		.4byte	0x54
 1045 0004 0200     		.2byte	0x2
 1046 0006 00000000 		.4byte	.Ldebug_info0
 1047 000a 04       		.byte	0x4
 1048 000b 00       		.byte	0
 1049 000c 0000     		.2byte	0
 1050 000e 0000     		.2byte	0
 1051 0010 00000000 		.4byte	.LFB0
 1052 0014 2C000000 		.4byte	.LFE0-.LFB0
 1053 0018 00000000 		.4byte	.LFB1
 1054 001c 2C000000 		.4byte	.LFE1-.LFB1
 1055 0020 00000000 		.4byte	.LFB2
 1056 0024 18000000 		.4byte	.LFE2-.LFB2
 1057 0028 00000000 		.4byte	.LFB3
 1058 002c 18000000 		.4byte	.LFE3-.LFB3
 1059 0030 00000000 		.4byte	.LFB4
 1060 0034 14000000 		.4byte	.LFE4-.LFB4
 1061 0038 00000000 		.4byte	.LFB5
 1062 003c 12000000 		.4byte	.LFE5-.LFB5
 1063 0040 00000000 		.4byte	.LFB6
 1064 0044 22000000 		.4byte	.LFE6-.LFB6
 1065 0048 00000000 		.4byte	.LFB7
 1066 004c 22000000 		.4byte	.LFE7-.LFB7
 1067 0050 00000000 		.4byte	0
 1068 0054 00000000 		.4byte	0
 1069              		.section	.debug_ranges,"",%progbits
 1070              	.Ldebug_ranges0:
ARM GAS  C:\Users\jsyoon\AppData\Local\Temp\ccYTYXOS.s 			page 20


 1071 0000 00000000 		.4byte	.LFB0
 1072 0004 2C000000 		.4byte	.LFE0
 1073 0008 00000000 		.4byte	.LFB1
 1074 000c 2C000000 		.4byte	.LFE1
 1075 0010 00000000 		.4byte	.LFB2
 1076 0014 18000000 		.4byte	.LFE2
 1077 0018 00000000 		.4byte	.LFB3
 1078 001c 18000000 		.4byte	.LFE3
 1079 0020 00000000 		.4byte	.LFB4
 1080 0024 14000000 		.4byte	.LFE4
 1081 0028 00000000 		.4byte	.LFB5
 1082 002c 12000000 		.4byte	.LFE5
 1083 0030 00000000 		.4byte	.LFB6
 1084 0034 22000000 		.4byte	.LFE6
 1085 0038 00000000 		.4byte	.LFB7
 1086 003c 22000000 		.4byte	.LFE7
 1087 0040 00000000 		.4byte	0
 1088 0044 00000000 		.4byte	0
 1089              		.section	.debug_line,"",%progbits
 1090              	.Ldebug_line0:
 1091 0000 83010000 		.section	.debug_str,"MS",%progbits,1
 1091      0200C700 
 1091      00000201 
 1091      FB0E0D00 
 1091      01010101 
 1092              	.LASF2:
 1093 0000 5F5F7569 		.ascii	"__uint8_t\000"
 1093      6E74385F 
 1093      7400
 1094              	.LASF27:
 1095 000a 62756666 		.ascii	"buffer_get_uint16\000"
 1095      65725F67 
 1095      65745F75 
 1095      696E7431 
 1095      3600
 1096              	.LASF3:
 1097 001c 5F5F696E 		.ascii	"__int16_t\000"
 1097      7431365F 
 1097      7400
 1098              	.LASF30:
 1099 0026 474E5520 		.ascii	"GNU C 4.8.4 20140526 (release) [ARM/embedded-4_8-br"
 1099      4320342E 
 1099      382E3420 
 1099      32303134 
 1099      30353236 
 1100 0059 616E6368 		.ascii	"anch revision 211358] -mcpu=cortex-m4 -mfloat-abi=h"
 1100      20726576 
 1100      6973696F 
 1100      6E203231 
 1100      31333538 
 1101 008c 61726420 		.ascii	"ard -mfpu=fpv4-sp-d16 -mno-thumb-interwork -mthumb "
 1101      2D6D6670 
 1101      753D6670 
 1101      76342D73 
 1101      702D6431 
 1102 00bf 2D676764 		.ascii	"-ggdb -O2 -std=gnu99 -fomit-frame-pointer -falign-f"
 1102      62202D4F 
ARM GAS  C:\Users\jsyoon\AppData\Local\Temp\ccYTYXOS.s 			page 21


 1102      32202D73 
 1102      74643D67 
 1102      6E753939 
 1103 00f2 756E6374 		.ascii	"unctions=16 -ffunction-sections -fdata-sections -fn"
 1103      696F6E73 
 1103      3D313620 
 1103      2D666675 
 1103      6E637469 
 1104 0125 6F2D636F 		.ascii	"o-common -fsingle-precision-constant\000"
 1104      6D6D6F6E 
 1104      202D6673 
 1104      696E676C 
 1104      652D7072 
 1105              	.LASF7:
 1106 014a 5F5F696E 		.ascii	"__int32_t\000"
 1106      7433325F 
 1106      7400
 1107              	.LASF25:
 1108 0154 62756666 		.ascii	"buffer_append_uint16\000"
 1108      65725F61 
 1108      7070656E 
 1108      645F7569 
 1108      6E743136 
 1109              	.LASF23:
 1110 0169 62756666 		.ascii	"buffer_append_uint32\000"
 1110      65725F61 
 1110      7070656E 
 1110      645F7569 
 1110      6E743332 
 1111              	.LASF24:
 1112 017e 62756666 		.ascii	"buffer_append_int16\000"
 1112      65725F61 
 1112      7070656E 
 1112      645F696E 
 1112      74313600 
 1113              	.LASF22:
 1114 0192 62756666 		.ascii	"buffer_append_int32\000"
 1114      65725F61 
 1114      7070656E 
 1114      645F696E 
 1114      74333200 
 1115              	.LASF28:
 1116 01a6 62756666 		.ascii	"buffer_get_int32\000"
 1116      65725F67 
 1116      65745F69 
 1116      6E743332 
 1116      00
 1117              	.LASF1:
 1118 01b7 756E7369 		.ascii	"unsigned char\000"
 1118      676E6564 
 1118      20636861 
 1118      7200
 1119              	.LASF10:
 1120 01c5 6C6F6E67 		.ascii	"long unsigned int\000"
 1120      20756E73 
 1120      69676E65 
 1120      6420696E 
ARM GAS  C:\Users\jsyoon\AppData\Local\Temp\ccYTYXOS.s 			page 22


 1120      7400
 1121              	.LASF6:
 1122 01d7 73686F72 		.ascii	"short unsigned int\000"
 1122      7420756E 
 1122      7369676E 
 1122      65642069 
 1122      6E7400
 1123              	.LASF9:
 1124 01ea 5F5F7569 		.ascii	"__uint32_t\000"
 1124      6E743332 
 1124      5F7400
 1125              	.LASF5:
 1126 01f5 5F5F7569 		.ascii	"__uint16_t\000"
 1126      6E743136 
 1126      5F7400
 1127              	.LASF31:
 1128 0200 62756666 		.ascii	"buffer.c\000"
 1128      65722E63 
 1128      00
 1129              	.LASF13:
 1130 0209 756E7369 		.ascii	"unsigned int\000"
 1130      676E6564 
 1130      20696E74 
 1130      00
 1131              	.LASF12:
 1132 0216 6C6F6E67 		.ascii	"long long unsigned int\000"
 1132      206C6F6E 
 1132      6720756E 
 1132      7369676E 
 1132      65642069 
 1133              	.LASF14:
 1134 022d 75696E74 		.ascii	"uint8_t\000"
 1134      385F7400 
 1135              	.LASF15:
 1136 0235 696E7431 		.ascii	"int16_t\000"
 1136      365F7400 
 1137              	.LASF20:
 1138 023d 6E756D62 		.ascii	"number\000"
 1138      657200
 1139              	.LASF17:
 1140 0244 696E7433 		.ascii	"int32_t\000"
 1140      325F7400 
 1141              	.LASF11:
 1142 024c 6C6F6E67 		.ascii	"long long int\000"
 1142      206C6F6E 
 1142      6720696E 
 1142      7400
 1143              	.LASF32:
 1144 025a 453A5C4D 		.ascii	"E:\\Maker\\BLDC\\test_eval\\try2\\OROCA-BLDC_R15080"
 1144      616B6572 
 1144      5C424C44 
 1144      435C7465 
 1144      73745F65 
 1145 0288 3700     		.ascii	"7\000"
 1146              	.LASF4:
 1147 028a 73686F72 		.ascii	"short int\000"
 1147      7420696E 
ARM GAS  C:\Users\jsyoon\AppData\Local\Temp\ccYTYXOS.s 			page 23


 1147      7400
 1148              	.LASF19:
 1149 0294 62756666 		.ascii	"buffer\000"
 1149      657200
 1150              	.LASF16:
 1151 029b 75696E74 		.ascii	"uint16_t\000"
 1151      31365F74 
 1151      00
 1152              	.LASF21:
 1153 02a4 696E6465 		.ascii	"index\000"
 1153      7800
 1154              	.LASF26:
 1155 02aa 62756666 		.ascii	"buffer_get_int16\000"
 1155      65725F67 
 1155      65745F69 
 1155      6E743136 
 1155      00
 1156              	.LASF18:
 1157 02bb 75696E74 		.ascii	"uint32_t\000"
 1157      33325F74 
 1157      00
 1158              	.LASF8:
 1159 02c4 6C6F6E67 		.ascii	"long int\000"
 1159      20696E74 
 1159      00
 1160              	.LASF0:
 1161 02cd 7369676E 		.ascii	"signed char\000"
 1161      65642063 
 1161      68617200 
 1162              	.LASF29:
 1163 02d9 62756666 		.ascii	"buffer_get_uint32\000"
 1163      65725F67 
 1163      65745F75 
 1163      696E7433 
 1163      3200
 1164              		.ident	"GCC: (GNU Tools for ARM Embedded Processors) 4.8.4 20140526 (release) [ARM/embedded-4_8-br
ARM GAS  C:\Users\jsyoon\AppData\Local\Temp\ccYTYXOS.s 			page 24


DEFINED SYMBOLS
                            *ABS*:00000000 buffer.c
C:\Users\jsyoon\AppData\Local\Temp\ccYTYXOS.s:21     .text.buffer_append_int32:00000000 $t
C:\Users\jsyoon\AppData\Local\Temp\ccYTYXOS.s:27     .text.buffer_append_int32:00000000 buffer_append_int32
C:\Users\jsyoon\AppData\Local\Temp\ccYTYXOS.s:72     .text.buffer_append_uint32:00000000 $t
C:\Users\jsyoon\AppData\Local\Temp\ccYTYXOS.s:78     .text.buffer_append_uint32:00000000 buffer_append_uint32
C:\Users\jsyoon\AppData\Local\Temp\ccYTYXOS.s:122    .text.buffer_append_int16:00000000 $t
C:\Users\jsyoon\AppData\Local\Temp\ccYTYXOS.s:128    .text.buffer_append_int16:00000000 buffer_append_int16
C:\Users\jsyoon\AppData\Local\Temp\ccYTYXOS.s:160    .text.buffer_append_uint16:00000000 $t
C:\Users\jsyoon\AppData\Local\Temp\ccYTYXOS.s:166    .text.buffer_append_uint16:00000000 buffer_append_uint16
C:\Users\jsyoon\AppData\Local\Temp\ccYTYXOS.s:198    .text.buffer_get_int16:00000000 $t
C:\Users\jsyoon\AppData\Local\Temp\ccYTYXOS.s:204    .text.buffer_get_int16:00000000 buffer_get_int16
C:\Users\jsyoon\AppData\Local\Temp\ccYTYXOS.s:235    .text.buffer_get_uint16:00000000 $t
C:\Users\jsyoon\AppData\Local\Temp\ccYTYXOS.s:241    .text.buffer_get_uint16:00000000 buffer_get_uint16
C:\Users\jsyoon\AppData\Local\Temp\ccYTYXOS.s:269    .text.buffer_get_int32:00000000 $t
C:\Users\jsyoon\AppData\Local\Temp\ccYTYXOS.s:275    .text.buffer_get_int32:00000000 buffer_get_int32
C:\Users\jsyoon\AppData\Local\Temp\ccYTYXOS.s:320    .text.buffer_get_uint32:00000000 $t
C:\Users\jsyoon\AppData\Local\Temp\ccYTYXOS.s:326    .text.buffer_get_uint32:00000000 buffer_get_uint32
                     .debug_frame:00000010 $d

NO UNDEFINED SYMBOLS
