ARM GAS  C:\Users\jsyoon\AppData\Local\Temp\ccFtdBZA.s 			page 1


   1              		.syntax unified
   2              		.cpu cortex-m4
   3              		.eabi_attribute 27, 3
   4              		.eabi_attribute 28, 1
   5              		.fpu fpv4-sp-d16
   6              		.eabi_attribute 20, 1
   7              		.eabi_attribute 21, 1
   8              		.eabi_attribute 23, 3
   9              		.eabi_attribute 24, 1
  10              		.eabi_attribute 25, 1
  11              		.eabi_attribute 26, 1
  12              		.eabi_attribute 30, 2
  13              		.eabi_attribute 34, 1
  14              		.eabi_attribute 18, 4
  15              		.thumb
  16              		.file	"chdebug.c"
  17              		.text
  18              	.Ltext0:
  19              		.cfi_sections	.debug_frame
  20              	.Letext0:
  21              		.section	.debug_info,"",%progbits
  22              	.Ldebug_info0:
  23 0000 75000000 		.4byte	0x75
  24 0004 0400     		.2byte	0x4
  25 0006 00000000 		.4byte	.Ldebug_abbrev0
  26 000a 04       		.byte	0x4
  27 000b 01       		.uleb128 0x1
  28 000c 5D000000 		.4byte	.LASF12
  29 0010 01       		.byte	0x1
  30 0011 98010000 		.4byte	.LASF13
  31 0015 1B000000 		.4byte	.LASF14
  32 0019 00000000 		.4byte	.Ldebug_line0
  33 001d 02       		.uleb128 0x2
  34 001e 04       		.byte	0x4
  35 001f 05       		.byte	0x5
  36 0020 696E7400 		.ascii	"int\000"
  37 0024 03       		.uleb128 0x3
  38 0025 04       		.byte	0x4
  39 0026 07       		.byte	0x7
  40 0027 0E000000 		.4byte	.LASF0
  41 002b 03       		.uleb128 0x3
  42 002c 01       		.byte	0x1
  43 002d 06       		.byte	0x6
  44 002e F3010000 		.4byte	.LASF1
  45 0032 03       		.uleb128 0x3
  46 0033 01       		.byte	0x1
  47 0034 08       		.byte	0x8
  48 0035 BE010000 		.4byte	.LASF2
  49 0039 03       		.uleb128 0x3
  50 003a 02       		.byte	0x2
  51 003b 05       		.byte	0x5
  52 003c FF010000 		.4byte	.LASF3
  53 0040 03       		.uleb128 0x3
  54 0041 02       		.byte	0x2
  55 0042 07       		.byte	0x7
  56 0043 E0010000 		.4byte	.LASF4
  57 0047 03       		.uleb128 0x3
ARM GAS  C:\Users\jsyoon\AppData\Local\Temp\ccFtdBZA.s 			page 2


  58 0048 04       		.byte	0x4
  59 0049 05       		.byte	0x5
  60 004a D1010000 		.4byte	.LASF5
  61 004e 03       		.uleb128 0x3
  62 004f 04       		.byte	0x4
  63 0050 07       		.byte	0x7
  64 0051 4B000000 		.4byte	.LASF6
  65 0055 03       		.uleb128 0x3
  66 0056 08       		.byte	0x8
  67 0057 05       		.byte	0x5
  68 0058 00000000 		.4byte	.LASF7
  69 005c 03       		.uleb128 0x3
  70 005d 08       		.byte	0x8
  71 005e 07       		.byte	0x7
  72 005f 81010000 		.4byte	.LASF8
  73 0063 03       		.uleb128 0x3
  74 0064 01       		.byte	0x1
  75 0065 02       		.byte	0x2
  76 0066 DA010000 		.4byte	.LASF9
  77 006a 03       		.uleb128 0x3
  78 006b 04       		.byte	0x4
  79 006c 07       		.byte	0x7
  80 006d 09020000 		.4byte	.LASF10
  81 0071 03       		.uleb128 0x3
  82 0072 01       		.byte	0x1
  83 0073 08       		.byte	0x8
  84 0074 CC010000 		.4byte	.LASF11
  85 0078 00       		.byte	0
  86              		.section	.debug_abbrev,"",%progbits
  87              	.Ldebug_abbrev0:
  88 0000 01       		.uleb128 0x1
  89 0001 11       		.uleb128 0x11
  90 0002 01       		.byte	0x1
  91 0003 25       		.uleb128 0x25
  92 0004 0E       		.uleb128 0xe
  93 0005 13       		.uleb128 0x13
  94 0006 0B       		.uleb128 0xb
  95 0007 03       		.uleb128 0x3
  96 0008 0E       		.uleb128 0xe
  97 0009 1B       		.uleb128 0x1b
  98 000a 0E       		.uleb128 0xe
  99 000b 10       		.uleb128 0x10
 100 000c 17       		.uleb128 0x17
 101 000d 00       		.byte	0
 102 000e 00       		.byte	0
 103 000f 02       		.uleb128 0x2
 104 0010 24       		.uleb128 0x24
 105 0011 00       		.byte	0
 106 0012 0B       		.uleb128 0xb
 107 0013 0B       		.uleb128 0xb
 108 0014 3E       		.uleb128 0x3e
 109 0015 0B       		.uleb128 0xb
 110 0016 03       		.uleb128 0x3
 111 0017 08       		.uleb128 0x8
 112 0018 00       		.byte	0
 113 0019 00       		.byte	0
 114 001a 03       		.uleb128 0x3
ARM GAS  C:\Users\jsyoon\AppData\Local\Temp\ccFtdBZA.s 			page 3


 115 001b 24       		.uleb128 0x24
 116 001c 00       		.byte	0
 117 001d 0B       		.uleb128 0xb
 118 001e 0B       		.uleb128 0xb
 119 001f 3E       		.uleb128 0x3e
 120 0020 0B       		.uleb128 0xb
 121 0021 03       		.uleb128 0x3
 122 0022 0E       		.uleb128 0xe
 123 0023 00       		.byte	0
 124 0024 00       		.byte	0
 125 0025 00       		.byte	0
 126              		.section	.debug_aranges,"",%progbits
 127 0000 14000000 		.4byte	0x14
 128 0004 0200     		.2byte	0x2
 129 0006 00000000 		.4byte	.Ldebug_info0
 130 000a 04       		.byte	0x4
 131 000b 00       		.byte	0
 132 000c 0000     		.2byte	0
 133 000e 0000     		.2byte	0
 134 0010 00000000 		.4byte	0
 135 0014 00000000 		.4byte	0
 136              		.section	.debug_line,"",%progbits
 137              	.Ldebug_line0:
 138 0000 19000000 		.section	.debug_str,"MS",%progbits,1
 138      02001300 
 138      00000201 
 138      FB0E0D00 
 138      01010101 
 139              	.LASF7:
 140 0000 6C6F6E67 		.ascii	"long long int\000"
 140      206C6F6E 
 140      6720696E 
 140      7400
 141              	.LASF0:
 142 000e 756E7369 		.ascii	"unsigned int\000"
 142      676E6564 
 142      20696E74 
 142      00
 143              	.LASF14:
 144 001b 453A5C4D 		.ascii	"E:\\Maker\\BLDC\\test_eval\\try2\\OROCA-BLDC_R15080"
 144      616B6572 
 144      5C424C44 
 144      435C7465 
 144      73745F65 
 145 0049 3700     		.ascii	"7\000"
 146              	.LASF6:
 147 004b 6C6F6E67 		.ascii	"long unsigned int\000"
 147      20756E73 
 147      69676E65 
 147      6420696E 
 147      7400
 148              	.LASF12:
 149 005d 474E5520 		.ascii	"GNU C 4.8.4 20140526 (release) [ARM/embedded-4_8-br"
 149      4320342E 
 149      382E3420 
 149      32303134 
 149      30353236 
ARM GAS  C:\Users\jsyoon\AppData\Local\Temp\ccFtdBZA.s 			page 4


 150 0090 616E6368 		.ascii	"anch revision 211358] -mcpu=cortex-m4 -mfloat-abi=h"
 150      20726576 
 150      6973696F 
 150      6E203231 
 150      31333538 
 151 00c3 61726420 		.ascii	"ard -mfpu=fpv4-sp-d16 -mno-thumb-interwork -mthumb "
 151      2D6D6670 
 151      753D6670 
 151      76342D73 
 151      702D6431 
 152 00f6 2D676764 		.ascii	"-ggdb -O2 -std=gnu99 -fomit-frame-pointer -falign-f"
 152      62202D4F 
 152      32202D73 
 152      74643D67 
 152      6E753939 
 153 0129 756E6374 		.ascii	"unctions=16 -ffunction-sections -fdata-sections -fn"
 153      696F6E73 
 153      3D313620 
 153      2D666675 
 153      6E637469 
 154 015c 6F2D636F 		.ascii	"o-common -fsingle-precision-constant\000"
 154      6D6D6F6E 
 154      202D6673 
 154      696E676C 
 154      652D7072 
 155              	.LASF8:
 156 0181 6C6F6E67 		.ascii	"long long unsigned int\000"
 156      206C6F6E 
 156      6720756E 
 156      7369676E 
 156      65642069 
 157              	.LASF13:
 158 0198 43686962 		.ascii	"ChibiOS_2.6.6/os/kernel/src/chdebug.c\000"
 158      694F535F 
 158      322E362E 
 158      362F6F73 
 158      2F6B6572 
 159              	.LASF2:
 160 01be 756E7369 		.ascii	"unsigned char\000"
 160      676E6564 
 160      20636861 
 160      7200
 161              	.LASF11:
 162 01cc 63686172 		.ascii	"char\000"
 162      00
 163              	.LASF5:
 164 01d1 6C6F6E67 		.ascii	"long int\000"
 164      20696E74 
 164      00
 165              	.LASF9:
 166 01da 5F426F6F 		.ascii	"_Bool\000"
 166      6C00
 167              	.LASF4:
 168 01e0 73686F72 		.ascii	"short unsigned int\000"
 168      7420756E 
 168      7369676E 
 168      65642069 
ARM GAS  C:\Users\jsyoon\AppData\Local\Temp\ccFtdBZA.s 			page 5


 168      6E7400
 169              	.LASF1:
 170 01f3 7369676E 		.ascii	"signed char\000"
 170      65642063 
 170      68617200 
 171              	.LASF3:
 172 01ff 73686F72 		.ascii	"short int\000"
 172      7420696E 
 172      7400
 173              	.LASF10:
 174 0209 73697A65 		.ascii	"sizetype\000"
 174      74797065 
 174      00
 175              		.ident	"GCC: (GNU Tools for ARM Embedded Processors) 4.8.4 20140526 (release) [ARM/embedded-4_8-br
ARM GAS  C:\Users\jsyoon\AppData\Local\Temp\ccFtdBZA.s 			page 6


DEFINED SYMBOLS
                            *ABS*:00000000 chdebug.c

NO UNDEFINED SYMBOLS
