ARM GAS  C:\Users\jsyoon\AppData\Local\Temp\ccTzxg6a.s 			page 1


   1              		.syntax unified
   2              		.cpu cortex-m4
   3              		.eabi_attribute 27, 3
   4              		.eabi_attribute 28, 1
   5              		.fpu fpv4-sp-d16
   6              		.eabi_attribute 20, 1
   7              		.eabi_attribute 21, 1
   8              		.eabi_attribute 23, 3
   9              		.eabi_attribute 24, 1
  10              		.eabi_attribute 25, 1
  11              		.eabi_attribute 26, 1
  12              		.eabi_attribute 30, 2
  13              		.eabi_attribute 34, 1
  14              		.eabi_attribute 18, 4
  15              		.thumb
  16              		.file	"chdynamic.c"
  17              		.text
  18              	.Ltext0:
  19              		.cfi_sections	.debug_frame
  20              		.section	.text.chThdAddRef,"ax",%progbits
  21              		.align	2
  22              		.p2align 4,,15
  23              		.global	chThdAddRef
  24              		.thumb
  25              		.thumb_func
  26              		.type	chThdAddRef, %function
  27              	chThdAddRef:
  28              	.LFB7:
  29              		.file 1 "ChibiOS_2.6.6/os/kernel/src/chdynamic.c"
  30              		.loc 1 52 0
  31              		.cfi_startproc
  32              		@ args = 0, pretend = 0, frame = 0
  33              		@ frame_needed = 0, uses_anonymous_args = 0
  34              		@ link register save eliminated.
  35              	.LVL0:
  36              		.loc 1 54 0
  37              	@ 54 "ChibiOS_2.6.6/os/kernel/src/chdynamic.c" 1
  38 0000 72B6     		cpsid   i
  39              	@ 0 "" 2
  40              		.loc 1 56 0
  41              		.thumb
  42 0002 827F     		ldrb	r2, [r0, #30]	@ zero_extendqisi2
  43 0004 0132     		adds	r2, r2, #1
  44 0006 8277     		strb	r2, [r0, #30]
  45              		.loc 1 57 0
  46              	@ 57 "ChibiOS_2.6.6/os/kernel/src/chdynamic.c" 1
  47 0008 62B6     		cpsie   i
  48              	@ 0 "" 2
  49              		.loc 1 59 0
  50              		.thumb
  51 000a 7047     		bx	lr
  52              		.cfi_endproc
  53              	.LFE7:
  54              		.size	chThdAddRef, .-chThdAddRef
  55 000c AFF30080 		.section	.text.chThdRelease,"ax",%progbits
  56              		.align	2
  57              		.p2align 4,,15
ARM GAS  C:\Users\jsyoon\AppData\Local\Temp\ccTzxg6a.s 			page 2


  58              		.global	chThdRelease
  59              		.thumb
  60              		.thumb_func
  61              		.type	chThdRelease, %function
  62              	chThdRelease:
  63              	.LFB8:
  64              		.loc 1 74 0
  65              		.cfi_startproc
  66              		@ args = 0, pretend = 0, frame = 0
  67              		@ frame_needed = 0, uses_anonymous_args = 0
  68              		@ link register save eliminated.
  69              	.LVL1:
  70              		.loc 1 74 0
  71 0000 0146     		mov	r1, r0
  72              		.loc 1 77 0
  73              	@ 77 "ChibiOS_2.6.6/os/kernel/src/chdynamic.c" 1
  74 0002 72B6     		cpsid   i
  75              	@ 0 "" 2
  76              		.loc 1 79 0
  77              		.thumb
  78 0004 837F     		ldrb	r3, [r0, #30]	@ zero_extendqisi2
  79 0006 013B     		subs	r3, r3, #1
  80 0008 DBB2     		uxtb	r3, r3
  81 000a 8377     		strb	r3, [r0, #30]
  82              	.LVL2:
  83              		.loc 1 80 0
  84              	@ 80 "ChibiOS_2.6.6/os/kernel/src/chdynamic.c" 1
  85 000c 62B6     		cpsie   i
  86              	@ 0 "" 2
  87              		.loc 1 85 0
  88              		.thumb
  89 000e 13B9     		cbnz	r3, .L2
  90              		.loc 1 85 0 is_stmt 0 discriminator 1
  91 0010 037F     		ldrb	r3, [r0, #28]	@ zero_extendqisi2
  92              	.LVL3:
  93 0012 0E2B     		cmp	r3, #14
  94 0014 00D0     		beq	.L7
  95              	.L2:
  96 0016 7047     		bx	lr
  97              	.L7:
  98              		.loc 1 86 0 is_stmt 1
  99 0018 437F     		ldrb	r3, [r0, #29]	@ zero_extendqisi2
 100 001a 03F00303 		and	r3, r3, #3
 101 001e 012B     		cmp	r3, #1
 102 0020 02D0     		beq	.L4
 103 0022 022B     		cmp	r3, #2
 104 0024 07D0     		beq	.L5
 105 0026 7047     		bx	lr
 106              	.L4:
 107              		.loc 1 90 0
 108 0028 4369     		ldr	r3, [r0, #20]
 109 002a 0269     		ldr	r2, [r0, #16]
 110 002c 1A61     		str	r2, [r3, #16]
 111 002e 0269     		ldr	r2, [r0, #16]
 112 0030 5361     		str	r3, [r2, #20]
 113              		.loc 1 92 0
 114 0032 FFF7FEBF 		b	chHeapFree
ARM GAS  C:\Users\jsyoon\AppData\Local\Temp\ccTzxg6a.s 			page 3


 115              	.LVL4:
 116              	.L5:
 117              		.loc 1 98 0
 118 0036 4369     		ldr	r3, [r0, #20]
 119 0038 0269     		ldr	r2, [r0, #16]
 120 003a 1A61     		str	r2, [r3, #16]
 121 003c 0269     		ldr	r2, [r0, #16]
 122              		.loc 1 100 0
 123 003e 406C     		ldr	r0, [r0, #68]
 124              	.LVL5:
 125              		.loc 1 98 0
 126 0040 5361     		str	r3, [r2, #20]
 127              		.loc 1 100 0
 128 0042 FFF7FEBF 		b	chPoolFree
 129              	.LVL6:
 130              		.cfi_endproc
 131              	.LFE8:
 132              		.size	chThdRelease, .-chThdRelease
 133 0046 00BFAFF3 		.section	.text.chThdCreateFromHeap,"ax",%progbits
 133      0080AFF3 
 133      0080
 134              		.align	2
 135              		.p2align 4,,15
 136              		.global	chThdCreateFromHeap
 137              		.thumb
 138              		.thumb_func
 139              		.type	chThdCreateFromHeap, %function
 140              	chThdCreateFromHeap:
 141              	.LFB9:
 142              		.loc 1 131 0
 143              		.cfi_startproc
 144              		@ args = 4, pretend = 0, frame = 0
 145              		@ frame_needed = 0, uses_anonymous_args = 0
 146              	.LVL7:
 147 0000 F0B5     		push	{r4, r5, r6, r7, lr}
 148              		.cfi_def_cfa_offset 20
 149              		.cfi_offset 4, -20
 150              		.cfi_offset 5, -16
 151              		.cfi_offset 6, -12
 152              		.cfi_offset 7, -8
 153              		.cfi_offset 14, -4
 154 0002 83B0     		sub	sp, sp, #12
 155              		.cfi_def_cfa_offset 32
 156              		.loc 1 131 0
 157 0004 1746     		mov	r7, r2
 158 0006 1E46     		mov	r6, r3
 159 0008 0D46     		mov	r5, r1
 160              		.loc 1 135 0
 161 000a FFF7FEFF 		bl	chHeapAlloc
 162              	.LVL8:
 163              		.loc 1 136 0
 164 000e 78B1     		cbz	r0, .L9
 165              		.loc 1 148 0
 166              	@ 148 "ChibiOS_2.6.6/os/kernel/src/chdynamic.c" 1
 167 0010 72B6     		cpsid   i
 168              	@ 0 "" 2
 169              		.loc 1 149 0
ARM GAS  C:\Users\jsyoon\AppData\Local\Temp\ccTzxg6a.s 			page 4


 170              		.thumb
 171 0012 089B     		ldr	r3, [sp, #32]
 172 0014 0093     		str	r3, [sp]
 173 0016 2946     		mov	r1, r5
 174 0018 3A46     		mov	r2, r7
 175 001a 3346     		mov	r3, r6
 176 001c FFF7FEFF 		bl	chThdCreateI
 177              	.LVL9:
 178              		.loc 1 150 0
 179 0020 0123     		movs	r3, #1
 180 0022 4377     		strb	r3, [r0, #29]
 181              		.loc 1 151 0
 182 0024 0021     		movs	r1, #0
 183              		.loc 1 149 0
 184 0026 0446     		mov	r4, r0
 185              	.LVL10:
 186              		.loc 1 151 0
 187 0028 FFF7FEFF 		bl	chSchWakeupS
 188              	.LVL11:
 189              		.loc 1 152 0
 190              	@ 152 "ChibiOS_2.6.6/os/kernel/src/chdynamic.c" 1
 191 002c 62B6     		cpsie   i
 192              	@ 0 "" 2
 193              		.loc 1 153 0
 194              		.thumb
 195 002e 2046     		mov	r0, r4
 196              	.LVL12:
 197              	.L9:
 198              		.loc 1 154 0
 199 0030 03B0     		add	sp, sp, #12
 200              		@ sp needed
 201 0032 F0BD     		pop	{r4, r5, r6, r7, pc}
 202              		.cfi_endproc
 203              	.LFE9:
 204              		.size	chThdCreateFromHeap, .-chThdCreateFromHeap
 205 0034 AFF30080 		.section	.text.chThdCreateFromMemoryPool,"ax",%progbits
 205      AFF30080 
 205      AFF30080 
 206              		.align	2
 207              		.p2align 4,,15
 208              		.global	chThdCreateFromMemoryPool
 209              		.thumb
 210              		.thumb_func
 211              		.type	chThdCreateFromMemoryPool, %function
 212              	chThdCreateFromMemoryPool:
 213              	.LFB10:
 214              		.loc 1 180 0
 215              		.cfi_startproc
 216              		@ args = 0, pretend = 0, frame = 0
 217              		@ frame_needed = 0, uses_anonymous_args = 0
 218              	.LVL13:
 219 0000 F0B5     		push	{r4, r5, r6, r7, lr}
 220              		.cfi_def_cfa_offset 20
 221              		.cfi_offset 4, -20
 222              		.cfi_offset 5, -16
 223              		.cfi_offset 6, -12
 224              		.cfi_offset 7, -8
ARM GAS  C:\Users\jsyoon\AppData\Local\Temp\ccTzxg6a.s 			page 5


 225              		.cfi_offset 14, -4
 226 0002 83B0     		sub	sp, sp, #12
 227              		.cfi_def_cfa_offset 32
 228              		.loc 1 180 0
 229 0004 0F46     		mov	r7, r1
 230 0006 1646     		mov	r6, r2
 231 0008 1C46     		mov	r4, r3
 232 000a 0546     		mov	r5, r0
 233              		.loc 1 186 0
 234 000c FFF7FEFF 		bl	chPoolAlloc
 235              	.LVL14:
 236              		.loc 1 187 0
 237 0010 78B1     		cbz	r0, .L12
 238              		.loc 1 199 0
 239              	@ 199 "ChibiOS_2.6.6/os/kernel/src/chdynamic.c" 1
 240 0012 72B6     		cpsid   i
 241              	@ 0 "" 2
 242              		.loc 1 200 0
 243              		.thumb
 244 0014 6968     		ldr	r1, [r5, #4]
 245 0016 0094     		str	r4, [sp]
 246 0018 3A46     		mov	r2, r7
 247 001a 3346     		mov	r3, r6
 248 001c FFF7FEFF 		bl	chThdCreateI
 249              	.LVL15:
 250              		.loc 1 201 0
 251 0020 0223     		movs	r3, #2
 252              		.loc 1 202 0
 253 0022 4564     		str	r5, [r0, #68]
 254              		.loc 1 201 0
 255 0024 4377     		strb	r3, [r0, #29]
 256              		.loc 1 203 0
 257 0026 0021     		movs	r1, #0
 258              		.loc 1 200 0
 259 0028 0446     		mov	r4, r0
 260              	.LVL16:
 261              		.loc 1 203 0
 262 002a FFF7FEFF 		bl	chSchWakeupS
 263              	.LVL17:
 264              		.loc 1 204 0
 265              	@ 204 "ChibiOS_2.6.6/os/kernel/src/chdynamic.c" 1
 266 002e 62B6     		cpsie   i
 267              	@ 0 "" 2
 268              		.loc 1 205 0
 269              		.thumb
 270 0030 2046     		mov	r0, r4
 271              	.LVL18:
 272              	.L12:
 273              		.loc 1 206 0
 274 0032 03B0     		add	sp, sp, #12
 275              		@ sp needed
 276 0034 F0BD     		pop	{r4, r5, r6, r7, pc}
 277              		.cfi_endproc
 278              	.LFE10:
 279              		.size	chThdCreateFromMemoryPool, .-chThdCreateFromMemoryPool
 280 0036 00BFAFF3 		.text
 280      0080AFF3 
ARM GAS  C:\Users\jsyoon\AppData\Local\Temp\ccTzxg6a.s 			page 6


 280      0080
 281              	.Letext0:
 282              		.file 2 "c:\\crosstools\\gcc-arm-embedded\\4.8_2014q2\\lib\\gcc\\arm-none-eabi\\4.8.4\\include\\st
 283              		.file 3 "c:\\crosstools\\gcc-arm-embedded\\4.8_2014q2\\arm-none-eabi\\include\\machine\\_default_t
 284              		.file 4 "c:\\crosstools\\gcc-arm-embedded\\4.8_2014q2\\arm-none-eabi\\include\\stdint.h"
 285              		.file 5 "ChibiOS_2.6.6/os/ports/GCC/ARMCMx/chtypes.h"
 286              		.file 6 "ChibiOS_2.6.6/os/kernel/include/chlists.h"
 287              		.file 7 "ChibiOS_2.6.6/os/kernel/include/chthreads.h"
 288              		.file 8 "ChibiOS_2.6.6/os/ports/GCC/ARMCMx/chcore_v7m.h"
 289              		.file 9 "ChibiOS_2.6.6/os/kernel/include/chmtx.h"
 290              		.file 10 "ChibiOS_2.6.6/os/kernel/include/chmemcore.h"
 291              		.file 11 "ChibiOS_2.6.6/os/kernel/include/chheap.h"
 292              		.file 12 "ChibiOS_2.6.6/os/kernel/include/chmempools.h"
 293              		.file 13 "ChibiOS_2.6.6/os/kernel/include/chschd.h"
 294              		.section	.debug_info,"",%progbits
 295              	.Ldebug_info0:
 296 0000 84080000 		.4byte	0x884
 297 0004 0400     		.2byte	0x4
 298 0006 00000000 		.4byte	.Ldebug_abbrev0
 299 000a 04       		.byte	0x4
 300 000b 01       		.uleb128 0x1
 301 000c 1F010000 		.4byte	.LASF92
 302 0010 01       		.byte	0x1
 303 0011 1C040000 		.4byte	.LASF93
 304 0015 C9000000 		.4byte	.LASF94
 305 0019 00000000 		.4byte	.Ldebug_ranges0+0
 306 001d 00000000 		.4byte	0
 307 0021 00000000 		.4byte	.Ldebug_line0
 308 0025 02       		.uleb128 0x2
 309 0026 04       		.byte	0x4
 310 0027 05       		.byte	0x5
 311 0028 696E7400 		.ascii	"int\000"
 312 002c 03       		.uleb128 0x3
 313 002d 0E000000 		.4byte	.LASF2
 314 0031 02       		.byte	0x2
 315 0032 D4       		.byte	0xd4
 316 0033 37000000 		.4byte	0x37
 317 0037 04       		.uleb128 0x4
 318 0038 04       		.byte	0x4
 319 0039 07       		.byte	0x7
 320 003a 94020000 		.4byte	.LASF0
 321 003e 04       		.uleb128 0x4
 322 003f 01       		.byte	0x1
 323 0040 06       		.byte	0x6
 324 0041 85000000 		.4byte	.LASF1
 325 0045 03       		.uleb128 0x3
 326 0046 25000000 		.4byte	.LASF3
 327 004a 03       		.byte	0x3
 328 004b 1C       		.byte	0x1c
 329 004c 50000000 		.4byte	0x50
 330 0050 04       		.uleb128 0x4
 331 0051 01       		.byte	0x1
 332 0052 08       		.byte	0x8
 333 0053 90030000 		.4byte	.LASF4
 334 0057 04       		.uleb128 0x4
 335 0058 02       		.byte	0x2
 336 0059 05       		.byte	0x5
ARM GAS  C:\Users\jsyoon\AppData\Local\Temp\ccTzxg6a.s 			page 7


 337 005a B3030000 		.4byte	.LASF5
 338 005e 04       		.uleb128 0x4
 339 005f 02       		.byte	0x2
 340 0060 07       		.byte	0x7
 341 0061 C0020000 		.4byte	.LASF6
 342 0065 03       		.uleb128 0x3
 343 0066 73040000 		.4byte	.LASF7
 344 006a 03       		.byte	0x3
 345 006b 37       		.byte	0x37
 346 006c 70000000 		.4byte	0x70
 347 0070 04       		.uleb128 0x4
 348 0071 04       		.byte	0x4
 349 0072 05       		.byte	0x5
 350 0073 F9000000 		.4byte	.LASF8
 351 0077 03       		.uleb128 0x3
 352 0078 6E020000 		.4byte	.LASF9
 353 007c 03       		.byte	0x3
 354 007d 38       		.byte	0x38
 355 007e 82000000 		.4byte	0x82
 356 0082 04       		.uleb128 0x4
 357 0083 04       		.byte	0x4
 358 0084 07       		.byte	0x7
 359 0085 A1020000 		.4byte	.LASF10
 360 0089 04       		.uleb128 0x4
 361 008a 08       		.byte	0x8
 362 008b 05       		.byte	0x5
 363 008c 77000000 		.4byte	.LASF11
 364 0090 03       		.uleb128 0x3
 365 0091 53030000 		.4byte	.LASF12
 366 0095 03       		.byte	0x3
 367 0096 4E       		.byte	0x4e
 368 0097 9B000000 		.4byte	0x9b
 369 009b 04       		.uleb128 0x4
 370 009c 08       		.byte	0x8
 371 009d 07       		.byte	0x7
 372 009e 47000000 		.4byte	.LASF13
 373 00a2 03       		.uleb128 0x3
 374 00a3 BE040000 		.4byte	.LASF14
 375 00a7 04       		.byte	0x4
 376 00a8 2A       		.byte	0x2a
 377 00a9 45000000 		.4byte	0x45
 378 00ad 03       		.uleb128 0x3
 379 00ae 88030000 		.4byte	.LASF15
 380 00b2 04       		.byte	0x4
 381 00b3 41       		.byte	0x41
 382 00b4 65000000 		.4byte	0x65
 383 00b8 03       		.uleb128 0x3
 384 00b9 44040000 		.4byte	.LASF16
 385 00bd 04       		.byte	0x4
 386 00be 42       		.byte	0x42
 387 00bf 77000000 		.4byte	0x77
 388 00c3 03       		.uleb128 0x3
 389 00c4 1C000000 		.4byte	.LASF17
 390 00c8 04       		.byte	0x4
 391 00c9 4E       		.byte	0x4e
 392 00ca 90000000 		.4byte	0x90
 393 00ce 04       		.uleb128 0x4
ARM GAS  C:\Users\jsyoon\AppData\Local\Temp\ccTzxg6a.s 			page 8


 394 00cf 01       		.byte	0x1
 395 00d0 02       		.byte	0x2
 396 00d1 82030000 		.4byte	.LASF18
 397 00d5 03       		.uleb128 0x3
 398 00d6 D9020000 		.4byte	.LASF19
 399 00da 05       		.byte	0x5
 400 00db 2C       		.byte	0x2c
 401 00dc A2000000 		.4byte	0xa2
 402 00e0 03       		.uleb128 0x3
 403 00e1 16010000 		.4byte	.LASF20
 404 00e5 05       		.byte	0x5
 405 00e6 2D       		.byte	0x2d
 406 00e7 A2000000 		.4byte	0xa2
 407 00eb 03       		.uleb128 0x3
 408 00ec 66030000 		.4byte	.LASF21
 409 00f0 05       		.byte	0x5
 410 00f1 2E       		.byte	0x2e
 411 00f2 A2000000 		.4byte	0xa2
 412 00f6 03       		.uleb128 0x3
 413 00f7 B2000000 		.4byte	.LASF22
 414 00fb 05       		.byte	0x5
 415 00fc 2F       		.byte	0x2f
 416 00fd A2000000 		.4byte	0xa2
 417 0101 03       		.uleb128 0x3
 418 0102 7A030000 		.4byte	.LASF23
 419 0106 05       		.byte	0x5
 420 0107 30       		.byte	0x30
 421 0108 B8000000 		.4byte	0xb8
 422 010c 03       		.uleb128 0x3
 423 010d D3020000 		.4byte	.LASF24
 424 0111 05       		.byte	0x5
 425 0112 31       		.byte	0x31
 426 0113 AD000000 		.4byte	0xad
 427 0117 03       		.uleb128 0x3
 428 0118 ED020000 		.4byte	.LASF25
 429 011c 05       		.byte	0x5
 430 011d 33       		.byte	0x33
 431 011e B8000000 		.4byte	0xb8
 432 0122 03       		.uleb128 0x3
 433 0123 5E040000 		.4byte	.LASF26
 434 0127 05       		.byte	0x5
 435 0128 35       		.byte	0x35
 436 0129 B8000000 		.4byte	0xb8
 437 012d 03       		.uleb128 0x3
 438 012e FE030000 		.4byte	.LASF27
 439 0132 06       		.byte	0x6
 440 0133 2A       		.byte	0x2a
 441 0134 38010000 		.4byte	0x138
 442 0138 05       		.uleb128 0x5
 443 0139 FE030000 		.4byte	.LASF27
 444 013d 48       		.byte	0x48
 445 013e 07       		.byte	0x7
 446 013f 5E       		.byte	0x5e
 447 0140 35020000 		.4byte	0x235
 448 0144 06       		.uleb128 0x6
 449 0145 E2030000 		.4byte	.LASF28
 450 0149 07       		.byte	0x7
ARM GAS  C:\Users\jsyoon\AppData\Local\Temp\ccTzxg6a.s 			page 9


 451 014a 5F       		.byte	0x5f
 452 014b 56020000 		.4byte	0x256
 453 014f 00       		.byte	0
 454 0150 06       		.uleb128 0x6
 455 0151 73030000 		.4byte	.LASF29
 456 0155 07       		.byte	0x7
 457 0156 61       		.byte	0x61
 458 0157 56020000 		.4byte	0x256
 459 015b 04       		.byte	0x4
 460 015c 06       		.uleb128 0x6
 461 015d 70000000 		.4byte	.LASF30
 462 0161 07       		.byte	0x7
 463 0162 63       		.byte	0x63
 464 0163 01010000 		.4byte	0x101
 465 0167 08       		.byte	0x8
 466 0168 06       		.uleb128 0x6
 467 0169 F3040000 		.4byte	.LASF31
 468 016d 07       		.byte	0x7
 469 016e 64       		.byte	0x64
 470 016f EB030000 		.4byte	0x3eb
 471 0173 0C       		.byte	0xc
 472 0174 06       		.uleb128 0x6
 473 0175 43020000 		.4byte	.LASF32
 474 0179 07       		.byte	0x7
 475 017a 66       		.byte	0x66
 476 017b 56020000 		.4byte	0x256
 477 017f 10       		.byte	0x10
 478 0180 06       		.uleb128 0x6
 479 0181 1F030000 		.4byte	.LASF33
 480 0185 07       		.byte	0x7
 481 0186 67       		.byte	0x67
 482 0187 56020000 		.4byte	0x256
 483 018b 14       		.byte	0x14
 484 018c 06       		.uleb128 0x6
 485 018d E4040000 		.4byte	.LASF34
 486 0191 07       		.byte	0x7
 487 0192 6E       		.byte	0x6e
 488 0193 AD050000 		.4byte	0x5ad
 489 0197 18       		.byte	0x18
 490 0198 06       		.uleb128 0x6
 491 0199 BD030000 		.4byte	.LASF35
 492 019d 07       		.byte	0x7
 493 019e 79       		.byte	0x79
 494 019f E0000000 		.4byte	0xe0
 495 01a3 1C       		.byte	0x1c
 496 01a4 06       		.uleb128 0x6
 497 01a5 E9030000 		.4byte	.LASF36
 498 01a9 07       		.byte	0x7
 499 01aa 7D       		.byte	0x7d
 500 01ab D5000000 		.4byte	0xd5
 501 01af 1D       		.byte	0x1d
 502 01b0 06       		.uleb128 0x6
 503 01b1 B7040000 		.4byte	.LASF37
 504 01b5 07       		.byte	0x7
 505 01b6 82       		.byte	0x82
 506 01b7 EB000000 		.4byte	0xeb
 507 01bb 1E       		.byte	0x1e
ARM GAS  C:\Users\jsyoon\AppData\Local\Temp\ccTzxg6a.s 			page 10


 508 01bc 06       		.uleb128 0x6
 509 01bd C5030000 		.4byte	.LASF38
 510 01c1 07       		.byte	0x7
 511 01c2 88       		.byte	0x88
 512 01c3 F6000000 		.4byte	0xf6
 513 01c7 1F       		.byte	0x1f
 514 01c8 06       		.uleb128 0x6
 515 01c9 85040000 		.4byte	.LASF39
 516 01cd 07       		.byte	0x7
 517 01ce 8F       		.byte	0x8f
 518 01cf 13040000 		.4byte	0x413
 519 01d3 20       		.byte	0x20
 520 01d4 07       		.uleb128 0x7
 521 01d5 705F7500 		.ascii	"p_u\000"
 522 01d9 07       		.byte	0x7
 523 01da B4       		.byte	0xb4
 524 01db 78050000 		.4byte	0x578
 525 01df 24       		.byte	0x24
 526 01e0 06       		.uleb128 0x6
 527 01e1 F9040000 		.4byte	.LASF40
 528 01e5 07       		.byte	0x7
 529 01e6 B9       		.byte	0xb9
 530 01e7 7C020000 		.4byte	0x27c
 531 01eb 28       		.byte	0x28
 532 01ec 06       		.uleb128 0x6
 533 01ed 93040000 		.4byte	.LASF41
 534 01f1 07       		.byte	0x7
 535 01f2 BF       		.byte	0xbf
 536 01f3 5C020000 		.4byte	0x25c
 537 01f7 2C       		.byte	0x2c
 538 01f8 06       		.uleb128 0x6
 539 01f9 08000000 		.4byte	.LASF42
 540 01fd 07       		.byte	0x7
 541 01fe C3       		.byte	0xc3
 542 01ff 0C010000 		.4byte	0x10c
 543 0203 34       		.byte	0x34
 544 0204 06       		.uleb128 0x6
 545 0205 11040000 		.4byte	.LASF43
 546 0209 07       		.byte	0x7
 547 020a C9       		.byte	0xc9
 548 020b 17010000 		.4byte	0x117
 549 020f 38       		.byte	0x38
 550 0210 06       		.uleb128 0x6
 551 0211 A9030000 		.4byte	.LASF44
 552 0215 07       		.byte	0x7
 553 0216 D0       		.byte	0xd0
 554 0217 BF050000 		.4byte	0x5bf
 555 021b 3C       		.byte	0x3c
 556 021c 06       		.uleb128 0x6
 557 021d 68040000 		.4byte	.LASF45
 558 0221 07       		.byte	0x7
 559 0222 D4       		.byte	0xd4
 560 0223 01010000 		.4byte	0x101
 561 0227 40       		.byte	0x40
 562 0228 06       		.uleb128 0x6
 563 0229 97000000 		.4byte	.LASF46
 564 022d 07       		.byte	0x7
ARM GAS  C:\Users\jsyoon\AppData\Local\Temp\ccTzxg6a.s 			page 11


 565 022e DA       		.byte	0xda
 566 022f 92020000 		.4byte	0x292
 567 0233 44       		.byte	0x44
 568 0234 00       		.byte	0
 569 0235 08       		.uleb128 0x8
 570 0236 08       		.byte	0x8
 571 0237 06       		.byte	0x6
 572 0238 61       		.byte	0x61
 573 0239 56020000 		.4byte	0x256
 574 023d 06       		.uleb128 0x6
 575 023e E2030000 		.4byte	.LASF28
 576 0242 06       		.byte	0x6
 577 0243 62       		.byte	0x62
 578 0244 56020000 		.4byte	0x256
 579 0248 00       		.byte	0
 580 0249 06       		.uleb128 0x6
 581 024a 73030000 		.4byte	.LASF29
 582 024e 06       		.byte	0x6
 583 024f 64       		.byte	0x64
 584 0250 56020000 		.4byte	0x256
 585 0254 04       		.byte	0x4
 586 0255 00       		.byte	0
 587 0256 09       		.uleb128 0x9
 588 0257 04       		.byte	0x4
 589 0258 2D010000 		.4byte	0x12d
 590 025c 03       		.uleb128 0x3
 591 025d 27030000 		.4byte	.LASF47
 592 0261 06       		.byte	0x6
 593 0262 66       		.byte	0x66
 594 0263 35020000 		.4byte	0x235
 595 0267 08       		.uleb128 0x8
 596 0268 04       		.byte	0x4
 597 0269 06       		.byte	0x6
 598 026a 6B       		.byte	0x6b
 599 026b 7C020000 		.4byte	0x27c
 600 026f 06       		.uleb128 0x6
 601 0270 E2030000 		.4byte	.LASF28
 602 0274 06       		.byte	0x6
 603 0275 6D       		.byte	0x6d
 604 0276 56020000 		.4byte	0x256
 605 027a 00       		.byte	0
 606 027b 00       		.byte	0
 607 027c 03       		.uleb128 0x3
 608 027d E1020000 		.4byte	.LASF48
 609 0281 06       		.byte	0x6
 610 0282 70       		.byte	0x70
 611 0283 67020000 		.4byte	0x267
 612 0287 03       		.uleb128 0x3
 613 0288 85020000 		.4byte	.LASF49
 614 028c 08       		.byte	0x8
 615 028d E5       		.byte	0xe5
 616 028e 92020000 		.4byte	0x292
 617 0292 0A       		.uleb128 0xa
 618 0293 04       		.byte	0x4
 619 0294 03       		.uleb128 0x3
 620 0295 0B030000 		.4byte	.LASF50
 621 0299 08       		.byte	0x8
ARM GAS  C:\Users\jsyoon\AppData\Local\Temp\ccTzxg6a.s 			page 12


 622 029a EB       		.byte	0xeb
 623 029b C3000000 		.4byte	0xc3
 624 029f 0B       		.uleb128 0xb
 625 02a0 8C040000 		.4byte	.LASF51
 626 02a4 64       		.byte	0x64
 627 02a5 08       		.byte	0x8
 628 02a6 0C01     		.2byte	0x10c
 629 02a8 EB030000 		.4byte	0x3eb
 630 02ac 0C       		.uleb128 0xc
 631 02ad 73313600 		.ascii	"s16\000"
 632 02b1 08       		.byte	0x8
 633 02b2 0E01     		.2byte	0x10e
 634 02b4 87020000 		.4byte	0x287
 635 02b8 00       		.byte	0
 636 02b9 0C       		.uleb128 0xc
 637 02ba 73313700 		.ascii	"s17\000"
 638 02be 08       		.byte	0x8
 639 02bf 0F01     		.2byte	0x10f
 640 02c1 87020000 		.4byte	0x287
 641 02c5 04       		.byte	0x4
 642 02c6 0C       		.uleb128 0xc
 643 02c7 73313800 		.ascii	"s18\000"
 644 02cb 08       		.byte	0x8
 645 02cc 1001     		.2byte	0x110
 646 02ce 87020000 		.4byte	0x287
 647 02d2 08       		.byte	0x8
 648 02d3 0C       		.uleb128 0xc
 649 02d4 73313900 		.ascii	"s19\000"
 650 02d8 08       		.byte	0x8
 651 02d9 1101     		.2byte	0x111
 652 02db 87020000 		.4byte	0x287
 653 02df 0C       		.byte	0xc
 654 02e0 0C       		.uleb128 0xc
 655 02e1 73323000 		.ascii	"s20\000"
 656 02e5 08       		.byte	0x8
 657 02e6 1201     		.2byte	0x112
 658 02e8 87020000 		.4byte	0x287
 659 02ec 10       		.byte	0x10
 660 02ed 0C       		.uleb128 0xc
 661 02ee 73323100 		.ascii	"s21\000"
 662 02f2 08       		.byte	0x8
 663 02f3 1301     		.2byte	0x113
 664 02f5 87020000 		.4byte	0x287
 665 02f9 14       		.byte	0x14
 666 02fa 0C       		.uleb128 0xc
 667 02fb 73323200 		.ascii	"s22\000"
 668 02ff 08       		.byte	0x8
 669 0300 1401     		.2byte	0x114
 670 0302 87020000 		.4byte	0x287
 671 0306 18       		.byte	0x18
 672 0307 0C       		.uleb128 0xc
 673 0308 73323300 		.ascii	"s23\000"
 674 030c 08       		.byte	0x8
 675 030d 1501     		.2byte	0x115
 676 030f 87020000 		.4byte	0x287
 677 0313 1C       		.byte	0x1c
 678 0314 0C       		.uleb128 0xc
ARM GAS  C:\Users\jsyoon\AppData\Local\Temp\ccTzxg6a.s 			page 13


 679 0315 73323400 		.ascii	"s24\000"
 680 0319 08       		.byte	0x8
 681 031a 1601     		.2byte	0x116
 682 031c 87020000 		.4byte	0x287
 683 0320 20       		.byte	0x20
 684 0321 0C       		.uleb128 0xc
 685 0322 73323500 		.ascii	"s25\000"
 686 0326 08       		.byte	0x8
 687 0327 1701     		.2byte	0x117
 688 0329 87020000 		.4byte	0x287
 689 032d 24       		.byte	0x24
 690 032e 0C       		.uleb128 0xc
 691 032f 73323600 		.ascii	"s26\000"
 692 0333 08       		.byte	0x8
 693 0334 1801     		.2byte	0x118
 694 0336 87020000 		.4byte	0x287
 695 033a 28       		.byte	0x28
 696 033b 0C       		.uleb128 0xc
 697 033c 73323700 		.ascii	"s27\000"
 698 0340 08       		.byte	0x8
 699 0341 1901     		.2byte	0x119
 700 0343 87020000 		.4byte	0x287
 701 0347 2C       		.byte	0x2c
 702 0348 0C       		.uleb128 0xc
 703 0349 73323800 		.ascii	"s28\000"
 704 034d 08       		.byte	0x8
 705 034e 1A01     		.2byte	0x11a
 706 0350 87020000 		.4byte	0x287
 707 0354 30       		.byte	0x30
 708 0355 0C       		.uleb128 0xc
 709 0356 73323900 		.ascii	"s29\000"
 710 035a 08       		.byte	0x8
 711 035b 1B01     		.2byte	0x11b
 712 035d 87020000 		.4byte	0x287
 713 0361 34       		.byte	0x34
 714 0362 0C       		.uleb128 0xc
 715 0363 73333000 		.ascii	"s30\000"
 716 0367 08       		.byte	0x8
 717 0368 1C01     		.2byte	0x11c
 718 036a 87020000 		.4byte	0x287
 719 036e 38       		.byte	0x38
 720 036f 0C       		.uleb128 0xc
 721 0370 73333100 		.ascii	"s31\000"
 722 0374 08       		.byte	0x8
 723 0375 1D01     		.2byte	0x11d
 724 0377 87020000 		.4byte	0x287
 725 037b 3C       		.byte	0x3c
 726 037c 0C       		.uleb128 0xc
 727 037d 723400   		.ascii	"r4\000"
 728 0380 08       		.byte	0x8
 729 0381 1F01     		.2byte	0x11f
 730 0383 87020000 		.4byte	0x287
 731 0387 40       		.byte	0x40
 732 0388 0C       		.uleb128 0xc
 733 0389 723500   		.ascii	"r5\000"
 734 038c 08       		.byte	0x8
 735 038d 2001     		.2byte	0x120
ARM GAS  C:\Users\jsyoon\AppData\Local\Temp\ccTzxg6a.s 			page 14


 736 038f 87020000 		.4byte	0x287
 737 0393 44       		.byte	0x44
 738 0394 0C       		.uleb128 0xc
 739 0395 723600   		.ascii	"r6\000"
 740 0398 08       		.byte	0x8
 741 0399 2101     		.2byte	0x121
 742 039b 87020000 		.4byte	0x287
 743 039f 48       		.byte	0x48
 744 03a0 0C       		.uleb128 0xc
 745 03a1 723700   		.ascii	"r7\000"
 746 03a4 08       		.byte	0x8
 747 03a5 2201     		.2byte	0x122
 748 03a7 87020000 		.4byte	0x287
 749 03ab 4C       		.byte	0x4c
 750 03ac 0C       		.uleb128 0xc
 751 03ad 723800   		.ascii	"r8\000"
 752 03b0 08       		.byte	0x8
 753 03b1 2301     		.2byte	0x123
 754 03b3 87020000 		.4byte	0x287
 755 03b7 50       		.byte	0x50
 756 03b8 0C       		.uleb128 0xc
 757 03b9 723900   		.ascii	"r9\000"
 758 03bc 08       		.byte	0x8
 759 03bd 2401     		.2byte	0x124
 760 03bf 87020000 		.4byte	0x287
 761 03c3 54       		.byte	0x54
 762 03c4 0C       		.uleb128 0xc
 763 03c5 72313000 		.ascii	"r10\000"
 764 03c9 08       		.byte	0x8
 765 03ca 2501     		.2byte	0x125
 766 03cc 87020000 		.4byte	0x287
 767 03d0 58       		.byte	0x58
 768 03d1 0C       		.uleb128 0xc
 769 03d2 72313100 		.ascii	"r11\000"
 770 03d6 08       		.byte	0x8
 771 03d7 2601     		.2byte	0x126
 772 03d9 87020000 		.4byte	0x287
 773 03dd 5C       		.byte	0x5c
 774 03de 0C       		.uleb128 0xc
 775 03df 6C7200   		.ascii	"lr\000"
 776 03e2 08       		.byte	0x8
 777 03e3 2701     		.2byte	0x127
 778 03e5 87020000 		.4byte	0x287
 779 03e9 60       		.byte	0x60
 780 03ea 00       		.byte	0
 781 03eb 0B       		.uleb128 0xb
 782 03ec B3020000 		.4byte	.LASF52
 783 03f0 04       		.byte	0x4
 784 03f1 08       		.byte	0x8
 785 03f2 3101     		.2byte	0x131
 786 03f4 06040000 		.4byte	0x406
 787 03f8 0C       		.uleb128 0xc
 788 03f9 72313300 		.ascii	"r13\000"
 789 03fd 08       		.byte	0x8
 790 03fe 3201     		.2byte	0x132
 791 0400 06040000 		.4byte	0x406
 792 0404 00       		.byte	0
ARM GAS  C:\Users\jsyoon\AppData\Local\Temp\ccTzxg6a.s 			page 15


 793 0405 00       		.byte	0
 794 0406 09       		.uleb128 0x9
 795 0407 04       		.byte	0x4
 796 0408 9F020000 		.4byte	0x29f
 797 040c 04       		.uleb128 0x4
 798 040d 04       		.byte	0x4
 799 040e 07       		.byte	0x7
 800 040f 16030000 		.4byte	.LASF53
 801 0413 0D       		.uleb128 0xd
 802 0414 22010000 		.4byte	0x122
 803 0418 05       		.uleb128 0x5
 804 0419 F9020000 		.4byte	.LASF54
 805 041d 10       		.byte	0x10
 806 041e 09       		.byte	0x9
 807 041f 2C       		.byte	0x2c
 808 0420 49040000 		.4byte	0x449
 809 0424 06       		.uleb128 0x6
 810 0425 9F000000 		.4byte	.LASF55
 811 0429 09       		.byte	0x9
 812 042a 2D       		.byte	0x2d
 813 042b 5C020000 		.4byte	0x25c
 814 042f 00       		.byte	0
 815 0430 06       		.uleb128 0x6
 816 0431 EB040000 		.4byte	.LASF56
 817 0435 09       		.byte	0x9
 818 0436 2F       		.byte	0x2f
 819 0437 56020000 		.4byte	0x256
 820 043b 08       		.byte	0x8
 821 043c 06       		.uleb128 0x6
 822 043d 57040000 		.4byte	.LASF57
 823 0441 09       		.byte	0x9
 824 0442 31       		.byte	0x31
 825 0443 49040000 		.4byte	0x449
 826 0447 0C       		.byte	0xc
 827 0448 00       		.byte	0
 828 0449 09       		.uleb128 0x9
 829 044a 04       		.byte	0x4
 830 044b 18040000 		.4byte	0x418
 831 044f 03       		.uleb128 0x3
 832 0450 F9020000 		.4byte	.LASF54
 833 0454 09       		.byte	0x9
 834 0455 33       		.byte	0x33
 835 0456 18040000 		.4byte	0x418
 836 045a 03       		.uleb128 0x3
 837 045b 3A000000 		.4byte	.LASF58
 838 045f 0A       		.byte	0xa
 839 0460 2C       		.byte	0x2c
 840 0461 65040000 		.4byte	0x465
 841 0465 09       		.uleb128 0x9
 842 0466 04       		.byte	0x4
 843 0467 6B040000 		.4byte	0x46b
 844 046b 0E       		.uleb128 0xe
 845 046c 92020000 		.4byte	0x292
 846 0470 7A040000 		.4byte	0x47a
 847 0474 0F       		.uleb128 0xf
 848 0475 2C000000 		.4byte	0x2c
 849 0479 00       		.byte	0
ARM GAS  C:\Users\jsyoon\AppData\Local\Temp\ccTzxg6a.s 			page 16


 850 047a 03       		.uleb128 0x3
 851 047b 48030000 		.4byte	.LASF59
 852 047f 0B       		.byte	0xb
 853 0480 34       		.byte	0x34
 854 0481 85040000 		.4byte	0x485
 855 0485 05       		.uleb128 0x5
 856 0486 03050000 		.4byte	.LASF60
 857 048a 20       		.byte	0x20
 858 048b 0B       		.byte	0xb
 859 048c 47       		.byte	0x47
 860 048d B6040000 		.4byte	0x4b6
 861 0491 06       		.uleb128 0x6
 862 0492 9E030000 		.4byte	.LASF61
 863 0496 0B       		.byte	0xb
 864 0497 48       		.byte	0x48
 865 0498 5A040000 		.4byte	0x45a
 866 049c 00       		.byte	0
 867 049d 06       		.uleb128 0x6
 868 049e 5E000000 		.4byte	.LASF62
 869 04a2 0B       		.byte	0xb
 870 04a3 4A       		.byte	0x4a
 871 04a4 D5040000 		.4byte	0x4d5
 872 04a8 08       		.byte	0x8
 873 04a9 06       		.uleb128 0x6
 874 04aa 91000000 		.4byte	.LASF63
 875 04ae 0B       		.byte	0xb
 876 04af 4C       		.byte	0x4c
 877 04b0 4F040000 		.4byte	0x44f
 878 04b4 10       		.byte	0x10
 879 04b5 00       		.byte	0
 880 04b6 10       		.uleb128 0x10
 881 04b7 04       		.byte	0x4
 882 04b8 0B       		.byte	0xb
 883 04b9 3C       		.byte	0x3c
 884 04ba D5040000 		.4byte	0x4d5
 885 04be 11       		.uleb128 0x11
 886 04bf 6B000000 		.4byte	.LASF64
 887 04c3 0B       		.byte	0xb
 888 04c4 3D       		.byte	0x3d
 889 04c5 F6040000 		.4byte	0x4f6
 890 04c9 11       		.uleb128 0x11
 891 04ca 4D040000 		.4byte	.LASF65
 892 04ce 0B       		.byte	0xb
 893 04cf 3E       		.byte	0x3e
 894 04d0 FC040000 		.4byte	0x4fc
 895 04d4 00       		.byte	0
 896 04d5 12       		.uleb128 0x12
 897 04d6 CF030000 		.4byte	.LASF95
 898 04da 08       		.byte	0x8
 899 04db 0B       		.byte	0xb
 900 04dc 39       		.byte	0x39
 901 04dd F6040000 		.4byte	0x4f6
 902 04e1 11       		.uleb128 0x11
 903 04e2 8E020000 		.4byte	.LASF66
 904 04e6 0B       		.byte	0xb
 905 04e7 3A       		.byte	0x3a
 906 04e8 94020000 		.4byte	0x294
ARM GAS  C:\Users\jsyoon\AppData\Local\Temp\ccTzxg6a.s 			page 17


 907 04ec 13       		.uleb128 0x13
 908 04ed 6800     		.ascii	"h\000"
 909 04ef 0B       		.byte	0xb
 910 04f0 41       		.byte	0x41
 911 04f1 02050000 		.4byte	0x502
 912 04f5 00       		.byte	0
 913 04f6 09       		.uleb128 0x9
 914 04f7 04       		.byte	0x4
 915 04f8 D5040000 		.4byte	0x4d5
 916 04fc 09       		.uleb128 0x9
 917 04fd 04       		.byte	0x4
 918 04fe 7A040000 		.4byte	0x47a
 919 0502 08       		.uleb128 0x8
 920 0503 08       		.byte	0x8
 921 0504 0B       		.byte	0xb
 922 0505 3B       		.byte	0x3b
 923 0506 21050000 		.4byte	0x521
 924 050a 07       		.uleb128 0x7
 925 050b 7500     		.ascii	"u\000"
 926 050d 0B       		.byte	0xb
 927 050e 3F       		.byte	0x3f
 928 050f B6040000 		.4byte	0x4b6
 929 0513 00       		.byte	0
 930 0514 06       		.uleb128 0x6
 931 0515 BB020000 		.4byte	.LASF67
 932 0519 0B       		.byte	0xb
 933 051a 40       		.byte	0x40
 934 051b 2C000000 		.4byte	0x2c
 935 051f 04       		.byte	0x4
 936 0520 00       		.byte	0
 937 0521 05       		.uleb128 0x5
 938 0522 AB040000 		.4byte	.LASF68
 939 0526 04       		.byte	0x4
 940 0527 0C       		.byte	0xc
 941 0528 2C       		.byte	0x2c
 942 0529 3A050000 		.4byte	0x53a
 943 052d 06       		.uleb128 0x6
 944 052e 5E030000 		.4byte	.LASF69
 945 0532 0C       		.byte	0xc
 946 0533 2D       		.byte	0x2d
 947 0534 3A050000 		.4byte	0x53a
 948 0538 00       		.byte	0
 949 0539 00       		.byte	0
 950 053a 09       		.uleb128 0x9
 951 053b 04       		.byte	0x4
 952 053c 21050000 		.4byte	0x521
 953 0540 08       		.uleb128 0x8
 954 0541 0C       		.byte	0xc
 955 0542 0C       		.byte	0xc
 956 0543 34       		.byte	0x34
 957 0544 6D050000 		.4byte	0x56d
 958 0548 06       		.uleb128 0x6
 959 0549 7D040000 		.4byte	.LASF70
 960 054d 0C       		.byte	0xc
 961 054e 35       		.byte	0x35
 962 054f 3A050000 		.4byte	0x53a
 963 0553 00       		.byte	0
ARM GAS  C:\Users\jsyoon\AppData\Local\Temp\ccTzxg6a.s 			page 18


 964 0554 06       		.uleb128 0x6
 965 0555 34030000 		.4byte	.LASF71
 966 0559 0C       		.byte	0xc
 967 055a 36       		.byte	0x36
 968 055b 2C000000 		.4byte	0x2c
 969 055f 04       		.byte	0x4
 970 0560 06       		.uleb128 0x6
 971 0561 79020000 		.4byte	.LASF72
 972 0565 0C       		.byte	0xc
 973 0566 38       		.byte	0x38
 974 0567 5A040000 		.4byte	0x45a
 975 056b 08       		.byte	0x8
 976 056c 00       		.byte	0
 977 056d 03       		.uleb128 0x3
 978 056e 2F000000 		.4byte	.LASF73
 979 0572 0C       		.byte	0xc
 980 0573 3A       		.byte	0x3a
 981 0574 40050000 		.4byte	0x540
 982 0578 10       		.uleb128 0x10
 983 0579 04       		.byte	0x4
 984 057a 07       		.byte	0x7
 985 057b 96       		.byte	0x96
 986 057c AD050000 		.4byte	0x5ad
 987 0580 11       		.uleb128 0x11
 988 0581 15000000 		.4byte	.LASF74
 989 0585 07       		.byte	0x7
 990 0586 9D       		.byte	0x9d
 991 0587 0C010000 		.4byte	0x10c
 992 058b 11       		.uleb128 0x11
 993 058c 65020000 		.4byte	.LASF75
 994 0590 07       		.byte	0x7
 995 0591 A4       		.byte	0xa4
 996 0592 0C010000 		.4byte	0x10c
 997 0596 11       		.uleb128 0x11
 998 0597 DD040000 		.4byte	.LASF76
 999 059b 07       		.byte	0x7
 1000 059c AB       		.byte	0xab
 1001 059d 92020000 		.4byte	0x292
 1002 05a1 11       		.uleb128 0x11
 1003 05a2 DB030000 		.4byte	.LASF77
 1004 05a6 07       		.byte	0x7
 1005 05a7 B2       		.byte	0xb2
 1006 05a8 17010000 		.4byte	0x117
 1007 05ac 00       		.byte	0
 1008 05ad 09       		.uleb128 0x9
 1009 05ae 04       		.byte	0x4
 1010 05af B3050000 		.4byte	0x5b3
 1011 05b3 14       		.uleb128 0x14
 1012 05b4 B8050000 		.4byte	0x5b8
 1013 05b8 04       		.uleb128 0x4
 1014 05b9 01       		.byte	0x1
 1015 05ba 08       		.byte	0x8
 1016 05bb 52040000 		.4byte	.LASF78
 1017 05bf 09       		.uleb128 0x9
 1018 05c0 04       		.byte	0x4
 1019 05c1 4F040000 		.4byte	0x44f
 1020 05c5 03       		.uleb128 0x3
ARM GAS  C:\Users\jsyoon\AppData\Local\Temp\ccTzxg6a.s 			page 19


 1021 05c6 00000000 		.4byte	.LASF79
 1022 05ca 07       		.byte	0x7
 1023 05cb E5       		.byte	0xe5
 1024 05cc D0050000 		.4byte	0x5d0
 1025 05d0 09       		.uleb128 0x9
 1026 05d1 04       		.byte	0x4
 1027 05d2 D6050000 		.4byte	0x5d6
 1028 05d6 0E       		.uleb128 0xe
 1029 05d7 0C010000 		.4byte	0x10c
 1030 05db E5050000 		.4byte	0x5e5
 1031 05df 0F       		.uleb128 0xf
 1032 05e0 92020000 		.4byte	0x292
 1033 05e4 00       		.byte	0
 1034 05e5 15       		.uleb128 0x15
 1035 05e6 FF020000 		.4byte	.LASF80
 1036 05ea 01       		.byte	0x1
 1037 05eb 34       		.byte	0x34
 1038 05ec 56020000 		.4byte	0x256
 1039 05f0 00000000 		.4byte	.LFB7
 1040 05f4 0C000000 		.4byte	.LFE7-.LFB7
 1041 05f8 01       		.uleb128 0x1
 1042 05f9 9C       		.byte	0x9c
 1043 05fa 0B060000 		.4byte	0x60b
 1044 05fe 16       		.uleb128 0x16
 1045 05ff 747000   		.ascii	"tp\000"
 1046 0602 01       		.byte	0x1
 1047 0603 34       		.byte	0x34
 1048 0604 56020000 		.4byte	0x256
 1049 0608 01       		.uleb128 0x1
 1050 0609 50       		.byte	0x50
 1051 060a 00       		.byte	0
 1052 060b 17       		.uleb128 0x17
 1053 060c F1030000 		.4byte	.LASF96
 1054 0610 01       		.byte	0x1
 1055 0611 4A       		.byte	0x4a
 1056 0612 00000000 		.4byte	.LFB8
 1057 0616 46000000 		.4byte	.LFE8-.LFB8
 1058 061a 01       		.uleb128 0x1
 1059 061b 9C       		.byte	0x9c
 1060 061c 5C060000 		.4byte	0x65c
 1061 0620 18       		.uleb128 0x18
 1062 0621 747000   		.ascii	"tp\000"
 1063 0624 01       		.byte	0x1
 1064 0625 4A       		.byte	0x4a
 1065 0626 56020000 		.4byte	0x256
 1066 062a 00000000 		.4byte	.LLST0
 1067 062e 19       		.uleb128 0x19
 1068 062f 6E030000 		.4byte	.LASF84
 1069 0633 01       		.byte	0x1
 1070 0634 4B       		.byte	0x4b
 1071 0635 EB000000 		.4byte	0xeb
 1072 0639 45000000 		.4byte	.LLST1
 1073 063d 1A       		.uleb128 0x1a
 1074 063e 36000000 		.4byte	.LVL4
 1075 0642 F5070000 		.4byte	0x7f5
 1076 0646 52060000 		.4byte	0x652
 1077 064a 1B       		.uleb128 0x1b
ARM GAS  C:\Users\jsyoon\AppData\Local\Temp\ccTzxg6a.s 			page 20


 1078 064b 01       		.uleb128 0x1
 1079 064c 50       		.byte	0x50
 1080 064d 03       		.uleb128 0x3
 1081 064e F3       		.byte	0xf3
 1082 064f 01       		.uleb128 0x1
 1083 0650 50       		.byte	0x50
 1084 0651 00       		.byte	0
 1085 0652 1C       		.uleb128 0x1c
 1086 0653 46000000 		.4byte	.LVL6
 1087 0657 06080000 		.4byte	0x806
 1088 065b 00       		.byte	0
 1089 065c 15       		.uleb128 0x15
 1090 065d 02010000 		.4byte	.LASF81
 1091 0661 01       		.byte	0x1
 1092 0662 82       		.byte	0x82
 1093 0663 56020000 		.4byte	0x256
 1094 0667 00000000 		.4byte	.LFB9
 1095 066b 34000000 		.4byte	.LFE9-.LFB9
 1096 066f 01       		.uleb128 0x1
 1097 0670 9C       		.byte	0x9c
 1098 0671 34070000 		.4byte	0x734
 1099 0675 1D       		.uleb128 0x1d
 1100 0676 65000000 		.4byte	.LASF82
 1101 067a 01       		.byte	0x1
 1102 067b 82       		.byte	0x82
 1103 067c FC040000 		.4byte	0x4fc
 1104 0680 58000000 		.4byte	.LLST2
 1105 0684 1D       		.uleb128 0x1d
 1106 0685 BB020000 		.4byte	.LASF67
 1107 0689 01       		.byte	0x1
 1108 068a 82       		.byte	0x82
 1109 068b 2C000000 		.4byte	0x2c
 1110 068f 79000000 		.4byte	.LLST3
 1111 0693 1D       		.uleb128 0x1d
 1112 0694 43030000 		.4byte	.LASF83
 1113 0698 01       		.byte	0x1
 1114 0699 83       		.byte	0x83
 1115 069a 01010000 		.4byte	0x101
 1116 069e 97000000 		.4byte	.LLST4
 1117 06a2 18       		.uleb128 0x18
 1118 06a3 706600   		.ascii	"pf\000"
 1119 06a6 01       		.byte	0x1
 1120 06a7 83       		.byte	0x83
 1121 06a8 C5050000 		.4byte	0x5c5
 1122 06ac B5000000 		.4byte	.LLST5
 1123 06b0 16       		.uleb128 0x16
 1124 06b1 61726700 		.ascii	"arg\000"
 1125 06b5 01       		.byte	0x1
 1126 06b6 83       		.byte	0x83
 1127 06b7 92020000 		.4byte	0x292
 1128 06bb 02       		.uleb128 0x2
 1129 06bc 91       		.byte	0x91
 1130 06bd 00       		.sleb128 0
 1131 06be 1E       		.uleb128 0x1e
 1132 06bf 77737000 		.ascii	"wsp\000"
 1133 06c3 01       		.byte	0x1
 1134 06c4 84       		.byte	0x84
ARM GAS  C:\Users\jsyoon\AppData\Local\Temp\ccTzxg6a.s 			page 21


 1135 06c5 92020000 		.4byte	0x292
 1136 06c9 D3000000 		.4byte	.LLST6
 1137 06cd 1E       		.uleb128 0x1e
 1138 06ce 747000   		.ascii	"tp\000"
 1139 06d1 01       		.byte	0x1
 1140 06d2 85       		.byte	0x85
 1141 06d3 56020000 		.4byte	0x256
 1142 06d7 E6000000 		.4byte	.LLST7
 1143 06db 1F       		.uleb128 0x1f
 1144 06dc 0E000000 		.4byte	.LVL8
 1145 06e0 1C080000 		.4byte	0x81c
 1146 06e4 F6060000 		.4byte	0x6f6
 1147 06e8 1B       		.uleb128 0x1b
 1148 06e9 01       		.uleb128 0x1
 1149 06ea 51       		.byte	0x51
 1150 06eb 02       		.uleb128 0x2
 1151 06ec 75       		.byte	0x75
 1152 06ed 00       		.sleb128 0
 1153 06ee 1B       		.uleb128 0x1b
 1154 06ef 01       		.uleb128 0x1
 1155 06f0 50       		.byte	0x50
 1156 06f1 03       		.uleb128 0x3
 1157 06f2 F3       		.byte	0xf3
 1158 06f3 01       		.uleb128 0x1
 1159 06f4 50       		.byte	0x50
 1160 06f5 00       		.byte	0
 1161 06f6 1F       		.uleb128 0x1f
 1162 06f7 20000000 		.4byte	.LVL9
 1163 06fb 36080000 		.4byte	0x836
 1164 06ff 1E070000 		.4byte	0x71e
 1165 0703 1B       		.uleb128 0x1b
 1166 0704 01       		.uleb128 0x1
 1167 0705 53       		.byte	0x53
 1168 0706 02       		.uleb128 0x2
 1169 0707 76       		.byte	0x76
 1170 0708 00       		.sleb128 0
 1171 0709 1B       		.uleb128 0x1b
 1172 070a 01       		.uleb128 0x1
 1173 070b 52       		.byte	0x52
 1174 070c 02       		.uleb128 0x2
 1175 070d 77       		.byte	0x77
 1176 070e 00       		.sleb128 0
 1177 070f 1B       		.uleb128 0x1b
 1178 0710 01       		.uleb128 0x1
 1179 0711 51       		.byte	0x51
 1180 0712 02       		.uleb128 0x2
 1181 0713 75       		.byte	0x75
 1182 0714 00       		.sleb128 0
 1183 0715 1B       		.uleb128 0x1b
 1184 0716 02       		.uleb128 0x2
 1185 0717 7D       		.byte	0x7d
 1186 0718 00       		.sleb128 0
 1187 0719 03       		.uleb128 0x3
 1188 071a 91       		.byte	0x91
 1189 071b 00       		.sleb128 0
 1190 071c 06       		.byte	0x6
 1191 071d 00       		.byte	0
ARM GAS  C:\Users\jsyoon\AppData\Local\Temp\ccTzxg6a.s 			page 22


 1192 071e 20       		.uleb128 0x20
 1193 071f 2C000000 		.4byte	.LVL11
 1194 0723 60080000 		.4byte	0x860
 1195 0727 1B       		.uleb128 0x1b
 1196 0728 01       		.uleb128 0x1
 1197 0729 51       		.byte	0x51
 1198 072a 01       		.uleb128 0x1
 1199 072b 30       		.byte	0x30
 1200 072c 1B       		.uleb128 0x1b
 1201 072d 01       		.uleb128 0x1
 1202 072e 50       		.byte	0x50
 1203 072f 02       		.uleb128 0x2
 1204 0730 74       		.byte	0x74
 1205 0731 00       		.sleb128 0
 1206 0732 00       		.byte	0
 1207 0733 00       		.byte	0
 1208 0734 15       		.uleb128 0x15
 1209 0735 4B020000 		.4byte	.LASF85
 1210 0739 01       		.byte	0x1
 1211 073a B3       		.byte	0xb3
 1212 073b 56020000 		.4byte	0x256
 1213 073f 00000000 		.4byte	.LFB10
 1214 0743 36000000 		.4byte	.LFE10-.LFB10
 1215 0747 01       		.uleb128 0x1
 1216 0748 9C       		.byte	0x9c
 1217 0749 EF070000 		.4byte	0x7ef
 1218 074d 18       		.uleb128 0x18
 1219 074e 6D7000   		.ascii	"mp\000"
 1220 0751 01       		.byte	0x1
 1221 0752 B3       		.byte	0xb3
 1222 0753 EF070000 		.4byte	0x7ef
 1223 0757 04010000 		.4byte	.LLST8
 1224 075b 1D       		.uleb128 0x1d
 1225 075c 43030000 		.4byte	.LASF83
 1226 0760 01       		.byte	0x1
 1227 0761 B3       		.byte	0xb3
 1228 0762 01010000 		.4byte	0x101
 1229 0766 22010000 		.4byte	.LLST9
 1230 076a 18       		.uleb128 0x18
 1231 076b 706600   		.ascii	"pf\000"
 1232 076e 01       		.byte	0x1
 1233 076f B4       		.byte	0xb4
 1234 0770 C5050000 		.4byte	0x5c5
 1235 0774 40010000 		.4byte	.LLST10
 1236 0778 18       		.uleb128 0x18
 1237 0779 61726700 		.ascii	"arg\000"
 1238 077d 01       		.byte	0x1
 1239 077e B4       		.byte	0xb4
 1240 077f 92020000 		.4byte	0x292
 1241 0783 5E010000 		.4byte	.LLST11
 1242 0787 1E       		.uleb128 0x1e
 1243 0788 77737000 		.ascii	"wsp\000"
 1244 078c 01       		.byte	0x1
 1245 078d B5       		.byte	0xb5
 1246 078e 92020000 		.4byte	0x292
 1247 0792 8A010000 		.4byte	.LLST12
 1248 0796 1E       		.uleb128 0x1e
ARM GAS  C:\Users\jsyoon\AppData\Local\Temp\ccTzxg6a.s 			page 23


 1249 0797 747000   		.ascii	"tp\000"
 1250 079a 01       		.byte	0x1
 1251 079b B6       		.byte	0xb6
 1252 079c 56020000 		.4byte	0x256
 1253 07a0 9D010000 		.4byte	.LLST13
 1254 07a4 1F       		.uleb128 0x1f
 1255 07a5 10000000 		.4byte	.LVL14
 1256 07a9 76080000 		.4byte	0x876
 1257 07ad B8070000 		.4byte	0x7b8
 1258 07b1 1B       		.uleb128 0x1b
 1259 07b2 01       		.uleb128 0x1
 1260 07b3 50       		.byte	0x50
 1261 07b4 02       		.uleb128 0x2
 1262 07b5 75       		.byte	0x75
 1263 07b6 00       		.sleb128 0
 1264 07b7 00       		.byte	0
 1265 07b8 1F       		.uleb128 0x1f
 1266 07b9 20000000 		.4byte	.LVL15
 1267 07bd 36080000 		.4byte	0x836
 1268 07c1 D9070000 		.4byte	0x7d9
 1269 07c5 1B       		.uleb128 0x1b
 1270 07c6 01       		.uleb128 0x1
 1271 07c7 53       		.byte	0x53
 1272 07c8 02       		.uleb128 0x2
 1273 07c9 76       		.byte	0x76
 1274 07ca 00       		.sleb128 0
 1275 07cb 1B       		.uleb128 0x1b
 1276 07cc 01       		.uleb128 0x1
 1277 07cd 52       		.byte	0x52
 1278 07ce 02       		.uleb128 0x2
 1279 07cf 77       		.byte	0x77
 1280 07d0 00       		.sleb128 0
 1281 07d1 1B       		.uleb128 0x1b
 1282 07d2 02       		.uleb128 0x2
 1283 07d3 7D       		.byte	0x7d
 1284 07d4 00       		.sleb128 0
 1285 07d5 02       		.uleb128 0x2
 1286 07d6 74       		.byte	0x74
 1287 07d7 00       		.sleb128 0
 1288 07d8 00       		.byte	0
 1289 07d9 20       		.uleb128 0x20
 1290 07da 2E000000 		.4byte	.LVL17
 1291 07de 60080000 		.4byte	0x860
 1292 07e2 1B       		.uleb128 0x1b
 1293 07e3 01       		.uleb128 0x1
 1294 07e4 51       		.byte	0x51
 1295 07e5 01       		.uleb128 0x1
 1296 07e6 30       		.byte	0x30
 1297 07e7 1B       		.uleb128 0x1b
 1298 07e8 01       		.uleb128 0x1
 1299 07e9 50       		.byte	0x50
 1300 07ea 02       		.uleb128 0x2
 1301 07eb 74       		.byte	0x74
 1302 07ec 00       		.sleb128 0
 1303 07ed 00       		.byte	0
 1304 07ee 00       		.byte	0
 1305 07ef 09       		.uleb128 0x9
ARM GAS  C:\Users\jsyoon\AppData\Local\Temp\ccTzxg6a.s 			page 24


 1306 07f0 04       		.byte	0x4
 1307 07f1 6D050000 		.4byte	0x56d
 1308 07f5 21       		.uleb128 0x21
 1309 07f6 A7000000 		.4byte	.LASF86
 1310 07fa 0B       		.byte	0xb
 1311 07fb 5A       		.byte	0x5a
 1312 07fc 06080000 		.4byte	0x806
 1313 0800 0F       		.uleb128 0xf
 1314 0801 92020000 		.4byte	0x292
 1315 0805 00       		.byte	0
 1316 0806 21       		.uleb128 0x21
 1317 0807 D2040000 		.4byte	.LASF87
 1318 080b 0C       		.byte	0xc
 1319 080c 84       		.byte	0x84
 1320 080d 1C080000 		.4byte	0x81c
 1321 0811 0F       		.uleb128 0xf
 1322 0812 EF070000 		.4byte	0x7ef
 1323 0816 0F       		.uleb128 0xf
 1324 0817 92020000 		.4byte	0x292
 1325 081b 00       		.byte	0
 1326 081c 22       		.uleb128 0x22
 1327 081d 05040000 		.4byte	.LASF88
 1328 0821 0B       		.byte	0xb
 1329 0822 59       		.byte	0x59
 1330 0823 92020000 		.4byte	0x292
 1331 0827 36080000 		.4byte	0x836
 1332 082b 0F       		.uleb128 0xf
 1333 082c FC040000 		.4byte	0x4fc
 1334 0830 0F       		.uleb128 0xf
 1335 0831 2C000000 		.4byte	0x2c
 1336 0835 00       		.byte	0
 1337 0836 23       		.uleb128 0x23
 1338 0837 BC000000 		.4byte	.LASF89
 1339 083b 07       		.byte	0x7
 1340 083c 6E01     		.2byte	0x16e
 1341 083e 56020000 		.4byte	0x256
 1342 0842 60080000 		.4byte	0x860
 1343 0846 0F       		.uleb128 0xf
 1344 0847 92020000 		.4byte	0x292
 1345 084b 0F       		.uleb128 0xf
 1346 084c 2C000000 		.4byte	0x2c
 1347 0850 0F       		.uleb128 0xf
 1348 0851 01010000 		.4byte	0x101
 1349 0855 0F       		.uleb128 0xf
 1350 0856 C5050000 		.4byte	0x5c5
 1351 085a 0F       		.uleb128 0xf
 1352 085b 92020000 		.4byte	0x292
 1353 085f 00       		.byte	0
 1354 0860 21       		.uleb128 0x21
 1355 0861 9E040000 		.4byte	.LASF90
 1356 0865 0D       		.byte	0xd
 1357 0866 99       		.byte	0x99
 1358 0867 76080000 		.4byte	0x876
 1359 086b 0F       		.uleb128 0xf
 1360 086c 56020000 		.4byte	0x256
 1361 0870 0F       		.uleb128 0xf
 1362 0871 0C010000 		.4byte	0x10c
ARM GAS  C:\Users\jsyoon\AppData\Local\Temp\ccTzxg6a.s 			page 25


 1363 0875 00       		.byte	0
 1364 0876 24       		.uleb128 0x24
 1365 0877 C6040000 		.4byte	.LASF91
 1366 087b 0C       		.byte	0xc
 1367 087c 82       		.byte	0x82
 1368 087d 92020000 		.4byte	0x292
 1369 0881 0F       		.uleb128 0xf
 1370 0882 EF070000 		.4byte	0x7ef
 1371 0886 00       		.byte	0
 1372 0887 00       		.byte	0
 1373              		.section	.debug_abbrev,"",%progbits
 1374              	.Ldebug_abbrev0:
 1375 0000 01       		.uleb128 0x1
 1376 0001 11       		.uleb128 0x11
 1377 0002 01       		.byte	0x1
 1378 0003 25       		.uleb128 0x25
 1379 0004 0E       		.uleb128 0xe
 1380 0005 13       		.uleb128 0x13
 1381 0006 0B       		.uleb128 0xb
 1382 0007 03       		.uleb128 0x3
 1383 0008 0E       		.uleb128 0xe
 1384 0009 1B       		.uleb128 0x1b
 1385 000a 0E       		.uleb128 0xe
 1386 000b 55       		.uleb128 0x55
 1387 000c 17       		.uleb128 0x17
 1388 000d 11       		.uleb128 0x11
 1389 000e 01       		.uleb128 0x1
 1390 000f 10       		.uleb128 0x10
 1391 0010 17       		.uleb128 0x17
 1392 0011 00       		.byte	0
 1393 0012 00       		.byte	0
 1394 0013 02       		.uleb128 0x2
 1395 0014 24       		.uleb128 0x24
 1396 0015 00       		.byte	0
 1397 0016 0B       		.uleb128 0xb
 1398 0017 0B       		.uleb128 0xb
 1399 0018 3E       		.uleb128 0x3e
 1400 0019 0B       		.uleb128 0xb
 1401 001a 03       		.uleb128 0x3
 1402 001b 08       		.uleb128 0x8
 1403 001c 00       		.byte	0
 1404 001d 00       		.byte	0
 1405 001e 03       		.uleb128 0x3
 1406 001f 16       		.uleb128 0x16
 1407 0020 00       		.byte	0
 1408 0021 03       		.uleb128 0x3
 1409 0022 0E       		.uleb128 0xe
 1410 0023 3A       		.uleb128 0x3a
 1411 0024 0B       		.uleb128 0xb
 1412 0025 3B       		.uleb128 0x3b
 1413 0026 0B       		.uleb128 0xb
 1414 0027 49       		.uleb128 0x49
 1415 0028 13       		.uleb128 0x13
 1416 0029 00       		.byte	0
 1417 002a 00       		.byte	0
 1418 002b 04       		.uleb128 0x4
 1419 002c 24       		.uleb128 0x24
ARM GAS  C:\Users\jsyoon\AppData\Local\Temp\ccTzxg6a.s 			page 26


 1420 002d 00       		.byte	0
 1421 002e 0B       		.uleb128 0xb
 1422 002f 0B       		.uleb128 0xb
 1423 0030 3E       		.uleb128 0x3e
 1424 0031 0B       		.uleb128 0xb
 1425 0032 03       		.uleb128 0x3
 1426 0033 0E       		.uleb128 0xe
 1427 0034 00       		.byte	0
 1428 0035 00       		.byte	0
 1429 0036 05       		.uleb128 0x5
 1430 0037 13       		.uleb128 0x13
 1431 0038 01       		.byte	0x1
 1432 0039 03       		.uleb128 0x3
 1433 003a 0E       		.uleb128 0xe
 1434 003b 0B       		.uleb128 0xb
 1435 003c 0B       		.uleb128 0xb
 1436 003d 3A       		.uleb128 0x3a
 1437 003e 0B       		.uleb128 0xb
 1438 003f 3B       		.uleb128 0x3b
 1439 0040 0B       		.uleb128 0xb
 1440 0041 01       		.uleb128 0x1
 1441 0042 13       		.uleb128 0x13
 1442 0043 00       		.byte	0
 1443 0044 00       		.byte	0
 1444 0045 06       		.uleb128 0x6
 1445 0046 0D       		.uleb128 0xd
 1446 0047 00       		.byte	0
 1447 0048 03       		.uleb128 0x3
 1448 0049 0E       		.uleb128 0xe
 1449 004a 3A       		.uleb128 0x3a
 1450 004b 0B       		.uleb128 0xb
 1451 004c 3B       		.uleb128 0x3b
 1452 004d 0B       		.uleb128 0xb
 1453 004e 49       		.uleb128 0x49
 1454 004f 13       		.uleb128 0x13
 1455 0050 38       		.uleb128 0x38
 1456 0051 0B       		.uleb128 0xb
 1457 0052 00       		.byte	0
 1458 0053 00       		.byte	0
 1459 0054 07       		.uleb128 0x7
 1460 0055 0D       		.uleb128 0xd
 1461 0056 00       		.byte	0
 1462 0057 03       		.uleb128 0x3
 1463 0058 08       		.uleb128 0x8
 1464 0059 3A       		.uleb128 0x3a
 1465 005a 0B       		.uleb128 0xb
 1466 005b 3B       		.uleb128 0x3b
 1467 005c 0B       		.uleb128 0xb
 1468 005d 49       		.uleb128 0x49
 1469 005e 13       		.uleb128 0x13
 1470 005f 38       		.uleb128 0x38
 1471 0060 0B       		.uleb128 0xb
 1472 0061 00       		.byte	0
 1473 0062 00       		.byte	0
 1474 0063 08       		.uleb128 0x8
 1475 0064 13       		.uleb128 0x13
 1476 0065 01       		.byte	0x1
ARM GAS  C:\Users\jsyoon\AppData\Local\Temp\ccTzxg6a.s 			page 27


 1477 0066 0B       		.uleb128 0xb
 1478 0067 0B       		.uleb128 0xb
 1479 0068 3A       		.uleb128 0x3a
 1480 0069 0B       		.uleb128 0xb
 1481 006a 3B       		.uleb128 0x3b
 1482 006b 0B       		.uleb128 0xb
 1483 006c 01       		.uleb128 0x1
 1484 006d 13       		.uleb128 0x13
 1485 006e 00       		.byte	0
 1486 006f 00       		.byte	0
 1487 0070 09       		.uleb128 0x9
 1488 0071 0F       		.uleb128 0xf
 1489 0072 00       		.byte	0
 1490 0073 0B       		.uleb128 0xb
 1491 0074 0B       		.uleb128 0xb
 1492 0075 49       		.uleb128 0x49
 1493 0076 13       		.uleb128 0x13
 1494 0077 00       		.byte	0
 1495 0078 00       		.byte	0
 1496 0079 0A       		.uleb128 0xa
 1497 007a 0F       		.uleb128 0xf
 1498 007b 00       		.byte	0
 1499 007c 0B       		.uleb128 0xb
 1500 007d 0B       		.uleb128 0xb
 1501 007e 00       		.byte	0
 1502 007f 00       		.byte	0
 1503 0080 0B       		.uleb128 0xb
 1504 0081 13       		.uleb128 0x13
 1505 0082 01       		.byte	0x1
 1506 0083 03       		.uleb128 0x3
 1507 0084 0E       		.uleb128 0xe
 1508 0085 0B       		.uleb128 0xb
 1509 0086 0B       		.uleb128 0xb
 1510 0087 3A       		.uleb128 0x3a
 1511 0088 0B       		.uleb128 0xb
 1512 0089 3B       		.uleb128 0x3b
 1513 008a 05       		.uleb128 0x5
 1514 008b 01       		.uleb128 0x1
 1515 008c 13       		.uleb128 0x13
 1516 008d 00       		.byte	0
 1517 008e 00       		.byte	0
 1518 008f 0C       		.uleb128 0xc
 1519 0090 0D       		.uleb128 0xd
 1520 0091 00       		.byte	0
 1521 0092 03       		.uleb128 0x3
 1522 0093 08       		.uleb128 0x8
 1523 0094 3A       		.uleb128 0x3a
 1524 0095 0B       		.uleb128 0xb
 1525 0096 3B       		.uleb128 0x3b
 1526 0097 05       		.uleb128 0x5
 1527 0098 49       		.uleb128 0x49
 1528 0099 13       		.uleb128 0x13
 1529 009a 38       		.uleb128 0x38
 1530 009b 0B       		.uleb128 0xb
 1531 009c 00       		.byte	0
 1532 009d 00       		.byte	0
 1533 009e 0D       		.uleb128 0xd
ARM GAS  C:\Users\jsyoon\AppData\Local\Temp\ccTzxg6a.s 			page 28


 1534 009f 35       		.uleb128 0x35
 1535 00a0 00       		.byte	0
 1536 00a1 49       		.uleb128 0x49
 1537 00a2 13       		.uleb128 0x13
 1538 00a3 00       		.byte	0
 1539 00a4 00       		.byte	0
 1540 00a5 0E       		.uleb128 0xe
 1541 00a6 15       		.uleb128 0x15
 1542 00a7 01       		.byte	0x1
 1543 00a8 27       		.uleb128 0x27
 1544 00a9 19       		.uleb128 0x19
 1545 00aa 49       		.uleb128 0x49
 1546 00ab 13       		.uleb128 0x13
 1547 00ac 01       		.uleb128 0x1
 1548 00ad 13       		.uleb128 0x13
 1549 00ae 00       		.byte	0
 1550 00af 00       		.byte	0
 1551 00b0 0F       		.uleb128 0xf
 1552 00b1 05       		.uleb128 0x5
 1553 00b2 00       		.byte	0
 1554 00b3 49       		.uleb128 0x49
 1555 00b4 13       		.uleb128 0x13
 1556 00b5 00       		.byte	0
 1557 00b6 00       		.byte	0
 1558 00b7 10       		.uleb128 0x10
 1559 00b8 17       		.uleb128 0x17
 1560 00b9 01       		.byte	0x1
 1561 00ba 0B       		.uleb128 0xb
 1562 00bb 0B       		.uleb128 0xb
 1563 00bc 3A       		.uleb128 0x3a
 1564 00bd 0B       		.uleb128 0xb
 1565 00be 3B       		.uleb128 0x3b
 1566 00bf 0B       		.uleb128 0xb
 1567 00c0 01       		.uleb128 0x1
 1568 00c1 13       		.uleb128 0x13
 1569 00c2 00       		.byte	0
 1570 00c3 00       		.byte	0
 1571 00c4 11       		.uleb128 0x11
 1572 00c5 0D       		.uleb128 0xd
 1573 00c6 00       		.byte	0
 1574 00c7 03       		.uleb128 0x3
 1575 00c8 0E       		.uleb128 0xe
 1576 00c9 3A       		.uleb128 0x3a
 1577 00ca 0B       		.uleb128 0xb
 1578 00cb 3B       		.uleb128 0x3b
 1579 00cc 0B       		.uleb128 0xb
 1580 00cd 49       		.uleb128 0x49
 1581 00ce 13       		.uleb128 0x13
 1582 00cf 00       		.byte	0
 1583 00d0 00       		.byte	0
 1584 00d1 12       		.uleb128 0x12
 1585 00d2 17       		.uleb128 0x17
 1586 00d3 01       		.byte	0x1
 1587 00d4 03       		.uleb128 0x3
 1588 00d5 0E       		.uleb128 0xe
 1589 00d6 0B       		.uleb128 0xb
 1590 00d7 0B       		.uleb128 0xb
ARM GAS  C:\Users\jsyoon\AppData\Local\Temp\ccTzxg6a.s 			page 29


 1591 00d8 3A       		.uleb128 0x3a
 1592 00d9 0B       		.uleb128 0xb
 1593 00da 3B       		.uleb128 0x3b
 1594 00db 0B       		.uleb128 0xb
 1595 00dc 01       		.uleb128 0x1
 1596 00dd 13       		.uleb128 0x13
 1597 00de 00       		.byte	0
 1598 00df 00       		.byte	0
 1599 00e0 13       		.uleb128 0x13
 1600 00e1 0D       		.uleb128 0xd
 1601 00e2 00       		.byte	0
 1602 00e3 03       		.uleb128 0x3
 1603 00e4 08       		.uleb128 0x8
 1604 00e5 3A       		.uleb128 0x3a
 1605 00e6 0B       		.uleb128 0xb
 1606 00e7 3B       		.uleb128 0x3b
 1607 00e8 0B       		.uleb128 0xb
 1608 00e9 49       		.uleb128 0x49
 1609 00ea 13       		.uleb128 0x13
 1610 00eb 00       		.byte	0
 1611 00ec 00       		.byte	0
 1612 00ed 14       		.uleb128 0x14
 1613 00ee 26       		.uleb128 0x26
 1614 00ef 00       		.byte	0
 1615 00f0 49       		.uleb128 0x49
 1616 00f1 13       		.uleb128 0x13
 1617 00f2 00       		.byte	0
 1618 00f3 00       		.byte	0
 1619 00f4 15       		.uleb128 0x15
 1620 00f5 2E       		.uleb128 0x2e
 1621 00f6 01       		.byte	0x1
 1622 00f7 3F       		.uleb128 0x3f
 1623 00f8 19       		.uleb128 0x19
 1624 00f9 03       		.uleb128 0x3
 1625 00fa 0E       		.uleb128 0xe
 1626 00fb 3A       		.uleb128 0x3a
 1627 00fc 0B       		.uleb128 0xb
 1628 00fd 3B       		.uleb128 0x3b
 1629 00fe 0B       		.uleb128 0xb
 1630 00ff 27       		.uleb128 0x27
 1631 0100 19       		.uleb128 0x19
 1632 0101 49       		.uleb128 0x49
 1633 0102 13       		.uleb128 0x13
 1634 0103 11       		.uleb128 0x11
 1635 0104 01       		.uleb128 0x1
 1636 0105 12       		.uleb128 0x12
 1637 0106 06       		.uleb128 0x6
 1638 0107 40       		.uleb128 0x40
 1639 0108 18       		.uleb128 0x18
 1640 0109 9742     		.uleb128 0x2117
 1641 010b 19       		.uleb128 0x19
 1642 010c 01       		.uleb128 0x1
 1643 010d 13       		.uleb128 0x13
 1644 010e 00       		.byte	0
 1645 010f 00       		.byte	0
 1646 0110 16       		.uleb128 0x16
 1647 0111 05       		.uleb128 0x5
ARM GAS  C:\Users\jsyoon\AppData\Local\Temp\ccTzxg6a.s 			page 30


 1648 0112 00       		.byte	0
 1649 0113 03       		.uleb128 0x3
 1650 0114 08       		.uleb128 0x8
 1651 0115 3A       		.uleb128 0x3a
 1652 0116 0B       		.uleb128 0xb
 1653 0117 3B       		.uleb128 0x3b
 1654 0118 0B       		.uleb128 0xb
 1655 0119 49       		.uleb128 0x49
 1656 011a 13       		.uleb128 0x13
 1657 011b 02       		.uleb128 0x2
 1658 011c 18       		.uleb128 0x18
 1659 011d 00       		.byte	0
 1660 011e 00       		.byte	0
 1661 011f 17       		.uleb128 0x17
 1662 0120 2E       		.uleb128 0x2e
 1663 0121 01       		.byte	0x1
 1664 0122 3F       		.uleb128 0x3f
 1665 0123 19       		.uleb128 0x19
 1666 0124 03       		.uleb128 0x3
 1667 0125 0E       		.uleb128 0xe
 1668 0126 3A       		.uleb128 0x3a
 1669 0127 0B       		.uleb128 0xb
 1670 0128 3B       		.uleb128 0x3b
 1671 0129 0B       		.uleb128 0xb
 1672 012a 27       		.uleb128 0x27
 1673 012b 19       		.uleb128 0x19
 1674 012c 11       		.uleb128 0x11
 1675 012d 01       		.uleb128 0x1
 1676 012e 12       		.uleb128 0x12
 1677 012f 06       		.uleb128 0x6
 1678 0130 40       		.uleb128 0x40
 1679 0131 18       		.uleb128 0x18
 1680 0132 9742     		.uleb128 0x2117
 1681 0134 19       		.uleb128 0x19
 1682 0135 01       		.uleb128 0x1
 1683 0136 13       		.uleb128 0x13
 1684 0137 00       		.byte	0
 1685 0138 00       		.byte	0
 1686 0139 18       		.uleb128 0x18
 1687 013a 05       		.uleb128 0x5
 1688 013b 00       		.byte	0
 1689 013c 03       		.uleb128 0x3
 1690 013d 08       		.uleb128 0x8
 1691 013e 3A       		.uleb128 0x3a
 1692 013f 0B       		.uleb128 0xb
 1693 0140 3B       		.uleb128 0x3b
 1694 0141 0B       		.uleb128 0xb
 1695 0142 49       		.uleb128 0x49
 1696 0143 13       		.uleb128 0x13
 1697 0144 02       		.uleb128 0x2
 1698 0145 17       		.uleb128 0x17
 1699 0146 00       		.byte	0
 1700 0147 00       		.byte	0
 1701 0148 19       		.uleb128 0x19
 1702 0149 34       		.uleb128 0x34
 1703 014a 00       		.byte	0
 1704 014b 03       		.uleb128 0x3
ARM GAS  C:\Users\jsyoon\AppData\Local\Temp\ccTzxg6a.s 			page 31


 1705 014c 0E       		.uleb128 0xe
 1706 014d 3A       		.uleb128 0x3a
 1707 014e 0B       		.uleb128 0xb
 1708 014f 3B       		.uleb128 0x3b
 1709 0150 0B       		.uleb128 0xb
 1710 0151 49       		.uleb128 0x49
 1711 0152 13       		.uleb128 0x13
 1712 0153 02       		.uleb128 0x2
 1713 0154 17       		.uleb128 0x17
 1714 0155 00       		.byte	0
 1715 0156 00       		.byte	0
 1716 0157 1A       		.uleb128 0x1a
 1717 0158 898201   		.uleb128 0x4109
 1718 015b 01       		.byte	0x1
 1719 015c 11       		.uleb128 0x11
 1720 015d 01       		.uleb128 0x1
 1721 015e 9542     		.uleb128 0x2115
 1722 0160 19       		.uleb128 0x19
 1723 0161 31       		.uleb128 0x31
 1724 0162 13       		.uleb128 0x13
 1725 0163 01       		.uleb128 0x1
 1726 0164 13       		.uleb128 0x13
 1727 0165 00       		.byte	0
 1728 0166 00       		.byte	0
 1729 0167 1B       		.uleb128 0x1b
 1730 0168 8A8201   		.uleb128 0x410a
 1731 016b 00       		.byte	0
 1732 016c 02       		.uleb128 0x2
 1733 016d 18       		.uleb128 0x18
 1734 016e 9142     		.uleb128 0x2111
 1735 0170 18       		.uleb128 0x18
 1736 0171 00       		.byte	0
 1737 0172 00       		.byte	0
 1738 0173 1C       		.uleb128 0x1c
 1739 0174 898201   		.uleb128 0x4109
 1740 0177 00       		.byte	0
 1741 0178 11       		.uleb128 0x11
 1742 0179 01       		.uleb128 0x1
 1743 017a 9542     		.uleb128 0x2115
 1744 017c 19       		.uleb128 0x19
 1745 017d 31       		.uleb128 0x31
 1746 017e 13       		.uleb128 0x13
 1747 017f 00       		.byte	0
 1748 0180 00       		.byte	0
 1749 0181 1D       		.uleb128 0x1d
 1750 0182 05       		.uleb128 0x5
 1751 0183 00       		.byte	0
 1752 0184 03       		.uleb128 0x3
 1753 0185 0E       		.uleb128 0xe
 1754 0186 3A       		.uleb128 0x3a
 1755 0187 0B       		.uleb128 0xb
 1756 0188 3B       		.uleb128 0x3b
 1757 0189 0B       		.uleb128 0xb
 1758 018a 49       		.uleb128 0x49
 1759 018b 13       		.uleb128 0x13
 1760 018c 02       		.uleb128 0x2
 1761 018d 17       		.uleb128 0x17
ARM GAS  C:\Users\jsyoon\AppData\Local\Temp\ccTzxg6a.s 			page 32


 1762 018e 00       		.byte	0
 1763 018f 00       		.byte	0
 1764 0190 1E       		.uleb128 0x1e
 1765 0191 34       		.uleb128 0x34
 1766 0192 00       		.byte	0
 1767 0193 03       		.uleb128 0x3
 1768 0194 08       		.uleb128 0x8
 1769 0195 3A       		.uleb128 0x3a
 1770 0196 0B       		.uleb128 0xb
 1771 0197 3B       		.uleb128 0x3b
 1772 0198 0B       		.uleb128 0xb
 1773 0199 49       		.uleb128 0x49
 1774 019a 13       		.uleb128 0x13
 1775 019b 02       		.uleb128 0x2
 1776 019c 17       		.uleb128 0x17
 1777 019d 00       		.byte	0
 1778 019e 00       		.byte	0
 1779 019f 1F       		.uleb128 0x1f
 1780 01a0 898201   		.uleb128 0x4109
 1781 01a3 01       		.byte	0x1
 1782 01a4 11       		.uleb128 0x11
 1783 01a5 01       		.uleb128 0x1
 1784 01a6 31       		.uleb128 0x31
 1785 01a7 13       		.uleb128 0x13
 1786 01a8 01       		.uleb128 0x1
 1787 01a9 13       		.uleb128 0x13
 1788 01aa 00       		.byte	0
 1789 01ab 00       		.byte	0
 1790 01ac 20       		.uleb128 0x20
 1791 01ad 898201   		.uleb128 0x4109
 1792 01b0 01       		.byte	0x1
 1793 01b1 11       		.uleb128 0x11
 1794 01b2 01       		.uleb128 0x1
 1795 01b3 31       		.uleb128 0x31
 1796 01b4 13       		.uleb128 0x13
 1797 01b5 00       		.byte	0
 1798 01b6 00       		.byte	0
 1799 01b7 21       		.uleb128 0x21
 1800 01b8 2E       		.uleb128 0x2e
 1801 01b9 01       		.byte	0x1
 1802 01ba 3F       		.uleb128 0x3f
 1803 01bb 19       		.uleb128 0x19
 1804 01bc 03       		.uleb128 0x3
 1805 01bd 0E       		.uleb128 0xe
 1806 01be 3A       		.uleb128 0x3a
 1807 01bf 0B       		.uleb128 0xb
 1808 01c0 3B       		.uleb128 0x3b
 1809 01c1 0B       		.uleb128 0xb
 1810 01c2 27       		.uleb128 0x27
 1811 01c3 19       		.uleb128 0x19
 1812 01c4 3C       		.uleb128 0x3c
 1813 01c5 19       		.uleb128 0x19
 1814 01c6 01       		.uleb128 0x1
 1815 01c7 13       		.uleb128 0x13
 1816 01c8 00       		.byte	0
 1817 01c9 00       		.byte	0
 1818 01ca 22       		.uleb128 0x22
ARM GAS  C:\Users\jsyoon\AppData\Local\Temp\ccTzxg6a.s 			page 33


 1819 01cb 2E       		.uleb128 0x2e
 1820 01cc 01       		.byte	0x1
 1821 01cd 3F       		.uleb128 0x3f
 1822 01ce 19       		.uleb128 0x19
 1823 01cf 03       		.uleb128 0x3
 1824 01d0 0E       		.uleb128 0xe
 1825 01d1 3A       		.uleb128 0x3a
 1826 01d2 0B       		.uleb128 0xb
 1827 01d3 3B       		.uleb128 0x3b
 1828 01d4 0B       		.uleb128 0xb
 1829 01d5 27       		.uleb128 0x27
 1830 01d6 19       		.uleb128 0x19
 1831 01d7 49       		.uleb128 0x49
 1832 01d8 13       		.uleb128 0x13
 1833 01d9 3C       		.uleb128 0x3c
 1834 01da 19       		.uleb128 0x19
 1835 01db 01       		.uleb128 0x1
 1836 01dc 13       		.uleb128 0x13
 1837 01dd 00       		.byte	0
 1838 01de 00       		.byte	0
 1839 01df 23       		.uleb128 0x23
 1840 01e0 2E       		.uleb128 0x2e
 1841 01e1 01       		.byte	0x1
 1842 01e2 3F       		.uleb128 0x3f
 1843 01e3 19       		.uleb128 0x19
 1844 01e4 03       		.uleb128 0x3
 1845 01e5 0E       		.uleb128 0xe
 1846 01e6 3A       		.uleb128 0x3a
 1847 01e7 0B       		.uleb128 0xb
 1848 01e8 3B       		.uleb128 0x3b
 1849 01e9 05       		.uleb128 0x5
 1850 01ea 27       		.uleb128 0x27
 1851 01eb 19       		.uleb128 0x19
 1852 01ec 49       		.uleb128 0x49
 1853 01ed 13       		.uleb128 0x13
 1854 01ee 3C       		.uleb128 0x3c
 1855 01ef 19       		.uleb128 0x19
 1856 01f0 01       		.uleb128 0x1
 1857 01f1 13       		.uleb128 0x13
 1858 01f2 00       		.byte	0
 1859 01f3 00       		.byte	0
 1860 01f4 24       		.uleb128 0x24
 1861 01f5 2E       		.uleb128 0x2e
 1862 01f6 01       		.byte	0x1
 1863 01f7 3F       		.uleb128 0x3f
 1864 01f8 19       		.uleb128 0x19
 1865 01f9 03       		.uleb128 0x3
 1866 01fa 0E       		.uleb128 0xe
 1867 01fb 3A       		.uleb128 0x3a
 1868 01fc 0B       		.uleb128 0xb
 1869 01fd 3B       		.uleb128 0x3b
 1870 01fe 0B       		.uleb128 0xb
 1871 01ff 27       		.uleb128 0x27
 1872 0200 19       		.uleb128 0x19
 1873 0201 49       		.uleb128 0x49
 1874 0202 13       		.uleb128 0x13
 1875 0203 3C       		.uleb128 0x3c
ARM GAS  C:\Users\jsyoon\AppData\Local\Temp\ccTzxg6a.s 			page 34


 1876 0204 19       		.uleb128 0x19
 1877 0205 00       		.byte	0
 1878 0206 00       		.byte	0
 1879 0207 00       		.byte	0
 1880              		.section	.debug_loc,"",%progbits
 1881              	.Ldebug_loc0:
 1882              	.LLST0:
 1883 0000 00000000 		.4byte	.LVL1
 1884 0004 35000000 		.4byte	.LVL4-1
 1885 0008 0100     		.2byte	0x1
 1886 000a 50       		.byte	0x50
 1887 000b 35000000 		.4byte	.LVL4-1
 1888 000f 36000000 		.4byte	.LVL4
 1889 0013 0400     		.2byte	0x4
 1890 0015 F3       		.byte	0xf3
 1891 0016 01       		.uleb128 0x1
 1892 0017 50       		.byte	0x50
 1893 0018 9F       		.byte	0x9f
 1894 0019 36000000 		.4byte	.LVL4
 1895 001d 40000000 		.4byte	.LVL5
 1896 0021 0100     		.2byte	0x1
 1897 0023 50       		.byte	0x50
 1898 0024 40000000 		.4byte	.LVL5
 1899 0028 45000000 		.4byte	.LVL6-1
 1900 002c 0100     		.2byte	0x1
 1901 002e 51       		.byte	0x51
 1902 002f 45000000 		.4byte	.LVL6-1
 1903 0033 46000000 		.4byte	.LFE8
 1904 0037 0400     		.2byte	0x4
 1905 0039 F3       		.byte	0xf3
 1906 003a 01       		.uleb128 0x1
 1907 003b 50       		.byte	0x50
 1908 003c 9F       		.byte	0x9f
 1909 003d 00000000 		.4byte	0
 1910 0041 00000000 		.4byte	0
 1911              	.LLST1:
 1912 0045 0C000000 		.4byte	.LVL2
 1913 0049 12000000 		.4byte	.LVL3
 1914 004d 0100     		.2byte	0x1
 1915 004f 53       		.byte	0x53
 1916 0050 00000000 		.4byte	0
 1917 0054 00000000 		.4byte	0
 1918              	.LLST2:
 1919 0058 00000000 		.4byte	.LVL7
 1920 005c 0D000000 		.4byte	.LVL8-1
 1921 0060 0100     		.2byte	0x1
 1922 0062 50       		.byte	0x50
 1923 0063 0D000000 		.4byte	.LVL8-1
 1924 0067 34000000 		.4byte	.LFE9
 1925 006b 0400     		.2byte	0x4
 1926 006d F3       		.byte	0xf3
 1927 006e 01       		.uleb128 0x1
 1928 006f 50       		.byte	0x50
 1929 0070 9F       		.byte	0x9f
 1930 0071 00000000 		.4byte	0
 1931 0075 00000000 		.4byte	0
 1932              	.LLST3:
ARM GAS  C:\Users\jsyoon\AppData\Local\Temp\ccTzxg6a.s 			page 35


 1933 0079 00000000 		.4byte	.LVL7
 1934 007d 0D000000 		.4byte	.LVL8-1
 1935 0081 0100     		.2byte	0x1
 1936 0083 51       		.byte	0x51
 1937 0084 0D000000 		.4byte	.LVL8-1
 1938 0088 34000000 		.4byte	.LFE9
 1939 008c 0100     		.2byte	0x1
 1940 008e 55       		.byte	0x55
 1941 008f 00000000 		.4byte	0
 1942 0093 00000000 		.4byte	0
 1943              	.LLST4:
 1944 0097 00000000 		.4byte	.LVL7
 1945 009b 0D000000 		.4byte	.LVL8-1
 1946 009f 0100     		.2byte	0x1
 1947 00a1 52       		.byte	0x52
 1948 00a2 0D000000 		.4byte	.LVL8-1
 1949 00a6 34000000 		.4byte	.LFE9
 1950 00aa 0100     		.2byte	0x1
 1951 00ac 57       		.byte	0x57
 1952 00ad 00000000 		.4byte	0
 1953 00b1 00000000 		.4byte	0
 1954              	.LLST5:
 1955 00b5 00000000 		.4byte	.LVL7
 1956 00b9 0D000000 		.4byte	.LVL8-1
 1957 00bd 0100     		.2byte	0x1
 1958 00bf 53       		.byte	0x53
 1959 00c0 0D000000 		.4byte	.LVL8-1
 1960 00c4 34000000 		.4byte	.LFE9
 1961 00c8 0100     		.2byte	0x1
 1962 00ca 56       		.byte	0x56
 1963 00cb 00000000 		.4byte	0
 1964 00cf 00000000 		.4byte	0
 1965              	.LLST6:
 1966 00d3 0E000000 		.4byte	.LVL8
 1967 00d7 1F000000 		.4byte	.LVL9-1
 1968 00db 0100     		.2byte	0x1
 1969 00dd 50       		.byte	0x50
 1970 00de 00000000 		.4byte	0
 1971 00e2 00000000 		.4byte	0
 1972              	.LLST7:
 1973 00e6 28000000 		.4byte	.LVL10
 1974 00ea 2B000000 		.4byte	.LVL11-1
 1975 00ee 0100     		.2byte	0x1
 1976 00f0 50       		.byte	0x50
 1977 00f1 2B000000 		.4byte	.LVL11-1
 1978 00f5 30000000 		.4byte	.LVL12
 1979 00f9 0100     		.2byte	0x1
 1980 00fb 54       		.byte	0x54
 1981 00fc 00000000 		.4byte	0
 1982 0100 00000000 		.4byte	0
 1983              	.LLST8:
 1984 0104 00000000 		.4byte	.LVL13
 1985 0108 0F000000 		.4byte	.LVL14-1
 1986 010c 0100     		.2byte	0x1
 1987 010e 50       		.byte	0x50
 1988 010f 0F000000 		.4byte	.LVL14-1
 1989 0113 36000000 		.4byte	.LFE10
ARM GAS  C:\Users\jsyoon\AppData\Local\Temp\ccTzxg6a.s 			page 36


 1990 0117 0100     		.2byte	0x1
 1991 0119 55       		.byte	0x55
 1992 011a 00000000 		.4byte	0
 1993 011e 00000000 		.4byte	0
 1994              	.LLST9:
 1995 0122 00000000 		.4byte	.LVL13
 1996 0126 0F000000 		.4byte	.LVL14-1
 1997 012a 0100     		.2byte	0x1
 1998 012c 51       		.byte	0x51
 1999 012d 0F000000 		.4byte	.LVL14-1
 2000 0131 36000000 		.4byte	.LFE10
 2001 0135 0100     		.2byte	0x1
 2002 0137 57       		.byte	0x57
 2003 0138 00000000 		.4byte	0
 2004 013c 00000000 		.4byte	0
 2005              	.LLST10:
 2006 0140 00000000 		.4byte	.LVL13
 2007 0144 0F000000 		.4byte	.LVL14-1
 2008 0148 0100     		.2byte	0x1
 2009 014a 52       		.byte	0x52
 2010 014b 0F000000 		.4byte	.LVL14-1
 2011 014f 36000000 		.4byte	.LFE10
 2012 0153 0100     		.2byte	0x1
 2013 0155 56       		.byte	0x56
 2014 0156 00000000 		.4byte	0
 2015 015a 00000000 		.4byte	0
 2016              	.LLST11:
 2017 015e 00000000 		.4byte	.LVL13
 2018 0162 0F000000 		.4byte	.LVL14-1
 2019 0166 0100     		.2byte	0x1
 2020 0168 53       		.byte	0x53
 2021 0169 0F000000 		.4byte	.LVL14-1
 2022 016d 2A000000 		.4byte	.LVL16
 2023 0171 0100     		.2byte	0x1
 2024 0173 54       		.byte	0x54
 2025 0174 2A000000 		.4byte	.LVL16
 2026 0178 36000000 		.4byte	.LFE10
 2027 017c 0400     		.2byte	0x4
 2028 017e F3       		.byte	0xf3
 2029 017f 01       		.uleb128 0x1
 2030 0180 53       		.byte	0x53
 2031 0181 9F       		.byte	0x9f
 2032 0182 00000000 		.4byte	0
 2033 0186 00000000 		.4byte	0
 2034              	.LLST12:
 2035 018a 10000000 		.4byte	.LVL14
 2036 018e 1F000000 		.4byte	.LVL15-1
 2037 0192 0100     		.2byte	0x1
 2038 0194 50       		.byte	0x50
 2039 0195 00000000 		.4byte	0
 2040 0199 00000000 		.4byte	0
 2041              	.LLST13:
 2042 019d 2A000000 		.4byte	.LVL16
 2043 01a1 2D000000 		.4byte	.LVL17-1
 2044 01a5 0100     		.2byte	0x1
 2045 01a7 50       		.byte	0x50
 2046 01a8 2D000000 		.4byte	.LVL17-1
ARM GAS  C:\Users\jsyoon\AppData\Local\Temp\ccTzxg6a.s 			page 37


 2047 01ac 32000000 		.4byte	.LVL18
 2048 01b0 0100     		.2byte	0x1
 2049 01b2 54       		.byte	0x54
 2050 01b3 00000000 		.4byte	0
 2051 01b7 00000000 		.4byte	0
 2052              		.section	.debug_aranges,"",%progbits
 2053 0000 34000000 		.4byte	0x34
 2054 0004 0200     		.2byte	0x2
 2055 0006 00000000 		.4byte	.Ldebug_info0
 2056 000a 04       		.byte	0x4
 2057 000b 00       		.byte	0
 2058 000c 0000     		.2byte	0
 2059 000e 0000     		.2byte	0
 2060 0010 00000000 		.4byte	.LFB7
 2061 0014 0C000000 		.4byte	.LFE7-.LFB7
 2062 0018 00000000 		.4byte	.LFB8
 2063 001c 46000000 		.4byte	.LFE8-.LFB8
 2064 0020 00000000 		.4byte	.LFB9
 2065 0024 34000000 		.4byte	.LFE9-.LFB9
 2066 0028 00000000 		.4byte	.LFB10
 2067 002c 36000000 		.4byte	.LFE10-.LFB10
 2068 0030 00000000 		.4byte	0
 2069 0034 00000000 		.4byte	0
 2070              		.section	.debug_ranges,"",%progbits
 2071              	.Ldebug_ranges0:
 2072 0000 00000000 		.4byte	.LFB7
 2073 0004 0C000000 		.4byte	.LFE7
 2074 0008 00000000 		.4byte	.LFB8
 2075 000c 46000000 		.4byte	.LFE8
 2076 0010 00000000 		.4byte	.LFB9
 2077 0014 34000000 		.4byte	.LFE9
 2078 0018 00000000 		.4byte	.LFB10
 2079 001c 36000000 		.4byte	.LFE10
 2080 0020 00000000 		.4byte	0
 2081 0024 00000000 		.4byte	0
 2082              		.section	.debug_line,"",%progbits
 2083              	.Ldebug_line0:
 2084 0000 77020000 		.section	.debug_str,"MS",%progbits,1
 2084      0200FD01 
 2084      00000201 
 2084      FB0E0D00 
 2084      01010101 
 2085              	.LASF79:
 2086 0000 7466756E 		.ascii	"tfunc_t\000"
 2086      635F7400 
 2087              	.LASF42:
 2088 0008 705F6D73 		.ascii	"p_msg\000"
 2088      6700
 2089              	.LASF2:
 2090 000e 73697A65 		.ascii	"size_t\000"
 2090      5F7400
 2091              	.LASF74:
 2092 0015 7264796D 		.ascii	"rdymsg\000"
 2092      736700
 2093              	.LASF17:
 2094 001c 75696E74 		.ascii	"uint64_t\000"
 2094      36345F74 
ARM GAS  C:\Users\jsyoon\AppData\Local\Temp\ccTzxg6a.s 			page 38


 2094      00
 2095              	.LASF3:
 2096 0025 5F5F7569 		.ascii	"__uint8_t\000"
 2096      6E74385F 
 2096      7400
 2097              	.LASF73:
 2098 002f 4D656D6F 		.ascii	"MemoryPool\000"
 2098      7279506F 
 2098      6F6C00
 2099              	.LASF58:
 2100 003a 6D656D67 		.ascii	"memgetfunc_t\000"
 2100      65746675 
 2100      6E635F74 
 2100      00
 2101              	.LASF13:
 2102 0047 6C6F6E67 		.ascii	"long long unsigned int\000"
 2102      206C6F6E 
 2102      6720756E 
 2102      7369676E 
 2102      65642069 
 2103              	.LASF62:
 2104 005e 685F6672 		.ascii	"h_free\000"
 2104      656500
 2105              	.LASF82:
 2106 0065 68656170 		.ascii	"heapp\000"
 2106      7000
 2107              	.LASF64:
 2108 006b 6E657874 		.ascii	"next\000"
 2108      00
 2109              	.LASF30:
 2110 0070 705F7072 		.ascii	"p_prio\000"
 2110      696F00
 2111              	.LASF11:
 2112 0077 6C6F6E67 		.ascii	"long long int\000"
 2112      206C6F6E 
 2112      6720696E 
 2112      7400
 2113              	.LASF1:
 2114 0085 7369676E 		.ascii	"signed char\000"
 2114      65642063 
 2114      68617200 
 2115              	.LASF63:
 2116 0091 685F6D74 		.ascii	"h_mtx\000"
 2116      7800
 2117              	.LASF46:
 2118 0097 705F6D70 		.ascii	"p_mpool\000"
 2118      6F6F6C00 
 2119              	.LASF55:
 2120 009f 6D5F7175 		.ascii	"m_queue\000"
 2120      65756500 
 2121              	.LASF86:
 2122 00a7 63684865 		.ascii	"chHeapFree\000"
 2122      61704672 
 2122      656500
 2123              	.LASF22:
 2124 00b2 74736C69 		.ascii	"tslices_t\000"
 2124      6365735F 
ARM GAS  C:\Users\jsyoon\AppData\Local\Temp\ccTzxg6a.s 			page 39


 2124      7400
 2125              	.LASF89:
 2126 00bc 63685468 		.ascii	"chThdCreateI\000"
 2126      64437265 
 2126      61746549 
 2126      00
 2127              	.LASF94:
 2128 00c9 453A5C4D 		.ascii	"E:\\Maker\\BLDC\\test_eval\\try2\\OROCA-BLDC_R15080"
 2128      616B6572 
 2128      5C424C44 
 2128      435C7465 
 2128      73745F65 
 2129 00f7 3700     		.ascii	"7\000"
 2130              	.LASF8:
 2131 00f9 6C6F6E67 		.ascii	"long int\000"
 2131      20696E74 
 2131      00
 2132              	.LASF81:
 2133 0102 63685468 		.ascii	"chThdCreateFromHeap\000"
 2133      64437265 
 2133      61746546 
 2133      726F6D48 
 2133      65617000 
 2134              	.LASF20:
 2135 0116 74737461 		.ascii	"tstate_t\000"
 2135      74655F74 
 2135      00
 2136              	.LASF92:
 2137 011f 474E5520 		.ascii	"GNU C 4.8.4 20140526 (release) [ARM/embedded-4_8-br"
 2137      4320342E 
 2137      382E3420 
 2137      32303134 
 2137      30353236 
 2138 0152 616E6368 		.ascii	"anch revision 211358] -mcpu=cortex-m4 -mfloat-abi=h"
 2138      20726576 
 2138      6973696F 
 2138      6E203231 
 2138      31333538 
 2139 0185 61726420 		.ascii	"ard -mfpu=fpv4-sp-d16 -mno-thumb-interwork -mthumb "
 2139      2D6D6670 
 2139      753D6670 
 2139      76342D73 
 2139      702D6431 
 2140 01b8 2D676764 		.ascii	"-ggdb -O2 -std=gnu99 -fomit-frame-pointer -falign-f"
 2140      62202D4F 
 2140      32202D73 
 2140      74643D67 
 2140      6E753939 
 2141 01eb 756E6374 		.ascii	"unctions=16 -ffunction-sections -fdata-sections -fn"
 2141      696F6E73 
 2141      3D313620 
 2141      2D666675 
 2141      6E637469 
 2142 021e 6F2D636F 		.ascii	"o-common -fsingle-precision-constant\000"
 2142      6D6D6F6E 
 2142      202D6673 
 2142      696E676C 
ARM GAS  C:\Users\jsyoon\AppData\Local\Temp\ccTzxg6a.s 			page 40


 2142      652D7072 
 2143              	.LASF32:
 2144 0243 705F6E65 		.ascii	"p_newer\000"
 2144      77657200 
 2145              	.LASF85:
 2146 024b 63685468 		.ascii	"chThdCreateFromMemoryPool\000"
 2146      64437265 
 2146      61746546 
 2146      726F6D4D 
 2146      656D6F72 
 2147              	.LASF75:
 2148 0265 65786974 		.ascii	"exitcode\000"
 2148      636F6465 
 2148      00
 2149              	.LASF9:
 2150 026e 5F5F7569 		.ascii	"__uint32_t\000"
 2150      6E743332 
 2150      5F7400
 2151              	.LASF72:
 2152 0279 6D705F70 		.ascii	"mp_provider\000"
 2152      726F7669 
 2152      64657200 
 2153              	.LASF49:
 2154 0285 72656761 		.ascii	"regarm_t\000"
 2154      726D5F74 
 2154      00
 2155              	.LASF66:
 2156 028e 616C6967 		.ascii	"align\000"
 2156      6E00
 2157              	.LASF0:
 2158 0294 756E7369 		.ascii	"unsigned int\000"
 2158      676E6564 
 2158      20696E74 
 2158      00
 2159              	.LASF10:
 2160 02a1 6C6F6E67 		.ascii	"long unsigned int\000"
 2160      20756E73 
 2160      69676E65 
 2160      6420696E 
 2160      7400
 2161              	.LASF52:
 2162 02b3 636F6E74 		.ascii	"context\000"
 2162      65787400 
 2163              	.LASF67:
 2164 02bb 73697A65 		.ascii	"size\000"
 2164      00
 2165              	.LASF6:
 2166 02c0 73686F72 		.ascii	"short unsigned int\000"
 2166      7420756E 
 2166      7369676E 
 2166      65642069 
 2166      6E7400
 2167              	.LASF24:
 2168 02d3 6D73675F 		.ascii	"msg_t\000"
 2168      7400
 2169              	.LASF19:
 2170 02d9 746D6F64 		.ascii	"tmode_t\000"
ARM GAS  C:\Users\jsyoon\AppData\Local\Temp\ccTzxg6a.s 			page 41


 2170      655F7400 
 2171              	.LASF48:
 2172 02e1 54687265 		.ascii	"ThreadsList\000"
 2172      6164734C 
 2172      69737400 
 2173              	.LASF25:
 2174 02ed 6576656E 		.ascii	"eventmask_t\000"
 2174      746D6173 
 2174      6B5F7400 
 2175              	.LASF54:
 2176 02f9 4D757465 		.ascii	"Mutex\000"
 2176      7800
 2177              	.LASF80:
 2178 02ff 63685468 		.ascii	"chThdAddRef\000"
 2178      64416464 
 2178      52656600 
 2179              	.LASF50:
 2180 030b 73746B61 		.ascii	"stkalign_t\000"
 2180      6C69676E 
 2180      5F7400
 2181              	.LASF53:
 2182 0316 73697A65 		.ascii	"sizetype\000"
 2182      74797065 
 2182      00
 2183              	.LASF33:
 2184 031f 705F6F6C 		.ascii	"p_older\000"
 2184      64657200 
 2185              	.LASF47:
 2186 0327 54687265 		.ascii	"ThreadsQueue\000"
 2186      61647351 
 2186      75657565 
 2186      00
 2187              	.LASF71:
 2188 0334 6D705F6F 		.ascii	"mp_object_size\000"
 2188      626A6563 
 2188      745F7369 
 2188      7A6500
 2189              	.LASF83:
 2190 0343 7072696F 		.ascii	"prio\000"
 2190      00
 2191              	.LASF59:
 2192 0348 4D656D6F 		.ascii	"MemoryHeap\000"
 2192      72794865 
 2192      617000
 2193              	.LASF12:
 2194 0353 5F5F7569 		.ascii	"__uint64_t\000"
 2194      6E743634 
 2194      5F7400
 2195              	.LASF69:
 2196 035e 70685F6E 		.ascii	"ph_next\000"
 2196      65787400 
 2197              	.LASF21:
 2198 0366 74726566 		.ascii	"trefs_t\000"
 2198      735F7400 
 2199              	.LASF84:
 2200 036e 72656673 		.ascii	"refs\000"
 2200      00
ARM GAS  C:\Users\jsyoon\AppData\Local\Temp\ccTzxg6a.s 			page 42


 2201              	.LASF29:
 2202 0373 705F7072 		.ascii	"p_prev\000"
 2202      657600
 2203              	.LASF23:
 2204 037a 74707269 		.ascii	"tprio_t\000"
 2204      6F5F7400 
 2205              	.LASF18:
 2206 0382 5F426F6F 		.ascii	"_Bool\000"
 2206      6C00
 2207              	.LASF15:
 2208 0388 696E7433 		.ascii	"int32_t\000"
 2208      325F7400 
 2209              	.LASF4:
 2210 0390 756E7369 		.ascii	"unsigned char\000"
 2210      676E6564 
 2210      20636861 
 2210      7200
 2211              	.LASF61:
 2212 039e 685F7072 		.ascii	"h_provider\000"
 2212      6F766964 
 2212      657200
 2213              	.LASF44:
 2214 03a9 705F6D74 		.ascii	"p_mtxlist\000"
 2214      786C6973 
 2214      7400
 2215              	.LASF5:
 2216 03b3 73686F72 		.ascii	"short int\000"
 2216      7420696E 
 2216      7400
 2217              	.LASF35:
 2218 03bd 705F7374 		.ascii	"p_state\000"
 2218      61746500 
 2219              	.LASF38:
 2220 03c5 705F7072 		.ascii	"p_preempt\000"
 2220      65656D70 
 2220      7400
 2221              	.LASF95:
 2222 03cf 68656170 		.ascii	"heap_header\000"
 2222      5F686561 
 2222      64657200 
 2223              	.LASF77:
 2224 03db 65776D61 		.ascii	"ewmask\000"
 2224      736B00
 2225              	.LASF28:
 2226 03e2 705F6E65 		.ascii	"p_next\000"
 2226      787400
 2227              	.LASF36:
 2228 03e9 705F666C 		.ascii	"p_flags\000"
 2228      61677300 
 2229              	.LASF96:
 2230 03f1 63685468 		.ascii	"chThdRelease\000"
 2230      6452656C 
 2230      65617365 
 2230      00
 2231              	.LASF27:
 2232 03fe 54687265 		.ascii	"Thread\000"
 2232      616400
ARM GAS  C:\Users\jsyoon\AppData\Local\Temp\ccTzxg6a.s 			page 43


 2233              	.LASF88:
 2234 0405 63684865 		.ascii	"chHeapAlloc\000"
 2234      6170416C 
 2234      6C6F6300 
 2235              	.LASF43:
 2236 0411 705F6570 		.ascii	"p_epending\000"
 2236      656E6469 
 2236      6E6700
 2237              	.LASF93:
 2238 041c 43686962 		.ascii	"ChibiOS_2.6.6/os/kernel/src/chdynamic.c\000"
 2238      694F535F 
 2238      322E362E 
 2238      362F6F73 
 2238      2F6B6572 
 2239              	.LASF16:
 2240 0444 75696E74 		.ascii	"uint32_t\000"
 2240      33325F74 
 2240      00
 2241              	.LASF65:
 2242 044d 68656170 		.ascii	"heap\000"
 2242      00
 2243              	.LASF78:
 2244 0452 63686172 		.ascii	"char\000"
 2244      00
 2245              	.LASF57:
 2246 0457 6D5F6E65 		.ascii	"m_next\000"
 2246      787400
 2247              	.LASF26:
 2248 045e 73797374 		.ascii	"systime_t\000"
 2248      696D655F 
 2248      7400
 2249              	.LASF45:
 2250 0468 705F7265 		.ascii	"p_realprio\000"
 2250      616C7072 
 2250      696F00
 2251              	.LASF7:
 2252 0473 5F5F696E 		.ascii	"__int32_t\000"
 2252      7433325F 
 2252      7400
 2253              	.LASF70:
 2254 047d 6D705F6E 		.ascii	"mp_next\000"
 2254      65787400 
 2255              	.LASF39:
 2256 0485 705F7469 		.ascii	"p_time\000"
 2256      6D6500
 2257              	.LASF51:
 2258 048c 696E7463 		.ascii	"intctx\000"
 2258      747800
 2259              	.LASF41:
 2260 0493 705F6D73 		.ascii	"p_msgqueue\000"
 2260      67717565 
 2260      756500
 2261              	.LASF90:
 2262 049e 63685363 		.ascii	"chSchWakeupS\000"
 2262      6857616B 
 2262      65757053 
 2262      00
ARM GAS  C:\Users\jsyoon\AppData\Local\Temp\ccTzxg6a.s 			page 44


 2263              	.LASF68:
 2264 04ab 706F6F6C 		.ascii	"pool_header\000"
 2264      5F686561 
 2264      64657200 
 2265              	.LASF37:
 2266 04b7 705F7265 		.ascii	"p_refs\000"
 2266      667300
 2267              	.LASF14:
 2268 04be 75696E74 		.ascii	"uint8_t\000"
 2268      385F7400 
 2269              	.LASF91:
 2270 04c6 6368506F 		.ascii	"chPoolAlloc\000"
 2270      6F6C416C 
 2270      6C6F6300 
 2271              	.LASF87:
 2272 04d2 6368506F 		.ascii	"chPoolFree\000"
 2272      6F6C4672 
 2272      656500
 2273              	.LASF76:
 2274 04dd 77746F62 		.ascii	"wtobjp\000"
 2274      6A7000
 2275              	.LASF34:
 2276 04e4 705F6E61 		.ascii	"p_name\000"
 2276      6D6500
 2277              	.LASF56:
 2278 04eb 6D5F6F77 		.ascii	"m_owner\000"
 2278      6E657200 
 2279              	.LASF31:
 2280 04f3 705F6374 		.ascii	"p_ctx\000"
 2280      7800
 2281              	.LASF40:
 2282 04f9 705F7761 		.ascii	"p_waiting\000"
 2282      6974696E 
 2282      6700
 2283              	.LASF60:
 2284 0503 6D656D6F 		.ascii	"memory_heap\000"
 2284      72795F68 
 2284      65617000 
 2285              		.ident	"GCC: (GNU Tools for ARM Embedded Processors) 4.8.4 20140526 (release) [ARM/embedded-4_8-br
ARM GAS  C:\Users\jsyoon\AppData\Local\Temp\ccTzxg6a.s 			page 45


DEFINED SYMBOLS
                            *ABS*:00000000 chdynamic.c
C:\Users\jsyoon\AppData\Local\Temp\ccTzxg6a.s:21     .text.chThdAddRef:00000000 $t
C:\Users\jsyoon\AppData\Local\Temp\ccTzxg6a.s:27     .text.chThdAddRef:00000000 chThdAddRef
C:\Users\jsyoon\AppData\Local\Temp\ccTzxg6a.s:56     .text.chThdRelease:00000000 $t
C:\Users\jsyoon\AppData\Local\Temp\ccTzxg6a.s:62     .text.chThdRelease:00000000 chThdRelease
C:\Users\jsyoon\AppData\Local\Temp\ccTzxg6a.s:134    .text.chThdCreateFromHeap:00000000 $t
C:\Users\jsyoon\AppData\Local\Temp\ccTzxg6a.s:140    .text.chThdCreateFromHeap:00000000 chThdCreateFromHeap
C:\Users\jsyoon\AppData\Local\Temp\ccTzxg6a.s:206    .text.chThdCreateFromMemoryPool:00000000 $t
C:\Users\jsyoon\AppData\Local\Temp\ccTzxg6a.s:212    .text.chThdCreateFromMemoryPool:00000000 chThdCreateFromMemoryPool
                     .debug_frame:00000010 $d

UNDEFINED SYMBOLS
chHeapFree
chPoolFree
chHeapAlloc
chThdCreateI
chSchWakeupS
chPoolAlloc
