ARM GAS  C:\Users\ADMINI~1\AppData\Local\Temp\ccUsKVZL.s 			page 1


   1              		.syntax unified
   2              		.cpu cortex-m4
   3              		.eabi_attribute 27, 1
   4              		.eabi_attribute 28, 1
   5              		.fpu fpv4-sp-d16
   6              		.eabi_attribute 20, 1
   7              		.eabi_attribute 21, 1
   8              		.eabi_attribute 23, 3
   9              		.eabi_attribute 24, 1
  10              		.eabi_attribute 25, 1
  11              		.eabi_attribute 26, 1
  12              		.eabi_attribute 30, 2
  13              		.eabi_attribute 34, 1
  14              		.eabi_attribute 18, 4
  15              		.thumb
  16              		.file	"chlists.c"
  17              		.text
  18              	.Ltext0:
  19              		.cfi_sections	.debug_frame
  20              	.Letext0:
  21              		.section	.debug_info,"",%progbits
  22              	.Ldebug_info0:
  23 0000 75000000 		.4byte	0x75
  24 0004 0400     		.2byte	0x4
  25 0006 00000000 		.4byte	.Ldebug_abbrev0
  26 000a 04       		.byte	0x4
  27 000b 01       		.uleb128 0x1
  28 000c 8C000000 		.4byte	.LASF12
  29 0010 01       		.byte	0x1
  30 0011 44000000 		.4byte	.LASF13
  31 0015 CF010000 		.4byte	.LASF14
  32 0019 00000000 		.4byte	.Ldebug_line0
  33 001d 02       		.uleb128 0x2
  34 001e 04       		.byte	0x4
  35 001f 05       		.byte	0x5
  36 0020 696E7400 		.ascii	"int\000"
  37 0024 03       		.uleb128 0x3
  38 0025 04       		.byte	0x4
  39 0026 07       		.byte	0x7
  40 0027 0E000000 		.4byte	.LASF0
  41 002b 03       		.uleb128 0x3
  42 002c 01       		.byte	0x1
  43 002d 06       		.byte	0x6
  44 002e C3010000 		.4byte	.LASF1
  45 0032 03       		.uleb128 0x3
  46 0033 01       		.byte	0x1
  47 0034 08       		.byte	0x8
  48 0035 6A000000 		.4byte	.LASF2
  49 0039 03       		.uleb128 0x3
  50 003a 02       		.byte	0x2
  51 003b 05       		.byte	0x5
  52 003c E1010000 		.4byte	.LASF3
  53 0040 03       		.uleb128 0x3
  54 0041 02       		.byte	0x2
  55 0042 07       		.byte	0x7
  56 0043 B0010000 		.4byte	.LASF4
  57 0047 03       		.uleb128 0x3
ARM GAS  C:\Users\ADMINI~1\AppData\Local\Temp\ccUsKVZL.s 			page 2


  58 0048 04       		.byte	0x4
  59 0049 05       		.byte	0x5
  60 004a 7D000000 		.4byte	.LASF5
  61 004e 03       		.uleb128 0x3
  62 004f 04       		.byte	0x4
  63 0050 07       		.byte	0x7
  64 0051 1B000000 		.4byte	.LASF6
  65 0055 03       		.uleb128 0x3
  66 0056 08       		.byte	0x8
  67 0057 05       		.byte	0x5
  68 0058 00000000 		.4byte	.LASF7
  69 005c 03       		.uleb128 0x3
  70 005d 08       		.byte	0x8
  71 005e 07       		.byte	0x7
  72 005f 2D000000 		.4byte	.LASF8
  73 0063 03       		.uleb128 0x3
  74 0064 01       		.byte	0x1
  75 0065 02       		.byte	0x2
  76 0066 86000000 		.4byte	.LASF9
  77 006a 03       		.uleb128 0x3
  78 006b 04       		.byte	0x4
  79 006c 07       		.byte	0x7
  80 006d EB010000 		.4byte	.LASF10
  81 0071 03       		.uleb128 0x3
  82 0072 01       		.byte	0x1
  83 0073 08       		.byte	0x8
  84 0074 78000000 		.4byte	.LASF11
  85 0078 00       		.byte	0
  86              		.section	.debug_abbrev,"",%progbits
  87              	.Ldebug_abbrev0:
  88 0000 01       		.uleb128 0x1
  89 0001 11       		.uleb128 0x11
  90 0002 01       		.byte	0x1
  91 0003 25       		.uleb128 0x25
  92 0004 0E       		.uleb128 0xe
  93 0005 13       		.uleb128 0x13
  94 0006 0B       		.uleb128 0xb
  95 0007 03       		.uleb128 0x3
  96 0008 0E       		.uleb128 0xe
  97 0009 1B       		.uleb128 0x1b
  98 000a 0E       		.uleb128 0xe
  99 000b 10       		.uleb128 0x10
 100 000c 17       		.uleb128 0x17
 101 000d 00       		.byte	0
 102 000e 00       		.byte	0
 103 000f 02       		.uleb128 0x2
 104 0010 24       		.uleb128 0x24
 105 0011 00       		.byte	0
 106 0012 0B       		.uleb128 0xb
 107 0013 0B       		.uleb128 0xb
 108 0014 3E       		.uleb128 0x3e
 109 0015 0B       		.uleb128 0xb
 110 0016 03       		.uleb128 0x3
 111 0017 08       		.uleb128 0x8
 112 0018 00       		.byte	0
 113 0019 00       		.byte	0
 114 001a 03       		.uleb128 0x3
ARM GAS  C:\Users\ADMINI~1\AppData\Local\Temp\ccUsKVZL.s 			page 3


 115 001b 24       		.uleb128 0x24
 116 001c 00       		.byte	0
 117 001d 0B       		.uleb128 0xb
 118 001e 0B       		.uleb128 0xb
 119 001f 3E       		.uleb128 0x3e
 120 0020 0B       		.uleb128 0xb
 121 0021 03       		.uleb128 0x3
 122 0022 0E       		.uleb128 0xe
 123 0023 00       		.byte	0
 124 0024 00       		.byte	0
 125 0025 00       		.byte	0
 126              		.section	.debug_aranges,"",%progbits
 127 0000 14000000 		.4byte	0x14
 128 0004 0200     		.2byte	0x2
 129 0006 00000000 		.4byte	.Ldebug_info0
 130 000a 04       		.byte	0x4
 131 000b 00       		.byte	0
 132 000c 0000     		.2byte	0
 133 000e 0000     		.2byte	0
 134 0010 00000000 		.4byte	0
 135 0014 00000000 		.4byte	0
 136              		.section	.debug_line,"",%progbits
 137              	.Ldebug_line0:
 138 0000 19000000 		.section	.debug_str,"MS",%progbits,1
 138      02001300 
 138      00000201 
 138      FB0E0D00 
 138      01010101 
 139              	.LASF7:
 140 0000 6C6F6E67 		.ascii	"long long int\000"
 140      206C6F6E 
 140      6720696E 
 140      7400
 141              	.LASF0:
 142 000e 756E7369 		.ascii	"unsigned int\000"
 142      676E6564 
 142      20696E74 
 142      00
 143              	.LASF6:
 144 001b 6C6F6E67 		.ascii	"long unsigned int\000"
 144      20756E73 
 144      69676E65 
 144      6420696E 
 144      7400
 145              	.LASF8:
 146 002d 6C6F6E67 		.ascii	"long long unsigned int\000"
 146      206C6F6E 
 146      6720756E 
 146      7369676E 
 146      65642069 
 147              	.LASF13:
 148 0044 43686962 		.ascii	"ChibiOS_2.6.6/os/kernel/src/chlists.c\000"
 148      694F535F 
 148      322E362E 
 148      362F6F73 
 148      2F6B6572 
 149              	.LASF2:
ARM GAS  C:\Users\ADMINI~1\AppData\Local\Temp\ccUsKVZL.s 			page 4


 150 006a 756E7369 		.ascii	"unsigned char\000"
 150      676E6564 
 150      20636861 
 150      7200
 151              	.LASF11:
 152 0078 63686172 		.ascii	"char\000"
 152      00
 153              	.LASF5:
 154 007d 6C6F6E67 		.ascii	"long int\000"
 154      20696E74 
 154      00
 155              	.LASF9:
 156 0086 5F426F6F 		.ascii	"_Bool\000"
 156      6C00
 157              	.LASF12:
 158 008c 474E5520 		.ascii	"GNU C 4.9.3 20150529 (release) [ARM/embedded-4_9-br"
 158      4320342E 
 158      392E3320 
 158      32303135 
 158      30353239 
 159 00bf 616E6368 		.ascii	"anch revision 224288] -mcpu=cortex-m4 -mfloat-abi=h"
 159      20726576 
 159      6973696F 
 159      6E203232 
 159      34323838 
 160 00f2 61726420 		.ascii	"ard -mfpu=fpv4-sp-d16 -mno-thumb-interwork -mthumb "
 160      2D6D6670 
 160      753D6670 
 160      76342D73 
 160      702D6431 
 161 0125 2D676764 		.ascii	"-ggdb -O2 -std=gnu99 -fomit-frame-pointer -falign-f"
 161      62202D4F 
 161      32202D73 
 161      74643D67 
 161      6E753939 
 162 0158 756E6374 		.ascii	"unctions=16 -ffunction-sections -fdata-sections -fn"
 162      696F6E73 
 162      3D313620 
 162      2D666675 
 162      6E637469 
 163 018b 6F2D636F 		.ascii	"o-common -fsingle-precision-constant\000"
 163      6D6D6F6E 
 163      202D6673 
 163      696E676C 
 163      652D7072 
 164              	.LASF4:
 165 01b0 73686F72 		.ascii	"short unsigned int\000"
 165      7420756E 
 165      7369676E 
 165      65642069 
 165      6E7400
 166              	.LASF1:
 167 01c3 7369676E 		.ascii	"signed char\000"
 167      65642063 
 167      68617200 
 168              	.LASF14:
 169 01cf 563A5C6F 		.ascii	"V:\\oroca_bldc_dev\000"
ARM GAS  C:\Users\ADMINI~1\AppData\Local\Temp\ccUsKVZL.s 			page 5


 169      726F6361 
 169      5F626C64 
 169      635F6465 
 169      7600
 170              	.LASF3:
 171 01e1 73686F72 		.ascii	"short int\000"
 171      7420696E 
 171      7400
 172              	.LASF10:
 173 01eb 73697A65 		.ascii	"sizetype\000"
 173      74797065 
 173      00
 174              		.ident	"GCC: (GNU Tools for ARM Embedded Processors) 4.9.3 20150529 (release) [ARM/embedded-4_9-br
ARM GAS  C:\Users\ADMINI~1\AppData\Local\Temp\ccUsKVZL.s 			page 6


DEFINED SYMBOLS
                            *ABS*:00000000 chlists.c

NO UNDEFINED SYMBOLS
