ARM GAS  C:\Users\jsyoon\AppData\Local\Temp\ccqxt9Dw.s 			page 1


   1              		.syntax unified
   2              		.cpu cortex-m4
   3              		.eabi_attribute 27, 3
   4              		.eabi_attribute 28, 1
   5              		.fpu fpv4-sp-d16
   6              		.eabi_attribute 20, 1
   7              		.eabi_attribute 21, 1
   8              		.eabi_attribute 23, 3
   9              		.eabi_attribute 24, 1
  10              		.eabi_attribute 25, 1
  11              		.eabi_attribute 26, 1
  12              		.eabi_attribute 30, 2
  13              		.eabi_attribute 34, 1
  14              		.eabi_attribute 18, 4
  15              		.thumb
  16              		.file	"chmemcore.c"
  17              		.text
  18              	.Ltext0:
  19              		.cfi_sections	.debug_frame
  20              		.section	.text._core_init,"ax",%progbits
  21              		.align	2
  22              		.p2align 4,,15
  23              		.global	_core_init
  24              		.thumb
  25              		.thumb_func
  26              		.type	_core_init, %function
  27              	_core_init:
  28              	.LFB7:
  29              		.file 1 "ChibiOS_2.6.6/os/kernel/src/chmemcore.c"
  30              		.loc 1 66 0
  31              		.cfi_startproc
  32              		@ args = 0, pretend = 0, frame = 0
  33              		@ frame_needed = 0, uses_anonymous_args = 0
  34              		@ link register save eliminated.
  35              		.loc 1 70 0
  36 0000 0548     		ldr	r0, .L2
  37              		.loc 1 71 0
  38 0002 064A     		ldr	r2, .L2+4
  39              		.loc 1 70 0
  40 0004 0649     		ldr	r1, .L2+8
  41              		.loc 1 71 0
  42 0006 074B     		ldr	r3, .L2+12
  43              		.loc 1 70 0
  44 0008 20F00700 		bic	r0, r0, #7
  45              		.loc 1 71 0
  46 000c 22F00702 		bic	r2, r2, #7
  47              		.loc 1 70 0
  48 0010 0860     		str	r0, [r1]
  49              		.loc 1 71 0
  50 0012 1A60     		str	r2, [r3]
  51 0014 7047     		bx	lr
  52              	.L3:
  53 0016 00BF     		.align	2
  54              	.L2:
  55 0018 07000000 		.word	__heap_base__+7
  56 001c 00000000 		.word	__heap_end__
  57 0020 00000000 		.word	.LANCHOR0
ARM GAS  C:\Users\jsyoon\AppData\Local\Temp\ccqxt9Dw.s 			page 2


  58 0024 00000000 		.word	.LANCHOR1
  59              		.cfi_endproc
  60              	.LFE7:
  61              		.size	_core_init, .-_core_init
  62 0028 AFF30080 		.section	.text.chCoreAlloc,"ax",%progbits
  62      AFF30080 
  63              		.align	2
  64              		.p2align 4,,15
  65              		.global	chCoreAlloc
  66              		.thumb
  67              		.thumb_func
  68              		.type	chCoreAlloc, %function
  69              	chCoreAlloc:
  70              	.LFB8:
  71              		.loc 1 91 0
  72              		.cfi_startproc
  73              		@ args = 0, pretend = 0, frame = 0
  74              		@ frame_needed = 0, uses_anonymous_args = 0
  75              		@ link register save eliminated.
  76              	.LVL0:
  77              		.loc 1 94 0
  78              	@ 94 "ChibiOS_2.6.6/os/kernel/src/chmemcore.c" 1
  79 0000 72B6     		cpsid   i
  80              	@ 0 "" 2
  81              	.LVL1:
  82              		.thumb
  83              	.LBB4:
  84              	.LBB5:
  85              		.loc 1 118 0
  86 0002 084A     		ldr	r2, .L7
  87 0004 0849     		ldr	r1, .L7+4
  88 0006 1368     		ldr	r3, [r2]
  89 0008 0968     		ldr	r1, [r1]
  90              		.loc 1 117 0
  91 000a 0730     		adds	r0, r0, #7
  92              	.LVL2:
  93 000c 20F00700 		bic	r0, r0, #7
  94              	.LVL3:
  95              		.loc 1 118 0
  96 0010 C91A     		subs	r1, r1, r3
  97 0012 8842     		cmp	r0, r1
  98              	.LVL4:
  99              		.loc 1 121 0
 100 0014 9BBF     		ittet	ls
 101 0016 C018     		addls	r0, r0, r3
 102              	.LVL5:
 103 0018 1060     		strls	r0, [r2]
 104              		.loc 1 119 0
 105 001a 0020     		movhi	r0, #0
 106              		.loc 1 122 0
 107 001c 1846     		movls	r0, r3
 108              	.LBE5:
 109              	.LBE4:
 110              		.loc 1 96 0
 111              	@ 96 "ChibiOS_2.6.6/os/kernel/src/chmemcore.c" 1
 112 001e 62B6     		cpsie   i
 113              	@ 0 "" 2
ARM GAS  C:\Users\jsyoon\AppData\Local\Temp\ccqxt9Dw.s 			page 3


 114              		.loc 1 98 0
 115              		.thumb
 116 0020 7047     		bx	lr
 117              	.L8:
 118 0022 00BF     		.align	2
 119              	.L7:
 120 0024 00000000 		.word	.LANCHOR0
 121 0028 00000000 		.word	.LANCHOR1
 122              		.cfi_endproc
 123              	.LFE8:
 124              		.size	chCoreAlloc, .-chCoreAlloc
 125 002c AFF30080 		.section	.text.chCoreAllocI,"ax",%progbits
 126              		.align	2
 127              		.p2align 4,,15
 128              		.global	chCoreAllocI
 129              		.thumb
 130              		.thumb_func
 131              		.type	chCoreAllocI, %function
 132              	chCoreAllocI:
 133              	.LFB9:
 134              		.loc 1 112 0
 135              		.cfi_startproc
 136              		@ args = 0, pretend = 0, frame = 0
 137              		@ frame_needed = 0, uses_anonymous_args = 0
 138              		@ link register save eliminated.
 139              	.LVL6:
 140              		.loc 1 118 0
 141 0000 074A     		ldr	r2, .L12
 142 0002 0849     		ldr	r1, .L12+4
 143 0004 1368     		ldr	r3, [r2]
 144 0006 0968     		ldr	r1, [r1]
 145              		.loc 1 117 0
 146 0008 0730     		adds	r0, r0, #7
 147              	.LVL7:
 148 000a 20F00700 		bic	r0, r0, #7
 149              	.LVL8:
 150              		.loc 1 118 0
 151 000e C91A     		subs	r1, r1, r3
 152 0010 8842     		cmp	r0, r1
 153              	.LVL9:
 154              		.loc 1 121 0
 155 0012 9DBF     		ittte	ls
 156 0014 C018     		addls	r0, r0, r3
 157              	.LVL10:
 158 0016 1060     		strls	r0, [r2]
 159              		.loc 1 122 0
 160 0018 1846     		movls	r0, r3
 161              		.loc 1 119 0
 162 001a 0020     		movhi	r0, #0
 163              		.loc 1 123 0
 164 001c 7047     		bx	lr
 165              	.L13:
 166 001e 00BF     		.align	2
 167              	.L12:
 168 0020 00000000 		.word	.LANCHOR0
 169 0024 00000000 		.word	.LANCHOR1
 170              		.cfi_endproc
ARM GAS  C:\Users\jsyoon\AppData\Local\Temp\ccqxt9Dw.s 			page 4


 171              	.LFE9:
 172              		.size	chCoreAllocI, .-chCoreAllocI
 173 0028 AFF30080 		.section	.text.chCoreStatus,"ax",%progbits
 173      AFF30080 
 174              		.align	2
 175              		.p2align 4,,15
 176              		.global	chCoreStatus
 177              		.thumb
 178              		.thumb_func
 179              		.type	chCoreStatus, %function
 180              	chCoreStatus:
 181              	.LFB10:
 182              		.loc 1 132 0
 183              		.cfi_startproc
 184              		@ args = 0, pretend = 0, frame = 0
 185              		@ frame_needed = 0, uses_anonymous_args = 0
 186              		@ link register save eliminated.
 187              		.loc 1 134 0
 188 0000 024A     		ldr	r2, .L15
 189 0002 034B     		ldr	r3, .L15+4
 190 0004 1068     		ldr	r0, [r2]
 191 0006 1B68     		ldr	r3, [r3]
 192              		.loc 1 135 0
 193 0008 C01A     		subs	r0, r0, r3
 194 000a 7047     		bx	lr
 195              	.L16:
 196              		.align	2
 197              	.L15:
 198 000c 00000000 		.word	.LANCHOR1
 199 0010 00000000 		.word	.LANCHOR0
 200              		.cfi_endproc
 201              	.LFE10:
 202              		.size	chCoreStatus, .-chCoreStatus
 203 0014 AFF30080 		.section	.bss.endmem,"aw",%nobits
 203      AFF30080 
 203      AFF30080 
 204              		.align	2
 205              		.set	.LANCHOR1,. + 0
 206              		.type	endmem, %object
 207              		.size	endmem, 4
 208              	endmem:
 209 0000 00000000 		.space	4
 210              		.section	.bss.nextmem,"aw",%nobits
 211              		.align	2
 212              		.set	.LANCHOR0,. + 0
 213              		.type	nextmem, %object
 214              		.size	nextmem, 4
 215              	nextmem:
 216 0000 00000000 		.space	4
 217              		.text
 218              	.Letext0:
 219              		.file 2 "c:\\crosstools\\gcc-arm-embedded\\4.8_2014q2\\lib\\gcc\\arm-none-eabi\\4.8.4\\include\\st
 220              		.file 3 "c:\\crosstools\\gcc-arm-embedded\\4.8_2014q2\\arm-none-eabi\\include\\machine\\_default_t
 221              		.file 4 "c:\\crosstools\\gcc-arm-embedded\\4.8_2014q2\\arm-none-eabi\\include\\stdint.h"
 222              		.section	.debug_info,"",%progbits
 223              	.Ldebug_info0:
 224 0000 CF010000 		.4byte	0x1cf
ARM GAS  C:\Users\jsyoon\AppData\Local\Temp\ccqxt9Dw.s 			page 5


 225 0004 0400     		.2byte	0x4
 226 0006 00000000 		.4byte	.Ldebug_abbrev0
 227 000a 04       		.byte	0x4
 228 000b 01       		.uleb128 0x1
 229 000c 8D000000 		.4byte	.LASF19
 230 0010 01       		.byte	0x1
 231 0011 4F020000 		.4byte	.LASF20
 232 0015 3D000000 		.4byte	.LASF21
 233 0019 00000000 		.4byte	.Ldebug_ranges0+0
 234 001d 00000000 		.4byte	0
 235 0021 00000000 		.4byte	.Ldebug_line0
 236 0025 02       		.uleb128 0x2
 237 0026 04       		.byte	0x4
 238 0027 05       		.byte	0x5
 239 0028 696E7400 		.ascii	"int\000"
 240 002c 03       		.uleb128 0x3
 241 002d 21000000 		.4byte	.LASF2
 242 0031 02       		.byte	0x2
 243 0032 D4       		.byte	0xd4
 244 0033 37000000 		.4byte	0x37
 245 0037 04       		.uleb128 0x4
 246 0038 04       		.byte	0x4
 247 0039 07       		.byte	0x7
 248 003a 2D020000 		.4byte	.LASF0
 249 003e 04       		.uleb128 0x4
 250 003f 01       		.byte	0x1
 251 0040 06       		.byte	0x6
 252 0041 1C020000 		.4byte	.LASF1
 253 0045 03       		.uleb128 0x3
 254 0046 C8010000 		.4byte	.LASF3
 255 004a 03       		.byte	0x3
 256 004b 1C       		.byte	0x1c
 257 004c 50000000 		.4byte	0x50
 258 0050 04       		.uleb128 0x4
 259 0051 01       		.byte	0x1
 260 0052 08       		.byte	0x8
 261 0053 DA010000 		.4byte	.LASF4
 262 0057 04       		.uleb128 0x4
 263 0058 02       		.byte	0x2
 264 0059 05       		.byte	0x5
 265 005a 45020000 		.4byte	.LASF5
 266 005e 04       		.uleb128 0x4
 267 005f 02       		.byte	0x2
 268 0060 07       		.byte	0x7
 269 0061 0E000000 		.4byte	.LASF6
 270 0065 04       		.uleb128 0x4
 271 0066 04       		.byte	0x4
 272 0067 05       		.byte	0x5
 273 0068 F9010000 		.4byte	.LASF7
 274 006c 04       		.uleb128 0x4
 275 006d 04       		.byte	0x4
 276 006e 07       		.byte	0x7
 277 006f 7B000000 		.4byte	.LASF8
 278 0073 04       		.uleb128 0x4
 279 0074 08       		.byte	0x8
 280 0075 05       		.byte	0x5
 281 0076 00000000 		.4byte	.LASF9
ARM GAS  C:\Users\jsyoon\AppData\Local\Temp\ccqxt9Dw.s 			page 6


 282 007a 04       		.uleb128 0x4
 283 007b 08       		.byte	0x8
 284 007c 07       		.byte	0x7
 285 007d B1010000 		.4byte	.LASF10
 286 0081 03       		.uleb128 0x3
 287 0082 D2010000 		.4byte	.LASF11
 288 0086 04       		.byte	0x4
 289 0087 2A       		.byte	0x2a
 290 0088 45000000 		.4byte	0x45
 291 008c 04       		.uleb128 0x4
 292 008d 01       		.byte	0x1
 293 008e 02       		.byte	0x2
 294 008f 02020000 		.4byte	.LASF12
 295 0093 05       		.uleb128 0x5
 296 0094 04       		.byte	0x4
 297 0095 04       		.uleb128 0x4
 298 0096 04       		.byte	0x4
 299 0097 07       		.byte	0x7
 300 0098 77020000 		.4byte	.LASF13
 301 009c 04       		.uleb128 0x4
 302 009d 01       		.byte	0x1
 303 009e 08       		.byte	0x8
 304 009f E8010000 		.4byte	.LASF14
 305 00a3 06       		.uleb128 0x6
 306 00a4 04       		.byte	0x4
 307 00a5 81000000 		.4byte	0x81
 308 00a9 07       		.uleb128 0x7
 309 00aa 0F020000 		.4byte	.LASF22
 310 00ae 01       		.byte	0x1
 311 00af 70       		.byte	0x70
 312 00b0 93000000 		.4byte	0x93
 313 00b4 01       		.byte	0x1
 314 00b5 CE000000 		.4byte	0xce
 315 00b9 08       		.uleb128 0x8
 316 00ba 28020000 		.4byte	.LASF23
 317 00be 01       		.byte	0x1
 318 00bf 70       		.byte	0x70
 319 00c0 2C000000 		.4byte	0x2c
 320 00c4 09       		.uleb128 0x9
 321 00c5 7000     		.ascii	"p\000"
 322 00c7 01       		.byte	0x1
 323 00c8 71       		.byte	0x71
 324 00c9 93000000 		.4byte	0x93
 325 00cd 00       		.byte	0
 326 00ce 0A       		.uleb128 0xa
 327 00cf 3A020000 		.4byte	.LASF24
 328 00d3 01       		.byte	0x1
 329 00d4 42       		.byte	0x42
 330 00d5 00000000 		.4byte	.LFB7
 331 00d9 28000000 		.4byte	.LFE7-.LFB7
 332 00dd 01       		.uleb128 0x1
 333 00de 9C       		.byte	0x9c
 334 00df FA000000 		.4byte	0xfa
 335 00e3 0B       		.uleb128 0xb
 336 00e4 6D000000 		.4byte	.LASF15
 337 00e8 01       		.byte	0x1
 338 00e9 44       		.byte	0x44
ARM GAS  C:\Users\jsyoon\AppData\Local\Temp\ccqxt9Dw.s 			page 7


 339 00ea FA000000 		.4byte	0xfa
 340 00ee 0B       		.uleb128 0xb
 341 00ef 30000000 		.4byte	.LASF16
 342 00f3 01       		.byte	0x1
 343 00f4 45       		.byte	0x45
 344 00f5 FA000000 		.4byte	0xfa
 345 00f9 00       		.byte	0
 346 00fa 0C       		.uleb128 0xc
 347 00fb 81000000 		.4byte	0x81
 348 00ff 05010000 		.4byte	0x105
 349 0103 0D       		.uleb128 0xd
 350 0104 00       		.byte	0
 351 0105 0E       		.uleb128 0xe
 352 0106 ED010000 		.4byte	.LASF25
 353 010a 01       		.byte	0x1
 354 010b 5B       		.byte	0x5b
 355 010c 93000000 		.4byte	0x93
 356 0110 00000000 		.4byte	.LFB8
 357 0114 2C000000 		.4byte	.LFE8-.LFB8
 358 0118 01       		.uleb128 0x1
 359 0119 9C       		.byte	0x9c
 360 011a 61010000 		.4byte	0x161
 361 011e 0F       		.uleb128 0xf
 362 011f 28020000 		.4byte	.LASF23
 363 0123 01       		.byte	0x1
 364 0124 5B       		.byte	0x5b
 365 0125 2C000000 		.4byte	0x2c
 366 0129 00000000 		.4byte	.LLST0
 367 012d 09       		.uleb128 0x9
 368 012e 7000     		.ascii	"p\000"
 369 0130 01       		.byte	0x1
 370 0131 5C       		.byte	0x5c
 371 0132 93000000 		.4byte	0x93
 372 0136 10       		.uleb128 0x10
 373 0137 A9000000 		.4byte	0xa9
 374 013b 02000000 		.4byte	.LBB4
 375 013f 1C000000 		.4byte	.LBE4-.LBB4
 376 0143 01       		.byte	0x1
 377 0144 5F       		.byte	0x5f
 378 0145 11       		.uleb128 0x11
 379 0146 B9000000 		.4byte	0xb9
 380 014a 2E000000 		.4byte	.LLST1
 381 014e 12       		.uleb128 0x12
 382 014f 02000000 		.4byte	.LBB5
 383 0153 1C000000 		.4byte	.LBE5-.LBB5
 384 0157 13       		.uleb128 0x13
 385 0158 C4000000 		.4byte	0xc4
 386 015c 01       		.uleb128 0x1
 387 015d 53       		.byte	0x53
 388 015e 00       		.byte	0
 389 015f 00       		.byte	0
 390 0160 00       		.byte	0
 391 0161 14       		.uleb128 0x14
 392 0162 A9000000 		.4byte	0xa9
 393 0166 00000000 		.4byte	.LFB9
 394 016a 28000000 		.4byte	.LFE9-.LFB9
 395 016e 01       		.uleb128 0x1
ARM GAS  C:\Users\jsyoon\AppData\Local\Temp\ccqxt9Dw.s 			page 8


 396 016f 9C       		.byte	0x9c
 397 0170 85010000 		.4byte	0x185
 398 0174 11       		.uleb128 0x11
 399 0175 B9000000 		.4byte	0xb9
 400 0179 6C000000 		.4byte	.LLST2
 401 017d 13       		.uleb128 0x13
 402 017e C4000000 		.4byte	0xc4
 403 0182 01       		.uleb128 0x1
 404 0183 53       		.byte	0x53
 405 0184 00       		.byte	0
 406 0185 15       		.uleb128 0x15
 407 0186 80020000 		.4byte	.LASF26
 408 018a 01       		.byte	0x1
 409 018b 84       		.byte	0x84
 410 018c 2C000000 		.4byte	0x2c
 411 0190 00000000 		.4byte	.LFB10
 412 0194 14000000 		.4byte	.LFE10-.LFB10
 413 0198 01       		.uleb128 0x1
 414 0199 9C       		.byte	0x9c
 415 019a 16       		.uleb128 0x16
 416 019b 28000000 		.4byte	.LASF17
 417 019f 01       		.byte	0x1
 418 01a0 3A       		.byte	0x3a
 419 01a1 A3000000 		.4byte	0xa3
 420 01a5 05       		.uleb128 0x5
 421 01a6 03       		.byte	0x3
 422 01a7 00000000 		.4byte	nextmem
 423 01ab 16       		.uleb128 0x16
 424 01ac 08020000 		.4byte	.LASF18
 425 01b0 01       		.byte	0x1
 426 01b1 3B       		.byte	0x3b
 427 01b2 A3000000 		.4byte	0xa3
 428 01b6 05       		.uleb128 0x5
 429 01b7 03       		.byte	0x3
 430 01b8 00000000 		.4byte	endmem
 431 01bc 0B       		.uleb128 0xb
 432 01bd 6D000000 		.4byte	.LASF15
 433 01c1 01       		.byte	0x1
 434 01c2 44       		.byte	0x44
 435 01c3 FA000000 		.4byte	0xfa
 436 01c7 0B       		.uleb128 0xb
 437 01c8 30000000 		.4byte	.LASF16
 438 01cc 01       		.byte	0x1
 439 01cd 45       		.byte	0x45
 440 01ce FA000000 		.4byte	0xfa
 441 01d2 00       		.byte	0
 442              		.section	.debug_abbrev,"",%progbits
 443              	.Ldebug_abbrev0:
 444 0000 01       		.uleb128 0x1
 445 0001 11       		.uleb128 0x11
 446 0002 01       		.byte	0x1
 447 0003 25       		.uleb128 0x25
 448 0004 0E       		.uleb128 0xe
 449 0005 13       		.uleb128 0x13
 450 0006 0B       		.uleb128 0xb
 451 0007 03       		.uleb128 0x3
 452 0008 0E       		.uleb128 0xe
ARM GAS  C:\Users\jsyoon\AppData\Local\Temp\ccqxt9Dw.s 			page 9


 453 0009 1B       		.uleb128 0x1b
 454 000a 0E       		.uleb128 0xe
 455 000b 55       		.uleb128 0x55
 456 000c 17       		.uleb128 0x17
 457 000d 11       		.uleb128 0x11
 458 000e 01       		.uleb128 0x1
 459 000f 10       		.uleb128 0x10
 460 0010 17       		.uleb128 0x17
 461 0011 00       		.byte	0
 462 0012 00       		.byte	0
 463 0013 02       		.uleb128 0x2
 464 0014 24       		.uleb128 0x24
 465 0015 00       		.byte	0
 466 0016 0B       		.uleb128 0xb
 467 0017 0B       		.uleb128 0xb
 468 0018 3E       		.uleb128 0x3e
 469 0019 0B       		.uleb128 0xb
 470 001a 03       		.uleb128 0x3
 471 001b 08       		.uleb128 0x8
 472 001c 00       		.byte	0
 473 001d 00       		.byte	0
 474 001e 03       		.uleb128 0x3
 475 001f 16       		.uleb128 0x16
 476 0020 00       		.byte	0
 477 0021 03       		.uleb128 0x3
 478 0022 0E       		.uleb128 0xe
 479 0023 3A       		.uleb128 0x3a
 480 0024 0B       		.uleb128 0xb
 481 0025 3B       		.uleb128 0x3b
 482 0026 0B       		.uleb128 0xb
 483 0027 49       		.uleb128 0x49
 484 0028 13       		.uleb128 0x13
 485 0029 00       		.byte	0
 486 002a 00       		.byte	0
 487 002b 04       		.uleb128 0x4
 488 002c 24       		.uleb128 0x24
 489 002d 00       		.byte	0
 490 002e 0B       		.uleb128 0xb
 491 002f 0B       		.uleb128 0xb
 492 0030 3E       		.uleb128 0x3e
 493 0031 0B       		.uleb128 0xb
 494 0032 03       		.uleb128 0x3
 495 0033 0E       		.uleb128 0xe
 496 0034 00       		.byte	0
 497 0035 00       		.byte	0
 498 0036 05       		.uleb128 0x5
 499 0037 0F       		.uleb128 0xf
 500 0038 00       		.byte	0
 501 0039 0B       		.uleb128 0xb
 502 003a 0B       		.uleb128 0xb
 503 003b 00       		.byte	0
 504 003c 00       		.byte	0
 505 003d 06       		.uleb128 0x6
 506 003e 0F       		.uleb128 0xf
 507 003f 00       		.byte	0
 508 0040 0B       		.uleb128 0xb
 509 0041 0B       		.uleb128 0xb
ARM GAS  C:\Users\jsyoon\AppData\Local\Temp\ccqxt9Dw.s 			page 10


 510 0042 49       		.uleb128 0x49
 511 0043 13       		.uleb128 0x13
 512 0044 00       		.byte	0
 513 0045 00       		.byte	0
 514 0046 07       		.uleb128 0x7
 515 0047 2E       		.uleb128 0x2e
 516 0048 01       		.byte	0x1
 517 0049 3F       		.uleb128 0x3f
 518 004a 19       		.uleb128 0x19
 519 004b 03       		.uleb128 0x3
 520 004c 0E       		.uleb128 0xe
 521 004d 3A       		.uleb128 0x3a
 522 004e 0B       		.uleb128 0xb
 523 004f 3B       		.uleb128 0x3b
 524 0050 0B       		.uleb128 0xb
 525 0051 27       		.uleb128 0x27
 526 0052 19       		.uleb128 0x19
 527 0053 49       		.uleb128 0x49
 528 0054 13       		.uleb128 0x13
 529 0055 20       		.uleb128 0x20
 530 0056 0B       		.uleb128 0xb
 531 0057 01       		.uleb128 0x1
 532 0058 13       		.uleb128 0x13
 533 0059 00       		.byte	0
 534 005a 00       		.byte	0
 535 005b 08       		.uleb128 0x8
 536 005c 05       		.uleb128 0x5
 537 005d 00       		.byte	0
 538 005e 03       		.uleb128 0x3
 539 005f 0E       		.uleb128 0xe
 540 0060 3A       		.uleb128 0x3a
 541 0061 0B       		.uleb128 0xb
 542 0062 3B       		.uleb128 0x3b
 543 0063 0B       		.uleb128 0xb
 544 0064 49       		.uleb128 0x49
 545 0065 13       		.uleb128 0x13
 546 0066 00       		.byte	0
 547 0067 00       		.byte	0
 548 0068 09       		.uleb128 0x9
 549 0069 34       		.uleb128 0x34
 550 006a 00       		.byte	0
 551 006b 03       		.uleb128 0x3
 552 006c 08       		.uleb128 0x8
 553 006d 3A       		.uleb128 0x3a
 554 006e 0B       		.uleb128 0xb
 555 006f 3B       		.uleb128 0x3b
 556 0070 0B       		.uleb128 0xb
 557 0071 49       		.uleb128 0x49
 558 0072 13       		.uleb128 0x13
 559 0073 00       		.byte	0
 560 0074 00       		.byte	0
 561 0075 0A       		.uleb128 0xa
 562 0076 2E       		.uleb128 0x2e
 563 0077 01       		.byte	0x1
 564 0078 3F       		.uleb128 0x3f
 565 0079 19       		.uleb128 0x19
 566 007a 03       		.uleb128 0x3
ARM GAS  C:\Users\jsyoon\AppData\Local\Temp\ccqxt9Dw.s 			page 11


 567 007b 0E       		.uleb128 0xe
 568 007c 3A       		.uleb128 0x3a
 569 007d 0B       		.uleb128 0xb
 570 007e 3B       		.uleb128 0x3b
 571 007f 0B       		.uleb128 0xb
 572 0080 27       		.uleb128 0x27
 573 0081 19       		.uleb128 0x19
 574 0082 11       		.uleb128 0x11
 575 0083 01       		.uleb128 0x1
 576 0084 12       		.uleb128 0x12
 577 0085 06       		.uleb128 0x6
 578 0086 40       		.uleb128 0x40
 579 0087 18       		.uleb128 0x18
 580 0088 9742     		.uleb128 0x2117
 581 008a 19       		.uleb128 0x19
 582 008b 01       		.uleb128 0x1
 583 008c 13       		.uleb128 0x13
 584 008d 00       		.byte	0
 585 008e 00       		.byte	0
 586 008f 0B       		.uleb128 0xb
 587 0090 34       		.uleb128 0x34
 588 0091 00       		.byte	0
 589 0092 03       		.uleb128 0x3
 590 0093 0E       		.uleb128 0xe
 591 0094 3A       		.uleb128 0x3a
 592 0095 0B       		.uleb128 0xb
 593 0096 3B       		.uleb128 0x3b
 594 0097 0B       		.uleb128 0xb
 595 0098 49       		.uleb128 0x49
 596 0099 13       		.uleb128 0x13
 597 009a 3F       		.uleb128 0x3f
 598 009b 19       		.uleb128 0x19
 599 009c 3C       		.uleb128 0x3c
 600 009d 19       		.uleb128 0x19
 601 009e 00       		.byte	0
 602 009f 00       		.byte	0
 603 00a0 0C       		.uleb128 0xc
 604 00a1 01       		.uleb128 0x1
 605 00a2 01       		.byte	0x1
 606 00a3 49       		.uleb128 0x49
 607 00a4 13       		.uleb128 0x13
 608 00a5 01       		.uleb128 0x1
 609 00a6 13       		.uleb128 0x13
 610 00a7 00       		.byte	0
 611 00a8 00       		.byte	0
 612 00a9 0D       		.uleb128 0xd
 613 00aa 21       		.uleb128 0x21
 614 00ab 00       		.byte	0
 615 00ac 00       		.byte	0
 616 00ad 00       		.byte	0
 617 00ae 0E       		.uleb128 0xe
 618 00af 2E       		.uleb128 0x2e
 619 00b0 01       		.byte	0x1
 620 00b1 3F       		.uleb128 0x3f
 621 00b2 19       		.uleb128 0x19
 622 00b3 03       		.uleb128 0x3
 623 00b4 0E       		.uleb128 0xe
ARM GAS  C:\Users\jsyoon\AppData\Local\Temp\ccqxt9Dw.s 			page 12


 624 00b5 3A       		.uleb128 0x3a
 625 00b6 0B       		.uleb128 0xb
 626 00b7 3B       		.uleb128 0x3b
 627 00b8 0B       		.uleb128 0xb
 628 00b9 27       		.uleb128 0x27
 629 00ba 19       		.uleb128 0x19
 630 00bb 49       		.uleb128 0x49
 631 00bc 13       		.uleb128 0x13
 632 00bd 11       		.uleb128 0x11
 633 00be 01       		.uleb128 0x1
 634 00bf 12       		.uleb128 0x12
 635 00c0 06       		.uleb128 0x6
 636 00c1 40       		.uleb128 0x40
 637 00c2 18       		.uleb128 0x18
 638 00c3 9742     		.uleb128 0x2117
 639 00c5 19       		.uleb128 0x19
 640 00c6 01       		.uleb128 0x1
 641 00c7 13       		.uleb128 0x13
 642 00c8 00       		.byte	0
 643 00c9 00       		.byte	0
 644 00ca 0F       		.uleb128 0xf
 645 00cb 05       		.uleb128 0x5
 646 00cc 00       		.byte	0
 647 00cd 03       		.uleb128 0x3
 648 00ce 0E       		.uleb128 0xe
 649 00cf 3A       		.uleb128 0x3a
 650 00d0 0B       		.uleb128 0xb
 651 00d1 3B       		.uleb128 0x3b
 652 00d2 0B       		.uleb128 0xb
 653 00d3 49       		.uleb128 0x49
 654 00d4 13       		.uleb128 0x13
 655 00d5 02       		.uleb128 0x2
 656 00d6 17       		.uleb128 0x17
 657 00d7 00       		.byte	0
 658 00d8 00       		.byte	0
 659 00d9 10       		.uleb128 0x10
 660 00da 1D       		.uleb128 0x1d
 661 00db 01       		.byte	0x1
 662 00dc 31       		.uleb128 0x31
 663 00dd 13       		.uleb128 0x13
 664 00de 11       		.uleb128 0x11
 665 00df 01       		.uleb128 0x1
 666 00e0 12       		.uleb128 0x12
 667 00e1 06       		.uleb128 0x6
 668 00e2 58       		.uleb128 0x58
 669 00e3 0B       		.uleb128 0xb
 670 00e4 59       		.uleb128 0x59
 671 00e5 0B       		.uleb128 0xb
 672 00e6 00       		.byte	0
 673 00e7 00       		.byte	0
 674 00e8 11       		.uleb128 0x11
 675 00e9 05       		.uleb128 0x5
 676 00ea 00       		.byte	0
 677 00eb 31       		.uleb128 0x31
 678 00ec 13       		.uleb128 0x13
 679 00ed 02       		.uleb128 0x2
 680 00ee 17       		.uleb128 0x17
ARM GAS  C:\Users\jsyoon\AppData\Local\Temp\ccqxt9Dw.s 			page 13


 681 00ef 00       		.byte	0
 682 00f0 00       		.byte	0
 683 00f1 12       		.uleb128 0x12
 684 00f2 0B       		.uleb128 0xb
 685 00f3 01       		.byte	0x1
 686 00f4 11       		.uleb128 0x11
 687 00f5 01       		.uleb128 0x1
 688 00f6 12       		.uleb128 0x12
 689 00f7 06       		.uleb128 0x6
 690 00f8 00       		.byte	0
 691 00f9 00       		.byte	0
 692 00fa 13       		.uleb128 0x13
 693 00fb 34       		.uleb128 0x34
 694 00fc 00       		.byte	0
 695 00fd 31       		.uleb128 0x31
 696 00fe 13       		.uleb128 0x13
 697 00ff 02       		.uleb128 0x2
 698 0100 18       		.uleb128 0x18
 699 0101 00       		.byte	0
 700 0102 00       		.byte	0
 701 0103 14       		.uleb128 0x14
 702 0104 2E       		.uleb128 0x2e
 703 0105 01       		.byte	0x1
 704 0106 31       		.uleb128 0x31
 705 0107 13       		.uleb128 0x13
 706 0108 11       		.uleb128 0x11
 707 0109 01       		.uleb128 0x1
 708 010a 12       		.uleb128 0x12
 709 010b 06       		.uleb128 0x6
 710 010c 40       		.uleb128 0x40
 711 010d 18       		.uleb128 0x18
 712 010e 9742     		.uleb128 0x2117
 713 0110 19       		.uleb128 0x19
 714 0111 01       		.uleb128 0x1
 715 0112 13       		.uleb128 0x13
 716 0113 00       		.byte	0
 717 0114 00       		.byte	0
 718 0115 15       		.uleb128 0x15
 719 0116 2E       		.uleb128 0x2e
 720 0117 00       		.byte	0
 721 0118 3F       		.uleb128 0x3f
 722 0119 19       		.uleb128 0x19
 723 011a 03       		.uleb128 0x3
 724 011b 0E       		.uleb128 0xe
 725 011c 3A       		.uleb128 0x3a
 726 011d 0B       		.uleb128 0xb
 727 011e 3B       		.uleb128 0x3b
 728 011f 0B       		.uleb128 0xb
 729 0120 27       		.uleb128 0x27
 730 0121 19       		.uleb128 0x19
 731 0122 49       		.uleb128 0x49
 732 0123 13       		.uleb128 0x13
 733 0124 11       		.uleb128 0x11
 734 0125 01       		.uleb128 0x1
 735 0126 12       		.uleb128 0x12
 736 0127 06       		.uleb128 0x6
 737 0128 40       		.uleb128 0x40
ARM GAS  C:\Users\jsyoon\AppData\Local\Temp\ccqxt9Dw.s 			page 14


 738 0129 18       		.uleb128 0x18
 739 012a 9742     		.uleb128 0x2117
 740 012c 19       		.uleb128 0x19
 741 012d 00       		.byte	0
 742 012e 00       		.byte	0
 743 012f 16       		.uleb128 0x16
 744 0130 34       		.uleb128 0x34
 745 0131 00       		.byte	0
 746 0132 03       		.uleb128 0x3
 747 0133 0E       		.uleb128 0xe
 748 0134 3A       		.uleb128 0x3a
 749 0135 0B       		.uleb128 0xb
 750 0136 3B       		.uleb128 0x3b
 751 0137 0B       		.uleb128 0xb
 752 0138 49       		.uleb128 0x49
 753 0139 13       		.uleb128 0x13
 754 013a 02       		.uleb128 0x2
 755 013b 18       		.uleb128 0x18
 756 013c 00       		.byte	0
 757 013d 00       		.byte	0
 758 013e 00       		.byte	0
 759              		.section	.debug_loc,"",%progbits
 760              	.Ldebug_loc0:
 761              	.LLST0:
 762 0000 00000000 		.4byte	.LVL0
 763 0004 0C000000 		.4byte	.LVL2
 764 0008 0100     		.2byte	0x1
 765 000a 50       		.byte	0x50
 766 000b 0C000000 		.4byte	.LVL2
 767 000f 10000000 		.4byte	.LVL3
 768 0013 0300     		.2byte	0x3
 769 0015 70       		.byte	0x70
 770 0016 79       		.sleb128 -7
 771 0017 9F       		.byte	0x9f
 772 0018 10000000 		.4byte	.LVL3
 773 001c 2C000000 		.4byte	.LFE8
 774 0020 0400     		.2byte	0x4
 775 0022 F3       		.byte	0xf3
 776 0023 01       		.uleb128 0x1
 777 0024 50       		.byte	0x50
 778 0025 9F       		.byte	0x9f
 779 0026 00000000 		.4byte	0
 780 002a 00000000 		.4byte	0
 781              	.LLST1:
 782 002e 02000000 		.4byte	.LVL1
 783 0032 0C000000 		.4byte	.LVL2
 784 0036 0100     		.2byte	0x1
 785 0038 50       		.byte	0x50
 786 0039 0C000000 		.4byte	.LVL2
 787 003d 10000000 		.4byte	.LVL3
 788 0041 0300     		.2byte	0x3
 789 0043 70       		.byte	0x70
 790 0044 79       		.sleb128 -7
 791 0045 9F       		.byte	0x9f
 792 0046 10000000 		.4byte	.LVL3
 793 004a 18000000 		.4byte	.LVL5
 794 004e 0100     		.2byte	0x1
ARM GAS  C:\Users\jsyoon\AppData\Local\Temp\ccqxt9Dw.s 			page 15


 795 0050 50       		.byte	0x50
 796 0051 18000000 		.4byte	.LVL5
 797 0055 2C000000 		.4byte	.LFE8
 798 0059 0900     		.2byte	0x9
 799 005b F3       		.byte	0xf3
 800 005c 01       		.uleb128 0x1
 801 005d 50       		.byte	0x50
 802 005e 23       		.byte	0x23
 803 005f 07       		.uleb128 0x7
 804 0060 09       		.byte	0x9
 805 0061 F8       		.byte	0xf8
 806 0062 1A       		.byte	0x1a
 807 0063 9F       		.byte	0x9f
 808 0064 00000000 		.4byte	0
 809 0068 00000000 		.4byte	0
 810              	.LLST2:
 811 006c 00000000 		.4byte	.LVL6
 812 0070 0A000000 		.4byte	.LVL7
 813 0074 0100     		.2byte	0x1
 814 0076 50       		.byte	0x50
 815 0077 0A000000 		.4byte	.LVL7
 816 007b 0E000000 		.4byte	.LVL8
 817 007f 0300     		.2byte	0x3
 818 0081 70       		.byte	0x70
 819 0082 79       		.sleb128 -7
 820 0083 9F       		.byte	0x9f
 821 0084 0E000000 		.4byte	.LVL8
 822 0088 16000000 		.4byte	.LVL10
 823 008c 0100     		.2byte	0x1
 824 008e 50       		.byte	0x50
 825 008f 16000000 		.4byte	.LVL10
 826 0093 28000000 		.4byte	.LFE9
 827 0097 0900     		.2byte	0x9
 828 0099 F3       		.byte	0xf3
 829 009a 01       		.uleb128 0x1
 830 009b 50       		.byte	0x50
 831 009c 23       		.byte	0x23
 832 009d 07       		.uleb128 0x7
 833 009e 09       		.byte	0x9
 834 009f F8       		.byte	0xf8
 835 00a0 1A       		.byte	0x1a
 836 00a1 9F       		.byte	0x9f
 837 00a2 00000000 		.4byte	0
 838 00a6 00000000 		.4byte	0
 839              		.section	.debug_aranges,"",%progbits
 840 0000 34000000 		.4byte	0x34
 841 0004 0200     		.2byte	0x2
 842 0006 00000000 		.4byte	.Ldebug_info0
 843 000a 04       		.byte	0x4
 844 000b 00       		.byte	0
 845 000c 0000     		.2byte	0
 846 000e 0000     		.2byte	0
 847 0010 00000000 		.4byte	.LFB7
 848 0014 28000000 		.4byte	.LFE7-.LFB7
 849 0018 00000000 		.4byte	.LFB8
 850 001c 2C000000 		.4byte	.LFE8-.LFB8
 851 0020 00000000 		.4byte	.LFB9
ARM GAS  C:\Users\jsyoon\AppData\Local\Temp\ccqxt9Dw.s 			page 16


 852 0024 28000000 		.4byte	.LFE9-.LFB9
 853 0028 00000000 		.4byte	.LFB10
 854 002c 14000000 		.4byte	.LFE10-.LFB10
 855 0030 00000000 		.4byte	0
 856 0034 00000000 		.4byte	0
 857              		.section	.debug_ranges,"",%progbits
 858              	.Ldebug_ranges0:
 859 0000 00000000 		.4byte	.LFB7
 860 0004 28000000 		.4byte	.LFE7
 861 0008 00000000 		.4byte	.LFB8
 862 000c 2C000000 		.4byte	.LFE8
 863 0010 00000000 		.4byte	.LFB9
 864 0014 28000000 		.4byte	.LFE9
 865 0018 00000000 		.4byte	.LFB10
 866 001c 14000000 		.4byte	.LFE10
 867 0020 00000000 		.4byte	0
 868 0024 00000000 		.4byte	0
 869              		.section	.debug_line,"",%progbits
 870              	.Ldebug_line0:
 871 0000 A4010000 		.section	.debug_str,"MS",%progbits,1
 871      02004001 
 871      00000201 
 871      FB0E0D00 
 871      01010101 
 872              	.LASF9:
 873 0000 6C6F6E67 		.ascii	"long long int\000"
 873      206C6F6E 
 873      6720696E 
 873      7400
 874              	.LASF6:
 875 000e 73686F72 		.ascii	"short unsigned int\000"
 875      7420756E 
 875      7369676E 
 875      65642069 
 875      6E7400
 876              	.LASF2:
 877 0021 73697A65 		.ascii	"size_t\000"
 877      5F7400
 878              	.LASF17:
 879 0028 6E657874 		.ascii	"nextmem\000"
 879      6D656D00 
 880              	.LASF16:
 881 0030 5F5F6865 		.ascii	"__heap_end__\000"
 881      61705F65 
 881      6E645F5F 
 881      00
 882              	.LASF21:
 883 003d 453A5C4D 		.ascii	"E:\\Maker\\BLDC\\test_eval\\try2\\OROCA-BLDC_R15080"
 883      616B6572 
 883      5C424C44 
 883      435C7465 
 883      73745F65 
 884 006b 3700     		.ascii	"7\000"
 885              	.LASF15:
 886 006d 5F5F6865 		.ascii	"__heap_base__\000"
 886      61705F62 
 886      6173655F 
ARM GAS  C:\Users\jsyoon\AppData\Local\Temp\ccqxt9Dw.s 			page 17


 886      5F00
 887              	.LASF8:
 888 007b 6C6F6E67 		.ascii	"long unsigned int\000"
 888      20756E73 
 888      69676E65 
 888      6420696E 
 888      7400
 889              	.LASF19:
 890 008d 474E5520 		.ascii	"GNU C 4.8.4 20140526 (release) [ARM/embedded-4_8-br"
 890      4320342E 
 890      382E3420 
 890      32303134 
 890      30353236 
 891 00c0 616E6368 		.ascii	"anch revision 211358] -mcpu=cortex-m4 -mfloat-abi=h"
 891      20726576 
 891      6973696F 
 891      6E203231 
 891      31333538 
 892 00f3 61726420 		.ascii	"ard -mfpu=fpv4-sp-d16 -mno-thumb-interwork -mthumb "
 892      2D6D6670 
 892      753D6670 
 892      76342D73 
 892      702D6431 
 893 0126 2D676764 		.ascii	"-ggdb -O2 -std=gnu99 -fomit-frame-pointer -falign-f"
 893      62202D4F 
 893      32202D73 
 893      74643D67 
 893      6E753939 
 894 0159 756E6374 		.ascii	"unctions=16 -ffunction-sections -fdata-sections -fn"
 894      696F6E73 
 894      3D313620 
 894      2D666675 
 894      6E637469 
 895 018c 6F2D636F 		.ascii	"o-common -fsingle-precision-constant\000"
 895      6D6D6F6E 
 895      202D6673 
 895      696E676C 
 895      652D7072 
 896              	.LASF10:
 897 01b1 6C6F6E67 		.ascii	"long long unsigned int\000"
 897      206C6F6E 
 897      6720756E 
 897      7369676E 
 897      65642069 
 898              	.LASF3:
 899 01c8 5F5F7569 		.ascii	"__uint8_t\000"
 899      6E74385F 
 899      7400
 900              	.LASF11:
 901 01d2 75696E74 		.ascii	"uint8_t\000"
 901      385F7400 
 902              	.LASF4:
 903 01da 756E7369 		.ascii	"unsigned char\000"
 903      676E6564 
 903      20636861 
 903      7200
 904              	.LASF14:
ARM GAS  C:\Users\jsyoon\AppData\Local\Temp\ccqxt9Dw.s 			page 18


 905 01e8 63686172 		.ascii	"char\000"
 905      00
 906              	.LASF25:
 907 01ed 6368436F 		.ascii	"chCoreAlloc\000"
 907      7265416C 
 907      6C6F6300 
 908              	.LASF7:
 909 01f9 6C6F6E67 		.ascii	"long int\000"
 909      20696E74 
 909      00
 910              	.LASF12:
 911 0202 5F426F6F 		.ascii	"_Bool\000"
 911      6C00
 912              	.LASF18:
 913 0208 656E646D 		.ascii	"endmem\000"
 913      656D00
 914              	.LASF22:
 915 020f 6368436F 		.ascii	"chCoreAllocI\000"
 915      7265416C 
 915      6C6F6349 
 915      00
 916              	.LASF1:
 917 021c 7369676E 		.ascii	"signed char\000"
 917      65642063 
 917      68617200 
 918              	.LASF23:
 919 0228 73697A65 		.ascii	"size\000"
 919      00
 920              	.LASF0:
 921 022d 756E7369 		.ascii	"unsigned int\000"
 921      676E6564 
 921      20696E74 
 921      00
 922              	.LASF24:
 923 023a 5F636F72 		.ascii	"_core_init\000"
 923      655F696E 
 923      697400
 924              	.LASF5:
 925 0245 73686F72 		.ascii	"short int\000"
 925      7420696E 
 925      7400
 926              	.LASF20:
 927 024f 43686962 		.ascii	"ChibiOS_2.6.6/os/kernel/src/chmemcore.c\000"
 927      694F535F 
 927      322E362E 
 927      362F6F73 
 927      2F6B6572 
 928              	.LASF13:
 929 0277 73697A65 		.ascii	"sizetype\000"
 929      74797065 
 929      00
 930              	.LASF26:
 931 0280 6368436F 		.ascii	"chCoreStatus\000"
 931      72655374 
 931      61747573 
 931      00
 932              		.ident	"GCC: (GNU Tools for ARM Embedded Processors) 4.8.4 20140526 (release) [ARM/embedded-4_8-br
ARM GAS  C:\Users\jsyoon\AppData\Local\Temp\ccqxt9Dw.s 			page 19


ARM GAS  C:\Users\jsyoon\AppData\Local\Temp\ccqxt9Dw.s 			page 20


DEFINED SYMBOLS
                            *ABS*:00000000 chmemcore.c
C:\Users\jsyoon\AppData\Local\Temp\ccqxt9Dw.s:21     .text._core_init:00000000 $t
C:\Users\jsyoon\AppData\Local\Temp\ccqxt9Dw.s:27     .text._core_init:00000000 _core_init
C:\Users\jsyoon\AppData\Local\Temp\ccqxt9Dw.s:55     .text._core_init:00000018 $d
C:\Users\jsyoon\AppData\Local\Temp\ccqxt9Dw.s:63     .text.chCoreAlloc:00000000 $t
C:\Users\jsyoon\AppData\Local\Temp\ccqxt9Dw.s:69     .text.chCoreAlloc:00000000 chCoreAlloc
C:\Users\jsyoon\AppData\Local\Temp\ccqxt9Dw.s:120    .text.chCoreAlloc:00000024 $d
C:\Users\jsyoon\AppData\Local\Temp\ccqxt9Dw.s:126    .text.chCoreAllocI:00000000 $t
C:\Users\jsyoon\AppData\Local\Temp\ccqxt9Dw.s:132    .text.chCoreAllocI:00000000 chCoreAllocI
C:\Users\jsyoon\AppData\Local\Temp\ccqxt9Dw.s:168    .text.chCoreAllocI:00000020 $d
C:\Users\jsyoon\AppData\Local\Temp\ccqxt9Dw.s:174    .text.chCoreStatus:00000000 $t
C:\Users\jsyoon\AppData\Local\Temp\ccqxt9Dw.s:180    .text.chCoreStatus:00000000 chCoreStatus
C:\Users\jsyoon\AppData\Local\Temp\ccqxt9Dw.s:198    .text.chCoreStatus:0000000c $d
C:\Users\jsyoon\AppData\Local\Temp\ccqxt9Dw.s:204    .bss.endmem:00000000 $d
C:\Users\jsyoon\AppData\Local\Temp\ccqxt9Dw.s:208    .bss.endmem:00000000 endmem
C:\Users\jsyoon\AppData\Local\Temp\ccqxt9Dw.s:211    .bss.nextmem:00000000 $d
C:\Users\jsyoon\AppData\Local\Temp\ccqxt9Dw.s:215    .bss.nextmem:00000000 nextmem
                     .debug_frame:00000010 $d
C:\Users\jsyoon\AppData\Local\Temp\ccqxt9Dw.s:62     .text._core_init:00000028 $t
C:\Users\jsyoon\AppData\Local\Temp\ccqxt9Dw.s:125    .text.chCoreAlloc:0000002c $t
C:\Users\jsyoon\AppData\Local\Temp\ccqxt9Dw.s:173    .text.chCoreAllocI:00000028 $t
C:\Users\jsyoon\AppData\Local\Temp\ccqxt9Dw.s:203    .text.chCoreStatus:00000014 $t

UNDEFINED SYMBOLS
__heap_base__
__heap_end__
