ARM GAS  C:\Users\jsyoon\AppData\Local\Temp\ccShXste.s 			page 1


   1              		.syntax unified
   2              		.cpu cortex-m4
   3              		.eabi_attribute 27, 3
   4              		.eabi_attribute 28, 1
   5              		.fpu fpv4-sp-d16
   6              		.eabi_attribute 20, 1
   7              		.eabi_attribute 21, 1
   8              		.eabi_attribute 23, 3
   9              		.eabi_attribute 24, 1
  10              		.eabi_attribute 25, 1
  11              		.eabi_attribute 26, 1
  12              		.eabi_attribute 30, 2
  13              		.eabi_attribute 34, 1
  14              		.eabi_attribute 18, 4
  15              		.thumb
  16              		.file	"chmempools.c"
  17              		.text
  18              	.Ltext0:
  19              		.cfi_sections	.debug_frame
  20              		.section	.text.chPoolInit,"ax",%progbits
  21              		.align	2
  22              		.p2align 4,,15
  23              		.global	chPoolInit
  24              		.thumb
  25              		.thumb_func
  26              		.type	chPoolInit, %function
  27              	chPoolInit:
  28              	.LFB7:
  29              		.file 1 "ChibiOS_2.6.6/os/kernel/src/chmempools.c"
  30              		.loc 1 62 0
  31              		.cfi_startproc
  32              		@ args = 0, pretend = 0, frame = 0
  33              		@ frame_needed = 0, uses_anonymous_args = 0
  34              		@ link register save eliminated.
  35              	.LVL0:
  36              		.loc 1 66 0
  37 0000 0023     		movs	r3, #0
  38              		.loc 1 67 0
  39 0002 4160     		str	r1, [r0, #4]
  40              		.loc 1 68 0
  41 0004 8260     		str	r2, [r0, #8]
  42              		.loc 1 66 0
  43 0006 0360     		str	r3, [r0]
  44 0008 7047     		bx	lr
  45              		.cfi_endproc
  46              	.LFE7:
  47              		.size	chPoolInit, .-chPoolInit
  48 000a 00BFAFF3 		.section	.text.chPoolLoadArray,"ax",%progbits
  48      0080
  49              		.align	2
  50              		.p2align 4,,15
  51              		.global	chPoolLoadArray
  52              		.thumb
  53              		.thumb_func
  54              		.type	chPoolLoadArray, %function
  55              	chPoolLoadArray:
  56              	.LFB8:
ARM GAS  C:\Users\jsyoon\AppData\Local\Temp\ccShXste.s 			page 2


  57              		.loc 1 84 0
  58              		.cfi_startproc
  59              		@ args = 0, pretend = 0, frame = 0
  60              		@ frame_needed = 0, uses_anonymous_args = 0
  61              		@ link register save eliminated.
  62              	.LVL1:
  63              		.loc 1 88 0
  64 0000 42B1     		cbz	r2, .L2
  65              	.LVL2:
  66              	.L5:
  67              	.LBB10:
  68              	.LBB11:
  69              		.loc 1 173 0
  70              	@ 173 "ChibiOS_2.6.6/os/kernel/src/chmempools.c" 1
  71 0002 72B6     		cpsid   i
  72              	@ 0 "" 2
  73              	.LVL3:
  74              		.thumb
  75              	.LBB12:
  76              	.LBB13:
  77              		.loc 1 155 0
  78 0004 0368     		ldr	r3, [r0]
  79 0006 0B60     		str	r3, [r1]
  80              		.loc 1 156 0
  81 0008 0160     		str	r1, [r0]
  82              	.LBE13:
  83              	.LBE12:
  84              		.loc 1 175 0
  85              	@ 175 "ChibiOS_2.6.6/os/kernel/src/chmempools.c" 1
  86 000a 62B6     		cpsie   i
  87              	@ 0 "" 2
  88              		.thumb
  89              	.LBE11:
  90              	.LBE10:
  91              		.loc 1 90 0
  92 000c 4368     		ldr	r3, [r0, #4]
  93              		.loc 1 88 0
  94 000e 013A     		subs	r2, r2, #1
  95              	.LVL4:
  96              		.loc 1 90 0
  97 0010 1944     		add	r1, r1, r3
  98              	.LVL5:
  99              		.loc 1 88 0
 100 0012 F6D1     		bne	.L5
 101              	.LVL6:
 102              	.L2:
 103 0014 7047     		bx	lr
 104              		.cfi_endproc
 105              	.LFE8:
 106              		.size	chPoolLoadArray, .-chPoolLoadArray
 107 0016 00BFAFF3 		.section	.text.chPoolAllocI,"ax",%progbits
 107      0080AFF3 
 107      0080
 108              		.align	2
 109              		.p2align 4,,15
 110              		.global	chPoolAllocI
 111              		.thumb
ARM GAS  C:\Users\jsyoon\AppData\Local\Temp\ccShXste.s 			page 3


 112              		.thumb_func
 113              		.type	chPoolAllocI, %function
 114              	chPoolAllocI:
 115              	.LFB9:
 116              		.loc 1 105 0
 117              		.cfi_startproc
 118              		@ args = 0, pretend = 0, frame = 0
 119              		@ frame_needed = 0, uses_anonymous_args = 0
 120              	.LVL7:
 121 0000 08B5     		push	{r3, lr}
 122              		.cfi_def_cfa_offset 8
 123              		.cfi_offset 3, -8
 124              		.cfi_offset 14, -4
 125              		.loc 1 105 0
 126 0002 0346     		mov	r3, r0
 127              		.loc 1 111 0
 128 0004 0068     		ldr	r0, [r0]
 129              	.LVL8:
 130 0006 10B1     		cbz	r0, .L12
 131              		.loc 1 112 0
 132 0008 0268     		ldr	r2, [r0]
 133 000a 1A60     		str	r2, [r3]
 134 000c 08BD     		pop	{r3, pc}
 135              	.LVL9:
 136              	.L12:
 137              		.loc 1 113 0
 138 000e 9A68     		ldr	r2, [r3, #8]
 139 0010 0AB1     		cbz	r2, .L13
 140              		.loc 1 114 0
 141 0012 5868     		ldr	r0, [r3, #4]
 142              	.LVL10:
 143 0014 9047     		blx	r2
 144              	.LVL11:
 145              	.L13:
 146              		.loc 1 116 0
 147 0016 08BD     		pop	{r3, pc}
 148              		.cfi_endproc
 149              	.LFE9:
 150              		.size	chPoolAllocI, .-chPoolAllocI
 151 0018 AFF30080 		.section	.text.chPoolAlloc,"ax",%progbits
 151      AFF30080 
 152              		.align	2
 153              		.p2align 4,,15
 154              		.global	chPoolAlloc
 155              		.thumb
 156              		.thumb_func
 157              		.type	chPoolAlloc, %function
 158              	chPoolAlloc:
 159              	.LFB10:
 160              		.loc 1 128 0
 161              		.cfi_startproc
 162              		@ args = 0, pretend = 0, frame = 0
 163              		@ frame_needed = 0, uses_anonymous_args = 0
 164              	.LVL12:
 165 0000 08B5     		push	{r3, lr}
 166              		.cfi_def_cfa_offset 8
 167              		.cfi_offset 3, -8
ARM GAS  C:\Users\jsyoon\AppData\Local\Temp\ccShXste.s 			page 4


 168              		.cfi_offset 14, -4
 169              		.loc 1 128 0
 170 0002 0346     		mov	r3, r0
 171              		.loc 1 131 0
 172              	@ 131 "ChibiOS_2.6.6/os/kernel/src/chmempools.c" 1
 173 0004 72B6     		cpsid   i
 174              	@ 0 "" 2
 175              	.LVL13:
 176              		.thumb
 177              	.LBB14:
 178              	.LBB15:
 179              		.loc 1 111 0
 180 0006 0068     		ldr	r0, [r0]
 181              	.LVL14:
 182 0008 18B1     		cbz	r0, .L18
 183              		.loc 1 112 0
 184 000a 0268     		ldr	r2, [r0]
 185 000c 1A60     		str	r2, [r3]
 186              	.L19:
 187              	.LBE15:
 188              	.LBE14:
 189              		.loc 1 133 0
 190              	@ 133 "ChibiOS_2.6.6/os/kernel/src/chmempools.c" 1
 191 000e 62B6     		cpsie   i
 192              	@ 0 "" 2
 193              		.loc 1 135 0
 194              		.thumb
 195 0010 08BD     		pop	{r3, pc}
 196              	.LVL15:
 197              	.L18:
 198              	.LBB17:
 199              	.LBB16:
 200              		.loc 1 113 0
 201 0012 9A68     		ldr	r2, [r3, #8]
 202 0014 002A     		cmp	r2, #0
 203 0016 FAD0     		beq	.L19
 204              		.loc 1 114 0
 205 0018 5868     		ldr	r0, [r3, #4]
 206              	.LVL16:
 207 001a 9047     		blx	r2
 208              	.LVL17:
 209              	.LBE16:
 210              	.LBE17:
 211              		.loc 1 133 0
 212              	@ 133 "ChibiOS_2.6.6/os/kernel/src/chmempools.c" 1
 213 001c 62B6     		cpsie   i
 214              	@ 0 "" 2
 215              		.loc 1 135 0
 216              		.thumb
 217 001e 08BD     		pop	{r3, pc}
 218              		.cfi_endproc
 219              	.LFE10:
 220              		.size	chPoolAlloc, .-chPoolAlloc
 221              		.section	.text.chPoolFreeI,"ax",%progbits
 222              		.align	2
 223              		.p2align 4,,15
 224              		.global	chPoolFreeI
ARM GAS  C:\Users\jsyoon\AppData\Local\Temp\ccShXste.s 			page 5


 225              		.thumb
 226              		.thumb_func
 227              		.type	chPoolFreeI, %function
 228              	chPoolFreeI:
 229              	.LFB11:
 230              		.loc 1 149 0
 231              		.cfi_startproc
 232              		@ args = 0, pretend = 0, frame = 0
 233              		@ frame_needed = 0, uses_anonymous_args = 0
 234              		@ link register save eliminated.
 235              	.LVL18:
 236              		.loc 1 155 0
 237 0000 0368     		ldr	r3, [r0]
 238 0002 0B60     		str	r3, [r1]
 239              		.loc 1 156 0
 240 0004 0160     		str	r1, [r0]
 241 0006 7047     		bx	lr
 242              		.cfi_endproc
 243              	.LFE11:
 244              		.size	chPoolFreeI, .-chPoolFreeI
 245 0008 AFF30080 		.section	.text.chPoolFree,"ax",%progbits
 245      AFF30080 
 246              		.align	2
 247              		.p2align 4,,15
 248              		.global	chPoolFree
 249              		.thumb
 250              		.thumb_func
 251              		.type	chPoolFree, %function
 252              	chPoolFree:
 253              	.LFB12:
 254              		.loc 1 171 0
 255              		.cfi_startproc
 256              		@ args = 0, pretend = 0, frame = 0
 257              		@ frame_needed = 0, uses_anonymous_args = 0
 258              		@ link register save eliminated.
 259              	.LVL19:
 260              		.loc 1 173 0
 261              	@ 173 "ChibiOS_2.6.6/os/kernel/src/chmempools.c" 1
 262 0000 72B6     		cpsid   i
 263              	@ 0 "" 2
 264              	.LVL20:
 265              		.thumb
 266              	.LBB18:
 267              	.LBB19:
 268              		.loc 1 155 0
 269 0002 0368     		ldr	r3, [r0]
 270 0004 0B60     		str	r3, [r1]
 271              		.loc 1 156 0
 272 0006 0160     		str	r1, [r0]
 273              	.LBE19:
 274              	.LBE18:
 275              		.loc 1 175 0
 276              	@ 175 "ChibiOS_2.6.6/os/kernel/src/chmempools.c" 1
 277 0008 62B6     		cpsie   i
 278              	@ 0 "" 2
 279              		.thumb
 280 000a 7047     		bx	lr
ARM GAS  C:\Users\jsyoon\AppData\Local\Temp\ccShXste.s 			page 6


 281              		.cfi_endproc
 282              	.LFE12:
 283              		.size	chPoolFree, .-chPoolFree
 284 000c AFF30080 		.text
 285              	.Letext0:
 286              		.file 2 "c:\\crosstools\\gcc-arm-embedded\\4.8_2014q2\\lib\\gcc\\arm-none-eabi\\4.8.4\\include\\st
 287              		.file 3 "c:\\crosstools\\gcc-arm-embedded\\4.8_2014q2\\arm-none-eabi\\include\\machine\\_default_t
 288              		.file 4 "c:\\crosstools\\gcc-arm-embedded\\4.8_2014q2\\arm-none-eabi\\include\\stdint.h"
 289              		.file 5 "ChibiOS_2.6.6/os/kernel/include/chmemcore.h"
 290              		.file 6 "ChibiOS_2.6.6/os/kernel/include/chmempools.h"
 291              		.section	.debug_info,"",%progbits
 292              	.Ldebug_info0:
 293 0000 5A030000 		.4byte	0x35a
 294 0004 0400     		.2byte	0x4
 295 0006 00000000 		.4byte	.Ldebug_abbrev0
 296 000a 04       		.byte	0x4
 297 000b 01       		.uleb128 0x1
 298 000c 11000000 		.4byte	.LASF28
 299 0010 01       		.byte	0x1
 300 0011 12020000 		.4byte	.LASF29
 301 0015 4E020000 		.4byte	.LASF30
 302 0019 18000000 		.4byte	.Ldebug_ranges0+0x18
 303 001d 00000000 		.4byte	0
 304 0021 00000000 		.4byte	.Ldebug_line0
 305 0025 02       		.uleb128 0x2
 306 0026 04       		.byte	0x4
 307 0027 05       		.byte	0x5
 308 0028 696E7400 		.ascii	"int\000"
 309 002c 03       		.uleb128 0x3
 310 002d 0A000000 		.4byte	.LASF2
 311 0031 02       		.byte	0x2
 312 0032 D4       		.byte	0xd4
 313 0033 37000000 		.4byte	0x37
 314 0037 04       		.uleb128 0x4
 315 0038 04       		.byte	0x4
 316 0039 07       		.byte	0x7
 317 003a D5010000 		.4byte	.LASF0
 318 003e 04       		.uleb128 0x4
 319 003f 01       		.byte	0x1
 320 0040 06       		.byte	0x6
 321 0041 B6020000 		.4byte	.LASF1
 322 0045 03       		.uleb128 0x3
 323 0046 00000000 		.4byte	.LASF3
 324 004a 03       		.byte	0x3
 325 004b 1C       		.byte	0x1c
 326 004c 50000000 		.4byte	0x50
 327 0050 04       		.uleb128 0x4
 328 0051 01       		.byte	0x1
 329 0052 08       		.byte	0x8
 330 0053 9F010000 		.4byte	.LASF4
 331 0057 04       		.uleb128 0x4
 332 0058 02       		.byte	0x2
 333 0059 05       		.byte	0x5
 334 005a 97020000 		.4byte	.LASF5
 335 005e 04       		.uleb128 0x4
 336 005f 02       		.byte	0x2
 337 0060 07       		.byte	0x7
ARM GAS  C:\Users\jsyoon\AppData\Local\Temp\ccShXste.s 			page 7


 338 0061 77010000 		.4byte	.LASF6
 339 0065 04       		.uleb128 0x4
 340 0066 04       		.byte	0x4
 341 0067 05       		.byte	0x5
 342 0068 AD020000 		.4byte	.LASF7
 343 006c 04       		.uleb128 0x4
 344 006d 04       		.byte	0x4
 345 006e 07       		.byte	0x7
 346 006f 65010000 		.4byte	.LASF8
 347 0073 04       		.uleb128 0x4
 348 0074 08       		.byte	0x8
 349 0075 05       		.byte	0x5
 350 0076 3B020000 		.4byte	.LASF9
 351 007a 04       		.uleb128 0x4
 352 007b 08       		.byte	0x8
 353 007c 07       		.byte	0x7
 354 007d E2010000 		.4byte	.LASF10
 355 0081 03       		.uleb128 0x3
 356 0082 F9010000 		.4byte	.LASF11
 357 0086 04       		.byte	0x4
 358 0087 2A       		.byte	0x2a
 359 0088 45000000 		.4byte	0x45
 360 008c 04       		.uleb128 0x4
 361 008d 01       		.byte	0x1
 362 008e 02       		.byte	0x2
 363 008f CA020000 		.4byte	.LASF12
 364 0093 05       		.uleb128 0x5
 365 0094 04       		.byte	0x4
 366 0095 04       		.uleb128 0x4
 367 0096 04       		.byte	0x4
 368 0097 07       		.byte	0x7
 369 0098 09020000 		.4byte	.LASF13
 370 009c 03       		.uleb128 0x3
 371 009d 7E020000 		.4byte	.LASF14
 372 00a1 05       		.byte	0x5
 373 00a2 2C       		.byte	0x2c
 374 00a3 A7000000 		.4byte	0xa7
 375 00a7 06       		.uleb128 0x6
 376 00a8 04       		.byte	0x4
 377 00a9 AD000000 		.4byte	0xad
 378 00ad 07       		.uleb128 0x7
 379 00ae 93000000 		.4byte	0x93
 380 00b2 BC000000 		.4byte	0xbc
 381 00b6 08       		.uleb128 0x8
 382 00b7 2C000000 		.4byte	0x2c
 383 00bb 00       		.byte	0
 384 00bc 09       		.uleb128 0x9
 385 00bd 54010000 		.4byte	.LASF31
 386 00c1 04       		.byte	0x4
 387 00c2 06       		.byte	0x6
 388 00c3 2C       		.byte	0x2c
 389 00c4 D5000000 		.4byte	0xd5
 390 00c8 0A       		.uleb128 0xa
 391 00c9 01020000 		.4byte	.LASF15
 392 00cd 06       		.byte	0x6
 393 00ce 2D       		.byte	0x2d
 394 00cf D5000000 		.4byte	0xd5
ARM GAS  C:\Users\jsyoon\AppData\Local\Temp\ccShXste.s 			page 8


 395 00d3 00       		.byte	0
 396 00d4 00       		.byte	0
 397 00d5 06       		.uleb128 0x6
 398 00d6 04       		.byte	0x4
 399 00d7 BC000000 		.4byte	0xbc
 400 00db 0B       		.uleb128 0xb
 401 00dc 0C       		.byte	0xc
 402 00dd 06       		.byte	0x6
 403 00de 34       		.byte	0x34
 404 00df 08010000 		.4byte	0x108
 405 00e3 0A       		.uleb128 0xa
 406 00e4 C2020000 		.4byte	.LASF16
 407 00e8 06       		.byte	0x6
 408 00e9 35       		.byte	0x35
 409 00ea D5000000 		.4byte	0xd5
 410 00ee 00       		.byte	0
 411 00ef 0A       		.uleb128 0xa
 412 00f0 35010000 		.4byte	.LASF17
 413 00f4 06       		.byte	0x6
 414 00f5 36       		.byte	0x36
 415 00f6 2C000000 		.4byte	0x2c
 416 00fa 04       		.byte	0x4
 417 00fb 0A       		.uleb128 0xa
 418 00fc 8B020000 		.4byte	.LASF18
 419 0100 06       		.byte	0x6
 420 0101 38       		.byte	0x38
 421 0102 9C000000 		.4byte	0x9c
 422 0106 08       		.byte	0x8
 423 0107 00       		.byte	0
 424 0108 03       		.uleb128 0x3
 425 0109 B8010000 		.4byte	.LASF19
 426 010d 06       		.byte	0x6
 427 010e 3A       		.byte	0x3a
 428 010f DB000000 		.4byte	0xdb
 429 0113 04       		.uleb128 0x4
 430 0114 01       		.byte	0x1
 431 0115 08       		.byte	0x8
 432 0116 49020000 		.4byte	.LASF20
 433 011a 0C       		.uleb128 0xc
 434 011b C8010000 		.4byte	.LASF32
 435 011f 01       		.byte	0x1
 436 0120 69       		.byte	0x69
 437 0121 93000000 		.4byte	0x93
 438 0125 01       		.byte	0x1
 439 0126 40010000 		.4byte	0x140
 440 012a 0D       		.uleb128 0xd
 441 012b 6D7000   		.ascii	"mp\000"
 442 012e 01       		.byte	0x1
 443 012f 69       		.byte	0x69
 444 0130 40010000 		.4byte	0x140
 445 0134 0E       		.uleb128 0xe
 446 0135 C3010000 		.4byte	.LASF21
 447 0139 01       		.byte	0x1
 448 013a 6A       		.byte	0x6a
 449 013b 93000000 		.4byte	0x93
 450 013f 00       		.byte	0
 451 0140 06       		.uleb128 0x6
ARM GAS  C:\Users\jsyoon\AppData\Local\Temp\ccShXste.s 			page 9


 452 0141 04       		.byte	0x4
 453 0142 08010000 		.4byte	0x108
 454 0146 0F       		.uleb128 0xf
 455 0147 93010000 		.4byte	.LASF22
 456 014b 01       		.byte	0x1
 457 014c 95       		.byte	0x95
 458 014d 01       		.byte	0x1
 459 014e 73010000 		.4byte	0x173
 460 0152 0D       		.uleb128 0xd
 461 0153 6D7000   		.ascii	"mp\000"
 462 0156 01       		.byte	0x1
 463 0157 95       		.byte	0x95
 464 0158 40010000 		.4byte	0x140
 465 015c 10       		.uleb128 0x10
 466 015d C3010000 		.4byte	.LASF21
 467 0161 01       		.byte	0x1
 468 0162 95       		.byte	0x95
 469 0163 93000000 		.4byte	0x93
 470 0167 11       		.uleb128 0x11
 471 0168 70687000 		.ascii	"php\000"
 472 016c 01       		.byte	0x1
 473 016d 96       		.byte	0x96
 474 016e D5000000 		.4byte	0xd5
 475 0172 00       		.byte	0
 476 0173 0F       		.uleb128 0xf
 477 0174 AD010000 		.4byte	.LASF23
 478 0178 01       		.byte	0x1
 479 0179 AB       		.byte	0xab
 480 017a 01       		.byte	0x1
 481 017b 95010000 		.4byte	0x195
 482 017f 0D       		.uleb128 0xd
 483 0180 6D7000   		.ascii	"mp\000"
 484 0183 01       		.byte	0x1
 485 0184 AB       		.byte	0xab
 486 0185 40010000 		.4byte	0x140
 487 0189 10       		.uleb128 0x10
 488 018a C3010000 		.4byte	.LASF21
 489 018e 01       		.byte	0x1
 490 018f AB       		.byte	0xab
 491 0190 93000000 		.4byte	0x93
 492 0194 00       		.byte	0
 493 0195 12       		.uleb128 0x12
 494 0196 D0020000 		.4byte	.LASF26
 495 019a 01       		.byte	0x1
 496 019b 3E       		.byte	0x3e
 497 019c 00000000 		.4byte	.LFB7
 498 01a0 0A000000 		.4byte	.LFE7-.LFB7
 499 01a4 01       		.uleb128 0x1
 500 01a5 9C       		.byte	0x9c
 501 01a6 D1010000 		.4byte	0x1d1
 502 01aa 13       		.uleb128 0x13
 503 01ab 6D7000   		.ascii	"mp\000"
 504 01ae 01       		.byte	0x1
 505 01af 3E       		.byte	0x3e
 506 01b0 40010000 		.4byte	0x140
 507 01b4 01       		.uleb128 0x1
 508 01b5 50       		.byte	0x50
ARM GAS  C:\Users\jsyoon\AppData\Local\Temp\ccShXste.s 			page 10


 509 01b6 14       		.uleb128 0x14
 510 01b7 60010000 		.4byte	.LASF24
 511 01bb 01       		.byte	0x1
 512 01bc 3E       		.byte	0x3e
 513 01bd 2C000000 		.4byte	0x2c
 514 01c1 01       		.uleb128 0x1
 515 01c2 51       		.byte	0x51
 516 01c3 14       		.uleb128 0x14
 517 01c4 8A010000 		.4byte	.LASF25
 518 01c8 01       		.byte	0x1
 519 01c9 3E       		.byte	0x3e
 520 01ca 9C000000 		.4byte	0x9c
 521 01ce 01       		.uleb128 0x1
 522 01cf 52       		.byte	0x52
 523 01d0 00       		.byte	0
 524 01d1 12       		.uleb128 0x12
 525 01d2 44010000 		.4byte	.LASF27
 526 01d6 01       		.byte	0x1
 527 01d7 54       		.byte	0x54
 528 01d8 00000000 		.4byte	.LFB8
 529 01dc 16000000 		.4byte	.LFE8-.LFB8
 530 01e0 01       		.uleb128 0x1
 531 01e1 9C       		.byte	0x9c
 532 01e2 64020000 		.4byte	0x264
 533 01e6 13       		.uleb128 0x13
 534 01e7 6D7000   		.ascii	"mp\000"
 535 01ea 01       		.byte	0x1
 536 01eb 54       		.byte	0x54
 537 01ec 40010000 		.4byte	0x140
 538 01f0 01       		.uleb128 0x1
 539 01f1 50       		.byte	0x50
 540 01f2 15       		.uleb128 0x15
 541 01f3 7000     		.ascii	"p\000"
 542 01f5 01       		.byte	0x1
 543 01f6 54       		.byte	0x54
 544 01f7 93000000 		.4byte	0x93
 545 01fb 00000000 		.4byte	.LLST0
 546 01ff 15       		.uleb128 0x15
 547 0200 6E00     		.ascii	"n\000"
 548 0202 01       		.byte	0x1
 549 0203 54       		.byte	0x54
 550 0204 2C000000 		.4byte	0x2c
 551 0208 1E000000 		.4byte	.LLST1
 552 020c 16       		.uleb128 0x16
 553 020d 73010000 		.4byte	0x173
 554 0211 02000000 		.4byte	.LBB10
 555 0215 0A000000 		.4byte	.LBE10-.LBB10
 556 0219 01       		.byte	0x1
 557 021a 59       		.byte	0x59
 558 021b 17       		.uleb128 0x17
 559 021c 89010000 		.4byte	0x189
 560 0220 49000000 		.4byte	.LLST2
 561 0224 17       		.uleb128 0x17
 562 0225 7F010000 		.4byte	0x17f
 563 0229 68000000 		.4byte	.LLST3
 564 022d 16       		.uleb128 0x16
 565 022e 46010000 		.4byte	0x146
ARM GAS  C:\Users\jsyoon\AppData\Local\Temp\ccShXste.s 			page 11


 566 0232 04000000 		.4byte	.LBB12
 567 0236 06000000 		.4byte	.LBE12-.LBB12
 568 023a 01       		.byte	0x1
 569 023b AE       		.byte	0xae
 570 023c 17       		.uleb128 0x17
 571 023d 5C010000 		.4byte	0x15c
 572 0241 7B000000 		.4byte	.LLST4
 573 0245 17       		.uleb128 0x17
 574 0246 52010000 		.4byte	0x152
 575 024a 9A000000 		.4byte	.LLST5
 576 024e 18       		.uleb128 0x18
 577 024f 04000000 		.4byte	.LBB13
 578 0253 06000000 		.4byte	.LBE13-.LBB13
 579 0257 19       		.uleb128 0x19
 580 0258 67010000 		.4byte	0x167
 581 025c 7B000000 		.4byte	.LLST4
 582 0260 00       		.byte	0
 583 0261 00       		.byte	0
 584 0262 00       		.byte	0
 585 0263 00       		.byte	0
 586 0264 1A       		.uleb128 0x1a
 587 0265 1A010000 		.4byte	0x11a
 588 0269 00000000 		.4byte	.LFB9
 589 026d 18000000 		.4byte	.LFE9-.LFB9
 590 0271 01       		.uleb128 0x1
 591 0272 9C       		.byte	0x9c
 592 0273 8A020000 		.4byte	0x28a
 593 0277 17       		.uleb128 0x17
 594 0278 2A010000 		.4byte	0x12a
 595 027c AD000000 		.4byte	.LLST7
 596 0280 19       		.uleb128 0x19
 597 0281 34010000 		.4byte	0x134
 598 0285 D9000000 		.4byte	.LLST8
 599 0289 00       		.byte	0
 600 028a 1B       		.uleb128 0x1b
 601 028b A1020000 		.4byte	.LASF33
 602 028f 01       		.byte	0x1
 603 0290 80       		.byte	0x80
 604 0291 93000000 		.4byte	0x93
 605 0295 00000000 		.4byte	.LFB10
 606 0299 20000000 		.4byte	.LFE10-.LFB10
 607 029d 01       		.uleb128 0x1
 608 029e 9C       		.byte	0x9c
 609 029f E7020000 		.4byte	0x2e7
 610 02a3 15       		.uleb128 0x15
 611 02a4 6D7000   		.ascii	"mp\000"
 612 02a7 01       		.byte	0x1
 613 02a8 80       		.byte	0x80
 614 02a9 40010000 		.4byte	0x140
 615 02ad 03010000 		.4byte	.LLST9
 616 02b1 1C       		.uleb128 0x1c
 617 02b2 C3010000 		.4byte	.LASF21
 618 02b6 01       		.byte	0x1
 619 02b7 81       		.byte	0x81
 620 02b8 93000000 		.4byte	0x93
 621 02bc 01       		.uleb128 0x1
 622 02bd 50       		.byte	0x50
ARM GAS  C:\Users\jsyoon\AppData\Local\Temp\ccShXste.s 			page 12


 623 02be 1D       		.uleb128 0x1d
 624 02bf 1A010000 		.4byte	0x11a
 625 02c3 06000000 		.4byte	.LBB14
 626 02c7 00000000 		.4byte	.Ldebug_ranges0+0
 627 02cb 01       		.byte	0x1
 628 02cc 84       		.byte	0x84
 629 02cd 17       		.uleb128 0x17
 630 02ce 2A010000 		.4byte	0x12a
 631 02d2 2F010000 		.4byte	.LLST10
 632 02d6 1E       		.uleb128 0x1e
 633 02d7 00000000 		.4byte	.Ldebug_ranges0+0
 634 02db 19       		.uleb128 0x19
 635 02dc 34010000 		.4byte	0x134
 636 02e0 5B010000 		.4byte	.LLST11
 637 02e4 00       		.byte	0
 638 02e5 00       		.byte	0
 639 02e6 00       		.byte	0
 640 02e7 1F       		.uleb128 0x1f
 641 02e8 46010000 		.4byte	0x146
 642 02ec 00000000 		.4byte	.LFB11
 643 02f0 08000000 		.4byte	.LFE11-.LFB11
 644 02f4 01       		.uleb128 0x1
 645 02f5 9C       		.byte	0x9c
 646 02f6 10030000 		.4byte	0x310
 647 02fa 20       		.uleb128 0x20
 648 02fb 52010000 		.4byte	0x152
 649 02ff 01       		.uleb128 0x1
 650 0300 50       		.byte	0x50
 651 0301 20       		.uleb128 0x20
 652 0302 5C010000 		.4byte	0x15c
 653 0306 01       		.uleb128 0x1
 654 0307 51       		.byte	0x51
 655 0308 21       		.uleb128 0x21
 656 0309 67010000 		.4byte	0x167
 657 030d 01       		.uleb128 0x1
 658 030e 51       		.byte	0x51
 659 030f 00       		.byte	0
 660 0310 22       		.uleb128 0x22
 661 0311 73010000 		.4byte	0x173
 662 0315 00000000 		.4byte	.LFB12
 663 0319 0C000000 		.4byte	.LFE12-.LFB12
 664 031d 01       		.uleb128 0x1
 665 031e 9C       		.byte	0x9c
 666 031f 20       		.uleb128 0x20
 667 0320 7F010000 		.4byte	0x17f
 668 0324 01       		.uleb128 0x1
 669 0325 50       		.byte	0x50
 670 0326 20       		.uleb128 0x20
 671 0327 89010000 		.4byte	0x189
 672 032b 01       		.uleb128 0x1
 673 032c 51       		.byte	0x51
 674 032d 16       		.uleb128 0x16
 675 032e 46010000 		.4byte	0x146
 676 0332 02000000 		.4byte	.LBB18
 677 0336 06000000 		.4byte	.LBE18-.LBB18
 678 033a 01       		.byte	0x1
 679 033b AE       		.byte	0xae
ARM GAS  C:\Users\jsyoon\AppData\Local\Temp\ccShXste.s 			page 13


 680 033c 20       		.uleb128 0x20
 681 033d 5C010000 		.4byte	0x15c
 682 0341 01       		.uleb128 0x1
 683 0342 51       		.byte	0x51
 684 0343 20       		.uleb128 0x20
 685 0344 52010000 		.4byte	0x152
 686 0348 01       		.uleb128 0x1
 687 0349 50       		.byte	0x50
 688 034a 18       		.uleb128 0x18
 689 034b 02000000 		.4byte	.LBB19
 690 034f 06000000 		.4byte	.LBE19-.LBB19
 691 0353 21       		.uleb128 0x21
 692 0354 67010000 		.4byte	0x167
 693 0358 01       		.uleb128 0x1
 694 0359 51       		.byte	0x51
 695 035a 00       		.byte	0
 696 035b 00       		.byte	0
 697 035c 00       		.byte	0
 698 035d 00       		.byte	0
 699              		.section	.debug_abbrev,"",%progbits
 700              	.Ldebug_abbrev0:
 701 0000 01       		.uleb128 0x1
 702 0001 11       		.uleb128 0x11
 703 0002 01       		.byte	0x1
 704 0003 25       		.uleb128 0x25
 705 0004 0E       		.uleb128 0xe
 706 0005 13       		.uleb128 0x13
 707 0006 0B       		.uleb128 0xb
 708 0007 03       		.uleb128 0x3
 709 0008 0E       		.uleb128 0xe
 710 0009 1B       		.uleb128 0x1b
 711 000a 0E       		.uleb128 0xe
 712 000b 55       		.uleb128 0x55
 713 000c 17       		.uleb128 0x17
 714 000d 11       		.uleb128 0x11
 715 000e 01       		.uleb128 0x1
 716 000f 10       		.uleb128 0x10
 717 0010 17       		.uleb128 0x17
 718 0011 00       		.byte	0
 719 0012 00       		.byte	0
 720 0013 02       		.uleb128 0x2
 721 0014 24       		.uleb128 0x24
 722 0015 00       		.byte	0
 723 0016 0B       		.uleb128 0xb
 724 0017 0B       		.uleb128 0xb
 725 0018 3E       		.uleb128 0x3e
 726 0019 0B       		.uleb128 0xb
 727 001a 03       		.uleb128 0x3
 728 001b 08       		.uleb128 0x8
 729 001c 00       		.byte	0
 730 001d 00       		.byte	0
 731 001e 03       		.uleb128 0x3
 732 001f 16       		.uleb128 0x16
 733 0020 00       		.byte	0
 734 0021 03       		.uleb128 0x3
 735 0022 0E       		.uleb128 0xe
 736 0023 3A       		.uleb128 0x3a
ARM GAS  C:\Users\jsyoon\AppData\Local\Temp\ccShXste.s 			page 14


 737 0024 0B       		.uleb128 0xb
 738 0025 3B       		.uleb128 0x3b
 739 0026 0B       		.uleb128 0xb
 740 0027 49       		.uleb128 0x49
 741 0028 13       		.uleb128 0x13
 742 0029 00       		.byte	0
 743 002a 00       		.byte	0
 744 002b 04       		.uleb128 0x4
 745 002c 24       		.uleb128 0x24
 746 002d 00       		.byte	0
 747 002e 0B       		.uleb128 0xb
 748 002f 0B       		.uleb128 0xb
 749 0030 3E       		.uleb128 0x3e
 750 0031 0B       		.uleb128 0xb
 751 0032 03       		.uleb128 0x3
 752 0033 0E       		.uleb128 0xe
 753 0034 00       		.byte	0
 754 0035 00       		.byte	0
 755 0036 05       		.uleb128 0x5
 756 0037 0F       		.uleb128 0xf
 757 0038 00       		.byte	0
 758 0039 0B       		.uleb128 0xb
 759 003a 0B       		.uleb128 0xb
 760 003b 00       		.byte	0
 761 003c 00       		.byte	0
 762 003d 06       		.uleb128 0x6
 763 003e 0F       		.uleb128 0xf
 764 003f 00       		.byte	0
 765 0040 0B       		.uleb128 0xb
 766 0041 0B       		.uleb128 0xb
 767 0042 49       		.uleb128 0x49
 768 0043 13       		.uleb128 0x13
 769 0044 00       		.byte	0
 770 0045 00       		.byte	0
 771 0046 07       		.uleb128 0x7
 772 0047 15       		.uleb128 0x15
 773 0048 01       		.byte	0x1
 774 0049 27       		.uleb128 0x27
 775 004a 19       		.uleb128 0x19
 776 004b 49       		.uleb128 0x49
 777 004c 13       		.uleb128 0x13
 778 004d 01       		.uleb128 0x1
 779 004e 13       		.uleb128 0x13
 780 004f 00       		.byte	0
 781 0050 00       		.byte	0
 782 0051 08       		.uleb128 0x8
 783 0052 05       		.uleb128 0x5
 784 0053 00       		.byte	0
 785 0054 49       		.uleb128 0x49
 786 0055 13       		.uleb128 0x13
 787 0056 00       		.byte	0
 788 0057 00       		.byte	0
 789 0058 09       		.uleb128 0x9
 790 0059 13       		.uleb128 0x13
 791 005a 01       		.byte	0x1
 792 005b 03       		.uleb128 0x3
 793 005c 0E       		.uleb128 0xe
ARM GAS  C:\Users\jsyoon\AppData\Local\Temp\ccShXste.s 			page 15


 794 005d 0B       		.uleb128 0xb
 795 005e 0B       		.uleb128 0xb
 796 005f 3A       		.uleb128 0x3a
 797 0060 0B       		.uleb128 0xb
 798 0061 3B       		.uleb128 0x3b
 799 0062 0B       		.uleb128 0xb
 800 0063 01       		.uleb128 0x1
 801 0064 13       		.uleb128 0x13
 802 0065 00       		.byte	0
 803 0066 00       		.byte	0
 804 0067 0A       		.uleb128 0xa
 805 0068 0D       		.uleb128 0xd
 806 0069 00       		.byte	0
 807 006a 03       		.uleb128 0x3
 808 006b 0E       		.uleb128 0xe
 809 006c 3A       		.uleb128 0x3a
 810 006d 0B       		.uleb128 0xb
 811 006e 3B       		.uleb128 0x3b
 812 006f 0B       		.uleb128 0xb
 813 0070 49       		.uleb128 0x49
 814 0071 13       		.uleb128 0x13
 815 0072 38       		.uleb128 0x38
 816 0073 0B       		.uleb128 0xb
 817 0074 00       		.byte	0
 818 0075 00       		.byte	0
 819 0076 0B       		.uleb128 0xb
 820 0077 13       		.uleb128 0x13
 821 0078 01       		.byte	0x1
 822 0079 0B       		.uleb128 0xb
 823 007a 0B       		.uleb128 0xb
 824 007b 3A       		.uleb128 0x3a
 825 007c 0B       		.uleb128 0xb
 826 007d 3B       		.uleb128 0x3b
 827 007e 0B       		.uleb128 0xb
 828 007f 01       		.uleb128 0x1
 829 0080 13       		.uleb128 0x13
 830 0081 00       		.byte	0
 831 0082 00       		.byte	0
 832 0083 0C       		.uleb128 0xc
 833 0084 2E       		.uleb128 0x2e
 834 0085 01       		.byte	0x1
 835 0086 3F       		.uleb128 0x3f
 836 0087 19       		.uleb128 0x19
 837 0088 03       		.uleb128 0x3
 838 0089 0E       		.uleb128 0xe
 839 008a 3A       		.uleb128 0x3a
 840 008b 0B       		.uleb128 0xb
 841 008c 3B       		.uleb128 0x3b
 842 008d 0B       		.uleb128 0xb
 843 008e 27       		.uleb128 0x27
 844 008f 19       		.uleb128 0x19
 845 0090 49       		.uleb128 0x49
 846 0091 13       		.uleb128 0x13
 847 0092 20       		.uleb128 0x20
 848 0093 0B       		.uleb128 0xb
 849 0094 01       		.uleb128 0x1
 850 0095 13       		.uleb128 0x13
ARM GAS  C:\Users\jsyoon\AppData\Local\Temp\ccShXste.s 			page 16


 851 0096 00       		.byte	0
 852 0097 00       		.byte	0
 853 0098 0D       		.uleb128 0xd
 854 0099 05       		.uleb128 0x5
 855 009a 00       		.byte	0
 856 009b 03       		.uleb128 0x3
 857 009c 08       		.uleb128 0x8
 858 009d 3A       		.uleb128 0x3a
 859 009e 0B       		.uleb128 0xb
 860 009f 3B       		.uleb128 0x3b
 861 00a0 0B       		.uleb128 0xb
 862 00a1 49       		.uleb128 0x49
 863 00a2 13       		.uleb128 0x13
 864 00a3 00       		.byte	0
 865 00a4 00       		.byte	0
 866 00a5 0E       		.uleb128 0xe
 867 00a6 34       		.uleb128 0x34
 868 00a7 00       		.byte	0
 869 00a8 03       		.uleb128 0x3
 870 00a9 0E       		.uleb128 0xe
 871 00aa 3A       		.uleb128 0x3a
 872 00ab 0B       		.uleb128 0xb
 873 00ac 3B       		.uleb128 0x3b
 874 00ad 0B       		.uleb128 0xb
 875 00ae 49       		.uleb128 0x49
 876 00af 13       		.uleb128 0x13
 877 00b0 00       		.byte	0
 878 00b1 00       		.byte	0
 879 00b2 0F       		.uleb128 0xf
 880 00b3 2E       		.uleb128 0x2e
 881 00b4 01       		.byte	0x1
 882 00b5 3F       		.uleb128 0x3f
 883 00b6 19       		.uleb128 0x19
 884 00b7 03       		.uleb128 0x3
 885 00b8 0E       		.uleb128 0xe
 886 00b9 3A       		.uleb128 0x3a
 887 00ba 0B       		.uleb128 0xb
 888 00bb 3B       		.uleb128 0x3b
 889 00bc 0B       		.uleb128 0xb
 890 00bd 27       		.uleb128 0x27
 891 00be 19       		.uleb128 0x19
 892 00bf 20       		.uleb128 0x20
 893 00c0 0B       		.uleb128 0xb
 894 00c1 01       		.uleb128 0x1
 895 00c2 13       		.uleb128 0x13
 896 00c3 00       		.byte	0
 897 00c4 00       		.byte	0
 898 00c5 10       		.uleb128 0x10
 899 00c6 05       		.uleb128 0x5
 900 00c7 00       		.byte	0
 901 00c8 03       		.uleb128 0x3
 902 00c9 0E       		.uleb128 0xe
 903 00ca 3A       		.uleb128 0x3a
 904 00cb 0B       		.uleb128 0xb
 905 00cc 3B       		.uleb128 0x3b
 906 00cd 0B       		.uleb128 0xb
 907 00ce 49       		.uleb128 0x49
ARM GAS  C:\Users\jsyoon\AppData\Local\Temp\ccShXste.s 			page 17


 908 00cf 13       		.uleb128 0x13
 909 00d0 00       		.byte	0
 910 00d1 00       		.byte	0
 911 00d2 11       		.uleb128 0x11
 912 00d3 34       		.uleb128 0x34
 913 00d4 00       		.byte	0
 914 00d5 03       		.uleb128 0x3
 915 00d6 08       		.uleb128 0x8
 916 00d7 3A       		.uleb128 0x3a
 917 00d8 0B       		.uleb128 0xb
 918 00d9 3B       		.uleb128 0x3b
 919 00da 0B       		.uleb128 0xb
 920 00db 49       		.uleb128 0x49
 921 00dc 13       		.uleb128 0x13
 922 00dd 00       		.byte	0
 923 00de 00       		.byte	0
 924 00df 12       		.uleb128 0x12
 925 00e0 2E       		.uleb128 0x2e
 926 00e1 01       		.byte	0x1
 927 00e2 3F       		.uleb128 0x3f
 928 00e3 19       		.uleb128 0x19
 929 00e4 03       		.uleb128 0x3
 930 00e5 0E       		.uleb128 0xe
 931 00e6 3A       		.uleb128 0x3a
 932 00e7 0B       		.uleb128 0xb
 933 00e8 3B       		.uleb128 0x3b
 934 00e9 0B       		.uleb128 0xb
 935 00ea 27       		.uleb128 0x27
 936 00eb 19       		.uleb128 0x19
 937 00ec 11       		.uleb128 0x11
 938 00ed 01       		.uleb128 0x1
 939 00ee 12       		.uleb128 0x12
 940 00ef 06       		.uleb128 0x6
 941 00f0 40       		.uleb128 0x40
 942 00f1 18       		.uleb128 0x18
 943 00f2 9742     		.uleb128 0x2117
 944 00f4 19       		.uleb128 0x19
 945 00f5 01       		.uleb128 0x1
 946 00f6 13       		.uleb128 0x13
 947 00f7 00       		.byte	0
 948 00f8 00       		.byte	0
 949 00f9 13       		.uleb128 0x13
 950 00fa 05       		.uleb128 0x5
 951 00fb 00       		.byte	0
 952 00fc 03       		.uleb128 0x3
 953 00fd 08       		.uleb128 0x8
 954 00fe 3A       		.uleb128 0x3a
 955 00ff 0B       		.uleb128 0xb
 956 0100 3B       		.uleb128 0x3b
 957 0101 0B       		.uleb128 0xb
 958 0102 49       		.uleb128 0x49
 959 0103 13       		.uleb128 0x13
 960 0104 02       		.uleb128 0x2
 961 0105 18       		.uleb128 0x18
 962 0106 00       		.byte	0
 963 0107 00       		.byte	0
 964 0108 14       		.uleb128 0x14
ARM GAS  C:\Users\jsyoon\AppData\Local\Temp\ccShXste.s 			page 18


 965 0109 05       		.uleb128 0x5
 966 010a 00       		.byte	0
 967 010b 03       		.uleb128 0x3
 968 010c 0E       		.uleb128 0xe
 969 010d 3A       		.uleb128 0x3a
 970 010e 0B       		.uleb128 0xb
 971 010f 3B       		.uleb128 0x3b
 972 0110 0B       		.uleb128 0xb
 973 0111 49       		.uleb128 0x49
 974 0112 13       		.uleb128 0x13
 975 0113 02       		.uleb128 0x2
 976 0114 18       		.uleb128 0x18
 977 0115 00       		.byte	0
 978 0116 00       		.byte	0
 979 0117 15       		.uleb128 0x15
 980 0118 05       		.uleb128 0x5
 981 0119 00       		.byte	0
 982 011a 03       		.uleb128 0x3
 983 011b 08       		.uleb128 0x8
 984 011c 3A       		.uleb128 0x3a
 985 011d 0B       		.uleb128 0xb
 986 011e 3B       		.uleb128 0x3b
 987 011f 0B       		.uleb128 0xb
 988 0120 49       		.uleb128 0x49
 989 0121 13       		.uleb128 0x13
 990 0122 02       		.uleb128 0x2
 991 0123 17       		.uleb128 0x17
 992 0124 00       		.byte	0
 993 0125 00       		.byte	0
 994 0126 16       		.uleb128 0x16
 995 0127 1D       		.uleb128 0x1d
 996 0128 01       		.byte	0x1
 997 0129 31       		.uleb128 0x31
 998 012a 13       		.uleb128 0x13
 999 012b 11       		.uleb128 0x11
 1000 012c 01       		.uleb128 0x1
 1001 012d 12       		.uleb128 0x12
 1002 012e 06       		.uleb128 0x6
 1003 012f 58       		.uleb128 0x58
 1004 0130 0B       		.uleb128 0xb
 1005 0131 59       		.uleb128 0x59
 1006 0132 0B       		.uleb128 0xb
 1007 0133 00       		.byte	0
 1008 0134 00       		.byte	0
 1009 0135 17       		.uleb128 0x17
 1010 0136 05       		.uleb128 0x5
 1011 0137 00       		.byte	0
 1012 0138 31       		.uleb128 0x31
 1013 0139 13       		.uleb128 0x13
 1014 013a 02       		.uleb128 0x2
 1015 013b 17       		.uleb128 0x17
 1016 013c 00       		.byte	0
 1017 013d 00       		.byte	0
 1018 013e 18       		.uleb128 0x18
 1019 013f 0B       		.uleb128 0xb
 1020 0140 01       		.byte	0x1
 1021 0141 11       		.uleb128 0x11
ARM GAS  C:\Users\jsyoon\AppData\Local\Temp\ccShXste.s 			page 19


 1022 0142 01       		.uleb128 0x1
 1023 0143 12       		.uleb128 0x12
 1024 0144 06       		.uleb128 0x6
 1025 0145 00       		.byte	0
 1026 0146 00       		.byte	0
 1027 0147 19       		.uleb128 0x19
 1028 0148 34       		.uleb128 0x34
 1029 0149 00       		.byte	0
 1030 014a 31       		.uleb128 0x31
 1031 014b 13       		.uleb128 0x13
 1032 014c 02       		.uleb128 0x2
 1033 014d 17       		.uleb128 0x17
 1034 014e 00       		.byte	0
 1035 014f 00       		.byte	0
 1036 0150 1A       		.uleb128 0x1a
 1037 0151 2E       		.uleb128 0x2e
 1038 0152 01       		.byte	0x1
 1039 0153 31       		.uleb128 0x31
 1040 0154 13       		.uleb128 0x13
 1041 0155 11       		.uleb128 0x11
 1042 0156 01       		.uleb128 0x1
 1043 0157 12       		.uleb128 0x12
 1044 0158 06       		.uleb128 0x6
 1045 0159 40       		.uleb128 0x40
 1046 015a 18       		.uleb128 0x18
 1047 015b 9642     		.uleb128 0x2116
 1048 015d 19       		.uleb128 0x19
 1049 015e 01       		.uleb128 0x1
 1050 015f 13       		.uleb128 0x13
 1051 0160 00       		.byte	0
 1052 0161 00       		.byte	0
 1053 0162 1B       		.uleb128 0x1b
 1054 0163 2E       		.uleb128 0x2e
 1055 0164 01       		.byte	0x1
 1056 0165 3F       		.uleb128 0x3f
 1057 0166 19       		.uleb128 0x19
 1058 0167 03       		.uleb128 0x3
 1059 0168 0E       		.uleb128 0xe
 1060 0169 3A       		.uleb128 0x3a
 1061 016a 0B       		.uleb128 0xb
 1062 016b 3B       		.uleb128 0x3b
 1063 016c 0B       		.uleb128 0xb
 1064 016d 27       		.uleb128 0x27
 1065 016e 19       		.uleb128 0x19
 1066 016f 49       		.uleb128 0x49
 1067 0170 13       		.uleb128 0x13
 1068 0171 11       		.uleb128 0x11
 1069 0172 01       		.uleb128 0x1
 1070 0173 12       		.uleb128 0x12
 1071 0174 06       		.uleb128 0x6
 1072 0175 40       		.uleb128 0x40
 1073 0176 18       		.uleb128 0x18
 1074 0177 9642     		.uleb128 0x2116
 1075 0179 19       		.uleb128 0x19
 1076 017a 01       		.uleb128 0x1
 1077 017b 13       		.uleb128 0x13
 1078 017c 00       		.byte	0
ARM GAS  C:\Users\jsyoon\AppData\Local\Temp\ccShXste.s 			page 20


 1079 017d 00       		.byte	0
 1080 017e 1C       		.uleb128 0x1c
 1081 017f 34       		.uleb128 0x34
 1082 0180 00       		.byte	0
 1083 0181 03       		.uleb128 0x3
 1084 0182 0E       		.uleb128 0xe
 1085 0183 3A       		.uleb128 0x3a
 1086 0184 0B       		.uleb128 0xb
 1087 0185 3B       		.uleb128 0x3b
 1088 0186 0B       		.uleb128 0xb
 1089 0187 49       		.uleb128 0x49
 1090 0188 13       		.uleb128 0x13
 1091 0189 02       		.uleb128 0x2
 1092 018a 18       		.uleb128 0x18
 1093 018b 00       		.byte	0
 1094 018c 00       		.byte	0
 1095 018d 1D       		.uleb128 0x1d
 1096 018e 1D       		.uleb128 0x1d
 1097 018f 01       		.byte	0x1
 1098 0190 31       		.uleb128 0x31
 1099 0191 13       		.uleb128 0x13
 1100 0192 52       		.uleb128 0x52
 1101 0193 01       		.uleb128 0x1
 1102 0194 55       		.uleb128 0x55
 1103 0195 17       		.uleb128 0x17
 1104 0196 58       		.uleb128 0x58
 1105 0197 0B       		.uleb128 0xb
 1106 0198 59       		.uleb128 0x59
 1107 0199 0B       		.uleb128 0xb
 1108 019a 00       		.byte	0
 1109 019b 00       		.byte	0
 1110 019c 1E       		.uleb128 0x1e
 1111 019d 0B       		.uleb128 0xb
 1112 019e 01       		.byte	0x1
 1113 019f 55       		.uleb128 0x55
 1114 01a0 17       		.uleb128 0x17
 1115 01a1 00       		.byte	0
 1116 01a2 00       		.byte	0
 1117 01a3 1F       		.uleb128 0x1f
 1118 01a4 2E       		.uleb128 0x2e
 1119 01a5 01       		.byte	0x1
 1120 01a6 31       		.uleb128 0x31
 1121 01a7 13       		.uleb128 0x13
 1122 01a8 11       		.uleb128 0x11
 1123 01a9 01       		.uleb128 0x1
 1124 01aa 12       		.uleb128 0x12
 1125 01ab 06       		.uleb128 0x6
 1126 01ac 40       		.uleb128 0x40
 1127 01ad 18       		.uleb128 0x18
 1128 01ae 9742     		.uleb128 0x2117
 1129 01b0 19       		.uleb128 0x19
 1130 01b1 01       		.uleb128 0x1
 1131 01b2 13       		.uleb128 0x13
 1132 01b3 00       		.byte	0
 1133 01b4 00       		.byte	0
 1134 01b5 20       		.uleb128 0x20
 1135 01b6 05       		.uleb128 0x5
ARM GAS  C:\Users\jsyoon\AppData\Local\Temp\ccShXste.s 			page 21


 1136 01b7 00       		.byte	0
 1137 01b8 31       		.uleb128 0x31
 1138 01b9 13       		.uleb128 0x13
 1139 01ba 02       		.uleb128 0x2
 1140 01bb 18       		.uleb128 0x18
 1141 01bc 00       		.byte	0
 1142 01bd 00       		.byte	0
 1143 01be 21       		.uleb128 0x21
 1144 01bf 34       		.uleb128 0x34
 1145 01c0 00       		.byte	0
 1146 01c1 31       		.uleb128 0x31
 1147 01c2 13       		.uleb128 0x13
 1148 01c3 02       		.uleb128 0x2
 1149 01c4 18       		.uleb128 0x18
 1150 01c5 00       		.byte	0
 1151 01c6 00       		.byte	0
 1152 01c7 22       		.uleb128 0x22
 1153 01c8 2E       		.uleb128 0x2e
 1154 01c9 01       		.byte	0x1
 1155 01ca 31       		.uleb128 0x31
 1156 01cb 13       		.uleb128 0x13
 1157 01cc 11       		.uleb128 0x11
 1158 01cd 01       		.uleb128 0x1
 1159 01ce 12       		.uleb128 0x12
 1160 01cf 06       		.uleb128 0x6
 1161 01d0 40       		.uleb128 0x40
 1162 01d1 18       		.uleb128 0x18
 1163 01d2 9742     		.uleb128 0x2117
 1164 01d4 19       		.uleb128 0x19
 1165 01d5 00       		.byte	0
 1166 01d6 00       		.byte	0
 1167 01d7 00       		.byte	0
 1168              		.section	.debug_loc,"",%progbits
 1169              	.Ldebug_loc0:
 1170              	.LLST0:
 1171 0000 00000000 		.4byte	.LVL1
 1172 0004 12000000 		.4byte	.LVL5
 1173 0008 0100     		.2byte	0x1
 1174 000a 51       		.byte	0x51
 1175 000b 12000000 		.4byte	.LVL5
 1176 000f 16000000 		.4byte	.LFE8
 1177 0013 0100     		.2byte	0x1
 1178 0015 51       		.byte	0x51
 1179 0016 00000000 		.4byte	0
 1180 001a 00000000 		.4byte	0
 1181              	.LLST1:
 1182 001e 00000000 		.4byte	.LVL1
 1183 0022 02000000 		.4byte	.LVL2
 1184 0026 0100     		.2byte	0x1
 1185 0028 52       		.byte	0x52
 1186 0029 02000000 		.4byte	.LVL2
 1187 002d 10000000 		.4byte	.LVL4
 1188 0031 0100     		.2byte	0x1
 1189 0033 52       		.byte	0x52
 1190 0034 10000000 		.4byte	.LVL4
 1191 0038 12000000 		.4byte	.LVL5
 1192 003c 0300     		.2byte	0x3
ARM GAS  C:\Users\jsyoon\AppData\Local\Temp\ccShXste.s 			page 22


 1193 003e 72       		.byte	0x72
 1194 003f 01       		.sleb128 1
 1195 0040 9F       		.byte	0x9f
 1196 0041 00000000 		.4byte	0
 1197 0045 00000000 		.4byte	0
 1198              	.LLST2:
 1199 0049 02000000 		.4byte	.LVL2
 1200 004d 12000000 		.4byte	.LVL5
 1201 0051 0100     		.2byte	0x1
 1202 0053 51       		.byte	0x51
 1203 0054 12000000 		.4byte	.LVL5
 1204 0058 14000000 		.4byte	.LVL6
 1205 005c 0200     		.2byte	0x2
 1206 005e 70       		.byte	0x70
 1207 005f 00       		.sleb128 0
 1208 0060 00000000 		.4byte	0
 1209 0064 00000000 		.4byte	0
 1210              	.LLST3:
 1211 0068 02000000 		.4byte	.LVL2
 1212 006c 14000000 		.4byte	.LVL6
 1213 0070 0100     		.2byte	0x1
 1214 0072 50       		.byte	0x50
 1215 0073 00000000 		.4byte	0
 1216 0077 00000000 		.4byte	0
 1217              	.LLST4:
 1218 007b 04000000 		.4byte	.LVL3
 1219 007f 12000000 		.4byte	.LVL5
 1220 0083 0100     		.2byte	0x1
 1221 0085 51       		.byte	0x51
 1222 0086 12000000 		.4byte	.LVL5
 1223 008a 14000000 		.4byte	.LVL6
 1224 008e 0200     		.2byte	0x2
 1225 0090 70       		.byte	0x70
 1226 0091 00       		.sleb128 0
 1227 0092 00000000 		.4byte	0
 1228 0096 00000000 		.4byte	0
 1229              	.LLST5:
 1230 009a 04000000 		.4byte	.LVL3
 1231 009e 14000000 		.4byte	.LVL6
 1232 00a2 0100     		.2byte	0x1
 1233 00a4 50       		.byte	0x50
 1234 00a5 00000000 		.4byte	0
 1235 00a9 00000000 		.4byte	0
 1236              	.LLST7:
 1237 00ad 00000000 		.4byte	.LVL7
 1238 00b1 06000000 		.4byte	.LVL8
 1239 00b5 0100     		.2byte	0x1
 1240 00b7 50       		.byte	0x50
 1241 00b8 06000000 		.4byte	.LVL8
 1242 00bc 15000000 		.4byte	.LVL11-1
 1243 00c0 0100     		.2byte	0x1
 1244 00c2 53       		.byte	0x53
 1245 00c3 15000000 		.4byte	.LVL11-1
 1246 00c7 18000000 		.4byte	.LFE9
 1247 00cb 0400     		.2byte	0x4
 1248 00cd F3       		.byte	0xf3
 1249 00ce 01       		.uleb128 0x1
ARM GAS  C:\Users\jsyoon\AppData\Local\Temp\ccShXste.s 			page 23


 1250 00cf 50       		.byte	0x50
 1251 00d0 9F       		.byte	0x9f
 1252 00d1 00000000 		.4byte	0
 1253 00d5 00000000 		.4byte	0
 1254              	.LLST8:
 1255 00d9 06000000 		.4byte	.LVL8
 1256 00dd 14000000 		.4byte	.LVL10
 1257 00e1 0100     		.2byte	0x1
 1258 00e3 50       		.byte	0x50
 1259 00e4 14000000 		.4byte	.LVL10
 1260 00e8 15000000 		.4byte	.LVL11-1
 1261 00ec 0200     		.2byte	0x2
 1262 00ee 73       		.byte	0x73
 1263 00ef 00       		.sleb128 0
 1264 00f0 16000000 		.4byte	.LVL11
 1265 00f4 18000000 		.4byte	.LFE9
 1266 00f8 0100     		.2byte	0x1
 1267 00fa 50       		.byte	0x50
 1268 00fb 00000000 		.4byte	0
 1269 00ff 00000000 		.4byte	0
 1270              	.LLST9:
 1271 0103 00000000 		.4byte	.LVL12
 1272 0107 08000000 		.4byte	.LVL14
 1273 010b 0100     		.2byte	0x1
 1274 010d 50       		.byte	0x50
 1275 010e 08000000 		.4byte	.LVL14
 1276 0112 1B000000 		.4byte	.LVL17-1
 1277 0116 0100     		.2byte	0x1
 1278 0118 53       		.byte	0x53
 1279 0119 1B000000 		.4byte	.LVL17-1
 1280 011d 20000000 		.4byte	.LFE10
 1281 0121 0400     		.2byte	0x4
 1282 0123 F3       		.byte	0xf3
 1283 0124 01       		.uleb128 0x1
 1284 0125 50       		.byte	0x50
 1285 0126 9F       		.byte	0x9f
 1286 0127 00000000 		.4byte	0
 1287 012b 00000000 		.4byte	0
 1288              	.LLST10:
 1289 012f 06000000 		.4byte	.LVL13
 1290 0133 08000000 		.4byte	.LVL14
 1291 0137 0100     		.2byte	0x1
 1292 0139 50       		.byte	0x50
 1293 013a 08000000 		.4byte	.LVL14
 1294 013e 1B000000 		.4byte	.LVL17-1
 1295 0142 0100     		.2byte	0x1
 1296 0144 53       		.byte	0x53
 1297 0145 1B000000 		.4byte	.LVL17-1
 1298 0149 20000000 		.4byte	.LFE10
 1299 014d 0400     		.2byte	0x4
 1300 014f F3       		.byte	0xf3
 1301 0150 01       		.uleb128 0x1
 1302 0151 50       		.byte	0x50
 1303 0152 9F       		.byte	0x9f
 1304 0153 00000000 		.4byte	0
 1305 0157 00000000 		.4byte	0
 1306              	.LLST11:
ARM GAS  C:\Users\jsyoon\AppData\Local\Temp\ccShXste.s 			page 24


 1307 015b 08000000 		.4byte	.LVL14
 1308 015f 1A000000 		.4byte	.LVL16
 1309 0163 0100     		.2byte	0x1
 1310 0165 50       		.byte	0x50
 1311 0166 1A000000 		.4byte	.LVL16
 1312 016a 1B000000 		.4byte	.LVL17-1
 1313 016e 0200     		.2byte	0x2
 1314 0170 73       		.byte	0x73
 1315 0171 00       		.sleb128 0
 1316 0172 1C000000 		.4byte	.LVL17
 1317 0176 20000000 		.4byte	.LFE10
 1318 017a 0100     		.2byte	0x1
 1319 017c 50       		.byte	0x50
 1320 017d 00000000 		.4byte	0
 1321 0181 00000000 		.4byte	0
 1322              		.section	.debug_aranges,"",%progbits
 1323 0000 44000000 		.4byte	0x44
 1324 0004 0200     		.2byte	0x2
 1325 0006 00000000 		.4byte	.Ldebug_info0
 1326 000a 04       		.byte	0x4
 1327 000b 00       		.byte	0
 1328 000c 0000     		.2byte	0
 1329 000e 0000     		.2byte	0
 1330 0010 00000000 		.4byte	.LFB7
 1331 0014 0A000000 		.4byte	.LFE7-.LFB7
 1332 0018 00000000 		.4byte	.LFB8
 1333 001c 16000000 		.4byte	.LFE8-.LFB8
 1334 0020 00000000 		.4byte	.LFB9
 1335 0024 18000000 		.4byte	.LFE9-.LFB9
 1336 0028 00000000 		.4byte	.LFB10
 1337 002c 20000000 		.4byte	.LFE10-.LFB10
 1338 0030 00000000 		.4byte	.LFB11
 1339 0034 08000000 		.4byte	.LFE11-.LFB11
 1340 0038 00000000 		.4byte	.LFB12
 1341 003c 0C000000 		.4byte	.LFE12-.LFB12
 1342 0040 00000000 		.4byte	0
 1343 0044 00000000 		.4byte	0
 1344              		.section	.debug_ranges,"",%progbits
 1345              	.Ldebug_ranges0:
 1346 0000 06000000 		.4byte	.LBB14
 1347 0004 0E000000 		.4byte	.LBE14
 1348 0008 12000000 		.4byte	.LBB17
 1349 000c 1C000000 		.4byte	.LBE17
 1350 0010 00000000 		.4byte	0
 1351 0014 00000000 		.4byte	0
 1352 0018 00000000 		.4byte	.LFB7
 1353 001c 0A000000 		.4byte	.LFE7
 1354 0020 00000000 		.4byte	.LFB8
 1355 0024 16000000 		.4byte	.LFE8
 1356 0028 00000000 		.4byte	.LFB9
 1357 002c 18000000 		.4byte	.LFE9
 1358 0030 00000000 		.4byte	.LFB10
 1359 0034 20000000 		.4byte	.LFE10
 1360 0038 00000000 		.4byte	.LFB11
 1361 003c 08000000 		.4byte	.LFE11
 1362 0040 00000000 		.4byte	.LFB12
 1363 0044 0C000000 		.4byte	.LFE12
ARM GAS  C:\Users\jsyoon\AppData\Local\Temp\ccShXste.s 			page 25


 1364 0048 00000000 		.4byte	0
 1365 004c 00000000 		.4byte	0
 1366              		.section	.debug_line,"",%progbits
 1367              	.Ldebug_line0:
 1368 0000 1E020000 		.section	.debug_str,"MS",%progbits,1
 1368      02008001 
 1368      00000201 
 1368      FB0E0D00 
 1368      01010101 
 1369              	.LASF3:
 1370 0000 5F5F7569 		.ascii	"__uint8_t\000"
 1370      6E74385F 
 1370      7400
 1371              	.LASF2:
 1372 000a 73697A65 		.ascii	"size_t\000"
 1372      5F7400
 1373              	.LASF28:
 1374 0011 474E5520 		.ascii	"GNU C 4.8.4 20140526 (release) [ARM/embedded-4_8-br"
 1374      4320342E 
 1374      382E3420 
 1374      32303134 
 1374      30353236 
 1375 0044 616E6368 		.ascii	"anch revision 211358] -mcpu=cortex-m4 -mfloat-abi=h"
 1375      20726576 
 1375      6973696F 
 1375      6E203231 
 1375      31333538 
 1376 0077 61726420 		.ascii	"ard -mfpu=fpv4-sp-d16 -mno-thumb-interwork -mthumb "
 1376      2D6D6670 
 1376      753D6670 
 1376      76342D73 
 1376      702D6431 
 1377 00aa 2D676764 		.ascii	"-ggdb -O2 -std=gnu99 -fomit-frame-pointer -falign-f"
 1377      62202D4F 
 1377      32202D73 
 1377      74643D67 
 1377      6E753939 
 1378 00dd 756E6374 		.ascii	"unctions=16 -ffunction-sections -fdata-sections -fn"
 1378      696F6E73 
 1378      3D313620 
 1378      2D666675 
 1378      6E637469 
 1379 0110 6F2D636F 		.ascii	"o-common -fsingle-precision-constant\000"
 1379      6D6D6F6E 
 1379      202D6673 
 1379      696E676C 
 1379      652D7072 
 1380              	.LASF17:
 1381 0135 6D705F6F 		.ascii	"mp_object_size\000"
 1381      626A6563 
 1381      745F7369 
 1381      7A6500
 1382              	.LASF27:
 1383 0144 6368506F 		.ascii	"chPoolLoadArray\000"
 1383      6F6C4C6F 
 1383      61644172 
 1383      72617900 
ARM GAS  C:\Users\jsyoon\AppData\Local\Temp\ccShXste.s 			page 26


 1384              	.LASF31:
 1385 0154 706F6F6C 		.ascii	"pool_header\000"
 1385      5F686561 
 1385      64657200 
 1386              	.LASF24:
 1387 0160 73697A65 		.ascii	"size\000"
 1387      00
 1388              	.LASF8:
 1389 0165 6C6F6E67 		.ascii	"long unsigned int\000"
 1389      20756E73 
 1389      69676E65 
 1389      6420696E 
 1389      7400
 1390              	.LASF6:
 1391 0177 73686F72 		.ascii	"short unsigned int\000"
 1391      7420756E 
 1391      7369676E 
 1391      65642069 
 1391      6E7400
 1392              	.LASF25:
 1393 018a 70726F76 		.ascii	"provider\000"
 1393      69646572 
 1393      00
 1394              	.LASF22:
 1395 0193 6368506F 		.ascii	"chPoolFreeI\000"
 1395      6F6C4672 
 1395      65654900 
 1396              	.LASF4:
 1397 019f 756E7369 		.ascii	"unsigned char\000"
 1397      676E6564 
 1397      20636861 
 1397      7200
 1398              	.LASF23:
 1399 01ad 6368506F 		.ascii	"chPoolFree\000"
 1399      6F6C4672 
 1399      656500
 1400              	.LASF19:
 1401 01b8 4D656D6F 		.ascii	"MemoryPool\000"
 1401      7279506F 
 1401      6F6C00
 1402              	.LASF21:
 1403 01c3 6F626A70 		.ascii	"objp\000"
 1403      00
 1404              	.LASF32:
 1405 01c8 6368506F 		.ascii	"chPoolAllocI\000"
 1405      6F6C416C 
 1405      6C6F6349 
 1405      00
 1406              	.LASF0:
 1407 01d5 756E7369 		.ascii	"unsigned int\000"
 1407      676E6564 
 1407      20696E74 
 1407      00
 1408              	.LASF10:
 1409 01e2 6C6F6E67 		.ascii	"long long unsigned int\000"
 1409      206C6F6E 
 1409      6720756E 
ARM GAS  C:\Users\jsyoon\AppData\Local\Temp\ccShXste.s 			page 27


 1409      7369676E 
 1409      65642069 
 1410              	.LASF11:
 1411 01f9 75696E74 		.ascii	"uint8_t\000"
 1411      385F7400 
 1412              	.LASF15:
 1413 0201 70685F6E 		.ascii	"ph_next\000"
 1413      65787400 
 1414              	.LASF13:
 1415 0209 73697A65 		.ascii	"sizetype\000"
 1415      74797065 
 1415      00
 1416              	.LASF29:
 1417 0212 43686962 		.ascii	"ChibiOS_2.6.6/os/kernel/src/chmempools.c\000"
 1417      694F535F 
 1417      322E362E 
 1417      362F6F73 
 1417      2F6B6572 
 1418              	.LASF9:
 1419 023b 6C6F6E67 		.ascii	"long long int\000"
 1419      206C6F6E 
 1419      6720696E 
 1419      7400
 1420              	.LASF20:
 1421 0249 63686172 		.ascii	"char\000"
 1421      00
 1422              	.LASF30:
 1423 024e 453A5C4D 		.ascii	"E:\\Maker\\BLDC\\test_eval\\try2\\OROCA-BLDC_R15080"
 1423      616B6572 
 1423      5C424C44 
 1423      435C7465 
 1423      73745F65 
 1424 027c 3700     		.ascii	"7\000"
 1425              	.LASF14:
 1426 027e 6D656D67 		.ascii	"memgetfunc_t\000"
 1426      65746675 
 1426      6E635F74 
 1426      00
 1427              	.LASF18:
 1428 028b 6D705F70 		.ascii	"mp_provider\000"
 1428      726F7669 
 1428      64657200 
 1429              	.LASF5:
 1430 0297 73686F72 		.ascii	"short int\000"
 1430      7420696E 
 1430      7400
 1431              	.LASF33:
 1432 02a1 6368506F 		.ascii	"chPoolAlloc\000"
 1432      6F6C416C 
 1432      6C6F6300 
 1433              	.LASF7:
 1434 02ad 6C6F6E67 		.ascii	"long int\000"
 1434      20696E74 
 1434      00
 1435              	.LASF1:
 1436 02b6 7369676E 		.ascii	"signed char\000"
 1436      65642063 
ARM GAS  C:\Users\jsyoon\AppData\Local\Temp\ccShXste.s 			page 28


 1436      68617200 
 1437              	.LASF16:
 1438 02c2 6D705F6E 		.ascii	"mp_next\000"
 1438      65787400 
 1439              	.LASF12:
 1440 02ca 5F426F6F 		.ascii	"_Bool\000"
 1440      6C00
 1441              	.LASF26:
 1442 02d0 6368506F 		.ascii	"chPoolInit\000"
 1442      6F6C496E 
 1442      697400
 1443              		.ident	"GCC: (GNU Tools for ARM Embedded Processors) 4.8.4 20140526 (release) [ARM/embedded-4_8-br
ARM GAS  C:\Users\jsyoon\AppData\Local\Temp\ccShXste.s 			page 29


DEFINED SYMBOLS
                            *ABS*:00000000 chmempools.c
C:\Users\jsyoon\AppData\Local\Temp\ccShXste.s:21     .text.chPoolInit:00000000 $t
C:\Users\jsyoon\AppData\Local\Temp\ccShXste.s:27     .text.chPoolInit:00000000 chPoolInit
C:\Users\jsyoon\AppData\Local\Temp\ccShXste.s:49     .text.chPoolLoadArray:00000000 $t
C:\Users\jsyoon\AppData\Local\Temp\ccShXste.s:55     .text.chPoolLoadArray:00000000 chPoolLoadArray
C:\Users\jsyoon\AppData\Local\Temp\ccShXste.s:108    .text.chPoolAllocI:00000000 $t
C:\Users\jsyoon\AppData\Local\Temp\ccShXste.s:114    .text.chPoolAllocI:00000000 chPoolAllocI
C:\Users\jsyoon\AppData\Local\Temp\ccShXste.s:152    .text.chPoolAlloc:00000000 $t
C:\Users\jsyoon\AppData\Local\Temp\ccShXste.s:158    .text.chPoolAlloc:00000000 chPoolAlloc
C:\Users\jsyoon\AppData\Local\Temp\ccShXste.s:222    .text.chPoolFreeI:00000000 $t
C:\Users\jsyoon\AppData\Local\Temp\ccShXste.s:228    .text.chPoolFreeI:00000000 chPoolFreeI
C:\Users\jsyoon\AppData\Local\Temp\ccShXste.s:246    .text.chPoolFree:00000000 $t
C:\Users\jsyoon\AppData\Local\Temp\ccShXste.s:252    .text.chPoolFree:00000000 chPoolFree
                     .debug_frame:00000010 $d

NO UNDEFINED SYMBOLS
