ARM GAS  C:\Users\ADMINI~1\AppData\Local\Temp\ccx9eF71.s 			page 1


   1              		.syntax unified
   2              		.cpu cortex-m4
   3              		.eabi_attribute 27, 1
   4              		.eabi_attribute 28, 1
   5              		.fpu fpv4-sp-d16
   6              		.eabi_attribute 20, 1
   7              		.eabi_attribute 21, 1
   8              		.eabi_attribute 23, 3
   9              		.eabi_attribute 24, 1
  10              		.eabi_attribute 25, 1
  11              		.eabi_attribute 26, 1
  12              		.eabi_attribute 30, 2
  13              		.eabi_attribute 34, 1
  14              		.eabi_attribute 18, 4
  15              		.thumb
  16              		.file	"chsys.c"
  17              		.text
  18              	.Ltext0:
  19              		.cfi_sections	.debug_frame
  20              		.section	.text._idle_thread,"ax",%progbits
  21              		.align	2
  22              		.p2align 4,,15
  23              		.global	_idle_thread
  24              		.thumb
  25              		.thumb_func
  26              		.type	_idle_thread, %function
  27              	_idle_thread:
  28              	.LFB7:
  29              		.file 1 "ChibiOS_2.6.6/os/kernel/src/chsys.c"
  30              		.loc 1 61 0
  31              		.cfi_startproc
  32              		@ Volatile: function does not return.
  33              		@ args = 0, pretend = 0, frame = 0
  34              		@ frame_needed = 0, uses_anonymous_args = 0
  35              		@ link register save eliminated.
  36              	.LVL0:
  37              		.loc 1 64 0
  38 0000 024B     		ldr	r3, .L4
  39 0002 034A     		ldr	r2, .L4+4
  40 0004 9B69     		ldr	r3, [r3, #24]
  41 0006 9A61     		str	r2, [r3, #24]
  42              	.L2:
  43              		.loc 1 68 0 discriminator 1
  44 0008 FEE7     		b	.L2
  45              	.L5:
  46 000a 00BF     		.align	2
  47              	.L4:
  48 000c 00000000 		.word	rlist
  49 0010 00000000 		.word	.LC0
  50              		.cfi_endproc
  51              	.LFE7:
  52              		.size	_idle_thread, .-_idle_thread
  53              		.section	.text.chSysInit,"ax",%progbits
  54              		.align	2
  55              		.p2align 4,,15
  56              		.global	chSysInit
  57              		.thumb
ARM GAS  C:\Users\ADMINI~1\AppData\Local\Temp\ccx9eF71.s 			page 2


  58              		.thumb_func
  59              		.type	chSysInit, %function
  60              	chSysInit:
  61              	.LFB8:
  62              		.loc 1 84 0
  63              		.cfi_startproc
  64              		@ args = 0, pretend = 0, frame = 0
  65              		@ frame_needed = 0, uses_anonymous_args = 0
  66 0000 00B5     		push	{lr}
  67              		.cfi_def_cfa_offset 4
  68              		.cfi_offset 14, -4
  69 0002 83B0     		sub	sp, sp, #12
  70              		.cfi_def_cfa_offset 16
  71              		.loc 1 90 0
  72 0004 FFF7FEFF 		bl	_port_init
  73              	.LVL1:
  74              		.loc 1 91 0
  75 0008 FFF7FEFF 		bl	_scheduler_init
  76              	.LVL2:
  77              		.loc 1 92 0
  78 000c FFF7FEFF 		bl	_vt_init
  79              	.LVL3:
  80              		.loc 1 94 0
  81 0010 FFF7FEFF 		bl	_core_init
  82              	.LVL4:
  83              		.loc 1 97 0
  84 0014 FFF7FEFF 		bl	_heap_init
  85              	.LVL5:
  86              		.loc 1 104 0
  87 0018 4021     		movs	r1, #64
  88 001a 0B48     		ldr	r0, .L8
  89 001c FFF7FEFF 		bl	_thread_init
  90              	.LVL6:
  91 0020 0A4B     		ldr	r3, .L8+4
  92              		.loc 1 105 0
  93 0022 0122     		movs	r2, #1
  94              		.loc 1 104 0
  95 0024 9861     		str	r0, [r3, #24]
  96              		.loc 1 105 0
  97 0026 0277     		strb	r2, [r0, #28]
  98              		.loc 1 111 0
  99              	@ 111 "ChibiOS_2.6.6/os/kernel/src/chsys.c" 1
 100 0028 62B6     		cpsie   i
 101              	@ 0 "" 2
 102              		.loc 1 115 0
 103              		.thumb
 104 002a 9B69     		ldr	r3, [r3, #24]
 105 002c 0849     		ldr	r1, .L8+8
 106 002e 9961     		str	r1, [r3, #24]
 107              		.loc 1 121 0
 108 0030 0023     		movs	r3, #0
 109 0032 0093     		str	r3, [sp]
 110 0034 4FF4EC71 		mov	r1, #472
 111 0038 064B     		ldr	r3, .L8+12
 112 003a 0748     		ldr	r0, .L8+16
 113 003c FFF7FEFF 		bl	chThdCreateStatic
 114              	.LVL7:
ARM GAS  C:\Users\ADMINI~1\AppData\Local\Temp\ccx9eF71.s 			page 3


 115              		.loc 1 124 0
 116 0040 03B0     		add	sp, sp, #12
 117              		.cfi_def_cfa_offset 4
 118              		@ sp needed
 119 0042 5DF804FB 		ldr	pc, [sp], #4
 120              	.L9:
 121 0046 00BF     		.align	2
 122              	.L8:
 123 0048 00000000 		.word	.LANCHOR0
 124 004c 00000000 		.word	rlist
 125 0050 00000000 		.word	ch_debug
 126 0054 00000000 		.word	_idle_thread
 127 0058 00000000 		.word	.LANCHOR1
 128              		.cfi_endproc
 129              	.LFE8:
 130              		.size	chSysInit, .-chSysInit
 131              		.section	.text.chSysTimerHandlerI,"ax",%progbits
 132              		.align	2
 133              		.p2align 4,,15
 134              		.global	chSysTimerHandlerI
 135              		.thumb
 136              		.thumb_func
 137              		.type	chSysTimerHandlerI, %function
 138              	chSysTimerHandlerI:
 139              	.LFB9:
 140              		.loc 1 137 0
 141              		.cfi_startproc
 142              		@ args = 0, pretend = 0, frame = 0
 143              		@ frame_needed = 0, uses_anonymous_args = 0
 144 0000 38B5     		push	{r3, r4, r5, lr}
 145              		.cfi_def_cfa_offset 16
 146              		.cfi_offset 3, -16
 147              		.cfi_offset 4, -12
 148              		.cfi_offset 5, -8
 149              		.cfi_offset 14, -4
 150              		.loc 1 143 0
 151 0002 114B     		ldr	r3, .L21
 152 0004 9B69     		ldr	r3, [r3, #24]
 153 0006 DA7F     		ldrb	r2, [r3, #31]	@ zero_extendqisi2
 154 0008 0AB1     		cbz	r2, .L11
 155              		.loc 1 145 0
 156 000a 013A     		subs	r2, r2, #1
 157 000c DA77     		strb	r2, [r3, #31]
 158              	.L11:
 159              		.loc 1 148 0
 160 000e 1A6A     		ldr	r2, [r3, #32]
 161              		.loc 1 150 0
 162 0010 0E4C     		ldr	r4, .L21+4
 163              		.loc 1 148 0
 164 0012 0132     		adds	r2, r2, #1
 165 0014 1A62     		str	r2, [r3, #32]
 166              		.loc 1 150 0
 167 0016 E268     		ldr	r2, [r4, #12]
 168 0018 2368     		ldr	r3, [r4]
 169 001a 0132     		adds	r2, r2, #1
 170 001c A342     		cmp	r3, r4
 171 001e E260     		str	r2, [r4, #12]
ARM GAS  C:\Users\ADMINI~1\AppData\Local\Temp\ccx9eF71.s 			page 4


 172 0020 10D0     		beq	.L10
 173              	.LBB2:
 174              		.loc 1 150 0 is_stmt 0 discriminator 1
 175 0022 9D68     		ldr	r5, [r3, #8]
 176 0024 013D     		subs	r5, r5, #1
 177 0026 9D60     		str	r5, [r3, #8]
 178              	.LVL8:
 179 0028 65B9     		cbnz	r5, .L10
 180              	.L14:
 181              	.LBB3:
 182              		.loc 1 150 0 discriminator 4
 183 002a 1A68     		ldr	r2, [r3]
 184 002c D968     		ldr	r1, [r3, #12]
 185              	.LVL9:
 186 002e 2260     		str	r2, [r4]
 187 0030 DD60     		str	r5, [r3, #12]
 188 0032 5460     		str	r4, [r2, #4]
 189              	@ 150 "ChibiOS_2.6.6/os/kernel/src/chsys.c" 1
 190 0034 62B6     		cpsie   i
 191              	@ 0 "" 2
 192              		.thumb
 193 0036 1869     		ldr	r0, [r3, #16]
 194 0038 8847     		blx	r1
 195              	.LVL10:
 196              	@ 150 "ChibiOS_2.6.6/os/kernel/src/chsys.c" 1
 197 003a 72B6     		cpsid   i
 198              	@ 0 "" 2
 199              		.thumb
 200              	.LBE3:
 201 003c 2368     		ldr	r3, [r4]
 202              	.LVL11:
 203 003e 9A68     		ldr	r2, [r3, #8]
 204 0040 002A     		cmp	r2, #0
 205 0042 F2D0     		beq	.L14
 206              	.LVL12:
 207              	.L10:
 208 0044 38BD     		pop	{r3, r4, r5, pc}
 209              	.L22:
 210 0046 00BF     		.align	2
 211              	.L21:
 212 0048 00000000 		.word	rlist
 213 004c 00000000 		.word	vtlist
 214              	.LBE2:
 215              		.cfi_endproc
 216              	.LFE9:
 217              		.size	chSysTimerHandlerI, .-chSysTimerHandlerI
 218              		.global	_idle_thread_wa
 219              		.section	.rodata.str1.4,"aMS",%progbits,1
 220              		.align	2
 221              	.LC0:
 222 0000 69646C65 		.ascii	"idle\000"
 222      00
 223              		.section	.bss.mainthread.4846,"aw",%nobits
 224              		.align	2
 225              		.set	.LANCHOR0,. + 0
 226              		.type	mainthread.4846, %object
 227              		.size	mainthread.4846, 72
ARM GAS  C:\Users\ADMINI~1\AppData\Local\Temp\ccx9eF71.s 			page 5


 228              	mainthread.4846:
 229 0000 00000000 		.space	72
 229      00000000 
 229      00000000 
 229      00000000 
 229      00000000 
 230              		.section	.bss._idle_thread_wa,"aw",%nobits
 231              		.align	3
 232              		.set	.LANCHOR1,. + 0
 233              		.type	_idle_thread_wa, %object
 234              		.size	_idle_thread_wa, 472
 235              	_idle_thread_wa:
 236 0000 00000000 		.space	472
 236      00000000 
 236      00000000 
 236      00000000 
 236      00000000 
 237              		.text
 238              	.Letext0:
 239              		.file 2 "c:\\program files\\gnu tools arm embedded\\4.9 2015q2\\lib\\gcc\\arm-none-eabi\\4.9.3\\in
 240              		.file 3 "c:\\program files\\gnu tools arm embedded\\4.9 2015q2\\arm-none-eabi\\include\\machine\\_
 241              		.file 4 "c:\\program files\\gnu tools arm embedded\\4.9 2015q2\\arm-none-eabi\\include\\sys\\_stdi
 242              		.file 5 "ChibiOS_2.6.6/os/ports/GCC/ARMCMx/chtypes.h"
 243              		.file 6 "ChibiOS_2.6.6/os/kernel/include/chlists.h"
 244              		.file 7 "ChibiOS_2.6.6/os/kernel/include/chthreads.h"
 245              		.file 8 "ChibiOS_2.6.6/os/ports/GCC/ARMCMx/chcore_v7m.h"
 246              		.file 9 "ChibiOS_2.6.6/os/kernel/include/chvt.h"
 247              		.file 10 "ChibiOS_2.6.6/os/kernel/include/chschd.h"
 248              		.file 11 "ChibiOS_2.6.6/os/kernel/include/chmtx.h"
 249              		.file 12 "ChibiOS_2.6.6/os/kernel/include/chregistry.h"
 250              		.file 13 "ChibiOS_2.6.6/os/kernel/include/chmemcore.h"
 251              		.file 14 "ChibiOS_2.6.6/os/kernel/include/chheap.h"
 252              		.section	.debug_info,"",%progbits
 253              	.Ldebug_info0:
 254 0000 9F080000 		.4byte	0x89f
 255 0004 0400     		.2byte	0x4
 256 0006 00000000 		.4byte	.Ldebug_abbrev0
 257 000a 04       		.byte	0x4
 258 000b 01       		.uleb128 0x1
 259 000c 0E040000 		.4byte	.LASF114
 260 0010 01       		.byte	0x1
 261 0011 22020000 		.4byte	.LASF115
 262 0015 77050000 		.4byte	.LASF116
 263 0019 00000000 		.4byte	.Ldebug_ranges0+0
 264 001d 00000000 		.4byte	0
 265 0021 00000000 		.4byte	.Ldebug_line0
 266 0025 02       		.uleb128 0x2
 267 0026 04       		.byte	0x4
 268 0027 05       		.byte	0x5
 269 0028 696E7400 		.ascii	"int\000"
 270 002c 03       		.uleb128 0x3
 271 002d 1B000000 		.4byte	.LASF2
 272 0031 02       		.byte	0x2
 273 0032 D4       		.byte	0xd4
 274 0033 37000000 		.4byte	0x37
 275 0037 04       		.uleb128 0x4
 276 0038 04       		.byte	0x4
ARM GAS  C:\Users\ADMINI~1\AppData\Local\Temp\ccx9eF71.s 			page 6


 277 0039 07       		.byte	0x7
 278 003a 72010000 		.4byte	.LASF0
 279 003e 04       		.uleb128 0x4
 280 003f 01       		.byte	0x1
 281 0040 06       		.byte	0x6
 282 0041 B8000000 		.4byte	.LASF1
 283 0045 03       		.uleb128 0x3
 284 0046 32000000 		.4byte	.LASF3
 285 004a 03       		.byte	0x3
 286 004b 1D       		.byte	0x1d
 287 004c 50000000 		.4byte	0x50
 288 0050 04       		.uleb128 0x4
 289 0051 01       		.byte	0x1
 290 0052 08       		.byte	0x8
 291 0053 25030000 		.4byte	.LASF4
 292 0057 04       		.uleb128 0x4
 293 0058 02       		.byte	0x2
 294 0059 05       		.byte	0x5
 295 005a 48030000 		.4byte	.LASF5
 296 005e 03       		.uleb128 0x3
 297 005f DD030000 		.4byte	.LASF6
 298 0063 03       		.byte	0x3
 299 0064 2B       		.byte	0x2b
 300 0065 69000000 		.4byte	0x69
 301 0069 04       		.uleb128 0x4
 302 006a 02       		.byte	0x2
 303 006b 07       		.byte	0x7
 304 006c DB010000 		.4byte	.LASF7
 305 0070 03       		.uleb128 0x3
 306 0071 04040000 		.4byte	.LASF8
 307 0075 03       		.byte	0x3
 308 0076 3F       		.byte	0x3f
 309 0077 7B000000 		.4byte	0x7b
 310 007b 04       		.uleb128 0x4
 311 007c 04       		.byte	0x4
 312 007d 05       		.byte	0x5
 313 007e FB000000 		.4byte	.LASF9
 314 0082 03       		.uleb128 0x3
 315 0083 41010000 		.4byte	.LASF10
 316 0087 03       		.byte	0x3
 317 0088 41       		.byte	0x41
 318 0089 8D000000 		.4byte	0x8d
 319 008d 04       		.uleb128 0x4
 320 008e 04       		.byte	0x4
 321 008f 07       		.byte	0x7
 322 0090 94010000 		.4byte	.LASF11
 323 0094 04       		.uleb128 0x4
 324 0095 08       		.byte	0x8
 325 0096 05       		.byte	0x5
 326 0097 AA000000 		.4byte	.LASF12
 327 009b 03       		.uleb128 0x3
 328 009c EA020000 		.4byte	.LASF13
 329 00a0 03       		.byte	0x3
 330 00a1 5B       		.byte	0x5b
 331 00a2 A6000000 		.4byte	0xa6
 332 00a6 04       		.uleb128 0x4
 333 00a7 08       		.byte	0x8
ARM GAS  C:\Users\ADMINI~1\AppData\Local\Temp\ccx9eF71.s 			page 7


 334 00a8 07       		.byte	0x7
 335 00a9 64000000 		.4byte	.LASF14
 336 00ad 03       		.uleb128 0x3
 337 00ae 8F050000 		.4byte	.LASF15
 338 00b2 04       		.byte	0x4
 339 00b3 14       		.byte	0x14
 340 00b4 45000000 		.4byte	0x45
 341 00b8 03       		.uleb128 0x3
 342 00b9 0D010000 		.4byte	.LASF16
 343 00bd 04       		.byte	0x4
 344 00be 1A       		.byte	0x1a
 345 00bf 5E000000 		.4byte	0x5e
 346 00c3 03       		.uleb128 0x3
 347 00c4 1D030000 		.4byte	.LASF17
 348 00c8 04       		.byte	0x4
 349 00c9 1F       		.byte	0x1f
 350 00ca 70000000 		.4byte	0x70
 351 00ce 03       		.uleb128 0x3
 352 00cf BB030000 		.4byte	.LASF18
 353 00d3 04       		.byte	0x4
 354 00d4 20       		.byte	0x20
 355 00d5 82000000 		.4byte	0x82
 356 00d9 03       		.uleb128 0x3
 357 00da 29000000 		.4byte	.LASF19
 358 00de 04       		.byte	0x4
 359 00df 26       		.byte	0x26
 360 00e0 9B000000 		.4byte	0x9b
 361 00e4 04       		.uleb128 0x4
 362 00e5 01       		.byte	0x1
 363 00e6 02       		.byte	0x2
 364 00e7 17030000 		.4byte	.LASF20
 365 00eb 03       		.uleb128 0x3
 366 00ec FC010000 		.4byte	.LASF21
 367 00f0 05       		.byte	0x5
 368 00f1 2C       		.byte	0x2c
 369 00f2 AD000000 		.4byte	0xad
 370 00f6 03       		.uleb128 0x3
 371 00f7 04010000 		.4byte	.LASF22
 372 00fb 05       		.byte	0x5
 373 00fc 2D       		.byte	0x2d
 374 00fd AD000000 		.4byte	0xad
 375 0101 03       		.uleb128 0x3
 376 0102 F5020000 		.4byte	.LASF23
 377 0106 05       		.byte	0x5
 378 0107 2E       		.byte	0x2e
 379 0108 AD000000 		.4byte	0xad
 380 010c 03       		.uleb128 0x3
 381 010d F1000000 		.4byte	.LASF24
 382 0111 05       		.byte	0x5
 383 0112 2F       		.byte	0x2f
 384 0113 AD000000 		.4byte	0xad
 385 0117 03       		.uleb128 0x3
 386 0118 0F030000 		.4byte	.LASF25
 387 011c 05       		.byte	0x5
 388 011d 30       		.byte	0x30
 389 011e CE000000 		.4byte	0xce
 390 0122 03       		.uleb128 0x3
ARM GAS  C:\Users\ADMINI~1\AppData\Local\Temp\ccx9eF71.s 			page 8


 391 0123 EE010000 		.4byte	.LASF26
 392 0127 05       		.byte	0x5
 393 0128 31       		.byte	0x31
 394 0129 C3000000 		.4byte	0xc3
 395 012d 03       		.uleb128 0x3
 396 012e 10020000 		.4byte	.LASF27
 397 0132 05       		.byte	0x5
 398 0133 33       		.byte	0x33
 399 0134 CE000000 		.4byte	0xce
 400 0138 03       		.uleb128 0x3
 401 0139 EF030000 		.4byte	.LASF28
 402 013d 05       		.byte	0x5
 403 013e 35       		.byte	0x35
 404 013f CE000000 		.4byte	0xce
 405 0143 03       		.uleb128 0x3
 406 0144 9C030000 		.4byte	.LASF29
 407 0148 06       		.byte	0x6
 408 0149 2A       		.byte	0x2a
 409 014a 4E010000 		.4byte	0x14e
 410 014e 05       		.uleb128 0x5
 411 014f 9C030000 		.4byte	.LASF29
 412 0153 48       		.byte	0x48
 413 0154 07       		.byte	0x7
 414 0155 5E       		.byte	0x5e
 415 0156 4B020000 		.4byte	0x24b
 416 015a 06       		.uleb128 0x6
 417 015b 7E030000 		.4byte	.LASF30
 418 015f 07       		.byte	0x7
 419 0160 5F       		.byte	0x5f
 420 0161 6C020000 		.4byte	0x26c
 421 0165 00       		.byte	0
 422 0166 06       		.uleb128 0x6
 423 0167 08030000 		.4byte	.LASF31
 424 016b 07       		.byte	0x7
 425 016c 61       		.byte	0x61
 426 016d 6C020000 		.4byte	0x26c
 427 0171 04       		.byte	0x4
 428 0172 06       		.uleb128 0x6
 429 0173 86000000 		.4byte	.LASF32
 430 0177 07       		.byte	0x7
 431 0178 63       		.byte	0x63
 432 0179 17010000 		.4byte	0x117
 433 017d 08       		.byte	0x8
 434 017e 06       		.uleb128 0x6
 435 017f D5050000 		.4byte	.LASF33
 436 0183 07       		.byte	0x7
 437 0184 64       		.byte	0x64
 438 0185 01040000 		.4byte	0x401
 439 0189 0C       		.byte	0xc
 440 018a 06       		.uleb128 0x6
 441 018b 20010000 		.4byte	.LASF34
 442 018f 07       		.byte	0x7
 443 0190 66       		.byte	0x66
 444 0191 6C020000 		.4byte	0x26c
 445 0195 10       		.byte	0x10
 446 0196 06       		.uleb128 0x6
 447 0197 A8020000 		.4byte	.LASF35
ARM GAS  C:\Users\ADMINI~1\AppData\Local\Temp\ccx9eF71.s 			page 9


 448 019b 07       		.byte	0x7
 449 019c 67       		.byte	0x67
 450 019d 6C020000 		.4byte	0x26c
 451 01a1 14       		.byte	0x14
 452 01a2 06       		.uleb128 0x6
 453 01a3 A9050000 		.4byte	.LASF36
 454 01a7 07       		.byte	0x7
 455 01a8 6E       		.byte	0x6e
 456 01a9 BB050000 		.4byte	0x5bb
 457 01ad 18       		.byte	0x18
 458 01ae 06       		.uleb128 0x6
 459 01af 52030000 		.4byte	.LASF37
 460 01b3 07       		.byte	0x7
 461 01b4 79       		.byte	0x79
 462 01b5 F6000000 		.4byte	0xf6
 463 01b9 1C       		.byte	0x1c
 464 01ba 06       		.uleb128 0x6
 465 01bb 94030000 		.4byte	.LASF38
 466 01bf 07       		.byte	0x7
 467 01c0 7D       		.byte	0x7d
 468 01c1 EB000000 		.4byte	0xeb
 469 01c5 1D       		.byte	0x1d
 470 01c6 06       		.uleb128 0x6
 471 01c7 66050000 		.4byte	.LASF39
 472 01cb 07       		.byte	0x7
 473 01cc 82       		.byte	0x82
 474 01cd 01010000 		.4byte	0x101
 475 01d1 1E       		.byte	0x1e
 476 01d2 06       		.uleb128 0x6
 477 01d3 5A030000 		.4byte	.LASF40
 478 01d7 07       		.byte	0x7
 479 01d8 88       		.byte	0x88
 480 01d9 0C010000 		.4byte	0x10c
 481 01dd 1F       		.byte	0x1f
 482 01de 06       		.uleb128 0x6
 483 01df 3B050000 		.4byte	.LASF41
 484 01e3 07       		.byte	0x7
 485 01e4 8F       		.byte	0x8f
 486 01e5 D8040000 		.4byte	0x4d8
 487 01e9 20       		.byte	0x20
 488 01ea 07       		.uleb128 0x7
 489 01eb 705F7500 		.ascii	"p_u\000"
 490 01ef 07       		.byte	0x7
 491 01f0 B4       		.byte	0xb4
 492 01f1 86050000 		.4byte	0x586
 493 01f5 24       		.byte	0x24
 494 01f6 06       		.uleb128 0x6
 495 01f7 DB050000 		.4byte	.LASF42
 496 01fb 07       		.byte	0x7
 497 01fc B9       		.byte	0xb9
 498 01fd 92020000 		.4byte	0x292
 499 0201 28       		.byte	0x28
 500 0202 06       		.uleb128 0x6
 501 0203 49050000 		.4byte	.LASF43
 502 0207 07       		.byte	0x7
 503 0208 BF       		.byte	0xbf
 504 0209 72020000 		.4byte	0x272
ARM GAS  C:\Users\ADMINI~1\AppData\Local\Temp\ccx9eF71.s 			page 10


 505 020d 2C       		.byte	0x2c
 506 020e 06       		.uleb128 0x6
 507 020f 15000000 		.4byte	.LASF44
 508 0213 07       		.byte	0x7
 509 0214 C3       		.byte	0xc3
 510 0215 22010000 		.4byte	0x122
 511 0219 34       		.byte	0x34
 512 021a 06       		.uleb128 0x6
 513 021b B0030000 		.4byte	.LASF45
 514 021f 07       		.byte	0x7
 515 0220 C9       		.byte	0xc9
 516 0221 2D010000 		.4byte	0x12d
 517 0225 38       		.byte	0x38
 518 0226 06       		.uleb128 0x6
 519 0227 3E030000 		.4byte	.LASF46
 520 022b 07       		.byte	0x7
 521 022c D0       		.byte	0xd0
 522 022d CD050000 		.4byte	0x5cd
 523 0231 3C       		.byte	0x3c
 524 0232 06       		.uleb128 0x6
 525 0233 F9030000 		.4byte	.LASF47
 526 0237 07       		.byte	0x7
 527 0238 D4       		.byte	0xd4
 528 0239 17010000 		.4byte	0x117
 529 023d 40       		.byte	0x40
 530 023e 06       		.uleb128 0x6
 531 023f E1000000 		.4byte	.LASF48
 532 0243 07       		.byte	0x7
 533 0244 DA       		.byte	0xda
 534 0245 A8020000 		.4byte	0x2a8
 535 0249 44       		.byte	0x44
 536 024a 00       		.byte	0
 537 024b 08       		.uleb128 0x8
 538 024c 08       		.byte	0x8
 539 024d 06       		.byte	0x6
 540 024e 61       		.byte	0x61
 541 024f 6C020000 		.4byte	0x26c
 542 0253 06       		.uleb128 0x6
 543 0254 7E030000 		.4byte	.LASF30
 544 0258 06       		.byte	0x6
 545 0259 62       		.byte	0x62
 546 025a 6C020000 		.4byte	0x26c
 547 025e 00       		.byte	0
 548 025f 06       		.uleb128 0x6
 549 0260 08030000 		.4byte	.LASF31
 550 0264 06       		.byte	0x6
 551 0265 64       		.byte	0x64
 552 0266 6C020000 		.4byte	0x26c
 553 026a 04       		.byte	0x4
 554 026b 00       		.byte	0
 555 026c 09       		.uleb128 0x9
 556 026d 04       		.byte	0x4
 557 026e 43010000 		.4byte	0x143
 558 0272 03       		.uleb128 0x3
 559 0273 B6020000 		.4byte	.LASF49
 560 0277 06       		.byte	0x6
 561 0278 66       		.byte	0x66
ARM GAS  C:\Users\ADMINI~1\AppData\Local\Temp\ccx9eF71.s 			page 11


 562 0279 4B020000 		.4byte	0x24b
 563 027d 08       		.uleb128 0x8
 564 027e 04       		.byte	0x4
 565 027f 06       		.byte	0x6
 566 0280 6B       		.byte	0x6b
 567 0281 92020000 		.4byte	0x292
 568 0285 06       		.uleb128 0x6
 569 0286 7E030000 		.4byte	.LASF30
 570 028a 06       		.byte	0x6
 571 028b 6D       		.byte	0x6d
 572 028c 6C020000 		.4byte	0x26c
 573 0290 00       		.byte	0
 574 0291 00       		.byte	0
 575 0292 03       		.uleb128 0x3
 576 0293 04020000 		.4byte	.LASF50
 577 0297 06       		.byte	0x6
 578 0298 70       		.byte	0x70
 579 0299 7D020000 		.4byte	0x27d
 580 029d 03       		.uleb128 0x3
 581 029e 4C010000 		.4byte	.LASF51
 582 02a2 08       		.byte	0x8
 583 02a3 E5       		.byte	0xe5
 584 02a4 A8020000 		.4byte	0x2a8
 585 02a8 0A       		.uleb128 0xa
 586 02a9 04       		.byte	0x4
 587 02aa 03       		.uleb128 0x3
 588 02ab 46020000 		.4byte	.LASF52
 589 02af 08       		.byte	0x8
 590 02b0 EB       		.byte	0xeb
 591 02b1 D9000000 		.4byte	0xd9
 592 02b5 0B       		.uleb128 0xb
 593 02b6 42050000 		.4byte	.LASF53
 594 02ba 64       		.byte	0x64
 595 02bb 08       		.byte	0x8
 596 02bc 0C01     		.2byte	0x10c
 597 02be 01040000 		.4byte	0x401
 598 02c2 0C       		.uleb128 0xc
 599 02c3 73313600 		.ascii	"s16\000"
 600 02c7 08       		.byte	0x8
 601 02c8 0E01     		.2byte	0x10e
 602 02ca 9D020000 		.4byte	0x29d
 603 02ce 00       		.byte	0
 604 02cf 0C       		.uleb128 0xc
 605 02d0 73313700 		.ascii	"s17\000"
 606 02d4 08       		.byte	0x8
 607 02d5 0F01     		.2byte	0x10f
 608 02d7 9D020000 		.4byte	0x29d
 609 02db 04       		.byte	0x4
 610 02dc 0C       		.uleb128 0xc
 611 02dd 73313800 		.ascii	"s18\000"
 612 02e1 08       		.byte	0x8
 613 02e2 1001     		.2byte	0x110
 614 02e4 9D020000 		.4byte	0x29d
 615 02e8 08       		.byte	0x8
 616 02e9 0C       		.uleb128 0xc
 617 02ea 73313900 		.ascii	"s19\000"
 618 02ee 08       		.byte	0x8
ARM GAS  C:\Users\ADMINI~1\AppData\Local\Temp\ccx9eF71.s 			page 12


 619 02ef 1101     		.2byte	0x111
 620 02f1 9D020000 		.4byte	0x29d
 621 02f5 0C       		.byte	0xc
 622 02f6 0C       		.uleb128 0xc
 623 02f7 73323000 		.ascii	"s20\000"
 624 02fb 08       		.byte	0x8
 625 02fc 1201     		.2byte	0x112
 626 02fe 9D020000 		.4byte	0x29d
 627 0302 10       		.byte	0x10
 628 0303 0C       		.uleb128 0xc
 629 0304 73323100 		.ascii	"s21\000"
 630 0308 08       		.byte	0x8
 631 0309 1301     		.2byte	0x113
 632 030b 9D020000 		.4byte	0x29d
 633 030f 14       		.byte	0x14
 634 0310 0C       		.uleb128 0xc
 635 0311 73323200 		.ascii	"s22\000"
 636 0315 08       		.byte	0x8
 637 0316 1401     		.2byte	0x114
 638 0318 9D020000 		.4byte	0x29d
 639 031c 18       		.byte	0x18
 640 031d 0C       		.uleb128 0xc
 641 031e 73323300 		.ascii	"s23\000"
 642 0322 08       		.byte	0x8
 643 0323 1501     		.2byte	0x115
 644 0325 9D020000 		.4byte	0x29d
 645 0329 1C       		.byte	0x1c
 646 032a 0C       		.uleb128 0xc
 647 032b 73323400 		.ascii	"s24\000"
 648 032f 08       		.byte	0x8
 649 0330 1601     		.2byte	0x116
 650 0332 9D020000 		.4byte	0x29d
 651 0336 20       		.byte	0x20
 652 0337 0C       		.uleb128 0xc
 653 0338 73323500 		.ascii	"s25\000"
 654 033c 08       		.byte	0x8
 655 033d 1701     		.2byte	0x117
 656 033f 9D020000 		.4byte	0x29d
 657 0343 24       		.byte	0x24
 658 0344 0C       		.uleb128 0xc
 659 0345 73323600 		.ascii	"s26\000"
 660 0349 08       		.byte	0x8
 661 034a 1801     		.2byte	0x118
 662 034c 9D020000 		.4byte	0x29d
 663 0350 28       		.byte	0x28
 664 0351 0C       		.uleb128 0xc
 665 0352 73323700 		.ascii	"s27\000"
 666 0356 08       		.byte	0x8
 667 0357 1901     		.2byte	0x119
 668 0359 9D020000 		.4byte	0x29d
 669 035d 2C       		.byte	0x2c
 670 035e 0C       		.uleb128 0xc
 671 035f 73323800 		.ascii	"s28\000"
 672 0363 08       		.byte	0x8
 673 0364 1A01     		.2byte	0x11a
 674 0366 9D020000 		.4byte	0x29d
 675 036a 30       		.byte	0x30
ARM GAS  C:\Users\ADMINI~1\AppData\Local\Temp\ccx9eF71.s 			page 13


 676 036b 0C       		.uleb128 0xc
 677 036c 73323900 		.ascii	"s29\000"
 678 0370 08       		.byte	0x8
 679 0371 1B01     		.2byte	0x11b
 680 0373 9D020000 		.4byte	0x29d
 681 0377 34       		.byte	0x34
 682 0378 0C       		.uleb128 0xc
 683 0379 73333000 		.ascii	"s30\000"
 684 037d 08       		.byte	0x8
 685 037e 1C01     		.2byte	0x11c
 686 0380 9D020000 		.4byte	0x29d
 687 0384 38       		.byte	0x38
 688 0385 0C       		.uleb128 0xc
 689 0386 73333100 		.ascii	"s31\000"
 690 038a 08       		.byte	0x8
 691 038b 1D01     		.2byte	0x11d
 692 038d 9D020000 		.4byte	0x29d
 693 0391 3C       		.byte	0x3c
 694 0392 0C       		.uleb128 0xc
 695 0393 723400   		.ascii	"r4\000"
 696 0396 08       		.byte	0x8
 697 0397 1F01     		.2byte	0x11f
 698 0399 9D020000 		.4byte	0x29d
 699 039d 40       		.byte	0x40
 700 039e 0C       		.uleb128 0xc
 701 039f 723500   		.ascii	"r5\000"
 702 03a2 08       		.byte	0x8
 703 03a3 2001     		.2byte	0x120
 704 03a5 9D020000 		.4byte	0x29d
 705 03a9 44       		.byte	0x44
 706 03aa 0C       		.uleb128 0xc
 707 03ab 723600   		.ascii	"r6\000"
 708 03ae 08       		.byte	0x8
 709 03af 2101     		.2byte	0x121
 710 03b1 9D020000 		.4byte	0x29d
 711 03b5 48       		.byte	0x48
 712 03b6 0C       		.uleb128 0xc
 713 03b7 723700   		.ascii	"r7\000"
 714 03ba 08       		.byte	0x8
 715 03bb 2201     		.2byte	0x122
 716 03bd 9D020000 		.4byte	0x29d
 717 03c1 4C       		.byte	0x4c
 718 03c2 0C       		.uleb128 0xc
 719 03c3 723800   		.ascii	"r8\000"
 720 03c6 08       		.byte	0x8
 721 03c7 2301     		.2byte	0x123
 722 03c9 9D020000 		.4byte	0x29d
 723 03cd 50       		.byte	0x50
 724 03ce 0C       		.uleb128 0xc
 725 03cf 723900   		.ascii	"r9\000"
 726 03d2 08       		.byte	0x8
 727 03d3 2401     		.2byte	0x124
 728 03d5 9D020000 		.4byte	0x29d
 729 03d9 54       		.byte	0x54
 730 03da 0C       		.uleb128 0xc
 731 03db 72313000 		.ascii	"r10\000"
 732 03df 08       		.byte	0x8
ARM GAS  C:\Users\ADMINI~1\AppData\Local\Temp\ccx9eF71.s 			page 14


 733 03e0 2501     		.2byte	0x125
 734 03e2 9D020000 		.4byte	0x29d
 735 03e6 58       		.byte	0x58
 736 03e7 0C       		.uleb128 0xc
 737 03e8 72313100 		.ascii	"r11\000"
 738 03ec 08       		.byte	0x8
 739 03ed 2601     		.2byte	0x126
 740 03ef 9D020000 		.4byte	0x29d
 741 03f3 5C       		.byte	0x5c
 742 03f4 0C       		.uleb128 0xc
 743 03f5 6C7200   		.ascii	"lr\000"
 744 03f8 08       		.byte	0x8
 745 03f9 2701     		.2byte	0x127
 746 03fb 9D020000 		.4byte	0x29d
 747 03ff 60       		.byte	0x60
 748 0400 00       		.byte	0
 749 0401 0B       		.uleb128 0xb
 750 0402 D3010000 		.4byte	.LASF54
 751 0406 04       		.byte	0x4
 752 0407 08       		.byte	0x8
 753 0408 3101     		.2byte	0x131
 754 040a 1C040000 		.4byte	0x41c
 755 040e 0C       		.uleb128 0xc
 756 040f 72313300 		.ascii	"r13\000"
 757 0413 08       		.byte	0x8
 758 0414 3201     		.2byte	0x132
 759 0416 1C040000 		.4byte	0x41c
 760 041a 00       		.byte	0
 761 041b 00       		.byte	0
 762 041c 09       		.uleb128 0x9
 763 041d 04       		.byte	0x4
 764 041e B5020000 		.4byte	0x2b5
 765 0422 04       		.uleb128 0x4
 766 0423 04       		.byte	0x4
 767 0424 07       		.byte	0x7
 768 0425 7F020000 		.4byte	.LASF55
 769 0429 03       		.uleb128 0x3
 770 042a AF010000 		.4byte	.LASF56
 771 042e 09       		.byte	0x9
 772 042f 58       		.byte	0x58
 773 0430 34040000 		.4byte	0x434
 774 0434 09       		.uleb128 0x9
 775 0435 04       		.byte	0x4
 776 0436 3A040000 		.4byte	0x43a
 777 043a 0D       		.uleb128 0xd
 778 043b 45040000 		.4byte	0x445
 779 043f 0E       		.uleb128 0xe
 780 0440 A8020000 		.4byte	0x2a8
 781 0444 00       		.byte	0
 782 0445 03       		.uleb128 0x3
 783 0446 C6010000 		.4byte	.LASF57
 784 044a 09       		.byte	0x9
 785 044b 5D       		.byte	0x5d
 786 044c 50040000 		.4byte	0x450
 787 0450 05       		.uleb128 0x5
 788 0451 C6010000 		.4byte	.LASF57
 789 0455 14       		.byte	0x14
ARM GAS  C:\Users\ADMINI~1\AppData\Local\Temp\ccx9eF71.s 			page 15


 790 0456 09       		.byte	0x9
 791 0457 64       		.byte	0x64
 792 0458 99040000 		.4byte	0x499
 793 045c 06       		.uleb128 0x6
 794 045d 8C010000 		.4byte	.LASF58
 795 0461 09       		.byte	0x9
 796 0462 65       		.byte	0x65
 797 0463 99040000 		.4byte	0x499
 798 0467 00       		.byte	0
 799 0468 06       		.uleb128 0x6
 800 0469 55010000 		.4byte	.LASF59
 801 046d 09       		.byte	0x9
 802 046e 67       		.byte	0x67
 803 046f 99040000 		.4byte	0x499
 804 0473 04       		.byte	0x4
 805 0474 06       		.uleb128 0x6
 806 0475 77020000 		.4byte	.LASF60
 807 0479 09       		.byte	0x9
 808 047a 69       		.byte	0x69
 809 047b 38010000 		.4byte	0x138
 810 047f 08       		.byte	0x8
 811 0480 06       		.uleb128 0x6
 812 0481 88020000 		.4byte	.LASF61
 813 0485 09       		.byte	0x9
 814 0486 6A       		.byte	0x6a
 815 0487 29040000 		.4byte	0x429
 816 048b 0C       		.byte	0xc
 817 048c 06       		.uleb128 0x6
 818 048d 54050000 		.4byte	.LASF62
 819 0491 09       		.byte	0x9
 820 0492 6C       		.byte	0x6c
 821 0493 A8020000 		.4byte	0x2a8
 822 0497 10       		.byte	0x10
 823 0498 00       		.byte	0
 824 0499 09       		.uleb128 0x9
 825 049a 04       		.byte	0x4
 826 049b 45040000 		.4byte	0x445
 827 049f 08       		.uleb128 0x8
 828 04a0 10       		.byte	0x10
 829 04a1 09       		.byte	0x9
 830 04a2 76       		.byte	0x76
 831 04a3 D8040000 		.4byte	0x4d8
 832 04a7 06       		.uleb128 0x6
 833 04a8 8C010000 		.4byte	.LASF58
 834 04ac 09       		.byte	0x9
 835 04ad 77       		.byte	0x77
 836 04ae 99040000 		.4byte	0x499
 837 04b2 00       		.byte	0
 838 04b3 06       		.uleb128 0x6
 839 04b4 55010000 		.4byte	.LASF59
 840 04b8 09       		.byte	0x9
 841 04b9 79       		.byte	0x79
 842 04ba 99040000 		.4byte	0x499
 843 04be 04       		.byte	0x4
 844 04bf 06       		.uleb128 0x6
 845 04c0 77020000 		.4byte	.LASF60
 846 04c4 09       		.byte	0x9
ARM GAS  C:\Users\ADMINI~1\AppData\Local\Temp\ccx9eF71.s 			page 16


 847 04c5 7B       		.byte	0x7b
 848 04c6 38010000 		.4byte	0x138
 849 04ca 08       		.byte	0x8
 850 04cb 06       		.uleb128 0x6
 851 04cc B0050000 		.4byte	.LASF63
 852 04d0 09       		.byte	0x9
 853 04d1 7C       		.byte	0x7c
 854 04d2 D8040000 		.4byte	0x4d8
 855 04d6 0C       		.byte	0xc
 856 04d7 00       		.byte	0
 857 04d8 0F       		.uleb128 0xf
 858 04d9 38010000 		.4byte	0x138
 859 04dd 03       		.uleb128 0x3
 860 04de C6050000 		.4byte	.LASF64
 861 04e2 09       		.byte	0x9
 862 04e3 7D       		.byte	0x7d
 863 04e4 9F040000 		.4byte	0x49f
 864 04e8 08       		.uleb128 0x8
 865 04e9 1C       		.byte	0x1c
 866 04ea 0A       		.byte	0xa
 867 04eb 5E       		.byte	0x5e
 868 04ec 39050000 		.4byte	0x539
 869 04f0 06       		.uleb128 0x6
 870 04f1 D0030000 		.4byte	.LASF65
 871 04f5 0A       		.byte	0xa
 872 04f6 5F       		.byte	0x5f
 873 04f7 72020000 		.4byte	0x272
 874 04fb 00       		.byte	0
 875 04fc 06       		.uleb128 0x6
 876 04fd 70030000 		.4byte	.LASF66
 877 0501 0A       		.byte	0xa
 878 0502 60       		.byte	0x60
 879 0503 17010000 		.4byte	0x117
 880 0507 08       		.byte	0x8
 881 0508 06       		.uleb128 0x6
 882 0509 B0020000 		.4byte	.LASF67
 883 050d 0A       		.byte	0xa
 884 050e 62       		.byte	0x62
 885 050f 01040000 		.4byte	0x401
 886 0513 0C       		.byte	0xc
 887 0514 06       		.uleb128 0x6
 888 0515 F4010000 		.4byte	.LASF68
 889 0519 0A       		.byte	0xa
 890 051a 65       		.byte	0x65
 891 051b 6C020000 		.4byte	0x26c
 892 051f 10       		.byte	0x10
 893 0520 06       		.uleb128 0x6
 894 0521 D5020000 		.4byte	.LASF69
 895 0525 0A       		.byte	0xa
 896 0526 66       		.byte	0x66
 897 0527 6C020000 		.4byte	0x26c
 898 052b 14       		.byte	0x14
 899 052c 06       		.uleb128 0x6
 900 052d CB020000 		.4byte	.LASF70
 901 0531 0A       		.byte	0xa
 902 0532 69       		.byte	0x69
 903 0533 6C020000 		.4byte	0x26c
ARM GAS  C:\Users\ADMINI~1\AppData\Local\Temp\ccx9eF71.s 			page 17


 904 0537 18       		.byte	0x18
 905 0538 00       		.byte	0
 906 0539 03       		.uleb128 0x3
 907 053a 6D050000 		.4byte	.LASF71
 908 053e 0A       		.byte	0xa
 909 053f 6B       		.byte	0x6b
 910 0540 E8040000 		.4byte	0x4e8
 911 0544 05       		.uleb128 0x5
 912 0545 1C020000 		.4byte	.LASF72
 913 0549 10       		.byte	0x10
 914 054a 0B       		.byte	0xb
 915 054b 2C       		.byte	0x2c
 916 054c 75050000 		.4byte	0x575
 917 0550 06       		.uleb128 0x6
 918 0551 E9000000 		.4byte	.LASF73
 919 0555 0B       		.byte	0xb
 920 0556 2D       		.byte	0x2d
 921 0557 72020000 		.4byte	0x272
 922 055b 00       		.byte	0
 923 055c 06       		.uleb128 0x6
 924 055d CD050000 		.4byte	.LASF74
 925 0561 0B       		.byte	0xb
 926 0562 2F       		.byte	0x2f
 927 0563 6C020000 		.4byte	0x26c
 928 0567 08       		.byte	0x8
 929 0568 06       		.uleb128 0x6
 930 0569 E8030000 		.4byte	.LASF75
 931 056d 0B       		.byte	0xb
 932 056e 31       		.byte	0x31
 933 056f 75050000 		.4byte	0x575
 934 0573 0C       		.byte	0xc
 935 0574 00       		.byte	0
 936 0575 09       		.uleb128 0x9
 937 0576 04       		.byte	0x4
 938 0577 44050000 		.4byte	0x544
 939 057b 03       		.uleb128 0x3
 940 057c 1C020000 		.4byte	.LASF72
 941 0580 0B       		.byte	0xb
 942 0581 33       		.byte	0x33
 943 0582 44050000 		.4byte	0x544
 944 0586 10       		.uleb128 0x10
 945 0587 04       		.byte	0x4
 946 0588 07       		.byte	0x7
 947 0589 96       		.byte	0x96
 948 058a BB050000 		.4byte	0x5bb
 949 058e 11       		.uleb128 0x11
 950 058f 22000000 		.4byte	.LASF76
 951 0593 07       		.byte	0x7
 952 0594 9D       		.byte	0x9d
 953 0595 22010000 		.4byte	0x122
 954 0599 11       		.uleb128 0x11
 955 059a 38010000 		.4byte	.LASF77
 956 059e 07       		.byte	0x7
 957 059f A4       		.byte	0xa4
 958 05a0 22010000 		.4byte	0x122
 959 05a4 11       		.uleb128 0x11
 960 05a5 97050000 		.4byte	.LASF78
ARM GAS  C:\Users\ADMINI~1\AppData\Local\Temp\ccx9eF71.s 			page 18


 961 05a9 07       		.byte	0x7
 962 05aa AB       		.byte	0xab
 963 05ab A8020000 		.4byte	0x2a8
 964 05af 11       		.uleb128 0x11
 965 05b0 77030000 		.4byte	.LASF79
 966 05b4 07       		.byte	0x7
 967 05b5 B2       		.byte	0xb2
 968 05b6 2D010000 		.4byte	0x12d
 969 05ba 00       		.byte	0
 970 05bb 09       		.uleb128 0x9
 971 05bc 04       		.byte	0x4
 972 05bd C1050000 		.4byte	0x5c1
 973 05c1 12       		.uleb128 0x12
 974 05c2 C6050000 		.4byte	0x5c6
 975 05c6 04       		.uleb128 0x4
 976 05c7 01       		.byte	0x1
 977 05c8 08       		.byte	0x8
 978 05c9 D8030000 		.4byte	.LASF80
 979 05cd 09       		.uleb128 0x9
 980 05ce 04       		.byte	0x4
 981 05cf 7B050000 		.4byte	0x57b
 982 05d3 03       		.uleb128 0x3
 983 05d4 00000000 		.4byte	.LASF81
 984 05d8 07       		.byte	0x7
 985 05d9 E5       		.byte	0xe5
 986 05da DE050000 		.4byte	0x5de
 987 05de 09       		.uleb128 0x9
 988 05df 04       		.byte	0x4
 989 05e0 E4050000 		.4byte	0x5e4
 990 05e4 13       		.uleb128 0x13
 991 05e5 22010000 		.4byte	0x122
 992 05e9 F3050000 		.4byte	0x5f3
 993 05ed 0E       		.uleb128 0xe
 994 05ee A8020000 		.4byte	0x2a8
 995 05f2 00       		.byte	0
 996 05f3 08       		.uleb128 0x8
 997 05f4 16       		.byte	0x16
 998 05f5 0C       		.byte	0xc
 999 05f6 2C       		.byte	0x2c
 1000 05f7 D4060000 		.4byte	0x6d4
 1001 05fb 06       		.uleb128 0x6
 1002 05fc B8010000 		.4byte	.LASF82
 1003 0600 0C       		.byte	0xc
 1004 0601 2D       		.byte	0x2d
 1005 0602 D4060000 		.4byte	0x6d4
 1006 0606 00       		.byte	0
 1007 0607 06       		.uleb128 0x6
 1008 0608 63020000 		.4byte	.LASF83
 1009 060c 0C       		.byte	0xc
 1010 060d 2E       		.byte	0x2e
 1011 060e AD000000 		.4byte	0xad
 1012 0612 04       		.byte	0x4
 1013 0613 06       		.uleb128 0x6
 1014 0614 C3020000 		.4byte	.LASF84
 1015 0618 0C       		.byte	0xc
 1016 0619 2F       		.byte	0x2f
 1017 061a AD000000 		.4byte	0xad
ARM GAS  C:\Users\ADMINI~1\AppData\Local\Temp\ccx9eF71.s 			page 19


 1018 061e 05       		.byte	0x5
 1019 061f 06       		.uleb128 0x6
 1020 0620 BB050000 		.4byte	.LASF85
 1021 0624 0C       		.byte	0xc
 1022 0625 30       		.byte	0x30
 1023 0626 B8000000 		.4byte	0xb8
 1024 062a 06       		.byte	0x6
 1025 062b 06       		.uleb128 0x6
 1026 062c FD020000 		.4byte	.LASF86
 1027 0630 0C       		.byte	0xc
 1028 0631 31       		.byte	0x31
 1029 0632 AD000000 		.4byte	0xad
 1030 0636 08       		.byte	0x8
 1031 0637 06       		.uleb128 0x6
 1032 0638 90020000 		.4byte	.LASF87
 1033 063c 0C       		.byte	0xc
 1034 063d 32       		.byte	0x32
 1035 063e AD000000 		.4byte	0xad
 1036 0642 09       		.byte	0x9
 1037 0643 06       		.uleb128 0x6
 1038 0644 3C000000 		.4byte	.LASF88
 1039 0648 0C       		.byte	0xc
 1040 0649 33       		.byte	0x33
 1041 064a AD000000 		.4byte	0xad
 1042 064e 0A       		.byte	0xa
 1043 064f 06       		.uleb128 0x6
 1044 0650 C4030000 		.4byte	.LASF89
 1045 0654 0C       		.byte	0xc
 1046 0655 34       		.byte	0x34
 1047 0656 AD000000 		.4byte	0xad
 1048 065a 0B       		.byte	0xb
 1049 065b 06       		.uleb128 0x6
 1050 065c 5B050000 		.4byte	.LASF90
 1051 0660 0C       		.byte	0xc
 1052 0661 35       		.byte	0x35
 1053 0662 AD000000 		.4byte	0xad
 1054 0666 0C       		.byte	0xc
 1055 0667 06       		.uleb128 0x6
 1056 0668 A3030000 		.4byte	.LASF91
 1057 066c 0C       		.byte	0xc
 1058 066d 36       		.byte	0x36
 1059 066e AD000000 		.4byte	0xad
 1060 0672 0D       		.byte	0xd
 1061 0673 06       		.uleb128 0x6
 1062 0674 08000000 		.4byte	.LASF92
 1063 0678 0C       		.byte	0xc
 1064 0679 37       		.byte	0x37
 1065 067a AD000000 		.4byte	0xad
 1066 067e 0E       		.byte	0xe
 1067 067f 06       		.uleb128 0x6
 1068 0680 9C020000 		.4byte	.LASF93
 1069 0684 0C       		.byte	0xc
 1070 0685 38       		.byte	0x38
 1071 0686 AD000000 		.4byte	0xad
 1072 068a 0F       		.byte	0xf
 1073 068b 06       		.uleb128 0x6
 1074 068c C4000000 		.4byte	.LASF94
ARM GAS  C:\Users\ADMINI~1\AppData\Local\Temp\ccx9eF71.s 			page 20


 1075 0690 0C       		.byte	0xc
 1076 0691 39       		.byte	0x39
 1077 0692 AD000000 		.4byte	0xad
 1078 0696 10       		.byte	0x10
 1079 0697 06       		.uleb128 0x6
 1080 0698 8D000000 		.4byte	.LASF95
 1081 069c 0C       		.byte	0xc
 1082 069d 3B       		.byte	0x3b
 1083 069e AD000000 		.4byte	0xad
 1084 06a2 11       		.byte	0x11
 1085 06a3 06       		.uleb128 0x6
 1086 06a4 D4000000 		.4byte	.LASF96
 1087 06a8 0C       		.byte	0xc
 1088 06a9 3C       		.byte	0x3c
 1089 06aa AD000000 		.4byte	0xad
 1090 06ae 12       		.byte	0x12
 1091 06af 06       		.uleb128 0x6
 1092 06b0 6B020000 		.4byte	.LASF97
 1093 06b4 0C       		.byte	0xc
 1094 06b5 3D       		.byte	0x3d
 1095 06b6 AD000000 		.4byte	0xad
 1096 06ba 13       		.byte	0x13
 1097 06bb 06       		.uleb128 0x6
 1098 06bc 85030000 		.4byte	.LASF98
 1099 06c0 0C       		.byte	0xc
 1100 06c1 3E       		.byte	0x3e
 1101 06c2 AD000000 		.4byte	0xad
 1102 06c6 14       		.byte	0x14
 1103 06c7 06       		.uleb128 0x6
 1104 06c8 64030000 		.4byte	.LASF99
 1105 06cc 0C       		.byte	0xc
 1106 06cd 40       		.byte	0x40
 1107 06ce AD000000 		.4byte	0xad
 1108 06d2 15       		.byte	0x15
 1109 06d3 00       		.byte	0
 1110 06d4 14       		.uleb128 0x14
 1111 06d5 C6050000 		.4byte	0x5c6
 1112 06d9 E4060000 		.4byte	0x6e4
 1113 06dd 15       		.uleb128 0x15
 1114 06de 22040000 		.4byte	0x422
 1115 06e2 03       		.byte	0x3
 1116 06e3 00       		.byte	0
 1117 06e4 03       		.uleb128 0x3
 1118 06e5 16010000 		.4byte	.LASF100
 1119 06e9 0C       		.byte	0xc
 1120 06ea 41       		.byte	0x41
 1121 06eb F3050000 		.4byte	0x5f3
 1122 06ef 16       		.uleb128 0x16
 1123 06f0 DD020000 		.4byte	.LASF101
 1124 06f4 01       		.byte	0x1
 1125 06f5 3D       		.byte	0x3d
 1126 06f6 00000000 		.4byte	.LFB7
 1127 06fa 14000000 		.4byte	.LFE7-.LFB7
 1128 06fe 01       		.uleb128 0x1
 1129 06ff 9C       		.byte	0x9c
 1130 0700 10070000 		.4byte	0x710
 1131 0704 17       		.uleb128 0x17
ARM GAS  C:\Users\ADMINI~1\AppData\Local\Temp\ccx9eF71.s 			page 21


 1132 0705 7000     		.ascii	"p\000"
 1133 0707 01       		.byte	0x1
 1134 0708 3D       		.byte	0x3d
 1135 0709 A8020000 		.4byte	0x2a8
 1136 070d 01       		.uleb128 0x1
 1137 070e 50       		.byte	0x50
 1138 070f 00       		.byte	0
 1139 0710 16       		.uleb128 0x16
 1140 0711 5D010000 		.4byte	.LASF102
 1141 0715 01       		.byte	0x1
 1142 0716 54       		.byte	0x54
 1143 0717 00000000 		.4byte	.LFB8
 1144 071b 5C000000 		.4byte	.LFE8-.LFB8
 1145 071f 01       		.uleb128 0x1
 1146 0720 9C       		.byte	0x9c
 1147 0721 AF070000 		.4byte	0x7af
 1148 0725 18       		.uleb128 0x18
 1149 0726 7B000000 		.4byte	.LASF104
 1150 072a 01       		.byte	0x1
 1151 072b 55       		.byte	0x55
 1152 072c 43010000 		.4byte	0x143
 1153 0730 05       		.uleb128 0x5
 1154 0731 03       		.byte	0x3
 1155 0732 00000000 		.4byte	mainthread.4846
 1156 0736 19       		.uleb128 0x19
 1157 0737 08000000 		.4byte	.LVL1
 1158 073b 3D080000 		.4byte	0x83d
 1159 073f 19       		.uleb128 0x19
 1160 0740 0C000000 		.4byte	.LVL2
 1161 0744 45080000 		.4byte	0x845
 1162 0748 19       		.uleb128 0x19
 1163 0749 10000000 		.4byte	.LVL3
 1164 074d 4C080000 		.4byte	0x84c
 1165 0751 19       		.uleb128 0x19
 1166 0752 14000000 		.4byte	.LVL4
 1167 0756 53080000 		.4byte	0x853
 1168 075a 19       		.uleb128 0x19
 1169 075b 18000000 		.4byte	.LVL5
 1170 075f 5A080000 		.4byte	0x85a
 1171 0763 1A       		.uleb128 0x1a
 1172 0764 20000000 		.4byte	.LVL6
 1173 0768 61080000 		.4byte	0x861
 1174 076c 80070000 		.4byte	0x780
 1175 0770 1B       		.uleb128 0x1b
 1176 0771 01       		.uleb128 0x1
 1177 0772 51       		.byte	0x51
 1178 0773 02       		.uleb128 0x2
 1179 0774 08       		.byte	0x8
 1180 0775 40       		.byte	0x40
 1181 0776 1B       		.uleb128 0x1b
 1182 0777 01       		.uleb128 0x1
 1183 0778 50       		.byte	0x50
 1184 0779 05       		.uleb128 0x5
 1185 077a 03       		.byte	0x3
 1186 077b 00000000 		.4byte	.LANCHOR0
 1187 077f 00       		.byte	0
 1188 0780 1C       		.uleb128 0x1c
ARM GAS  C:\Users\ADMINI~1\AppData\Local\Temp\ccx9eF71.s 			page 22


 1189 0781 40000000 		.4byte	.LVL7
 1190 0785 7C080000 		.4byte	0x87c
 1191 0789 1B       		.uleb128 0x1b
 1192 078a 01       		.uleb128 0x1
 1193 078b 53       		.byte	0x53
 1194 078c 05       		.uleb128 0x5
 1195 078d 03       		.byte	0x3
 1196 078e 00000000 		.4byte	_idle_thread
 1197 0792 1B       		.uleb128 0x1b
 1198 0793 01       		.uleb128 0x1
 1199 0794 52       		.byte	0x52
 1200 0795 01       		.uleb128 0x1
 1201 0796 31       		.byte	0x31
 1202 0797 1B       		.uleb128 0x1b
 1203 0798 01       		.uleb128 0x1
 1204 0799 51       		.byte	0x51
 1205 079a 03       		.uleb128 0x3
 1206 079b 0A       		.byte	0xa
 1207 079c D801     		.2byte	0x1d8
 1208 079e 1B       		.uleb128 0x1b
 1209 079f 01       		.uleb128 0x1
 1210 07a0 50       		.byte	0x50
 1211 07a1 05       		.uleb128 0x5
 1212 07a2 03       		.byte	0x3
 1213 07a3 00000000 		.4byte	.LANCHOR1
 1214 07a7 1B       		.uleb128 0x1b
 1215 07a8 02       		.uleb128 0x2
 1216 07a9 7D       		.byte	0x7d
 1217 07aa 00       		.sleb128 0
 1218 07ab 01       		.uleb128 0x1
 1219 07ac 30       		.byte	0x30
 1220 07ad 00       		.byte	0
 1221 07ae 00       		.byte	0
 1222 07af 1D       		.uleb128 0x1d
 1223 07b0 51000000 		.4byte	.LASF103
 1224 07b4 01       		.byte	0x1
 1225 07b5 89       		.byte	0x89
 1226 07b6 00000000 		.4byte	.LFB9
 1227 07ba 50000000 		.4byte	.LFE9-.LFB9
 1228 07be 01       		.uleb128 0x1
 1229 07bf 9C       		.byte	0x9c
 1230 07c0 F6070000 		.4byte	0x7f6
 1231 07c4 1E       		.uleb128 0x1e
 1232 07c5 22000000 		.4byte	.LBB2
 1233 07c9 2E000000 		.4byte	.LBE2-.LBB2
 1234 07cd 1F       		.uleb128 0x1f
 1235 07ce 76747000 		.ascii	"vtp\000"
 1236 07d2 01       		.byte	0x1
 1237 07d3 96       		.byte	0x96
 1238 07d4 99040000 		.4byte	0x499
 1239 07d8 00000000 		.4byte	.LLST0
 1240 07dc 1E       		.uleb128 0x1e
 1241 07dd 2A000000 		.4byte	.LBB3
 1242 07e1 12000000 		.4byte	.LBE3-.LBB3
 1243 07e5 1F       		.uleb128 0x1f
 1244 07e6 666E00   		.ascii	"fn\000"
 1245 07e9 01       		.byte	0x1
ARM GAS  C:\Users\ADMINI~1\AppData\Local\Temp\ccx9eF71.s 			page 23


 1246 07ea 96       		.byte	0x96
 1247 07eb 29040000 		.4byte	0x429
 1248 07ef 1E000000 		.4byte	.LLST1
 1249 07f3 00       		.byte	0
 1250 07f4 00       		.byte	0
 1251 07f5 00       		.byte	0
 1252 07f6 20       		.uleb128 0x20
 1253 07f7 4A000000 		.4byte	.LASF105
 1254 07fb 09       		.byte	0x9
 1255 07fc F5       		.byte	0xf5
 1256 07fd DD040000 		.4byte	0x4dd
 1257 0801 20       		.uleb128 0x20
 1258 0802 89050000 		.4byte	.LASF106
 1259 0806 0A       		.byte	0xa
 1260 0807 6F       		.byte	0x6f
 1261 0808 39050000 		.4byte	0x539
 1262 080c 20       		.uleb128 0x20
 1263 080d A6010000 		.4byte	.LASF107
 1264 0811 0C       		.byte	0xc
 1265 0812 7E       		.byte	0x7e
 1266 0813 17080000 		.4byte	0x817
 1267 0817 12       		.uleb128 0x12
 1268 0818 E4060000 		.4byte	0x6e4
 1269 081c 14       		.uleb128 0x14
 1270 081d AA020000 		.4byte	0x2aa
 1271 0821 2C080000 		.4byte	0x82c
 1272 0825 15       		.uleb128 0x15
 1273 0826 22040000 		.4byte	0x422
 1274 082a 3A       		.byte	0x3a
 1275 082b 00       		.byte	0
 1276 082c 21       		.uleb128 0x21
 1277 082d 28010000 		.4byte	.LASF108
 1278 0831 01       		.byte	0x1
 1279 0832 31       		.byte	0x31
 1280 0833 1C080000 		.4byte	0x81c
 1281 0837 05       		.uleb128 0x5
 1282 0838 03       		.byte	0x3
 1283 0839 00000000 		.4byte	_idle_thread_wa
 1284 083d 22       		.uleb128 0x22
 1285 083e 9E050000 		.4byte	.LASF109
 1286 0842 08       		.byte	0x8
 1287 0843 0202     		.2byte	0x202
 1288 0845 23       		.uleb128 0x23
 1289 0846 9A000000 		.4byte	.LASF110
 1290 084a 0A       		.byte	0xa
 1291 084b 8E       		.byte	0x8e
 1292 084c 23       		.uleb128 0x23
 1293 084d 32050000 		.4byte	.LASF111
 1294 0851 09       		.byte	0x9
 1295 0852 FD       		.byte	0xfd
 1296 0853 23       		.uleb128 0x23
 1297 0854 33030000 		.4byte	.LASF112
 1298 0858 0D       		.byte	0xd
 1299 0859 51       		.byte	0x51
 1300 085a 23       		.uleb128 0x23
 1301 085b 67010000 		.4byte	.LASF113
 1302 085f 0E       		.byte	0xe
ARM GAS  C:\Users\ADMINI~1\AppData\Local\Temp\ccx9eF71.s 			page 24


 1303 0860 55       		.byte	0x55
 1304 0861 24       		.uleb128 0x24
 1305 0862 7F010000 		.4byte	.LASF117
 1306 0866 07       		.byte	0x7
 1307 0867 6A01     		.2byte	0x16a
 1308 0869 6C020000 		.4byte	0x26c
 1309 086d 7C080000 		.4byte	0x87c
 1310 0871 0E       		.uleb128 0xe
 1311 0872 6C020000 		.4byte	0x26c
 1312 0876 0E       		.uleb128 0xe
 1313 0877 17010000 		.4byte	0x117
 1314 087b 00       		.byte	0
 1315 087c 25       		.uleb128 0x25
 1316 087d 51020000 		.4byte	.LASF118
 1317 0881 07       		.byte	0x7
 1318 0882 7001     		.2byte	0x170
 1319 0884 6C020000 		.4byte	0x26c
 1320 0888 0E       		.uleb128 0xe
 1321 0889 A8020000 		.4byte	0x2a8
 1322 088d 0E       		.uleb128 0xe
 1323 088e 2C000000 		.4byte	0x2c
 1324 0892 0E       		.uleb128 0xe
 1325 0893 17010000 		.4byte	0x117
 1326 0897 0E       		.uleb128 0xe
 1327 0898 D3050000 		.4byte	0x5d3
 1328 089c 0E       		.uleb128 0xe
 1329 089d A8020000 		.4byte	0x2a8
 1330 08a1 00       		.byte	0
 1331 08a2 00       		.byte	0
 1332              		.section	.debug_abbrev,"",%progbits
 1333              	.Ldebug_abbrev0:
 1334 0000 01       		.uleb128 0x1
 1335 0001 11       		.uleb128 0x11
 1336 0002 01       		.byte	0x1
 1337 0003 25       		.uleb128 0x25
 1338 0004 0E       		.uleb128 0xe
 1339 0005 13       		.uleb128 0x13
 1340 0006 0B       		.uleb128 0xb
 1341 0007 03       		.uleb128 0x3
 1342 0008 0E       		.uleb128 0xe
 1343 0009 1B       		.uleb128 0x1b
 1344 000a 0E       		.uleb128 0xe
 1345 000b 55       		.uleb128 0x55
 1346 000c 17       		.uleb128 0x17
 1347 000d 11       		.uleb128 0x11
 1348 000e 01       		.uleb128 0x1
 1349 000f 10       		.uleb128 0x10
 1350 0010 17       		.uleb128 0x17
 1351 0011 00       		.byte	0
 1352 0012 00       		.byte	0
 1353 0013 02       		.uleb128 0x2
 1354 0014 24       		.uleb128 0x24
 1355 0015 00       		.byte	0
 1356 0016 0B       		.uleb128 0xb
 1357 0017 0B       		.uleb128 0xb
 1358 0018 3E       		.uleb128 0x3e
 1359 0019 0B       		.uleb128 0xb
ARM GAS  C:\Users\ADMINI~1\AppData\Local\Temp\ccx9eF71.s 			page 25


 1360 001a 03       		.uleb128 0x3
 1361 001b 08       		.uleb128 0x8
 1362 001c 00       		.byte	0
 1363 001d 00       		.byte	0
 1364 001e 03       		.uleb128 0x3
 1365 001f 16       		.uleb128 0x16
 1366 0020 00       		.byte	0
 1367 0021 03       		.uleb128 0x3
 1368 0022 0E       		.uleb128 0xe
 1369 0023 3A       		.uleb128 0x3a
 1370 0024 0B       		.uleb128 0xb
 1371 0025 3B       		.uleb128 0x3b
 1372 0026 0B       		.uleb128 0xb
 1373 0027 49       		.uleb128 0x49
 1374 0028 13       		.uleb128 0x13
 1375 0029 00       		.byte	0
 1376 002a 00       		.byte	0
 1377 002b 04       		.uleb128 0x4
 1378 002c 24       		.uleb128 0x24
 1379 002d 00       		.byte	0
 1380 002e 0B       		.uleb128 0xb
 1381 002f 0B       		.uleb128 0xb
 1382 0030 3E       		.uleb128 0x3e
 1383 0031 0B       		.uleb128 0xb
 1384 0032 03       		.uleb128 0x3
 1385 0033 0E       		.uleb128 0xe
 1386 0034 00       		.byte	0
 1387 0035 00       		.byte	0
 1388 0036 05       		.uleb128 0x5
 1389 0037 13       		.uleb128 0x13
 1390 0038 01       		.byte	0x1
 1391 0039 03       		.uleb128 0x3
 1392 003a 0E       		.uleb128 0xe
 1393 003b 0B       		.uleb128 0xb
 1394 003c 0B       		.uleb128 0xb
 1395 003d 3A       		.uleb128 0x3a
 1396 003e 0B       		.uleb128 0xb
 1397 003f 3B       		.uleb128 0x3b
 1398 0040 0B       		.uleb128 0xb
 1399 0041 01       		.uleb128 0x1
 1400 0042 13       		.uleb128 0x13
 1401 0043 00       		.byte	0
 1402 0044 00       		.byte	0
 1403 0045 06       		.uleb128 0x6
 1404 0046 0D       		.uleb128 0xd
 1405 0047 00       		.byte	0
 1406 0048 03       		.uleb128 0x3
 1407 0049 0E       		.uleb128 0xe
 1408 004a 3A       		.uleb128 0x3a
 1409 004b 0B       		.uleb128 0xb
 1410 004c 3B       		.uleb128 0x3b
 1411 004d 0B       		.uleb128 0xb
 1412 004e 49       		.uleb128 0x49
 1413 004f 13       		.uleb128 0x13
 1414 0050 38       		.uleb128 0x38
 1415 0051 0B       		.uleb128 0xb
 1416 0052 00       		.byte	0
ARM GAS  C:\Users\ADMINI~1\AppData\Local\Temp\ccx9eF71.s 			page 26


 1417 0053 00       		.byte	0
 1418 0054 07       		.uleb128 0x7
 1419 0055 0D       		.uleb128 0xd
 1420 0056 00       		.byte	0
 1421 0057 03       		.uleb128 0x3
 1422 0058 08       		.uleb128 0x8
 1423 0059 3A       		.uleb128 0x3a
 1424 005a 0B       		.uleb128 0xb
 1425 005b 3B       		.uleb128 0x3b
 1426 005c 0B       		.uleb128 0xb
 1427 005d 49       		.uleb128 0x49
 1428 005e 13       		.uleb128 0x13
 1429 005f 38       		.uleb128 0x38
 1430 0060 0B       		.uleb128 0xb
 1431 0061 00       		.byte	0
 1432 0062 00       		.byte	0
 1433 0063 08       		.uleb128 0x8
 1434 0064 13       		.uleb128 0x13
 1435 0065 01       		.byte	0x1
 1436 0066 0B       		.uleb128 0xb
 1437 0067 0B       		.uleb128 0xb
 1438 0068 3A       		.uleb128 0x3a
 1439 0069 0B       		.uleb128 0xb
 1440 006a 3B       		.uleb128 0x3b
 1441 006b 0B       		.uleb128 0xb
 1442 006c 01       		.uleb128 0x1
 1443 006d 13       		.uleb128 0x13
 1444 006e 00       		.byte	0
 1445 006f 00       		.byte	0
 1446 0070 09       		.uleb128 0x9
 1447 0071 0F       		.uleb128 0xf
 1448 0072 00       		.byte	0
 1449 0073 0B       		.uleb128 0xb
 1450 0074 0B       		.uleb128 0xb
 1451 0075 49       		.uleb128 0x49
 1452 0076 13       		.uleb128 0x13
 1453 0077 00       		.byte	0
 1454 0078 00       		.byte	0
 1455 0079 0A       		.uleb128 0xa
 1456 007a 0F       		.uleb128 0xf
 1457 007b 00       		.byte	0
 1458 007c 0B       		.uleb128 0xb
 1459 007d 0B       		.uleb128 0xb
 1460 007e 00       		.byte	0
 1461 007f 00       		.byte	0
 1462 0080 0B       		.uleb128 0xb
 1463 0081 13       		.uleb128 0x13
 1464 0082 01       		.byte	0x1
 1465 0083 03       		.uleb128 0x3
 1466 0084 0E       		.uleb128 0xe
 1467 0085 0B       		.uleb128 0xb
 1468 0086 0B       		.uleb128 0xb
 1469 0087 3A       		.uleb128 0x3a
 1470 0088 0B       		.uleb128 0xb
 1471 0089 3B       		.uleb128 0x3b
 1472 008a 05       		.uleb128 0x5
 1473 008b 01       		.uleb128 0x1
ARM GAS  C:\Users\ADMINI~1\AppData\Local\Temp\ccx9eF71.s 			page 27


 1474 008c 13       		.uleb128 0x13
 1475 008d 00       		.byte	0
 1476 008e 00       		.byte	0
 1477 008f 0C       		.uleb128 0xc
 1478 0090 0D       		.uleb128 0xd
 1479 0091 00       		.byte	0
 1480 0092 03       		.uleb128 0x3
 1481 0093 08       		.uleb128 0x8
 1482 0094 3A       		.uleb128 0x3a
 1483 0095 0B       		.uleb128 0xb
 1484 0096 3B       		.uleb128 0x3b
 1485 0097 05       		.uleb128 0x5
 1486 0098 49       		.uleb128 0x49
 1487 0099 13       		.uleb128 0x13
 1488 009a 38       		.uleb128 0x38
 1489 009b 0B       		.uleb128 0xb
 1490 009c 00       		.byte	0
 1491 009d 00       		.byte	0
 1492 009e 0D       		.uleb128 0xd
 1493 009f 15       		.uleb128 0x15
 1494 00a0 01       		.byte	0x1
 1495 00a1 27       		.uleb128 0x27
 1496 00a2 19       		.uleb128 0x19
 1497 00a3 01       		.uleb128 0x1
 1498 00a4 13       		.uleb128 0x13
 1499 00a5 00       		.byte	0
 1500 00a6 00       		.byte	0
 1501 00a7 0E       		.uleb128 0xe
 1502 00a8 05       		.uleb128 0x5
 1503 00a9 00       		.byte	0
 1504 00aa 49       		.uleb128 0x49
 1505 00ab 13       		.uleb128 0x13
 1506 00ac 00       		.byte	0
 1507 00ad 00       		.byte	0
 1508 00ae 0F       		.uleb128 0xf
 1509 00af 35       		.uleb128 0x35
 1510 00b0 00       		.byte	0
 1511 00b1 49       		.uleb128 0x49
 1512 00b2 13       		.uleb128 0x13
 1513 00b3 00       		.byte	0
 1514 00b4 00       		.byte	0
 1515 00b5 10       		.uleb128 0x10
 1516 00b6 17       		.uleb128 0x17
 1517 00b7 01       		.byte	0x1
 1518 00b8 0B       		.uleb128 0xb
 1519 00b9 0B       		.uleb128 0xb
 1520 00ba 3A       		.uleb128 0x3a
 1521 00bb 0B       		.uleb128 0xb
 1522 00bc 3B       		.uleb128 0x3b
 1523 00bd 0B       		.uleb128 0xb
 1524 00be 01       		.uleb128 0x1
 1525 00bf 13       		.uleb128 0x13
 1526 00c0 00       		.byte	0
 1527 00c1 00       		.byte	0
 1528 00c2 11       		.uleb128 0x11
 1529 00c3 0D       		.uleb128 0xd
 1530 00c4 00       		.byte	0
ARM GAS  C:\Users\ADMINI~1\AppData\Local\Temp\ccx9eF71.s 			page 28


 1531 00c5 03       		.uleb128 0x3
 1532 00c6 0E       		.uleb128 0xe
 1533 00c7 3A       		.uleb128 0x3a
 1534 00c8 0B       		.uleb128 0xb
 1535 00c9 3B       		.uleb128 0x3b
 1536 00ca 0B       		.uleb128 0xb
 1537 00cb 49       		.uleb128 0x49
 1538 00cc 13       		.uleb128 0x13
 1539 00cd 00       		.byte	0
 1540 00ce 00       		.byte	0
 1541 00cf 12       		.uleb128 0x12
 1542 00d0 26       		.uleb128 0x26
 1543 00d1 00       		.byte	0
 1544 00d2 49       		.uleb128 0x49
 1545 00d3 13       		.uleb128 0x13
 1546 00d4 00       		.byte	0
 1547 00d5 00       		.byte	0
 1548 00d6 13       		.uleb128 0x13
 1549 00d7 15       		.uleb128 0x15
 1550 00d8 01       		.byte	0x1
 1551 00d9 27       		.uleb128 0x27
 1552 00da 19       		.uleb128 0x19
 1553 00db 49       		.uleb128 0x49
 1554 00dc 13       		.uleb128 0x13
 1555 00dd 01       		.uleb128 0x1
 1556 00de 13       		.uleb128 0x13
 1557 00df 00       		.byte	0
 1558 00e0 00       		.byte	0
 1559 00e1 14       		.uleb128 0x14
 1560 00e2 01       		.uleb128 0x1
 1561 00e3 01       		.byte	0x1
 1562 00e4 49       		.uleb128 0x49
 1563 00e5 13       		.uleb128 0x13
 1564 00e6 01       		.uleb128 0x1
 1565 00e7 13       		.uleb128 0x13
 1566 00e8 00       		.byte	0
 1567 00e9 00       		.byte	0
 1568 00ea 15       		.uleb128 0x15
 1569 00eb 21       		.uleb128 0x21
 1570 00ec 00       		.byte	0
 1571 00ed 49       		.uleb128 0x49
 1572 00ee 13       		.uleb128 0x13
 1573 00ef 2F       		.uleb128 0x2f
 1574 00f0 0B       		.uleb128 0xb
 1575 00f1 00       		.byte	0
 1576 00f2 00       		.byte	0
 1577 00f3 16       		.uleb128 0x16
 1578 00f4 2E       		.uleb128 0x2e
 1579 00f5 01       		.byte	0x1
 1580 00f6 3F       		.uleb128 0x3f
 1581 00f7 19       		.uleb128 0x19
 1582 00f8 03       		.uleb128 0x3
 1583 00f9 0E       		.uleb128 0xe
 1584 00fa 3A       		.uleb128 0x3a
 1585 00fb 0B       		.uleb128 0xb
 1586 00fc 3B       		.uleb128 0x3b
 1587 00fd 0B       		.uleb128 0xb
ARM GAS  C:\Users\ADMINI~1\AppData\Local\Temp\ccx9eF71.s 			page 29


 1588 00fe 27       		.uleb128 0x27
 1589 00ff 19       		.uleb128 0x19
 1590 0100 11       		.uleb128 0x11
 1591 0101 01       		.uleb128 0x1
 1592 0102 12       		.uleb128 0x12
 1593 0103 06       		.uleb128 0x6
 1594 0104 40       		.uleb128 0x40
 1595 0105 18       		.uleb128 0x18
 1596 0106 9742     		.uleb128 0x2117
 1597 0108 19       		.uleb128 0x19
 1598 0109 01       		.uleb128 0x1
 1599 010a 13       		.uleb128 0x13
 1600 010b 00       		.byte	0
 1601 010c 00       		.byte	0
 1602 010d 17       		.uleb128 0x17
 1603 010e 05       		.uleb128 0x5
 1604 010f 00       		.byte	0
 1605 0110 03       		.uleb128 0x3
 1606 0111 08       		.uleb128 0x8
 1607 0112 3A       		.uleb128 0x3a
 1608 0113 0B       		.uleb128 0xb
 1609 0114 3B       		.uleb128 0x3b
 1610 0115 0B       		.uleb128 0xb
 1611 0116 49       		.uleb128 0x49
 1612 0117 13       		.uleb128 0x13
 1613 0118 02       		.uleb128 0x2
 1614 0119 18       		.uleb128 0x18
 1615 011a 00       		.byte	0
 1616 011b 00       		.byte	0
 1617 011c 18       		.uleb128 0x18
 1618 011d 34       		.uleb128 0x34
 1619 011e 00       		.byte	0
 1620 011f 03       		.uleb128 0x3
 1621 0120 0E       		.uleb128 0xe
 1622 0121 3A       		.uleb128 0x3a
 1623 0122 0B       		.uleb128 0xb
 1624 0123 3B       		.uleb128 0x3b
 1625 0124 0B       		.uleb128 0xb
 1626 0125 49       		.uleb128 0x49
 1627 0126 13       		.uleb128 0x13
 1628 0127 02       		.uleb128 0x2
 1629 0128 18       		.uleb128 0x18
 1630 0129 00       		.byte	0
 1631 012a 00       		.byte	0
 1632 012b 19       		.uleb128 0x19
 1633 012c 898201   		.uleb128 0x4109
 1634 012f 00       		.byte	0
 1635 0130 11       		.uleb128 0x11
 1636 0131 01       		.uleb128 0x1
 1637 0132 31       		.uleb128 0x31
 1638 0133 13       		.uleb128 0x13
 1639 0134 00       		.byte	0
 1640 0135 00       		.byte	0
 1641 0136 1A       		.uleb128 0x1a
 1642 0137 898201   		.uleb128 0x4109
 1643 013a 01       		.byte	0x1
 1644 013b 11       		.uleb128 0x11
ARM GAS  C:\Users\ADMINI~1\AppData\Local\Temp\ccx9eF71.s 			page 30


 1645 013c 01       		.uleb128 0x1
 1646 013d 31       		.uleb128 0x31
 1647 013e 13       		.uleb128 0x13
 1648 013f 01       		.uleb128 0x1
 1649 0140 13       		.uleb128 0x13
 1650 0141 00       		.byte	0
 1651 0142 00       		.byte	0
 1652 0143 1B       		.uleb128 0x1b
 1653 0144 8A8201   		.uleb128 0x410a
 1654 0147 00       		.byte	0
 1655 0148 02       		.uleb128 0x2
 1656 0149 18       		.uleb128 0x18
 1657 014a 9142     		.uleb128 0x2111
 1658 014c 18       		.uleb128 0x18
 1659 014d 00       		.byte	0
 1660 014e 00       		.byte	0
 1661 014f 1C       		.uleb128 0x1c
 1662 0150 898201   		.uleb128 0x4109
 1663 0153 01       		.byte	0x1
 1664 0154 11       		.uleb128 0x11
 1665 0155 01       		.uleb128 0x1
 1666 0156 31       		.uleb128 0x31
 1667 0157 13       		.uleb128 0x13
 1668 0158 00       		.byte	0
 1669 0159 00       		.byte	0
 1670 015a 1D       		.uleb128 0x1d
 1671 015b 2E       		.uleb128 0x2e
 1672 015c 01       		.byte	0x1
 1673 015d 3F       		.uleb128 0x3f
 1674 015e 19       		.uleb128 0x19
 1675 015f 03       		.uleb128 0x3
 1676 0160 0E       		.uleb128 0xe
 1677 0161 3A       		.uleb128 0x3a
 1678 0162 0B       		.uleb128 0xb
 1679 0163 3B       		.uleb128 0x3b
 1680 0164 0B       		.uleb128 0xb
 1681 0165 27       		.uleb128 0x27
 1682 0166 19       		.uleb128 0x19
 1683 0167 11       		.uleb128 0x11
 1684 0168 01       		.uleb128 0x1
 1685 0169 12       		.uleb128 0x12
 1686 016a 06       		.uleb128 0x6
 1687 016b 40       		.uleb128 0x40
 1688 016c 18       		.uleb128 0x18
 1689 016d 9642     		.uleb128 0x2116
 1690 016f 19       		.uleb128 0x19
 1691 0170 01       		.uleb128 0x1
 1692 0171 13       		.uleb128 0x13
 1693 0172 00       		.byte	0
 1694 0173 00       		.byte	0
 1695 0174 1E       		.uleb128 0x1e
 1696 0175 0B       		.uleb128 0xb
 1697 0176 01       		.byte	0x1
 1698 0177 11       		.uleb128 0x11
 1699 0178 01       		.uleb128 0x1
 1700 0179 12       		.uleb128 0x12
 1701 017a 06       		.uleb128 0x6
ARM GAS  C:\Users\ADMINI~1\AppData\Local\Temp\ccx9eF71.s 			page 31


 1702 017b 00       		.byte	0
 1703 017c 00       		.byte	0
 1704 017d 1F       		.uleb128 0x1f
 1705 017e 34       		.uleb128 0x34
 1706 017f 00       		.byte	0
 1707 0180 03       		.uleb128 0x3
 1708 0181 08       		.uleb128 0x8
 1709 0182 3A       		.uleb128 0x3a
 1710 0183 0B       		.uleb128 0xb
 1711 0184 3B       		.uleb128 0x3b
 1712 0185 0B       		.uleb128 0xb
 1713 0186 49       		.uleb128 0x49
 1714 0187 13       		.uleb128 0x13
 1715 0188 02       		.uleb128 0x2
 1716 0189 17       		.uleb128 0x17
 1717 018a 00       		.byte	0
 1718 018b 00       		.byte	0
 1719 018c 20       		.uleb128 0x20
 1720 018d 34       		.uleb128 0x34
 1721 018e 00       		.byte	0
 1722 018f 03       		.uleb128 0x3
 1723 0190 0E       		.uleb128 0xe
 1724 0191 3A       		.uleb128 0x3a
 1725 0192 0B       		.uleb128 0xb
 1726 0193 3B       		.uleb128 0x3b
 1727 0194 0B       		.uleb128 0xb
 1728 0195 49       		.uleb128 0x49
 1729 0196 13       		.uleb128 0x13
 1730 0197 3F       		.uleb128 0x3f
 1731 0198 19       		.uleb128 0x19
 1732 0199 3C       		.uleb128 0x3c
 1733 019a 19       		.uleb128 0x19
 1734 019b 00       		.byte	0
 1735 019c 00       		.byte	0
 1736 019d 21       		.uleb128 0x21
 1737 019e 34       		.uleb128 0x34
 1738 019f 00       		.byte	0
 1739 01a0 03       		.uleb128 0x3
 1740 01a1 0E       		.uleb128 0xe
 1741 01a2 3A       		.uleb128 0x3a
 1742 01a3 0B       		.uleb128 0xb
 1743 01a4 3B       		.uleb128 0x3b
 1744 01a5 0B       		.uleb128 0xb
 1745 01a6 49       		.uleb128 0x49
 1746 01a7 13       		.uleb128 0x13
 1747 01a8 3F       		.uleb128 0x3f
 1748 01a9 19       		.uleb128 0x19
 1749 01aa 02       		.uleb128 0x2
 1750 01ab 18       		.uleb128 0x18
 1751 01ac 00       		.byte	0
 1752 01ad 00       		.byte	0
 1753 01ae 22       		.uleb128 0x22
 1754 01af 2E       		.uleb128 0x2e
 1755 01b0 00       		.byte	0
 1756 01b1 3F       		.uleb128 0x3f
 1757 01b2 19       		.uleb128 0x19
 1758 01b3 03       		.uleb128 0x3
ARM GAS  C:\Users\ADMINI~1\AppData\Local\Temp\ccx9eF71.s 			page 32


 1759 01b4 0E       		.uleb128 0xe
 1760 01b5 3A       		.uleb128 0x3a
 1761 01b6 0B       		.uleb128 0xb
 1762 01b7 3B       		.uleb128 0x3b
 1763 01b8 05       		.uleb128 0x5
 1764 01b9 27       		.uleb128 0x27
 1765 01ba 19       		.uleb128 0x19
 1766 01bb 3C       		.uleb128 0x3c
 1767 01bc 19       		.uleb128 0x19
 1768 01bd 00       		.byte	0
 1769 01be 00       		.byte	0
 1770 01bf 23       		.uleb128 0x23
 1771 01c0 2E       		.uleb128 0x2e
 1772 01c1 00       		.byte	0
 1773 01c2 3F       		.uleb128 0x3f
 1774 01c3 19       		.uleb128 0x19
 1775 01c4 03       		.uleb128 0x3
 1776 01c5 0E       		.uleb128 0xe
 1777 01c6 3A       		.uleb128 0x3a
 1778 01c7 0B       		.uleb128 0xb
 1779 01c8 3B       		.uleb128 0x3b
 1780 01c9 0B       		.uleb128 0xb
 1781 01ca 27       		.uleb128 0x27
 1782 01cb 19       		.uleb128 0x19
 1783 01cc 3C       		.uleb128 0x3c
 1784 01cd 19       		.uleb128 0x19
 1785 01ce 00       		.byte	0
 1786 01cf 00       		.byte	0
 1787 01d0 24       		.uleb128 0x24
 1788 01d1 2E       		.uleb128 0x2e
 1789 01d2 01       		.byte	0x1
 1790 01d3 3F       		.uleb128 0x3f
 1791 01d4 19       		.uleb128 0x19
 1792 01d5 03       		.uleb128 0x3
 1793 01d6 0E       		.uleb128 0xe
 1794 01d7 3A       		.uleb128 0x3a
 1795 01d8 0B       		.uleb128 0xb
 1796 01d9 3B       		.uleb128 0x3b
 1797 01da 05       		.uleb128 0x5
 1798 01db 27       		.uleb128 0x27
 1799 01dc 19       		.uleb128 0x19
 1800 01dd 49       		.uleb128 0x49
 1801 01de 13       		.uleb128 0x13
 1802 01df 3C       		.uleb128 0x3c
 1803 01e0 19       		.uleb128 0x19
 1804 01e1 01       		.uleb128 0x1
 1805 01e2 13       		.uleb128 0x13
 1806 01e3 00       		.byte	0
 1807 01e4 00       		.byte	0
 1808 01e5 25       		.uleb128 0x25
 1809 01e6 2E       		.uleb128 0x2e
 1810 01e7 01       		.byte	0x1
 1811 01e8 3F       		.uleb128 0x3f
 1812 01e9 19       		.uleb128 0x19
 1813 01ea 03       		.uleb128 0x3
 1814 01eb 0E       		.uleb128 0xe
 1815 01ec 3A       		.uleb128 0x3a
ARM GAS  C:\Users\ADMINI~1\AppData\Local\Temp\ccx9eF71.s 			page 33


 1816 01ed 0B       		.uleb128 0xb
 1817 01ee 3B       		.uleb128 0x3b
 1818 01ef 05       		.uleb128 0x5
 1819 01f0 27       		.uleb128 0x27
 1820 01f1 19       		.uleb128 0x19
 1821 01f2 49       		.uleb128 0x49
 1822 01f3 13       		.uleb128 0x13
 1823 01f4 3C       		.uleb128 0x3c
 1824 01f5 19       		.uleb128 0x19
 1825 01f6 00       		.byte	0
 1826 01f7 00       		.byte	0
 1827 01f8 00       		.byte	0
 1828              		.section	.debug_loc,"",%progbits
 1829              	.Ldebug_loc0:
 1830              	.LLST0:
 1831 0000 28000000 		.4byte	.LVL8
 1832 0004 39000000 		.4byte	.LVL10-1
 1833 0008 0100     		.2byte	0x1
 1834 000a 53       		.byte	0x53
 1835 000b 3E000000 		.4byte	.LVL11
 1836 000f 44000000 		.4byte	.LVL12
 1837 0013 0100     		.2byte	0x1
 1838 0015 53       		.byte	0x53
 1839 0016 00000000 		.4byte	0
 1840 001a 00000000 		.4byte	0
 1841              	.LLST1:
 1842 001e 2E000000 		.4byte	.LVL9
 1843 0022 39000000 		.4byte	.LVL10-1
 1844 0026 0100     		.2byte	0x1
 1845 0028 51       		.byte	0x51
 1846 0029 00000000 		.4byte	0
 1847 002d 00000000 		.4byte	0
 1848              		.section	.debug_aranges,"",%progbits
 1849 0000 2C000000 		.4byte	0x2c
 1850 0004 0200     		.2byte	0x2
 1851 0006 00000000 		.4byte	.Ldebug_info0
 1852 000a 04       		.byte	0x4
 1853 000b 00       		.byte	0
 1854 000c 0000     		.2byte	0
 1855 000e 0000     		.2byte	0
 1856 0010 00000000 		.4byte	.LFB7
 1857 0014 14000000 		.4byte	.LFE7-.LFB7
 1858 0018 00000000 		.4byte	.LFB8
 1859 001c 5C000000 		.4byte	.LFE8-.LFB8
 1860 0020 00000000 		.4byte	.LFB9
 1861 0024 50000000 		.4byte	.LFE9-.LFB9
 1862 0028 00000000 		.4byte	0
 1863 002c 00000000 		.4byte	0
 1864              		.section	.debug_ranges,"",%progbits
 1865              	.Ldebug_ranges0:
 1866 0000 00000000 		.4byte	.LFB7
 1867 0004 14000000 		.4byte	.LFE7
 1868 0008 00000000 		.4byte	.LFB8
 1869 000c 5C000000 		.4byte	.LFE8
 1870 0010 00000000 		.4byte	.LFB9
 1871 0014 50000000 		.4byte	.LFE9
 1872 0018 00000000 		.4byte	0
ARM GAS  C:\Users\ADMINI~1\AppData\Local\Temp\ccx9eF71.s 			page 34


 1873 001c 00000000 		.4byte	0
 1874              		.section	.debug_line,"",%progbits
 1875              	.Ldebug_line0:
 1876 0000 7C020000 		.section	.debug_str,"MS",%progbits,1
 1876      02002302 
 1876      00000201 
 1876      FB0E0D00 
 1876      01010101 
 1877              	.LASF81:
 1878 0000 7466756E 		.ascii	"tfunc_t\000"
 1878      635F7400 
 1879              	.LASF92:
 1880 0008 63665F6F 		.ascii	"cf_off_older\000"
 1880      66665F6F 
 1880      6C646572 
 1880      00
 1881              	.LASF44:
 1882 0015 705F6D73 		.ascii	"p_msg\000"
 1882      6700
 1883              	.LASF2:
 1884 001b 73697A65 		.ascii	"size_t\000"
 1884      5F7400
 1885              	.LASF76:
 1886 0022 7264796D 		.ascii	"rdymsg\000"
 1886      736700
 1887              	.LASF19:
 1888 0029 75696E74 		.ascii	"uint64_t\000"
 1888      36345F74 
 1888      00
 1889              	.LASF3:
 1890 0032 5F5F7569 		.ascii	"__uint8_t\000"
 1890      6E74385F 
 1890      7400
 1891              	.LASF88:
 1892 003c 63685F74 		.ascii	"ch_threadsize\000"
 1892      68726561 
 1892      6473697A 
 1892      6500
 1893              	.LASF105:
 1894 004a 76746C69 		.ascii	"vtlist\000"
 1894      737400
 1895              	.LASF103:
 1896 0051 63685379 		.ascii	"chSysTimerHandlerI\000"
 1896      7354696D 
 1896      65724861 
 1896      6E646C65 
 1896      724900
 1897              	.LASF14:
 1898 0064 6C6F6E67 		.ascii	"long long unsigned int\000"
 1898      206C6F6E 
 1898      6720756E 
 1898      7369676E 
 1898      65642069 
 1899              	.LASF104:
 1900 007b 6D61696E 		.ascii	"mainthread\000"
 1900      74687265 
 1900      616400
ARM GAS  C:\Users\ADMINI~1\AppData\Local\Temp\ccx9eF71.s 			page 35


 1901              	.LASF32:
 1902 0086 705F7072 		.ascii	"p_prio\000"
 1902      696F00
 1903              	.LASF95:
 1904 008d 63665F6F 		.ascii	"cf_off_state\000"
 1904      66665F73 
 1904      74617465 
 1904      00
 1905              	.LASF110:
 1906 009a 5F736368 		.ascii	"_scheduler_init\000"
 1906      6564756C 
 1906      65725F69 
 1906      6E697400 
 1907              	.LASF12:
 1908 00aa 6C6F6E67 		.ascii	"long long int\000"
 1908      206C6F6E 
 1908      6720696E 
 1908      7400
 1909              	.LASF1:
 1910 00b8 7369676E 		.ascii	"signed char\000"
 1910      65642063 
 1910      68617200 
 1911              	.LASF94:
 1912 00c4 63665F6F 		.ascii	"cf_off_stklimit\000"
 1912      66665F73 
 1912      746B6C69 
 1912      6D697400 
 1913              	.LASF96:
 1914 00d4 63665F6F 		.ascii	"cf_off_flags\000"
 1914      66665F66 
 1914      6C616773 
 1914      00
 1915              	.LASF48:
 1916 00e1 705F6D70 		.ascii	"p_mpool\000"
 1916      6F6F6C00 
 1917              	.LASF73:
 1918 00e9 6D5F7175 		.ascii	"m_queue\000"
 1918      65756500 
 1919              	.LASF24:
 1920 00f1 74736C69 		.ascii	"tslices_t\000"
 1920      6365735F 
 1920      7400
 1921              	.LASF9:
 1922 00fb 6C6F6E67 		.ascii	"long int\000"
 1922      20696E74 
 1922      00
 1923              	.LASF22:
 1924 0104 74737461 		.ascii	"tstate_t\000"
 1924      74655F74 
 1924      00
 1925              	.LASF16:
 1926 010d 75696E74 		.ascii	"uint16_t\000"
 1926      31365F74 
 1926      00
 1927              	.LASF100:
 1928 0116 63686465 		.ascii	"chdebug_t\000"
 1928      6275675F 
ARM GAS  C:\Users\ADMINI~1\AppData\Local\Temp\ccx9eF71.s 			page 36


 1928      7400
 1929              	.LASF34:
 1930 0120 705F6E65 		.ascii	"p_newer\000"
 1930      77657200 
 1931              	.LASF108:
 1932 0128 5F69646C 		.ascii	"_idle_thread_wa\000"
 1932      655F7468 
 1932      72656164 
 1932      5F776100 
 1933              	.LASF77:
 1934 0138 65786974 		.ascii	"exitcode\000"
 1934      636F6465 
 1934      00
 1935              	.LASF10:
 1936 0141 5F5F7569 		.ascii	"__uint32_t\000"
 1936      6E743332 
 1936      5F7400
 1937              	.LASF51:
 1938 014c 72656761 		.ascii	"regarm_t\000"
 1938      726D5F74 
 1938      00
 1939              	.LASF59:
 1940 0155 76745F70 		.ascii	"vt_prev\000"
 1940      72657600 
 1941              	.LASF102:
 1942 015d 63685379 		.ascii	"chSysInit\000"
 1942      73496E69 
 1942      7400
 1943              	.LASF113:
 1944 0167 5F686561 		.ascii	"_heap_init\000"
 1944      705F696E 
 1944      697400
 1945              	.LASF0:
 1946 0172 756E7369 		.ascii	"unsigned int\000"
 1946      676E6564 
 1946      20696E74 
 1946      00
 1947              	.LASF117:
 1948 017f 5F746872 		.ascii	"_thread_init\000"
 1948      6561645F 
 1948      696E6974 
 1948      00
 1949              	.LASF58:
 1950 018c 76745F6E 		.ascii	"vt_next\000"
 1950      65787400 
 1951              	.LASF11:
 1952 0194 6C6F6E67 		.ascii	"long unsigned int\000"
 1952      20756E73 
 1952      69676E65 
 1952      6420696E 
 1952      7400
 1953              	.LASF107:
 1954 01a6 63685F64 		.ascii	"ch_debug\000"
 1954      65627567 
 1954      00
 1955              	.LASF56:
 1956 01af 76746675 		.ascii	"vtfunc_t\000"
ARM GAS  C:\Users\ADMINI~1\AppData\Local\Temp\ccx9eF71.s 			page 37


 1956      6E635F74 
 1956      00
 1957              	.LASF82:
 1958 01b8 63685F69 		.ascii	"ch_identifier\000"
 1958      64656E74 
 1958      69666965 
 1958      7200
 1959              	.LASF57:
 1960 01c6 56697274 		.ascii	"VirtualTimer\000"
 1960      75616C54 
 1960      696D6572 
 1960      00
 1961              	.LASF54:
 1962 01d3 636F6E74 		.ascii	"context\000"
 1962      65787400 
 1963              	.LASF7:
 1964 01db 73686F72 		.ascii	"short unsigned int\000"
 1964      7420756E 
 1964      7369676E 
 1964      65642069 
 1964      6E7400
 1965              	.LASF26:
 1966 01ee 6D73675F 		.ascii	"msg_t\000"
 1966      7400
 1967              	.LASF68:
 1968 01f4 725F6E65 		.ascii	"r_newer\000"
 1968      77657200 
 1969              	.LASF21:
 1970 01fc 746D6F64 		.ascii	"tmode_t\000"
 1970      655F7400 
 1971              	.LASF50:
 1972 0204 54687265 		.ascii	"ThreadsList\000"
 1972      6164734C 
 1972      69737400 
 1973              	.LASF27:
 1974 0210 6576656E 		.ascii	"eventmask_t\000"
 1974      746D6173 
 1974      6B5F7400 
 1975              	.LASF72:
 1976 021c 4D757465 		.ascii	"Mutex\000"
 1976      7800
 1977              	.LASF115:
 1978 0222 43686962 		.ascii	"ChibiOS_2.6.6/os/kernel/src/chsys.c\000"
 1978      694F535F 
 1978      322E362E 
 1978      362F6F73 
 1978      2F6B6572 
 1979              	.LASF52:
 1980 0246 73746B61 		.ascii	"stkalign_t\000"
 1980      6C69676E 
 1980      5F7400
 1981              	.LASF118:
 1982 0251 63685468 		.ascii	"chThdCreateStatic\000"
 1982      64437265 
 1982      61746553 
 1982      74617469 
 1982      6300
ARM GAS  C:\Users\ADMINI~1\AppData\Local\Temp\ccx9eF71.s 			page 38


 1983              	.LASF83:
 1984 0263 63685F7A 		.ascii	"ch_zero\000"
 1984      65726F00 
 1985              	.LASF97:
 1986 026b 63665F6F 		.ascii	"cf_off_refs\000"
 1986      66665F72 
 1986      65667300 
 1987              	.LASF60:
 1988 0277 76745F74 		.ascii	"vt_time\000"
 1988      696D6500 
 1989              	.LASF55:
 1990 027f 73697A65 		.ascii	"sizetype\000"
 1990      74797065 
 1990      00
 1991              	.LASF61:
 1992 0288 76745F66 		.ascii	"vt_func\000"
 1992      756E6300 
 1993              	.LASF87:
 1994 0290 63685F74 		.ascii	"ch_timesize\000"
 1994      696D6573 
 1994      697A6500 
 1995              	.LASF93:
 1996 029c 63665F6F 		.ascii	"cf_off_name\000"
 1996      66665F6E 
 1996      616D6500 
 1997              	.LASF35:
 1998 02a8 705F6F6C 		.ascii	"p_older\000"
 1998      64657200 
 1999              	.LASF67:
 2000 02b0 725F6374 		.ascii	"r_ctx\000"
 2000      7800
 2001              	.LASF49:
 2002 02b6 54687265 		.ascii	"ThreadsQueue\000"
 2002      61647351 
 2002      75657565 
 2002      00
 2003              	.LASF84:
 2004 02c3 63685F73 		.ascii	"ch_size\000"
 2004      697A6500 
 2005              	.LASF70:
 2006 02cb 725F6375 		.ascii	"r_current\000"
 2006      7272656E 
 2006      7400
 2007              	.LASF69:
 2008 02d5 725F6F6C 		.ascii	"r_older\000"
 2008      64657200 
 2009              	.LASF101:
 2010 02dd 5F69646C 		.ascii	"_idle_thread\000"
 2010      655F7468 
 2010      72656164 
 2010      00
 2011              	.LASF13:
 2012 02ea 5F5F7569 		.ascii	"__uint64_t\000"
 2012      6E743634 
 2012      5F7400
 2013              	.LASF23:
 2014 02f5 74726566 		.ascii	"trefs_t\000"
ARM GAS  C:\Users\ADMINI~1\AppData\Local\Temp\ccx9eF71.s 			page 39


 2014      735F7400 
 2015              	.LASF86:
 2016 02fd 63685F70 		.ascii	"ch_ptrsize\000"
 2016      74727369 
 2016      7A6500
 2017              	.LASF31:
 2018 0308 705F7072 		.ascii	"p_prev\000"
 2018      657600
 2019              	.LASF25:
 2020 030f 74707269 		.ascii	"tprio_t\000"
 2020      6F5F7400 
 2021              	.LASF20:
 2022 0317 5F426F6F 		.ascii	"_Bool\000"
 2022      6C00
 2023              	.LASF17:
 2024 031d 696E7433 		.ascii	"int32_t\000"
 2024      325F7400 
 2025              	.LASF4:
 2026 0325 756E7369 		.ascii	"unsigned char\000"
 2026      676E6564 
 2026      20636861 
 2026      7200
 2027              	.LASF112:
 2028 0333 5F636F72 		.ascii	"_core_init\000"
 2028      655F696E 
 2028      697400
 2029              	.LASF46:
 2030 033e 705F6D74 		.ascii	"p_mtxlist\000"
 2030      786C6973 
 2030      7400
 2031              	.LASF5:
 2032 0348 73686F72 		.ascii	"short int\000"
 2032      7420696E 
 2032      7400
 2033              	.LASF37:
 2034 0352 705F7374 		.ascii	"p_state\000"
 2034      61746500 
 2035              	.LASF40:
 2036 035a 705F7072 		.ascii	"p_preempt\000"
 2036      65656D70 
 2036      7400
 2037              	.LASF99:
 2038 0364 63665F6F 		.ascii	"cf_off_time\000"
 2038      66665F74 
 2038      696D6500 
 2039              	.LASF66:
 2040 0370 725F7072 		.ascii	"r_prio\000"
 2040      696F00
 2041              	.LASF79:
 2042 0377 65776D61 		.ascii	"ewmask\000"
 2042      736B00
 2043              	.LASF30:
 2044 037e 705F6E65 		.ascii	"p_next\000"
 2044      787400
 2045              	.LASF98:
 2046 0385 63665F6F 		.ascii	"cf_off_preempt\000"
 2046      66665F70 
ARM GAS  C:\Users\ADMINI~1\AppData\Local\Temp\ccx9eF71.s 			page 40


 2046      7265656D 
 2046      707400
 2047              	.LASF38:
 2048 0394 705F666C 		.ascii	"p_flags\000"
 2048      61677300 
 2049              	.LASF29:
 2050 039c 54687265 		.ascii	"Thread\000"
 2050      616400
 2051              	.LASF91:
 2052 03a3 63665F6F 		.ascii	"cf_off_newer\000"
 2052      66665F6E 
 2052      65776572 
 2052      00
 2053              	.LASF45:
 2054 03b0 705F6570 		.ascii	"p_epending\000"
 2054      656E6469 
 2054      6E6700
 2055              	.LASF18:
 2056 03bb 75696E74 		.ascii	"uint32_t\000"
 2056      33325F74 
 2056      00
 2057              	.LASF89:
 2058 03c4 63665F6F 		.ascii	"cf_off_prio\000"
 2058      66665F70 
 2058      72696F00 
 2059              	.LASF65:
 2060 03d0 725F7175 		.ascii	"r_queue\000"
 2060      65756500 
 2061              	.LASF80:
 2062 03d8 63686172 		.ascii	"char\000"
 2062      00
 2063              	.LASF6:
 2064 03dd 5F5F7569 		.ascii	"__uint16_t\000"
 2064      6E743136 
 2064      5F7400
 2065              	.LASF75:
 2066 03e8 6D5F6E65 		.ascii	"m_next\000"
 2066      787400
 2067              	.LASF28:
 2068 03ef 73797374 		.ascii	"systime_t\000"
 2068      696D655F 
 2068      7400
 2069              	.LASF47:
 2070 03f9 705F7265 		.ascii	"p_realprio\000"
 2070      616C7072 
 2070      696F00
 2071              	.LASF8:
 2072 0404 5F5F696E 		.ascii	"__int32_t\000"
 2072      7433325F 
 2072      7400
 2073              	.LASF114:
 2074 040e 474E5520 		.ascii	"GNU C 4.9.3 20150529 (release) [ARM/embedded-4_9-br"
 2074      4320342E 
 2074      392E3320 
 2074      32303135 
 2074      30353239 
 2075 0441 616E6368 		.ascii	"anch revision 224288] -mcpu=cortex-m4 -mfloat-abi=h"
ARM GAS  C:\Users\ADMINI~1\AppData\Local\Temp\ccx9eF71.s 			page 41


 2075      20726576 
 2075      6973696F 
 2075      6E203232 
 2075      34323838 
 2076 0474 61726420 		.ascii	"ard -mfpu=fpv4-sp-d16 -mno-thumb-interwork -mthumb "
 2076      2D6D6670 
 2076      753D6670 
 2076      76342D73 
 2076      702D6431 
 2077 04a7 2D676764 		.ascii	"-ggdb -O2 -std=gnu99 -fomit-frame-pointer -falign-f"
 2077      62202D4F 
 2077      32202D73 
 2077      74643D67 
 2077      6E753939 
 2078 04da 756E6374 		.ascii	"unctions=16 -ffunction-sections -fdata-sections -fn"
 2078      696F6E73 
 2078      3D313620 
 2078      2D666675 
 2078      6E637469 
 2079 050d 6F2D636F 		.ascii	"o-common -fsingle-precision-constant\000"
 2079      6D6D6F6E 
 2079      202D6673 
 2079      696E676C 
 2079      652D7072 
 2080              	.LASF111:
 2081 0532 5F76745F 		.ascii	"_vt_init\000"
 2081      696E6974 
 2081      00
 2082              	.LASF41:
 2083 053b 705F7469 		.ascii	"p_time\000"
 2083      6D6500
 2084              	.LASF53:
 2085 0542 696E7463 		.ascii	"intctx\000"
 2085      747800
 2086              	.LASF43:
 2087 0549 705F6D73 		.ascii	"p_msgqueue\000"
 2087      67717565 
 2087      756500
 2088              	.LASF62:
 2089 0554 76745F70 		.ascii	"vt_par\000"
 2089      617200
 2090              	.LASF90:
 2091 055b 63665F6F 		.ascii	"cf_off_ctx\000"
 2091      66665F63 
 2091      747800
 2092              	.LASF39:
 2093 0566 705F7265 		.ascii	"p_refs\000"
 2093      667300
 2094              	.LASF71:
 2095 056d 52656164 		.ascii	"ReadyList\000"
 2095      794C6973 
 2095      7400
 2096              	.LASF116:
 2097 0577 563A5C6F 		.ascii	"V:\\oroca_bldc_dev\000"
 2097      726F6361 
 2097      5F626C64 
 2097      635F6465 
ARM GAS  C:\Users\ADMINI~1\AppData\Local\Temp\ccx9eF71.s 			page 42


 2097      7600
 2098              	.LASF106:
 2099 0589 726C6973 		.ascii	"rlist\000"
 2099      7400
 2100              	.LASF15:
 2101 058f 75696E74 		.ascii	"uint8_t\000"
 2101      385F7400 
 2102              	.LASF78:
 2103 0597 77746F62 		.ascii	"wtobjp\000"
 2103      6A7000
 2104              	.LASF109:
 2105 059e 5F706F72 		.ascii	"_port_init\000"
 2105      745F696E 
 2105      697400
 2106              	.LASF36:
 2107 05a9 705F6E61 		.ascii	"p_name\000"
 2107      6D6500
 2108              	.LASF63:
 2109 05b0 76745F73 		.ascii	"vt_systime\000"
 2109      79737469 
 2109      6D6500
 2110              	.LASF85:
 2111 05bb 63685F76 		.ascii	"ch_version\000"
 2111      65727369 
 2111      6F6E00
 2112              	.LASF64:
 2113 05c6 56544C69 		.ascii	"VTList\000"
 2113      737400
 2114              	.LASF74:
 2115 05cd 6D5F6F77 		.ascii	"m_owner\000"
 2115      6E657200 
 2116              	.LASF33:
 2117 05d5 705F6374 		.ascii	"p_ctx\000"
 2117      7800
 2118              	.LASF42:
 2119 05db 705F7761 		.ascii	"p_waiting\000"
 2119      6974696E 
 2119      6700
 2120              		.ident	"GCC: (GNU Tools for ARM Embedded Processors) 4.9.3 20150529 (release) [ARM/embedded-4_9-br
ARM GAS  C:\Users\ADMINI~1\AppData\Local\Temp\ccx9eF71.s 			page 43


DEFINED SYMBOLS
                            *ABS*:00000000 chsys.c
C:\Users\ADMINI~1\AppData\Local\Temp\ccx9eF71.s:21     .text._idle_thread:00000000 $t
C:\Users\ADMINI~1\AppData\Local\Temp\ccx9eF71.s:27     .text._idle_thread:00000000 _idle_thread
C:\Users\ADMINI~1\AppData\Local\Temp\ccx9eF71.s:48     .text._idle_thread:0000000c $d
C:\Users\ADMINI~1\AppData\Local\Temp\ccx9eF71.s:54     .text.chSysInit:00000000 $t
C:\Users\ADMINI~1\AppData\Local\Temp\ccx9eF71.s:60     .text.chSysInit:00000000 chSysInit
C:\Users\ADMINI~1\AppData\Local\Temp\ccx9eF71.s:123    .text.chSysInit:00000048 $d
C:\Users\ADMINI~1\AppData\Local\Temp\ccx9eF71.s:132    .text.chSysTimerHandlerI:00000000 $t
C:\Users\ADMINI~1\AppData\Local\Temp\ccx9eF71.s:138    .text.chSysTimerHandlerI:00000000 chSysTimerHandlerI
C:\Users\ADMINI~1\AppData\Local\Temp\ccx9eF71.s:212    .text.chSysTimerHandlerI:00000048 $d
C:\Users\ADMINI~1\AppData\Local\Temp\ccx9eF71.s:235    .bss._idle_thread_wa:00000000 _idle_thread_wa
C:\Users\ADMINI~1\AppData\Local\Temp\ccx9eF71.s:220    .rodata.str1.4:00000000 $d
C:\Users\ADMINI~1\AppData\Local\Temp\ccx9eF71.s:224    .bss.mainthread.4846:00000000 $d
C:\Users\ADMINI~1\AppData\Local\Temp\ccx9eF71.s:228    .bss.mainthread.4846:00000000 mainthread.4846
C:\Users\ADMINI~1\AppData\Local\Temp\ccx9eF71.s:231    .bss._idle_thread_wa:00000000 $d
                     .debug_frame:00000010 $d

UNDEFINED SYMBOLS
rlist
_port_init
_scheduler_init
_vt_init
_core_init
_heap_init
_thread_init
chThdCreateStatic
ch_debug
vtlist
