ARM GAS  C:\Users\jsyoon\AppData\Local\Temp\cchpoGzh.s 			page 1


   1              		.syntax unified
   2              		.cpu cortex-m4
   3              		.eabi_attribute 27, 3
   4              		.eabi_attribute 28, 1
   5              		.fpu fpv4-sp-d16
   6              		.eabi_attribute 20, 1
   7              		.eabi_attribute 21, 1
   8              		.eabi_attribute 23, 3
   9              		.eabi_attribute 24, 1
  10              		.eabi_attribute 25, 1
  11              		.eabi_attribute 26, 1
  12              		.eabi_attribute 30, 2
  13              		.eabi_attribute 34, 1
  14              		.eabi_attribute 18, 4
  15              		.thumb
  16              		.file	"chvt.c"
  17              		.text
  18              	.Ltext0:
  19              		.cfi_sections	.debug_frame
  20              		.section	.text._vt_init,"ax",%progbits
  21              		.align	2
  22              		.p2align 4,,15
  23              		.global	_vt_init
  24              		.thumb
  25              		.thumb_func
  26              		.type	_vt_init, %function
  27              	_vt_init:
  28              	.LFB7:
  29              		.file 1 "ChibiOS_2.6.6/os/kernel/src/chvt.c"
  30              		.loc 1 50 0
  31              		.cfi_startproc
  32              		@ args = 0, pretend = 0, frame = 0
  33              		@ frame_needed = 0, uses_anonymous_args = 0
  34              		@ link register save eliminated.
  35              		.loc 1 52 0
  36 0000 044B     		ldr	r3, .L2
  37              		.loc 1 53 0
  38 0002 4FF0FF31 		mov	r1, #-1
  39              		.loc 1 54 0
  40 0006 0022     		movs	r2, #0
  41              		.loc 1 52 0
  42 0008 5B60     		str	r3, [r3, #4]
  43 000a 1B60     		str	r3, [r3]
  44              		.loc 1 53 0
  45 000c 9960     		str	r1, [r3, #8]
  46              		.loc 1 54 0
  47 000e DA60     		str	r2, [r3, #12]
  48 0010 7047     		bx	lr
  49              	.L3:
  50 0012 00BF     		.align	2
  51              	.L2:
  52 0014 00000000 		.word	.LANCHOR0
  53              		.cfi_endproc
  54              	.LFE7:
  55              		.size	_vt_init, .-_vt_init
  56 0018 AFF30080 		.section	.text.chVTSetI,"ax",%progbits
  56      AFF30080 
ARM GAS  C:\Users\jsyoon\AppData\Local\Temp\cchpoGzh.s 			page 2


  57              		.align	2
  58              		.p2align 4,,15
  59              		.global	chVTSetI
  60              		.thumb
  61              		.thumb_func
  62              		.type	chVTSetI, %function
  63              	chVTSetI:
  64              	.LFB8:
  65              		.loc 1 76 0
  66              		.cfi_startproc
  67              		@ args = 0, pretend = 0, frame = 0
  68              		@ frame_needed = 0, uses_anonymous_args = 0
  69              		@ link register save eliminated.
  70              	.LVL0:
  71 0000 70B4     		push	{r4, r5, r6}
  72              		.cfi_def_cfa_offset 12
  73              		.cfi_offset 4, -12
  74              		.cfi_offset 5, -8
  75              		.cfi_offset 6, -4
  76              		.loc 1 85 0
  77 0002 0C4E     		ldr	r6, .L9
  78 0004 3468     		ldr	r4, [r6]
  79              	.LVL1:
  80              		.loc 1 86 0
  81 0006 A568     		ldr	r5, [r4, #8]
  82              		.loc 1 83 0
  83 0008 0361     		str	r3, [r0, #16]
  84              		.loc 1 86 0
  85 000a A942     		cmp	r1, r5
  86              		.loc 1 84 0
  87 000c C260     		str	r2, [r0, #12]
  88              		.loc 1 86 0
  89 000e 04D9     		bls	.L5
  90              	.L6:
  91              		.loc 1 88 0
  92 0010 2468     		ldr	r4, [r4]
  93              	.LVL2:
  94              		.loc 1 87 0
  95 0012 491B     		subs	r1, r1, r5
  96              	.LVL3:
  97              		.loc 1 86 0
  98 0014 A568     		ldr	r5, [r4, #8]
  99 0016 8D42     		cmp	r5, r1
 100 0018 FAD3     		bcc	.L6
 101              	.L5:
 102              		.loc 1 91 0
 103 001a 6368     		ldr	r3, [r4, #4]
 104              	.LVL4:
 105 001c 4360     		str	r3, [r0, #4]
 106              		.loc 1 94 0
 107 001e B442     		cmp	r4, r6
 108              		.loc 1 91 0
 109 0020 0460     		str	r4, [r0]
 110              		.loc 1 92 0
 111 0022 6060     		str	r0, [r4, #4]
 112 0024 1860     		str	r0, [r3]
 113              		.loc 1 93 0
ARM GAS  C:\Users\jsyoon\AppData\Local\Temp\cchpoGzh.s 			page 3


 114 0026 8160     		str	r1, [r0, #8]
 115              		.loc 1 94 0
 116 0028 02D0     		beq	.L4
 117              		.loc 1 95 0
 118 002a A368     		ldr	r3, [r4, #8]
 119 002c 591A     		subs	r1, r3, r1
 120              	.LVL5:
 121 002e A160     		str	r1, [r4, #8]
 122              	.LVL6:
 123              	.L4:
 124              		.loc 1 96 0
 125 0030 70BC     		pop	{r4, r5, r6}
 126              	.LVL7:
 127 0032 7047     		bx	lr
 128              	.L10:
 129              		.align	2
 130              	.L9:
 131 0034 00000000 		.word	.LANCHOR0
 132              		.cfi_endproc
 133              	.LFE8:
 134              		.size	chVTSetI, .-chVTSetI
 135 0038 AFF30080 		.section	.text.chVTResetI,"ax",%progbits
 135      AFF30080 
 136              		.align	2
 137              		.p2align 4,,15
 138              		.global	chVTResetI
 139              		.thumb
 140              		.thumb_func
 141              		.type	chVTResetI, %function
 142              	chVTResetI:
 143              	.LFB9:
 144              		.loc 1 106 0
 145              		.cfi_startproc
 146              		@ args = 0, pretend = 0, frame = 0
 147              		@ frame_needed = 0, uses_anonymous_args = 0
 148              		@ link register save eliminated.
 149              	.LVL8:
 150              		.loc 1 114 0
 151 0000 074A     		ldr	r2, .L13
 152 0002 0368     		ldr	r3, [r0]
 153 0004 9342     		cmp	r3, r2
 154 0006 03D0     		beq	.L12
 155              		.loc 1 115 0
 156 0008 9968     		ldr	r1, [r3, #8]
 157 000a 8268     		ldr	r2, [r0, #8]
 158 000c 0A44     		add	r2, r2, r1
 159 000e 9A60     		str	r2, [r3, #8]
 160              	.L12:
 161              		.loc 1 116 0
 162 0010 4268     		ldr	r2, [r0, #4]
 163 0012 1360     		str	r3, [r2]
 164              		.loc 1 117 0
 165 0014 0368     		ldr	r3, [r0]
 166              		.loc 1 118 0
 167 0016 0021     		movs	r1, #0
 168              		.loc 1 117 0
 169 0018 5A60     		str	r2, [r3, #4]
ARM GAS  C:\Users\jsyoon\AppData\Local\Temp\cchpoGzh.s 			page 4


 170              		.loc 1 118 0
 171 001a C160     		str	r1, [r0, #12]
 172 001c 7047     		bx	lr
 173              	.L14:
 174 001e 00BF     		.align	2
 175              	.L13:
 176 0020 00000000 		.word	.LANCHOR0
 177              		.cfi_endproc
 178              	.LFE9:
 179              		.size	chVTResetI, .-chVTResetI
 180              		.global	vtlist
 181 0024 AFF30080 		.section	.bss.vtlist,"aw",%nobits
 181      AFF30080 
 181      AFF30080 
 182              		.align	2
 183              		.set	.LANCHOR0,. + 0
 184              		.type	vtlist, %object
 185              		.size	vtlist, 16
 186              	vtlist:
 187 0000 00000000 		.space	16
 187      00000000 
 187      00000000 
 187      00000000 
 188              		.text
 189              	.Letext0:
 190              		.file 2 "c:\\crosstools\\gcc-arm-embedded\\4.8_2014q2\\arm-none-eabi\\include\\machine\\_default_t
 191              		.file 3 "c:\\crosstools\\gcc-arm-embedded\\4.8_2014q2\\arm-none-eabi\\include\\stdint.h"
 192              		.file 4 "ChibiOS_2.6.6/os/ports/GCC/ARMCMx/chtypes.h"
 193              		.file 5 "ChibiOS_2.6.6/os/kernel/include/chvt.h"
 194              		.section	.debug_info,"",%progbits
 195              	.Ldebug_info0:
 196 0000 FF010000 		.4byte	0x1ff
 197 0004 0400     		.2byte	0x4
 198 0006 00000000 		.4byte	.Ldebug_abbrev0
 199 000a 04       		.byte	0x4
 200 000b 01       		.uleb128 0x1
 201 000c 09000000 		.4byte	.LASF28
 202 0010 01       		.byte	0x1
 203 0011 43020000 		.4byte	.LASF29
 204 0015 02020000 		.4byte	.LASF30
 205 0019 00000000 		.4byte	.Ldebug_ranges0+0
 206 001d 00000000 		.4byte	0
 207 0021 00000000 		.4byte	.Ldebug_line0
 208 0025 02       		.uleb128 0x2
 209 0026 04       		.byte	0x4
 210 0027 05       		.byte	0x5
 211 0028 696E7400 		.ascii	"int\000"
 212 002c 03       		.uleb128 0x3
 213 002d 04       		.byte	0x4
 214 002e 07       		.byte	0x7
 215 002f 94010000 		.4byte	.LASF0
 216 0033 03       		.uleb128 0x3
 217 0034 01       		.byte	0x1
 218 0035 06       		.byte	0x6
 219 0036 80020000 		.4byte	.LASF1
 220 003a 03       		.uleb128 0x3
 221 003b 01       		.byte	0x1
ARM GAS  C:\Users\jsyoon\AppData\Local\Temp\cchpoGzh.s 			page 5


 222 003c 08       		.byte	0x8
 223 003d 72010000 		.4byte	.LASF2
 224 0041 03       		.uleb128 0x3
 225 0042 02       		.byte	0x2
 226 0043 05       		.byte	0x5
 227 0044 39020000 		.4byte	.LASF3
 228 0048 03       		.uleb128 0x3
 229 0049 02       		.byte	0x2
 230 004a 07       		.byte	0x7
 231 004b 52010000 		.4byte	.LASF4
 232 004f 03       		.uleb128 0x3
 233 0050 04       		.byte	0x4
 234 0051 05       		.byte	0x5
 235 0052 77020000 		.4byte	.LASF5
 236 0056 04       		.uleb128 0x4
 237 0057 89010000 		.4byte	.LASF9
 238 005b 02       		.byte	0x2
 239 005c 38       		.byte	0x38
 240 005d 61000000 		.4byte	0x61
 241 0061 03       		.uleb128 0x3
 242 0062 04       		.byte	0x4
 243 0063 07       		.byte	0x7
 244 0064 40010000 		.4byte	.LASF6
 245 0068 03       		.uleb128 0x3
 246 0069 08       		.byte	0x8
 247 006a 05       		.byte	0x5
 248 006b E0010000 		.4byte	.LASF7
 249 006f 03       		.uleb128 0x3
 250 0070 08       		.byte	0x8
 251 0071 07       		.byte	0x7
 252 0072 A1010000 		.4byte	.LASF8
 253 0076 04       		.uleb128 0x4
 254 0077 6E020000 		.4byte	.LASF10
 255 007b 03       		.byte	0x3
 256 007c 42       		.byte	0x42
 257 007d 56000000 		.4byte	0x56
 258 0081 03       		.uleb128 0x3
 259 0082 01       		.byte	0x1
 260 0083 02       		.byte	0x2
 261 0084 A6020000 		.4byte	.LASF11
 262 0088 04       		.uleb128 0x4
 263 0089 2D010000 		.4byte	.LASF12
 264 008d 04       		.byte	0x4
 265 008e 35       		.byte	0x35
 266 008f 76000000 		.4byte	0x76
 267 0093 05       		.uleb128 0x5
 268 0094 04       		.byte	0x4
 269 0095 03       		.uleb128 0x3
 270 0096 04       		.byte	0x4
 271 0097 07       		.byte	0x7
 272 0098 CC010000 		.4byte	.LASF13
 273 009c 04       		.uleb128 0x4
 274 009d 37010000 		.4byte	.LASF14
 275 00a1 05       		.byte	0x5
 276 00a2 58       		.byte	0x58
 277 00a3 A7000000 		.4byte	0xa7
 278 00a7 06       		.uleb128 0x6
ARM GAS  C:\Users\jsyoon\AppData\Local\Temp\cchpoGzh.s 			page 6


 279 00a8 04       		.byte	0x4
 280 00a9 AD000000 		.4byte	0xad
 281 00ad 07       		.uleb128 0x7
 282 00ae B8000000 		.4byte	0xb8
 283 00b2 08       		.uleb128 0x8
 284 00b3 93000000 		.4byte	0x93
 285 00b7 00       		.byte	0
 286 00b8 04       		.uleb128 0x4
 287 00b9 65010000 		.4byte	.LASF15
 288 00bd 05       		.byte	0x5
 289 00be 5D       		.byte	0x5d
 290 00bf C3000000 		.4byte	0xc3
 291 00c3 09       		.uleb128 0x9
 292 00c4 65010000 		.4byte	.LASF15
 293 00c8 14       		.byte	0x14
 294 00c9 05       		.byte	0x5
 295 00ca 64       		.byte	0x64
 296 00cb 0C010000 		.4byte	0x10c
 297 00cf 0A       		.uleb128 0xa
 298 00d0 93020000 		.4byte	.LASF16
 299 00d4 05       		.byte	0x5
 300 00d5 65       		.byte	0x65
 301 00d6 0C010000 		.4byte	0x10c
 302 00da 00       		.byte	0
 303 00db 0A       		.uleb128 0xa
 304 00dc 66020000 		.4byte	.LASF17
 305 00e0 05       		.byte	0x5
 306 00e1 67       		.byte	0x67
 307 00e2 0C010000 		.4byte	0x10c
 308 00e6 04       		.byte	0x4
 309 00e7 0A       		.uleb128 0xa
 310 00e8 C4010000 		.4byte	.LASF18
 311 00ec 05       		.byte	0x5
 312 00ed 69       		.byte	0x69
 313 00ee 88000000 		.4byte	0x88
 314 00f2 08       		.byte	0x8
 315 00f3 0A       		.uleb128 0xa
 316 00f4 EE010000 		.4byte	.LASF19
 317 00f8 05       		.byte	0x5
 318 00f9 6A       		.byte	0x6a
 319 00fa 9C000000 		.4byte	0x9c
 320 00fe 0C       		.byte	0xc
 321 00ff 0A       		.uleb128 0xa
 322 0100 32020000 		.4byte	.LASF20
 323 0104 05       		.byte	0x5
 324 0105 6C       		.byte	0x6c
 325 0106 93000000 		.4byte	0x93
 326 010a 10       		.byte	0x10
 327 010b 00       		.byte	0
 328 010c 06       		.uleb128 0x6
 329 010d 04       		.byte	0x4
 330 010e B8000000 		.4byte	0xb8
 331 0112 0B       		.uleb128 0xb
 332 0113 10       		.byte	0x10
 333 0114 05       		.byte	0x5
 334 0115 76       		.byte	0x76
 335 0116 4B010000 		.4byte	0x14b
ARM GAS  C:\Users\jsyoon\AppData\Local\Temp\cchpoGzh.s 			page 7


 336 011a 0A       		.uleb128 0xa
 337 011b 93020000 		.4byte	.LASF16
 338 011f 05       		.byte	0x5
 339 0120 77       		.byte	0x77
 340 0121 0C010000 		.4byte	0x10c
 341 0125 00       		.byte	0
 342 0126 0A       		.uleb128 0xa
 343 0127 66020000 		.4byte	.LASF17
 344 012b 05       		.byte	0x5
 345 012c 79       		.byte	0x79
 346 012d 0C010000 		.4byte	0x10c
 347 0131 04       		.byte	0x4
 348 0132 0A       		.uleb128 0xa
 349 0133 C4010000 		.4byte	.LASF18
 350 0137 05       		.byte	0x5
 351 0138 7B       		.byte	0x7b
 352 0139 88000000 		.4byte	0x88
 353 013d 08       		.byte	0x8
 354 013e 0A       		.uleb128 0xa
 355 013f D5010000 		.4byte	.LASF21
 356 0143 05       		.byte	0x5
 357 0144 7C       		.byte	0x7c
 358 0145 4B010000 		.4byte	0x14b
 359 0149 0C       		.byte	0xc
 360 014a 00       		.byte	0
 361 014b 0C       		.uleb128 0xc
 362 014c 88000000 		.4byte	0x88
 363 0150 04       		.uleb128 0x4
 364 0151 8C020000 		.4byte	.LASF22
 365 0155 05       		.byte	0x5
 366 0156 7D       		.byte	0x7d
 367 0157 12010000 		.4byte	0x112
 368 015b 03       		.uleb128 0x3
 369 015c 01       		.byte	0x1
 370 015d 08       		.byte	0x8
 371 015e FD010000 		.4byte	.LASF23
 372 0162 0D       		.uleb128 0xd
 373 0163 80010000 		.4byte	.LASF31
 374 0167 01       		.byte	0x1
 375 0168 32       		.byte	0x32
 376 0169 00000000 		.4byte	.LFB7
 377 016d 18000000 		.4byte	.LFE7-.LFB7
 378 0171 01       		.uleb128 0x1
 379 0172 9C       		.byte	0x9c
 380 0173 0E       		.uleb128 0xe
 381 0174 00000000 		.4byte	.LASF26
 382 0178 01       		.byte	0x1
 383 0179 4C       		.byte	0x4c
 384 017a 00000000 		.4byte	.LFB8
 385 017e 38000000 		.4byte	.LFE8-.LFB8
 386 0182 01       		.uleb128 0x1
 387 0183 9C       		.byte	0x9c
 388 0184 CE010000 		.4byte	0x1ce
 389 0188 0F       		.uleb128 0xf
 390 0189 76747000 		.ascii	"vtp\000"
 391 018d 01       		.byte	0x1
 392 018e 4C       		.byte	0x4c
ARM GAS  C:\Users\jsyoon\AppData\Local\Temp\cchpoGzh.s 			page 8


 393 018f 0C010000 		.4byte	0x10c
 394 0193 01       		.uleb128 0x1
 395 0194 50       		.byte	0x50
 396 0195 10       		.uleb128 0x10
 397 0196 BF010000 		.4byte	.LASF24
 398 019a 01       		.byte	0x1
 399 019b 4C       		.byte	0x4c
 400 019c 88000000 		.4byte	0x88
 401 01a0 00000000 		.4byte	.LLST0
 402 01a4 11       		.uleb128 0x11
 403 01a5 F6010000 		.4byte	.LASF25
 404 01a9 01       		.byte	0x1
 405 01aa 4C       		.byte	0x4c
 406 01ab 9C000000 		.4byte	0x9c
 407 01af 01       		.uleb128 0x1
 408 01b0 52       		.byte	0x52
 409 01b1 12       		.uleb128 0x12
 410 01b2 70617200 		.ascii	"par\000"
 411 01b6 01       		.byte	0x1
 412 01b7 4C       		.byte	0x4c
 413 01b8 93000000 		.4byte	0x93
 414 01bc 2A000000 		.4byte	.LLST1
 415 01c0 13       		.uleb128 0x13
 416 01c1 7000     		.ascii	"p\000"
 417 01c3 01       		.byte	0x1
 418 01c4 4D       		.byte	0x4d
 419 01c5 0C010000 		.4byte	0x10c
 420 01c9 49000000 		.4byte	.LLST2
 421 01cd 00       		.byte	0
 422 01ce 0E       		.uleb128 0xe
 423 01cf 9B020000 		.4byte	.LASF27
 424 01d3 01       		.byte	0x1
 425 01d4 6A       		.byte	0x6a
 426 01d5 00000000 		.4byte	.LFB9
 427 01d9 24000000 		.4byte	.LFE9-.LFB9
 428 01dd 01       		.uleb128 0x1
 429 01de 9C       		.byte	0x9c
 430 01df F1010000 		.4byte	0x1f1
 431 01e3 0F       		.uleb128 0xf
 432 01e4 76747000 		.ascii	"vtp\000"
 433 01e8 01       		.byte	0x1
 434 01e9 6A       		.byte	0x6a
 435 01ea 0C010000 		.4byte	0x10c
 436 01ee 01       		.uleb128 0x1
 437 01ef 50       		.byte	0x50
 438 01f0 00       		.byte	0
 439 01f1 14       		.uleb128 0x14
 440 01f2 B8010000 		.4byte	.LASF32
 441 01f6 01       		.byte	0x1
 442 01f7 2A       		.byte	0x2a
 443 01f8 50010000 		.4byte	0x150
 444 01fc 05       		.uleb128 0x5
 445 01fd 03       		.byte	0x3
 446 01fe 00000000 		.4byte	vtlist
 447 0202 00       		.byte	0
 448              		.section	.debug_abbrev,"",%progbits
 449              	.Ldebug_abbrev0:
ARM GAS  C:\Users\jsyoon\AppData\Local\Temp\cchpoGzh.s 			page 9


 450 0000 01       		.uleb128 0x1
 451 0001 11       		.uleb128 0x11
 452 0002 01       		.byte	0x1
 453 0003 25       		.uleb128 0x25
 454 0004 0E       		.uleb128 0xe
 455 0005 13       		.uleb128 0x13
 456 0006 0B       		.uleb128 0xb
 457 0007 03       		.uleb128 0x3
 458 0008 0E       		.uleb128 0xe
 459 0009 1B       		.uleb128 0x1b
 460 000a 0E       		.uleb128 0xe
 461 000b 55       		.uleb128 0x55
 462 000c 17       		.uleb128 0x17
 463 000d 11       		.uleb128 0x11
 464 000e 01       		.uleb128 0x1
 465 000f 10       		.uleb128 0x10
 466 0010 17       		.uleb128 0x17
 467 0011 00       		.byte	0
 468 0012 00       		.byte	0
 469 0013 02       		.uleb128 0x2
 470 0014 24       		.uleb128 0x24
 471 0015 00       		.byte	0
 472 0016 0B       		.uleb128 0xb
 473 0017 0B       		.uleb128 0xb
 474 0018 3E       		.uleb128 0x3e
 475 0019 0B       		.uleb128 0xb
 476 001a 03       		.uleb128 0x3
 477 001b 08       		.uleb128 0x8
 478 001c 00       		.byte	0
 479 001d 00       		.byte	0
 480 001e 03       		.uleb128 0x3
 481 001f 24       		.uleb128 0x24
 482 0020 00       		.byte	0
 483 0021 0B       		.uleb128 0xb
 484 0022 0B       		.uleb128 0xb
 485 0023 3E       		.uleb128 0x3e
 486 0024 0B       		.uleb128 0xb
 487 0025 03       		.uleb128 0x3
 488 0026 0E       		.uleb128 0xe
 489 0027 00       		.byte	0
 490 0028 00       		.byte	0
 491 0029 04       		.uleb128 0x4
 492 002a 16       		.uleb128 0x16
 493 002b 00       		.byte	0
 494 002c 03       		.uleb128 0x3
 495 002d 0E       		.uleb128 0xe
 496 002e 3A       		.uleb128 0x3a
 497 002f 0B       		.uleb128 0xb
 498 0030 3B       		.uleb128 0x3b
 499 0031 0B       		.uleb128 0xb
 500 0032 49       		.uleb128 0x49
 501 0033 13       		.uleb128 0x13
 502 0034 00       		.byte	0
 503 0035 00       		.byte	0
 504 0036 05       		.uleb128 0x5
 505 0037 0F       		.uleb128 0xf
 506 0038 00       		.byte	0
ARM GAS  C:\Users\jsyoon\AppData\Local\Temp\cchpoGzh.s 			page 10


 507 0039 0B       		.uleb128 0xb
 508 003a 0B       		.uleb128 0xb
 509 003b 00       		.byte	0
 510 003c 00       		.byte	0
 511 003d 06       		.uleb128 0x6
 512 003e 0F       		.uleb128 0xf
 513 003f 00       		.byte	0
 514 0040 0B       		.uleb128 0xb
 515 0041 0B       		.uleb128 0xb
 516 0042 49       		.uleb128 0x49
 517 0043 13       		.uleb128 0x13
 518 0044 00       		.byte	0
 519 0045 00       		.byte	0
 520 0046 07       		.uleb128 0x7
 521 0047 15       		.uleb128 0x15
 522 0048 01       		.byte	0x1
 523 0049 27       		.uleb128 0x27
 524 004a 19       		.uleb128 0x19
 525 004b 01       		.uleb128 0x1
 526 004c 13       		.uleb128 0x13
 527 004d 00       		.byte	0
 528 004e 00       		.byte	0
 529 004f 08       		.uleb128 0x8
 530 0050 05       		.uleb128 0x5
 531 0051 00       		.byte	0
 532 0052 49       		.uleb128 0x49
 533 0053 13       		.uleb128 0x13
 534 0054 00       		.byte	0
 535 0055 00       		.byte	0
 536 0056 09       		.uleb128 0x9
 537 0057 13       		.uleb128 0x13
 538 0058 01       		.byte	0x1
 539 0059 03       		.uleb128 0x3
 540 005a 0E       		.uleb128 0xe
 541 005b 0B       		.uleb128 0xb
 542 005c 0B       		.uleb128 0xb
 543 005d 3A       		.uleb128 0x3a
 544 005e 0B       		.uleb128 0xb
 545 005f 3B       		.uleb128 0x3b
 546 0060 0B       		.uleb128 0xb
 547 0061 01       		.uleb128 0x1
 548 0062 13       		.uleb128 0x13
 549 0063 00       		.byte	0
 550 0064 00       		.byte	0
 551 0065 0A       		.uleb128 0xa
 552 0066 0D       		.uleb128 0xd
 553 0067 00       		.byte	0
 554 0068 03       		.uleb128 0x3
 555 0069 0E       		.uleb128 0xe
 556 006a 3A       		.uleb128 0x3a
 557 006b 0B       		.uleb128 0xb
 558 006c 3B       		.uleb128 0x3b
 559 006d 0B       		.uleb128 0xb
 560 006e 49       		.uleb128 0x49
 561 006f 13       		.uleb128 0x13
 562 0070 38       		.uleb128 0x38
 563 0071 0B       		.uleb128 0xb
ARM GAS  C:\Users\jsyoon\AppData\Local\Temp\cchpoGzh.s 			page 11


 564 0072 00       		.byte	0
 565 0073 00       		.byte	0
 566 0074 0B       		.uleb128 0xb
 567 0075 13       		.uleb128 0x13
 568 0076 01       		.byte	0x1
 569 0077 0B       		.uleb128 0xb
 570 0078 0B       		.uleb128 0xb
 571 0079 3A       		.uleb128 0x3a
 572 007a 0B       		.uleb128 0xb
 573 007b 3B       		.uleb128 0x3b
 574 007c 0B       		.uleb128 0xb
 575 007d 01       		.uleb128 0x1
 576 007e 13       		.uleb128 0x13
 577 007f 00       		.byte	0
 578 0080 00       		.byte	0
 579 0081 0C       		.uleb128 0xc
 580 0082 35       		.uleb128 0x35
 581 0083 00       		.byte	0
 582 0084 49       		.uleb128 0x49
 583 0085 13       		.uleb128 0x13
 584 0086 00       		.byte	0
 585 0087 00       		.byte	0
 586 0088 0D       		.uleb128 0xd
 587 0089 2E       		.uleb128 0x2e
 588 008a 00       		.byte	0
 589 008b 3F       		.uleb128 0x3f
 590 008c 19       		.uleb128 0x19
 591 008d 03       		.uleb128 0x3
 592 008e 0E       		.uleb128 0xe
 593 008f 3A       		.uleb128 0x3a
 594 0090 0B       		.uleb128 0xb
 595 0091 3B       		.uleb128 0x3b
 596 0092 0B       		.uleb128 0xb
 597 0093 27       		.uleb128 0x27
 598 0094 19       		.uleb128 0x19
 599 0095 11       		.uleb128 0x11
 600 0096 01       		.uleb128 0x1
 601 0097 12       		.uleb128 0x12
 602 0098 06       		.uleb128 0x6
 603 0099 40       		.uleb128 0x40
 604 009a 18       		.uleb128 0x18
 605 009b 9742     		.uleb128 0x2117
 606 009d 19       		.uleb128 0x19
 607 009e 00       		.byte	0
 608 009f 00       		.byte	0
 609 00a0 0E       		.uleb128 0xe
 610 00a1 2E       		.uleb128 0x2e
 611 00a2 01       		.byte	0x1
 612 00a3 3F       		.uleb128 0x3f
 613 00a4 19       		.uleb128 0x19
 614 00a5 03       		.uleb128 0x3
 615 00a6 0E       		.uleb128 0xe
 616 00a7 3A       		.uleb128 0x3a
 617 00a8 0B       		.uleb128 0xb
 618 00a9 3B       		.uleb128 0x3b
 619 00aa 0B       		.uleb128 0xb
 620 00ab 27       		.uleb128 0x27
ARM GAS  C:\Users\jsyoon\AppData\Local\Temp\cchpoGzh.s 			page 12


 621 00ac 19       		.uleb128 0x19
 622 00ad 11       		.uleb128 0x11
 623 00ae 01       		.uleb128 0x1
 624 00af 12       		.uleb128 0x12
 625 00b0 06       		.uleb128 0x6
 626 00b1 40       		.uleb128 0x40
 627 00b2 18       		.uleb128 0x18
 628 00b3 9742     		.uleb128 0x2117
 629 00b5 19       		.uleb128 0x19
 630 00b6 01       		.uleb128 0x1
 631 00b7 13       		.uleb128 0x13
 632 00b8 00       		.byte	0
 633 00b9 00       		.byte	0
 634 00ba 0F       		.uleb128 0xf
 635 00bb 05       		.uleb128 0x5
 636 00bc 00       		.byte	0
 637 00bd 03       		.uleb128 0x3
 638 00be 08       		.uleb128 0x8
 639 00bf 3A       		.uleb128 0x3a
 640 00c0 0B       		.uleb128 0xb
 641 00c1 3B       		.uleb128 0x3b
 642 00c2 0B       		.uleb128 0xb
 643 00c3 49       		.uleb128 0x49
 644 00c4 13       		.uleb128 0x13
 645 00c5 02       		.uleb128 0x2
 646 00c6 18       		.uleb128 0x18
 647 00c7 00       		.byte	0
 648 00c8 00       		.byte	0
 649 00c9 10       		.uleb128 0x10
 650 00ca 05       		.uleb128 0x5
 651 00cb 00       		.byte	0
 652 00cc 03       		.uleb128 0x3
 653 00cd 0E       		.uleb128 0xe
 654 00ce 3A       		.uleb128 0x3a
 655 00cf 0B       		.uleb128 0xb
 656 00d0 3B       		.uleb128 0x3b
 657 00d1 0B       		.uleb128 0xb
 658 00d2 49       		.uleb128 0x49
 659 00d3 13       		.uleb128 0x13
 660 00d4 02       		.uleb128 0x2
 661 00d5 17       		.uleb128 0x17
 662 00d6 00       		.byte	0
 663 00d7 00       		.byte	0
 664 00d8 11       		.uleb128 0x11
 665 00d9 05       		.uleb128 0x5
 666 00da 00       		.byte	0
 667 00db 03       		.uleb128 0x3
 668 00dc 0E       		.uleb128 0xe
 669 00dd 3A       		.uleb128 0x3a
 670 00de 0B       		.uleb128 0xb
 671 00df 3B       		.uleb128 0x3b
 672 00e0 0B       		.uleb128 0xb
 673 00e1 49       		.uleb128 0x49
 674 00e2 13       		.uleb128 0x13
 675 00e3 02       		.uleb128 0x2
 676 00e4 18       		.uleb128 0x18
 677 00e5 00       		.byte	0
ARM GAS  C:\Users\jsyoon\AppData\Local\Temp\cchpoGzh.s 			page 13


 678 00e6 00       		.byte	0
 679 00e7 12       		.uleb128 0x12
 680 00e8 05       		.uleb128 0x5
 681 00e9 00       		.byte	0
 682 00ea 03       		.uleb128 0x3
 683 00eb 08       		.uleb128 0x8
 684 00ec 3A       		.uleb128 0x3a
 685 00ed 0B       		.uleb128 0xb
 686 00ee 3B       		.uleb128 0x3b
 687 00ef 0B       		.uleb128 0xb
 688 00f0 49       		.uleb128 0x49
 689 00f1 13       		.uleb128 0x13
 690 00f2 02       		.uleb128 0x2
 691 00f3 17       		.uleb128 0x17
 692 00f4 00       		.byte	0
 693 00f5 00       		.byte	0
 694 00f6 13       		.uleb128 0x13
 695 00f7 34       		.uleb128 0x34
 696 00f8 00       		.byte	0
 697 00f9 03       		.uleb128 0x3
 698 00fa 08       		.uleb128 0x8
 699 00fb 3A       		.uleb128 0x3a
 700 00fc 0B       		.uleb128 0xb
 701 00fd 3B       		.uleb128 0x3b
 702 00fe 0B       		.uleb128 0xb
 703 00ff 49       		.uleb128 0x49
 704 0100 13       		.uleb128 0x13
 705 0101 02       		.uleb128 0x2
 706 0102 17       		.uleb128 0x17
 707 0103 00       		.byte	0
 708 0104 00       		.byte	0
 709 0105 14       		.uleb128 0x14
 710 0106 34       		.uleb128 0x34
 711 0107 00       		.byte	0
 712 0108 03       		.uleb128 0x3
 713 0109 0E       		.uleb128 0xe
 714 010a 3A       		.uleb128 0x3a
 715 010b 0B       		.uleb128 0xb
 716 010c 3B       		.uleb128 0x3b
 717 010d 0B       		.uleb128 0xb
 718 010e 49       		.uleb128 0x49
 719 010f 13       		.uleb128 0x13
 720 0110 3F       		.uleb128 0x3f
 721 0111 19       		.uleb128 0x19
 722 0112 02       		.uleb128 0x2
 723 0113 18       		.uleb128 0x18
 724 0114 00       		.byte	0
 725 0115 00       		.byte	0
 726 0116 00       		.byte	0
 727              		.section	.debug_loc,"",%progbits
 728              	.Ldebug_loc0:
 729              	.LLST0:
 730 0000 00000000 		.4byte	.LVL0
 731 0004 14000000 		.4byte	.LVL3
 732 0008 0100     		.2byte	0x1
 733 000a 51       		.byte	0x51
 734 000b 14000000 		.4byte	.LVL3
ARM GAS  C:\Users\jsyoon\AppData\Local\Temp\cchpoGzh.s 			page 14


 735 000f 2E000000 		.4byte	.LVL5
 736 0013 0100     		.2byte	0x1
 737 0015 51       		.byte	0x51
 738 0016 2E000000 		.4byte	.LVL5
 739 001a 30000000 		.4byte	.LVL6
 740 001e 0200     		.2byte	0x2
 741 0020 70       		.byte	0x70
 742 0021 08       		.sleb128 8
 743 0022 00000000 		.4byte	0
 744 0026 00000000 		.4byte	0
 745              	.LLST1:
 746 002a 00000000 		.4byte	.LVL0
 747 002e 1C000000 		.4byte	.LVL4
 748 0032 0100     		.2byte	0x1
 749 0034 53       		.byte	0x53
 750 0035 1C000000 		.4byte	.LVL4
 751 0039 38000000 		.4byte	.LFE8
 752 003d 0200     		.2byte	0x2
 753 003f 70       		.byte	0x70
 754 0040 10       		.sleb128 16
 755 0041 00000000 		.4byte	0
 756 0045 00000000 		.4byte	0
 757              	.LLST2:
 758 0049 06000000 		.4byte	.LVL1
 759 004d 12000000 		.4byte	.LVL2
 760 0051 0100     		.2byte	0x1
 761 0053 54       		.byte	0x54
 762 0054 14000000 		.4byte	.LVL3
 763 0058 32000000 		.4byte	.LVL7
 764 005c 0100     		.2byte	0x1
 765 005e 54       		.byte	0x54
 766 005f 00000000 		.4byte	0
 767 0063 00000000 		.4byte	0
 768              		.section	.debug_aranges,"",%progbits
 769 0000 2C000000 		.4byte	0x2c
 770 0004 0200     		.2byte	0x2
 771 0006 00000000 		.4byte	.Ldebug_info0
 772 000a 04       		.byte	0x4
 773 000b 00       		.byte	0
 774 000c 0000     		.2byte	0
 775 000e 0000     		.2byte	0
 776 0010 00000000 		.4byte	.LFB7
 777 0014 18000000 		.4byte	.LFE7-.LFB7
 778 0018 00000000 		.4byte	.LFB8
 779 001c 38000000 		.4byte	.LFE8-.LFB8
 780 0020 00000000 		.4byte	.LFB9
 781 0024 24000000 		.4byte	.LFE9-.LFB9
 782 0028 00000000 		.4byte	0
 783 002c 00000000 		.4byte	0
 784              		.section	.debug_ranges,"",%progbits
 785              	.Ldebug_ranges0:
 786 0000 00000000 		.4byte	.LFB7
 787 0004 18000000 		.4byte	.LFE7
 788 0008 00000000 		.4byte	.LFB8
 789 000c 38000000 		.4byte	.LFE8
 790 0010 00000000 		.4byte	.LFB9
 791 0014 24000000 		.4byte	.LFE9
ARM GAS  C:\Users\jsyoon\AppData\Local\Temp\cchpoGzh.s 			page 15


 792 0018 00000000 		.4byte	0
 793 001c 00000000 		.4byte	0
 794              		.section	.debug_line,"",%progbits
 795              	.Ldebug_line0:
 796 0000 8F010000 		.section	.debug_str,"MS",%progbits,1
 796      02003A01 
 796      00000201 
 796      FB0E0D00 
 796      01010101 
 797              	.LASF26:
 798 0000 63685654 		.ascii	"chVTSetI\000"
 798      53657449 
 798      00
 799              	.LASF28:
 800 0009 474E5520 		.ascii	"GNU C 4.8.4 20140526 (release) [ARM/embedded-4_8-br"
 800      4320342E 
 800      382E3420 
 800      32303134 
 800      30353236 
 801 003c 616E6368 		.ascii	"anch revision 211358] -mcpu=cortex-m4 -mfloat-abi=h"
 801      20726576 
 801      6973696F 
 801      6E203231 
 801      31333538 
 802 006f 61726420 		.ascii	"ard -mfpu=fpv4-sp-d16 -mno-thumb-interwork -mthumb "
 802      2D6D6670 
 802      753D6670 
 802      76342D73 
 802      702D6431 
 803 00a2 2D676764 		.ascii	"-ggdb -O2 -std=gnu99 -fomit-frame-pointer -falign-f"
 803      62202D4F 
 803      32202D73 
 803      74643D67 
 803      6E753939 
 804 00d5 756E6374 		.ascii	"unctions=16 -ffunction-sections -fdata-sections -fn"
 804      696F6E73 
 804      3D313620 
 804      2D666675 
 804      6E637469 
 805 0108 6F2D636F 		.ascii	"o-common -fsingle-precision-constant\000"
 805      6D6D6F6E 
 805      202D6673 
 805      696E676C 
 805      652D7072 
 806              	.LASF12:
 807 012d 73797374 		.ascii	"systime_t\000"
 807      696D655F 
 807      7400
 808              	.LASF14:
 809 0137 76746675 		.ascii	"vtfunc_t\000"
 809      6E635F74 
 809      00
 810              	.LASF6:
 811 0140 6C6F6E67 		.ascii	"long unsigned int\000"
 811      20756E73 
 811      69676E65 
 811      6420696E 
ARM GAS  C:\Users\jsyoon\AppData\Local\Temp\cchpoGzh.s 			page 16


 811      7400
 812              	.LASF4:
 813 0152 73686F72 		.ascii	"short unsigned int\000"
 813      7420756E 
 813      7369676E 
 813      65642069 
 813      6E7400
 814              	.LASF15:
 815 0165 56697274 		.ascii	"VirtualTimer\000"
 815      75616C54 
 815      696D6572 
 815      00
 816              	.LASF2:
 817 0172 756E7369 		.ascii	"unsigned char\000"
 817      676E6564 
 817      20636861 
 817      7200
 818              	.LASF31:
 819 0180 5F76745F 		.ascii	"_vt_init\000"
 819      696E6974 
 819      00
 820              	.LASF9:
 821 0189 5F5F7569 		.ascii	"__uint32_t\000"
 821      6E743332 
 821      5F7400
 822              	.LASF0:
 823 0194 756E7369 		.ascii	"unsigned int\000"
 823      676E6564 
 823      20696E74 
 823      00
 824              	.LASF8:
 825 01a1 6C6F6E67 		.ascii	"long long unsigned int\000"
 825      206C6F6E 
 825      6720756E 
 825      7369676E 
 825      65642069 
 826              	.LASF32:
 827 01b8 76746C69 		.ascii	"vtlist\000"
 827      737400
 828              	.LASF24:
 829 01bf 74696D65 		.ascii	"time\000"
 829      00
 830              	.LASF18:
 831 01c4 76745F74 		.ascii	"vt_time\000"
 831      696D6500 
 832              	.LASF13:
 833 01cc 73697A65 		.ascii	"sizetype\000"
 833      74797065 
 833      00
 834              	.LASF21:
 835 01d5 76745F73 		.ascii	"vt_systime\000"
 835      79737469 
 835      6D6500
 836              	.LASF7:
 837 01e0 6C6F6E67 		.ascii	"long long int\000"
 837      206C6F6E 
 837      6720696E 
ARM GAS  C:\Users\jsyoon\AppData\Local\Temp\cchpoGzh.s 			page 17


 837      7400
 838              	.LASF19:
 839 01ee 76745F66 		.ascii	"vt_func\000"
 839      756E6300 
 840              	.LASF25:
 841 01f6 76746675 		.ascii	"vtfunc\000"
 841      6E6300
 842              	.LASF23:
 843 01fd 63686172 		.ascii	"char\000"
 843      00
 844              	.LASF30:
 845 0202 453A5C4D 		.ascii	"E:\\Maker\\BLDC\\test_eval\\try2\\OROCA-BLDC_R15080"
 845      616B6572 
 845      5C424C44 
 845      435C7465 
 845      73745F65 
 846 0230 3700     		.ascii	"7\000"
 847              	.LASF20:
 848 0232 76745F70 		.ascii	"vt_par\000"
 848      617200
 849              	.LASF3:
 850 0239 73686F72 		.ascii	"short int\000"
 850      7420696E 
 850      7400
 851              	.LASF29:
 852 0243 43686962 		.ascii	"ChibiOS_2.6.6/os/kernel/src/chvt.c\000"
 852      694F535F 
 852      322E362E 
 852      362F6F73 
 852      2F6B6572 
 853              	.LASF17:
 854 0266 76745F70 		.ascii	"vt_prev\000"
 854      72657600 
 855              	.LASF10:
 856 026e 75696E74 		.ascii	"uint32_t\000"
 856      33325F74 
 856      00
 857              	.LASF5:
 858 0277 6C6F6E67 		.ascii	"long int\000"
 858      20696E74 
 858      00
 859              	.LASF1:
 860 0280 7369676E 		.ascii	"signed char\000"
 860      65642063 
 860      68617200 
 861              	.LASF22:
 862 028c 56544C69 		.ascii	"VTList\000"
 862      737400
 863              	.LASF16:
 864 0293 76745F6E 		.ascii	"vt_next\000"
 864      65787400 
 865              	.LASF27:
 866 029b 63685654 		.ascii	"chVTResetI\000"
 866      52657365 
 866      744900
 867              	.LASF11:
 868 02a6 5F426F6F 		.ascii	"_Bool\000"
ARM GAS  C:\Users\jsyoon\AppData\Local\Temp\cchpoGzh.s 			page 18


 868      6C00
 869              		.ident	"GCC: (GNU Tools for ARM Embedded Processors) 4.8.4 20140526 (release) [ARM/embedded-4_8-br
ARM GAS  C:\Users\jsyoon\AppData\Local\Temp\cchpoGzh.s 			page 19


DEFINED SYMBOLS
                            *ABS*:00000000 chvt.c
C:\Users\jsyoon\AppData\Local\Temp\cchpoGzh.s:21     .text._vt_init:00000000 $t
C:\Users\jsyoon\AppData\Local\Temp\cchpoGzh.s:27     .text._vt_init:00000000 _vt_init
C:\Users\jsyoon\AppData\Local\Temp\cchpoGzh.s:52     .text._vt_init:00000014 $d
C:\Users\jsyoon\AppData\Local\Temp\cchpoGzh.s:57     .text.chVTSetI:00000000 $t
C:\Users\jsyoon\AppData\Local\Temp\cchpoGzh.s:63     .text.chVTSetI:00000000 chVTSetI
C:\Users\jsyoon\AppData\Local\Temp\cchpoGzh.s:131    .text.chVTSetI:00000034 $d
C:\Users\jsyoon\AppData\Local\Temp\cchpoGzh.s:136    .text.chVTResetI:00000000 $t
C:\Users\jsyoon\AppData\Local\Temp\cchpoGzh.s:142    .text.chVTResetI:00000000 chVTResetI
C:\Users\jsyoon\AppData\Local\Temp\cchpoGzh.s:176    .text.chVTResetI:00000020 $d
C:\Users\jsyoon\AppData\Local\Temp\cchpoGzh.s:186    .bss.vtlist:00000000 vtlist
C:\Users\jsyoon\AppData\Local\Temp\cchpoGzh.s:182    .bss.vtlist:00000000 $d
                     .debug_frame:00000010 $d
C:\Users\jsyoon\AppData\Local\Temp\cchpoGzh.s:56     .text._vt_init:00000018 $t
C:\Users\jsyoon\AppData\Local\Temp\cchpoGzh.s:135    .text.chVTSetI:00000038 $t
C:\Users\jsyoon\AppData\Local\Temp\cchpoGzh.s:181    .text.chVTResetI:00000024 $t

NO UNDEFINED SYMBOLS
