ARM GAS  C:\Users\ADMINI~1\AppData\Local\Temp\ccf1Su7a.s 			page 1


   1              		.syntax unified
   2              		.cpu cortex-m4
   3              		.eabi_attribute 27, 1
   4              		.eabi_attribute 28, 1
   5              		.fpu fpv4-sp-d16
   6              		.eabi_attribute 20, 1
   7              		.eabi_attribute 21, 1
   8              		.eabi_attribute 23, 3
   9              		.eabi_attribute 24, 1
  10              		.eabi_attribute 25, 1
  11              		.eabi_attribute 26, 1
  12              		.eabi_attribute 30, 2
  13              		.eabi_attribute 34, 1
  14              		.eabi_attribute 18, 4
  15              		.thumb
  16              		.file	"crt0.c"
  17              		.text
  18              	.Ltext0:
  19              		.cfi_sections	.debug_frame
  20              		.section	.text.__early_init,"ax",%progbits
  21              		.align	2
  22              		.p2align 4,,15
  23              		.weak	__early_init
  24              		.thumb
  25              		.thumb_func
  26              		.type	__early_init, %function
  27              	__early_init:
  28              	.LFB0:
  29              		.file 1 "ChibiOS_2.6.6/os/ports/GCC/ARMCMx/crt0.c"
  30              		.loc 1 234 0
  31              		.cfi_startproc
  32              		@ args = 0, pretend = 0, frame = 0
  33              		@ frame_needed = 0, uses_anonymous_args = 0
  34              		@ link register save eliminated.
  35 0000 7047     		bx	lr
  36              		.cfi_endproc
  37              	.LFE0:
  38              		.size	__early_init, .-__early_init
  39 0002 00BF     		.section	.text.__late_init,"ax",%progbits
  40              		.align	2
  41              		.p2align 4,,15
  42              		.weak	__late_init
  43              		.thumb
  44              		.thumb_func
  45              		.type	__late_init, %function
  46              	__late_init:
  47              	.LFB1:
  48              		.loc 1 246 0
  49              		.cfi_startproc
  50              		@ args = 0, pretend = 0, frame = 0
  51              		@ frame_needed = 0, uses_anonymous_args = 0
  52              		@ link register save eliminated.
  53 0000 7047     		bx	lr
  54              		.cfi_endproc
  55              	.LFE1:
  56              		.size	__late_init, .-__late_init
  57 0002 00BF     		.section	.text._default_exit,"ax",%progbits
ARM GAS  C:\Users\ADMINI~1\AppData\Local\Temp\ccf1Su7a.s 			page 2


  58              		.align	2
  59              		.p2align 4,,15
  60              		.weak	_default_exit
  61              		.thumb
  62              		.thumb_func
  63              		.type	_default_exit, %function
  64              	_default_exit:
  65              	.LFB2:
  66              		.loc 1 257 0
  67              		.cfi_startproc
  68              		@ Naked Function: prologue and epilogue provided by programmer.
  69              		@ args = 0, pretend = 0, frame = 0
  70              		@ frame_needed = 0, uses_anonymous_args = 0
  71              	.L4:
  72              		.loc 1 259 0 discriminator 1
  73 0000 FEE7     		b	.L4
  74              		.cfi_endproc
  75              	.LFE2:
  76              		.size	_default_exit, .-_default_exit
  77 0002 00BF     		.section	.text.ResetHandler,"ax",%progbits
  78              		.align	2
  79              		.p2align 4,,15
  80              		.global	ResetHandler
  81              		.thumb
  82              		.thumb_func
  83              		.type	ResetHandler, %function
  84              	ResetHandler:
  85              	.LFB3:
  86              		.loc 1 268 0
  87              		.cfi_startproc
  88              		@ Naked Function: prologue and epilogue provided by programmer.
  89              		@ args = 0, pretend = 0, frame = 0
  90              		@ frame_needed = 0, uses_anonymous_args = 0
  91              		.loc 1 274 0
  92              	@ 274 "ChibiOS_2.6.6/os/ports/GCC/ARMCMx/crt0.c" 1
  93 0000 72B6     		cpsid   i
  94              	@ 0 "" 2
  95              		.loc 1 275 0
  96              		.thumb
  97 0002 3748     		ldr	r0, .L32
  98              	.LVL0:
  99              		.loc 1 276 0
 100              	@ 276 "ChibiOS_2.6.6/os/ports/GCC/ARMCMx/crt0.c" 1
 101 0004 80F30988 		msr     PSP, r0
 102              	@ 0 "" 2
 103              		.loc 1 283 0
 104              		.thumb
 105 0008 364A     		ldr	r2, .L32+4
 106              		.loc 1 280 0
 107 000a 3749     		ldr	r1, .L32+8
 108              		.loc 1 283 0
 109 000c 1368     		ldr	r3, [r2]
 110              		.loc 1 280 0
 111 000e 4FF04044 		mov	r4, #-1073741824
 112              		.loc 1 283 0
 113 0012 43F47003 		orr	r3, r3, #15728640
 114 0016 1360     		str	r3, [r2]
ARM GAS  C:\Users\ADMINI~1\AppData\Local\Temp\ccf1Su7a.s 			page 3


 115              	.LVL1:
 116              		.loc 1 280 0
 117 0018 0C60     		str	r4, [r1]
 118              		.loc 1 287 0
 119 001a 0023     		movs	r3, #0
 120              	@ 287 "ChibiOS_2.6.6/os/ports/GCC/ARMCMx/crt0.c" 1
 121 001c E1EE103A 		vmsr    FPSCR, r3
 122              	@ 0 "" 2
 123              		.loc 1 296 0
 124              		.thumb
 125 0020 0622     		movs	r2, #6
 126              		.loc 1 288 0
 127 0022 8B60     		str	r3, [r1, #8]
 128              	.LVL2:
 129              		.loc 1 296 0
 130              	@ 296 "ChibiOS_2.6.6/os/ports/GCC/ARMCMx/crt0.c" 1
 131 0024 82F31488 		msr     CONTROL, r2
 132              	@ 0 "" 2
 133              		.loc 1 297 0
 134              	@ 297 "ChibiOS_2.6.6/os/ports/GCC/ARMCMx/crt0.c" 1
 135 0028 BFF36F8F 		isb
 136              	@ 0 "" 2
 137              	.LVL3:
 138              		.thumb
 139              	.LBB2:
 140              		.loc 1 301 0
 141 002c 2F4B     		ldr	r3, .L32+12
 142 002e 304A     		ldr	r2, .L32+16
 143 0030 9342     		cmp	r3, r2
 144 0032 0BD2     		bcs	.L10
 145 0034 D943     		mvns	r1, r3
 146 0036 0A44     		add	r2, r2, r1
 147 0038 22F00302 		bic	r2, r2, #3
 148 003c 0432     		adds	r2, r2, #4
 149 003e 1A44     		add	r2, r2, r3
 150 0040 4FF05531 		mov	r1, #1431655765
 151              	.LVL4:
 152              	.L9:
 153              		.loc 1 301 0 is_stmt 0 discriminator 3
 154 0044 43F8041B 		str	r1, [r3], #4
 155              	.LVL5:
 156 0048 9342     		cmp	r3, r2
 157 004a FBD1     		bne	.L9
 158              	.LVL6:
 159              	.L10:
 160              	.LBE2:
 161              	.LBB3:
 162              		.loc 1 304 0 is_stmt 1
 163 004c 294B     		ldr	r3, .L32+20
 164 004e 8342     		cmp	r3, r0
 165 0050 0CD2     		bcs	.L8
 166 0052 294A     		ldr	r2, .L32+24
 167 0054 191D     		adds	r1, r3, #4
 168 0056 521A     		subs	r2, r2, r1
 169 0058 22F00302 		bic	r2, r2, #3
 170 005c 0432     		adds	r2, r2, #4
 171 005e 1A44     		add	r2, r2, r3
ARM GAS  C:\Users\ADMINI~1\AppData\Local\Temp\ccf1Su7a.s 			page 4


 172 0060 4FF05531 		mov	r1, #1431655765
 173              	.LVL7:
 174              	.L13:
 175              		.loc 1 304 0 is_stmt 0 discriminator 3
 176 0064 43F8041B 		str	r1, [r3], #4
 177              	.LVL8:
 178 0068 9342     		cmp	r3, r2
 179 006a FBD1     		bne	.L13
 180              	.LVL9:
 181              	.L8:
 182              	.LBE3:
 183              		.loc 1 310 0 is_stmt 1
 184 006c FFF7FEFF 		bl	__early_init
 185              	.LVL10:
 186              	.LBB4:
 187              		.loc 1 319 0
 188 0070 224A     		ldr	r2, .L32+28
 189 0072 234B     		ldr	r3, .L32+32
 190 0074 9A42     		cmp	r2, r3
 191 0076 0CD2     		bcs	.L12
 192 0078 D043     		mvns	r0, r2
 193 007a 1844     		add	r0, r0, r3
 194 007c 20F00300 		bic	r0, r0, #3
 195 0080 204B     		ldr	r3, .L32+36
 196 0082 0430     		adds	r0, r0, #4
 197 0084 1844     		add	r0, r0, r3
 198              	.LVL11:
 199              	.L16:
 200              		.loc 1 320 0
 201 0086 53F8041B 		ldr	r1, [r3], #4
 202              	.LVL12:
 203 008a 42F8041B 		str	r1, [r2], #4
 204              	.LVL13:
 205              		.loc 1 319 0
 206 008e 8342     		cmp	r3, r0
 207 0090 F9D1     		bne	.L16
 208              	.LVL14:
 209              	.L12:
 210              	.LBE4:
 211              	.LBB5:
 212              		.loc 1 326 0
 213 0092 1D4B     		ldr	r3, .L32+40
 214 0094 1D4A     		ldr	r2, .L32+44
 215 0096 9342     		cmp	r3, r2
 216 0098 0AD2     		bcs	.L15
 217 009a D943     		mvns	r1, r3
 218 009c 0A44     		add	r2, r2, r1
 219 009e 22F00302 		bic	r2, r2, #3
 220 00a2 0432     		adds	r2, r2, #4
 221 00a4 1A44     		add	r2, r2, r3
 222 00a6 0021     		movs	r1, #0
 223              	.LVL15:
 224              	.L19:
 225              		.loc 1 326 0 is_stmt 0 discriminator 3
 226 00a8 43F8041B 		str	r1, [r3], #4
 227              	.LVL16:
 228 00ac 9342     		cmp	r3, r2
ARM GAS  C:\Users\ADMINI~1\AppData\Local\Temp\ccf1Su7a.s 			page 5


 229 00ae FBD1     		bne	.L19
 230              	.LVL17:
 231              	.L15:
 232              	.LBE5:
 233              	.LBB6:
 234              		.loc 1 336 0 is_stmt 1
 235 00b0 174D     		ldr	r5, .L32+48
 236 00b2 184C     		ldr	r4, .L32+52
 237              	.LBE6:
 238              		.loc 1 330 0
 239 00b4 FFF7FEFF 		bl	__late_init
 240              	.LVL18:
 241              	.LBB7:
 242              		.loc 1 336 0
 243 00b8 AC42     		cmp	r4, r5
 244 00ba 04D2     		bcs	.L18
 245              	.LVL19:
 246              	.L17:
 247              		.loc 1 337 0
 248 00bc 54F8043B 		ldr	r3, [r4], #4
 249              	.LVL20:
 250 00c0 9847     		blx	r3
 251              	.LVL21:
 252              		.loc 1 336 0
 253 00c2 AC42     		cmp	r4, r5
 254 00c4 FAD3     		bcc	.L17
 255              	.LVL22:
 256              	.L18:
 257              	.LBE7:
 258              	.LBB8:
 259              		.loc 1 350 0
 260 00c6 144D     		ldr	r5, .L32+56
 261 00c8 144C     		ldr	r4, .L32+60
 262              	.LBE8:
 263              		.loc 1 344 0
 264 00ca FFF7FEFF 		bl	main
 265              	.LVL23:
 266              	.LBB9:
 267              		.loc 1 350 0
 268 00ce AC42     		cmp	r4, r5
 269 00d0 04D2     		bcs	.L21
 270              	.LVL24:
 271              	.L20:
 272              		.loc 1 351 0
 273 00d2 54F8043B 		ldr	r3, [r4], #4
 274              	.LVL25:
 275 00d6 9847     		blx	r3
 276              	.LVL26:
 277              		.loc 1 350 0
 278 00d8 AC42     		cmp	r4, r5
 279 00da FAD3     		bcc	.L20
 280              	.LVL27:
 281              	.L21:
 282              	.LBE9:
 283              		.loc 1 358 0
 284 00dc FFF7FEFF 		bl	_default_exit
 285              	.LVL28:
ARM GAS  C:\Users\ADMINI~1\AppData\Local\Temp\ccf1Su7a.s 			page 6


 286              		.loc 1 359 0
 287              	.L33:
 288              		.align	2
 289              	.L32:
 290 00e0 00000000 		.word	__process_stack_end__
 291 00e4 88ED00E0 		.word	-536810104
 292 00e8 34EF00E0 		.word	-536809676
 293 00ec 00000000 		.word	__main_stack_base__
 294 00f0 00000000 		.word	__main_stack_end__
 295 00f4 00000000 		.word	__process_stack_base__
 296 00f8 03000000 		.word	__process_stack_end__+3
 297 00fc 00000000 		.word	_data
 298 0100 00000000 		.word	_edata
 299 0104 00000000 		.word	_textdata
 300 0108 00000000 		.word	_bss_start
 301 010c 00000000 		.word	_bss_end
 302 0110 00000000 		.word	__init_array_end
 303 0114 00000000 		.word	__init_array_start
 304 0118 00000000 		.word	__fini_array_end
 305 011c 00000000 		.word	__fini_array_start
 306              		.cfi_endproc
 307              	.LFE3:
 308              		.size	ResetHandler, .-ResetHandler
 309              		.text
 310              	.Letext0:
 311              		.file 2 "c:\\program files\\gnu tools arm embedded\\4.9 2015q2\\arm-none-eabi\\include\\machine\\_
 312              		.file 3 "c:\\program files\\gnu tools arm embedded\\4.9 2015q2\\arm-none-eabi\\include\\sys\\_stdi
 313              		.section	.debug_info,"",%progbits
 314              	.Ldebug_info0:
 315 0000 B2020000 		.4byte	0x2b2
 316 0004 0400     		.2byte	0x4
 317 0006 00000000 		.4byte	.Ldebug_abbrev0
 318 000a 04       		.byte	0x4
 319 000b 01       		.uleb128 0x1
 320 000c 8E010000 		.4byte	.LASF31
 321 0010 01       		.byte	0x1
 322 0011 B3000000 		.4byte	.LASF32
 323 0015 7C010000 		.4byte	.LASF33
 324 0019 30000000 		.4byte	.Ldebug_ranges0+0x30
 325 001d 00000000 		.4byte	0
 326 0021 00000000 		.4byte	.Ldebug_line0
 327 0025 02       		.uleb128 0x2
 328 0026 01       		.byte	0x1
 329 0027 06       		.byte	0x6
 330 0028 D2020000 		.4byte	.LASF0
 331 002c 03       		.uleb128 0x3
 332 002d 0B000000 		.4byte	.LASF5
 333 0031 02       		.byte	0x2
 334 0032 1D       		.byte	0x1d
 335 0033 37000000 		.4byte	0x37
 336 0037 02       		.uleb128 0x2
 337 0038 01       		.byte	0x1
 338 0039 08       		.byte	0x8
 339 003a 54000000 		.4byte	.LASF1
 340 003e 02       		.uleb128 0x2
 341 003f 02       		.byte	0x2
 342 0040 05       		.byte	0x5
ARM GAS  C:\Users\ADMINI~1\AppData\Local\Temp\ccf1Su7a.s 			page 7


 343 0041 72010000 		.4byte	.LASF2
 344 0045 02       		.uleb128 0x2
 345 0046 02       		.byte	0x2
 346 0047 07       		.byte	0x7
 347 0048 8D000000 		.4byte	.LASF3
 348 004c 02       		.uleb128 0x2
 349 004d 04       		.byte	0x4
 350 004e 05       		.byte	0x5
 351 004f C3020000 		.4byte	.LASF4
 352 0053 03       		.uleb128 0x3
 353 0054 F6000000 		.4byte	.LASF6
 354 0058 02       		.byte	0x2
 355 0059 41       		.byte	0x41
 356 005a 5E000000 		.4byte	0x5e
 357 005e 02       		.uleb128 0x2
 358 005f 04       		.byte	0x4
 359 0060 07       		.byte	0x7
 360 0061 6E000000 		.4byte	.LASF7
 361 0065 02       		.uleb128 0x2
 362 0066 08       		.byte	0x8
 363 0067 05       		.byte	0x5
 364 0068 49010000 		.4byte	.LASF8
 365 006c 02       		.uleb128 0x2
 366 006d 08       		.byte	0x8
 367 006e 07       		.byte	0x7
 368 006f 13010000 		.4byte	.LASF9
 369 0073 04       		.uleb128 0x4
 370 0074 04       		.byte	0x4
 371 0075 05       		.byte	0x5
 372 0076 696E7400 		.ascii	"int\000"
 373 007a 02       		.uleb128 0x2
 374 007b 04       		.byte	0x4
 375 007c 07       		.byte	0x7
 376 007d 06010000 		.4byte	.LASF10
 377 0081 03       		.uleb128 0x3
 378 0082 2A010000 		.4byte	.LASF11
 379 0086 03       		.byte	0x3
 380 0087 14       		.byte	0x14
 381 0088 2C000000 		.4byte	0x2c
 382 008c 03       		.uleb128 0x3
 383 008d BA020000 		.4byte	.LASF12
 384 0091 03       		.byte	0x3
 385 0092 20       		.byte	0x20
 386 0093 53000000 		.4byte	0x53
 387 0097 03       		.uleb128 0x3
 388 0098 B2020000 		.4byte	.LASF13
 389 009c 01       		.byte	0x1
 390 009d 34       		.byte	0x34
 391 009e A2000000 		.4byte	0xa2
 392 00a2 05       		.uleb128 0x5
 393 00a3 04       		.byte	0x4
 394 00a4 A8000000 		.4byte	0xa8
 395 00a8 06       		.uleb128 0x6
 396 00a9 03       		.uleb128 0x3
 397 00aa 3D000000 		.4byte	.LASF14
 398 00ae 01       		.byte	0x1
 399 00af 35       		.byte	0x35
ARM GAS  C:\Users\ADMINI~1\AppData\Local\Temp\ccf1Su7a.s 			page 8


 400 00b0 B4000000 		.4byte	0xb4
 401 00b4 05       		.uleb128 0x5
 402 00b5 04       		.byte	0x4
 403 00b6 97000000 		.4byte	0x97
 404 00ba 07       		.uleb128 0x7
 405 00bb 3C010000 		.4byte	.LASF15
 406 00bf 01       		.byte	0x1
 407 00c0 EA       		.byte	0xea
 408 00c1 00000000 		.4byte	.LFB0
 409 00c5 02000000 		.4byte	.LFE0-.LFB0
 410 00c9 01       		.uleb128 0x1
 411 00ca 9C       		.byte	0x9c
 412 00cb 07       		.uleb128 0x7
 413 00cc 62000000 		.4byte	.LASF16
 414 00d0 01       		.byte	0x1
 415 00d1 F6       		.byte	0xf6
 416 00d2 00000000 		.4byte	.LFB1
 417 00d6 02000000 		.4byte	.LFE1-.LFB1
 418 00da 01       		.uleb128 0x1
 419 00db 9C       		.byte	0x9c
 420 00dc 08       		.uleb128 0x8
 421 00dd 46000000 		.4byte	.LASF17
 422 00e1 01       		.byte	0x1
 423 00e2 0101     		.2byte	0x101
 424 00e4 00000000 		.4byte	.LFB2
 425 00e8 02000000 		.4byte	.LFE2-.LFB2
 426 00ec 01       		.uleb128 0x1
 427 00ed 9C       		.byte	0x9c
 428 00ee 09       		.uleb128 0x9
 429 00ef 80000000 		.4byte	.LASF34
 430 00f3 01       		.byte	0x1
 431 00f4 0C01     		.2byte	0x10c
 432 00f6 00000000 		.4byte	.LFB3
 433 00fa 20010000 		.4byte	.LFE3-.LFB3
 434 00fe 01       		.uleb128 0x1
 435 00ff 9C       		.byte	0x9c
 436 0100 19020000 		.4byte	0x219
 437 0104 0A       		.uleb128 0xa
 438 0105 70737000 		.ascii	"psp\000"
 439 0109 01       		.byte	0x1
 440 010a 0D01     		.2byte	0x10d
 441 010c 8C000000 		.4byte	0x8c
 442 0110 0B       		.uleb128 0xb
 443 0111 72656700 		.ascii	"reg\000"
 444 0115 01       		.byte	0x1
 445 0116 0D01     		.2byte	0x10d
 446 0118 8C000000 		.4byte	0x8c
 447 011c 00000000 		.4byte	.LLST0
 448 0120 0C       		.uleb128 0xc
 449 0121 2C000000 		.4byte	.LBB2
 450 0125 20000000 		.4byte	.LBE2-.LBB2
 451 0129 48010000 		.4byte	0x148
 452 012d 0B       		.uleb128 0xb
 453 012e 703100   		.ascii	"p1\000"
 454 0131 01       		.byte	0x1
 455 0132 2D01     		.2byte	0x12d
 456 0134 19020000 		.4byte	0x219
ARM GAS  C:\Users\ADMINI~1\AppData\Local\Temp\ccf1Su7a.s 			page 9


 457 0138 20000000 		.4byte	.LLST1
 458 013c 0A       		.uleb128 0xa
 459 013d 703200   		.ascii	"p2\000"
 460 0140 01       		.byte	0x1
 461 0141 2D01     		.2byte	0x12d
 462 0143 19020000 		.4byte	0x219
 463 0147 00       		.byte	0
 464 0148 0C       		.uleb128 0xc
 465 0149 4C000000 		.4byte	.LBB3
 466 014d 20000000 		.4byte	.LBE3-.LBB3
 467 0151 70010000 		.4byte	0x170
 468 0155 0B       		.uleb128 0xb
 469 0156 703100   		.ascii	"p1\000"
 470 0159 01       		.byte	0x1
 471 015a 3001     		.2byte	0x130
 472 015c 19020000 		.4byte	0x219
 473 0160 33000000 		.4byte	.LLST2
 474 0164 0A       		.uleb128 0xa
 475 0165 703200   		.ascii	"p2\000"
 476 0168 01       		.byte	0x1
 477 0169 3001     		.2byte	0x130
 478 016b 19020000 		.4byte	0x219
 479 016f 00       		.byte	0
 480 0170 0C       		.uleb128 0xc
 481 0171 70000000 		.4byte	.LBB4
 482 0175 22000000 		.4byte	.LBE4-.LBB4
 483 0179 98010000 		.4byte	0x198
 484 017d 0B       		.uleb128 0xb
 485 017e 747000   		.ascii	"tp\000"
 486 0181 01       		.byte	0x1
 487 0182 3B01     		.2byte	0x13b
 488 0184 19020000 		.4byte	0x219
 489 0188 46000000 		.4byte	.LLST3
 490 018c 0A       		.uleb128 0xa
 491 018d 647000   		.ascii	"dp\000"
 492 0190 01       		.byte	0x1
 493 0191 3B01     		.2byte	0x13b
 494 0193 19020000 		.4byte	0x219
 495 0197 00       		.byte	0
 496 0198 0C       		.uleb128 0xc
 497 0199 92000000 		.4byte	.LBB5
 498 019d 1E000000 		.4byte	.LBE5-.LBB5
 499 01a1 C0010000 		.4byte	0x1c0
 500 01a5 0B       		.uleb128 0xb
 501 01a6 703100   		.ascii	"p1\000"
 502 01a9 01       		.byte	0x1
 503 01aa 4601     		.2byte	0x146
 504 01ac 19020000 		.4byte	0x219
 505 01b0 71000000 		.4byte	.LLST4
 506 01b4 0A       		.uleb128 0xa
 507 01b5 703200   		.ascii	"p2\000"
 508 01b8 01       		.byte	0x1
 509 01b9 4601     		.2byte	0x146
 510 01bb 19020000 		.4byte	0x219
 511 01bf 00       		.byte	0
 512 01c0 0D       		.uleb128 0xd
 513 01c1 00000000 		.4byte	.Ldebug_ranges0+0
ARM GAS  C:\Users\ADMINI~1\AppData\Local\Temp\ccf1Su7a.s 			page 10


 514 01c5 DA010000 		.4byte	0x1da
 515 01c9 0B       		.uleb128 0xb
 516 01ca 66707000 		.ascii	"fpp\000"
 517 01ce 01       		.byte	0x1
 518 01cf 4F01     		.2byte	0x14f
 519 01d1 A9000000 		.4byte	0xa9
 520 01d5 84000000 		.4byte	.LLST5
 521 01d9 00       		.byte	0
 522 01da 0D       		.uleb128 0xd
 523 01db 18000000 		.4byte	.Ldebug_ranges0+0x18
 524 01df F4010000 		.4byte	0x1f4
 525 01e3 0B       		.uleb128 0xb
 526 01e4 66707000 		.ascii	"fpp\000"
 527 01e8 01       		.byte	0x1
 528 01e9 5D01     		.2byte	0x15d
 529 01eb A9000000 		.4byte	0xa9
 530 01ef AF000000 		.4byte	.LLST6
 531 01f3 00       		.byte	0
 532 01f4 0E       		.uleb128 0xe
 533 01f5 70000000 		.4byte	.LVL10
 534 01f9 BA000000 		.4byte	0xba
 535 01fd 0E       		.uleb128 0xe
 536 01fe B8000000 		.4byte	.LVL18
 537 0202 CB000000 		.4byte	0xcb
 538 0206 0E       		.uleb128 0xe
 539 0207 CE000000 		.4byte	.LVL23
 540 020b AE020000 		.4byte	0x2ae
 541 020f 0E       		.uleb128 0xe
 542 0210 E0000000 		.4byte	.LVL28
 543 0214 DC000000 		.4byte	0xdc
 544 0218 00       		.byte	0
 545 0219 05       		.uleb128 0x5
 546 021a 04       		.byte	0x4
 547 021b 8C000000 		.4byte	0x8c
 548 021f 0F       		.uleb128 0xf
 549 0220 5E010000 		.4byte	.LASF18
 550 0224 01       		.byte	0x1
 551 0225 8B       		.byte	0x8b
 552 0226 8C000000 		.4byte	0x8c
 553 022a 0F       		.uleb128 0xf
 554 022b 07030000 		.4byte	.LASF19
 555 022f 01       		.byte	0x1
 556 0230 93       		.byte	0x93
 557 0231 8C000000 		.4byte	0x8c
 558 0235 0F       		.uleb128 0xf
 559 0236 26000000 		.4byte	.LASF20
 560 023a 01       		.byte	0x1
 561 023b 9A       		.byte	0x9a
 562 023c 8C000000 		.4byte	0x8c
 563 0240 0F       		.uleb128 0xf
 564 0241 DE020000 		.4byte	.LASF21
 565 0245 01       		.byte	0x1
 566 0246 A1       		.byte	0xa1
 567 0247 8C000000 		.4byte	0x8c
 568 024b 0F       		.uleb128 0xf
 569 024c 32010000 		.4byte	.LASF22
 570 0250 01       		.byte	0x1
ARM GAS  C:\Users\ADMINI~1\AppData\Local\Temp\ccf1Su7a.s 			page 11


 571 0251 A7       		.byte	0xa7
 572 0252 8C000000 		.4byte	0x8c
 573 0256 0F       		.uleb128 0xf
 574 0257 CC020000 		.4byte	.LASF23
 575 025b 01       		.byte	0x1
 576 025c AD       		.byte	0xad
 577 025d 8C000000 		.4byte	0x8c
 578 0261 0F       		.uleb128 0xf
 579 0262 57010000 		.4byte	.LASF24
 580 0266 01       		.byte	0x1
 581 0267 B3       		.byte	0xb3
 582 0268 8C000000 		.4byte	0x8c
 583 026c 0F       		.uleb128 0xf
 584 026d 00000000 		.4byte	.LASF25
 585 0271 01       		.byte	0x1
 586 0272 B9       		.byte	0xb9
 587 0273 8C000000 		.4byte	0x8c
 588 0277 0F       		.uleb128 0xf
 589 0278 DC000000 		.4byte	.LASF26
 590 027c 01       		.byte	0x1
 591 027d BF       		.byte	0xbf
 592 027e 8C000000 		.4byte	0x8c
 593 0282 0F       		.uleb128 0xf
 594 0283 F4020000 		.4byte	.LASF27
 595 0287 01       		.byte	0x1
 596 0288 C5       		.byte	0xc5
 597 0289 97000000 		.4byte	0x97
 598 028d 0F       		.uleb128 0xf
 599 028e E5000000 		.4byte	.LASF28
 600 0292 01       		.byte	0x1
 601 0293 CB       		.byte	0xcb
 602 0294 97000000 		.4byte	0x97
 603 0298 0F       		.uleb128 0xf
 604 0299 A0000000 		.4byte	.LASF29
 605 029d 01       		.byte	0x1
 606 029e D1       		.byte	0xd1
 607 029f 97000000 		.4byte	0x97
 608 02a3 0F       		.uleb128 0xf
 609 02a4 15000000 		.4byte	.LASF30
 610 02a8 01       		.byte	0x1
 611 02a9 D7       		.byte	0xd7
 612 02aa 97000000 		.4byte	0x97
 613 02ae 10       		.uleb128 0x10
 614 02af 01010000 		.4byte	.LASF35
 615 02b3 01       		.byte	0x1
 616 02b4 DE       		.byte	0xde
 617 02b5 00       		.byte	0
 618              		.section	.debug_abbrev,"",%progbits
 619              	.Ldebug_abbrev0:
 620 0000 01       		.uleb128 0x1
 621 0001 11       		.uleb128 0x11
 622 0002 01       		.byte	0x1
 623 0003 25       		.uleb128 0x25
 624 0004 0E       		.uleb128 0xe
 625 0005 13       		.uleb128 0x13
 626 0006 0B       		.uleb128 0xb
 627 0007 03       		.uleb128 0x3
ARM GAS  C:\Users\ADMINI~1\AppData\Local\Temp\ccf1Su7a.s 			page 12


 628 0008 0E       		.uleb128 0xe
 629 0009 1B       		.uleb128 0x1b
 630 000a 0E       		.uleb128 0xe
 631 000b 55       		.uleb128 0x55
 632 000c 17       		.uleb128 0x17
 633 000d 11       		.uleb128 0x11
 634 000e 01       		.uleb128 0x1
 635 000f 10       		.uleb128 0x10
 636 0010 17       		.uleb128 0x17
 637 0011 00       		.byte	0
 638 0012 00       		.byte	0
 639 0013 02       		.uleb128 0x2
 640 0014 24       		.uleb128 0x24
 641 0015 00       		.byte	0
 642 0016 0B       		.uleb128 0xb
 643 0017 0B       		.uleb128 0xb
 644 0018 3E       		.uleb128 0x3e
 645 0019 0B       		.uleb128 0xb
 646 001a 03       		.uleb128 0x3
 647 001b 0E       		.uleb128 0xe
 648 001c 00       		.byte	0
 649 001d 00       		.byte	0
 650 001e 03       		.uleb128 0x3
 651 001f 16       		.uleb128 0x16
 652 0020 00       		.byte	0
 653 0021 03       		.uleb128 0x3
 654 0022 0E       		.uleb128 0xe
 655 0023 3A       		.uleb128 0x3a
 656 0024 0B       		.uleb128 0xb
 657 0025 3B       		.uleb128 0x3b
 658 0026 0B       		.uleb128 0xb
 659 0027 49       		.uleb128 0x49
 660 0028 13       		.uleb128 0x13
 661 0029 00       		.byte	0
 662 002a 00       		.byte	0
 663 002b 04       		.uleb128 0x4
 664 002c 24       		.uleb128 0x24
 665 002d 00       		.byte	0
 666 002e 0B       		.uleb128 0xb
 667 002f 0B       		.uleb128 0xb
 668 0030 3E       		.uleb128 0x3e
 669 0031 0B       		.uleb128 0xb
 670 0032 03       		.uleb128 0x3
 671 0033 08       		.uleb128 0x8
 672 0034 00       		.byte	0
 673 0035 00       		.byte	0
 674 0036 05       		.uleb128 0x5
 675 0037 0F       		.uleb128 0xf
 676 0038 00       		.byte	0
 677 0039 0B       		.uleb128 0xb
 678 003a 0B       		.uleb128 0xb
 679 003b 49       		.uleb128 0x49
 680 003c 13       		.uleb128 0x13
 681 003d 00       		.byte	0
 682 003e 00       		.byte	0
 683 003f 06       		.uleb128 0x6
 684 0040 15       		.uleb128 0x15
ARM GAS  C:\Users\ADMINI~1\AppData\Local\Temp\ccf1Su7a.s 			page 13


 685 0041 00       		.byte	0
 686 0042 27       		.uleb128 0x27
 687 0043 19       		.uleb128 0x19
 688 0044 00       		.byte	0
 689 0045 00       		.byte	0
 690 0046 07       		.uleb128 0x7
 691 0047 2E       		.uleb128 0x2e
 692 0048 00       		.byte	0
 693 0049 3F       		.uleb128 0x3f
 694 004a 19       		.uleb128 0x19
 695 004b 03       		.uleb128 0x3
 696 004c 0E       		.uleb128 0xe
 697 004d 3A       		.uleb128 0x3a
 698 004e 0B       		.uleb128 0xb
 699 004f 3B       		.uleb128 0x3b
 700 0050 0B       		.uleb128 0xb
 701 0051 27       		.uleb128 0x27
 702 0052 19       		.uleb128 0x19
 703 0053 11       		.uleb128 0x11
 704 0054 01       		.uleb128 0x1
 705 0055 12       		.uleb128 0x12
 706 0056 06       		.uleb128 0x6
 707 0057 40       		.uleb128 0x40
 708 0058 18       		.uleb128 0x18
 709 0059 9742     		.uleb128 0x2117
 710 005b 19       		.uleb128 0x19
 711 005c 00       		.byte	0
 712 005d 00       		.byte	0
 713 005e 08       		.uleb128 0x8
 714 005f 2E       		.uleb128 0x2e
 715 0060 00       		.byte	0
 716 0061 3F       		.uleb128 0x3f
 717 0062 19       		.uleb128 0x19
 718 0063 03       		.uleb128 0x3
 719 0064 0E       		.uleb128 0xe
 720 0065 3A       		.uleb128 0x3a
 721 0066 0B       		.uleb128 0xb
 722 0067 3B       		.uleb128 0x3b
 723 0068 05       		.uleb128 0x5
 724 0069 27       		.uleb128 0x27
 725 006a 19       		.uleb128 0x19
 726 006b 11       		.uleb128 0x11
 727 006c 01       		.uleb128 0x1
 728 006d 12       		.uleb128 0x12
 729 006e 06       		.uleb128 0x6
 730 006f 40       		.uleb128 0x40
 731 0070 18       		.uleb128 0x18
 732 0071 9742     		.uleb128 0x2117
 733 0073 19       		.uleb128 0x19
 734 0074 00       		.byte	0
 735 0075 00       		.byte	0
 736 0076 09       		.uleb128 0x9
 737 0077 2E       		.uleb128 0x2e
 738 0078 01       		.byte	0x1
 739 0079 3F       		.uleb128 0x3f
 740 007a 19       		.uleb128 0x19
 741 007b 03       		.uleb128 0x3
ARM GAS  C:\Users\ADMINI~1\AppData\Local\Temp\ccf1Su7a.s 			page 14


 742 007c 0E       		.uleb128 0xe
 743 007d 3A       		.uleb128 0x3a
 744 007e 0B       		.uleb128 0xb
 745 007f 3B       		.uleb128 0x3b
 746 0080 05       		.uleb128 0x5
 747 0081 27       		.uleb128 0x27
 748 0082 19       		.uleb128 0x19
 749 0083 11       		.uleb128 0x11
 750 0084 01       		.uleb128 0x1
 751 0085 12       		.uleb128 0x12
 752 0086 06       		.uleb128 0x6
 753 0087 40       		.uleb128 0x40
 754 0088 18       		.uleb128 0x18
 755 0089 9642     		.uleb128 0x2116
 756 008b 19       		.uleb128 0x19
 757 008c 01       		.uleb128 0x1
 758 008d 13       		.uleb128 0x13
 759 008e 00       		.byte	0
 760 008f 00       		.byte	0
 761 0090 0A       		.uleb128 0xa
 762 0091 34       		.uleb128 0x34
 763 0092 00       		.byte	0
 764 0093 03       		.uleb128 0x3
 765 0094 08       		.uleb128 0x8
 766 0095 3A       		.uleb128 0x3a
 767 0096 0B       		.uleb128 0xb
 768 0097 3B       		.uleb128 0x3b
 769 0098 05       		.uleb128 0x5
 770 0099 49       		.uleb128 0x49
 771 009a 13       		.uleb128 0x13
 772 009b 00       		.byte	0
 773 009c 00       		.byte	0
 774 009d 0B       		.uleb128 0xb
 775 009e 34       		.uleb128 0x34
 776 009f 00       		.byte	0
 777 00a0 03       		.uleb128 0x3
 778 00a1 08       		.uleb128 0x8
 779 00a2 3A       		.uleb128 0x3a
 780 00a3 0B       		.uleb128 0xb
 781 00a4 3B       		.uleb128 0x3b
 782 00a5 05       		.uleb128 0x5
 783 00a6 49       		.uleb128 0x49
 784 00a7 13       		.uleb128 0x13
 785 00a8 02       		.uleb128 0x2
 786 00a9 17       		.uleb128 0x17
 787 00aa 00       		.byte	0
 788 00ab 00       		.byte	0
 789 00ac 0C       		.uleb128 0xc
 790 00ad 0B       		.uleb128 0xb
 791 00ae 01       		.byte	0x1
 792 00af 11       		.uleb128 0x11
 793 00b0 01       		.uleb128 0x1
 794 00b1 12       		.uleb128 0x12
 795 00b2 06       		.uleb128 0x6
 796 00b3 01       		.uleb128 0x1
 797 00b4 13       		.uleb128 0x13
 798 00b5 00       		.byte	0
ARM GAS  C:\Users\ADMINI~1\AppData\Local\Temp\ccf1Su7a.s 			page 15


 799 00b6 00       		.byte	0
 800 00b7 0D       		.uleb128 0xd
 801 00b8 0B       		.uleb128 0xb
 802 00b9 01       		.byte	0x1
 803 00ba 55       		.uleb128 0x55
 804 00bb 17       		.uleb128 0x17
 805 00bc 01       		.uleb128 0x1
 806 00bd 13       		.uleb128 0x13
 807 00be 00       		.byte	0
 808 00bf 00       		.byte	0
 809 00c0 0E       		.uleb128 0xe
 810 00c1 898201   		.uleb128 0x4109
 811 00c4 00       		.byte	0
 812 00c5 11       		.uleb128 0x11
 813 00c6 01       		.uleb128 0x1
 814 00c7 31       		.uleb128 0x31
 815 00c8 13       		.uleb128 0x13
 816 00c9 00       		.byte	0
 817 00ca 00       		.byte	0
 818 00cb 0F       		.uleb128 0xf
 819 00cc 34       		.uleb128 0x34
 820 00cd 00       		.byte	0
 821 00ce 03       		.uleb128 0x3
 822 00cf 0E       		.uleb128 0xe
 823 00d0 3A       		.uleb128 0x3a
 824 00d1 0B       		.uleb128 0xb
 825 00d2 3B       		.uleb128 0x3b
 826 00d3 0B       		.uleb128 0xb
 827 00d4 49       		.uleb128 0x49
 828 00d5 13       		.uleb128 0x13
 829 00d6 3F       		.uleb128 0x3f
 830 00d7 19       		.uleb128 0x19
 831 00d8 3C       		.uleb128 0x3c
 832 00d9 19       		.uleb128 0x19
 833 00da 00       		.byte	0
 834 00db 00       		.byte	0
 835 00dc 10       		.uleb128 0x10
 836 00dd 2E       		.uleb128 0x2e
 837 00de 00       		.byte	0
 838 00df 3F       		.uleb128 0x3f
 839 00e0 19       		.uleb128 0x19
 840 00e1 03       		.uleb128 0x3
 841 00e2 0E       		.uleb128 0xe
 842 00e3 3A       		.uleb128 0x3a
 843 00e4 0B       		.uleb128 0xb
 844 00e5 3B       		.uleb128 0x3b
 845 00e6 0B       		.uleb128 0xb
 846 00e7 27       		.uleb128 0x27
 847 00e8 19       		.uleb128 0x19
 848 00e9 3C       		.uleb128 0x3c
 849 00ea 19       		.uleb128 0x19
 850 00eb 00       		.byte	0
 851 00ec 00       		.byte	0
 852 00ed 00       		.byte	0
 853              		.section	.debug_loc,"",%progbits
 854              	.Ldebug_loc0:
 855              	.LLST0:
ARM GAS  C:\Users\ADMINI~1\AppData\Local\Temp\ccf1Su7a.s 			page 16


 856 0000 18000000 		.4byte	.LVL1
 857 0004 24000000 		.4byte	.LVL2
 858 0008 0200     		.2byte	0x2
 859 000a 30       		.byte	0x30
 860 000b 9F       		.byte	0x9f
 861 000c 24000000 		.4byte	.LVL2
 862 0010 20010000 		.4byte	.LFE3
 863 0014 0200     		.2byte	0x2
 864 0016 36       		.byte	0x36
 865 0017 9F       		.byte	0x9f
 866 0018 00000000 		.4byte	0
 867 001c 00000000 		.4byte	0
 868              	.LLST1:
 869 0020 44000000 		.4byte	.LVL4
 870 0024 4C000000 		.4byte	.LVL6
 871 0028 0100     		.2byte	0x1
 872 002a 53       		.byte	0x53
 873 002b 00000000 		.4byte	0
 874 002f 00000000 		.4byte	0
 875              	.LLST2:
 876 0033 64000000 		.4byte	.LVL7
 877 0037 6C000000 		.4byte	.LVL9
 878 003b 0100     		.2byte	0x1
 879 003d 53       		.byte	0x53
 880 003e 00000000 		.4byte	0
 881 0042 00000000 		.4byte	0
 882              	.LLST3:
 883 0046 86000000 		.4byte	.LVL11
 884 004a 8A000000 		.4byte	.LVL12
 885 004e 0100     		.2byte	0x1
 886 0050 53       		.byte	0x53
 887 0051 8A000000 		.4byte	.LVL12
 888 0055 8E000000 		.4byte	.LVL13
 889 0059 0300     		.2byte	0x3
 890 005b 73       		.byte	0x73
 891 005c 7C       		.sleb128 -4
 892 005d 9F       		.byte	0x9f
 893 005e 8E000000 		.4byte	.LVL13
 894 0062 92000000 		.4byte	.LVL14
 895 0066 0100     		.2byte	0x1
 896 0068 53       		.byte	0x53
 897 0069 00000000 		.4byte	0
 898 006d 00000000 		.4byte	0
 899              	.LLST4:
 900 0071 A8000000 		.4byte	.LVL15
 901 0075 B0000000 		.4byte	.LVL17
 902 0079 0100     		.2byte	0x1
 903 007b 53       		.byte	0x53
 904 007c 00000000 		.4byte	0
 905 0080 00000000 		.4byte	0
 906              	.LLST5:
 907 0084 BC000000 		.4byte	.LVL19
 908 0088 C0000000 		.4byte	.LVL20
 909 008c 0100     		.2byte	0x1
 910 008e 54       		.byte	0x54
 911 008f C0000000 		.4byte	.LVL20
 912 0093 C2000000 		.4byte	.LVL21
ARM GAS  C:\Users\ADMINI~1\AppData\Local\Temp\ccf1Su7a.s 			page 17


 913 0097 0300     		.2byte	0x3
 914 0099 74       		.byte	0x74
 915 009a 7C       		.sleb128 -4
 916 009b 9F       		.byte	0x9f
 917 009c C2000000 		.4byte	.LVL21
 918 00a0 C6000000 		.4byte	.LVL22
 919 00a4 0100     		.2byte	0x1
 920 00a6 54       		.byte	0x54
 921 00a7 00000000 		.4byte	0
 922 00ab 00000000 		.4byte	0
 923              	.LLST6:
 924 00af D2000000 		.4byte	.LVL24
 925 00b3 D6000000 		.4byte	.LVL25
 926 00b7 0100     		.2byte	0x1
 927 00b9 54       		.byte	0x54
 928 00ba D6000000 		.4byte	.LVL25
 929 00be D8000000 		.4byte	.LVL26
 930 00c2 0300     		.2byte	0x3
 931 00c4 74       		.byte	0x74
 932 00c5 7C       		.sleb128 -4
 933 00c6 9F       		.byte	0x9f
 934 00c7 D8000000 		.4byte	.LVL26
 935 00cb DC000000 		.4byte	.LVL27
 936 00cf 0100     		.2byte	0x1
 937 00d1 54       		.byte	0x54
 938 00d2 00000000 		.4byte	0
 939 00d6 00000000 		.4byte	0
 940              		.section	.debug_aranges,"",%progbits
 941 0000 34000000 		.4byte	0x34
 942 0004 0200     		.2byte	0x2
 943 0006 00000000 		.4byte	.Ldebug_info0
 944 000a 04       		.byte	0x4
 945 000b 00       		.byte	0
 946 000c 0000     		.2byte	0
 947 000e 0000     		.2byte	0
 948 0010 00000000 		.4byte	.LFB0
 949 0014 02000000 		.4byte	.LFE0-.LFB0
 950 0018 00000000 		.4byte	.LFB1
 951 001c 02000000 		.4byte	.LFE1-.LFB1
 952 0020 00000000 		.4byte	.LFB2
 953 0024 02000000 		.4byte	.LFE2-.LFB2
 954 0028 00000000 		.4byte	.LFB3
 955 002c 20010000 		.4byte	.LFE3-.LFB3
 956 0030 00000000 		.4byte	0
 957 0034 00000000 		.4byte	0
 958              		.section	.debug_ranges,"",%progbits
 959              	.Ldebug_ranges0:
 960 0000 B0000000 		.4byte	.LBB6
 961 0004 B4000000 		.4byte	.LBE6
 962 0008 B8000000 		.4byte	.LBB7
 963 000c C6000000 		.4byte	.LBE7
 964 0010 00000000 		.4byte	0
 965 0014 00000000 		.4byte	0
 966 0018 C6000000 		.4byte	.LBB8
 967 001c CA000000 		.4byte	.LBE8
 968 0020 CE000000 		.4byte	.LBB9
 969 0024 DC000000 		.4byte	.LBE9
ARM GAS  C:\Users\ADMINI~1\AppData\Local\Temp\ccf1Su7a.s 			page 18


 970 0028 00000000 		.4byte	0
 971 002c 00000000 		.4byte	0
 972 0030 00000000 		.4byte	.LFB0
 973 0034 02000000 		.4byte	.LFE0
 974 0038 00000000 		.4byte	.LFB1
 975 003c 02000000 		.4byte	.LFE1
 976 0040 00000000 		.4byte	.LFB2
 977 0044 02000000 		.4byte	.LFE2
 978 0048 00000000 		.4byte	.LFB3
 979 004c 20010000 		.4byte	.LFE3
 980 0050 00000000 		.4byte	0
 981 0054 00000000 		.4byte	0
 982              		.section	.debug_line,"",%progbits
 983              	.Ldebug_line0:
 984 0000 8C010000 		.section	.debug_str,"MS",%progbits,1
 984      0200FE00 
 984      00000201 
 984      FB0E0D00 
 984      01010101 
 985              	.LASF25:
 986 0000 5F627373 		.ascii	"_bss_start\000"
 986      5F737461 
 986      727400
 987              	.LASF5:
 988 000b 5F5F7569 		.ascii	"__uint8_t\000"
 988      6E74385F 
 988      7400
 989              	.LASF30:
 990 0015 5F5F6669 		.ascii	"__fini_array_end\000"
 990      6E695F61 
 990      72726179 
 990      5F656E64 
 990      00
 991              	.LASF20:
 992 0026 5F5F7072 		.ascii	"__process_stack_base__\000"
 992      6F636573 
 992      735F7374 
 992      61636B5F 
 992      62617365 
 993              	.LASF14:
 994 003d 66756E63 		.ascii	"funcpp_t\000"
 994      70705F74 
 994      00
 995              	.LASF17:
 996 0046 5F646566 		.ascii	"_default_exit\000"
 996      61756C74 
 996      5F657869 
 996      7400
 997              	.LASF1:
 998 0054 756E7369 		.ascii	"unsigned char\000"
 998      676E6564 
 998      20636861 
 998      7200
 999              	.LASF16:
 1000 0062 5F5F6C61 		.ascii	"__late_init\000"
 1000      74655F69 
 1000      6E697400 
ARM GAS  C:\Users\ADMINI~1\AppData\Local\Temp\ccf1Su7a.s 			page 19


 1001              	.LASF7:
 1002 006e 6C6F6E67 		.ascii	"long unsigned int\000"
 1002      20756E73 
 1002      69676E65 
 1002      6420696E 
 1002      7400
 1003              	.LASF34:
 1004 0080 52657365 		.ascii	"ResetHandler\000"
 1004      7448616E 
 1004      646C6572 
 1004      00
 1005              	.LASF3:
 1006 008d 73686F72 		.ascii	"short unsigned int\000"
 1006      7420756E 
 1006      7369676E 
 1006      65642069 
 1006      6E7400
 1007              	.LASF29:
 1008 00a0 5F5F6669 		.ascii	"__fini_array_start\000"
 1008      6E695F61 
 1008      72726179 
 1008      5F737461 
 1008      727400
 1009              	.LASF32:
 1010 00b3 43686962 		.ascii	"ChibiOS_2.6.6/os/ports/GCC/ARMCMx/crt0.c\000"
 1010      694F535F 
 1010      322E362E 
 1010      362F6F73 
 1010      2F706F72 
 1011              	.LASF26:
 1012 00dc 5F627373 		.ascii	"_bss_end\000"
 1012      5F656E64 
 1012      00
 1013              	.LASF28:
 1014 00e5 5F5F696E 		.ascii	"__init_array_end\000"
 1014      69745F61 
 1014      72726179 
 1014      5F656E64 
 1014      00
 1015              	.LASF6:
 1016 00f6 5F5F7569 		.ascii	"__uint32_t\000"
 1016      6E743332 
 1016      5F7400
 1017              	.LASF35:
 1018 0101 6D61696E 		.ascii	"main\000"
 1018      00
 1019              	.LASF10:
 1020 0106 756E7369 		.ascii	"unsigned int\000"
 1020      676E6564 
 1020      20696E74 
 1020      00
 1021              	.LASF9:
 1022 0113 6C6F6E67 		.ascii	"long long unsigned int\000"
 1022      206C6F6E 
 1022      6720756E 
 1022      7369676E 
 1022      65642069 
ARM GAS  C:\Users\ADMINI~1\AppData\Local\Temp\ccf1Su7a.s 			page 20


 1023              	.LASF11:
 1024 012a 75696E74 		.ascii	"uint8_t\000"
 1024      385F7400 
 1025              	.LASF22:
 1026 0132 5F746578 		.ascii	"_textdata\000"
 1026      74646174 
 1026      6100
 1027              	.LASF15:
 1028 013c 5F5F6561 		.ascii	"__early_init\000"
 1028      726C795F 
 1028      696E6974 
 1028      00
 1029              	.LASF8:
 1030 0149 6C6F6E67 		.ascii	"long long int\000"
 1030      206C6F6E 
 1030      6720696E 
 1030      7400
 1031              	.LASF24:
 1032 0157 5F656461 		.ascii	"_edata\000"
 1032      746100
 1033              	.LASF18:
 1034 015e 5F5F6D61 		.ascii	"__main_stack_base__\000"
 1034      696E5F73 
 1034      7461636B 
 1034      5F626173 
 1034      655F5F00 
 1035              	.LASF2:
 1036 0172 73686F72 		.ascii	"short int\000"
 1036      7420696E 
 1036      7400
 1037              	.LASF33:
 1038 017c 563A5C6F 		.ascii	"V:\\oroca_bldc_dev\000"
 1038      726F6361 
 1038      5F626C64 
 1038      635F6465 
 1038      7600
 1039              	.LASF31:
 1040 018e 474E5520 		.ascii	"GNU C 4.9.3 20150529 (release) [ARM/embedded-4_9-br"
 1040      4320342E 
 1040      392E3320 
 1040      32303135 
 1040      30353239 
 1041 01c1 616E6368 		.ascii	"anch revision 224288] -mcpu=cortex-m4 -mfloat-abi=h"
 1041      20726576 
 1041      6973696F 
 1041      6E203232 
 1041      34323838 
 1042 01f4 61726420 		.ascii	"ard -mfpu=fpv4-sp-d16 -mno-thumb-interwork -mthumb "
 1042      2D6D6670 
 1042      753D6670 
 1042      76342D73 
 1042      702D6431 
 1043 0227 2D676764 		.ascii	"-ggdb -O2 -std=gnu99 -fomit-frame-pointer -falign-f"
 1043      62202D4F 
 1043      32202D73 
 1043      74643D67 
 1043      6E753939 
ARM GAS  C:\Users\ADMINI~1\AppData\Local\Temp\ccf1Su7a.s 			page 21


 1044 025a 756E6374 		.ascii	"unctions=16 -ffunction-sections -fdata-sections -fn"
 1044      696F6E73 
 1044      3D313620 
 1044      2D666675 
 1044      6E637469 
 1045 028d 6F2D636F 		.ascii	"o-common -fsingle-precision-constant\000"
 1045      6D6D6F6E 
 1045      202D6673 
 1045      696E676C 
 1045      652D7072 
 1046              	.LASF13:
 1047 02b2 66756E63 		.ascii	"funcp_t\000"
 1047      705F7400 
 1048              	.LASF12:
 1049 02ba 75696E74 		.ascii	"uint32_t\000"
 1049      33325F74 
 1049      00
 1050              	.LASF4:
 1051 02c3 6C6F6E67 		.ascii	"long int\000"
 1051      20696E74 
 1051      00
 1052              	.LASF23:
 1053 02cc 5F646174 		.ascii	"_data\000"
 1053      6100
 1054              	.LASF0:
 1055 02d2 7369676E 		.ascii	"signed char\000"
 1055      65642063 
 1055      68617200 
 1056              	.LASF21:
 1057 02de 5F5F7072 		.ascii	"__process_stack_end__\000"
 1057      6F636573 
 1057      735F7374 
 1057      61636B5F 
 1057      656E645F 
 1058              	.LASF27:
 1059 02f4 5F5F696E 		.ascii	"__init_array_start\000"
 1059      69745F61 
 1059      72726179 
 1059      5F737461 
 1059      727400
 1060              	.LASF19:
 1061 0307 5F5F6D61 		.ascii	"__main_stack_end__\000"
 1061      696E5F73 
 1061      7461636B 
 1061      5F656E64 
 1061      5F5F00
 1062              		.ident	"GCC: (GNU Tools for ARM Embedded Processors) 4.9.3 20150529 (release) [ARM/embedded-4_9-br
ARM GAS  C:\Users\ADMINI~1\AppData\Local\Temp\ccf1Su7a.s 			page 22


DEFINED SYMBOLS
                            *ABS*:00000000 crt0.c
C:\Users\ADMINI~1\AppData\Local\Temp\ccf1Su7a.s:21     .text.__early_init:00000000 $t
C:\Users\ADMINI~1\AppData\Local\Temp\ccf1Su7a.s:27     .text.__early_init:00000000 __early_init
C:\Users\ADMINI~1\AppData\Local\Temp\ccf1Su7a.s:40     .text.__late_init:00000000 $t
C:\Users\ADMINI~1\AppData\Local\Temp\ccf1Su7a.s:46     .text.__late_init:00000000 __late_init
C:\Users\ADMINI~1\AppData\Local\Temp\ccf1Su7a.s:58     .text._default_exit:00000000 $t
C:\Users\ADMINI~1\AppData\Local\Temp\ccf1Su7a.s:64     .text._default_exit:00000000 _default_exit
C:\Users\ADMINI~1\AppData\Local\Temp\ccf1Su7a.s:78     .text.ResetHandler:00000000 $t
C:\Users\ADMINI~1\AppData\Local\Temp\ccf1Su7a.s:84     .text.ResetHandler:00000000 ResetHandler
C:\Users\ADMINI~1\AppData\Local\Temp\ccf1Su7a.s:290    .text.ResetHandler:000000e0 $d
                     .debug_frame:00000010 $d

UNDEFINED SYMBOLS
main
__process_stack_end__
__main_stack_base__
__main_stack_end__
__process_stack_base__
_data
_edata
_textdata
_bss_start
_bss_end
__init_array_end
__init_array_start
__fini_array_end
__fini_array_start
