ARM GAS  C:\Users\jsyoon\AppData\Local\Temp\cci74V3f.s 			page 1


   1              		.syntax unified
   2              		.cpu cortex-m4
   3              		.eabi_attribute 27, 3
   4              		.eabi_attribute 28, 1
   5              		.fpu fpv4-sp-d16
   6              		.eabi_attribute 20, 1
   7              		.eabi_attribute 21, 1
   8              		.eabi_attribute 23, 3
   9              		.eabi_attribute 24, 1
  10              		.eabi_attribute 25, 1
  11              		.eabi_attribute 26, 1
  12              		.eabi_attribute 30, 2
  13              		.eabi_attribute 34, 1
  14              		.eabi_attribute 18, 4
  15              		.thumb
  16              		.file	"hal_lld.c"
  17              		.text
  18              	.Ltext0:
  19              		.cfi_sections	.debug_frame
  20              		.section	.text.hal_lld_init,"ax",%progbits
  21              		.align	2
  22              		.p2align 4,,15
  23              		.global	hal_lld_init
  24              		.thumb
  25              		.thumb_func
  26              		.type	hal_lld_init, %function
  27              	hal_lld_init:
  28              	.LFB119:
  29              		.file 1 "ChibiOS_2.6.6/os/hal/platforms/STM32F4xx/hal_lld.c"
  30              		.loc 1 111 0
  31              		.cfi_startproc
  32              		@ args = 0, pretend = 0, frame = 0
  33              		@ frame_needed = 0, uses_anonymous_args = 0
  34              		@ link register save eliminated.
  35              		.loc 1 115 0
  36 0000 214B     		ldr	r3, .L7
  37              		.loc 1 121 0
  38 0002 2249     		ldr	r1, .L7+4
  39              		.loc 1 115 0
  40 0004 1A69     		ldr	r2, [r3, #16]
  41 0006 4FF0FF30 		mov	r0, #-1
  42 000a 0022     		movs	r2, #0
  43              		.loc 1 111 0
  44 000c 2DE9F001 		push	{r4, r5, r6, r7, r8}
  45              		.cfi_def_cfa_offset 20
  46              		.cfi_offset 4, -20
  47              		.cfi_offset 5, -16
  48              		.cfi_offset 6, -12
  49              		.cfi_offset 7, -8
  50              		.cfi_offset 8, -4
  51              		.loc 1 115 0
  52 0010 1861     		str	r0, [r3, #16]
  53 0012 1A61     		str	r2, [r3, #16]
  54              		.loc 1 116 0
  55 0014 5F69     		ldr	r7, [r3, #20]
  56 0016 5861     		str	r0, [r3, #20]
  57 0018 5A61     		str	r2, [r3, #20]
ARM GAS  C:\Users\jsyoon\AppData\Local\Temp\cci74V3f.s 			page 2


  58              		.loc 1 117 0
  59 001a 1F6A     		ldr	r7, [r3, #32]
  60              		.loc 1 128 0
  61 001c 1C4E     		ldr	r6, .L7+8
  62              		.loc 1 129 0
  63 001e 1D4D     		ldr	r5, .L7+12
  64              	.LBB4:
  65              	.LBB5:
  66              		.loc 1 54 0
  67 0020 1D4C     		ldr	r4, .L7+16
  68              	.LBE5:
  69              	.LBE4:
  70              		.loc 1 117 0
  71 0022 67F08057 		orn	r7, r7, #268435456
  72 0026 1F62     		str	r7, [r3, #32]
  73              		.loc 1 121 0
  74 0028 44F29F1C 		movw	ip, #16799
  75              		.loc 1 117 0
  76 002c 1A62     		str	r2, [r3, #32]
  77              		.loc 1 123 0
  78 002e 0727     		movs	r7, #7
  79              		.loc 1 118 0
  80 0030 D3F82480 		ldr	r8, [r3, #36]
  81 0034 5862     		str	r0, [r3, #36]
  82 0036 5A62     		str	r2, [r3, #36]
  83              		.loc 1 121 0
  84 0038 C1F804C0 		str	ip, [r1, #4]
  85              		.loc 1 122 0
  86 003c 8A60     		str	r2, [r1, #8]
  87              		.loc 1 123 0
  88 003e 0F60     		str	r7, [r1]
  89              		.loc 1 128 0
  90 0040 F168     		ldr	r1, [r6, #12]
  91 0042 41F08071 		orr	r1, r1, #16777216
  92 0046 F160     		str	r1, [r6, #12]
  93              		.loc 1 129 0
  94 0048 2968     		ldr	r1, [r5]
  95 004a 41F00101 		orr	r1, r1, #1
  96 004e 2960     		str	r1, [r5]
  97              		.loc 1 132 0
  98 0050 196C     		ldr	r1, [r3, #64]
  99 0052 41F08051 		orr	r1, r1, #268435456
 100 0056 1964     		str	r1, [r3, #64]
 101              	.LBB7:
 102              	.LBB6:
 103              		.loc 1 54 0
 104 0058 2168     		ldr	r1, [r4]
 105 005a 41F48071 		orr	r1, r1, #256
 106 005e 2160     		str	r1, [r4]
 107              		.loc 1 57 0
 108 0060 196F     		ldr	r1, [r3, #112]
 109 0062 01F44071 		and	r1, r1, #768
 110 0066 B1F5007F 		cmp	r1, #512
 111 006a 03D0     		beq	.L2
 112              		.loc 1 59 0
 113 006c 4FF48031 		mov	r1, #65536
 114 0070 1967     		str	r1, [r3, #112]
ARM GAS  C:\Users\jsyoon\AppData\Local\Temp\cci74V3f.s 			page 3


 115              		.loc 1 60 0
 116 0072 1A67     		str	r2, [r3, #112]
 117              	.L2:
 118              		.loc 1 94 0
 119 0074 084B     		ldr	r3, .L7+16
 120 0076 5A68     		ldr	r2, [r3, #4]
 121 0078 22F40072 		bic	r2, r2, #512
 122 007c 5A60     		str	r2, [r3, #4]
 123              	.LBE6:
 124              	.LBE7:
 125              		.loc 1 145 0
 126 007e BDE8F001 		pop	{r4, r5, r6, r7, r8}
 127              		.loc 1 138 0
 128 0082 FFF7FEBF 		b	dmaInit
 129              	.LVL0:
 130              	.L8:
 131 0086 00BF     		.align	2
 132              	.L7:
 133 0088 00380240 		.word	1073887232
 134 008c 10E000E0 		.word	-536813552
 135 0090 F0ED00E0 		.word	-536810000
 136 0094 001000E0 		.word	-536866816
 137 0098 00700040 		.word	1073770496
 138              		.cfi_endproc
 139              	.LFE119:
 140              		.size	hal_lld_init, .-hal_lld_init
 141 009c AFF30080 		.section	.text.stm32_clock_init,"ax",%progbits
 142              		.align	2
 143              		.p2align 4,,15
 144              		.global	stm32_clock_init
 145              		.thumb
 146              		.thumb_func
 147              		.type	stm32_clock_init, %function
 148              	stm32_clock_init:
 149              	.LFB120:
 150              		.loc 1 154 0
 151              		.cfi_startproc
 152              		@ args = 0, pretend = 0, frame = 0
 153              		@ frame_needed = 0, uses_anonymous_args = 0
 154              		@ link register save eliminated.
 155              		.loc 1 158 0
 156 0000 2B49     		ldr	r1, .L24
 157              		.loc 1 162 0
 158 0002 2C4B     		ldr	r3, .L24+4
 159              		.loc 1 158 0
 160 0004 4FF08050 		mov	r0, #268435456
 161              		.loc 1 162 0
 162 0008 4FF44042 		mov	r2, #49152
 163              		.loc 1 158 0
 164 000c 0864     		str	r0, [r1, #64]
 165              		.loc 1 162 0
 166 000e 1A60     		str	r2, [r3]
 167              		.loc 1 169 0
 168 0010 0B68     		ldr	r3, [r1]
 169 0012 43F00103 		orr	r3, r3, #1
 170 0016 0B60     		str	r3, [r1]
 171              	.L11:
ARM GAS  C:\Users\jsyoon\AppData\Local\Temp\cci74V3f.s 			page 4


 172              		.loc 1 170 0 discriminator 1
 173 0018 0B68     		ldr	r3, [r1]
 174 001a 254A     		ldr	r2, .L24
 175 001c 9807     		lsls	r0, r3, #30
 176 001e FBD5     		bpl	.L11
 177              		.loc 1 172 0
 178 0020 1168     		ldr	r1, [r2]
 179              		.loc 1 173 0
 180 0022 0023     		movs	r3, #0
 181              		.loc 1 172 0
 182 0024 01F0F901 		and	r1, r1, #249
 183 0028 1160     		str	r1, [r2]
 184              		.loc 1 174 0
 185 002a 1146     		mov	r1, r2
 186              		.loc 1 173 0
 187 002c 9360     		str	r3, [r2, #8]
 188              	.L13:
 189              		.loc 1 174 0 discriminator 1
 190 002e 8B68     		ldr	r3, [r1, #8]
 191 0030 1F4A     		ldr	r2, .L24
 192 0032 13F00C0F 		tst	r3, #12
 193 0036 FAD1     		bne	.L13
 194              		.loc 1 184 0
 195 0038 1368     		ldr	r3, [r2]
 196 003a 43F48033 		orr	r3, r3, #65536
 197 003e 1360     		str	r3, [r2]
 198              		.loc 1 186 0
 199 0040 1146     		mov	r1, r2
 200              	.L15:
 201              		.loc 1 186 0 is_stmt 0 discriminator 1
 202 0042 0B68     		ldr	r3, [r1]
 203 0044 1A4A     		ldr	r2, .L24
 204 0046 9B03     		lsls	r3, r3, #14
 205 0048 FBD5     		bpl	.L15
 206              		.loc 1 192 0 is_stmt 1
 207 004a 536F     		ldr	r3, [r2, #116]
 208 004c 43F00103 		orr	r3, r3, #1
 209 0050 5367     		str	r3, [r2, #116]
 210              		.loc 1 193 0
 211 0052 1146     		mov	r1, r2
 212              	.L17:
 213              		.loc 1 193 0 is_stmt 0 discriminator 1
 214 0054 4B6F     		ldr	r3, [r1, #116]
 215 0056 164A     		ldr	r2, .L24
 216 0058 9807     		lsls	r0, r3, #30
 217 005a FBD5     		bpl	.L17
 218              		.loc 1 199 0 is_stmt 1
 219 005c 164B     		ldr	r3, .L24+8
 220 005e 5360     		str	r3, [r2, #4]
 221              		.loc 1 201 0
 222 0060 1368     		ldr	r3, [r2]
 223              		.loc 1 205 0
 224 0062 1449     		ldr	r1, .L24+4
 225              		.loc 1 201 0
 226 0064 43F08073 		orr	r3, r3, #16777216
 227 0068 1360     		str	r3, [r2]
 228              	.L19:
ARM GAS  C:\Users\jsyoon\AppData\Local\Temp\cci74V3f.s 			page 5


 229              		.loc 1 205 0 discriminator 1
 230 006a 4B68     		ldr	r3, [r1, #4]
 231 006c 5A04     		lsls	r2, r3, #17
 232 006e FCD5     		bpl	.L19
 233              		.loc 1 221 0
 234 0070 0F49     		ldr	r1, .L24
 235              	.L21:
 236 0072 0B68     		ldr	r3, [r1]
 237 0074 0E4A     		ldr	r2, .L24
 238 0076 9B01     		lsls	r3, r3, #6
 239 0078 FBD5     		bpl	.L21
 240              		.loc 1 249 0
 241 007a 104B     		ldr	r3, .L24+12
 242              		.loc 1 236 0
 243 007c 1049     		ldr	r1, .L24+16
 244 007e 9160     		str	r1, [r2, #8]
 245              		.loc 1 249 0
 246 0080 40F20571 		movw	r1, #1797
 247 0084 1960     		str	r1, [r3]
 248              		.loc 1 255 0
 249 0086 9368     		ldr	r3, [r2, #8]
 250 0088 43F00203 		orr	r3, r3, #2
 251 008c 9360     		str	r3, [r2, #8]
 252              		.loc 1 256 0
 253 008e 1146     		mov	r1, r2
 254              	.L23:
 255              		.loc 1 256 0 is_stmt 0 discriminator 1
 256 0090 8B68     		ldr	r3, [r1, #8]
 257 0092 074A     		ldr	r2, .L24
 258 0094 03F00C03 		and	r3, r3, #12
 259 0098 082B     		cmp	r3, #8
 260 009a F9D1     		bne	.L23
 261              		.loc 1 263 0 is_stmt 1
 262 009c 536C     		ldr	r3, [r2, #68]
 263 009e 43F48043 		orr	r3, r3, #16384
 264 00a2 5364     		str	r3, [r2, #68]
 265 00a4 536E     		ldr	r3, [r2, #100]
 266 00a6 43F48043 		orr	r3, r3, #16384
 267 00aa 5366     		str	r3, [r2, #100]
 268 00ac 7047     		bx	lr
 269              	.L25:
 270 00ae 00BF     		.align	2
 271              	.L24:
 272 00b0 00380240 		.word	1073887232
 273 00b4 00700040 		.word	1073770496
 274 00b8 08544007 		.word	121656328
 275 00bc 003C0240 		.word	1073888256
 276 00c0 00940838 		.word	940086272
 277              		.cfi_endproc
 278              	.LFE120:
 279              		.size	stm32_clock_init, .-stm32_clock_init
 280 00c4 AFF30080 		.text
 280      AFF30080 
 280      AFF30080 
 281              	.Letext0:
 282              		.file 2 "c:\\crosstools\\gcc-arm-embedded\\4.8_2014q2\\arm-none-eabi\\include\\machine\\_default_t
 283              		.file 3 "c:\\crosstools\\gcc-arm-embedded\\4.8_2014q2\\arm-none-eabi\\include\\stdint.h"
ARM GAS  C:\Users\jsyoon\AppData\Local\Temp\cci74V3f.s 			page 6


 284              		.file 4 "ChibiOS_2.6.6/os/ports/common/ARMCMx/nvic.h"
 285              		.file 5 "ChibiOS_2.6.6/os/ports/common/ARMCMx/CMSIS/include/core_cm4.h"
 286              		.file 6 "ChibiOS_2.6.6/os/hal/platforms/STM32F4xx/stm32f4xx.h"
 287              		.file 7 "ChibiOS_2.6.6/os/hal/platforms/STM32F4xx/stm32_dma.h"
 288              		.section	.debug_info,"",%progbits
 289              	.Ldebug_info0:
 290 0000 8D040000 		.4byte	0x48d
 291 0004 0400     		.2byte	0x4
 292 0006 00000000 		.4byte	.Ldebug_abbrev0
 293 000a 04       		.byte	0x4
 294 000b 01       		.uleb128 0x1
 295 000c E7000000 		.4byte	.LASF70
 296 0010 01       		.byte	0x1
 297 0011 33000000 		.4byte	.LASF71
 298 0015 83000000 		.4byte	.LASF72
 299 0019 18000000 		.4byte	.Ldebug_ranges0+0x18
 300 001d 00000000 		.4byte	0
 301 0021 00000000 		.4byte	.Ldebug_line0
 302 0025 02       		.uleb128 0x2
 303 0026 04       		.byte	0x4
 304 0027 05       		.byte	0x5
 305 0028 696E7400 		.ascii	"int\000"
 306 002c 03       		.uleb128 0x3
 307 002d 04       		.byte	0x4
 308 002e 07       		.byte	0x7
 309 002f 1B030000 		.4byte	.LASF0
 310 0033 03       		.uleb128 0x3
 311 0034 01       		.byte	0x1
 312 0035 06       		.byte	0x6
 313 0036 EF020000 		.4byte	.LASF1
 314 003a 03       		.uleb128 0x3
 315 003b 01       		.byte	0x1
 316 003c 08       		.byte	0x8
 317 003d DC020000 		.4byte	.LASF2
 318 0041 03       		.uleb128 0x3
 319 0042 02       		.byte	0x2
 320 0043 05       		.byte	0x5
 321 0044 29000000 		.4byte	.LASF3
 322 0048 03       		.uleb128 0x3
 323 0049 02       		.byte	0x2
 324 004a 07       		.byte	0x7
 325 004b 53030000 		.4byte	.LASF4
 326 004f 04       		.uleb128 0x4
 327 0050 E6030000 		.4byte	.LASF6
 328 0054 02       		.byte	0x2
 329 0055 37       		.byte	0x37
 330 0056 5A000000 		.4byte	0x5a
 331 005a 03       		.uleb128 0x3
 332 005b 04       		.byte	0x4
 333 005c 05       		.byte	0x5
 334 005d 91020000 		.4byte	.LASF5
 335 0061 04       		.uleb128 0x4
 336 0062 BF000000 		.4byte	.LASF7
 337 0066 02       		.byte	0x2
 338 0067 38       		.byte	0x38
 339 0068 6C000000 		.4byte	0x6c
 340 006c 03       		.uleb128 0x3
ARM GAS  C:\Users\jsyoon\AppData\Local\Temp\cci74V3f.s 			page 7


 341 006d 04       		.byte	0x4
 342 006e 07       		.byte	0x7
 343 006f CC030000 		.4byte	.LASF8
 344 0073 03       		.uleb128 0x3
 345 0074 08       		.byte	0x8
 346 0075 05       		.byte	0x5
 347 0076 66020000 		.4byte	.LASF9
 348 007a 03       		.uleb128 0x3
 349 007b 08       		.byte	0x8
 350 007c 07       		.byte	0x7
 351 007d FB020000 		.4byte	.LASF10
 352 0081 04       		.uleb128 0x4
 353 0082 73030000 		.4byte	.LASF11
 354 0086 03       		.byte	0x3
 355 0087 41       		.byte	0x41
 356 0088 4F000000 		.4byte	0x4f
 357 008c 04       		.uleb128 0x4
 358 008d 12030000 		.4byte	.LASF12
 359 0091 03       		.byte	0x3
 360 0092 42       		.byte	0x42
 361 0093 61000000 		.4byte	0x61
 362 0097 03       		.uleb128 0x3
 363 0098 01       		.byte	0x1
 364 0099 02       		.byte	0x2
 365 009a 7B030000 		.4byte	.LASF13
 366 009e 04       		.uleb128 0x4
 367 009f 05040000 		.4byte	.LASF14
 368 00a3 04       		.byte	0x4
 369 00a4 3A       		.byte	0x3a
 370 00a5 A9000000 		.4byte	0xa9
 371 00a9 05       		.uleb128 0x5
 372 00aa 8C000000 		.4byte	0x8c
 373 00ae 03       		.uleb128 0x3
 374 00af 04       		.byte	0x4
 375 00b0 07       		.byte	0x7
 376 00b1 FC030000 		.4byte	.LASF15
 377 00b5 06       		.uleb128 0x6
 378 00b6 10       		.byte	0x10
 379 00b7 04       		.byte	0x4
 380 00b8 F1       		.byte	0xf1
 381 00b9 EE000000 		.4byte	0xee
 382 00bd 07       		.uleb128 0x7
 383 00be 81020000 		.4byte	.LASF16
 384 00c2 04       		.byte	0x4
 385 00c3 F2       		.byte	0xf2
 386 00c4 9E000000 		.4byte	0x9e
 387 00c8 00       		.byte	0
 388 00c9 07       		.uleb128 0x7
 389 00ca 1B020000 		.4byte	.LASF17
 390 00ce 04       		.byte	0x4
 391 00cf F3       		.byte	0xf3
 392 00d0 9E000000 		.4byte	0x9e
 393 00d4 04       		.byte	0x4
 394 00d5 07       		.uleb128 0x7
 395 00d6 15020000 		.4byte	.LASF18
 396 00da 04       		.byte	0x4
 397 00db F4       		.byte	0xf4
ARM GAS  C:\Users\jsyoon\AppData\Local\Temp\cci74V3f.s 			page 8


 398 00dc 9E000000 		.4byte	0x9e
 399 00e0 08       		.byte	0x8
 400 00e1 07       		.uleb128 0x7
 401 00e2 23000000 		.4byte	.LASF19
 402 00e6 04       		.byte	0x4
 403 00e7 F5       		.byte	0xf5
 404 00e8 9E000000 		.4byte	0x9e
 405 00ec 0C       		.byte	0xc
 406 00ed 00       		.byte	0
 407 00ee 04       		.uleb128 0x4
 408 00ef 6B030000 		.4byte	.LASF20
 409 00f3 04       		.byte	0x4
 410 00f4 F6       		.byte	0xf6
 411 00f5 B5000000 		.4byte	0xb5
 412 00f9 08       		.uleb128 0x8
 413 00fa 20       		.byte	0x20
 414 00fb 04       		.byte	0x4
 415 00fc 0601     		.2byte	0x106
 416 00fe 6B010000 		.4byte	0x16b
 417 0102 09       		.uleb128 0x9
 418 0103 EA020000 		.4byte	.LASF21
 419 0107 04       		.byte	0x4
 420 0108 0701     		.2byte	0x107
 421 010a 9E000000 		.4byte	0x9e
 422 010e 00       		.byte	0
 423 010f 09       		.uleb128 0x9
 424 0110 74020000 		.4byte	.LASF22
 425 0114 04       		.byte	0x4
 426 0115 0801     		.2byte	0x108
 427 0117 9E000000 		.4byte	0x9e
 428 011b 04       		.byte	0x4
 429 011c 09       		.uleb128 0x9
 430 011d A7030000 		.4byte	.LASF23
 431 0121 04       		.byte	0x4
 432 0122 0901     		.2byte	0x109
 433 0124 9E000000 		.4byte	0x9e
 434 0128 08       		.byte	0x8
 435 0129 09       		.uleb128 0x9
 436 012a D5020000 		.4byte	.LASF24
 437 012e 04       		.byte	0x4
 438 012f 0A01     		.2byte	0x10a
 439 0131 9E000000 		.4byte	0x9e
 440 0135 0C       		.byte	0xc
 441 0136 09       		.uleb128 0x9
 442 0137 A6020000 		.4byte	.LASF25
 443 013b 04       		.byte	0x4
 444 013c 0B01     		.2byte	0x10b
 445 013e 9E000000 		.4byte	0x9e
 446 0142 10       		.byte	0x10
 447 0143 09       		.uleb128 0x9
 448 0144 F0030000 		.4byte	.LASF26
 449 0148 04       		.byte	0x4
 450 0149 0C01     		.2byte	0x10c
 451 014b 9E000000 		.4byte	0x9e
 452 014f 14       		.byte	0x14
 453 0150 09       		.uleb128 0x9
 454 0151 70000000 		.4byte	.LASF27
ARM GAS  C:\Users\jsyoon\AppData\Local\Temp\cci74V3f.s 			page 9


 455 0155 04       		.byte	0x4
 456 0156 0D01     		.2byte	0x10d
 457 0158 9E000000 		.4byte	0x9e
 458 015c 18       		.byte	0x18
 459 015d 09       		.uleb128 0x9
 460 015e 6B000000 		.4byte	.LASF28
 461 0162 04       		.byte	0x4
 462 0163 0E01     		.2byte	0x10e
 463 0165 9E000000 		.4byte	0x9e
 464 0169 1C       		.byte	0x1c
 465 016a 00       		.byte	0
 466 016b 0A       		.uleb128 0xa
 467 016c CA000000 		.4byte	.LASF29
 468 0170 04       		.byte	0x4
 469 0171 0F01     		.2byte	0x10f
 470 0173 F9000000 		.4byte	0xf9
 471 0177 03       		.uleb128 0x3
 472 0178 01       		.byte	0x1
 473 0179 08       		.byte	0x8
 474 017a 66030000 		.4byte	.LASF30
 475 017e 0B       		.uleb128 0xb
 476 017f A9000000 		.4byte	0xa9
 477 0183 0C       		.uleb128 0xc
 478 0184 8C000000 		.4byte	0x8c
 479 0188 93010000 		.4byte	0x193
 480 018c 0D       		.uleb128 0xd
 481 018d AE000000 		.4byte	0xae
 482 0191 01       		.byte	0x1
 483 0192 00       		.byte	0
 484 0193 08       		.uleb128 0x8
 485 0194 10       		.byte	0x10
 486 0195 05       		.byte	0x5
 487 0196 6002     		.2byte	0x260
 488 0198 D1010000 		.4byte	0x1d1
 489 019c 09       		.uleb128 0x9
 490 019d EA020000 		.4byte	.LASF21
 491 01a1 05       		.byte	0x5
 492 01a2 6202     		.2byte	0x262
 493 01a4 A9000000 		.4byte	0xa9
 494 01a8 00       		.byte	0
 495 01a9 09       		.uleb128 0x9
 496 01aa F7030000 		.4byte	.LASF31
 497 01ae 05       		.byte	0x5
 498 01af 6302     		.2byte	0x263
 499 01b1 A9000000 		.4byte	0xa9
 500 01b5 04       		.byte	0x4
 501 01b6 0E       		.uleb128 0xe
 502 01b7 56414C00 		.ascii	"VAL\000"
 503 01bb 05       		.byte	0x5
 504 01bc 6402     		.2byte	0x264
 505 01be A9000000 		.4byte	0xa9
 506 01c2 08       		.byte	0x8
 507 01c3 09       		.uleb128 0x9
 508 01c4 7B020000 		.4byte	.LASF32
 509 01c8 05       		.byte	0x5
 510 01c9 6502     		.2byte	0x265
 511 01cb 7E010000 		.4byte	0x17e
ARM GAS  C:\Users\jsyoon\AppData\Local\Temp\cci74V3f.s 			page 10


 512 01cf 0C       		.byte	0xc
 513 01d0 00       		.byte	0
 514 01d1 0A       		.uleb128 0xa
 515 01d2 46030000 		.4byte	.LASF33
 516 01d6 05       		.byte	0x5
 517 01d7 6602     		.2byte	0x266
 518 01d9 93010000 		.4byte	0x193
 519 01dd 05       		.uleb128 0x5
 520 01de 81000000 		.4byte	0x81
 521 01e2 08       		.uleb128 0x8
 522 01e3 1C       		.byte	0x1c
 523 01e4 06       		.byte	0x6
 524 01e5 3E03     		.2byte	0x33e
 525 01e7 45020000 		.4byte	0x245
 526 01eb 0E       		.uleb128 0xe
 527 01ec 41435200 		.ascii	"ACR\000"
 528 01f0 06       		.byte	0x6
 529 01f1 4003     		.2byte	0x340
 530 01f3 A9000000 		.4byte	0xa9
 531 01f7 00       		.byte	0
 532 01f8 09       		.uleb128 0x9
 533 01f9 D0020000 		.4byte	.LASF34
 534 01fd 06       		.byte	0x6
 535 01fe 4103     		.2byte	0x341
 536 0200 A9000000 		.4byte	0xa9
 537 0204 04       		.byte	0x4
 538 0205 09       		.uleb128 0x9
 539 0206 5E020000 		.4byte	.LASF35
 540 020a 06       		.byte	0x6
 541 020b 4203     		.2byte	0x342
 542 020d A9000000 		.4byte	0xa9
 543 0211 08       		.byte	0x8
 544 0212 0E       		.uleb128 0xe
 545 0213 535200   		.ascii	"SR\000"
 546 0216 06       		.byte	0x6
 547 0217 4303     		.2byte	0x343
 548 0219 A9000000 		.4byte	0xa9
 549 021d 0C       		.byte	0xc
 550 021e 0E       		.uleb128 0xe
 551 021f 435200   		.ascii	"CR\000"
 552 0222 06       		.byte	0x6
 553 0223 4403     		.2byte	0x344
 554 0225 A9000000 		.4byte	0xa9
 555 0229 10       		.byte	0x10
 556 022a 09       		.uleb128 0x9
 557 022b 4F040000 		.4byte	.LASF36
 558 022f 06       		.byte	0x6
 559 0230 4503     		.2byte	0x345
 560 0232 A9000000 		.4byte	0xa9
 561 0236 14       		.byte	0x14
 562 0237 09       		.uleb128 0x9
 563 0238 C9020000 		.4byte	.LASF37
 564 023c 06       		.byte	0x6
 565 023d 4603     		.2byte	0x346
 566 023f A9000000 		.4byte	0xa9
 567 0243 18       		.byte	0x18
 568 0244 00       		.byte	0
ARM GAS  C:\Users\jsyoon\AppData\Local\Temp\cci74V3f.s 			page 11


 569 0245 0A       		.uleb128 0xa
 570 0246 1F040000 		.4byte	.LASF38
 571 024a 06       		.byte	0x6
 572 024b 4703     		.2byte	0x347
 573 024d E2010000 		.4byte	0x1e2
 574 0251 08       		.uleb128 0x8
 575 0252 08       		.byte	0x8
 576 0253 06       		.byte	0x6
 577 0254 4E04     		.2byte	0x44e
 578 0256 74020000 		.4byte	0x274
 579 025a 0E       		.uleb128 0xe
 580 025b 435200   		.ascii	"CR\000"
 581 025e 06       		.byte	0x6
 582 025f 5004     		.2byte	0x450
 583 0261 A9000000 		.4byte	0xa9
 584 0265 00       		.byte	0
 585 0266 0E       		.uleb128 0xe
 586 0267 43535200 		.ascii	"CSR\000"
 587 026b 06       		.byte	0x6
 588 026c 5104     		.2byte	0x451
 589 026e A9000000 		.4byte	0xa9
 590 0272 04       		.byte	0x4
 591 0273 00       		.byte	0
 592 0274 0A       		.uleb128 0xa
 593 0275 B3000000 		.4byte	.LASF39
 594 0279 06       		.byte	0x6
 595 027a 5204     		.2byte	0x452
 596 027c 51020000 		.4byte	0x251
 597 0280 08       		.uleb128 0x8
 598 0281 90       		.byte	0x90
 599 0282 06       		.byte	0x6
 600 0283 5804     		.2byte	0x458
 601 0285 29040000 		.4byte	0x429
 602 0289 0E       		.uleb128 0xe
 603 028a 435200   		.ascii	"CR\000"
 604 028d 06       		.byte	0x6
 605 028e 5A04     		.2byte	0x45a
 606 0290 A9000000 		.4byte	0xa9
 607 0294 00       		.byte	0
 608 0295 09       		.uleb128 0x9
 609 0296 3E030000 		.4byte	.LASF40
 610 029a 06       		.byte	0x6
 611 029b 5B04     		.2byte	0x45b
 612 029d A9000000 		.4byte	0xa9
 613 02a1 04       		.byte	0x4
 614 02a2 09       		.uleb128 0x9
 615 02a3 E2000000 		.4byte	.LASF41
 616 02a7 06       		.byte	0x6
 617 02a8 5C04     		.2byte	0x45c
 618 02aa A9000000 		.4byte	0xa9
 619 02ae 08       		.byte	0x8
 620 02af 0E       		.uleb128 0xe
 621 02b0 43495200 		.ascii	"CIR\000"
 622 02b4 06       		.byte	0x6
 623 02b5 5D04     		.2byte	0x45d
 624 02b7 A9000000 		.4byte	0xa9
 625 02bb 0C       		.byte	0xc
ARM GAS  C:\Users\jsyoon\AppData\Local\Temp\cci74V3f.s 			page 12


 626 02bc 09       		.uleb128 0x9
 627 02bd 0D040000 		.4byte	.LASF42
 628 02c1 06       		.byte	0x6
 629 02c2 5E04     		.2byte	0x45e
 630 02c4 A9000000 		.4byte	0xa9
 631 02c8 10       		.byte	0x10
 632 02c9 09       		.uleb128 0x9
 633 02ca 28030000 		.4byte	.LASF43
 634 02ce 06       		.byte	0x6
 635 02cf 5F04     		.2byte	0x45f
 636 02d1 A9000000 		.4byte	0xa9
 637 02d5 14       		.byte	0x14
 638 02d6 09       		.uleb128 0x9
 639 02d7 16040000 		.4byte	.LASF44
 640 02db 06       		.byte	0x6
 641 02dc 6004     		.2byte	0x460
 642 02de A9000000 		.4byte	0xa9
 643 02e2 18       		.byte	0x18
 644 02e3 09       		.uleb128 0x9
 645 02e4 93030000 		.4byte	.LASF45
 646 02e8 06       		.byte	0x6
 647 02e9 6104     		.2byte	0x461
 648 02eb 8C000000 		.4byte	0x8c
 649 02ef 1C       		.byte	0x1c
 650 02f0 09       		.uleb128 0x9
 651 02f1 0A000000 		.4byte	.LASF46
 652 02f5 06       		.byte	0x6
 653 02f6 6204     		.2byte	0x462
 654 02f8 A9000000 		.4byte	0xa9
 655 02fc 20       		.byte	0x20
 656 02fd 09       		.uleb128 0x9
 657 02fe AF020000 		.4byte	.LASF47
 658 0302 06       		.byte	0x6
 659 0303 6304     		.2byte	0x463
 660 0305 A9000000 		.4byte	0xa9
 661 0309 24       		.byte	0x24
 662 030a 09       		.uleb128 0x9
 663 030b 9D030000 		.4byte	.LASF48
 664 030f 06       		.byte	0x6
 665 0310 6404     		.2byte	0x464
 666 0312 83010000 		.4byte	0x183
 667 0316 28       		.byte	0x28
 668 0317 09       		.uleb128 0x9
 669 0318 DE030000 		.4byte	.LASF49
 670 031c 06       		.byte	0x6
 671 031d 6504     		.2byte	0x465
 672 031f A9000000 		.4byte	0xa9
 673 0323 30       		.byte	0x30
 674 0324 09       		.uleb128 0x9
 675 0325 13000000 		.4byte	.LASF50
 676 0329 06       		.byte	0x6
 677 032a 6604     		.2byte	0x466
 678 032c A9000000 		.4byte	0xa9
 679 0330 34       		.byte	0x34
 680 0331 09       		.uleb128 0x9
 681 0332 56020000 		.4byte	.LASF51
 682 0336 06       		.byte	0x6
ARM GAS  C:\Users\jsyoon\AppData\Local\Temp\cci74V3f.s 			page 13


 683 0337 6704     		.2byte	0x467
 684 0339 A9000000 		.4byte	0xa9
 685 033d 38       		.byte	0x38
 686 033e 09       		.uleb128 0x9
 687 033f 0B020000 		.4byte	.LASF52
 688 0343 06       		.byte	0x6
 689 0344 6804     		.2byte	0x468
 690 0346 8C000000 		.4byte	0x8c
 691 034a 3C       		.byte	0x3c
 692 034b 09       		.uleb128 0x9
 693 034c 1B000000 		.4byte	.LASF53
 694 0350 06       		.byte	0x6
 695 0351 6904     		.2byte	0x469
 696 0353 A9000000 		.4byte	0xa9
 697 0357 40       		.byte	0x40
 698 0358 09       		.uleb128 0x9
 699 0359 4E020000 		.4byte	.LASF54
 700 035d 06       		.byte	0x6
 701 035e 6A04     		.2byte	0x46a
 702 0360 A9000000 		.4byte	0xa9
 703 0364 44       		.byte	0x44
 704 0365 09       		.uleb128 0x9
 705 0366 AE030000 		.4byte	.LASF55
 706 036a 06       		.byte	0x6
 707 036b 6B04     		.2byte	0x46b
 708 036d 83010000 		.4byte	0x183
 709 0371 48       		.byte	0x48
 710 0372 09       		.uleb128 0x9
 711 0373 00000000 		.4byte	.LASF56
 712 0377 06       		.byte	0x6
 713 0378 6C04     		.2byte	0x46c
 714 037a A9000000 		.4byte	0xa9
 715 037e 50       		.byte	0x50
 716 037f 09       		.uleb128 0x9
 717 0380 81030000 		.4byte	.LASF57
 718 0384 06       		.byte	0x6
 719 0385 6D04     		.2byte	0x46d
 720 0387 A9000000 		.4byte	0xa9
 721 038b 54       		.byte	0x54
 722 038c 09       		.uleb128 0x9
 723 038d D8000000 		.4byte	.LASF58
 724 0391 06       		.byte	0x6
 725 0392 6E04     		.2byte	0x46e
 726 0394 A9000000 		.4byte	0xa9
 727 0398 58       		.byte	0x58
 728 0399 09       		.uleb128 0x9
 729 039a B8030000 		.4byte	.LASF59
 730 039e 06       		.byte	0x6
 731 039f 6F04     		.2byte	0x46f
 732 03a1 8C000000 		.4byte	0x8c
 733 03a5 5C       		.byte	0x5c
 734 03a6 09       		.uleb128 0x9
 735 03a7 45040000 		.4byte	.LASF60
 736 03ab 06       		.byte	0x6
 737 03ac 7004     		.2byte	0x470
 738 03ae A9000000 		.4byte	0xa9
 739 03b2 60       		.byte	0x60
ARM GAS  C:\Users\jsyoon\AppData\Local\Temp\cci74V3f.s 			page 14


 740 03b3 09       		.uleb128 0x9
 741 03b4 87020000 		.4byte	.LASF61
 742 03b8 06       		.byte	0x6
 743 03b9 7104     		.2byte	0x471
 744 03bb A9000000 		.4byte	0xa9
 745 03bf 64       		.byte	0x64
 746 03c0 09       		.uleb128 0x9
 747 03c1 C2030000 		.4byte	.LASF62
 748 03c5 06       		.byte	0x6
 749 03c6 7204     		.2byte	0x472
 750 03c8 83010000 		.4byte	0x183
 751 03cc 68       		.byte	0x68
 752 03cd 09       		.uleb128 0x9
 753 03ce 66000000 		.4byte	.LASF63
 754 03d2 06       		.byte	0x6
 755 03d3 7304     		.2byte	0x473
 756 03d5 A9000000 		.4byte	0xa9
 757 03d9 70       		.byte	0x70
 758 03da 0E       		.uleb128 0xe
 759 03db 43535200 		.ascii	"CSR\000"
 760 03df 06       		.byte	0x6
 761 03e0 7404     		.2byte	0x474
 762 03e2 A9000000 		.4byte	0xa9
 763 03e6 74       		.byte	0x74
 764 03e7 09       		.uleb128 0x9
 765 03e8 21020000 		.4byte	.LASF64
 766 03ec 06       		.byte	0x6
 767 03ed 7504     		.2byte	0x475
 768 03ef 83010000 		.4byte	0x183
 769 03f3 78       		.byte	0x78
 770 03f4 09       		.uleb128 0x9
 771 03f5 D2000000 		.4byte	.LASF65
 772 03f9 06       		.byte	0x6
 773 03fa 7604     		.2byte	0x476
 774 03fc A9000000 		.4byte	0xa9
 775 0400 80       		.byte	0x80
 776 0401 09       		.uleb128 0x9
 777 0402 78000000 		.4byte	.LASF66
 778 0406 06       		.byte	0x6
 779 0407 7704     		.2byte	0x477
 780 0409 A9000000 		.4byte	0xa9
 781 040d 84       		.byte	0x84
 782 040e 09       		.uleb128 0x9
 783 040f 3A040000 		.4byte	.LASF67
 784 0413 06       		.byte	0x6
 785 0414 7804     		.2byte	0x478
 786 0416 A9000000 		.4byte	0xa9
 787 041a 88       		.byte	0x88
 788 041b 09       		.uleb128 0x9
 789 041c 46020000 		.4byte	.LASF68
 790 0420 06       		.byte	0x6
 791 0421 7904     		.2byte	0x479
 792 0423 A9000000 		.4byte	0xa9
 793 0427 8C       		.byte	0x8c
 794 0428 00       		.byte	0
 795 0429 0A       		.uleb128 0xa
 796 042a 9A020000 		.4byte	.LASF69
ARM GAS  C:\Users\jsyoon\AppData\Local\Temp\cci74V3f.s 			page 15


 797 042e 06       		.byte	0x6
 798 042f 7B04     		.2byte	0x47b
 799 0431 80020000 		.4byte	0x280
 800 0435 0F       		.uleb128 0xf
 801 0436 2B020000 		.4byte	.LASF73
 802 043a 01       		.byte	0x1
 803 043b 33       		.byte	0x33
 804 043c 01       		.byte	0x1
 805 043d 10       		.uleb128 0x10
 806 043e 31030000 		.4byte	.LASF74
 807 0442 01       		.byte	0x1
 808 0443 6F       		.byte	0x6f
 809 0444 00000000 		.4byte	.LFB119
 810 0448 9C000000 		.4byte	.LFE119-.LFB119
 811 044c 01       		.uleb128 0x1
 812 044d 9C       		.byte	0x9c
 813 044e 6B040000 		.4byte	0x46b
 814 0452 11       		.uleb128 0x11
 815 0453 35040000 		.4byte	0x435
 816 0457 20000000 		.4byte	.LBB4
 817 045b 00000000 		.4byte	.Ldebug_ranges0+0
 818 045f 01       		.byte	0x1
 819 0460 87       		.byte	0x87
 820 0461 12       		.uleb128 0x12
 821 0462 86000000 		.4byte	.LVL0
 822 0466 88040000 		.4byte	0x488
 823 046a 00       		.byte	0
 824 046b 13       		.uleb128 0x13
 825 046c B8020000 		.4byte	.LASF75
 826 0470 01       		.byte	0x1
 827 0471 9A       		.byte	0x9a
 828 0472 00000000 		.4byte	.LFB120
 829 0476 C4000000 		.4byte	.LFE120-.LFB120
 830 047a 01       		.uleb128 0x1
 831 047b 9C       		.byte	0x9c
 832 047c 14       		.uleb128 0x14
 833 047d 2D040000 		.4byte	.LASF76
 834 0481 05       		.byte	0x5
 835 0482 9806     		.2byte	0x698
 836 0484 DD010000 		.4byte	0x1dd
 837 0488 15       		.uleb128 0x15
 838 0489 8B030000 		.4byte	.LASF77
 839 048d 07       		.byte	0x7
 840 048e C101     		.2byte	0x1c1
 841 0490 00       		.byte	0
 842              		.section	.debug_abbrev,"",%progbits
 843              	.Ldebug_abbrev0:
 844 0000 01       		.uleb128 0x1
 845 0001 11       		.uleb128 0x11
 846 0002 01       		.byte	0x1
 847 0003 25       		.uleb128 0x25
 848 0004 0E       		.uleb128 0xe
 849 0005 13       		.uleb128 0x13
 850 0006 0B       		.uleb128 0xb
 851 0007 03       		.uleb128 0x3
 852 0008 0E       		.uleb128 0xe
 853 0009 1B       		.uleb128 0x1b
ARM GAS  C:\Users\jsyoon\AppData\Local\Temp\cci74V3f.s 			page 16


 854 000a 0E       		.uleb128 0xe
 855 000b 55       		.uleb128 0x55
 856 000c 17       		.uleb128 0x17
 857 000d 11       		.uleb128 0x11
 858 000e 01       		.uleb128 0x1
 859 000f 10       		.uleb128 0x10
 860 0010 17       		.uleb128 0x17
 861 0011 00       		.byte	0
 862 0012 00       		.byte	0
 863 0013 02       		.uleb128 0x2
 864 0014 24       		.uleb128 0x24
 865 0015 00       		.byte	0
 866 0016 0B       		.uleb128 0xb
 867 0017 0B       		.uleb128 0xb
 868 0018 3E       		.uleb128 0x3e
 869 0019 0B       		.uleb128 0xb
 870 001a 03       		.uleb128 0x3
 871 001b 08       		.uleb128 0x8
 872 001c 00       		.byte	0
 873 001d 00       		.byte	0
 874 001e 03       		.uleb128 0x3
 875 001f 24       		.uleb128 0x24
 876 0020 00       		.byte	0
 877 0021 0B       		.uleb128 0xb
 878 0022 0B       		.uleb128 0xb
 879 0023 3E       		.uleb128 0x3e
 880 0024 0B       		.uleb128 0xb
 881 0025 03       		.uleb128 0x3
 882 0026 0E       		.uleb128 0xe
 883 0027 00       		.byte	0
 884 0028 00       		.byte	0
 885 0029 04       		.uleb128 0x4
 886 002a 16       		.uleb128 0x16
 887 002b 00       		.byte	0
 888 002c 03       		.uleb128 0x3
 889 002d 0E       		.uleb128 0xe
 890 002e 3A       		.uleb128 0x3a
 891 002f 0B       		.uleb128 0xb
 892 0030 3B       		.uleb128 0x3b
 893 0031 0B       		.uleb128 0xb
 894 0032 49       		.uleb128 0x49
 895 0033 13       		.uleb128 0x13
 896 0034 00       		.byte	0
 897 0035 00       		.byte	0
 898 0036 05       		.uleb128 0x5
 899 0037 35       		.uleb128 0x35
 900 0038 00       		.byte	0
 901 0039 49       		.uleb128 0x49
 902 003a 13       		.uleb128 0x13
 903 003b 00       		.byte	0
 904 003c 00       		.byte	0
 905 003d 06       		.uleb128 0x6
 906 003e 13       		.uleb128 0x13
 907 003f 01       		.byte	0x1
 908 0040 0B       		.uleb128 0xb
 909 0041 0B       		.uleb128 0xb
 910 0042 3A       		.uleb128 0x3a
ARM GAS  C:\Users\jsyoon\AppData\Local\Temp\cci74V3f.s 			page 17


 911 0043 0B       		.uleb128 0xb
 912 0044 3B       		.uleb128 0x3b
 913 0045 0B       		.uleb128 0xb
 914 0046 01       		.uleb128 0x1
 915 0047 13       		.uleb128 0x13
 916 0048 00       		.byte	0
 917 0049 00       		.byte	0
 918 004a 07       		.uleb128 0x7
 919 004b 0D       		.uleb128 0xd
 920 004c 00       		.byte	0
 921 004d 03       		.uleb128 0x3
 922 004e 0E       		.uleb128 0xe
 923 004f 3A       		.uleb128 0x3a
 924 0050 0B       		.uleb128 0xb
 925 0051 3B       		.uleb128 0x3b
 926 0052 0B       		.uleb128 0xb
 927 0053 49       		.uleb128 0x49
 928 0054 13       		.uleb128 0x13
 929 0055 38       		.uleb128 0x38
 930 0056 0B       		.uleb128 0xb
 931 0057 00       		.byte	0
 932 0058 00       		.byte	0
 933 0059 08       		.uleb128 0x8
 934 005a 13       		.uleb128 0x13
 935 005b 01       		.byte	0x1
 936 005c 0B       		.uleb128 0xb
 937 005d 0B       		.uleb128 0xb
 938 005e 3A       		.uleb128 0x3a
 939 005f 0B       		.uleb128 0xb
 940 0060 3B       		.uleb128 0x3b
 941 0061 05       		.uleb128 0x5
 942 0062 01       		.uleb128 0x1
 943 0063 13       		.uleb128 0x13
 944 0064 00       		.byte	0
 945 0065 00       		.byte	0
 946 0066 09       		.uleb128 0x9
 947 0067 0D       		.uleb128 0xd
 948 0068 00       		.byte	0
 949 0069 03       		.uleb128 0x3
 950 006a 0E       		.uleb128 0xe
 951 006b 3A       		.uleb128 0x3a
 952 006c 0B       		.uleb128 0xb
 953 006d 3B       		.uleb128 0x3b
 954 006e 05       		.uleb128 0x5
 955 006f 49       		.uleb128 0x49
 956 0070 13       		.uleb128 0x13
 957 0071 38       		.uleb128 0x38
 958 0072 0B       		.uleb128 0xb
 959 0073 00       		.byte	0
 960 0074 00       		.byte	0
 961 0075 0A       		.uleb128 0xa
 962 0076 16       		.uleb128 0x16
 963 0077 00       		.byte	0
 964 0078 03       		.uleb128 0x3
 965 0079 0E       		.uleb128 0xe
 966 007a 3A       		.uleb128 0x3a
 967 007b 0B       		.uleb128 0xb
ARM GAS  C:\Users\jsyoon\AppData\Local\Temp\cci74V3f.s 			page 18


 968 007c 3B       		.uleb128 0x3b
 969 007d 05       		.uleb128 0x5
 970 007e 49       		.uleb128 0x49
 971 007f 13       		.uleb128 0x13
 972 0080 00       		.byte	0
 973 0081 00       		.byte	0
 974 0082 0B       		.uleb128 0xb
 975 0083 26       		.uleb128 0x26
 976 0084 00       		.byte	0
 977 0085 49       		.uleb128 0x49
 978 0086 13       		.uleb128 0x13
 979 0087 00       		.byte	0
 980 0088 00       		.byte	0
 981 0089 0C       		.uleb128 0xc
 982 008a 01       		.uleb128 0x1
 983 008b 01       		.byte	0x1
 984 008c 49       		.uleb128 0x49
 985 008d 13       		.uleb128 0x13
 986 008e 01       		.uleb128 0x1
 987 008f 13       		.uleb128 0x13
 988 0090 00       		.byte	0
 989 0091 00       		.byte	0
 990 0092 0D       		.uleb128 0xd
 991 0093 21       		.uleb128 0x21
 992 0094 00       		.byte	0
 993 0095 49       		.uleb128 0x49
 994 0096 13       		.uleb128 0x13
 995 0097 2F       		.uleb128 0x2f
 996 0098 0B       		.uleb128 0xb
 997 0099 00       		.byte	0
 998 009a 00       		.byte	0
 999 009b 0E       		.uleb128 0xe
 1000 009c 0D       		.uleb128 0xd
 1001 009d 00       		.byte	0
 1002 009e 03       		.uleb128 0x3
 1003 009f 08       		.uleb128 0x8
 1004 00a0 3A       		.uleb128 0x3a
 1005 00a1 0B       		.uleb128 0xb
 1006 00a2 3B       		.uleb128 0x3b
 1007 00a3 05       		.uleb128 0x5
 1008 00a4 49       		.uleb128 0x49
 1009 00a5 13       		.uleb128 0x13
 1010 00a6 38       		.uleb128 0x38
 1011 00a7 0B       		.uleb128 0xb
 1012 00a8 00       		.byte	0
 1013 00a9 00       		.byte	0
 1014 00aa 0F       		.uleb128 0xf
 1015 00ab 2E       		.uleb128 0x2e
 1016 00ac 00       		.byte	0
 1017 00ad 03       		.uleb128 0x3
 1018 00ae 0E       		.uleb128 0xe
 1019 00af 3A       		.uleb128 0x3a
 1020 00b0 0B       		.uleb128 0xb
 1021 00b1 3B       		.uleb128 0x3b
 1022 00b2 0B       		.uleb128 0xb
 1023 00b3 27       		.uleb128 0x27
 1024 00b4 19       		.uleb128 0x19
ARM GAS  C:\Users\jsyoon\AppData\Local\Temp\cci74V3f.s 			page 19


 1025 00b5 20       		.uleb128 0x20
 1026 00b6 0B       		.uleb128 0xb
 1027 00b7 00       		.byte	0
 1028 00b8 00       		.byte	0
 1029 00b9 10       		.uleb128 0x10
 1030 00ba 2E       		.uleb128 0x2e
 1031 00bb 01       		.byte	0x1
 1032 00bc 3F       		.uleb128 0x3f
 1033 00bd 19       		.uleb128 0x19
 1034 00be 03       		.uleb128 0x3
 1035 00bf 0E       		.uleb128 0xe
 1036 00c0 3A       		.uleb128 0x3a
 1037 00c1 0B       		.uleb128 0xb
 1038 00c2 3B       		.uleb128 0x3b
 1039 00c3 0B       		.uleb128 0xb
 1040 00c4 27       		.uleb128 0x27
 1041 00c5 19       		.uleb128 0x19
 1042 00c6 11       		.uleb128 0x11
 1043 00c7 01       		.uleb128 0x1
 1044 00c8 12       		.uleb128 0x12
 1045 00c9 06       		.uleb128 0x6
 1046 00ca 40       		.uleb128 0x40
 1047 00cb 18       		.uleb128 0x18
 1048 00cc 9742     		.uleb128 0x2117
 1049 00ce 19       		.uleb128 0x19
 1050 00cf 01       		.uleb128 0x1
 1051 00d0 13       		.uleb128 0x13
 1052 00d1 00       		.byte	0
 1053 00d2 00       		.byte	0
 1054 00d3 11       		.uleb128 0x11
 1055 00d4 1D       		.uleb128 0x1d
 1056 00d5 00       		.byte	0
 1057 00d6 31       		.uleb128 0x31
 1058 00d7 13       		.uleb128 0x13
 1059 00d8 52       		.uleb128 0x52
 1060 00d9 01       		.uleb128 0x1
 1061 00da 55       		.uleb128 0x55
 1062 00db 17       		.uleb128 0x17
 1063 00dc 58       		.uleb128 0x58
 1064 00dd 0B       		.uleb128 0xb
 1065 00de 59       		.uleb128 0x59
 1066 00df 0B       		.uleb128 0xb
 1067 00e0 00       		.byte	0
 1068 00e1 00       		.byte	0
 1069 00e2 12       		.uleb128 0x12
 1070 00e3 898201   		.uleb128 0x4109
 1071 00e6 00       		.byte	0
 1072 00e7 11       		.uleb128 0x11
 1073 00e8 01       		.uleb128 0x1
 1074 00e9 9542     		.uleb128 0x2115
 1075 00eb 19       		.uleb128 0x19
 1076 00ec 31       		.uleb128 0x31
 1077 00ed 13       		.uleb128 0x13
 1078 00ee 00       		.byte	0
 1079 00ef 00       		.byte	0
 1080 00f0 13       		.uleb128 0x13
 1081 00f1 2E       		.uleb128 0x2e
ARM GAS  C:\Users\jsyoon\AppData\Local\Temp\cci74V3f.s 			page 20


 1082 00f2 00       		.byte	0
 1083 00f3 3F       		.uleb128 0x3f
 1084 00f4 19       		.uleb128 0x19
 1085 00f5 03       		.uleb128 0x3
 1086 00f6 0E       		.uleb128 0xe
 1087 00f7 3A       		.uleb128 0x3a
 1088 00f8 0B       		.uleb128 0xb
 1089 00f9 3B       		.uleb128 0x3b
 1090 00fa 0B       		.uleb128 0xb
 1091 00fb 27       		.uleb128 0x27
 1092 00fc 19       		.uleb128 0x19
 1093 00fd 11       		.uleb128 0x11
 1094 00fe 01       		.uleb128 0x1
 1095 00ff 12       		.uleb128 0x12
 1096 0100 06       		.uleb128 0x6
 1097 0101 40       		.uleb128 0x40
 1098 0102 18       		.uleb128 0x18
 1099 0103 9742     		.uleb128 0x2117
 1100 0105 19       		.uleb128 0x19
 1101 0106 00       		.byte	0
 1102 0107 00       		.byte	0
 1103 0108 14       		.uleb128 0x14
 1104 0109 34       		.uleb128 0x34
 1105 010a 00       		.byte	0
 1106 010b 03       		.uleb128 0x3
 1107 010c 0E       		.uleb128 0xe
 1108 010d 3A       		.uleb128 0x3a
 1109 010e 0B       		.uleb128 0xb
 1110 010f 3B       		.uleb128 0x3b
 1111 0110 05       		.uleb128 0x5
 1112 0111 49       		.uleb128 0x49
 1113 0112 13       		.uleb128 0x13
 1114 0113 3F       		.uleb128 0x3f
 1115 0114 19       		.uleb128 0x19
 1116 0115 3C       		.uleb128 0x3c
 1117 0116 19       		.uleb128 0x19
 1118 0117 00       		.byte	0
 1119 0118 00       		.byte	0
 1120 0119 15       		.uleb128 0x15
 1121 011a 2E       		.uleb128 0x2e
 1122 011b 00       		.byte	0
 1123 011c 3F       		.uleb128 0x3f
 1124 011d 19       		.uleb128 0x19
 1125 011e 03       		.uleb128 0x3
 1126 011f 0E       		.uleb128 0xe
 1127 0120 3A       		.uleb128 0x3a
 1128 0121 0B       		.uleb128 0xb
 1129 0122 3B       		.uleb128 0x3b
 1130 0123 05       		.uleb128 0x5
 1131 0124 27       		.uleb128 0x27
 1132 0125 19       		.uleb128 0x19
 1133 0126 3C       		.uleb128 0x3c
 1134 0127 19       		.uleb128 0x19
 1135 0128 00       		.byte	0
 1136 0129 00       		.byte	0
 1137 012a 00       		.byte	0
 1138              		.section	.debug_aranges,"",%progbits
ARM GAS  C:\Users\jsyoon\AppData\Local\Temp\cci74V3f.s 			page 21


 1139 0000 24000000 		.4byte	0x24
 1140 0004 0200     		.2byte	0x2
 1141 0006 00000000 		.4byte	.Ldebug_info0
 1142 000a 04       		.byte	0x4
 1143 000b 00       		.byte	0
 1144 000c 0000     		.2byte	0
 1145 000e 0000     		.2byte	0
 1146 0010 00000000 		.4byte	.LFB119
 1147 0014 9C000000 		.4byte	.LFE119-.LFB119
 1148 0018 00000000 		.4byte	.LFB120
 1149 001c C4000000 		.4byte	.LFE120-.LFB120
 1150 0020 00000000 		.4byte	0
 1151 0024 00000000 		.4byte	0
 1152              		.section	.debug_ranges,"",%progbits
 1153              	.Ldebug_ranges0:
 1154 0000 20000000 		.4byte	.LBB4
 1155 0004 22000000 		.4byte	.LBE4
 1156 0008 58000000 		.4byte	.LBB7
 1157 000c 7E000000 		.4byte	.LBE7
 1158 0010 00000000 		.4byte	0
 1159 0014 00000000 		.4byte	0
 1160 0018 00000000 		.4byte	.LFB119
 1161 001c 9C000000 		.4byte	.LFE119
 1162 0020 00000000 		.4byte	.LFB120
 1163 0024 C4000000 		.4byte	.LFE120
 1164 0028 00000000 		.4byte	0
 1165 002c 00000000 		.4byte	0
 1166              		.section	.debug_line,"",%progbits
 1167              	.Ldebug_line0:
 1168 0000 1C020000 		.section	.debug_str,"MS",%progbits,1
 1168      02007F01 
 1168      00000201 
 1168      FB0E0D00 
 1168      01010101 
 1169              	.LASF56:
 1170 0000 41484231 		.ascii	"AHB1LPENR\000"
 1170      4C50454E 
 1170      5200
 1171              	.LASF46:
 1172 000a 41504231 		.ascii	"APB1RSTR\000"
 1172      52535452 
 1172      00
 1173              	.LASF50:
 1174 0013 41484232 		.ascii	"AHB2ENR\000"
 1174      454E5200 
 1175              	.LASF53:
 1176 001b 41504231 		.ascii	"APB1ENR\000"
 1176      454E5200 
 1177              	.LASF19:
 1178 0023 44454D43 		.ascii	"DEMCR\000"
 1178      5200
 1179              	.LASF3:
 1180 0029 73686F72 		.ascii	"short int\000"
 1180      7420696E 
 1180      7400
 1181              	.LASF71:
 1182 0033 43686962 		.ascii	"ChibiOS_2.6.6/os/hal/platforms/STM32F4xx/hal_lld.c\000"
ARM GAS  C:\Users\jsyoon\AppData\Local\Temp\cci74V3f.s 			page 22


 1182      694F535F 
 1182      322E362E 
 1182      362F6F73 
 1182      2F68616C 
 1183              	.LASF63:
 1184 0066 42444352 		.ascii	"BDCR\000"
 1184      00
 1185              	.LASF28:
 1186 006b 50435352 		.ascii	"PCSR\000"
 1186      00
 1187              	.LASF27:
 1188 0070 464F4C44 		.ascii	"FOLDCNT\000"
 1188      434E5400 
 1189              	.LASF66:
 1190 0078 504C4C49 		.ascii	"PLLI2SCFGR\000"
 1190      32534346 
 1190      475200
 1191              	.LASF72:
 1192 0083 453A5C4D 		.ascii	"E:\\Maker\\BLDC\\test_eval\\try2\\OROCA-BLDC_R15080"
 1192      616B6572 
 1192      5C424C44 
 1192      435C7465 
 1192      73745F65 
 1193 00b1 3700     		.ascii	"7\000"
 1194              	.LASF39:
 1195 00b3 5057525F 		.ascii	"PWR_TypeDef\000"
 1195      54797065 
 1195      44656600 
 1196              	.LASF7:
 1197 00bf 5F5F7569 		.ascii	"__uint32_t\000"
 1197      6E743332 
 1197      5F7400
 1198              	.LASF29:
 1199 00ca 434D785F 		.ascii	"CMx_DWT\000"
 1199      44575400 
 1200              	.LASF65:
 1201 00d2 53534347 		.ascii	"SSCGR\000"
 1201      5200
 1202              	.LASF58:
 1203 00d8 41484233 		.ascii	"AHB3LPENR\000"
 1203      4C50454E 
 1203      5200
 1204              	.LASF41:
 1205 00e2 43464752 		.ascii	"CFGR\000"
 1205      00
 1206              	.LASF70:
 1207 00e7 474E5520 		.ascii	"GNU C 4.8.4 20140526 (release) [ARM/embedded-4_8-br"
 1207      4320342E 
 1207      382E3420 
 1207      32303134 
 1207      30353236 
 1208 011a 616E6368 		.ascii	"anch revision 211358] -mcpu=cortex-m4 -mfloat-abi=h"
 1208      20726576 
 1208      6973696F 
 1208      6E203231 
 1208      31333538 
 1209 014d 61726420 		.ascii	"ard -mfpu=fpv4-sp-d16 -mno-thumb-interwork -mthumb "
ARM GAS  C:\Users\jsyoon\AppData\Local\Temp\cci74V3f.s 			page 23


 1209      2D6D6670 
 1209      753D6670 
 1209      76342D73 
 1209      702D6431 
 1210 0180 2D676764 		.ascii	"-ggdb -O2 -std=gnu99 -fomit-frame-pointer -falign-f"
 1210      62202D4F 
 1210      32202D73 
 1210      74643D67 
 1210      6E753939 
 1211 01b3 756E6374 		.ascii	"unctions=16 -ffunction-sections -fdata-sections -fn"
 1211      696F6E73 
 1211      3D313620 
 1211      2D666675 
 1211      6E637469 
 1212 01e6 6F2D636F 		.ascii	"o-common -fsingle-precision-constant\000"
 1212      6D6D6F6E 
 1212      202D6673 
 1212      696E676C 
 1212      652D7072 
 1213              	.LASF52:
 1214 020b 52455345 		.ascii	"RESERVED2\000"
 1214      52564544 
 1214      3200
 1215              	.LASF18:
 1216 0215 44435244 		.ascii	"DCRDR\000"
 1216      5200
 1217              	.LASF17:
 1218 021b 44435253 		.ascii	"DCRSR\000"
 1218      5200
 1219              	.LASF64:
 1220 0221 52455345 		.ascii	"RESERVED6\000"
 1220      52564544 
 1220      3600
 1221              	.LASF73:
 1222 022b 68616C5F 		.ascii	"hal_lld_backup_domain_init\000"
 1222      6C6C645F 
 1222      6261636B 
 1222      75705F64 
 1222      6F6D6169 
 1223              	.LASF68:
 1224 0246 44434B43 		.ascii	"DCKCFGR\000"
 1224      46475200 
 1225              	.LASF54:
 1226 024e 41504232 		.ascii	"APB2ENR\000"
 1226      454E5200 
 1227              	.LASF51:
 1228 0256 41484233 		.ascii	"AHB3ENR\000"
 1228      454E5200 
 1229              	.LASF35:
 1230 025e 4F50544B 		.ascii	"OPTKEYR\000"
 1230      45595200 
 1231              	.LASF9:
 1232 0266 6C6F6E67 		.ascii	"long long int\000"
 1232      206C6F6E 
 1232      6720696E 
 1232      7400
 1233              	.LASF22:
ARM GAS  C:\Users\jsyoon\AppData\Local\Temp\cci74V3f.s 			page 24


 1234 0274 43594343 		.ascii	"CYCCNT\000"
 1234      4E5400
 1235              	.LASF32:
 1236 027b 43414C49 		.ascii	"CALIB\000"
 1236      4200
 1237              	.LASF16:
 1238 0281 44484353 		.ascii	"DHCSR\000"
 1238      5200
 1239              	.LASF61:
 1240 0287 41504232 		.ascii	"APB2LPENR\000"
 1240      4C50454E 
 1240      5200
 1241              	.LASF5:
 1242 0291 6C6F6E67 		.ascii	"long int\000"
 1242      20696E74 
 1242      00
 1243              	.LASF69:
 1244 029a 5243435F 		.ascii	"RCC_TypeDef\000"
 1244      54797065 
 1244      44656600 
 1245              	.LASF25:
 1246 02a6 534C4545 		.ascii	"SLEEPCNT\000"
 1246      50434E54 
 1246      00
 1247              	.LASF47:
 1248 02af 41504232 		.ascii	"APB2RSTR\000"
 1248      52535452 
 1248      00
 1249              	.LASF75:
 1250 02b8 73746D33 		.ascii	"stm32_clock_init\000"
 1250      325F636C 
 1250      6F636B5F 
 1250      696E6974 
 1250      00
 1251              	.LASF37:
 1252 02c9 4F505443 		.ascii	"OPTCR1\000"
 1252      523100
 1253              	.LASF34:
 1254 02d0 4B455952 		.ascii	"KEYR\000"
 1254      00
 1255              	.LASF24:
 1256 02d5 45584343 		.ascii	"EXCCNT\000"
 1256      4E5400
 1257              	.LASF2:
 1258 02dc 756E7369 		.ascii	"unsigned char\000"
 1258      676E6564 
 1258      20636861 
 1258      7200
 1259              	.LASF21:
 1260 02ea 4354524C 		.ascii	"CTRL\000"
 1260      00
 1261              	.LASF1:
 1262 02ef 7369676E 		.ascii	"signed char\000"
 1262      65642063 
 1262      68617200 
 1263              	.LASF10:
 1264 02fb 6C6F6E67 		.ascii	"long long unsigned int\000"
ARM GAS  C:\Users\jsyoon\AppData\Local\Temp\cci74V3f.s 			page 25


 1264      206C6F6E 
 1264      6720756E 
 1264      7369676E 
 1264      65642069 
 1265              	.LASF12:
 1266 0312 75696E74 		.ascii	"uint32_t\000"
 1266      33325F74 
 1266      00
 1267              	.LASF0:
 1268 031b 756E7369 		.ascii	"unsigned int\000"
 1268      676E6564 
 1268      20696E74 
 1268      00
 1269              	.LASF43:
 1270 0328 41484232 		.ascii	"AHB2RSTR\000"
 1270      52535452 
 1270      00
 1271              	.LASF74:
 1272 0331 68616C5F 		.ascii	"hal_lld_init\000"
 1272      6C6C645F 
 1272      696E6974 
 1272      00
 1273              	.LASF40:
 1274 033e 504C4C43 		.ascii	"PLLCFGR\000"
 1274      46475200 
 1275              	.LASF33:
 1276 0346 53797354 		.ascii	"SysTick_Type\000"
 1276      69636B5F 
 1276      54797065 
 1276      00
 1277              	.LASF4:
 1278 0353 73686F72 		.ascii	"short unsigned int\000"
 1278      7420756E 
 1278      7369676E 
 1278      65642069 
 1278      6E7400
 1279              	.LASF30:
 1280 0366 63686172 		.ascii	"char\000"
 1280      00
 1281              	.LASF20:
 1282 036b 434D785F 		.ascii	"CMx_SCS\000"
 1282      53435300 
 1283              	.LASF11:
 1284 0373 696E7433 		.ascii	"int32_t\000"
 1284      325F7400 
 1285              	.LASF13:
 1286 037b 5F426F6F 		.ascii	"_Bool\000"
 1286      6C00
 1287              	.LASF57:
 1288 0381 41484232 		.ascii	"AHB2LPENR\000"
 1288      4C50454E 
 1288      5200
 1289              	.LASF77:
 1290 038b 646D6149 		.ascii	"dmaInit\000"
 1290      6E697400 
 1291              	.LASF45:
 1292 0393 52455345 		.ascii	"RESERVED0\000"
ARM GAS  C:\Users\jsyoon\AppData\Local\Temp\cci74V3f.s 			page 26


 1292      52564544 
 1292      3000
 1293              	.LASF48:
 1294 039d 52455345 		.ascii	"RESERVED1\000"
 1294      52564544 
 1294      3100
 1295              	.LASF23:
 1296 03a7 43504943 		.ascii	"CPICNT\000"
 1296      4E5400
 1297              	.LASF55:
 1298 03ae 52455345 		.ascii	"RESERVED3\000"
 1298      52564544 
 1298      3300
 1299              	.LASF59:
 1300 03b8 52455345 		.ascii	"RESERVED4\000"
 1300      52564544 
 1300      3400
 1301              	.LASF62:
 1302 03c2 52455345 		.ascii	"RESERVED5\000"
 1302      52564544 
 1302      3500
 1303              	.LASF8:
 1304 03cc 6C6F6E67 		.ascii	"long unsigned int\000"
 1304      20756E73 
 1304      69676E65 
 1304      6420696E 
 1304      7400
 1305              	.LASF49:
 1306 03de 41484231 		.ascii	"AHB1ENR\000"
 1306      454E5200 
 1307              	.LASF6:
 1308 03e6 5F5F696E 		.ascii	"__int32_t\000"
 1308      7433325F 
 1308      7400
 1309              	.LASF26:
 1310 03f0 4C535543 		.ascii	"LSUCNT\000"
 1310      4E5400
 1311              	.LASF31:
 1312 03f7 4C4F4144 		.ascii	"LOAD\000"
 1312      00
 1313              	.LASF15:
 1314 03fc 73697A65 		.ascii	"sizetype\000"
 1314      74797065 
 1314      00
 1315              	.LASF14:
 1316 0405 494F5245 		.ascii	"IOREG32\000"
 1316      47333200 
 1317              	.LASF42:
 1318 040d 41484231 		.ascii	"AHB1RSTR\000"
 1318      52535452 
 1318      00
 1319              	.LASF44:
 1320 0416 41484233 		.ascii	"AHB3RSTR\000"
 1320      52535452 
 1320      00
 1321              	.LASF38:
 1322 041f 464C4153 		.ascii	"FLASH_TypeDef\000"
ARM GAS  C:\Users\jsyoon\AppData\Local\Temp\cci74V3f.s 			page 27


 1322      485F5479 
 1322      70654465 
 1322      6600
 1323              	.LASF76:
 1324 042d 49544D5F 		.ascii	"ITM_RxBuffer\000"
 1324      52784275 
 1324      66666572 
 1324      00
 1325              	.LASF67:
 1326 043a 504C4C53 		.ascii	"PLLSAICFGR\000"
 1326      41494346 
 1326      475200
 1327              	.LASF60:
 1328 0445 41504231 		.ascii	"APB1LPENR\000"
 1328      4C50454E 
 1328      5200
 1329              	.LASF36:
 1330 044f 4F505443 		.ascii	"OPTCR\000"
 1330      5200
 1331              		.ident	"GCC: (GNU Tools for ARM Embedded Processors) 4.8.4 20140526 (release) [ARM/embedded-4_8-br
ARM GAS  C:\Users\jsyoon\AppData\Local\Temp\cci74V3f.s 			page 28


DEFINED SYMBOLS
                            *ABS*:00000000 hal_lld.c
C:\Users\jsyoon\AppData\Local\Temp\cci74V3f.s:21     .text.hal_lld_init:00000000 $t
C:\Users\jsyoon\AppData\Local\Temp\cci74V3f.s:27     .text.hal_lld_init:00000000 hal_lld_init
C:\Users\jsyoon\AppData\Local\Temp\cci74V3f.s:133    .text.hal_lld_init:00000088 $d
C:\Users\jsyoon\AppData\Local\Temp\cci74V3f.s:142    .text.stm32_clock_init:00000000 $t
C:\Users\jsyoon\AppData\Local\Temp\cci74V3f.s:148    .text.stm32_clock_init:00000000 stm32_clock_init
C:\Users\jsyoon\AppData\Local\Temp\cci74V3f.s:272    .text.stm32_clock_init:000000b0 $d
                     .debug_frame:00000010 $d
C:\Users\jsyoon\AppData\Local\Temp\cci74V3f.s:141    .text.hal_lld_init:0000009c $t
C:\Users\jsyoon\AppData\Local\Temp\cci74V3f.s:280    .text.stm32_clock_init:000000c4 $t

UNDEFINED SYMBOLS
dmaInit
