ARM GAS  C:\Users\jsyoon\AppData\Local\Temp\ccVOk2nc.s 			page 1


   1              		.syntax unified
   2              		.cpu cortex-m4
   3              		.eabi_attribute 27, 3
   4              		.eabi_attribute 28, 1
   5              		.fpu fpv4-sp-d16
   6              		.eabi_attribute 20, 1
   7              		.eabi_attribute 21, 1
   8              		.eabi_attribute 23, 3
   9              		.eabi_attribute 24, 1
  10              		.eabi_attribute 25, 1
  11              		.eabi_attribute 26, 1
  12              		.eabi_attribute 30, 2
  13              		.eabi_attribute 34, 1
  14              		.eabi_attribute 18, 4
  15              		.thumb
  16              		.file	"misc.c"
  17              		.text
  18              	.Ltext0:
  19              		.cfi_sections	.debug_frame
  20              		.section	.text.NVIC_PriorityGroupConfig,"ax",%progbits
  21              		.align	2
  22              		.p2align 4,,15
  23              		.global	NVIC_PriorityGroupConfig
  24              		.thumb
  25              		.thumb_func
  26              		.type	NVIC_PriorityGroupConfig, %function
  27              	NVIC_PriorityGroupConfig:
  28              	.LFB111:
  29              		.file 1 "ChibiOS_2.6.6/ext/stdperiph_stm32f4/src/misc.c"
  30              		.loc 1 119 0
  31              		.cfi_startproc
  32              		@ args = 0, pretend = 0, frame = 0
  33              		@ frame_needed = 0, uses_anonymous_args = 0
  34              		@ link register save eliminated.
  35              	.LVL0:
  36              		.loc 1 124 0
  37 0000 40F0BF60 		orr	r0, r0, #100139008
  38              	.LVL1:
  39 0004 024B     		ldr	r3, .L2
  40 0006 40F40030 		orr	r0, r0, #131072
  41 000a D860     		str	r0, [r3, #12]
  42 000c 7047     		bx	lr
  43              	.L3:
  44 000e 00BF     		.align	2
  45              	.L2:
  46 0010 00ED00E0 		.word	-536810240
  47              		.cfi_endproc
  48              	.LFE111:
  49              		.size	NVIC_PriorityGroupConfig, .-NVIC_PriorityGroupConfig
  50 0014 AFF30080 		.section	.text.NVIC_Init,"ax",%progbits
  50      AFF30080 
  50      AFF30080 
  51              		.align	2
  52              		.p2align 4,,15
  53              		.global	NVIC_Init
  54              		.thumb
  55              		.thumb_func
ARM GAS  C:\Users\jsyoon\AppData\Local\Temp\ccVOk2nc.s 			page 2


  56              		.type	NVIC_Init, %function
  57              	NVIC_Init:
  58              	.LFB112:
  59              		.loc 1 137 0
  60              		.cfi_startproc
  61              		@ args = 0, pretend = 0, frame = 0
  62              		@ frame_needed = 0, uses_anonymous_args = 0
  63              		@ link register save eliminated.
  64              	.LVL2:
  65              		.loc 1 145 0
  66 0000 C378     		ldrb	r3, [r0, #3]	@ zero_extendqisi2
  67              		.loc 1 137 0
  68 0002 F0B4     		push	{r4, r5, r6, r7}
  69              		.cfi_def_cfa_offset 16
  70              		.cfi_offset 4, -16
  71              		.cfi_offset 5, -12
  72              		.cfi_offset 6, -8
  73              		.cfi_offset 7, -4
  74              		.loc 1 145 0
  75 0004 63B9     		cbnz	r3, .L8
  76              		.loc 1 166 0
  77 0006 0378     		ldrb	r3, [r0]	@ zero_extendqisi2
  78 0008 194A     		ldr	r2, .L9
  79 000a 5909     		lsrs	r1, r3, #5
  80 000c 2031     		adds	r1, r1, #32
  81              		.loc 1 167 0
  82 000e 03F01F03 		and	r3, r3, #31
  83 0012 0120     		movs	r0, #1
  84              	.LVL3:
  85 0014 00FA03F3 		lsl	r3, r0, r3
  86              		.loc 1 166 0
  87 0018 42F82130 		str	r3, [r2, r1, lsl #2]
  88              		.loc 1 169 0
  89 001c F0BC     		pop	{r4, r5, r6, r7}
  90 001e 7047     		bx	lr
  91              	.LVL4:
  92              	.L8:
  93              		.loc 1 148 0
  94 0020 144B     		ldr	r3, .L9+4
  95              		.loc 1 152 0
  96 0022 4778     		ldrb	r7, [r0, #1]	@ zero_extendqisi2
  97              		.loc 1 148 0
  98 0024 DA68     		ldr	r2, [r3, #12]
  99              		.loc 1 153 0
 100 0026 8578     		ldrb	r5, [r0, #2]	@ zero_extendqisi2
 101              		.loc 1 157 0
 102 0028 0378     		ldrb	r3, [r0]	@ zero_extendqisi2
 103 002a 1149     		ldr	r1, .L9
 104              		.loc 1 148 0
 105 002c D243     		mvns	r2, r2
 106 002e C2F30222 		ubfx	r2, r2, #8, #3
 107              	.LVL5:
 108              		.loc 1 149 0
 109 0032 C2F10404 		rsb	r4, r2, #4
 110              		.loc 1 150 0
 111 0036 0F26     		movs	r6, #15
 112              		.loc 1 152 0
ARM GAS  C:\Users\jsyoon\AppData\Local\Temp\ccVOk2nc.s 			page 3


 113 0038 E4B2     		uxtb	r4, r4
 114 003a 07FA04F4 		lsl	r4, r7, r4
 115              		.loc 1 150 0
 116 003e 46FA02F2 		asr	r2, r6, r2
 117              	.LVL6:
 118              		.loc 1 152 0
 119 0042 E4B2     		uxtb	r4, r4
 120              	.LVL7:
 121              		.loc 1 153 0
 122 0044 2A40     		ands	r2, r2, r5
 123 0046 2243     		orrs	r2, r2, r4
 124              	.LVL8:
 125              		.loc 1 157 0
 126 0048 03F16043 		add	r3, r3, #-536870912
 127 004c 03F56143 		add	r3, r3, #57600
 128              		.loc 1 155 0
 129 0050 1201     		lsls	r2, r2, #4
 130              	.LVL9:
 131 0052 D2B2     		uxtb	r2, r2
 132              	.LVL10:
 133              		.loc 1 157 0
 134 0054 83F80023 		strb	r2, [r3, #768]
 135              		.loc 1 160 0
 136 0058 0378     		ldrb	r3, [r0]	@ zero_extendqisi2
 137              		.loc 1 161 0
 138 005a 0120     		movs	r0, #1
 139              	.LVL11:
 140 005c 03F01F02 		and	r2, r3, #31
 141              	.LVL12:
 142              		.loc 1 160 0
 143 0060 5B09     		lsrs	r3, r3, #5
 144              		.loc 1 161 0
 145 0062 00FA02F2 		lsl	r2, r0, r2
 146              		.loc 1 160 0
 147 0066 41F82320 		str	r2, [r1, r3, lsl #2]
 148              		.loc 1 169 0
 149 006a F0BC     		pop	{r4, r5, r6, r7}
 150 006c 7047     		bx	lr
 151              	.L10:
 152 006e 00BF     		.align	2
 153              	.L9:
 154 0070 00E100E0 		.word	-536813312
 155 0074 00ED00E0 		.word	-536810240
 156              		.cfi_endproc
 157              	.LFE112:
 158              		.size	NVIC_Init, .-NVIC_Init
 159 0078 AFF30080 		.section	.text.NVIC_SetVectorTable,"ax",%progbits
 159      AFF30080 
 160              		.align	2
 161              		.p2align 4,,15
 162              		.global	NVIC_SetVectorTable
 163              		.thumb
 164              		.thumb_func
 165              		.type	NVIC_SetVectorTable, %function
 166              	NVIC_SetVectorTable:
 167              	.LFB113:
 168              		.loc 1 181 0
ARM GAS  C:\Users\jsyoon\AppData\Local\Temp\ccVOk2nc.s 			page 4


 169              		.cfi_startproc
 170              		@ args = 0, pretend = 0, frame = 0
 171              		@ frame_needed = 0, uses_anonymous_args = 0
 172              		@ link register save eliminated.
 173              	.LVL13:
 174              		.loc 1 186 0
 175 0000 21F06041 		bic	r1, r1, #-536870912
 176              	.LVL14:
 177 0004 21F07F01 		bic	r1, r1, #127
 178 0008 014B     		ldr	r3, .L12
 179 000a 0843     		orrs	r0, r0, r1
 180              	.LVL15:
 181 000c 9860     		str	r0, [r3, #8]
 182 000e 7047     		bx	lr
 183              	.L13:
 184              		.align	2
 185              	.L12:
 186 0010 00ED00E0 		.word	-536810240
 187              		.cfi_endproc
 188              	.LFE113:
 189              		.size	NVIC_SetVectorTable, .-NVIC_SetVectorTable
 190 0014 AFF30080 		.section	.text.NVIC_SystemLPConfig,"ax",%progbits
 190      AFF30080 
 190      AFF30080 
 191              		.align	2
 192              		.p2align 4,,15
 193              		.global	NVIC_SystemLPConfig
 194              		.thumb
 195              		.thumb_func
 196              		.type	NVIC_SystemLPConfig, %function
 197              	NVIC_SystemLPConfig:
 198              	.LFB114:
 199              		.loc 1 200 0
 200              		.cfi_startproc
 201              		@ args = 0, pretend = 0, frame = 0
 202              		@ frame_needed = 0, uses_anonymous_args = 0
 203              		@ link register save eliminated.
 204              	.LVL16:
 205              		.loc 1 207 0
 206 0000 044B     		ldr	r3, .L18
 207 0002 1A69     		ldr	r2, [r3, #16]
 208              		.loc 1 205 0
 209 0004 19B9     		cbnz	r1, .L17
 210              		.loc 1 211 0
 211 0006 22EA0000 		bic	r0, r2, r0
 212              	.LVL17:
 213 000a 1861     		str	r0, [r3, #16]
 214 000c 7047     		bx	lr
 215              	.LVL18:
 216              	.L17:
 217              		.loc 1 207 0
 218 000e 1043     		orrs	r0, r0, r2
 219              	.LVL19:
 220 0010 1861     		str	r0, [r3, #16]
 221 0012 7047     		bx	lr
 222              	.L19:
 223              		.align	2
ARM GAS  C:\Users\jsyoon\AppData\Local\Temp\ccVOk2nc.s 			page 5


 224              	.L18:
 225 0014 00ED00E0 		.word	-536810240
 226              		.cfi_endproc
 227              	.LFE114:
 228              		.size	NVIC_SystemLPConfig, .-NVIC_SystemLPConfig
 229 0018 AFF30080 		.section	.text.SysTick_CLKSourceConfig,"ax",%progbits
 229      AFF30080 
 230              		.align	2
 231              		.p2align 4,,15
 232              		.global	SysTick_CLKSourceConfig
 233              		.thumb
 234              		.thumb_func
 235              		.type	SysTick_CLKSourceConfig, %function
 236              	SysTick_CLKSourceConfig:
 237              	.LFB115:
 238              		.loc 1 224 0
 239              		.cfi_startproc
 240              		@ args = 0, pretend = 0, frame = 0
 241              		@ frame_needed = 0, uses_anonymous_args = 0
 242              		@ link register save eliminated.
 243              	.LVL20:
 244              		.loc 1 229 0
 245 0000 044B     		ldr	r3, .L23
 246 0002 1A68     		ldr	r2, [r3]
 247              		.loc 1 227 0
 248 0004 0428     		cmp	r0, #4
 249              		.loc 1 229 0
 250 0006 0CBF     		ite	eq
 251 0008 42F00402 		orreq	r2, r2, #4
 252              		.loc 1 233 0
 253 000c 22F00402 		bicne	r2, r2, #4
 254 0010 1A60     		str	r2, [r3]
 255 0012 7047     		bx	lr
 256              	.L24:
 257              		.align	2
 258              	.L23:
 259 0014 10E000E0 		.word	-536813552
 260              		.cfi_endproc
 261              	.LFE115:
 262              		.size	SysTick_CLKSourceConfig, .-SysTick_CLKSourceConfig
 263 0018 AFF30080 		.text
 263      AFF30080 
 264              	.Letext0:
 265              		.file 2 "c:\\crosstools\\gcc-arm-embedded\\4.8_2014q2\\arm-none-eabi\\include\\machine\\_default_t
 266              		.file 3 "c:\\crosstools\\gcc-arm-embedded\\4.8_2014q2\\arm-none-eabi\\include\\stdint.h"
 267              		.file 4 "ChibiOS_2.6.6/os/ports/common/ARMCMx/CMSIS/include/core_cm4.h"
 268              		.file 5 "ChibiOS_2.6.6/os/hal/platforms/STM32F4xx/stm32f4xx.h"
 269              		.file 6 "ChibiOS_2.6.6/ext/stdperiph_stm32f4/inc/misc.h"
 270              		.section	.debug_info,"",%progbits
 271              	.Ldebug_info0:
 272 0000 43050000 		.4byte	0x543
 273 0004 0400     		.2byte	0x4
 274 0006 00000000 		.4byte	.Ldebug_abbrev0
 275 000a 04       		.byte	0x4
 276 000b 01       		.uleb128 0x1
 277 000c CB000000 		.4byte	.LASF71
 278 0010 01       		.byte	0x1
ARM GAS  C:\Users\jsyoon\AppData\Local\Temp\ccVOk2nc.s 			page 6


 279 0011 CB020000 		.4byte	.LASF72
 280 0015 8A000000 		.4byte	.LASF73
 281 0019 00000000 		.4byte	.Ldebug_ranges0+0
 282 001d 00000000 		.4byte	0
 283 0021 00000000 		.4byte	.Ldebug_line0
 284 0025 02       		.uleb128 0x2
 285 0026 01       		.byte	0x1
 286 0027 06       		.byte	0x6
 287 0028 8F020000 		.4byte	.LASF0
 288 002c 03       		.uleb128 0x3
 289 002d 4E020000 		.4byte	.LASF4
 290 0031 02       		.byte	0x2
 291 0032 1C       		.byte	0x1c
 292 0033 37000000 		.4byte	0x37
 293 0037 02       		.uleb128 0x2
 294 0038 01       		.byte	0x1
 295 0039 08       		.byte	0x8
 296 003a 63020000 		.4byte	.LASF1
 297 003e 02       		.uleb128 0x2
 298 003f 02       		.byte	0x2
 299 0040 05       		.byte	0x5
 300 0041 6D000000 		.4byte	.LASF2
 301 0045 02       		.uleb128 0x2
 302 0046 02       		.byte	0x2
 303 0047 07       		.byte	0x7
 304 0048 3F030000 		.4byte	.LASF3
 305 004c 03       		.uleb128 0x3
 306 004d 34040000 		.4byte	.LASF5
 307 0051 02       		.byte	0x2
 308 0052 37       		.byte	0x37
 309 0053 57000000 		.4byte	0x57
 310 0057 02       		.uleb128 0x2
 311 0058 04       		.byte	0x4
 312 0059 05       		.byte	0x5
 313 005a 45020000 		.4byte	.LASF6
 314 005e 03       		.uleb128 0x3
 315 005f BA000000 		.4byte	.LASF7
 316 0063 02       		.byte	0x2
 317 0064 38       		.byte	0x38
 318 0065 69000000 		.4byte	0x69
 319 0069 02       		.uleb128 0x2
 320 006a 04       		.byte	0x4
 321 006b 07       		.byte	0x7
 322 006c E6030000 		.4byte	.LASF8
 323 0070 02       		.uleb128 0x2
 324 0071 08       		.byte	0x8
 325 0072 05       		.byte	0x5
 326 0073 2B020000 		.4byte	.LASF9
 327 0077 02       		.uleb128 0x2
 328 0078 08       		.byte	0x8
 329 0079 07       		.byte	0x7
 330 007a 9B020000 		.4byte	.LASF10
 331 007e 04       		.uleb128 0x4
 332 007f 04       		.byte	0x4
 333 0080 05       		.byte	0x5
 334 0081 696E7400 		.ascii	"int\000"
 335 0085 02       		.uleb128 0x2
ARM GAS  C:\Users\jsyoon\AppData\Local\Temp\ccVOk2nc.s 			page 7


 336 0086 04       		.byte	0x4
 337 0087 07       		.byte	0x7
 338 0088 BE020000 		.4byte	.LASF11
 339 008c 03       		.uleb128 0x3
 340 008d F6010000 		.4byte	.LASF12
 341 0091 03       		.byte	0x3
 342 0092 2A       		.byte	0x2a
 343 0093 2C000000 		.4byte	0x2c
 344 0097 03       		.uleb128 0x3
 345 0098 63030000 		.4byte	.LASF13
 346 009c 03       		.byte	0x3
 347 009d 41       		.byte	0x41
 348 009e 4C000000 		.4byte	0x4c
 349 00a2 03       		.uleb128 0x3
 350 00a3 00000000 		.4byte	.LASF14
 351 00a7 03       		.byte	0x3
 352 00a8 42       		.byte	0x42
 353 00a9 5E000000 		.4byte	0x5e
 354 00ad 05       		.uleb128 0x5
 355 00ae 040E     		.2byte	0xe04
 356 00b0 04       		.byte	0x4
 357 00b1 4101     		.2byte	0x141
 358 00b3 69010000 		.4byte	0x169
 359 00b7 06       		.uleb128 0x6
 360 00b8 AA030000 		.4byte	.LASF15
 361 00bc 04       		.byte	0x4
 362 00bd 4301     		.2byte	0x143
 363 00bf 80010000 		.4byte	0x180
 364 00c3 00       		.byte	0
 365 00c4 06       		.uleb128 0x6
 366 00c5 B4030000 		.4byte	.LASF16
 367 00c9 04       		.byte	0x4
 368 00ca 4401     		.2byte	0x144
 369 00cc 85010000 		.4byte	0x185
 370 00d0 20       		.byte	0x20
 371 00d1 06       		.uleb128 0x6
 372 00d2 FA020000 		.4byte	.LASF17
 373 00d6 04       		.byte	0x4
 374 00d7 4501     		.2byte	0x145
 375 00d9 95010000 		.4byte	0x195
 376 00dd 80       		.byte	0x80
 377 00de 06       		.uleb128 0x6
 378 00df 22020000 		.4byte	.LASF18
 379 00e3 04       		.byte	0x4
 380 00e4 4601     		.2byte	0x146
 381 00e6 85010000 		.4byte	0x185
 382 00ea A0       		.byte	0xa0
 383 00eb 07       		.uleb128 0x7
 384 00ec 70030000 		.4byte	.LASF19
 385 00f0 04       		.byte	0x4
 386 00f1 4701     		.2byte	0x147
 387 00f3 9A010000 		.4byte	0x19a
 388 00f7 0001     		.2byte	0x100
 389 00f9 07       		.uleb128 0x7
 390 00fa BE030000 		.4byte	.LASF20
 391 00fe 04       		.byte	0x4
 392 00ff 4801     		.2byte	0x148
ARM GAS  C:\Users\jsyoon\AppData\Local\Temp\ccVOk2nc.s 			page 8


 393 0101 85010000 		.4byte	0x185
 394 0105 2001     		.2byte	0x120
 395 0107 07       		.uleb128 0x7
 396 0108 8A020000 		.4byte	.LASF21
 397 010c 04       		.byte	0x4
 398 010d 4901     		.2byte	0x149
 399 010f 9F010000 		.4byte	0x19f
 400 0113 8001     		.2byte	0x180
 401 0115 07       		.uleb128 0x7
 402 0116 C8030000 		.4byte	.LASF22
 403 011a 04       		.byte	0x4
 404 011b 4A01     		.2byte	0x14a
 405 011d 85010000 		.4byte	0x185
 406 0121 A001     		.2byte	0x1a0
 407 0123 07       		.uleb128 0x7
 408 0124 09000000 		.4byte	.LASF23
 409 0128 04       		.byte	0x4
 410 0129 4B01     		.2byte	0x14b
 411 012b A4010000 		.4byte	0x1a4
 412 012f 0002     		.2byte	0x200
 413 0131 07       		.uleb128 0x7
 414 0132 D2030000 		.4byte	.LASF24
 415 0136 04       		.byte	0x4
 416 0137 4C01     		.2byte	0x14c
 417 0139 A9010000 		.4byte	0x1a9
 418 013d 2002     		.2byte	0x220
 419 013f 08       		.uleb128 0x8
 420 0140 495000   		.ascii	"IP\000"
 421 0143 04       		.byte	0x4
 422 0144 4D01     		.2byte	0x14d
 423 0146 C9010000 		.4byte	0x1c9
 424 014a 0003     		.2byte	0x300
 425 014c 07       		.uleb128 0x7
 426 014d DC030000 		.4byte	.LASF25
 427 0151 04       		.byte	0x4
 428 0152 4E01     		.2byte	0x14e
 429 0154 CE010000 		.4byte	0x1ce
 430 0158 F003     		.2byte	0x3f0
 431 015a 07       		.uleb128 0x7
 432 015b 10020000 		.4byte	.LASF26
 433 015f 04       		.byte	0x4
 434 0160 4F01     		.2byte	0x14f
 435 0162 DF010000 		.4byte	0x1df
 436 0166 000E     		.2byte	0xe00
 437 0168 00       		.byte	0
 438 0169 09       		.uleb128 0x9
 439 016a A2000000 		.4byte	0xa2
 440 016e 79010000 		.4byte	0x179
 441 0172 0A       		.uleb128 0xa
 442 0173 79010000 		.4byte	0x179
 443 0177 07       		.byte	0x7
 444 0178 00       		.byte	0
 445 0179 02       		.uleb128 0x2
 446 017a 04       		.byte	0x4
 447 017b 07       		.byte	0x7
 448 017c 77000000 		.4byte	.LASF27
 449 0180 0B       		.uleb128 0xb
ARM GAS  C:\Users\jsyoon\AppData\Local\Temp\ccVOk2nc.s 			page 9


 450 0181 69010000 		.4byte	0x169
 451 0185 09       		.uleb128 0x9
 452 0186 A2000000 		.4byte	0xa2
 453 018a 95010000 		.4byte	0x195
 454 018e 0A       		.uleb128 0xa
 455 018f 79010000 		.4byte	0x179
 456 0193 17       		.byte	0x17
 457 0194 00       		.byte	0
 458 0195 0B       		.uleb128 0xb
 459 0196 69010000 		.4byte	0x169
 460 019a 0B       		.uleb128 0xb
 461 019b 69010000 		.4byte	0x169
 462 019f 0B       		.uleb128 0xb
 463 01a0 69010000 		.4byte	0x169
 464 01a4 0B       		.uleb128 0xb
 465 01a5 69010000 		.4byte	0x169
 466 01a9 09       		.uleb128 0x9
 467 01aa A2000000 		.4byte	0xa2
 468 01ae B9010000 		.4byte	0x1b9
 469 01b2 0A       		.uleb128 0xa
 470 01b3 79010000 		.4byte	0x179
 471 01b7 37       		.byte	0x37
 472 01b8 00       		.byte	0
 473 01b9 09       		.uleb128 0x9
 474 01ba 8C000000 		.4byte	0x8c
 475 01be C9010000 		.4byte	0x1c9
 476 01c2 0A       		.uleb128 0xa
 477 01c3 79010000 		.4byte	0x179
 478 01c7 EF       		.byte	0xef
 479 01c8 00       		.byte	0
 480 01c9 0B       		.uleb128 0xb
 481 01ca B9010000 		.4byte	0x1b9
 482 01ce 09       		.uleb128 0x9
 483 01cf A2000000 		.4byte	0xa2
 484 01d3 DF010000 		.4byte	0x1df
 485 01d7 0C       		.uleb128 0xc
 486 01d8 79010000 		.4byte	0x179
 487 01dc 8302     		.2byte	0x283
 488 01de 00       		.byte	0
 489 01df 0B       		.uleb128 0xb
 490 01e0 A2000000 		.4byte	0xa2
 491 01e4 0D       		.uleb128 0xd
 492 01e5 F8030000 		.4byte	.LASF28
 493 01e9 04       		.byte	0x4
 494 01ea 5001     		.2byte	0x150
 495 01ec AD000000 		.4byte	0xad
 496 01f0 0E       		.uleb128 0xe
 497 01f1 8C       		.byte	0x8c
 498 01f2 04       		.byte	0x4
 499 01f3 6101     		.2byte	0x161
 500 01f5 0B030000 		.4byte	0x30b
 501 01f9 06       		.uleb128 0x6
 502 01fa C5000000 		.4byte	.LASF29
 503 01fe 04       		.byte	0x4
 504 01ff 6301     		.2byte	0x163
 505 0201 0B030000 		.4byte	0x30b
 506 0205 00       		.byte	0
ARM GAS  C:\Users\jsyoon\AppData\Local\Temp\ccVOk2nc.s 			page 10


 507 0206 06       		.uleb128 0x6
 508 0207 1D020000 		.4byte	.LASF30
 509 020b 04       		.byte	0x4
 510 020c 6401     		.2byte	0x164
 511 020e DF010000 		.4byte	0x1df
 512 0212 04       		.byte	0x4
 513 0213 06       		.uleb128 0x6
 514 0214 5E030000 		.4byte	.LASF31
 515 0218 04       		.byte	0x4
 516 0219 6501     		.2byte	0x165
 517 021b DF010000 		.4byte	0x1df
 518 021f 08       		.byte	0x8
 519 0220 06       		.uleb128 0x6
 520 0221 5D020000 		.4byte	.LASF32
 521 0225 04       		.byte	0x4
 522 0226 6601     		.2byte	0x166
 523 0228 DF010000 		.4byte	0x1df
 524 022c 0C       		.byte	0xc
 525 022d 0F       		.uleb128 0xf
 526 022e 53435200 		.ascii	"SCR\000"
 527 0232 04       		.byte	0x4
 528 0233 6701     		.2byte	0x167
 529 0235 DF010000 		.4byte	0x1df
 530 0239 10       		.byte	0x10
 531 023a 0F       		.uleb128 0xf
 532 023b 43435200 		.ascii	"CCR\000"
 533 023f 04       		.byte	0x4
 534 0240 6801     		.2byte	0x168
 535 0242 DF010000 		.4byte	0x1df
 536 0246 14       		.byte	0x14
 537 0247 0F       		.uleb128 0xf
 538 0248 53485000 		.ascii	"SHP\000"
 539 024c 04       		.byte	0x4
 540 024d 6901     		.2byte	0x169
 541 024f 20030000 		.4byte	0x320
 542 0253 18       		.byte	0x18
 543 0254 06       		.uleb128 0x6
 544 0255 B8020000 		.4byte	.LASF33
 545 0259 04       		.byte	0x4
 546 025a 6A01     		.2byte	0x16a
 547 025c DF010000 		.4byte	0x1df
 548 0260 24       		.byte	0x24
 549 0261 06       		.uleb128 0x6
 550 0262 58020000 		.4byte	.LASF34
 551 0266 04       		.byte	0x4
 552 0267 6B01     		.2byte	0x16b
 553 0269 DF010000 		.4byte	0x1df
 554 026d 28       		.byte	0x28
 555 026e 06       		.uleb128 0x6
 556 026f A5030000 		.4byte	.LASF35
 557 0273 04       		.byte	0x4
 558 0274 6C01     		.2byte	0x16c
 559 0276 DF010000 		.4byte	0x1df
 560 027a 2C       		.byte	0x2c
 561 027b 06       		.uleb128 0x6
 562 027c 75030000 		.4byte	.LASF36
 563 0280 04       		.byte	0x4
ARM GAS  C:\Users\jsyoon\AppData\Local\Temp\ccVOk2nc.s 			page 11


 564 0281 6D01     		.2byte	0x16d
 565 0283 DF010000 		.4byte	0x1df
 566 0287 30       		.byte	0x30
 567 0288 06       		.uleb128 0x6
 568 0289 67000000 		.4byte	.LASF37
 569 028d 04       		.byte	0x4
 570 028e 6E01     		.2byte	0x16e
 571 0290 DF010000 		.4byte	0x1df
 572 0294 34       		.byte	0x34
 573 0295 06       		.uleb128 0x6
 574 0296 40020000 		.4byte	.LASF38
 575 029a 04       		.byte	0x4
 576 029b 6F01     		.2byte	0x16f
 577 029d DF010000 		.4byte	0x1df
 578 02a1 38       		.byte	0x38
 579 02a2 06       		.uleb128 0x6
 580 02a3 50040000 		.4byte	.LASF39
 581 02a7 04       		.byte	0x4
 582 02a8 7001     		.2byte	0x170
 583 02aa DF010000 		.4byte	0x1df
 584 02ae 3C       		.byte	0x3c
 585 02af 0F       		.uleb128 0xf
 586 02b0 50465200 		.ascii	"PFR\000"
 587 02b4 04       		.byte	0x4
 588 02b5 7101     		.2byte	0x171
 589 02b7 35030000 		.4byte	0x335
 590 02bb 40       		.byte	0x40
 591 02bc 0F       		.uleb128 0xf
 592 02bd 44465200 		.ascii	"DFR\000"
 593 02c1 04       		.byte	0x4
 594 02c2 7201     		.2byte	0x172
 595 02c4 0B030000 		.4byte	0x30b
 596 02c8 48       		.byte	0x48
 597 02c9 0F       		.uleb128 0xf
 598 02ca 41445200 		.ascii	"ADR\000"
 599 02ce 04       		.byte	0x4
 600 02cf 7301     		.2byte	0x173
 601 02d1 0B030000 		.4byte	0x30b
 602 02d5 4C       		.byte	0x4c
 603 02d6 06       		.uleb128 0x6
 604 02d7 AF030000 		.4byte	.LASF40
 605 02db 04       		.byte	0x4
 606 02dc 7401     		.2byte	0x174
 607 02de 4F030000 		.4byte	0x34f
 608 02e2 50       		.byte	0x50
 609 02e3 06       		.uleb128 0x6
 610 02e4 6B030000 		.4byte	.LASF41
 611 02e8 04       		.byte	0x4
 612 02e9 7501     		.2byte	0x175
 613 02eb 69030000 		.4byte	0x369
 614 02ef 60       		.byte	0x60
 615 02f0 06       		.uleb128 0x6
 616 02f1 B4030000 		.4byte	.LASF16
 617 02f5 04       		.byte	0x4
 618 02f6 7601     		.2byte	0x176
 619 02f8 59030000 		.4byte	0x359
 620 02fc 74       		.byte	0x74
ARM GAS  C:\Users\jsyoon\AppData\Local\Temp\ccVOk2nc.s 			page 12


 621 02fd 06       		.uleb128 0x6
 622 02fe 6F040000 		.4byte	.LASF42
 623 0302 04       		.byte	0x4
 624 0303 7701     		.2byte	0x177
 625 0305 DF010000 		.4byte	0x1df
 626 0309 88       		.byte	0x88
 627 030a 00       		.byte	0
 628 030b 10       		.uleb128 0x10
 629 030c DF010000 		.4byte	0x1df
 630 0310 09       		.uleb128 0x9
 631 0311 8C000000 		.4byte	0x8c
 632 0315 20030000 		.4byte	0x320
 633 0319 0A       		.uleb128 0xa
 634 031a 79010000 		.4byte	0x179
 635 031e 0B       		.byte	0xb
 636 031f 00       		.byte	0
 637 0320 0B       		.uleb128 0xb
 638 0321 10030000 		.4byte	0x310
 639 0325 09       		.uleb128 0x9
 640 0326 A2000000 		.4byte	0xa2
 641 032a 35030000 		.4byte	0x335
 642 032e 0A       		.uleb128 0xa
 643 032f 79010000 		.4byte	0x179
 644 0333 01       		.byte	0x1
 645 0334 00       		.byte	0
 646 0335 10       		.uleb128 0x10
 647 0336 3A030000 		.4byte	0x33a
 648 033a 0B       		.uleb128 0xb
 649 033b 25030000 		.4byte	0x325
 650 033f 09       		.uleb128 0x9
 651 0340 A2000000 		.4byte	0xa2
 652 0344 4F030000 		.4byte	0x34f
 653 0348 0A       		.uleb128 0xa
 654 0349 79010000 		.4byte	0x179
 655 034d 03       		.byte	0x3
 656 034e 00       		.byte	0
 657 034f 10       		.uleb128 0x10
 658 0350 54030000 		.4byte	0x354
 659 0354 0B       		.uleb128 0xb
 660 0355 3F030000 		.4byte	0x33f
 661 0359 09       		.uleb128 0x9
 662 035a A2000000 		.4byte	0xa2
 663 035e 69030000 		.4byte	0x369
 664 0362 0A       		.uleb128 0xa
 665 0363 79010000 		.4byte	0x179
 666 0367 04       		.byte	0x4
 667 0368 00       		.byte	0
 668 0369 10       		.uleb128 0x10
 669 036a 6E030000 		.4byte	0x36e
 670 036e 0B       		.uleb128 0xb
 671 036f 59030000 		.4byte	0x359
 672 0373 0D       		.uleb128 0xd
 673 0374 FE010000 		.4byte	.LASF43
 674 0378 04       		.byte	0x4
 675 0379 7801     		.2byte	0x178
 676 037b F0010000 		.4byte	0x1f0
 677 037f 0E       		.uleb128 0xe
ARM GAS  C:\Users\jsyoon\AppData\Local\Temp\ccVOk2nc.s 			page 13


 678 0380 10       		.byte	0x10
 679 0381 04       		.byte	0x4
 680 0382 6002     		.2byte	0x260
 681 0384 BD030000 		.4byte	0x3bd
 682 0388 06       		.uleb128 0x6
 683 0389 71020000 		.4byte	.LASF44
 684 038d 04       		.byte	0x4
 685 038e 6202     		.2byte	0x262
 686 0390 DF010000 		.4byte	0x1df
 687 0394 00       		.byte	0
 688 0395 06       		.uleb128 0x6
 689 0396 4B040000 		.4byte	.LASF45
 690 039a 04       		.byte	0x4
 691 039b 6302     		.2byte	0x263
 692 039d DF010000 		.4byte	0x1df
 693 03a1 04       		.byte	0x4
 694 03a2 0F       		.uleb128 0xf
 695 03a3 56414C00 		.ascii	"VAL\000"
 696 03a7 04       		.byte	0x4
 697 03a8 6402     		.2byte	0x264
 698 03aa DF010000 		.4byte	0x1df
 699 03ae 08       		.byte	0x8
 700 03af 06       		.uleb128 0x6
 701 03b0 B2020000 		.4byte	.LASF46
 702 03b4 04       		.byte	0x4
 703 03b5 6502     		.2byte	0x265
 704 03b7 0B030000 		.4byte	0x30b
 705 03bb 0C       		.byte	0xc
 706 03bc 00       		.byte	0
 707 03bd 0D       		.uleb128 0xd
 708 03be 32030000 		.4byte	.LASF47
 709 03c2 04       		.byte	0x4
 710 03c3 6602     		.2byte	0x266
 711 03c5 7F030000 		.4byte	0x37f
 712 03c9 0B       		.uleb128 0xb
 713 03ca 97000000 		.4byte	0x97
 714 03ce 11       		.uleb128 0x11
 715 03cf 01       		.byte	0x1
 716 03d0 05       		.byte	0x5
 717 03d1 F901     		.2byte	0x1f9
 718 03d3 E4030000 		.4byte	0x3e4
 719 03d7 12       		.uleb128 0x12
 720 03d8 15020000 		.4byte	.LASF48
 721 03dc 00       		.sleb128 0
 722 03dd 12       		.uleb128 0x12
 723 03de 75040000 		.4byte	.LASF49
 724 03e2 01       		.sleb128 1
 725 03e3 00       		.byte	0
 726 03e4 0D       		.uleb128 0xd
 727 03e5 24040000 		.4byte	.LASF50
 728 03e9 05       		.byte	0x5
 729 03ea F901     		.2byte	0x1f9
 730 03ec CE030000 		.4byte	0x3ce
 731 03f0 13       		.uleb128 0x13
 732 03f1 04       		.byte	0x4
 733 03f2 06       		.byte	0x6
 734 03f3 36       		.byte	0x36
ARM GAS  C:\Users\jsyoon\AppData\Local\Temp\ccVOk2nc.s 			page 14


 735 03f4 29040000 		.4byte	0x429
 736 03f8 14       		.uleb128 0x14
 737 03f9 7A030000 		.4byte	.LASF51
 738 03fd 06       		.byte	0x6
 739 03fe 38       		.byte	0x38
 740 03ff 8C000000 		.4byte	0x8c
 741 0403 00       		.byte	0
 742 0404 14       		.uleb128 0x14
 743 0405 02040000 		.4byte	.LASF52
 744 0409 06       		.byte	0x6
 745 040a 3D       		.byte	0x3d
 746 040b 8C000000 		.4byte	0x8c
 747 040f 01       		.byte	0x1
 748 0410 14       		.uleb128 0x14
 749 0411 8A030000 		.4byte	.LASF53
 750 0415 06       		.byte	0x6
 751 0416 42       		.byte	0x42
 752 0417 8C000000 		.4byte	0x8c
 753 041b 02       		.byte	0x2
 754 041c 14       		.uleb128 0x14
 755 041d 1F000000 		.4byte	.LASF54
 756 0421 06       		.byte	0x6
 757 0422 47       		.byte	0x47
 758 0423 E4030000 		.4byte	0x3e4
 759 0427 03       		.byte	0x3
 760 0428 00       		.byte	0
 761 0429 03       		.uleb128 0x3
 762 042a 0E000000 		.4byte	.LASF55
 763 042e 06       		.byte	0x6
 764 042f 4A       		.byte	0x4a
 765 0430 F0030000 		.4byte	0x3f0
 766 0434 15       		.uleb128 0x15
 767 0435 7C040000 		.4byte	.LASF56
 768 0439 01       		.byte	0x1
 769 043a 76       		.byte	0x76
 770 043b 00000000 		.4byte	.LFB111
 771 043f 14000000 		.4byte	.LFE111-.LFB111
 772 0443 01       		.uleb128 0x1
 773 0444 9C       		.byte	0x9c
 774 0445 59040000 		.4byte	0x459
 775 0449 16       		.uleb128 0x16
 776 044a 54000000 		.4byte	.LASF58
 777 044e 01       		.byte	0x1
 778 044f 76       		.byte	0x76
 779 0450 A2000000 		.4byte	0xa2
 780 0454 00000000 		.4byte	.LLST0
 781 0458 00       		.byte	0
 782 0459 15       		.uleb128 0x15
 783 045a 80000000 		.4byte	.LASF57
 784 045e 01       		.byte	0x1
 785 045f 88       		.byte	0x88
 786 0460 00000000 		.4byte	.LFB112
 787 0464 78000000 		.4byte	.LFE112-.LFB112
 788 0468 01       		.uleb128 0x1
 789 0469 9C       		.byte	0x9c
 790 046a AB040000 		.4byte	0x4ab
 791 046e 16       		.uleb128 0x16
ARM GAS  C:\Users\jsyoon\AppData\Local\Temp\ccVOk2nc.s 			page 15


 792 046f 44000000 		.4byte	.LASF59
 793 0473 01       		.byte	0x1
 794 0474 88       		.byte	0x88
 795 0475 AB040000 		.4byte	0x4ab
 796 0479 21000000 		.4byte	.LLST1
 797 047d 17       		.uleb128 0x17
 798 047e 52030000 		.4byte	.LASF60
 799 0482 01       		.byte	0x1
 800 0483 8A       		.byte	0x8a
 801 0484 8C000000 		.4byte	0x8c
 802 0488 5B000000 		.4byte	.LLST2
 803 048c 17       		.uleb128 0x17
 804 048d EF010000 		.4byte	.LASF61
 805 0491 01       		.byte	0x1
 806 0492 8A       		.byte	0x8a
 807 0493 8C000000 		.4byte	0x8c
 808 0497 9B000000 		.4byte	.LLST3
 809 049b 17       		.uleb128 0x17
 810 049c FF020000 		.4byte	.LASF62
 811 04a0 01       		.byte	0x1
 812 04a1 8A       		.byte	0x8a
 813 04a2 8C000000 		.4byte	0x8c
 814 04a6 BE000000 		.4byte	.LLST4
 815 04aa 00       		.byte	0
 816 04ab 18       		.uleb128 0x18
 817 04ac 04       		.byte	0x4
 818 04ad 29040000 		.4byte	0x429
 819 04b1 15       		.uleb128 0x15
 820 04b2 76020000 		.4byte	.LASF63
 821 04b6 01       		.byte	0x1
 822 04b7 B4       		.byte	0xb4
 823 04b8 00000000 		.4byte	.LFB113
 824 04bc 14000000 		.4byte	.LFE113-.LFB113
 825 04c0 01       		.uleb128 0x1
 826 04c1 9C       		.byte	0x9c
 827 04c2 E5040000 		.4byte	0x4e5
 828 04c6 16       		.uleb128 0x16
 829 04c7 3E040000 		.4byte	.LASF64
 830 04cb 01       		.byte	0x1
 831 04cc B4       		.byte	0xb4
 832 04cd A2000000 		.4byte	0xa2
 833 04d1 E1000000 		.4byte	.LLST5
 834 04d5 16       		.uleb128 0x16
 835 04d6 39020000 		.4byte	.LASF65
 836 04da 01       		.byte	0x1
 837 04db B4       		.byte	0xb4
 838 04dc A2000000 		.4byte	0xa2
 839 04e0 02010000 		.4byte	.LLST6
 840 04e4 00       		.byte	0
 841 04e5 15       		.uleb128 0x15
 842 04e6 06030000 		.4byte	.LASF66
 843 04ea 01       		.byte	0x1
 844 04eb C7       		.byte	0xc7
 845 04ec 00000000 		.4byte	.LFB114
 846 04f0 18000000 		.4byte	.LFE114-.LFB114
 847 04f4 01       		.uleb128 0x1
 848 04f5 9C       		.byte	0x9c
ARM GAS  C:\Users\jsyoon\AppData\Local\Temp\ccVOk2nc.s 			page 16


 849 04f6 17050000 		.4byte	0x517
 850 04fa 16       		.uleb128 0x16
 851 04fb 55040000 		.4byte	.LASF67
 852 04ff 01       		.byte	0x1
 853 0500 C7       		.byte	0xc7
 854 0501 8C000000 		.4byte	0x8c
 855 0505 23010000 		.4byte	.LLST7
 856 0509 19       		.uleb128 0x19
 857 050a 07020000 		.4byte	.LASF68
 858 050e 01       		.byte	0x1
 859 050f C7       		.byte	0xc7
 860 0510 E4030000 		.4byte	0x3e4
 861 0514 01       		.uleb128 0x1
 862 0515 51       		.byte	0x51
 863 0516 00       		.byte	0
 864 0517 15       		.uleb128 0x15
 865 0518 1A030000 		.4byte	.LASF69
 866 051c 01       		.byte	0x1
 867 051d DF       		.byte	0xdf
 868 051e 00000000 		.4byte	.LFB115
 869 0522 18000000 		.4byte	.LFE115-.LFB115
 870 0526 01       		.uleb128 0x1
 871 0527 9C       		.byte	0x9c
 872 0528 3A050000 		.4byte	0x53a
 873 052c 19       		.uleb128 0x19
 874 052d 32000000 		.4byte	.LASF70
 875 0531 01       		.byte	0x1
 876 0532 DF       		.byte	0xdf
 877 0533 A2000000 		.4byte	0xa2
 878 0537 01       		.uleb128 0x1
 879 0538 50       		.byte	0x50
 880 0539 00       		.byte	0
 881 053a 1A       		.uleb128 0x1a
 882 053b 62040000 		.4byte	.LASF74
 883 053f 04       		.byte	0x4
 884 0540 9806     		.2byte	0x698
 885 0542 C9030000 		.4byte	0x3c9
 886 0546 00       		.byte	0
 887              		.section	.debug_abbrev,"",%progbits
 888              	.Ldebug_abbrev0:
 889 0000 01       		.uleb128 0x1
 890 0001 11       		.uleb128 0x11
 891 0002 01       		.byte	0x1
 892 0003 25       		.uleb128 0x25
 893 0004 0E       		.uleb128 0xe
 894 0005 13       		.uleb128 0x13
 895 0006 0B       		.uleb128 0xb
 896 0007 03       		.uleb128 0x3
 897 0008 0E       		.uleb128 0xe
 898 0009 1B       		.uleb128 0x1b
 899 000a 0E       		.uleb128 0xe
 900 000b 55       		.uleb128 0x55
 901 000c 17       		.uleb128 0x17
 902 000d 11       		.uleb128 0x11
 903 000e 01       		.uleb128 0x1
 904 000f 10       		.uleb128 0x10
 905 0010 17       		.uleb128 0x17
ARM GAS  C:\Users\jsyoon\AppData\Local\Temp\ccVOk2nc.s 			page 17


 906 0011 00       		.byte	0
 907 0012 00       		.byte	0
 908 0013 02       		.uleb128 0x2
 909 0014 24       		.uleb128 0x24
 910 0015 00       		.byte	0
 911 0016 0B       		.uleb128 0xb
 912 0017 0B       		.uleb128 0xb
 913 0018 3E       		.uleb128 0x3e
 914 0019 0B       		.uleb128 0xb
 915 001a 03       		.uleb128 0x3
 916 001b 0E       		.uleb128 0xe
 917 001c 00       		.byte	0
 918 001d 00       		.byte	0
 919 001e 03       		.uleb128 0x3
 920 001f 16       		.uleb128 0x16
 921 0020 00       		.byte	0
 922 0021 03       		.uleb128 0x3
 923 0022 0E       		.uleb128 0xe
 924 0023 3A       		.uleb128 0x3a
 925 0024 0B       		.uleb128 0xb
 926 0025 3B       		.uleb128 0x3b
 927 0026 0B       		.uleb128 0xb
 928 0027 49       		.uleb128 0x49
 929 0028 13       		.uleb128 0x13
 930 0029 00       		.byte	0
 931 002a 00       		.byte	0
 932 002b 04       		.uleb128 0x4
 933 002c 24       		.uleb128 0x24
 934 002d 00       		.byte	0
 935 002e 0B       		.uleb128 0xb
 936 002f 0B       		.uleb128 0xb
 937 0030 3E       		.uleb128 0x3e
 938 0031 0B       		.uleb128 0xb
 939 0032 03       		.uleb128 0x3
 940 0033 08       		.uleb128 0x8
 941 0034 00       		.byte	0
 942 0035 00       		.byte	0
 943 0036 05       		.uleb128 0x5
 944 0037 13       		.uleb128 0x13
 945 0038 01       		.byte	0x1
 946 0039 0B       		.uleb128 0xb
 947 003a 05       		.uleb128 0x5
 948 003b 3A       		.uleb128 0x3a
 949 003c 0B       		.uleb128 0xb
 950 003d 3B       		.uleb128 0x3b
 951 003e 05       		.uleb128 0x5
 952 003f 01       		.uleb128 0x1
 953 0040 13       		.uleb128 0x13
 954 0041 00       		.byte	0
 955 0042 00       		.byte	0
 956 0043 06       		.uleb128 0x6
 957 0044 0D       		.uleb128 0xd
 958 0045 00       		.byte	0
 959 0046 03       		.uleb128 0x3
 960 0047 0E       		.uleb128 0xe
 961 0048 3A       		.uleb128 0x3a
 962 0049 0B       		.uleb128 0xb
ARM GAS  C:\Users\jsyoon\AppData\Local\Temp\ccVOk2nc.s 			page 18


 963 004a 3B       		.uleb128 0x3b
 964 004b 05       		.uleb128 0x5
 965 004c 49       		.uleb128 0x49
 966 004d 13       		.uleb128 0x13
 967 004e 38       		.uleb128 0x38
 968 004f 0B       		.uleb128 0xb
 969 0050 00       		.byte	0
 970 0051 00       		.byte	0
 971 0052 07       		.uleb128 0x7
 972 0053 0D       		.uleb128 0xd
 973 0054 00       		.byte	0
 974 0055 03       		.uleb128 0x3
 975 0056 0E       		.uleb128 0xe
 976 0057 3A       		.uleb128 0x3a
 977 0058 0B       		.uleb128 0xb
 978 0059 3B       		.uleb128 0x3b
 979 005a 05       		.uleb128 0x5
 980 005b 49       		.uleb128 0x49
 981 005c 13       		.uleb128 0x13
 982 005d 38       		.uleb128 0x38
 983 005e 05       		.uleb128 0x5
 984 005f 00       		.byte	0
 985 0060 00       		.byte	0
 986 0061 08       		.uleb128 0x8
 987 0062 0D       		.uleb128 0xd
 988 0063 00       		.byte	0
 989 0064 03       		.uleb128 0x3
 990 0065 08       		.uleb128 0x8
 991 0066 3A       		.uleb128 0x3a
 992 0067 0B       		.uleb128 0xb
 993 0068 3B       		.uleb128 0x3b
 994 0069 05       		.uleb128 0x5
 995 006a 49       		.uleb128 0x49
 996 006b 13       		.uleb128 0x13
 997 006c 38       		.uleb128 0x38
 998 006d 05       		.uleb128 0x5
 999 006e 00       		.byte	0
 1000 006f 00       		.byte	0
 1001 0070 09       		.uleb128 0x9
 1002 0071 01       		.uleb128 0x1
 1003 0072 01       		.byte	0x1
 1004 0073 49       		.uleb128 0x49
 1005 0074 13       		.uleb128 0x13
 1006 0075 01       		.uleb128 0x1
 1007 0076 13       		.uleb128 0x13
 1008 0077 00       		.byte	0
 1009 0078 00       		.byte	0
 1010 0079 0A       		.uleb128 0xa
 1011 007a 21       		.uleb128 0x21
 1012 007b 00       		.byte	0
 1013 007c 49       		.uleb128 0x49
 1014 007d 13       		.uleb128 0x13
 1015 007e 2F       		.uleb128 0x2f
 1016 007f 0B       		.uleb128 0xb
 1017 0080 00       		.byte	0
 1018 0081 00       		.byte	0
 1019 0082 0B       		.uleb128 0xb
ARM GAS  C:\Users\jsyoon\AppData\Local\Temp\ccVOk2nc.s 			page 19


 1020 0083 35       		.uleb128 0x35
 1021 0084 00       		.byte	0
 1022 0085 49       		.uleb128 0x49
 1023 0086 13       		.uleb128 0x13
 1024 0087 00       		.byte	0
 1025 0088 00       		.byte	0
 1026 0089 0C       		.uleb128 0xc
 1027 008a 21       		.uleb128 0x21
 1028 008b 00       		.byte	0
 1029 008c 49       		.uleb128 0x49
 1030 008d 13       		.uleb128 0x13
 1031 008e 2F       		.uleb128 0x2f
 1032 008f 05       		.uleb128 0x5
 1033 0090 00       		.byte	0
 1034 0091 00       		.byte	0
 1035 0092 0D       		.uleb128 0xd
 1036 0093 16       		.uleb128 0x16
 1037 0094 00       		.byte	0
 1038 0095 03       		.uleb128 0x3
 1039 0096 0E       		.uleb128 0xe
 1040 0097 3A       		.uleb128 0x3a
 1041 0098 0B       		.uleb128 0xb
 1042 0099 3B       		.uleb128 0x3b
 1043 009a 05       		.uleb128 0x5
 1044 009b 49       		.uleb128 0x49
 1045 009c 13       		.uleb128 0x13
 1046 009d 00       		.byte	0
 1047 009e 00       		.byte	0
 1048 009f 0E       		.uleb128 0xe
 1049 00a0 13       		.uleb128 0x13
 1050 00a1 01       		.byte	0x1
 1051 00a2 0B       		.uleb128 0xb
 1052 00a3 0B       		.uleb128 0xb
 1053 00a4 3A       		.uleb128 0x3a
 1054 00a5 0B       		.uleb128 0xb
 1055 00a6 3B       		.uleb128 0x3b
 1056 00a7 05       		.uleb128 0x5
 1057 00a8 01       		.uleb128 0x1
 1058 00a9 13       		.uleb128 0x13
 1059 00aa 00       		.byte	0
 1060 00ab 00       		.byte	0
 1061 00ac 0F       		.uleb128 0xf
 1062 00ad 0D       		.uleb128 0xd
 1063 00ae 00       		.byte	0
 1064 00af 03       		.uleb128 0x3
 1065 00b0 08       		.uleb128 0x8
 1066 00b1 3A       		.uleb128 0x3a
 1067 00b2 0B       		.uleb128 0xb
 1068 00b3 3B       		.uleb128 0x3b
 1069 00b4 05       		.uleb128 0x5
 1070 00b5 49       		.uleb128 0x49
 1071 00b6 13       		.uleb128 0x13
 1072 00b7 38       		.uleb128 0x38
 1073 00b8 0B       		.uleb128 0xb
 1074 00b9 00       		.byte	0
 1075 00ba 00       		.byte	0
 1076 00bb 10       		.uleb128 0x10
ARM GAS  C:\Users\jsyoon\AppData\Local\Temp\ccVOk2nc.s 			page 20


 1077 00bc 26       		.uleb128 0x26
 1078 00bd 00       		.byte	0
 1079 00be 49       		.uleb128 0x49
 1080 00bf 13       		.uleb128 0x13
 1081 00c0 00       		.byte	0
 1082 00c1 00       		.byte	0
 1083 00c2 11       		.uleb128 0x11
 1084 00c3 04       		.uleb128 0x4
 1085 00c4 01       		.byte	0x1
 1086 00c5 0B       		.uleb128 0xb
 1087 00c6 0B       		.uleb128 0xb
 1088 00c7 3A       		.uleb128 0x3a
 1089 00c8 0B       		.uleb128 0xb
 1090 00c9 3B       		.uleb128 0x3b
 1091 00ca 05       		.uleb128 0x5
 1092 00cb 01       		.uleb128 0x1
 1093 00cc 13       		.uleb128 0x13
 1094 00cd 00       		.byte	0
 1095 00ce 00       		.byte	0
 1096 00cf 12       		.uleb128 0x12
 1097 00d0 28       		.uleb128 0x28
 1098 00d1 00       		.byte	0
 1099 00d2 03       		.uleb128 0x3
 1100 00d3 0E       		.uleb128 0xe
 1101 00d4 1C       		.uleb128 0x1c
 1102 00d5 0D       		.uleb128 0xd
 1103 00d6 00       		.byte	0
 1104 00d7 00       		.byte	0
 1105 00d8 13       		.uleb128 0x13
 1106 00d9 13       		.uleb128 0x13
 1107 00da 01       		.byte	0x1
 1108 00db 0B       		.uleb128 0xb
 1109 00dc 0B       		.uleb128 0xb
 1110 00dd 3A       		.uleb128 0x3a
 1111 00de 0B       		.uleb128 0xb
 1112 00df 3B       		.uleb128 0x3b
 1113 00e0 0B       		.uleb128 0xb
 1114 00e1 01       		.uleb128 0x1
 1115 00e2 13       		.uleb128 0x13
 1116 00e3 00       		.byte	0
 1117 00e4 00       		.byte	0
 1118 00e5 14       		.uleb128 0x14
 1119 00e6 0D       		.uleb128 0xd
 1120 00e7 00       		.byte	0
 1121 00e8 03       		.uleb128 0x3
 1122 00e9 0E       		.uleb128 0xe
 1123 00ea 3A       		.uleb128 0x3a
 1124 00eb 0B       		.uleb128 0xb
 1125 00ec 3B       		.uleb128 0x3b
 1126 00ed 0B       		.uleb128 0xb
 1127 00ee 49       		.uleb128 0x49
 1128 00ef 13       		.uleb128 0x13
 1129 00f0 38       		.uleb128 0x38
 1130 00f1 0B       		.uleb128 0xb
 1131 00f2 00       		.byte	0
 1132 00f3 00       		.byte	0
 1133 00f4 15       		.uleb128 0x15
ARM GAS  C:\Users\jsyoon\AppData\Local\Temp\ccVOk2nc.s 			page 21


 1134 00f5 2E       		.uleb128 0x2e
 1135 00f6 01       		.byte	0x1
 1136 00f7 3F       		.uleb128 0x3f
 1137 00f8 19       		.uleb128 0x19
 1138 00f9 03       		.uleb128 0x3
 1139 00fa 0E       		.uleb128 0xe
 1140 00fb 3A       		.uleb128 0x3a
 1141 00fc 0B       		.uleb128 0xb
 1142 00fd 3B       		.uleb128 0x3b
 1143 00fe 0B       		.uleb128 0xb
 1144 00ff 27       		.uleb128 0x27
 1145 0100 19       		.uleb128 0x19
 1146 0101 11       		.uleb128 0x11
 1147 0102 01       		.uleb128 0x1
 1148 0103 12       		.uleb128 0x12
 1149 0104 06       		.uleb128 0x6
 1150 0105 40       		.uleb128 0x40
 1151 0106 18       		.uleb128 0x18
 1152 0107 9742     		.uleb128 0x2117
 1153 0109 19       		.uleb128 0x19
 1154 010a 01       		.uleb128 0x1
 1155 010b 13       		.uleb128 0x13
 1156 010c 00       		.byte	0
 1157 010d 00       		.byte	0
 1158 010e 16       		.uleb128 0x16
 1159 010f 05       		.uleb128 0x5
 1160 0110 00       		.byte	0
 1161 0111 03       		.uleb128 0x3
 1162 0112 0E       		.uleb128 0xe
 1163 0113 3A       		.uleb128 0x3a
 1164 0114 0B       		.uleb128 0xb
 1165 0115 3B       		.uleb128 0x3b
 1166 0116 0B       		.uleb128 0xb
 1167 0117 49       		.uleb128 0x49
 1168 0118 13       		.uleb128 0x13
 1169 0119 02       		.uleb128 0x2
 1170 011a 17       		.uleb128 0x17
 1171 011b 00       		.byte	0
 1172 011c 00       		.byte	0
 1173 011d 17       		.uleb128 0x17
 1174 011e 34       		.uleb128 0x34
 1175 011f 00       		.byte	0
 1176 0120 03       		.uleb128 0x3
 1177 0121 0E       		.uleb128 0xe
 1178 0122 3A       		.uleb128 0x3a
 1179 0123 0B       		.uleb128 0xb
 1180 0124 3B       		.uleb128 0x3b
 1181 0125 0B       		.uleb128 0xb
 1182 0126 49       		.uleb128 0x49
 1183 0127 13       		.uleb128 0x13
 1184 0128 02       		.uleb128 0x2
 1185 0129 17       		.uleb128 0x17
 1186 012a 00       		.byte	0
 1187 012b 00       		.byte	0
 1188 012c 18       		.uleb128 0x18
 1189 012d 0F       		.uleb128 0xf
 1190 012e 00       		.byte	0
ARM GAS  C:\Users\jsyoon\AppData\Local\Temp\ccVOk2nc.s 			page 22


 1191 012f 0B       		.uleb128 0xb
 1192 0130 0B       		.uleb128 0xb
 1193 0131 49       		.uleb128 0x49
 1194 0132 13       		.uleb128 0x13
 1195 0133 00       		.byte	0
 1196 0134 00       		.byte	0
 1197 0135 19       		.uleb128 0x19
 1198 0136 05       		.uleb128 0x5
 1199 0137 00       		.byte	0
 1200 0138 03       		.uleb128 0x3
 1201 0139 0E       		.uleb128 0xe
 1202 013a 3A       		.uleb128 0x3a
 1203 013b 0B       		.uleb128 0xb
 1204 013c 3B       		.uleb128 0x3b
 1205 013d 0B       		.uleb128 0xb
 1206 013e 49       		.uleb128 0x49
 1207 013f 13       		.uleb128 0x13
 1208 0140 02       		.uleb128 0x2
 1209 0141 18       		.uleb128 0x18
 1210 0142 00       		.byte	0
 1211 0143 00       		.byte	0
 1212 0144 1A       		.uleb128 0x1a
 1213 0145 34       		.uleb128 0x34
 1214 0146 00       		.byte	0
 1215 0147 03       		.uleb128 0x3
 1216 0148 0E       		.uleb128 0xe
 1217 0149 3A       		.uleb128 0x3a
 1218 014a 0B       		.uleb128 0xb
 1219 014b 3B       		.uleb128 0x3b
 1220 014c 05       		.uleb128 0x5
 1221 014d 49       		.uleb128 0x49
 1222 014e 13       		.uleb128 0x13
 1223 014f 3F       		.uleb128 0x3f
 1224 0150 19       		.uleb128 0x19
 1225 0151 3C       		.uleb128 0x3c
 1226 0152 19       		.uleb128 0x19
 1227 0153 00       		.byte	0
 1228 0154 00       		.byte	0
 1229 0155 00       		.byte	0
 1230              		.section	.debug_loc,"",%progbits
 1231              	.Ldebug_loc0:
 1232              	.LLST0:
 1233 0000 00000000 		.4byte	.LVL0
 1234 0004 04000000 		.4byte	.LVL1
 1235 0008 0100     		.2byte	0x1
 1236 000a 50       		.byte	0x50
 1237 000b 04000000 		.4byte	.LVL1
 1238 000f 14000000 		.4byte	.LFE111
 1239 0013 0400     		.2byte	0x4
 1240 0015 F3       		.byte	0xf3
 1241 0016 01       		.uleb128 0x1
 1242 0017 50       		.byte	0x50
 1243 0018 9F       		.byte	0x9f
 1244 0019 00000000 		.4byte	0
 1245 001d 00000000 		.4byte	0
 1246              	.LLST1:
 1247 0021 00000000 		.4byte	.LVL2
ARM GAS  C:\Users\jsyoon\AppData\Local\Temp\ccVOk2nc.s 			page 23


 1248 0025 14000000 		.4byte	.LVL3
 1249 0029 0100     		.2byte	0x1
 1250 002b 50       		.byte	0x50
 1251 002c 14000000 		.4byte	.LVL3
 1252 0030 20000000 		.4byte	.LVL4
 1253 0034 0400     		.2byte	0x4
 1254 0036 F3       		.byte	0xf3
 1255 0037 01       		.uleb128 0x1
 1256 0038 50       		.byte	0x50
 1257 0039 9F       		.byte	0x9f
 1258 003a 20000000 		.4byte	.LVL4
 1259 003e 5C000000 		.4byte	.LVL11
 1260 0042 0100     		.2byte	0x1
 1261 0044 50       		.byte	0x50
 1262 0045 5C000000 		.4byte	.LVL11
 1263 0049 78000000 		.4byte	.LFE112
 1264 004d 0400     		.2byte	0x4
 1265 004f F3       		.byte	0xf3
 1266 0050 01       		.uleb128 0x1
 1267 0051 50       		.byte	0x50
 1268 0052 9F       		.byte	0x9f
 1269 0053 00000000 		.4byte	0
 1270 0057 00000000 		.4byte	0
 1271              	.LLST2:
 1272 005b 00000000 		.4byte	.LVL2
 1273 005f 32000000 		.4byte	.LVL5
 1274 0063 0200     		.2byte	0x2
 1275 0065 30       		.byte	0x30
 1276 0066 9F       		.byte	0x9f
 1277 0067 32000000 		.4byte	.LVL5
 1278 006b 42000000 		.4byte	.LVL6
 1279 006f 0100     		.2byte	0x1
 1280 0071 52       		.byte	0x52
 1281 0072 44000000 		.4byte	.LVL7
 1282 0076 48000000 		.4byte	.LVL8
 1283 007a 0100     		.2byte	0x1
 1284 007c 54       		.byte	0x54
 1285 007d 48000000 		.4byte	.LVL8
 1286 0081 52000000 		.4byte	.LVL9
 1287 0085 0100     		.2byte	0x1
 1288 0087 52       		.byte	0x52
 1289 0088 54000000 		.4byte	.LVL10
 1290 008c 60000000 		.4byte	.LVL12
 1291 0090 0100     		.2byte	0x1
 1292 0092 52       		.byte	0x52
 1293 0093 00000000 		.4byte	0
 1294 0097 00000000 		.4byte	0
 1295              	.LLST3:
 1296 009b 00000000 		.4byte	.LVL2
 1297 009f 32000000 		.4byte	.LVL5
 1298 00a3 0200     		.2byte	0x2
 1299 00a5 30       		.byte	0x30
 1300 00a6 9F       		.byte	0x9f
 1301 00a7 32000000 		.4byte	.LVL5
 1302 00ab 42000000 		.4byte	.LVL6
 1303 00af 0500     		.2byte	0x5
 1304 00b1 34       		.byte	0x34
ARM GAS  C:\Users\jsyoon\AppData\Local\Temp\ccVOk2nc.s 			page 24


 1305 00b2 72       		.byte	0x72
 1306 00b3 00       		.sleb128 0
 1307 00b4 1C       		.byte	0x1c
 1308 00b5 9F       		.byte	0x9f
 1309 00b6 00000000 		.4byte	0
 1310 00ba 00000000 		.4byte	0
 1311              	.LLST4:
 1312 00be 00000000 		.4byte	.LVL2
 1313 00c2 32000000 		.4byte	.LVL5
 1314 00c6 0200     		.2byte	0x2
 1315 00c8 3F       		.byte	0x3f
 1316 00c9 9F       		.byte	0x9f
 1317 00ca 32000000 		.4byte	.LVL5
 1318 00ce 42000000 		.4byte	.LVL6
 1319 00d2 0500     		.2byte	0x5
 1320 00d4 3F       		.byte	0x3f
 1321 00d5 72       		.byte	0x72
 1322 00d6 00       		.sleb128 0
 1323 00d7 26       		.byte	0x26
 1324 00d8 9F       		.byte	0x9f
 1325 00d9 00000000 		.4byte	0
 1326 00dd 00000000 		.4byte	0
 1327              	.LLST5:
 1328 00e1 00000000 		.4byte	.LVL13
 1329 00e5 0C000000 		.4byte	.LVL15
 1330 00e9 0100     		.2byte	0x1
 1331 00eb 50       		.byte	0x50
 1332 00ec 0C000000 		.4byte	.LVL15
 1333 00f0 14000000 		.4byte	.LFE113
 1334 00f4 0400     		.2byte	0x4
 1335 00f6 F3       		.byte	0xf3
 1336 00f7 01       		.uleb128 0x1
 1337 00f8 50       		.byte	0x50
 1338 00f9 9F       		.byte	0x9f
 1339 00fa 00000000 		.4byte	0
 1340 00fe 00000000 		.4byte	0
 1341              	.LLST6:
 1342 0102 00000000 		.4byte	.LVL13
 1343 0106 04000000 		.4byte	.LVL14
 1344 010a 0100     		.2byte	0x1
 1345 010c 51       		.byte	0x51
 1346 010d 04000000 		.4byte	.LVL14
 1347 0111 14000000 		.4byte	.LFE113
 1348 0115 0400     		.2byte	0x4
 1349 0117 F3       		.byte	0xf3
 1350 0118 01       		.uleb128 0x1
 1351 0119 51       		.byte	0x51
 1352 011a 9F       		.byte	0x9f
 1353 011b 00000000 		.4byte	0
 1354 011f 00000000 		.4byte	0
 1355              	.LLST7:
 1356 0123 00000000 		.4byte	.LVL16
 1357 0127 0A000000 		.4byte	.LVL17
 1358 012b 0100     		.2byte	0x1
 1359 012d 50       		.byte	0x50
 1360 012e 0A000000 		.4byte	.LVL17
 1361 0132 0E000000 		.4byte	.LVL18
ARM GAS  C:\Users\jsyoon\AppData\Local\Temp\ccVOk2nc.s 			page 25


 1362 0136 0400     		.2byte	0x4
 1363 0138 F3       		.byte	0xf3
 1364 0139 01       		.uleb128 0x1
 1365 013a 50       		.byte	0x50
 1366 013b 9F       		.byte	0x9f
 1367 013c 0E000000 		.4byte	.LVL18
 1368 0140 10000000 		.4byte	.LVL19
 1369 0144 0100     		.2byte	0x1
 1370 0146 50       		.byte	0x50
 1371 0147 10000000 		.4byte	.LVL19
 1372 014b 18000000 		.4byte	.LFE114
 1373 014f 0400     		.2byte	0x4
 1374 0151 F3       		.byte	0xf3
 1375 0152 01       		.uleb128 0x1
 1376 0153 50       		.byte	0x50
 1377 0154 9F       		.byte	0x9f
 1378 0155 00000000 		.4byte	0
 1379 0159 00000000 		.4byte	0
 1380              		.section	.debug_aranges,"",%progbits
 1381 0000 3C000000 		.4byte	0x3c
 1382 0004 0200     		.2byte	0x2
 1383 0006 00000000 		.4byte	.Ldebug_info0
 1384 000a 04       		.byte	0x4
 1385 000b 00       		.byte	0
 1386 000c 0000     		.2byte	0
 1387 000e 0000     		.2byte	0
 1388 0010 00000000 		.4byte	.LFB111
 1389 0014 14000000 		.4byte	.LFE111-.LFB111
 1390 0018 00000000 		.4byte	.LFB112
 1391 001c 78000000 		.4byte	.LFE112-.LFB112
 1392 0020 00000000 		.4byte	.LFB113
 1393 0024 14000000 		.4byte	.LFE113-.LFB113
 1394 0028 00000000 		.4byte	.LFB114
 1395 002c 18000000 		.4byte	.LFE114-.LFB114
 1396 0030 00000000 		.4byte	.LFB115
 1397 0034 18000000 		.4byte	.LFE115-.LFB115
 1398 0038 00000000 		.4byte	0
 1399 003c 00000000 		.4byte	0
 1400              		.section	.debug_ranges,"",%progbits
 1401              	.Ldebug_ranges0:
 1402 0000 00000000 		.4byte	.LFB111
 1403 0004 14000000 		.4byte	.LFE111
 1404 0008 00000000 		.4byte	.LFB112
 1405 000c 78000000 		.4byte	.LFE112
 1406 0010 00000000 		.4byte	.LFB113
 1407 0014 14000000 		.4byte	.LFE113
 1408 0018 00000000 		.4byte	.LFB114
 1409 001c 18000000 		.4byte	.LFE114
 1410 0020 00000000 		.4byte	.LFB115
 1411 0024 18000000 		.4byte	.LFE115
 1412 0028 00000000 		.4byte	0
 1413 002c 00000000 		.4byte	0
 1414              		.section	.debug_line,"",%progbits
 1415              	.Ldebug_line0:
 1416 0000 1E020000 		.section	.debug_str,"MS",%progbits,1
 1416      02009801 
 1416      00000201 
ARM GAS  C:\Users\jsyoon\AppData\Local\Temp\ccVOk2nc.s 			page 26


 1416      FB0E0D00 
 1416      01010101 
 1417              	.LASF14:
 1418 0000 75696E74 		.ascii	"uint32_t\000"
 1418      33325F74 
 1418      00
 1419              	.LASF23:
 1420 0009 49414252 		.ascii	"IABR\000"
 1420      00
 1421              	.LASF55:
 1422 000e 4E564943 		.ascii	"NVIC_InitTypeDef\000"
 1422      5F496E69 
 1422      74547970 
 1422      65446566 
 1422      00
 1423              	.LASF54:
 1424 001f 4E564943 		.ascii	"NVIC_IRQChannelCmd\000"
 1424      5F495251 
 1424      4368616E 
 1424      6E656C43 
 1424      6D6400
 1425              	.LASF70:
 1426 0032 53797354 		.ascii	"SysTick_CLKSource\000"
 1426      69636B5F 
 1426      434C4B53 
 1426      6F757263 
 1426      6500
 1427              	.LASF59:
 1428 0044 4E564943 		.ascii	"NVIC_InitStruct\000"
 1428      5F496E69 
 1428      74537472 
 1428      75637400 
 1429              	.LASF58:
 1430 0054 4E564943 		.ascii	"NVIC_PriorityGroup\000"
 1430      5F507269 
 1430      6F726974 
 1430      7947726F 
 1430      757000
 1431              	.LASF37:
 1432 0067 4D4D4641 		.ascii	"MMFAR\000"
 1432      5200
 1433              	.LASF2:
 1434 006d 73686F72 		.ascii	"short int\000"
 1434      7420696E 
 1434      7400
 1435              	.LASF27:
 1436 0077 73697A65 		.ascii	"sizetype\000"
 1436      74797065 
 1436      00
 1437              	.LASF57:
 1438 0080 4E564943 		.ascii	"NVIC_Init\000"
 1438      5F496E69 
 1438      7400
 1439              	.LASF73:
 1440 008a 453A5C4D 		.ascii	"E:\\Maker\\BLDC\\test_eval\\try2\\OROCA-BLDC_R15080"
 1440      616B6572 
 1440      5C424C44 
ARM GAS  C:\Users\jsyoon\AppData\Local\Temp\ccVOk2nc.s 			page 27


 1440      435C7465 
 1440      73745F65 
 1441 00b8 3700     		.ascii	"7\000"
 1442              	.LASF7:
 1443 00ba 5F5F7569 		.ascii	"__uint32_t\000"
 1443      6E743332 
 1443      5F7400
 1444              	.LASF29:
 1445 00c5 43505549 		.ascii	"CPUID\000"
 1445      4400
 1446              	.LASF71:
 1447 00cb 474E5520 		.ascii	"GNU C 4.8.4 20140526 (release) [ARM/embedded-4_8-br"
 1447      4320342E 
 1447      382E3420 
 1447      32303134 
 1447      30353236 
 1448 00fe 616E6368 		.ascii	"anch revision 211358] -mcpu=cortex-m4 -mfloat-abi=h"
 1448      20726576 
 1448      6973696F 
 1448      6E203231 
 1448      31333538 
 1449 0131 61726420 		.ascii	"ard -mfpu=fpv4-sp-d16 -mno-thumb-interwork -mthumb "
 1449      2D6D6670 
 1449      753D6670 
 1449      76342D73 
 1449      702D6431 
 1450 0164 2D676764 		.ascii	"-ggdb -O2 -std=gnu99 -fomit-frame-pointer -falign-f"
 1450      62202D4F 
 1450      32202D73 
 1450      74643D67 
 1450      6E753939 
 1451 0197 756E6374 		.ascii	"unctions=16 -ffunction-sections -fdata-sections -fn"
 1451      696F6E73 
 1451      3D313620 
 1451      2D666675 
 1451      6E637469 
 1452 01ca 6F2D636F 		.ascii	"o-common -fsingle-precision-constant\000"
 1452      6D6D6F6E 
 1452      202D6673 
 1452      696E676C 
 1452      652D7072 
 1453              	.LASF61:
 1454 01ef 746D7070 		.ascii	"tmppre\000"
 1454      726500
 1455              	.LASF12:
 1456 01f6 75696E74 		.ascii	"uint8_t\000"
 1456      385F7400 
 1457              	.LASF43:
 1458 01fe 5343425F 		.ascii	"SCB_Type\000"
 1458      54797065 
 1458      00
 1459              	.LASF68:
 1460 0207 4E657753 		.ascii	"NewState\000"
 1460      74617465 
 1460      00
 1461              	.LASF26:
 1462 0210 53544952 		.ascii	"STIR\000"
ARM GAS  C:\Users\jsyoon\AppData\Local\Temp\ccVOk2nc.s 			page 28


 1462      00
 1463              	.LASF48:
 1464 0215 44495341 		.ascii	"DISABLE\000"
 1464      424C4500 
 1465              	.LASF30:
 1466 021d 49435352 		.ascii	"ICSR\000"
 1466      00
 1467              	.LASF18:
 1468 0222 52534552 		.ascii	"RSERVED1\000"
 1468      56454431 
 1468      00
 1469              	.LASF9:
 1470 022b 6C6F6E67 		.ascii	"long long int\000"
 1470      206C6F6E 
 1470      6720696E 
 1470      7400
 1471              	.LASF65:
 1472 0239 4F666673 		.ascii	"Offset\000"
 1472      657400
 1473              	.LASF38:
 1474 0240 42464152 		.ascii	"BFAR\000"
 1474      00
 1475              	.LASF6:
 1476 0245 6C6F6E67 		.ascii	"long int\000"
 1476      20696E74 
 1476      00
 1477              	.LASF4:
 1478 024e 5F5F7569 		.ascii	"__uint8_t\000"
 1478      6E74385F 
 1478      7400
 1479              	.LASF34:
 1480 0258 43465352 		.ascii	"CFSR\000"
 1480      00
 1481              	.LASF32:
 1482 025d 41495243 		.ascii	"AIRCR\000"
 1482      5200
 1483              	.LASF1:
 1484 0263 756E7369 		.ascii	"unsigned char\000"
 1484      676E6564 
 1484      20636861 
 1484      7200
 1485              	.LASF44:
 1486 0271 4354524C 		.ascii	"CTRL\000"
 1486      00
 1487              	.LASF63:
 1488 0276 4E564943 		.ascii	"NVIC_SetVectorTable\000"
 1488      5F536574 
 1488      56656374 
 1488      6F725461 
 1488      626C6500 
 1489              	.LASF21:
 1490 028a 49435052 		.ascii	"ICPR\000"
 1490      00
 1491              	.LASF0:
 1492 028f 7369676E 		.ascii	"signed char\000"
 1492      65642063 
 1492      68617200 
ARM GAS  C:\Users\jsyoon\AppData\Local\Temp\ccVOk2nc.s 			page 29


 1493              	.LASF10:
 1494 029b 6C6F6E67 		.ascii	"long long unsigned int\000"
 1494      206C6F6E 
 1494      6720756E 
 1494      7369676E 
 1494      65642069 
 1495              	.LASF46:
 1496 02b2 43414C49 		.ascii	"CALIB\000"
 1496      4200
 1497              	.LASF33:
 1498 02b8 53484353 		.ascii	"SHCSR\000"
 1498      5200
 1499              	.LASF11:
 1500 02be 756E7369 		.ascii	"unsigned int\000"
 1500      676E6564 
 1500      20696E74 
 1500      00
 1501              	.LASF72:
 1502 02cb 43686962 		.ascii	"ChibiOS_2.6.6/ext/stdperiph_stm32f4/src/misc.c\000"
 1502      694F535F 
 1502      322E362E 
 1502      362F6578 
 1502      742F7374 
 1503              	.LASF17:
 1504 02fa 49434552 		.ascii	"ICER\000"
 1504      00
 1505              	.LASF62:
 1506 02ff 746D7073 		.ascii	"tmpsub\000"
 1506      756200
 1507              	.LASF66:
 1508 0306 4E564943 		.ascii	"NVIC_SystemLPConfig\000"
 1508      5F537973 
 1508      74656D4C 
 1508      50436F6E 
 1508      66696700 
 1509              	.LASF69:
 1510 031a 53797354 		.ascii	"SysTick_CLKSourceConfig\000"
 1510      69636B5F 
 1510      434C4B53 
 1510      6F757263 
 1510      65436F6E 
 1511              	.LASF47:
 1512 0332 53797354 		.ascii	"SysTick_Type\000"
 1512      69636B5F 
 1512      54797065 
 1512      00
 1513              	.LASF3:
 1514 033f 73686F72 		.ascii	"short unsigned int\000"
 1514      7420756E 
 1514      7369676E 
 1514      65642069 
 1514      6E7400
 1515              	.LASF60:
 1516 0352 746D7070 		.ascii	"tmppriority\000"
 1516      72696F72 
 1516      69747900 
 1517              	.LASF31:
ARM GAS  C:\Users\jsyoon\AppData\Local\Temp\ccVOk2nc.s 			page 30


 1518 035e 56544F52 		.ascii	"VTOR\000"
 1518      00
 1519              	.LASF13:
 1520 0363 696E7433 		.ascii	"int32_t\000"
 1520      325F7400 
 1521              	.LASF41:
 1522 036b 49534152 		.ascii	"ISAR\000"
 1522      00
 1523              	.LASF19:
 1524 0370 49535052 		.ascii	"ISPR\000"
 1524      00
 1525              	.LASF36:
 1526 0375 44465352 		.ascii	"DFSR\000"
 1526      00
 1527              	.LASF51:
 1528 037a 4E564943 		.ascii	"NVIC_IRQChannel\000"
 1528      5F495251 
 1528      4368616E 
 1528      6E656C00 
 1529              	.LASF53:
 1530 038a 4E564943 		.ascii	"NVIC_IRQChannelSubPriority\000"
 1530      5F495251 
 1530      4368616E 
 1530      6E656C53 
 1530      75625072 
 1531              	.LASF35:
 1532 03a5 48465352 		.ascii	"HFSR\000"
 1532      00
 1533              	.LASF15:
 1534 03aa 49534552 		.ascii	"ISER\000"
 1534      00
 1535              	.LASF40:
 1536 03af 4D4D4652 		.ascii	"MMFR\000"
 1536      00
 1537              	.LASF16:
 1538 03b4 52455345 		.ascii	"RESERVED0\000"
 1538      52564544 
 1538      3000
 1539              	.LASF20:
 1540 03be 52455345 		.ascii	"RESERVED2\000"
 1540      52564544 
 1540      3200
 1541              	.LASF22:
 1542 03c8 52455345 		.ascii	"RESERVED3\000"
 1542      52564544 
 1542      3300
 1543              	.LASF24:
 1544 03d2 52455345 		.ascii	"RESERVED4\000"
 1544      52564544 
 1544      3400
 1545              	.LASF25:
 1546 03dc 52455345 		.ascii	"RESERVED5\000"
 1546      52564544 
 1546      3500
 1547              	.LASF8:
 1548 03e6 6C6F6E67 		.ascii	"long unsigned int\000"
 1548      20756E73 
ARM GAS  C:\Users\jsyoon\AppData\Local\Temp\ccVOk2nc.s 			page 31


 1548      69676E65 
 1548      6420696E 
 1548      7400
 1549              	.LASF28:
 1550 03f8 4E564943 		.ascii	"NVIC_Type\000"
 1550      5F547970 
 1550      6500
 1551              	.LASF52:
 1552 0402 4E564943 		.ascii	"NVIC_IRQChannelPreemptionPriority\000"
 1552      5F495251 
 1552      4368616E 
 1552      6E656C50 
 1552      7265656D 
 1553              	.LASF50:
 1554 0424 46756E63 		.ascii	"FunctionalState\000"
 1554      74696F6E 
 1554      616C5374 
 1554      61746500 
 1555              	.LASF5:
 1556 0434 5F5F696E 		.ascii	"__int32_t\000"
 1556      7433325F 
 1556      7400
 1557              	.LASF64:
 1558 043e 4E564943 		.ascii	"NVIC_VectTab\000"
 1558      5F566563 
 1558      74546162 
 1558      00
 1559              	.LASF45:
 1560 044b 4C4F4144 		.ascii	"LOAD\000"
 1560      00
 1561              	.LASF39:
 1562 0450 41465352 		.ascii	"AFSR\000"
 1562      00
 1563              	.LASF67:
 1564 0455 4C6F7750 		.ascii	"LowPowerMode\000"
 1564      6F776572 
 1564      4D6F6465 
 1564      00
 1565              	.LASF74:
 1566 0462 49544D5F 		.ascii	"ITM_RxBuffer\000"
 1566      52784275 
 1566      66666572 
 1566      00
 1567              	.LASF42:
 1568 046f 43504143 		.ascii	"CPACR\000"
 1568      5200
 1569              	.LASF49:
 1570 0475 454E4142 		.ascii	"ENABLE\000"
 1570      4C4500
 1571              	.LASF56:
 1572 047c 4E564943 		.ascii	"NVIC_PriorityGroupConfig\000"
 1572      5F507269 
 1572      6F726974 
 1572      7947726F 
 1572      7570436F 
 1573              		.ident	"GCC: (GNU Tools for ARM Embedded Processors) 4.8.4 20140526 (release) [ARM/embedded-4_8-br
ARM GAS  C:\Users\jsyoon\AppData\Local\Temp\ccVOk2nc.s 			page 32


DEFINED SYMBOLS
                            *ABS*:00000000 misc.c
C:\Users\jsyoon\AppData\Local\Temp\ccVOk2nc.s:21     .text.NVIC_PriorityGroupConfig:00000000 $t
C:\Users\jsyoon\AppData\Local\Temp\ccVOk2nc.s:27     .text.NVIC_PriorityGroupConfig:00000000 NVIC_PriorityGroupConfig
C:\Users\jsyoon\AppData\Local\Temp\ccVOk2nc.s:46     .text.NVIC_PriorityGroupConfig:00000010 $d
C:\Users\jsyoon\AppData\Local\Temp\ccVOk2nc.s:51     .text.NVIC_Init:00000000 $t
C:\Users\jsyoon\AppData\Local\Temp\ccVOk2nc.s:57     .text.NVIC_Init:00000000 NVIC_Init
C:\Users\jsyoon\AppData\Local\Temp\ccVOk2nc.s:154    .text.NVIC_Init:00000070 $d
C:\Users\jsyoon\AppData\Local\Temp\ccVOk2nc.s:160    .text.NVIC_SetVectorTable:00000000 $t
C:\Users\jsyoon\AppData\Local\Temp\ccVOk2nc.s:166    .text.NVIC_SetVectorTable:00000000 NVIC_SetVectorTable
C:\Users\jsyoon\AppData\Local\Temp\ccVOk2nc.s:186    .text.NVIC_SetVectorTable:00000010 $d
C:\Users\jsyoon\AppData\Local\Temp\ccVOk2nc.s:191    .text.NVIC_SystemLPConfig:00000000 $t
C:\Users\jsyoon\AppData\Local\Temp\ccVOk2nc.s:197    .text.NVIC_SystemLPConfig:00000000 NVIC_SystemLPConfig
C:\Users\jsyoon\AppData\Local\Temp\ccVOk2nc.s:225    .text.NVIC_SystemLPConfig:00000014 $d
C:\Users\jsyoon\AppData\Local\Temp\ccVOk2nc.s:230    .text.SysTick_CLKSourceConfig:00000000 $t
C:\Users\jsyoon\AppData\Local\Temp\ccVOk2nc.s:236    .text.SysTick_CLKSourceConfig:00000000 SysTick_CLKSourceConfig
C:\Users\jsyoon\AppData\Local\Temp\ccVOk2nc.s:259    .text.SysTick_CLKSourceConfig:00000014 $d
                     .debug_frame:00000010 $d
C:\Users\jsyoon\AppData\Local\Temp\ccVOk2nc.s:50     .text.NVIC_PriorityGroupConfig:00000014 $t
C:\Users\jsyoon\AppData\Local\Temp\ccVOk2nc.s:159    .text.NVIC_Init:00000078 $t
C:\Users\jsyoon\AppData\Local\Temp\ccVOk2nc.s:190    .text.NVIC_SetVectorTable:00000014 $t
C:\Users\jsyoon\AppData\Local\Temp\ccVOk2nc.s:229    .text.NVIC_SystemLPConfig:00000018 $t
C:\Users\jsyoon\AppData\Local\Temp\ccVOk2nc.s:263    .text.SysTick_CLKSourceConfig:00000018 $t

NO UNDEFINED SYMBOLS
