ARM GAS  C:\Users\ADMINI~1\AppData\Local\Temp\ccHWHD8D.s 			page 1


   1              		.syntax unified
   2              		.cpu cortex-m4
   3              		.eabi_attribute 27, 1
   4              		.eabi_attribute 28, 1
   5              		.fpu fpv4-sp-d16
   6              		.eabi_attribute 20, 1
   7              		.eabi_attribute 21, 1
   8              		.eabi_attribute 23, 3
   9              		.eabi_attribute 24, 1
  10              		.eabi_attribute 25, 1
  11              		.eabi_attribute 26, 1
  12              		.eabi_attribute 30, 2
  13              		.eabi_attribute 34, 1
  14              		.eabi_attribute 18, 4
  15              		.thumb
  16              		.file	"spi_sw.c"
  17              		.text
  18              	.Ltext0:
  19              		.cfi_sections	.debug_frame
  20              		.section	.text.spi_sw_init,"ax",%progbits
  21              		.align	2
  22              		.p2align 4,,15
  23              		.global	spi_sw_init
  24              		.thumb
  25              		.thumb_func
  26              		.type	spi_sw_init, %function
  27              	spi_sw_init:
  28              	.LFB118:
  29              		.file 1 "nrf/spi_sw.c"
  30              		.loc 1 29 0
  31              		.cfi_startproc
  32              		@ args = 0, pretend = 0, frame = 0
  33              		@ frame_needed = 0, uses_anonymous_args = 0
  34 0000 70B5     		push	{r4, r5, r6, lr}
  35              		.cfi_def_cfa_offset 16
  36              		.cfi_offset 4, -16
  37              		.cfi_offset 5, -12
  38              		.cfi_offset 6, -8
  39              		.cfi_offset 14, -4
  40              		.loc 1 30 0
  41 0002 104C     		ldr	r4, .L5
  42 0004 2278     		ldrb	r2, [r4]	@ zero_extendqisi2
  43 0006 E2B9     		cbnz	r2, .L1
  44              		.loc 1 32 0
  45 0008 0F4E     		ldr	r6, .L5+4
  46              		.loc 1 31 0
  47 000a 1048     		ldr	r0, .L5+8
  48              		.loc 1 33 0
  49 000c 104D     		ldr	r5, .L5+12
  50              		.loc 1 31 0
  51 000e 4FF48061 		mov	r1, #1024
  52 0012 FFF7FEFF 		bl	_pal_lld_setgroupmode
  53              	.LVL0:
  54              		.loc 1 32 0
  55 0016 3046     		mov	r0, r6
  56 0018 0421     		movs	r1, #4
  57 001a 0122     		movs	r2, #1
ARM GAS  C:\Users\ADMINI~1\AppData\Local\Temp\ccHWHD8D.s 			page 2


  58 001c FFF7FEFF 		bl	_pal_lld_setgroupmode
  59              	.LVL1:
  60              		.loc 1 33 0
  61 0020 2846     		mov	r0, r5
  62 0022 2021     		movs	r1, #32
  63 0024 0122     		movs	r2, #1
  64 0026 FFF7FEFF 		bl	_pal_lld_setgroupmode
  65              	.LVL2:
  66              		.loc 1 34 0
  67 002a 4FF40061 		mov	r1, #2048
  68 002e 0122     		movs	r2, #1
  69 0030 0648     		ldr	r0, .L5+8
  70 0032 FFF7FEFF 		bl	_pal_lld_setgroupmode
  71              	.LVL3:
  72              		.loc 1 36 0
  73 0036 0421     		movs	r1, #4
  74              		.loc 1 37 0
  75 0038 2022     		movs	r2, #32
  76              		.loc 1 38 0
  77 003a 0123     		movs	r3, #1
  78              		.loc 1 36 0
  79 003c 3183     		strh	r1, [r6, #24]	@ movhi
  80              		.loc 1 37 0
  81 003e 6A83     		strh	r2, [r5, #26]	@ movhi
  82              		.loc 1 38 0
  83 0040 2370     		strb	r3, [r4]
  84              	.L1:
  85 0042 70BD     		pop	{r4, r5, r6, pc}
  86              	.L6:
  87              		.align	2
  88              	.L5:
  89 0044 00000000 		.word	.LANCHOR0
  90 0048 000C0240 		.word	1073875968
  91 004c 00040240 		.word	1073873920
  92 0050 00080240 		.word	1073874944
  93              		.cfi_endproc
  94              	.LFE118:
  95              		.size	spi_sw_init, .-spi_sw_init
  96              		.section	.text.spi_sw_transfer,"ax",%progbits
  97              		.align	2
  98              		.p2align 4,,15
  99              		.global	spi_sw_transfer
 100              		.thumb
 101              		.thumb_func
 102              		.type	spi_sw_transfer, %function
 103              	spi_sw_transfer:
 104              	.LFB119:
 105              		.loc 1 42 0
 106              		.cfi_startproc
 107              		@ args = 0, pretend = 0, frame = 0
 108              		@ frame_needed = 0, uses_anonymous_args = 0
 109              	.LVL4:
 110              		.loc 1 43 0
 111 0000 254B     		ldr	r3, .L27
 112              		.loc 1 42 0
 113 0002 2DE9F043 		push	{r4, r5, r6, r7, r8, r9, lr}
 114              		.cfi_def_cfa_offset 28
ARM GAS  C:\Users\ADMINI~1\AppData\Local\Temp\ccHWHD8D.s 			page 3


 115              		.cfi_offset 4, -28
 116              		.cfi_offset 5, -24
 117              		.cfi_offset 6, -20
 118              		.cfi_offset 7, -16
 119              		.cfi_offset 8, -12
 120              		.cfi_offset 9, -8
 121              		.cfi_offset 14, -4
 122              		.loc 1 43 0
 123 0006 2024     		movs	r4, #32
 124 0008 5C83     		strh	r4, [r3, #26]	@ movhi
 125              	.LBB87:
 126              	.LBB88:
 127              	.LBB89:
 128              		.file 2 "ChibiOS_2.6.6/os/ports/common/ARMCMx/CMSIS/include/core_cmInstr.h"
 129              		.loc 2 288 0
 130              	@ 288 "ChibiOS_2.6.6/os/ports/common/ARMCMx/CMSIS/include/core_cmInstr.h" 1
 131 000a 00BF     		nop
 132              	@ 0 "" 2
 133              		.thumb
 134              	.LBE89:
 135              	.LBE88:
 136              	.LBB90:
 137              	.LBB91:
 138              	@ 288 "ChibiOS_2.6.6/os/ports/common/ARMCMx/CMSIS/include/core_cmInstr.h" 1
 139 000c 00BF     		nop
 140              	@ 0 "" 2
 141              		.thumb
 142              	.LBE91:
 143              	.LBE90:
 144              	.LBB92:
 145              	.LBB93:
 146              	@ 288 "ChibiOS_2.6.6/os/ports/common/ARMCMx/CMSIS/include/core_cmInstr.h" 1
 147 000e 00BF     		nop
 148              	@ 0 "" 2
 149              		.thumb
 150              	.LBE93:
 151              	.LBE92:
 152              	.LBB94:
 153              	.LBB95:
 154              	@ 288 "ChibiOS_2.6.6/os/ports/common/ARMCMx/CMSIS/include/core_cmInstr.h" 1
 155 0010 00BF     		nop
 156              	@ 0 "" 2
 157              		.thumb
 158              	.LBE95:
 159              	.LBE94:
 160              	.LBB96:
 161              	.LBB97:
 162              	@ 288 "ChibiOS_2.6.6/os/ports/common/ARMCMx/CMSIS/include/core_cmInstr.h" 1
 163 0012 00BF     		nop
 164              	@ 0 "" 2
 165              		.thumb
 166              	.LBE97:
 167              	.LBE96:
 168              	.LBB98:
 169              	.LBB99:
 170              	@ 288 "ChibiOS_2.6.6/os/ports/common/ARMCMx/CMSIS/include/core_cmInstr.h" 1
 171 0014 00BF     		nop
ARM GAS  C:\Users\ADMINI~1\AppData\Local\Temp\ccHWHD8D.s 			page 4


 172              	@ 0 "" 2
 173              	.LVL5:
 174              		.thumb
 175              	.LBE99:
 176              	.LBE98:
 177              	.LBE87:
 178              	.LBB100:
 179              		.loc 1 46 0
 180 0016 002A     		cmp	r2, #0
 181 0018 3ADD     		ble	.L7
 182              	.LBB101:
 183              	.LBB102:
 184              		.loc 1 51 0
 185 001a DFF88080 		ldr	r8, .L27+4
 186              		.loc 1 61 0
 187 001e 9C46     		mov	ip, r3
 188              	.LBE102:
 189              	.LBE101:
 190              		.loc 1 46 0
 191 0020 4FF00009 		mov	r9, #0
 192              	.LVL6:
 193              	.L8:
 194              	.LBB130:
 195              		.loc 1 47 0
 196 0024 0029     		cmp	r1, #0
 197 0026 35D0     		beq	.L16
 198              		.loc 1 47 0 is_stmt 0 discriminator 1
 199 0028 11F80940 		ldrb	r4, [r1, r9]	@ zero_extendqisi2
 200              	.L9:
 201              	.LVL7:
 202 002c 0826     		movs	r6, #8
 203 002e 0023     		movs	r3, #0
 204              	.LBB129:
 205              		.loc 1 61 0 is_stmt 1 discriminator 1
 206 0030 4FF0200E 		mov	lr, #32	@ movhi
 207              	.LVL8:
 208              	.L12:
 209              		.loc 1 51 0
 210 0034 C4F3C717 		ubfx	r7, r4, #7, #8
 211 0038 002F     		cmp	r7, #0
 212 003a 0CBF     		ite	eq
 213 003c 4FF00065 		moveq	r5, #134217728
 214 0040 0025     		movne	r5, #0
 215 0042 45EAC725 		orr	r5, r5, r7, lsl #11
 216              		.loc 1 52 0
 217 0046 6400     		lsls	r4, r4, #1
 218              	.LVL9:
 219 0048 E4B2     		uxtb	r4, r4
 220              	.LVL10:
 221              		.loc 1 51 0
 222 004a C8F81850 		str	r5, [r8, #24]
 223              	.LBB103:
 224              	.LBB104:
 225              	.LBB105:
 226              		.loc 2 288 0
 227              	@ 288 "ChibiOS_2.6.6/os/ports/common/ARMCMx/CMSIS/include/core_cmInstr.h" 1
 228 004e 00BF     		nop
ARM GAS  C:\Users\ADMINI~1\AppData\Local\Temp\ccHWHD8D.s 			page 5


 229              	@ 0 "" 2
 230              		.thumb
 231              	.LBE105:
 232              	.LBE104:
 233              	.LBB106:
 234              	.LBB107:
 235              	@ 288 "ChibiOS_2.6.6/os/ports/common/ARMCMx/CMSIS/include/core_cmInstr.h" 1
 236 0050 00BF     		nop
 237              	@ 0 "" 2
 238              		.thumb
 239              	.LBE107:
 240              	.LBE106:
 241              	.LBB108:
 242              	.LBB109:
 243              	@ 288 "ChibiOS_2.6.6/os/ports/common/ARMCMx/CMSIS/include/core_cmInstr.h" 1
 244 0052 00BF     		nop
 245              	@ 0 "" 2
 246              		.thumb
 247              	.LBE109:
 248              	.LBE108:
 249              	.LBB110:
 250              	.LBB111:
 251              	@ 288 "ChibiOS_2.6.6/os/ports/common/ARMCMx/CMSIS/include/core_cmInstr.h" 1
 252 0054 00BF     		nop
 253              	@ 0 "" 2
 254              		.thumb
 255              	.LBE111:
 256              	.LBE110:
 257              	.LBB112:
 258              	.LBB113:
 259              	@ 288 "ChibiOS_2.6.6/os/ports/common/ARMCMx/CMSIS/include/core_cmInstr.h" 1
 260 0056 00BF     		nop
 261              	@ 0 "" 2
 262              		.thumb
 263              	.LBE113:
 264              	.LBE112:
 265              	.LBB114:
 266              	.LBB115:
 267              	@ 288 "ChibiOS_2.6.6/os/ports/common/ARMCMx/CMSIS/include/core_cmInstr.h" 1
 268 0058 00BF     		nop
 269              	@ 0 "" 2
 270              		.thumb
 271              	.LBE115:
 272              	.LBE114:
 273              	.LBE103:
 274              		.loc 1 57 0
 275 005a D8F81050 		ldr	r5, [r8, #16]
 276              		.loc 1 61 0
 277 005e ACF818E0 		strh	lr, [ip, #24]	@ movhi
 278              		.loc 1 56 0
 279 0062 5B00     		lsls	r3, r3, #1
 280              	.LVL11:
 281 0064 DBB2     		uxtb	r3, r3
 282              	.LVL12:
 283              		.loc 1 57 0
 284 0066 6F05     		lsls	r7, r5, #21
 285              		.loc 1 58 0
ARM GAS  C:\Users\ADMINI~1\AppData\Local\Temp\ccHWHD8D.s 			page 6


 286 0068 48BF     		it	mi
 287 006a 43F00103 		orrmi	r3, r3, #1
 288              	.LVL13:
 289              	.LBB116:
 290              	.LBB117:
 291              	.LBB118:
 292              		.loc 2 288 0
 293              	@ 288 "ChibiOS_2.6.6/os/ports/common/ARMCMx/CMSIS/include/core_cmInstr.h" 1
 294 006e 00BF     		nop
 295              	@ 0 "" 2
 296              		.thumb
 297              	.LBE118:
 298              	.LBE117:
 299              	.LBB119:
 300              	.LBB120:
 301              	@ 288 "ChibiOS_2.6.6/os/ports/common/ARMCMx/CMSIS/include/core_cmInstr.h" 1
 302 0070 00BF     		nop
 303              	@ 0 "" 2
 304              		.thumb
 305              	.LBE120:
 306              	.LBE119:
 307              	.LBB121:
 308              	.LBB122:
 309              	@ 288 "ChibiOS_2.6.6/os/ports/common/ARMCMx/CMSIS/include/core_cmInstr.h" 1
 310 0072 00BF     		nop
 311              	@ 0 "" 2
 312              		.thumb
 313              	.LBE122:
 314              	.LBE121:
 315              	.LBB123:
 316              	.LBB124:
 317              	@ 288 "ChibiOS_2.6.6/os/ports/common/ARMCMx/CMSIS/include/core_cmInstr.h" 1
 318 0074 00BF     		nop
 319              	@ 0 "" 2
 320              		.thumb
 321              	.LBE124:
 322              	.LBE123:
 323              	.LBB125:
 324              	.LBB126:
 325              	@ 288 "ChibiOS_2.6.6/os/ports/common/ARMCMx/CMSIS/include/core_cmInstr.h" 1
 326 0076 00BF     		nop
 327              	@ 0 "" 2
 328              		.thumb
 329              	.LBE126:
 330              	.LBE125:
 331              	.LBB127:
 332              	.LBB128:
 333              	@ 288 "ChibiOS_2.6.6/os/ports/common/ARMCMx/CMSIS/include/core_cmInstr.h" 1
 334 0078 00BF     		nop
 335              	@ 0 "" 2
 336              		.thumb
 337              	.LBE128:
 338              	.LBE127:
 339              	.LBE116:
 340              		.loc 1 50 0
 341 007a 013E     		subs	r6, r6, #1
 342              	.LVL14:
ARM GAS  C:\Users\ADMINI~1\AppData\Local\Temp\ccHWHD8D.s 			page 7


 343              		.loc 1 63 0
 344 007c ACF81AE0 		strh	lr, [ip, #26]	@ movhi
 345              	.LVL15:
 346              		.loc 1 50 0
 347 0080 D8D1     		bne	.L12
 348              	.LBE129:
 349              		.loc 1 66 0
 350 0082 08B1     		cbz	r0, .L13
 351              		.loc 1 67 0
 352 0084 00F80930 		strb	r3, [r0, r9]
 353              	.L13:
 354              	.LBE130:
 355              		.loc 1 46 0 discriminator 2
 356 0088 09F10109 		add	r9, r9, #1
 357              	.LVL16:
 358 008c 9145     		cmp	r9, r2
 359 008e C9D1     		bne	.L8
 360              	.LVL17:
 361              	.L7:
 362 0090 BDE8F083 		pop	{r4, r5, r6, r7, r8, r9, pc}
 363              	.LVL18:
 364              	.L16:
 365              	.LBB131:
 366              		.loc 1 47 0
 367 0094 0C46     		mov	r4, r1
 368 0096 C9E7     		b	.L9
 369              	.L28:
 370              		.align	2
 371              	.L27:
 372 0098 00080240 		.word	1073874944
 373 009c 00040240 		.word	1073873920
 374              	.LBE131:
 375              	.LBE100:
 376              		.cfi_endproc
 377              	.LFE119:
 378              		.size	spi_sw_transfer, .-spi_sw_transfer
 379              		.section	.text.spi_sw_begin,"ax",%progbits
 380              		.align	2
 381              		.p2align 4,,15
 382              		.global	spi_sw_begin
 383              		.thumb
 384              		.thumb_func
 385              		.type	spi_sw_begin, %function
 386              	spi_sw_begin:
 387              	.LFB120:
 388              		.loc 1 72 0
 389              		.cfi_startproc
 390              		@ args = 0, pretend = 0, frame = 0
 391              		@ frame_needed = 0, uses_anonymous_args = 0
 392              		@ link register save eliminated.
 393              		.loc 1 73 0
 394 0000 044B     		ldr	r3, .L30
 395 0002 0422     		movs	r2, #4
 396 0004 5A83     		strh	r2, [r3, #26]	@ movhi
 397              	.LBB132:
 398              	.LBB133:
 399              	.LBB134:
ARM GAS  C:\Users\ADMINI~1\AppData\Local\Temp\ccHWHD8D.s 			page 8


 400              		.loc 2 288 0
 401              	@ 288 "ChibiOS_2.6.6/os/ports/common/ARMCMx/CMSIS/include/core_cmInstr.h" 1
 402 0006 00BF     		nop
 403              	@ 0 "" 2
 404              		.thumb
 405              	.LBE134:
 406              	.LBE133:
 407              	.LBB135:
 408              	.LBB136:
 409              	@ 288 "ChibiOS_2.6.6/os/ports/common/ARMCMx/CMSIS/include/core_cmInstr.h" 1
 410 0008 00BF     		nop
 411              	@ 0 "" 2
 412              		.thumb
 413              	.LBE136:
 414              	.LBE135:
 415              	.LBB137:
 416              	.LBB138:
 417              	@ 288 "ChibiOS_2.6.6/os/ports/common/ARMCMx/CMSIS/include/core_cmInstr.h" 1
 418 000a 00BF     		nop
 419              	@ 0 "" 2
 420              		.thumb
 421              	.LBE138:
 422              	.LBE137:
 423              	.LBB139:
 424              	.LBB140:
 425              	@ 288 "ChibiOS_2.6.6/os/ports/common/ARMCMx/CMSIS/include/core_cmInstr.h" 1
 426 000c 00BF     		nop
 427              	@ 0 "" 2
 428              		.thumb
 429              	.LBE140:
 430              	.LBE139:
 431              	.LBB141:
 432              	.LBB142:
 433              	@ 288 "ChibiOS_2.6.6/os/ports/common/ARMCMx/CMSIS/include/core_cmInstr.h" 1
 434 000e 00BF     		nop
 435              	@ 0 "" 2
 436              		.thumb
 437              	.LBE142:
 438              	.LBE141:
 439              	.LBB143:
 440              	.LBB144:
 441              	@ 288 "ChibiOS_2.6.6/os/ports/common/ARMCMx/CMSIS/include/core_cmInstr.h" 1
 442 0010 00BF     		nop
 443              	@ 0 "" 2
 444              		.thumb
 445 0012 7047     		bx	lr
 446              	.L31:
 447              		.align	2
 448              	.L30:
 449 0014 000C0240 		.word	1073875968
 450              	.LBE144:
 451              	.LBE143:
 452              	.LBE132:
 453              		.cfi_endproc
 454              	.LFE120:
 455              		.size	spi_sw_begin, .-spi_sw_begin
 456              		.section	.text.spi_sw_end,"ax",%progbits
ARM GAS  C:\Users\ADMINI~1\AppData\Local\Temp\ccHWHD8D.s 			page 9


 457              		.align	2
 458              		.p2align 4,,15
 459              		.global	spi_sw_end
 460              		.thumb
 461              		.thumb_func
 462              		.type	spi_sw_end, %function
 463              	spi_sw_end:
 464              	.LFB121:
 465              		.loc 1 77 0
 466              		.cfi_startproc
 467              		@ args = 0, pretend = 0, frame = 0
 468              		@ frame_needed = 0, uses_anonymous_args = 0
 469              		@ link register save eliminated.
 470              	.LBB145:
 471              	.LBB146:
 472              	.LBB147:
 473              		.loc 2 288 0
 474              	@ 288 "ChibiOS_2.6.6/os/ports/common/ARMCMx/CMSIS/include/core_cmInstr.h" 1
 475 0000 00BF     		nop
 476              	@ 0 "" 2
 477              		.thumb
 478              	.LBE147:
 479              	.LBE146:
 480              	.LBB148:
 481              	.LBB149:
 482              	@ 288 "ChibiOS_2.6.6/os/ports/common/ARMCMx/CMSIS/include/core_cmInstr.h" 1
 483 0002 00BF     		nop
 484              	@ 0 "" 2
 485              		.thumb
 486              	.LBE149:
 487              	.LBE148:
 488              	.LBB150:
 489              	.LBB151:
 490              	@ 288 "ChibiOS_2.6.6/os/ports/common/ARMCMx/CMSIS/include/core_cmInstr.h" 1
 491 0004 00BF     		nop
 492              	@ 0 "" 2
 493              		.thumb
 494              	.LBE151:
 495              	.LBE150:
 496              	.LBB152:
 497              	.LBB153:
 498              	@ 288 "ChibiOS_2.6.6/os/ports/common/ARMCMx/CMSIS/include/core_cmInstr.h" 1
 499 0006 00BF     		nop
 500              	@ 0 "" 2
 501              		.thumb
 502              	.LBE153:
 503              	.LBE152:
 504              	.LBB154:
 505              	.LBB155:
 506              	@ 288 "ChibiOS_2.6.6/os/ports/common/ARMCMx/CMSIS/include/core_cmInstr.h" 1
 507 0008 00BF     		nop
 508              	@ 0 "" 2
 509              		.thumb
 510              	.LBE155:
 511              	.LBE154:
 512              	.LBB156:
 513              	.LBB157:
ARM GAS  C:\Users\ADMINI~1\AppData\Local\Temp\ccHWHD8D.s 			page 10


 514              	@ 288 "ChibiOS_2.6.6/os/ports/common/ARMCMx/CMSIS/include/core_cmInstr.h" 1
 515 000a 00BF     		nop
 516              	@ 0 "" 2
 517              		.thumb
 518              	.LBE157:
 519              	.LBE156:
 520              	.LBE145:
 521              		.loc 1 79 0
 522 000c 014B     		ldr	r3, .L33
 523 000e 0422     		movs	r2, #4
 524 0010 1A83     		strh	r2, [r3, #24]	@ movhi
 525 0012 7047     		bx	lr
 526              	.L34:
 527              		.align	2
 528              	.L33:
 529 0014 000C0240 		.word	1073875968
 530              		.cfi_endproc
 531              	.LFE121:
 532              		.size	spi_sw_end, .-spi_sw_end
 533              		.section	.bss.init_done,"aw",%nobits
 534              		.set	.LANCHOR0,. + 0
 535              		.type	init_done, %object
 536              		.size	init_done, 1
 537              	init_done:
 538 0000 00       		.space	1
 539              		.text
 540              	.Letext0:
 541              		.file 3 "c:\\program files\\gnu tools arm embedded\\4.9 2015q2\\arm-none-eabi\\include\\machine\\_
 542              		.file 4 "c:\\program files\\gnu tools arm embedded\\4.9 2015q2\\arm-none-eabi\\include\\sys\\_stdi
 543              		.file 5 "ChibiOS_2.6.6/os/hal/platforms/STM32/GPIOv2/pal_lld.h"
 544              		.file 6 "ChibiOS_2.6.6/os/ports/common/ARMCMx/CMSIS/include/core_cm4.h"
 545              		.section	.debug_info,"",%progbits
 546              	.Ldebug_info0:
 547 0000 7E050000 		.4byte	0x57e
 548 0004 0400     		.2byte	0x4
 549 0006 00000000 		.4byte	.Ldebug_abbrev0
 550 000a 04       		.byte	0x4
 551 000b 01       		.uleb128 0x1
 552 000c C1010000 		.4byte	.LASF44
 553 0010 01       		.byte	0x1
 554 0011 40000000 		.4byte	.LASF45
 555 0015 9B010000 		.4byte	.LASF46
 556 0019 38000000 		.4byte	.Ldebug_ranges0+0x38
 557 001d 00000000 		.4byte	0
 558 0021 00000000 		.4byte	.Ldebug_line0
 559 0025 02       		.uleb128 0x2
 560 0026 01       		.byte	0x1
 561 0027 06       		.byte	0x6
 562 0028 F7020000 		.4byte	.LASF0
 563 002c 02       		.uleb128 0x2
 564 002d 01       		.byte	0x1
 565 002e 08       		.byte	0x8
 566 002f AE000000 		.4byte	.LASF1
 567 0033 02       		.uleb128 0x2
 568 0034 02       		.byte	0x2
 569 0035 05       		.byte	0x5
 570 0036 4D000000 		.4byte	.LASF2
ARM GAS  C:\Users\ADMINI~1\AppData\Local\Temp\ccHWHD8D.s 			page 11


 571 003a 03       		.uleb128 0x3
 572 003b F8000000 		.4byte	.LASF4
 573 003f 03       		.byte	0x3
 574 0040 2B       		.byte	0x2b
 575 0041 45000000 		.4byte	0x45
 576 0045 02       		.uleb128 0x2
 577 0046 02       		.byte	0x2
 578 0047 07       		.byte	0x7
 579 0048 D3000000 		.4byte	.LASF3
 580 004c 03       		.uleb128 0x3
 581 004d 36000000 		.4byte	.LASF5
 582 0051 03       		.byte	0x3
 583 0052 3F       		.byte	0x3f
 584 0053 57000000 		.4byte	0x57
 585 0057 02       		.uleb128 0x2
 586 0058 04       		.byte	0x4
 587 0059 05       		.byte	0x5
 588 005a EE020000 		.4byte	.LASF6
 589 005e 03       		.uleb128 0x3
 590 005f 03010000 		.4byte	.LASF7
 591 0063 03       		.byte	0x3
 592 0064 41       		.byte	0x41
 593 0065 69000000 		.4byte	0x69
 594 0069 02       		.uleb128 0x2
 595 006a 04       		.byte	0x4
 596 006b 07       		.byte	0x7
 597 006c C1000000 		.4byte	.LASF8
 598 0070 02       		.uleb128 0x2
 599 0071 08       		.byte	0x8
 600 0072 05       		.byte	0x5
 601 0073 7D010000 		.4byte	.LASF9
 602 0077 02       		.uleb128 0x2
 603 0078 08       		.byte	0x8
 604 0079 07       		.byte	0x7
 605 007a 8A000000 		.4byte	.LASF10
 606 007e 04       		.uleb128 0x4
 607 007f 04       		.byte	0x4
 608 0080 05       		.byte	0x5
 609 0081 696E7400 		.ascii	"int\000"
 610 0085 02       		.uleb128 0x2
 611 0086 04       		.byte	0x4
 612 0087 07       		.byte	0x7
 613 0088 2C010000 		.4byte	.LASF11
 614 008c 03       		.uleb128 0x3
 615 008d B8010000 		.4byte	.LASF12
 616 0091 04       		.byte	0x4
 617 0092 1A       		.byte	0x1a
 618 0093 3A000000 		.4byte	0x3a
 619 0097 03       		.uleb128 0x3
 620 0098 66010000 		.4byte	.LASF13
 621 009c 04       		.byte	0x4
 622 009d 1F       		.byte	0x1f
 623 009e 4C000000 		.4byte	0x4c
 624 00a2 03       		.uleb128 0x3
 625 00a3 E5020000 		.4byte	.LASF14
 626 00a7 04       		.byte	0x4
 627 00a8 20       		.byte	0x20
ARM GAS  C:\Users\ADMINI~1\AppData\Local\Temp\ccHWHD8D.s 			page 12


 628 00a9 5E000000 		.4byte	0x5e
 629 00ad 02       		.uleb128 0x2
 630 00ae 01       		.byte	0x1
 631 00af 02       		.byte	0x2
 632 00b0 03030000 		.4byte	.LASF15
 633 00b4 05       		.uleb128 0x5
 634 00b5 A2000000 		.4byte	0xa2
 635 00b9 02       		.uleb128 0x2
 636 00ba 04       		.byte	0x4
 637 00bb 07       		.byte	0x7
 638 00bc 6E010000 		.4byte	.LASF16
 639 00c0 06       		.uleb128 0x6
 640 00c1 04       		.byte	0x4
 641 00c2 C6000000 		.4byte	0xc6
 642 00c6 07       		.uleb128 0x7
 643 00c7 CB000000 		.4byte	0xcb
 644 00cb 02       		.uleb128 0x2
 645 00cc 01       		.byte	0x1
 646 00cd 08       		.byte	0x8
 647 00ce 46010000 		.4byte	.LASF17
 648 00d2 02       		.uleb128 0x2
 649 00d3 04       		.byte	0x4
 650 00d4 04       		.byte	0x4
 651 00d5 0E000000 		.4byte	.LASF18
 652 00d9 05       		.uleb128 0x5
 653 00da 97000000 		.4byte	0x97
 654 00de 08       		.uleb128 0x8
 655 00df 04       		.byte	0x4
 656 00e0 05       		.byte	0x5
 657 00e1 96       		.byte	0x96
 658 00e2 FF000000 		.4byte	0xff
 659 00e6 09       		.uleb128 0x9
 660 00e7 73657400 		.ascii	"set\000"
 661 00eb 05       		.byte	0x5
 662 00ec 97       		.byte	0x97
 663 00ed 8C000000 		.4byte	0x8c
 664 00f1 00       		.byte	0
 665 00f2 0A       		.uleb128 0xa
 666 00f3 08000000 		.4byte	.LASF19
 667 00f7 05       		.byte	0x5
 668 00f8 98       		.byte	0x98
 669 00f9 8C000000 		.4byte	0x8c
 670 00fd 02       		.byte	0x2
 671 00fe 00       		.byte	0
 672 00ff 0B       		.uleb128 0xb
 673 0100 04       		.byte	0x4
 674 0101 05       		.byte	0x5
 675 0102 94       		.byte	0x94
 676 0103 1A010000 		.4byte	0x11a
 677 0107 0C       		.uleb128 0xc
 678 0108 5700     		.ascii	"W\000"
 679 010a 05       		.byte	0x5
 680 010b 95       		.byte	0x95
 681 010c A2000000 		.4byte	0xa2
 682 0110 0C       		.uleb128 0xc
 683 0111 4800     		.ascii	"H\000"
 684 0113 05       		.byte	0x5
ARM GAS  C:\Users\ADMINI~1\AppData\Local\Temp\ccHWHD8D.s 			page 13


 685 0114 99       		.byte	0x99
 686 0115 DE000000 		.4byte	0xde
 687 0119 00       		.byte	0
 688 011a 08       		.uleb128 0x8
 689 011b 28       		.byte	0x28
 690 011c 05       		.byte	0x5
 691 011d 8C       		.byte	0x8c
 692 011e 9B010000 		.4byte	0x19b
 693 0122 0A       		.uleb128 0xa
 694 0123 57000000 		.4byte	.LASF20
 695 0127 05       		.byte	0x5
 696 0128 8E       		.byte	0x8e
 697 0129 B4000000 		.4byte	0xb4
 698 012d 00       		.byte	0
 699 012e 0A       		.uleb128 0xa
 700 012f 7A000000 		.4byte	.LASF21
 701 0133 05       		.byte	0x5
 702 0134 8F       		.byte	0x8f
 703 0135 B4000000 		.4byte	0xb4
 704 0139 04       		.byte	0x4
 705 013a 0A       		.uleb128 0xa
 706 013b 00000000 		.4byte	.LASF22
 707 013f 05       		.byte	0x5
 708 0140 90       		.byte	0x90
 709 0141 B4000000 		.4byte	0xb4
 710 0145 08       		.byte	0x8
 711 0146 0A       		.uleb128 0xa
 712 0147 77010000 		.4byte	.LASF23
 713 014b 05       		.byte	0x5
 714 014c 91       		.byte	0x91
 715 014d B4000000 		.4byte	0xb4
 716 0151 0C       		.byte	0xc
 717 0152 09       		.uleb128 0x9
 718 0153 49445200 		.ascii	"IDR\000"
 719 0157 05       		.byte	0x5
 720 0158 92       		.byte	0x92
 721 0159 B4000000 		.4byte	0xb4
 722 015d 10       		.byte	0x10
 723 015e 09       		.uleb128 0x9
 724 015f 4F445200 		.ascii	"ODR\000"
 725 0163 05       		.byte	0x5
 726 0164 93       		.byte	0x93
 727 0165 B4000000 		.4byte	0xb4
 728 0169 14       		.byte	0x14
 729 016a 0A       		.uleb128 0xa
 730 016b 31000000 		.4byte	.LASF24
 731 016f 05       		.byte	0x5
 732 0170 9A       		.byte	0x9a
 733 0171 9B010000 		.4byte	0x19b
 734 0175 18       		.byte	0x18
 735 0176 0A       		.uleb128 0xa
 736 0177 10030000 		.4byte	.LASF25
 737 017b 05       		.byte	0x5
 738 017c 9B       		.byte	0x9b
 739 017d B4000000 		.4byte	0xb4
 740 0181 1C       		.byte	0x1c
 741 0182 0A       		.uleb128 0xa
ARM GAS  C:\Users\ADMINI~1\AppData\Local\Temp\ccHWHD8D.s 			page 14


 742 0183 E6000000 		.4byte	.LASF26
 743 0187 05       		.byte	0x5
 744 0188 9C       		.byte	0x9c
 745 0189 B4000000 		.4byte	0xb4
 746 018d 20       		.byte	0x20
 747 018e 0A       		.uleb128 0xa
 748 018f BC000000 		.4byte	.LASF27
 749 0193 05       		.byte	0x5
 750 0194 9D       		.byte	0x9d
 751 0195 B4000000 		.4byte	0xb4
 752 0199 24       		.byte	0x24
 753 019a 00       		.byte	0
 754 019b 05       		.uleb128 0x5
 755 019c FF000000 		.4byte	0xff
 756 01a0 03       		.uleb128 0x3
 757 01a1 39010000 		.4byte	.LASF28
 758 01a5 05       		.byte	0x5
 759 01a6 9E       		.byte	0x9e
 760 01a7 1A010000 		.4byte	0x11a
 761 01ab 03       		.uleb128 0x3
 762 01ac 67000000 		.4byte	.LASF29
 763 01b0 05       		.byte	0x5
 764 01b1 F0       		.byte	0xf0
 765 01b2 A2000000 		.4byte	0xa2
 766 01b6 03       		.uleb128 0x3
 767 01b7 81000000 		.4byte	.LASF30
 768 01bb 05       		.byte	0x5
 769 01bc F5       		.byte	0xf5
 770 01bd A2000000 		.4byte	0xa2
 771 01c1 03       		.uleb128 0x3
 772 01c2 AD010000 		.4byte	.LASF31
 773 01c6 05       		.byte	0x5
 774 01c7 FD       		.byte	0xfd
 775 01c8 CC010000 		.4byte	0x1cc
 776 01cc 06       		.uleb128 0x6
 777 01cd 04       		.byte	0x4
 778 01ce A0010000 		.4byte	0x1a0
 779 01d2 0D       		.uleb128 0xd
 780 01d3 74000000 		.4byte	.LASF32
 781 01d7 02       		.byte	0x2
 782 01d8 1E01     		.2byte	0x11e
 783 01da 03       		.byte	0x3
 784 01db 0E       		.uleb128 0xe
 785 01dc 1F000000 		.4byte	.LASF33
 786 01e0 01       		.byte	0x1
 787 01e1 52       		.byte	0x52
 788 01e2 01       		.byte	0x1
 789 01e3 0F       		.uleb128 0xf
 790 01e4 53010000 		.4byte	.LASF34
 791 01e8 01       		.byte	0x1
 792 01e9 1D       		.byte	0x1d
 793 01ea 00000000 		.4byte	.LFB118
 794 01ee 54000000 		.4byte	.LFE118-.LFB118
 795 01f2 01       		.uleb128 0x1
 796 01f3 9C       		.byte	0x9c
 797 01f4 73020000 		.4byte	0x273
 798 01f8 10       		.uleb128 0x10
ARM GAS  C:\Users\ADMINI~1\AppData\Local\Temp\ccHWHD8D.s 			page 15


 799 01f9 16000000 		.4byte	.LVL0
 800 01fd 69050000 		.4byte	0x569
 801 0201 16020000 		.4byte	0x216
 802 0205 11       		.uleb128 0x11
 803 0206 01       		.uleb128 0x1
 804 0207 51       		.byte	0x51
 805 0208 03       		.uleb128 0x3
 806 0209 0A       		.byte	0xa
 807 020a 0004     		.2byte	0x400
 808 020c 11       		.uleb128 0x11
 809 020d 01       		.uleb128 0x1
 810 020e 50       		.byte	0x50
 811 020f 05       		.uleb128 0x5
 812 0210 0C       		.byte	0xc
 813 0211 00040240 		.4byte	0x40020400
 814 0215 00       		.byte	0
 815 0216 10       		.uleb128 0x10
 816 0217 20000000 		.4byte	.LVL1
 817 021b 69050000 		.4byte	0x569
 818 021f 34020000 		.4byte	0x234
 819 0223 11       		.uleb128 0x11
 820 0224 01       		.uleb128 0x1
 821 0225 52       		.byte	0x52
 822 0226 01       		.uleb128 0x1
 823 0227 31       		.byte	0x31
 824 0228 11       		.uleb128 0x11
 825 0229 01       		.uleb128 0x1
 826 022a 51       		.byte	0x51
 827 022b 01       		.uleb128 0x1
 828 022c 34       		.byte	0x34
 829 022d 11       		.uleb128 0x11
 830 022e 01       		.uleb128 0x1
 831 022f 50       		.byte	0x50
 832 0230 02       		.uleb128 0x2
 833 0231 76       		.byte	0x76
 834 0232 00       		.sleb128 0
 835 0233 00       		.byte	0
 836 0234 10       		.uleb128 0x10
 837 0235 2A000000 		.4byte	.LVL2
 838 0239 69050000 		.4byte	0x569
 839 023d 53020000 		.4byte	0x253
 840 0241 11       		.uleb128 0x11
 841 0242 01       		.uleb128 0x1
 842 0243 52       		.byte	0x52
 843 0244 01       		.uleb128 0x1
 844 0245 31       		.byte	0x31
 845 0246 11       		.uleb128 0x11
 846 0247 01       		.uleb128 0x1
 847 0248 51       		.byte	0x51
 848 0249 02       		.uleb128 0x2
 849 024a 08       		.byte	0x8
 850 024b 20       		.byte	0x20
 851 024c 11       		.uleb128 0x11
 852 024d 01       		.uleb128 0x1
 853 024e 50       		.byte	0x50
 854 024f 02       		.uleb128 0x2
 855 0250 75       		.byte	0x75
ARM GAS  C:\Users\ADMINI~1\AppData\Local\Temp\ccHWHD8D.s 			page 16


 856 0251 00       		.sleb128 0
 857 0252 00       		.byte	0
 858 0253 12       		.uleb128 0x12
 859 0254 36000000 		.4byte	.LVL3
 860 0258 69050000 		.4byte	0x569
 861 025c 11       		.uleb128 0x11
 862 025d 01       		.uleb128 0x1
 863 025e 52       		.byte	0x52
 864 025f 01       		.uleb128 0x1
 865 0260 31       		.byte	0x31
 866 0261 11       		.uleb128 0x11
 867 0262 01       		.uleb128 0x1
 868 0263 51       		.byte	0x51
 869 0264 03       		.uleb128 0x3
 870 0265 0A       		.byte	0xa
 871 0266 0008     		.2byte	0x800
 872 0268 11       		.uleb128 0x11
 873 0269 01       		.uleb128 0x1
 874 026a 50       		.byte	0x50
 875 026b 05       		.uleb128 0x5
 876 026c 0C       		.byte	0xc
 877 026d 00040240 		.4byte	0x40020400
 878 0271 00       		.byte	0
 879 0272 00       		.byte	0
 880 0273 0F       		.uleb128 0xf
 881 0274 8B010000 		.4byte	.LASF35
 882 0278 01       		.byte	0x1
 883 0279 2A       		.byte	0x2a
 884 027a 00000000 		.4byte	.LFB119
 885 027e A0000000 		.4byte	.LFE119-.LFB119
 886 0282 01       		.uleb128 0x1
 887 0283 9C       		.byte	0x9c
 888 0284 46040000 		.4byte	0x446
 889 0288 13       		.uleb128 0x13
 890 0289 5F010000 		.4byte	.LASF36
 891 028d 01       		.byte	0x1
 892 028e 2A       		.byte	0x2a
 893 028f 46040000 		.4byte	0x446
 894 0293 01       		.uleb128 0x1
 895 0294 50       		.byte	0x50
 896 0295 13       		.uleb128 0x13
 897 0296 0E010000 		.4byte	.LASF37
 898 029a 01       		.byte	0x1
 899 029b 2A       		.byte	0x2a
 900 029c C0000000 		.4byte	0xc0
 901 02a0 01       		.uleb128 0x1
 902 02a1 51       		.byte	0x51
 903 02a2 13       		.uleb128 0x13
 904 02a3 09030000 		.4byte	.LASF38
 905 02a7 01       		.byte	0x1
 906 02a8 2A       		.byte	0x2a
 907 02a9 7E000000 		.4byte	0x7e
 908 02ad 01       		.uleb128 0x1
 909 02ae 52       		.byte	0x52
 910 02af 14       		.uleb128 0x14
 911 02b0 DB010000 		.4byte	0x1db
 912 02b4 0A000000 		.4byte	.LBB87
ARM GAS  C:\Users\ADMINI~1\AppData\Local\Temp\ccHWHD8D.s 			page 17


 913 02b8 0C000000 		.4byte	.LBE87-.LBB87
 914 02bc 01       		.byte	0x1
 915 02bd 2C       		.byte	0x2c
 916 02be 1D030000 		.4byte	0x31d
 917 02c2 15       		.uleb128 0x15
 918 02c3 D2010000 		.4byte	0x1d2
 919 02c7 0A000000 		.4byte	.LBB88
 920 02cb 02000000 		.4byte	.LBE88-.LBB88
 921 02cf 01       		.byte	0x1
 922 02d0 53       		.byte	0x53
 923 02d1 15       		.uleb128 0x15
 924 02d2 D2010000 		.4byte	0x1d2
 925 02d6 0C000000 		.4byte	.LBB90
 926 02da 02000000 		.4byte	.LBE90-.LBB90
 927 02de 01       		.byte	0x1
 928 02df 54       		.byte	0x54
 929 02e0 15       		.uleb128 0x15
 930 02e1 D2010000 		.4byte	0x1d2
 931 02e5 0E000000 		.4byte	.LBB92
 932 02e9 02000000 		.4byte	.LBE92-.LBB92
 933 02ed 01       		.byte	0x1
 934 02ee 55       		.byte	0x55
 935 02ef 15       		.uleb128 0x15
 936 02f0 D2010000 		.4byte	0x1d2
 937 02f4 10000000 		.4byte	.LBB94
 938 02f8 02000000 		.4byte	.LBE94-.LBB94
 939 02fc 01       		.byte	0x1
 940 02fd 56       		.byte	0x56
 941 02fe 15       		.uleb128 0x15
 942 02ff D2010000 		.4byte	0x1d2
 943 0303 12000000 		.4byte	.LBB96
 944 0307 02000000 		.4byte	.LBE96-.LBB96
 945 030b 01       		.byte	0x1
 946 030c 57       		.byte	0x57
 947 030d 15       		.uleb128 0x15
 948 030e D2010000 		.4byte	0x1d2
 949 0312 14000000 		.4byte	.LBB98
 950 0316 02000000 		.4byte	.LBE98-.LBB98
 951 031a 01       		.byte	0x1
 952 031b 58       		.byte	0x58
 953 031c 00       		.byte	0
 954 031d 16       		.uleb128 0x16
 955 031e 16000000 		.4byte	.LBB100
 956 0322 8A000000 		.4byte	.LBE100-.LBB100
 957 0326 17       		.uleb128 0x17
 958 0327 6900     		.ascii	"i\000"
 959 0329 01       		.byte	0x1
 960 032a 2E       		.byte	0x2e
 961 032b 7E000000 		.4byte	0x7e
 962 032f 00000000 		.4byte	.LLST0
 963 0333 18       		.uleb128 0x18
 964 0334 00000000 		.4byte	.Ldebug_ranges0+0
 965 0338 19       		.uleb128 0x19
 966 0339 2C000000 		.4byte	.LASF39
 967 033d 01       		.byte	0x1
 968 033e 2F       		.byte	0x2f
 969 033f 2C000000 		.4byte	0x2c
ARM GAS  C:\Users\ADMINI~1\AppData\Local\Temp\ccHWHD8D.s 			page 18


 970 0343 2A000000 		.4byte	.LLST1
 971 0347 19       		.uleb128 0x19
 972 0348 4B010000 		.4byte	.LASF40
 973 034c 01       		.byte	0x1
 974 034d 30       		.byte	0x30
 975 034e 2C000000 		.4byte	0x2c
 976 0352 48000000 		.4byte	.LLST2
 977 0356 18       		.uleb128 0x18
 978 0357 20000000 		.4byte	.Ldebug_ranges0+0x20
 979 035b 17       		.uleb128 0x17
 980 035c 62697400 		.ascii	"bit\000"
 981 0360 01       		.byte	0x1
 982 0361 32       		.byte	0x32
 983 0362 7E000000 		.4byte	0x7e
 984 0366 72000000 		.4byte	.LLST3
 985 036a 14       		.uleb128 0x14
 986 036b DB010000 		.4byte	0x1db
 987 036f 4E000000 		.4byte	.LBB103
 988 0373 0C000000 		.4byte	.LBE103-.LBB103
 989 0377 01       		.byte	0x1
 990 0378 36       		.byte	0x36
 991 0379 D8030000 		.4byte	0x3d8
 992 037d 15       		.uleb128 0x15
 993 037e D2010000 		.4byte	0x1d2
 994 0382 4E000000 		.4byte	.LBB104
 995 0386 02000000 		.4byte	.LBE104-.LBB104
 996 038a 01       		.byte	0x1
 997 038b 53       		.byte	0x53
 998 038c 15       		.uleb128 0x15
 999 038d D2010000 		.4byte	0x1d2
 1000 0391 50000000 		.4byte	.LBB106
 1001 0395 02000000 		.4byte	.LBE106-.LBB106
 1002 0399 01       		.byte	0x1
 1003 039a 54       		.byte	0x54
 1004 039b 15       		.uleb128 0x15
 1005 039c D2010000 		.4byte	0x1d2
 1006 03a0 52000000 		.4byte	.LBB108
 1007 03a4 02000000 		.4byte	.LBE108-.LBB108
 1008 03a8 01       		.byte	0x1
 1009 03a9 55       		.byte	0x55
 1010 03aa 15       		.uleb128 0x15
 1011 03ab D2010000 		.4byte	0x1d2
 1012 03af 54000000 		.4byte	.LBB110
 1013 03b3 02000000 		.4byte	.LBE110-.LBB110
 1014 03b7 01       		.byte	0x1
 1015 03b8 56       		.byte	0x56
 1016 03b9 15       		.uleb128 0x15
 1017 03ba D2010000 		.4byte	0x1d2
 1018 03be 56000000 		.4byte	.LBB112
 1019 03c2 02000000 		.4byte	.LBE112-.LBB112
 1020 03c6 01       		.byte	0x1
 1021 03c7 57       		.byte	0x57
 1022 03c8 15       		.uleb128 0x15
 1023 03c9 D2010000 		.4byte	0x1d2
 1024 03cd 58000000 		.4byte	.LBB114
 1025 03d1 02000000 		.4byte	.LBE114-.LBB114
 1026 03d5 01       		.byte	0x1
ARM GAS  C:\Users\ADMINI~1\AppData\Local\Temp\ccHWHD8D.s 			page 19


 1027 03d6 58       		.byte	0x58
 1028 03d7 00       		.byte	0
 1029 03d8 1A       		.uleb128 0x1a
 1030 03d9 DB010000 		.4byte	0x1db
 1031 03dd 6E000000 		.4byte	.LBB116
 1032 03e1 0C000000 		.4byte	.LBE116-.LBB116
 1033 03e5 01       		.byte	0x1
 1034 03e6 3E       		.byte	0x3e
 1035 03e7 15       		.uleb128 0x15
 1036 03e8 D2010000 		.4byte	0x1d2
 1037 03ec 6E000000 		.4byte	.LBB117
 1038 03f0 02000000 		.4byte	.LBE117-.LBB117
 1039 03f4 01       		.byte	0x1
 1040 03f5 53       		.byte	0x53
 1041 03f6 15       		.uleb128 0x15
 1042 03f7 D2010000 		.4byte	0x1d2
 1043 03fb 70000000 		.4byte	.LBB119
 1044 03ff 02000000 		.4byte	.LBE119-.LBB119
 1045 0403 01       		.byte	0x1
 1046 0404 54       		.byte	0x54
 1047 0405 15       		.uleb128 0x15
 1048 0406 D2010000 		.4byte	0x1d2
 1049 040a 72000000 		.4byte	.LBB121
 1050 040e 02000000 		.4byte	.LBE121-.LBB121
 1051 0412 01       		.byte	0x1
 1052 0413 55       		.byte	0x55
 1053 0414 15       		.uleb128 0x15
 1054 0415 D2010000 		.4byte	0x1d2
 1055 0419 74000000 		.4byte	.LBB123
 1056 041d 02000000 		.4byte	.LBE123-.LBB123
 1057 0421 01       		.byte	0x1
 1058 0422 56       		.byte	0x56
 1059 0423 15       		.uleb128 0x15
 1060 0424 D2010000 		.4byte	0x1d2
 1061 0428 76000000 		.4byte	.LBB125
 1062 042c 02000000 		.4byte	.LBE125-.LBB125
 1063 0430 01       		.byte	0x1
 1064 0431 57       		.byte	0x57
 1065 0432 15       		.uleb128 0x15
 1066 0433 D2010000 		.4byte	0x1d2
 1067 0437 78000000 		.4byte	.LBB127
 1068 043b 02000000 		.4byte	.LBE127-.LBB127
 1069 043f 01       		.byte	0x1
 1070 0440 58       		.byte	0x58
 1071 0441 00       		.byte	0
 1072 0442 00       		.byte	0
 1073 0443 00       		.byte	0
 1074 0444 00       		.byte	0
 1075 0445 00       		.byte	0
 1076 0446 06       		.uleb128 0x6
 1077 0447 04       		.byte	0x4
 1078 0448 CB000000 		.4byte	0xcb
 1079 044c 0F       		.uleb128 0xf
 1080 044d A1000000 		.4byte	.LASF41
 1081 0451 01       		.byte	0x1
 1082 0452 48       		.byte	0x48
 1083 0453 00000000 		.4byte	.LFB120
ARM GAS  C:\Users\ADMINI~1\AppData\Local\Temp\ccHWHD8D.s 			page 20


 1084 0457 18000000 		.4byte	.LFE120-.LFB120
 1085 045b 01       		.uleb128 0x1
 1086 045c 9C       		.byte	0x9c
 1087 045d CC040000 		.4byte	0x4cc
 1088 0461 1A       		.uleb128 0x1a
 1089 0462 DB010000 		.4byte	0x1db
 1090 0466 06000000 		.4byte	.LBB132
 1091 046a 12000000 		.4byte	.LBE132-.LBB132
 1092 046e 01       		.byte	0x1
 1093 046f 4A       		.byte	0x4a
 1094 0470 15       		.uleb128 0x15
 1095 0471 D2010000 		.4byte	0x1d2
 1096 0475 06000000 		.4byte	.LBB133
 1097 0479 02000000 		.4byte	.LBE133-.LBB133
 1098 047d 01       		.byte	0x1
 1099 047e 53       		.byte	0x53
 1100 047f 15       		.uleb128 0x15
 1101 0480 D2010000 		.4byte	0x1d2
 1102 0484 08000000 		.4byte	.LBB135
 1103 0488 02000000 		.4byte	.LBE135-.LBB135
 1104 048c 01       		.byte	0x1
 1105 048d 54       		.byte	0x54
 1106 048e 15       		.uleb128 0x15
 1107 048f D2010000 		.4byte	0x1d2
 1108 0493 0A000000 		.4byte	.LBB137
 1109 0497 02000000 		.4byte	.LBE137-.LBB137
 1110 049b 01       		.byte	0x1
 1111 049c 55       		.byte	0x55
 1112 049d 15       		.uleb128 0x15
 1113 049e D2010000 		.4byte	0x1d2
 1114 04a2 0C000000 		.4byte	.LBB139
 1115 04a6 02000000 		.4byte	.LBE139-.LBB139
 1116 04aa 01       		.byte	0x1
 1117 04ab 56       		.byte	0x56
 1118 04ac 15       		.uleb128 0x15
 1119 04ad D2010000 		.4byte	0x1d2
 1120 04b1 0E000000 		.4byte	.LBB141
 1121 04b5 02000000 		.4byte	.LBE141-.LBB141
 1122 04b9 01       		.byte	0x1
 1123 04ba 57       		.byte	0x57
 1124 04bb 15       		.uleb128 0x15
 1125 04bc D2010000 		.4byte	0x1d2
 1126 04c0 10000000 		.4byte	.LBB143
 1127 04c4 08000000 		.4byte	.LBE143-.LBB143
 1128 04c8 01       		.byte	0x1
 1129 04c9 58       		.byte	0x58
 1130 04ca 00       		.byte	0
 1131 04cb 00       		.byte	0
 1132 04cc 0F       		.uleb128 0xf
 1133 04cd 14000000 		.4byte	.LASF42
 1134 04d1 01       		.byte	0x1
 1135 04d2 4D       		.byte	0x4d
 1136 04d3 00000000 		.4byte	.LFB121
 1137 04d7 18000000 		.4byte	.LFE121-.LFB121
 1138 04db 01       		.uleb128 0x1
 1139 04dc 9C       		.byte	0x9c
 1140 04dd 4C050000 		.4byte	0x54c
ARM GAS  C:\Users\ADMINI~1\AppData\Local\Temp\ccHWHD8D.s 			page 21


 1141 04e1 1A       		.uleb128 0x1a
 1142 04e2 DB010000 		.4byte	0x1db
 1143 04e6 00000000 		.4byte	.LBB145
 1144 04ea 0C000000 		.4byte	.LBE145-.LBB145
 1145 04ee 01       		.byte	0x1
 1146 04ef 4E       		.byte	0x4e
 1147 04f0 15       		.uleb128 0x15
 1148 04f1 D2010000 		.4byte	0x1d2
 1149 04f5 00000000 		.4byte	.LBB146
 1150 04f9 02000000 		.4byte	.LBE146-.LBB146
 1151 04fd 01       		.byte	0x1
 1152 04fe 53       		.byte	0x53
 1153 04ff 15       		.uleb128 0x15
 1154 0500 D2010000 		.4byte	0x1d2
 1155 0504 02000000 		.4byte	.LBB148
 1156 0508 02000000 		.4byte	.LBE148-.LBB148
 1157 050c 01       		.byte	0x1
 1158 050d 54       		.byte	0x54
 1159 050e 15       		.uleb128 0x15
 1160 050f D2010000 		.4byte	0x1d2
 1161 0513 04000000 		.4byte	.LBB150
 1162 0517 02000000 		.4byte	.LBE150-.LBB150
 1163 051b 01       		.byte	0x1
 1164 051c 55       		.byte	0x55
 1165 051d 15       		.uleb128 0x15
 1166 051e D2010000 		.4byte	0x1d2
 1167 0522 06000000 		.4byte	.LBB152
 1168 0526 02000000 		.4byte	.LBE152-.LBB152
 1169 052a 01       		.byte	0x1
 1170 052b 56       		.byte	0x56
 1171 052c 15       		.uleb128 0x15
 1172 052d D2010000 		.4byte	0x1d2
 1173 0531 08000000 		.4byte	.LBB154
 1174 0535 02000000 		.4byte	.LBE154-.LBB154
 1175 0539 01       		.byte	0x1
 1176 053a 57       		.byte	0x57
 1177 053b 15       		.uleb128 0x15
 1178 053c D2010000 		.4byte	0x1d2
 1179 0540 0A000000 		.4byte	.LBB156
 1180 0544 02000000 		.4byte	.LBE156-.LBB156
 1181 0548 01       		.byte	0x1
 1182 0549 58       		.byte	0x58
 1183 054a 00       		.byte	0
 1184 054b 00       		.byte	0
 1185 054c 1B       		.uleb128 0x1b
 1186 054d 5D000000 		.4byte	.LASF43
 1187 0551 01       		.byte	0x1
 1188 0552 18       		.byte	0x18
 1189 0553 AD000000 		.4byte	0xad
 1190 0557 05       		.uleb128 0x5
 1191 0558 03       		.byte	0x3
 1192 0559 00000000 		.4byte	init_done
 1193 055d 1C       		.uleb128 0x1c
 1194 055e EB000000 		.4byte	.LASF47
 1195 0562 06       		.byte	0x6
 1196 0563 9806     		.2byte	0x698
 1197 0565 D9000000 		.4byte	0xd9
ARM GAS  C:\Users\ADMINI~1\AppData\Local\Temp\ccHWHD8D.s 			page 22


 1198 0569 1D       		.uleb128 0x1d
 1199 056a 16010000 		.4byte	.LASF48
 1200 056e 05       		.byte	0x5
 1201 056f C201     		.2byte	0x1c2
 1202 0571 1E       		.uleb128 0x1e
 1203 0572 C1010000 		.4byte	0x1c1
 1204 0576 1E       		.uleb128 0x1e
 1205 0577 AB010000 		.4byte	0x1ab
 1206 057b 1E       		.uleb128 0x1e
 1207 057c B6010000 		.4byte	0x1b6
 1208 0580 00       		.byte	0
 1209 0581 00       		.byte	0
 1210              		.section	.debug_abbrev,"",%progbits
 1211              	.Ldebug_abbrev0:
 1212 0000 01       		.uleb128 0x1
 1213 0001 11       		.uleb128 0x11
 1214 0002 01       		.byte	0x1
 1215 0003 25       		.uleb128 0x25
 1216 0004 0E       		.uleb128 0xe
 1217 0005 13       		.uleb128 0x13
 1218 0006 0B       		.uleb128 0xb
 1219 0007 03       		.uleb128 0x3
 1220 0008 0E       		.uleb128 0xe
 1221 0009 1B       		.uleb128 0x1b
 1222 000a 0E       		.uleb128 0xe
 1223 000b 55       		.uleb128 0x55
 1224 000c 17       		.uleb128 0x17
 1225 000d 11       		.uleb128 0x11
 1226 000e 01       		.uleb128 0x1
 1227 000f 10       		.uleb128 0x10
 1228 0010 17       		.uleb128 0x17
 1229 0011 00       		.byte	0
 1230 0012 00       		.byte	0
 1231 0013 02       		.uleb128 0x2
 1232 0014 24       		.uleb128 0x24
 1233 0015 00       		.byte	0
 1234 0016 0B       		.uleb128 0xb
 1235 0017 0B       		.uleb128 0xb
 1236 0018 3E       		.uleb128 0x3e
 1237 0019 0B       		.uleb128 0xb
 1238 001a 03       		.uleb128 0x3
 1239 001b 0E       		.uleb128 0xe
 1240 001c 00       		.byte	0
 1241 001d 00       		.byte	0
 1242 001e 03       		.uleb128 0x3
 1243 001f 16       		.uleb128 0x16
 1244 0020 00       		.byte	0
 1245 0021 03       		.uleb128 0x3
 1246 0022 0E       		.uleb128 0xe
 1247 0023 3A       		.uleb128 0x3a
 1248 0024 0B       		.uleb128 0xb
 1249 0025 3B       		.uleb128 0x3b
 1250 0026 0B       		.uleb128 0xb
 1251 0027 49       		.uleb128 0x49
 1252 0028 13       		.uleb128 0x13
 1253 0029 00       		.byte	0
 1254 002a 00       		.byte	0
ARM GAS  C:\Users\ADMINI~1\AppData\Local\Temp\ccHWHD8D.s 			page 23


 1255 002b 04       		.uleb128 0x4
 1256 002c 24       		.uleb128 0x24
 1257 002d 00       		.byte	0
 1258 002e 0B       		.uleb128 0xb
 1259 002f 0B       		.uleb128 0xb
 1260 0030 3E       		.uleb128 0x3e
 1261 0031 0B       		.uleb128 0xb
 1262 0032 03       		.uleb128 0x3
 1263 0033 08       		.uleb128 0x8
 1264 0034 00       		.byte	0
 1265 0035 00       		.byte	0
 1266 0036 05       		.uleb128 0x5
 1267 0037 35       		.uleb128 0x35
 1268 0038 00       		.byte	0
 1269 0039 49       		.uleb128 0x49
 1270 003a 13       		.uleb128 0x13
 1271 003b 00       		.byte	0
 1272 003c 00       		.byte	0
 1273 003d 06       		.uleb128 0x6
 1274 003e 0F       		.uleb128 0xf
 1275 003f 00       		.byte	0
 1276 0040 0B       		.uleb128 0xb
 1277 0041 0B       		.uleb128 0xb
 1278 0042 49       		.uleb128 0x49
 1279 0043 13       		.uleb128 0x13
 1280 0044 00       		.byte	0
 1281 0045 00       		.byte	0
 1282 0046 07       		.uleb128 0x7
 1283 0047 26       		.uleb128 0x26
 1284 0048 00       		.byte	0
 1285 0049 49       		.uleb128 0x49
 1286 004a 13       		.uleb128 0x13
 1287 004b 00       		.byte	0
 1288 004c 00       		.byte	0
 1289 004d 08       		.uleb128 0x8
 1290 004e 13       		.uleb128 0x13
 1291 004f 01       		.byte	0x1
 1292 0050 0B       		.uleb128 0xb
 1293 0051 0B       		.uleb128 0xb
 1294 0052 3A       		.uleb128 0x3a
 1295 0053 0B       		.uleb128 0xb
 1296 0054 3B       		.uleb128 0x3b
 1297 0055 0B       		.uleb128 0xb
 1298 0056 01       		.uleb128 0x1
 1299 0057 13       		.uleb128 0x13
 1300 0058 00       		.byte	0
 1301 0059 00       		.byte	0
 1302 005a 09       		.uleb128 0x9
 1303 005b 0D       		.uleb128 0xd
 1304 005c 00       		.byte	0
 1305 005d 03       		.uleb128 0x3
 1306 005e 08       		.uleb128 0x8
 1307 005f 3A       		.uleb128 0x3a
 1308 0060 0B       		.uleb128 0xb
 1309 0061 3B       		.uleb128 0x3b
 1310 0062 0B       		.uleb128 0xb
 1311 0063 49       		.uleb128 0x49
ARM GAS  C:\Users\ADMINI~1\AppData\Local\Temp\ccHWHD8D.s 			page 24


 1312 0064 13       		.uleb128 0x13
 1313 0065 38       		.uleb128 0x38
 1314 0066 0B       		.uleb128 0xb
 1315 0067 00       		.byte	0
 1316 0068 00       		.byte	0
 1317 0069 0A       		.uleb128 0xa
 1318 006a 0D       		.uleb128 0xd
 1319 006b 00       		.byte	0
 1320 006c 03       		.uleb128 0x3
 1321 006d 0E       		.uleb128 0xe
 1322 006e 3A       		.uleb128 0x3a
 1323 006f 0B       		.uleb128 0xb
 1324 0070 3B       		.uleb128 0x3b
 1325 0071 0B       		.uleb128 0xb
 1326 0072 49       		.uleb128 0x49
 1327 0073 13       		.uleb128 0x13
 1328 0074 38       		.uleb128 0x38
 1329 0075 0B       		.uleb128 0xb
 1330 0076 00       		.byte	0
 1331 0077 00       		.byte	0
 1332 0078 0B       		.uleb128 0xb
 1333 0079 17       		.uleb128 0x17
 1334 007a 01       		.byte	0x1
 1335 007b 0B       		.uleb128 0xb
 1336 007c 0B       		.uleb128 0xb
 1337 007d 3A       		.uleb128 0x3a
 1338 007e 0B       		.uleb128 0xb
 1339 007f 3B       		.uleb128 0x3b
 1340 0080 0B       		.uleb128 0xb
 1341 0081 01       		.uleb128 0x1
 1342 0082 13       		.uleb128 0x13
 1343 0083 00       		.byte	0
 1344 0084 00       		.byte	0
 1345 0085 0C       		.uleb128 0xc
 1346 0086 0D       		.uleb128 0xd
 1347 0087 00       		.byte	0
 1348 0088 03       		.uleb128 0x3
 1349 0089 08       		.uleb128 0x8
 1350 008a 3A       		.uleb128 0x3a
 1351 008b 0B       		.uleb128 0xb
 1352 008c 3B       		.uleb128 0x3b
 1353 008d 0B       		.uleb128 0xb
 1354 008e 49       		.uleb128 0x49
 1355 008f 13       		.uleb128 0x13
 1356 0090 00       		.byte	0
 1357 0091 00       		.byte	0
 1358 0092 0D       		.uleb128 0xd
 1359 0093 2E       		.uleb128 0x2e
 1360 0094 00       		.byte	0
 1361 0095 03       		.uleb128 0x3
 1362 0096 0E       		.uleb128 0xe
 1363 0097 3A       		.uleb128 0x3a
 1364 0098 0B       		.uleb128 0xb
 1365 0099 3B       		.uleb128 0x3b
 1366 009a 05       		.uleb128 0x5
 1367 009b 27       		.uleb128 0x27
 1368 009c 19       		.uleb128 0x19
ARM GAS  C:\Users\ADMINI~1\AppData\Local\Temp\ccHWHD8D.s 			page 25


 1369 009d 20       		.uleb128 0x20
 1370 009e 0B       		.uleb128 0xb
 1371 009f 00       		.byte	0
 1372 00a0 00       		.byte	0
 1373 00a1 0E       		.uleb128 0xe
 1374 00a2 2E       		.uleb128 0x2e
 1375 00a3 00       		.byte	0
 1376 00a4 03       		.uleb128 0x3
 1377 00a5 0E       		.uleb128 0xe
 1378 00a6 3A       		.uleb128 0x3a
 1379 00a7 0B       		.uleb128 0xb
 1380 00a8 3B       		.uleb128 0x3b
 1381 00a9 0B       		.uleb128 0xb
 1382 00aa 27       		.uleb128 0x27
 1383 00ab 19       		.uleb128 0x19
 1384 00ac 20       		.uleb128 0x20
 1385 00ad 0B       		.uleb128 0xb
 1386 00ae 00       		.byte	0
 1387 00af 00       		.byte	0
 1388 00b0 0F       		.uleb128 0xf
 1389 00b1 2E       		.uleb128 0x2e
 1390 00b2 01       		.byte	0x1
 1391 00b3 3F       		.uleb128 0x3f
 1392 00b4 19       		.uleb128 0x19
 1393 00b5 03       		.uleb128 0x3
 1394 00b6 0E       		.uleb128 0xe
 1395 00b7 3A       		.uleb128 0x3a
 1396 00b8 0B       		.uleb128 0xb
 1397 00b9 3B       		.uleb128 0x3b
 1398 00ba 0B       		.uleb128 0xb
 1399 00bb 27       		.uleb128 0x27
 1400 00bc 19       		.uleb128 0x19
 1401 00bd 11       		.uleb128 0x11
 1402 00be 01       		.uleb128 0x1
 1403 00bf 12       		.uleb128 0x12
 1404 00c0 06       		.uleb128 0x6
 1405 00c1 40       		.uleb128 0x40
 1406 00c2 18       		.uleb128 0x18
 1407 00c3 9742     		.uleb128 0x2117
 1408 00c5 19       		.uleb128 0x19
 1409 00c6 01       		.uleb128 0x1
 1410 00c7 13       		.uleb128 0x13
 1411 00c8 00       		.byte	0
 1412 00c9 00       		.byte	0
 1413 00ca 10       		.uleb128 0x10
 1414 00cb 898201   		.uleb128 0x4109
 1415 00ce 01       		.byte	0x1
 1416 00cf 11       		.uleb128 0x11
 1417 00d0 01       		.uleb128 0x1
 1418 00d1 31       		.uleb128 0x31
 1419 00d2 13       		.uleb128 0x13
 1420 00d3 01       		.uleb128 0x1
 1421 00d4 13       		.uleb128 0x13
 1422 00d5 00       		.byte	0
 1423 00d6 00       		.byte	0
 1424 00d7 11       		.uleb128 0x11
 1425 00d8 8A8201   		.uleb128 0x410a
ARM GAS  C:\Users\ADMINI~1\AppData\Local\Temp\ccHWHD8D.s 			page 26


 1426 00db 00       		.byte	0
 1427 00dc 02       		.uleb128 0x2
 1428 00dd 18       		.uleb128 0x18
 1429 00de 9142     		.uleb128 0x2111
 1430 00e0 18       		.uleb128 0x18
 1431 00e1 00       		.byte	0
 1432 00e2 00       		.byte	0
 1433 00e3 12       		.uleb128 0x12
 1434 00e4 898201   		.uleb128 0x4109
 1435 00e7 01       		.byte	0x1
 1436 00e8 11       		.uleb128 0x11
 1437 00e9 01       		.uleb128 0x1
 1438 00ea 31       		.uleb128 0x31
 1439 00eb 13       		.uleb128 0x13
 1440 00ec 00       		.byte	0
 1441 00ed 00       		.byte	0
 1442 00ee 13       		.uleb128 0x13
 1443 00ef 05       		.uleb128 0x5
 1444 00f0 00       		.byte	0
 1445 00f1 03       		.uleb128 0x3
 1446 00f2 0E       		.uleb128 0xe
 1447 00f3 3A       		.uleb128 0x3a
 1448 00f4 0B       		.uleb128 0xb
 1449 00f5 3B       		.uleb128 0x3b
 1450 00f6 0B       		.uleb128 0xb
 1451 00f7 49       		.uleb128 0x49
 1452 00f8 13       		.uleb128 0x13
 1453 00f9 02       		.uleb128 0x2
 1454 00fa 18       		.uleb128 0x18
 1455 00fb 00       		.byte	0
 1456 00fc 00       		.byte	0
 1457 00fd 14       		.uleb128 0x14
 1458 00fe 1D       		.uleb128 0x1d
 1459 00ff 01       		.byte	0x1
 1460 0100 31       		.uleb128 0x31
 1461 0101 13       		.uleb128 0x13
 1462 0102 11       		.uleb128 0x11
 1463 0103 01       		.uleb128 0x1
 1464 0104 12       		.uleb128 0x12
 1465 0105 06       		.uleb128 0x6
 1466 0106 58       		.uleb128 0x58
 1467 0107 0B       		.uleb128 0xb
 1468 0108 59       		.uleb128 0x59
 1469 0109 0B       		.uleb128 0xb
 1470 010a 01       		.uleb128 0x1
 1471 010b 13       		.uleb128 0x13
 1472 010c 00       		.byte	0
 1473 010d 00       		.byte	0
 1474 010e 15       		.uleb128 0x15
 1475 010f 1D       		.uleb128 0x1d
 1476 0110 00       		.byte	0
 1477 0111 31       		.uleb128 0x31
 1478 0112 13       		.uleb128 0x13
 1479 0113 11       		.uleb128 0x11
 1480 0114 01       		.uleb128 0x1
 1481 0115 12       		.uleb128 0x12
 1482 0116 06       		.uleb128 0x6
ARM GAS  C:\Users\ADMINI~1\AppData\Local\Temp\ccHWHD8D.s 			page 27


 1483 0117 58       		.uleb128 0x58
 1484 0118 0B       		.uleb128 0xb
 1485 0119 59       		.uleb128 0x59
 1486 011a 0B       		.uleb128 0xb
 1487 011b 00       		.byte	0
 1488 011c 00       		.byte	0
 1489 011d 16       		.uleb128 0x16
 1490 011e 0B       		.uleb128 0xb
 1491 011f 01       		.byte	0x1
 1492 0120 11       		.uleb128 0x11
 1493 0121 01       		.uleb128 0x1
 1494 0122 12       		.uleb128 0x12
 1495 0123 06       		.uleb128 0x6
 1496 0124 00       		.byte	0
 1497 0125 00       		.byte	0
 1498 0126 17       		.uleb128 0x17
 1499 0127 34       		.uleb128 0x34
 1500 0128 00       		.byte	0
 1501 0129 03       		.uleb128 0x3
 1502 012a 08       		.uleb128 0x8
 1503 012b 3A       		.uleb128 0x3a
 1504 012c 0B       		.uleb128 0xb
 1505 012d 3B       		.uleb128 0x3b
 1506 012e 0B       		.uleb128 0xb
 1507 012f 49       		.uleb128 0x49
 1508 0130 13       		.uleb128 0x13
 1509 0131 02       		.uleb128 0x2
 1510 0132 17       		.uleb128 0x17
 1511 0133 00       		.byte	0
 1512 0134 00       		.byte	0
 1513 0135 18       		.uleb128 0x18
 1514 0136 0B       		.uleb128 0xb
 1515 0137 01       		.byte	0x1
 1516 0138 55       		.uleb128 0x55
 1517 0139 17       		.uleb128 0x17
 1518 013a 00       		.byte	0
 1519 013b 00       		.byte	0
 1520 013c 19       		.uleb128 0x19
 1521 013d 34       		.uleb128 0x34
 1522 013e 00       		.byte	0
 1523 013f 03       		.uleb128 0x3
 1524 0140 0E       		.uleb128 0xe
 1525 0141 3A       		.uleb128 0x3a
 1526 0142 0B       		.uleb128 0xb
 1527 0143 3B       		.uleb128 0x3b
 1528 0144 0B       		.uleb128 0xb
 1529 0145 49       		.uleb128 0x49
 1530 0146 13       		.uleb128 0x13
 1531 0147 02       		.uleb128 0x2
 1532 0148 17       		.uleb128 0x17
 1533 0149 00       		.byte	0
 1534 014a 00       		.byte	0
 1535 014b 1A       		.uleb128 0x1a
 1536 014c 1D       		.uleb128 0x1d
 1537 014d 01       		.byte	0x1
 1538 014e 31       		.uleb128 0x31
 1539 014f 13       		.uleb128 0x13
ARM GAS  C:\Users\ADMINI~1\AppData\Local\Temp\ccHWHD8D.s 			page 28


 1540 0150 11       		.uleb128 0x11
 1541 0151 01       		.uleb128 0x1
 1542 0152 12       		.uleb128 0x12
 1543 0153 06       		.uleb128 0x6
 1544 0154 58       		.uleb128 0x58
 1545 0155 0B       		.uleb128 0xb
 1546 0156 59       		.uleb128 0x59
 1547 0157 0B       		.uleb128 0xb
 1548 0158 00       		.byte	0
 1549 0159 00       		.byte	0
 1550 015a 1B       		.uleb128 0x1b
 1551 015b 34       		.uleb128 0x34
 1552 015c 00       		.byte	0
 1553 015d 03       		.uleb128 0x3
 1554 015e 0E       		.uleb128 0xe
 1555 015f 3A       		.uleb128 0x3a
 1556 0160 0B       		.uleb128 0xb
 1557 0161 3B       		.uleb128 0x3b
 1558 0162 0B       		.uleb128 0xb
 1559 0163 49       		.uleb128 0x49
 1560 0164 13       		.uleb128 0x13
 1561 0165 02       		.uleb128 0x2
 1562 0166 18       		.uleb128 0x18
 1563 0167 00       		.byte	0
 1564 0168 00       		.byte	0
 1565 0169 1C       		.uleb128 0x1c
 1566 016a 34       		.uleb128 0x34
 1567 016b 00       		.byte	0
 1568 016c 03       		.uleb128 0x3
 1569 016d 0E       		.uleb128 0xe
 1570 016e 3A       		.uleb128 0x3a
 1571 016f 0B       		.uleb128 0xb
 1572 0170 3B       		.uleb128 0x3b
 1573 0171 05       		.uleb128 0x5
 1574 0172 49       		.uleb128 0x49
 1575 0173 13       		.uleb128 0x13
 1576 0174 3F       		.uleb128 0x3f
 1577 0175 19       		.uleb128 0x19
 1578 0176 3C       		.uleb128 0x3c
 1579 0177 19       		.uleb128 0x19
 1580 0178 00       		.byte	0
 1581 0179 00       		.byte	0
 1582 017a 1D       		.uleb128 0x1d
 1583 017b 2E       		.uleb128 0x2e
 1584 017c 01       		.byte	0x1
 1585 017d 3F       		.uleb128 0x3f
 1586 017e 19       		.uleb128 0x19
 1587 017f 03       		.uleb128 0x3
 1588 0180 0E       		.uleb128 0xe
 1589 0181 3A       		.uleb128 0x3a
 1590 0182 0B       		.uleb128 0xb
 1591 0183 3B       		.uleb128 0x3b
 1592 0184 05       		.uleb128 0x5
 1593 0185 27       		.uleb128 0x27
 1594 0186 19       		.uleb128 0x19
 1595 0187 3C       		.uleb128 0x3c
 1596 0188 19       		.uleb128 0x19
ARM GAS  C:\Users\ADMINI~1\AppData\Local\Temp\ccHWHD8D.s 			page 29


 1597 0189 00       		.byte	0
 1598 018a 00       		.byte	0
 1599 018b 1E       		.uleb128 0x1e
 1600 018c 05       		.uleb128 0x5
 1601 018d 00       		.byte	0
 1602 018e 49       		.uleb128 0x49
 1603 018f 13       		.uleb128 0x13
 1604 0190 00       		.byte	0
 1605 0191 00       		.byte	0
 1606 0192 00       		.byte	0
 1607              		.section	.debug_loc,"",%progbits
 1608              	.Ldebug_loc0:
 1609              	.LLST0:
 1610 0000 16000000 		.4byte	.LVL5
 1611 0004 24000000 		.4byte	.LVL6
 1612 0008 0200     		.2byte	0x2
 1613 000a 30       		.byte	0x30
 1614 000b 9F       		.byte	0x9f
 1615 000c 24000000 		.4byte	.LVL6
 1616 0010 90000000 		.4byte	.LVL17
 1617 0014 0100     		.2byte	0x1
 1618 0016 59       		.byte	0x59
 1619 0017 94000000 		.4byte	.LVL18
 1620 001b A0000000 		.4byte	.LFE119
 1621 001f 0100     		.2byte	0x1
 1622 0021 59       		.byte	0x59
 1623 0022 00000000 		.4byte	0
 1624 0026 00000000 		.4byte	0
 1625              	.LLST1:
 1626 002a 2C000000 		.4byte	.LVL7
 1627 002e 48000000 		.4byte	.LVL9
 1628 0032 0100     		.2byte	0x1
 1629 0034 54       		.byte	0x54
 1630 0035 4A000000 		.4byte	.LVL10
 1631 0039 90000000 		.4byte	.LVL17
 1632 003d 0100     		.2byte	0x1
 1633 003f 54       		.byte	0x54
 1634 0040 00000000 		.4byte	0
 1635 0044 00000000 		.4byte	0
 1636              	.LLST2:
 1637 0048 2C000000 		.4byte	.LVL7
 1638 004c 34000000 		.4byte	.LVL8
 1639 0050 0200     		.2byte	0x2
 1640 0052 30       		.byte	0x30
 1641 0053 9F       		.byte	0x9f
 1642 0054 34000000 		.4byte	.LVL8
 1643 0058 64000000 		.4byte	.LVL11
 1644 005c 0100     		.2byte	0x1
 1645 005e 53       		.byte	0x53
 1646 005f 66000000 		.4byte	.LVL12
 1647 0063 90000000 		.4byte	.LVL17
 1648 0067 0100     		.2byte	0x1
 1649 0069 53       		.byte	0x53
 1650 006a 00000000 		.4byte	0
 1651 006e 00000000 		.4byte	0
 1652              	.LLST3:
 1653 0072 2C000000 		.4byte	.LVL7
ARM GAS  C:\Users\ADMINI~1\AppData\Local\Temp\ccHWHD8D.s 			page 30


 1654 0076 34000000 		.4byte	.LVL8
 1655 007a 0200     		.2byte	0x2
 1656 007c 30       		.byte	0x30
 1657 007d 9F       		.byte	0x9f
 1658 007e 34000000 		.4byte	.LVL8
 1659 0082 7C000000 		.4byte	.LVL14
 1660 0086 0500     		.2byte	0x5
 1661 0088 38       		.byte	0x38
 1662 0089 76       		.byte	0x76
 1663 008a 00       		.sleb128 0
 1664 008b 1C       		.byte	0x1c
 1665 008c 9F       		.byte	0x9f
 1666 008d 7C000000 		.4byte	.LVL14
 1667 0091 80000000 		.4byte	.LVL15
 1668 0095 0500     		.2byte	0x5
 1669 0097 37       		.byte	0x37
 1670 0098 76       		.byte	0x76
 1671 0099 00       		.sleb128 0
 1672 009a 1C       		.byte	0x1c
 1673 009b 9F       		.byte	0x9f
 1674 009c 00000000 		.4byte	0
 1675 00a0 00000000 		.4byte	0
 1676              		.section	.debug_aranges,"",%progbits
 1677 0000 34000000 		.4byte	0x34
 1678 0004 0200     		.2byte	0x2
 1679 0006 00000000 		.4byte	.Ldebug_info0
 1680 000a 04       		.byte	0x4
 1681 000b 00       		.byte	0
 1682 000c 0000     		.2byte	0
 1683 000e 0000     		.2byte	0
 1684 0010 00000000 		.4byte	.LFB118
 1685 0014 54000000 		.4byte	.LFE118-.LFB118
 1686 0018 00000000 		.4byte	.LFB119
 1687 001c A0000000 		.4byte	.LFE119-.LFB119
 1688 0020 00000000 		.4byte	.LFB120
 1689 0024 18000000 		.4byte	.LFE120-.LFB120
 1690 0028 00000000 		.4byte	.LFB121
 1691 002c 18000000 		.4byte	.LFE121-.LFB121
 1692 0030 00000000 		.4byte	0
 1693 0034 00000000 		.4byte	0
 1694              		.section	.debug_ranges,"",%progbits
 1695              	.Ldebug_ranges0:
 1696 0000 1A000000 		.4byte	.LBB101
 1697 0004 20000000 		.4byte	.LBE101
 1698 0008 24000000 		.4byte	.LBB130
 1699 000c 88000000 		.4byte	.LBE130
 1700 0010 94000000 		.4byte	.LBB131
 1701 0014 A0000000 		.4byte	.LBE131
 1702 0018 00000000 		.4byte	0
 1703 001c 00000000 		.4byte	0
 1704 0020 1A000000 		.4byte	.LBB102
 1705 0024 20000000 		.4byte	.LBE102
 1706 0028 30000000 		.4byte	.LBB129
 1707 002c 82000000 		.4byte	.LBE129
 1708 0030 00000000 		.4byte	0
 1709 0034 00000000 		.4byte	0
 1710 0038 00000000 		.4byte	.LFB118
ARM GAS  C:\Users\ADMINI~1\AppData\Local\Temp\ccHWHD8D.s 			page 31


 1711 003c 54000000 		.4byte	.LFE118
 1712 0040 00000000 		.4byte	.LFB119
 1713 0044 A0000000 		.4byte	.LFE119
 1714 0048 00000000 		.4byte	.LFB120
 1715 004c 18000000 		.4byte	.LFE120
 1716 0050 00000000 		.4byte	.LFB121
 1717 0054 18000000 		.4byte	.LFE121
 1718 0058 00000000 		.4byte	0
 1719 005c 00000000 		.4byte	0
 1720              		.section	.debug_line,"",%progbits
 1721              	.Ldebug_line0:
 1722 0000 2B020000 		.section	.debug_str,"MS",%progbits,1
 1722      02006E01 
 1722      00000201 
 1722      FB0E0D00 
 1722      01010101 
 1723              	.LASF22:
 1724 0000 4F535045 		.ascii	"OSPEEDR\000"
 1724      45445200 
 1725              	.LASF19:
 1726 0008 636C6561 		.ascii	"clear\000"
 1726      7200
 1727              	.LASF18:
 1728 000e 666C6F61 		.ascii	"float\000"
 1728      7400
 1729              	.LASF42:
 1730 0014 7370695F 		.ascii	"spi_sw_end\000"
 1730      73775F65 
 1730      6E6400
 1731              	.LASF33:
 1732 001f 7370695F 		.ascii	"spi_sw_delay\000"
 1732      73775F64 
 1732      656C6179 
 1732      00
 1733              	.LASF39:
 1734 002c 73656E64 		.ascii	"send\000"
 1734      00
 1735              	.LASF24:
 1736 0031 42535252 		.ascii	"BSRR\000"
 1736      00
 1737              	.LASF5:
 1738 0036 5F5F696E 		.ascii	"__int32_t\000"
 1738      7433325F 
 1738      7400
 1739              	.LASF45:
 1740 0040 6E72662F 		.ascii	"nrf/spi_sw.c\000"
 1740      7370695F 
 1740      73772E63 
 1740      00
 1741              	.LASF2:
 1742 004d 73686F72 		.ascii	"short int\000"
 1742      7420696E 
 1742      7400
 1743              	.LASF20:
 1744 0057 4D4F4445 		.ascii	"MODER\000"
 1744      5200
 1745              	.LASF43:
ARM GAS  C:\Users\ADMINI~1\AppData\Local\Temp\ccHWHD8D.s 			page 32


 1746 005d 696E6974 		.ascii	"init_done\000"
 1746      5F646F6E 
 1746      6500
 1747              	.LASF29:
 1748 0067 696F706F 		.ascii	"ioportmask_t\000"
 1748      72746D61 
 1748      736B5F74 
 1748      00
 1749              	.LASF32:
 1750 0074 5F5F4E4F 		.ascii	"__NOP\000"
 1750      5000
 1751              	.LASF21:
 1752 007a 4F545950 		.ascii	"OTYPER\000"
 1752      455200
 1753              	.LASF30:
 1754 0081 696F6D6F 		.ascii	"iomode_t\000"
 1754      64655F74 
 1754      00
 1755              	.LASF10:
 1756 008a 6C6F6E67 		.ascii	"long long unsigned int\000"
 1756      206C6F6E 
 1756      6720756E 
 1756      7369676E 
 1756      65642069 
 1757              	.LASF41:
 1758 00a1 7370695F 		.ascii	"spi_sw_begin\000"
 1758      73775F62 
 1758      6567696E 
 1758      00
 1759              	.LASF1:
 1760 00ae 756E7369 		.ascii	"unsigned char\000"
 1760      676E6564 
 1760      20636861 
 1760      7200
 1761              	.LASF27:
 1762 00bc 41465248 		.ascii	"AFRH\000"
 1762      00
 1763              	.LASF8:
 1764 00c1 6C6F6E67 		.ascii	"long unsigned int\000"
 1764      20756E73 
 1764      69676E65 
 1764      6420696E 
 1764      7400
 1765              	.LASF3:
 1766 00d3 73686F72 		.ascii	"short unsigned int\000"
 1766      7420756E 
 1766      7369676E 
 1766      65642069 
 1766      6E7400
 1767              	.LASF26:
 1768 00e6 4146524C 		.ascii	"AFRL\000"
 1768      00
 1769              	.LASF47:
 1770 00eb 49544D5F 		.ascii	"ITM_RxBuffer\000"
 1770      52784275 
 1770      66666572 
 1770      00
ARM GAS  C:\Users\ADMINI~1\AppData\Local\Temp\ccHWHD8D.s 			page 33


 1771              	.LASF4:
 1772 00f8 5F5F7569 		.ascii	"__uint16_t\000"
 1772      6E743136 
 1772      5F7400
 1773              	.LASF7:
 1774 0103 5F5F7569 		.ascii	"__uint32_t\000"
 1774      6E743332 
 1774      5F7400
 1775              	.LASF37:
 1776 010e 6F75745F 		.ascii	"out_buf\000"
 1776      62756600 
 1777              	.LASF48:
 1778 0116 5F70616C 		.ascii	"_pal_lld_setgroupmode\000"
 1778      5F6C6C64 
 1778      5F736574 
 1778      67726F75 
 1778      706D6F64 
 1779              	.LASF11:
 1780 012c 756E7369 		.ascii	"unsigned int\000"
 1780      676E6564 
 1780      20696E74 
 1780      00
 1781              	.LASF28:
 1782 0139 4750494F 		.ascii	"GPIO_TypeDef\000"
 1782      5F547970 
 1782      65446566 
 1782      00
 1783              	.LASF17:
 1784 0146 63686172 		.ascii	"char\000"
 1784      00
 1785              	.LASF40:
 1786 014b 72656369 		.ascii	"recieve\000"
 1786      65766500 
 1787              	.LASF34:
 1788 0153 7370695F 		.ascii	"spi_sw_init\000"
 1788      73775F69 
 1788      6E697400 
 1789              	.LASF36:
 1790 015f 696E5F62 		.ascii	"in_buf\000"
 1790      756600
 1791              	.LASF13:
 1792 0166 696E7433 		.ascii	"int32_t\000"
 1792      325F7400 
 1793              	.LASF16:
 1794 016e 73697A65 		.ascii	"sizetype\000"
 1794      74797065 
 1794      00
 1795              	.LASF23:
 1796 0177 50555044 		.ascii	"PUPDR\000"
 1796      5200
 1797              	.LASF9:
 1798 017d 6C6F6E67 		.ascii	"long long int\000"
 1798      206C6F6E 
 1798      6720696E 
 1798      7400
 1799              	.LASF35:
 1800 018b 7370695F 		.ascii	"spi_sw_transfer\000"
ARM GAS  C:\Users\ADMINI~1\AppData\Local\Temp\ccHWHD8D.s 			page 34


 1800      73775F74 
 1800      72616E73 
 1800      66657200 
 1801              	.LASF46:
 1802 019b 563A5C6F 		.ascii	"V:\\oroca_bldc_dev\000"
 1802      726F6361 
 1802      5F626C64 
 1802      635F6465 
 1802      7600
 1803              	.LASF31:
 1804 01ad 696F706F 		.ascii	"ioportid_t\000"
 1804      72746964 
 1804      5F7400
 1805              	.LASF12:
 1806 01b8 75696E74 		.ascii	"uint16_t\000"
 1806      31365F74 
 1806      00
 1807              	.LASF44:
 1808 01c1 474E5520 		.ascii	"GNU C 4.9.3 20150529 (release) [ARM/embedded-4_9-br"
 1808      4320342E 
 1808      392E3320 
 1808      32303135 
 1808      30353239 
 1809 01f4 616E6368 		.ascii	"anch revision 224288] -mcpu=cortex-m4 -mfloat-abi=h"
 1809      20726576 
 1809      6973696F 
 1809      6E203232 
 1809      34323838 
 1810 0227 61726420 		.ascii	"ard -mfpu=fpv4-sp-d16 -mno-thumb-interwork -mthumb "
 1810      2D6D6670 
 1810      753D6670 
 1810      76342D73 
 1810      702D6431 
 1811 025a 2D676764 		.ascii	"-ggdb -O2 -std=gnu99 -fomit-frame-pointer -falign-f"
 1811      62202D4F 
 1811      32202D73 
 1811      74643D67 
 1811      6E753939 
 1812 028d 756E6374 		.ascii	"unctions=16 -ffunction-sections -fdata-sections -fn"
 1812      696F6E73 
 1812      3D313620 
 1812      2D666675 
 1812      6E637469 
 1813 02c0 6F2D636F 		.ascii	"o-common -fsingle-precision-constant\000"
 1813      6D6D6F6E 
 1813      202D6673 
 1813      696E676C 
 1813      652D7072 
 1814              	.LASF14:
 1815 02e5 75696E74 		.ascii	"uint32_t\000"
 1815      33325F74 
 1815      00
 1816              	.LASF6:
 1817 02ee 6C6F6E67 		.ascii	"long int\000"
 1817      20696E74 
 1817      00
 1818              	.LASF0:
ARM GAS  C:\Users\ADMINI~1\AppData\Local\Temp\ccHWHD8D.s 			page 35


 1819 02f7 7369676E 		.ascii	"signed char\000"
 1819      65642063 
 1819      68617200 
 1820              	.LASF15:
 1821 0303 5F426F6F 		.ascii	"_Bool\000"
 1821      6C00
 1822              	.LASF38:
 1823 0309 6C656E67 		.ascii	"length\000"
 1823      746800
 1824              	.LASF25:
 1825 0310 4C434B52 		.ascii	"LCKR\000"
 1825      00
 1826              		.ident	"GCC: (GNU Tools for ARM Embedded Processors) 4.9.3 20150529 (release) [ARM/embedded-4_9-br
ARM GAS  C:\Users\ADMINI~1\AppData\Local\Temp\ccHWHD8D.s 			page 36


DEFINED SYMBOLS
                            *ABS*:00000000 spi_sw.c
C:\Users\ADMINI~1\AppData\Local\Temp\ccHWHD8D.s:21     .text.spi_sw_init:00000000 $t
C:\Users\ADMINI~1\AppData\Local\Temp\ccHWHD8D.s:27     .text.spi_sw_init:00000000 spi_sw_init
C:\Users\ADMINI~1\AppData\Local\Temp\ccHWHD8D.s:89     .text.spi_sw_init:00000044 $d
C:\Users\ADMINI~1\AppData\Local\Temp\ccHWHD8D.s:97     .text.spi_sw_transfer:00000000 $t
C:\Users\ADMINI~1\AppData\Local\Temp\ccHWHD8D.s:103    .text.spi_sw_transfer:00000000 spi_sw_transfer
C:\Users\ADMINI~1\AppData\Local\Temp\ccHWHD8D.s:372    .text.spi_sw_transfer:00000098 $d
C:\Users\ADMINI~1\AppData\Local\Temp\ccHWHD8D.s:380    .text.spi_sw_begin:00000000 $t
C:\Users\ADMINI~1\AppData\Local\Temp\ccHWHD8D.s:386    .text.spi_sw_begin:00000000 spi_sw_begin
C:\Users\ADMINI~1\AppData\Local\Temp\ccHWHD8D.s:449    .text.spi_sw_begin:00000014 $d
C:\Users\ADMINI~1\AppData\Local\Temp\ccHWHD8D.s:457    .text.spi_sw_end:00000000 $t
C:\Users\ADMINI~1\AppData\Local\Temp\ccHWHD8D.s:463    .text.spi_sw_end:00000000 spi_sw_end
C:\Users\ADMINI~1\AppData\Local\Temp\ccHWHD8D.s:529    .text.spi_sw_end:00000014 $d
C:\Users\ADMINI~1\AppData\Local\Temp\ccHWHD8D.s:537    .bss.init_done:00000000 init_done
C:\Users\ADMINI~1\AppData\Local\Temp\ccHWHD8D.s:538    .bss.init_done:00000000 $d
                     .debug_frame:00000010 $d

UNDEFINED SYMBOLS
_pal_lld_setgroupmode
