ARM GAS  C:\Users\jsyoon\AppData\Local\Temp\cchTVcld.s 			page 1


   1              		.syntax unified
   2              		.cpu cortex-m4
   3              		.eabi_attribute 27, 3
   4              		.eabi_attribute 28, 1
   5              		.fpu fpv4-sp-d16
   6              		.eabi_attribute 20, 1
   7              		.eabi_attribute 21, 1
   8              		.eabi_attribute 23, 3
   9              		.eabi_attribute 24, 1
  10              		.eabi_attribute 25, 1
  11              		.eabi_attribute 26, 1
  12              		.eabi_attribute 30, 2
  13              		.eabi_attribute 34, 1
  14              		.eabi_attribute 18, 4
  15              		.thumb
  16              		.file	"stm32f4xx_dcmi.c"
  17              		.text
  18              	.Ltext0:
  19              		.cfi_sections	.debug_frame
  20              		.section	.text.DCMI_DeInit,"ax",%progbits
  21              		.align	2
  22              		.p2align 4,,15
  23              		.global	DCMI_DeInit
  24              		.thumb
  25              		.thumb_func
  26              		.type	DCMI_DeInit, %function
  27              	DCMI_DeInit:
  28              	.LFB111:
  29              		.file 1 "ChibiOS_2.6.6/ext/stdperiph_stm32f4/src/stm32f4xx_dcmi.c"
  30              		.loc 1 129 0
  31              		.cfi_startproc
  32              		@ args = 0, pretend = 0, frame = 0
  33              		@ frame_needed = 0, uses_anonymous_args = 0
  34              		@ link register save eliminated.
  35              		.loc 1 130 0
  36 0000 054B     		ldr	r3, .L2
  37 0002 0022     		movs	r2, #0
  38              		.loc 1 132 0
  39 0004 1F21     		movs	r1, #31
  40              		.loc 1 130 0
  41 0006 1A60     		str	r2, [r3]
  42              		.loc 1 131 0
  43 0008 DA60     		str	r2, [r3, #12]
  44              		.loc 1 132 0
  45 000a 5961     		str	r1, [r3, #20]
  46              		.loc 1 133 0
  47 000c 9A61     		str	r2, [r3, #24]
  48              		.loc 1 134 0
  49 000e DA61     		str	r2, [r3, #28]
  50              		.loc 1 135 0
  51 0010 1A62     		str	r2, [r3, #32]
  52              		.loc 1 136 0
  53 0012 5A62     		str	r2, [r3, #36]
  54 0014 7047     		bx	lr
  55              	.L3:
  56 0016 00BF     		.align	2
  57              	.L2:
ARM GAS  C:\Users\jsyoon\AppData\Local\Temp\cchTVcld.s 			page 2


  58 0018 00000550 		.word	1342504960
  59              		.cfi_endproc
  60              	.LFE111:
  61              		.size	DCMI_DeInit, .-DCMI_DeInit
  62 001c AFF30080 		.section	.text.DCMI_Init,"ax",%progbits
  63              		.align	2
  64              		.p2align 4,,15
  65              		.global	DCMI_Init
  66              		.thumb
  67              		.thumb_func
  68              		.type	DCMI_Init, %function
  69              	DCMI_Init:
  70              	.LFB112:
  71              		.loc 1 146 0
  72              		.cfi_startproc
  73              		@ args = 0, pretend = 0, frame = 0
  74              		@ frame_needed = 0, uses_anonymous_args = 0
  75              		@ link register save eliminated.
  76              	.LVL0:
  77              		.loc 1 160 0
  78 0000 104B     		ldr	r3, .L5
  79              		.loc 1 175 0
  80 0002 B0F802C0 		ldrh	ip, [r0, #2]
  81              		.loc 1 160 0
  82 0006 1968     		ldr	r1, [r3]
  83              		.loc 1 175 0
  84 0008 0289     		ldrh	r2, [r0, #8]
  85              		.loc 1 146 0
  86 000a F0B4     		push	{r4, r5, r6, r7}
  87              		.cfi_def_cfa_offset 16
  88              		.cfi_offset 4, -16
  89              		.cfi_offset 5, -12
  90              		.cfi_offset 6, -8
  91              		.cfi_offset 7, -4
  92              		.loc 1 175 0
  93 000c 0588     		ldrh	r5, [r0]
  94 000e 8788     		ldrh	r7, [r0, #4]
  95 0010 C688     		ldrh	r6, [r0, #6]
  96 0012 4489     		ldrh	r4, [r0, #10]
  97 0014 8089     		ldrh	r0, [r0, #12]
  98              	.LVL1:
  99 0016 4CEA0505 		orr	r5, ip, r5
 100              		.loc 1 160 0
 101 001a 21F48041 		bic	r1, r1, #16384
 102              		.loc 1 175 0
 103 001e 3D43     		orrs	r5, r5, r7
 104              		.loc 1 160 0
 105 0020 21F00101 		bic	r1, r1, #1
 106 0024 1960     		str	r1, [r3]
 107              		.loc 1 175 0
 108 0026 3543     		orrs	r5, r5, r6
 109 0028 45EA0201 		orr	r1, r5, r2
 110              		.loc 1 163 0
 111 002c 1A68     		ldr	r2, [r3]
 112              	.LVL2:
 113              		.loc 1 175 0
 114 002e 2143     		orrs	r1, r1, r4
ARM GAS  C:\Users\jsyoon\AppData\Local\Temp\cchTVcld.s 			page 3


 115 0030 0143     		orrs	r1, r1, r0
 116              		.loc 1 165 0
 117 0032 22F47F62 		bic	r2, r2, #4080
 118              	.LVL3:
 119              		.loc 1 175 0
 120 0036 89B2     		uxth	r1, r1
 121              		.loc 1 165 0
 122 0038 22F00202 		bic	r2, r2, #2
 123              	.LVL4:
 124              		.loc 1 170 0
 125 003c 0A43     		orrs	r2, r2, r1
 126              	.LVL5:
 127              		.loc 1 178 0
 128 003e 1A60     		str	r2, [r3]
 129              		.loc 1 179 0
 130 0040 F0BC     		pop	{r4, r5, r6, r7}
 131 0042 7047     		bx	lr
 132              	.L6:
 133              		.align	2
 134              	.L5:
 135 0044 00000550 		.word	1342504960
 136              		.cfi_endproc
 137              	.LFE112:
 138              		.size	DCMI_Init, .-DCMI_Init
 139 0048 AFF30080 		.section	.text.DCMI_StructInit,"ax",%progbits
 139      AFF30080 
 140              		.align	2
 141              		.p2align 4,,15
 142              		.global	DCMI_StructInit
 143              		.thumb
 144              		.thumb_func
 145              		.type	DCMI_StructInit, %function
 146              	DCMI_StructInit:
 147              	.LFB113:
 148              		.loc 1 188 0
 149              		.cfi_startproc
 150              		@ args = 0, pretend = 0, frame = 0
 151              		@ frame_needed = 0, uses_anonymous_args = 0
 152              		@ link register save eliminated.
 153              	.LVL6:
 154              		.loc 1 190 0
 155 0000 0023     		movs	r3, #0
 156 0002 0380     		strh	r3, [r0]	@ movhi
 157              		.loc 1 191 0
 158 0004 4380     		strh	r3, [r0, #2]	@ movhi
 159              		.loc 1 192 0
 160 0006 8380     		strh	r3, [r0, #4]	@ movhi
 161              		.loc 1 193 0
 162 0008 C380     		strh	r3, [r0, #6]	@ movhi
 163              		.loc 1 194 0
 164 000a 0381     		strh	r3, [r0, #8]	@ movhi
 165              		.loc 1 195 0
 166 000c 4381     		strh	r3, [r0, #10]	@ movhi
 167              		.loc 1 196 0
 168 000e 8381     		strh	r3, [r0, #12]	@ movhi
 169 0010 7047     		bx	lr
 170              		.cfi_endproc
ARM GAS  C:\Users\jsyoon\AppData\Local\Temp\cchTVcld.s 			page 4


 171              	.LFE113:
 172              		.size	DCMI_StructInit, .-DCMI_StructInit
 173 0012 00BFAFF3 		.section	.text.DCMI_CROPConfig,"ax",%progbits
 173      0080AFF3 
 173      0080AFF3 
 173      0080
 174              		.align	2
 175              		.p2align 4,,15
 176              		.global	DCMI_CROPConfig
 177              		.thumb
 178              		.thumb_func
 179              		.type	DCMI_CROPConfig, %function
 180              	DCMI_CROPConfig:
 181              	.LFB114:
 182              		.loc 1 208 0
 183              		.cfi_startproc
 184              		@ args = 0, pretend = 0, frame = 0
 185              		@ frame_needed = 0, uses_anonymous_args = 0
 186              		@ link register save eliminated.
 187              	.LVL7:
 188 0000 30B4     		push	{r4, r5}
 189              		.cfi_def_cfa_offset 8
 190              		.cfi_offset 4, -8
 191              		.cfi_offset 5, -4
 192              		.loc 1 210 0
 193 0002 4188     		ldrh	r1, [r0, #2]
 194              		.loc 1 211 0
 195 0004 0588     		ldrh	r5, [r0]
 196              		.loc 1 215 0
 197 0006 8488     		ldrh	r4, [r0, #4]
 198              		.loc 1 214 0
 199 0008 C288     		ldrh	r2, [r0, #6]
 200              		.loc 1 210 0
 201 000a 044B     		ldr	r3, .L9
 202 000c 41EA0541 		orr	r1, r1, r5, lsl #16
 203              		.loc 1 214 0
 204 0010 42EA0442 		orr	r2, r2, r4, lsl #16
 205              		.loc 1 210 0
 206 0014 1962     		str	r1, [r3, #32]
 207              		.loc 1 216 0
 208 0016 30BC     		pop	{r4, r5}
 209              		.loc 1 214 0
 210 0018 5A62     		str	r2, [r3, #36]
 211              		.loc 1 216 0
 212 001a 7047     		bx	lr
 213              	.L10:
 214              		.align	2
 215              	.L9:
 216 001c 00000550 		.word	1342504960
 217              		.cfi_endproc
 218              	.LFE114:
 219              		.size	DCMI_CROPConfig, .-DCMI_CROPConfig
 220              		.section	.text.DCMI_CROPCmd,"ax",%progbits
 221              		.align	2
 222              		.p2align 4,,15
 223              		.global	DCMI_CROPCmd
 224              		.thumb
ARM GAS  C:\Users\jsyoon\AppData\Local\Temp\cchTVcld.s 			page 5


 225              		.thumb_func
 226              		.type	DCMI_CROPCmd, %function
 227              	DCMI_CROPCmd:
 228              	.LFB115:
 229              		.loc 1 226 0
 230              		.cfi_startproc
 231              		@ args = 0, pretend = 0, frame = 0
 232              		@ frame_needed = 0, uses_anonymous_args = 0
 233              		@ link register save eliminated.
 234              	.LVL8:
 235              		.loc 1 233 0
 236 0000 054B     		ldr	r3, .L16
 237 0002 1A68     		ldr	r2, [r3]
 238              		.loc 1 230 0
 239 0004 18B9     		cbnz	r0, .L15
 240              		.loc 1 238 0
 241 0006 22F00402 		bic	r2, r2, #4
 242 000a 1A60     		str	r2, [r3]
 243 000c 7047     		bx	lr
 244              	.L15:
 245              		.loc 1 233 0
 246 000e 42F00402 		orr	r2, r2, #4
 247 0012 1A60     		str	r2, [r3]
 248 0014 7047     		bx	lr
 249              	.L17:
 250 0016 00BF     		.align	2
 251              	.L16:
 252 0018 00000550 		.word	1342504960
 253              		.cfi_endproc
 254              	.LFE115:
 255              		.size	DCMI_CROPCmd, .-DCMI_CROPCmd
 256 001c AFF30080 		.section	.text.DCMI_SetEmbeddedSynchroCodes,"ax",%progbits
 257              		.align	2
 258              		.p2align 4,,15
 259              		.global	DCMI_SetEmbeddedSynchroCodes
 260              		.thumb
 261              		.thumb_func
 262              		.type	DCMI_SetEmbeddedSynchroCodes, %function
 263              	DCMI_SetEmbeddedSynchroCodes:
 264              	.LFB116:
 265              		.loc 1 249 0
 266              		.cfi_startproc
 267              		@ args = 0, pretend = 0, frame = 0
 268              		@ frame_needed = 0, uses_anonymous_args = 0
 269              		@ link register save eliminated.
 270              	.LVL9:
 271              		.loc 1 252 0
 272 0000 8278     		ldrb	r2, [r0, #2]	@ zero_extendqisi2
 273              		.loc 1 253 0
 274 0002 C178     		ldrb	r1, [r0, #3]	@ zero_extendqisi2
 275              		.loc 1 250 0
 276 0004 064B     		ldr	r3, .L19
 277              		.loc 1 249 0
 278 0006 30B4     		push	{r4, r5}
 279              		.cfi_def_cfa_offset 8
 280              		.cfi_offset 4, -8
 281              		.cfi_offset 5, -4
ARM GAS  C:\Users\jsyoon\AppData\Local\Temp\cchTVcld.s 			page 6


 282              		.loc 1 251 0
 283 0008 4578     		ldrb	r5, [r0, #1]	@ zero_extendqisi2
 284              		.loc 1 250 0
 285 000a 0478     		ldrb	r4, [r0]	@ zero_extendqisi2
 286              		.loc 1 252 0
 287 000c 1204     		lsls	r2, r2, #16
 288              		.loc 1 250 0
 289 000e 42EA0522 		orr	r2, r2, r5, lsl #8
 290              		.loc 1 251 0
 291 0012 2243     		orrs	r2, r2, r4
 292              		.loc 1 250 0
 293 0014 42EA0162 		orr	r2, r2, r1, lsl #24
 294 0018 9A61     		str	r2, [r3, #24]
 295              		.loc 1 254 0
 296 001a 30BC     		pop	{r4, r5}
 297 001c 7047     		bx	lr
 298              	.L20:
 299 001e 00BF     		.align	2
 300              	.L19:
 301 0020 00000550 		.word	1342504960
 302              		.cfi_endproc
 303              	.LFE116:
 304              		.size	DCMI_SetEmbeddedSynchroCodes, .-DCMI_SetEmbeddedSynchroCodes
 305 0024 AFF30080 		.section	.text.DCMI_JPEGCmd,"ax",%progbits
 305      AFF30080 
 305      AFF30080 
 306              		.align	2
 307              		.p2align 4,,15
 308              		.global	DCMI_JPEGCmd
 309              		.thumb
 310              		.thumb_func
 311              		.type	DCMI_JPEGCmd, %function
 312              	DCMI_JPEGCmd:
 313              	.LFB117:
 314              		.loc 1 264 0
 315              		.cfi_startproc
 316              		@ args = 0, pretend = 0, frame = 0
 317              		@ frame_needed = 0, uses_anonymous_args = 0
 318              		@ link register save eliminated.
 319              	.LVL10:
 320              		.loc 1 271 0
 321 0000 054B     		ldr	r3, .L25
 322 0002 1A68     		ldr	r2, [r3]
 323              		.loc 1 268 0
 324 0004 18B9     		cbnz	r0, .L24
 325              		.loc 1 276 0
 326 0006 22F00802 		bic	r2, r2, #8
 327 000a 1A60     		str	r2, [r3]
 328 000c 7047     		bx	lr
 329              	.L24:
 330              		.loc 1 271 0
 331 000e 42F00802 		orr	r2, r2, #8
 332 0012 1A60     		str	r2, [r3]
 333 0014 7047     		bx	lr
 334              	.L26:
 335 0016 00BF     		.align	2
 336              	.L25:
ARM GAS  C:\Users\jsyoon\AppData\Local\Temp\cchTVcld.s 			page 7


 337 0018 00000550 		.word	1342504960
 338              		.cfi_endproc
 339              	.LFE117:
 340              		.size	DCMI_JPEGCmd, .-DCMI_JPEGCmd
 341 001c AFF30080 		.section	.text.DCMI_Cmd,"ax",%progbits
 342              		.align	2
 343              		.p2align 4,,15
 344              		.global	DCMI_Cmd
 345              		.thumb
 346              		.thumb_func
 347              		.type	DCMI_Cmd, %function
 348              	DCMI_Cmd:
 349              	.LFB118:
 350              		.loc 1 302 0
 351              		.cfi_startproc
 352              		@ args = 0, pretend = 0, frame = 0
 353              		@ frame_needed = 0, uses_anonymous_args = 0
 354              		@ link register save eliminated.
 355              	.LVL11:
 356              		.loc 1 309 0
 357 0000 054B     		ldr	r3, .L31
 358 0002 1A68     		ldr	r2, [r3]
 359              		.loc 1 306 0
 360 0004 18B9     		cbnz	r0, .L30
 361              		.loc 1 314 0
 362 0006 22F48042 		bic	r2, r2, #16384
 363 000a 1A60     		str	r2, [r3]
 364 000c 7047     		bx	lr
 365              	.L30:
 366              		.loc 1 309 0
 367 000e 42F48042 		orr	r2, r2, #16384
 368 0012 1A60     		str	r2, [r3]
 369 0014 7047     		bx	lr
 370              	.L32:
 371 0016 00BF     		.align	2
 372              	.L31:
 373 0018 00000550 		.word	1342504960
 374              		.cfi_endproc
 375              	.LFE118:
 376              		.size	DCMI_Cmd, .-DCMI_Cmd
 377 001c AFF30080 		.section	.text.DCMI_CaptureCmd,"ax",%progbits
 378              		.align	2
 379              		.p2align 4,,15
 380              		.global	DCMI_CaptureCmd
 381              		.thumb
 382              		.thumb_func
 383              		.type	DCMI_CaptureCmd, %function
 384              	DCMI_CaptureCmd:
 385              	.LFB119:
 386              		.loc 1 325 0
 387              		.cfi_startproc
 388              		@ args = 0, pretend = 0, frame = 0
 389              		@ frame_needed = 0, uses_anonymous_args = 0
 390              		@ link register save eliminated.
 391              	.LVL12:
 392              		.loc 1 332 0
 393 0000 054B     		ldr	r3, .L37
ARM GAS  C:\Users\jsyoon\AppData\Local\Temp\cchTVcld.s 			page 8


 394 0002 1A68     		ldr	r2, [r3]
 395              		.loc 1 329 0
 396 0004 18B9     		cbnz	r0, .L36
 397              		.loc 1 337 0
 398 0006 22F00102 		bic	r2, r2, #1
 399 000a 1A60     		str	r2, [r3]
 400 000c 7047     		bx	lr
 401              	.L36:
 402              		.loc 1 332 0
 403 000e 42F00102 		orr	r2, r2, #1
 404 0012 1A60     		str	r2, [r3]
 405 0014 7047     		bx	lr
 406              	.L38:
 407 0016 00BF     		.align	2
 408              	.L37:
 409 0018 00000550 		.word	1342504960
 410              		.cfi_endproc
 411              	.LFE119:
 412              		.size	DCMI_CaptureCmd, .-DCMI_CaptureCmd
 413 001c AFF30080 		.section	.text.DCMI_ReadData,"ax",%progbits
 414              		.align	2
 415              		.p2align 4,,15
 416              		.global	DCMI_ReadData
 417              		.thumb
 418              		.thumb_func
 419              		.type	DCMI_ReadData, %function
 420              	DCMI_ReadData:
 421              	.LFB120:
 422              		.loc 1 347 0
 423              		.cfi_startproc
 424              		@ args = 0, pretend = 0, frame = 0
 425              		@ frame_needed = 0, uses_anonymous_args = 0
 426              		@ link register save eliminated.
 427              		.loc 1 348 0
 428 0000 014B     		ldr	r3, .L40
 429 0002 986A     		ldr	r0, [r3, #40]
 430              		.loc 1 349 0
 431 0004 7047     		bx	lr
 432              	.L41:
 433 0006 00BF     		.align	2
 434              	.L40:
 435 0008 00000550 		.word	1342504960
 436              		.cfi_endproc
 437              	.LFE120:
 438              		.size	DCMI_ReadData, .-DCMI_ReadData
 439 000c AFF30080 		.section	.text.DCMI_ITConfig,"ax",%progbits
 440              		.align	2
 441              		.p2align 4,,15
 442              		.global	DCMI_ITConfig
 443              		.thumb
 444              		.thumb_func
 445              		.type	DCMI_ITConfig, %function
 446              	DCMI_ITConfig:
 447              	.LFB121:
 448              		.loc 1 380 0
 449              		.cfi_startproc
 450              		@ args = 0, pretend = 0, frame = 0
ARM GAS  C:\Users\jsyoon\AppData\Local\Temp\cchTVcld.s 			page 9


 451              		@ frame_needed = 0, uses_anonymous_args = 0
 452              		@ link register save eliminated.
 453              	.LVL13:
 454              		.loc 1 388 0
 455 0000 054B     		ldr	r3, .L46
 456              		.loc 1 385 0
 457 0002 29B9     		cbnz	r1, .L45
 458              		.loc 1 393 0
 459 0004 DA68     		ldr	r2, [r3, #12]
 460 0006 C043     		mvns	r0, r0
 461              	.LVL14:
 462 0008 80B2     		uxth	r0, r0
 463 000a 1040     		ands	r0, r0, r2
 464 000c D860     		str	r0, [r3, #12]
 465 000e 7047     		bx	lr
 466              	.LVL15:
 467              	.L45:
 468              		.loc 1 388 0
 469 0010 DA68     		ldr	r2, [r3, #12]
 470 0012 1043     		orrs	r0, r0, r2
 471              	.LVL16:
 472 0014 D860     		str	r0, [r3, #12]
 473 0016 7047     		bx	lr
 474              	.L47:
 475              		.align	2
 476              	.L46:
 477 0018 00000550 		.word	1342504960
 478              		.cfi_endproc
 479              	.LFE121:
 480              		.size	DCMI_ITConfig, .-DCMI_ITConfig
 481 001c AFF30080 		.section	.text.DCMI_GetFlagStatus,"ax",%progbits
 482              		.align	2
 483              		.p2align 4,,15
 484              		.global	DCMI_GetFlagStatus
 485              		.thumb
 486              		.thumb_func
 487              		.type	DCMI_GetFlagStatus, %function
 488              	DCMI_GetFlagStatus:
 489              	.LFB122:
 490              		.loc 1 417 0
 491              		.cfi_startproc
 492              		@ args = 0, pretend = 0, frame = 0
 493              		@ frame_needed = 0, uses_anonymous_args = 0
 494              		@ link register save eliminated.
 495              	.LVL17:
 496              		.loc 1 427 0
 497 0000 030B     		lsrs	r3, r0, #12
 498              	.LVL18:
 499 0002 06D1     		bne	.L49
 500              		.loc 1 429 0
 501 0004 064B     		ldr	r3, .L52
 502              	.LVL19:
 503 0006 9B68     		ldr	r3, [r3, #8]
 504              	.LVL20:
 505              	.L50:
 506              		.loc 1 440 0
 507 0008 0342     		tst	r3, r0
ARM GAS  C:\Users\jsyoon\AppData\Local\Temp\cchTVcld.s 			page 10


 508              		.loc 1 450 0
 509 000a 0CBF     		ite	eq
 510 000c 0020     		moveq	r0, #0
 511 000e 0120     		movne	r0, #1
 512              	.LVL21:
 513 0010 7047     		bx	lr
 514              	.LVL22:
 515              	.L49:
 516              		.loc 1 431 0
 517 0012 022B     		cmp	r3, #2
 518              		.loc 1 433 0
 519 0014 024B     		ldr	r3, .L52
 520              	.LVL23:
 521 0016 0CBF     		ite	eq
 522 0018 5B68     		ldreq	r3, [r3, #4]
 523              	.LVL24:
 524              		.loc 1 437 0
 525 001a 1B69     		ldrne	r3, [r3, #16]
 526              	.LVL25:
 527 001c F4E7     		b	.L50
 528              	.L53:
 529 001e 00BF     		.align	2
 530              	.L52:
 531 0020 00000550 		.word	1342504960
 532              		.cfi_endproc
 533              	.LFE122:
 534              		.size	DCMI_GetFlagStatus, .-DCMI_GetFlagStatus
 535 0024 AFF30080 		.section	.text.DCMI_ClearFlag,"ax",%progbits
 535      AFF30080 
 535      AFF30080 
 536              		.align	2
 537              		.p2align 4,,15
 538              		.global	DCMI_ClearFlag
 539              		.thumb
 540              		.thumb_func
 541              		.type	DCMI_ClearFlag, %function
 542              	DCMI_ClearFlag:
 543              	.LFB123:
 544              		.loc 1 464 0
 545              		.cfi_startproc
 546              		@ args = 0, pretend = 0, frame = 0
 547              		@ frame_needed = 0, uses_anonymous_args = 0
 548              		@ link register save eliminated.
 549              	.LVL26:
 550              		.loc 1 471 0
 551 0000 014B     		ldr	r3, .L55
 552 0002 5861     		str	r0, [r3, #20]
 553 0004 7047     		bx	lr
 554              	.L56:
 555 0006 00BF     		.align	2
 556              	.L55:
 557 0008 00000550 		.word	1342504960
 558              		.cfi_endproc
 559              	.LFE123:
 560              		.size	DCMI_ClearFlag, .-DCMI_ClearFlag
 561 000c AFF30080 		.section	.text.DCMI_GetITStatus,"ax",%progbits
 562              		.align	2
ARM GAS  C:\Users\jsyoon\AppData\Local\Temp\cchTVcld.s 			page 11


 563              		.p2align 4,,15
 564              		.global	DCMI_GetITStatus
 565              		.thumb
 566              		.thumb_func
 567              		.type	DCMI_GetITStatus, %function
 568              	DCMI_GetITStatus:
 569              	.LFB124:
 570              		.loc 1 486 0
 571              		.cfi_startproc
 572              		@ args = 0, pretend = 0, frame = 0
 573              		@ frame_needed = 0, uses_anonymous_args = 0
 574              		@ link register save eliminated.
 575              	.LVL27:
 576              		.loc 1 493 0
 577 0000 034B     		ldr	r3, .L58
 578 0002 1B69     		ldr	r3, [r3, #16]
 579              	.LVL28:
 580              		.loc 1 495 0
 581 0004 1842     		tst	r0, r3
 582              		.loc 1 504 0
 583 0006 0CBF     		ite	eq
 584 0008 0020     		moveq	r0, #0
 585 000a 0120     		movne	r0, #1
 586              	.LVL29:
 587 000c 7047     		bx	lr
 588              	.L59:
 589 000e 00BF     		.align	2
 590              	.L58:
 591 0010 00000550 		.word	1342504960
 592              		.cfi_endproc
 593              	.LFE124:
 594              		.size	DCMI_GetITStatus, .-DCMI_GetITStatus
 595 0014 AFF30080 		.section	.text.DCMI_ClearITPendingBit,"ax",%progbits
 595      AFF30080 
 595      AFF30080 
 596              		.align	2
 597              		.p2align 4,,15
 598              		.global	DCMI_ClearITPendingBit
 599              		.thumb
 600              		.thumb_func
 601              		.type	DCMI_ClearITPendingBit, %function
 602              	DCMI_ClearITPendingBit:
 603              	.LFB125:
 604              		.loc 1 518 0
 605              		.cfi_startproc
 606              		@ args = 0, pretend = 0, frame = 0
 607              		@ frame_needed = 0, uses_anonymous_args = 0
 608              		@ link register save eliminated.
 609              	.LVL30:
 610              		.loc 1 522 0
 611 0000 014B     		ldr	r3, .L61
 612 0002 5861     		str	r0, [r3, #20]
 613 0004 7047     		bx	lr
 614              	.L62:
 615 0006 00BF     		.align	2
 616              	.L61:
 617 0008 00000550 		.word	1342504960
ARM GAS  C:\Users\jsyoon\AppData\Local\Temp\cchTVcld.s 			page 12


 618              		.cfi_endproc
 619              	.LFE125:
 620              		.size	DCMI_ClearITPendingBit, .-DCMI_ClearITPendingBit
 621 000c AFF30080 		.text
 622              	.Letext0:
 623              		.file 2 "c:\\crosstools\\gcc-arm-embedded\\4.8_2014q2\\arm-none-eabi\\include\\machine\\_default_t
 624              		.file 3 "c:\\crosstools\\gcc-arm-embedded\\4.8_2014q2\\arm-none-eabi\\include\\stdint.h"
 625              		.file 4 "ChibiOS_2.6.6/os/hal/platforms/STM32F4xx/stm32f4xx.h"
 626              		.file 5 "ChibiOS_2.6.6/ext/stdperiph_stm32f4/inc/stm32f4xx_dcmi.h"
 627              		.file 6 "ChibiOS_2.6.6/os/ports/common/ARMCMx/CMSIS/include/core_cm4.h"
 628              		.section	.debug_info,"",%progbits
 629              	.Ldebug_info0:
 630 0000 4C050000 		.4byte	0x54c
 631 0004 0400     		.2byte	0x4
 632 0006 00000000 		.4byte	.Ldebug_abbrev0
 633 000a 04       		.byte	0x4
 634 000b 01       		.uleb128 0x1
 635 000c FC000000 		.4byte	.LASF73
 636 0010 01       		.byte	0x1
 637 0011 6B020000 		.4byte	.LASF74
 638 0015 B9020000 		.4byte	.LASF75
 639 0019 00000000 		.4byte	.Ldebug_ranges0+0
 640 001d 00000000 		.4byte	0
 641 0021 00000000 		.4byte	.Ldebug_line0
 642 0025 02       		.uleb128 0x2
 643 0026 01       		.byte	0x1
 644 0027 06       		.byte	0x6
 645 0028 C5030000 		.4byte	.LASF0
 646 002c 03       		.uleb128 0x3
 647 002d 5F030000 		.4byte	.LASF3
 648 0031 02       		.byte	0x2
 649 0032 1C       		.byte	0x1c
 650 0033 37000000 		.4byte	0x37
 651 0037 02       		.uleb128 0x2
 652 0038 01       		.byte	0x1
 653 0039 08       		.byte	0x8
 654 003a 97030000 		.4byte	.LASF1
 655 003e 02       		.uleb128 0x2
 656 003f 02       		.byte	0x2
 657 0040 05       		.byte	0x5
 658 0041 D9000000 		.4byte	.LASF2
 659 0045 03       		.uleb128 0x3
 660 0046 A6000000 		.4byte	.LASF4
 661 004a 02       		.byte	0x2
 662 004b 26       		.byte	0x26
 663 004c 50000000 		.4byte	0x50
 664 0050 02       		.uleb128 0x2
 665 0051 02       		.byte	0x2
 666 0052 07       		.byte	0x7
 667 0053 43040000 		.4byte	.LASF5
 668 0057 03       		.uleb128 0x3
 669 0058 EB040000 		.4byte	.LASF6
 670 005c 02       		.byte	0x2
 671 005d 37       		.byte	0x37
 672 005e 62000000 		.4byte	0x62
 673 0062 02       		.uleb128 0x2
 674 0063 04       		.byte	0x4
ARM GAS  C:\Users\jsyoon\AppData\Local\Temp\cchTVcld.s 			page 13


 675 0064 05       		.byte	0x5
 676 0065 3B030000 		.4byte	.LASF7
 677 0069 03       		.uleb128 0x3
 678 006a 8B000000 		.4byte	.LASF8
 679 006e 02       		.byte	0x2
 680 006f 38       		.byte	0x38
 681 0070 74000000 		.4byte	0x74
 682 0074 02       		.uleb128 0x2
 683 0075 04       		.byte	0x4
 684 0076 07       		.byte	0x7
 685 0077 A8040000 		.4byte	.LASF9
 686 007b 02       		.uleb128 0x2
 687 007c 08       		.byte	0x8
 688 007d 05       		.byte	0x5
 689 007e 08030000 		.4byte	.LASF10
 690 0082 02       		.uleb128 0x2
 691 0083 08       		.byte	0x8
 692 0084 07       		.byte	0x7
 693 0085 D1030000 		.4byte	.LASF11
 694 0089 04       		.uleb128 0x4
 695 008a 04       		.byte	0x4
 696 008b 05       		.byte	0x5
 697 008c 696E7400 		.ascii	"int\000"
 698 0090 02       		.uleb128 0x2
 699 0091 04       		.byte	0x4
 700 0092 07       		.byte	0x7
 701 0093 69050000 		.4byte	.LASF12
 702 0097 03       		.uleb128 0x3
 703 0098 34020000 		.4byte	.LASF13
 704 009c 03       		.byte	0x3
 705 009d 2A       		.byte	0x2a
 706 009e 2C000000 		.4byte	0x2c
 707 00a2 03       		.uleb128 0x3
 708 00a3 20040000 		.4byte	.LASF14
 709 00a7 03       		.byte	0x3
 710 00a8 36       		.byte	0x36
 711 00a9 45000000 		.4byte	0x45
 712 00ad 03       		.uleb128 0x3
 713 00ae 56040000 		.4byte	.LASF15
 714 00b2 03       		.byte	0x3
 715 00b3 41       		.byte	0x41
 716 00b4 57000000 		.4byte	0x57
 717 00b8 03       		.uleb128 0x3
 718 00b9 F6030000 		.4byte	.LASF16
 719 00bd 03       		.byte	0x3
 720 00be 42       		.byte	0x42
 721 00bf 69000000 		.4byte	0x69
 722 00c3 02       		.uleb128 0x2
 723 00c4 04       		.byte	0x4
 724 00c5 07       		.byte	0x7
 725 00c6 50000000 		.4byte	.LASF17
 726 00ca 05       		.uleb128 0x5
 727 00cb B8000000 		.4byte	0xb8
 728 00cf 05       		.uleb128 0x5
 729 00d0 AD000000 		.4byte	0xad
 730 00d4 06       		.uleb128 0x6
 731 00d5 01       		.byte	0x1
ARM GAS  C:\Users\jsyoon\AppData\Local\Temp\cchTVcld.s 			page 14


 732 00d6 04       		.byte	0x4
 733 00d7 F701     		.2byte	0x1f7
 734 00d9 EA000000 		.4byte	0xea
 735 00dd 07       		.uleb128 0x7
 736 00de F5040000 		.4byte	.LASF18
 737 00e2 00       		.sleb128 0
 738 00e3 08       		.uleb128 0x8
 739 00e4 53455400 		.ascii	"SET\000"
 740 00e8 01       		.sleb128 1
 741 00e9 00       		.byte	0
 742 00ea 09       		.uleb128 0x9
 743 00eb 9B000000 		.4byte	.LASF19
 744 00ef 04       		.byte	0x4
 745 00f0 F701     		.2byte	0x1f7
 746 00f2 D4000000 		.4byte	0xd4
 747 00f6 09       		.uleb128 0x9
 748 00f7 28030000 		.4byte	.LASF20
 749 00fb 04       		.byte	0x4
 750 00fc F701     		.2byte	0x1f7
 751 00fe D4000000 		.4byte	0xd4
 752 0102 06       		.uleb128 0x6
 753 0103 01       		.byte	0x1
 754 0104 04       		.byte	0x4
 755 0105 F901     		.2byte	0x1f9
 756 0107 18010000 		.4byte	0x118
 757 010b 07       		.uleb128 0x7
 758 010c A4020000 		.4byte	.LASF21
 759 0110 00       		.sleb128 0
 760 0111 07       		.uleb128 0x7
 761 0112 90050000 		.4byte	.LASF22
 762 0116 01       		.sleb128 1
 763 0117 00       		.byte	0
 764 0118 09       		.uleb128 0x9
 765 0119 CA040000 		.4byte	.LASF23
 766 011d 04       		.byte	0x4
 767 011e F901     		.2byte	0x1f9
 768 0120 02010000 		.4byte	0x102
 769 0124 0A       		.uleb128 0xa
 770 0125 2C       		.byte	0x2c
 771 0126 04       		.byte	0x4
 772 0127 9E02     		.2byte	0x29e
 773 0129 BA010000 		.4byte	0x1ba
 774 012d 0B       		.uleb128 0xb
 775 012e 435200   		.ascii	"CR\000"
 776 0131 04       		.byte	0x4
 777 0132 A002     		.2byte	0x2a0
 778 0134 CA000000 		.4byte	0xca
 779 0138 00       		.byte	0
 780 0139 0B       		.uleb128 0xb
 781 013a 535200   		.ascii	"SR\000"
 782 013d 04       		.byte	0x4
 783 013e A102     		.2byte	0x2a1
 784 0140 CA000000 		.4byte	0xca
 785 0144 04       		.byte	0x4
 786 0145 0C       		.uleb128 0xc
 787 0146 76050000 		.4byte	.LASF24
 788 014a 04       		.byte	0x4
ARM GAS  C:\Users\jsyoon\AppData\Local\Temp\cchTVcld.s 			page 15


 789 014b A202     		.2byte	0x2a2
 790 014d CA000000 		.4byte	0xca
 791 0151 08       		.byte	0x8
 792 0152 0B       		.uleb128 0xb
 793 0153 49455200 		.ascii	"IER\000"
 794 0157 04       		.byte	0x4
 795 0158 A302     		.2byte	0x2a3
 796 015a CA000000 		.4byte	0xca
 797 015e 0C       		.byte	0xc
 798 015f 0C       		.uleb128 0xc
 799 0160 96000000 		.4byte	.LASF25
 800 0164 04       		.byte	0x4
 801 0165 A402     		.2byte	0x2a4
 802 0167 CA000000 		.4byte	0xca
 803 016b 10       		.byte	0x10
 804 016c 0B       		.uleb128 0xb
 805 016d 49435200 		.ascii	"ICR\000"
 806 0171 04       		.byte	0x4
 807 0172 A502     		.2byte	0x2a5
 808 0174 CA000000 		.4byte	0xca
 809 0178 14       		.byte	0x14
 810 0179 0C       		.uleb128 0xc
 811 017a 3E040000 		.4byte	.LASF26
 812 017e 04       		.byte	0x4
 813 017f A602     		.2byte	0x2a6
 814 0181 CA000000 		.4byte	0xca
 815 0185 18       		.byte	0x18
 816 0186 0C       		.uleb128 0xc
 817 0187 7B050000 		.4byte	.LASF27
 818 018b 04       		.byte	0x4
 819 018c A702     		.2byte	0x2a7
 820 018e CA000000 		.4byte	0xca
 821 0192 1C       		.byte	0x1c
 822 0193 0C       		.uleb128 0xc
 823 0194 54050000 		.4byte	.LASF28
 824 0198 04       		.byte	0x4
 825 0199 A802     		.2byte	0x2a8
 826 019b CA000000 		.4byte	0xca
 827 019f 20       		.byte	0x20
 828 01a0 0C       		.uleb128 0xc
 829 01a1 63000000 		.4byte	.LASF29
 830 01a5 04       		.byte	0x4
 831 01a6 A902     		.2byte	0x2a9
 832 01a8 CA000000 		.4byte	0xca
 833 01ac 24       		.byte	0x24
 834 01ad 0B       		.uleb128 0xb
 835 01ae 445200   		.ascii	"DR\000"
 836 01b1 04       		.byte	0x4
 837 01b2 AA02     		.2byte	0x2aa
 838 01b4 CA000000 		.4byte	0xca
 839 01b8 28       		.byte	0x28
 840 01b9 00       		.byte	0
 841 01ba 09       		.uleb128 0x9
 842 01bb FF030000 		.4byte	.LASF30
 843 01bf 04       		.byte	0x4
 844 01c0 AB02     		.2byte	0x2ab
 845 01c2 24010000 		.4byte	0x124
ARM GAS  C:\Users\jsyoon\AppData\Local\Temp\cchTVcld.s 			page 16


 846 01c6 0D       		.uleb128 0xd
 847 01c7 0E       		.byte	0xe
 848 01c8 05       		.byte	0x5
 849 01c9 33       		.byte	0x33
 850 01ca 23020000 		.4byte	0x223
 851 01ce 0E       		.uleb128 0xe
 852 01cf 0C000000 		.4byte	.LASF31
 853 01d3 05       		.byte	0x5
 854 01d4 35       		.byte	0x35
 855 01d5 A2000000 		.4byte	0xa2
 856 01d9 00       		.byte	0
 857 01da 0E       		.uleb128 0xe
 858 01db 51020000 		.4byte	.LASF32
 859 01df 05       		.byte	0x5
 860 01e0 38       		.byte	0x38
 861 01e1 A2000000 		.4byte	0xa2
 862 01e5 02       		.byte	0x2
 863 01e6 0E       		.uleb128 0xe
 864 01e7 1D000000 		.4byte	.LASF33
 865 01eb 05       		.byte	0x5
 866 01ec 3B       		.byte	0x3b
 867 01ed A2000000 		.4byte	0xa2
 868 01f1 04       		.byte	0x4
 869 01f2 0E       		.uleb128 0xe
 870 01f3 40000000 		.4byte	.LASF34
 871 01f7 05       		.byte	0x5
 872 01f8 3E       		.byte	0x3e
 873 01f9 A2000000 		.4byte	0xa2
 874 01fd 06       		.byte	0x6
 875 01fe 0E       		.uleb128 0xe
 876 01ff 80050000 		.4byte	.LASF35
 877 0203 05       		.byte	0x5
 878 0204 41       		.byte	0x41
 879 0205 A2000000 		.4byte	0xa2
 880 0209 08       		.byte	0x8
 881 020a 0E       		.uleb128 0xe
 882 020b EB000000 		.4byte	.LASF36
 883 020f 05       		.byte	0x5
 884 0210 44       		.byte	0x44
 885 0211 A2000000 		.4byte	0xa2
 886 0215 0A       		.byte	0xa
 887 0216 0E       		.uleb128 0xe
 888 0217 E9020000 		.4byte	.LASF37
 889 021b 05       		.byte	0x5
 890 021c 47       		.byte	0x47
 891 021d A2000000 		.4byte	0xa2
 892 0221 0C       		.byte	0xc
 893 0222 00       		.byte	0
 894 0223 03       		.uleb128 0x3
 895 0224 DA040000 		.4byte	.LASF38
 896 0228 05       		.byte	0x5
 897 0229 49       		.byte	0x49
 898 022a C6010000 		.4byte	0x1c6
 899 022e 0D       		.uleb128 0xd
 900 022f 08       		.byte	0x8
 901 0230 05       		.byte	0x5
 902 0231 4E       		.byte	0x4e
ARM GAS  C:\Users\jsyoon\AppData\Local\Temp\cchTVcld.s 			page 17


 903 0232 67020000 		.4byte	0x267
 904 0236 0E       		.uleb128 0xe
 905 0237 B1000000 		.4byte	.LASF39
 906 023b 05       		.byte	0x5
 907 023c 50       		.byte	0x50
 908 023d A2000000 		.4byte	0xa2
 909 0241 00       		.byte	0
 910 0242 0E       		.uleb128 0xe
 911 0243 44030000 		.4byte	.LASF40
 912 0247 05       		.byte	0x5
 913 0248 53       		.byte	0x53
 914 0249 A2000000 		.4byte	0xa2
 915 024d 02       		.byte	0x2
 916 024e 0E       		.uleb128 0xe
 917 024f 6C040000 		.4byte	.LASF41
 918 0253 05       		.byte	0x5
 919 0254 56       		.byte	0x56
 920 0255 A2000000 		.4byte	0xa2
 921 0259 04       		.byte	0x4
 922 025a 0E       		.uleb128 0xe
 923 025b 2E000000 		.4byte	.LASF42
 924 025f 05       		.byte	0x5
 925 0260 59       		.byte	0x59
 926 0261 A2000000 		.4byte	0xa2
 927 0265 06       		.byte	0x6
 928 0266 00       		.byte	0
 929 0267 03       		.uleb128 0x3
 930 0268 78030000 		.4byte	.LASF43
 931 026c 05       		.byte	0x5
 932 026d 5C       		.byte	0x5c
 933 026e 2E020000 		.4byte	0x22e
 934 0272 0D       		.uleb128 0xd
 935 0273 04       		.byte	0x4
 936 0274 05       		.byte	0x5
 937 0275 61       		.byte	0x61
 938 0276 AB020000 		.4byte	0x2ab
 939 027a 0E       		.uleb128 0xe
 940 027b 20020000 		.4byte	.LASF44
 941 027f 05       		.byte	0x5
 942 0280 63       		.byte	0x63
 943 0281 97000000 		.4byte	0x97
 944 0285 00       		.byte	0
 945 0286 0E       		.uleb128 0xe
 946 0287 39050000 		.4byte	.LASF45
 947 028b 05       		.byte	0x5
 948 028c 64       		.byte	0x64
 949 028d 97000000 		.4byte	0x97
 950 0291 01       		.byte	0x1
 951 0292 0E       		.uleb128 0xe
 952 0293 C8000000 		.4byte	.LASF46
 953 0297 05       		.byte	0x5
 954 0298 65       		.byte	0x65
 955 0299 97000000 		.4byte	0x97
 956 029d 02       		.byte	0x2
 957 029e 0E       		.uleb128 0xe
 958 029f 16030000 		.4byte	.LASF47
 959 02a3 05       		.byte	0x5
ARM GAS  C:\Users\jsyoon\AppData\Local\Temp\cchTVcld.s 			page 18


 960 02a4 66       		.byte	0x66
 961 02a5 97000000 		.4byte	0x97
 962 02a9 03       		.byte	0x3
 963 02aa 00       		.byte	0
 964 02ab 03       		.uleb128 0x3
 965 02ac FB040000 		.4byte	.LASF48
 966 02b0 05       		.byte	0x5
 967 02b1 67       		.byte	0x67
 968 02b2 72020000 		.4byte	0x272
 969 02b6 0F       		.uleb128 0xf
 970 02b7 00000000 		.4byte	.LASF76
 971 02bb 01       		.byte	0x1
 972 02bc 80       		.byte	0x80
 973 02bd 00000000 		.4byte	.LFB111
 974 02c1 1C000000 		.4byte	.LFE111-.LFB111
 975 02c5 01       		.uleb128 0x1
 976 02c6 9C       		.byte	0x9c
 977 02c7 10       		.uleb128 0x10
 978 02c8 31030000 		.4byte	.LASF49
 979 02cc 01       		.byte	0x1
 980 02cd 91       		.byte	0x91
 981 02ce 00000000 		.4byte	.LFB112
 982 02d2 48000000 		.4byte	.LFE112-.LFB112
 983 02d6 01       		.uleb128 0x1
 984 02d7 9C       		.byte	0x9c
 985 02d8 FB020000 		.4byte	0x2fb
 986 02dc 11       		.uleb128 0x11
 987 02dd 2E040000 		.4byte	.LASF51
 988 02e1 01       		.byte	0x1
 989 02e2 91       		.byte	0x91
 990 02e3 FB020000 		.4byte	0x2fb
 991 02e7 00000000 		.4byte	.LLST0
 992 02eb 12       		.uleb128 0x12
 993 02ec 29040000 		.4byte	.LASF64
 994 02f0 01       		.byte	0x1
 995 02f1 93       		.byte	0x93
 996 02f2 B8000000 		.4byte	0xb8
 997 02f6 21000000 		.4byte	.LLST1
 998 02fa 00       		.byte	0
 999 02fb 13       		.uleb128 0x13
 1000 02fc 04       		.byte	0x4
 1001 02fd 23020000 		.4byte	0x223
 1002 0301 10       		.uleb128 0x10
 1003 0302 6B000000 		.4byte	.LASF50
 1004 0306 01       		.byte	0x1
 1005 0307 BB       		.byte	0xbb
 1006 0308 00000000 		.4byte	.LFB113
 1007 030c 12000000 		.4byte	.LFE113-.LFB113
 1008 0310 01       		.uleb128 0x1
 1009 0311 9C       		.byte	0x9c
 1010 0312 24030000 		.4byte	0x324
 1011 0316 14       		.uleb128 0x14
 1012 0317 2E040000 		.4byte	.LASF51
 1013 031b 01       		.byte	0x1
 1014 031c BB       		.byte	0xbb
 1015 031d FB020000 		.4byte	0x2fb
 1016 0321 01       		.uleb128 0x1
ARM GAS  C:\Users\jsyoon\AppData\Local\Temp\cchTVcld.s 			page 19


 1017 0322 50       		.byte	0x50
 1018 0323 00       		.byte	0
 1019 0324 10       		.uleb128 0x10
 1020 0325 BA040000 		.4byte	.LASF52
 1021 0329 01       		.byte	0x1
 1022 032a CF       		.byte	0xcf
 1023 032b 00000000 		.4byte	.LFB114
 1024 032f 20000000 		.4byte	.LFE114-.LFB114
 1025 0333 01       		.uleb128 0x1
 1026 0334 9C       		.byte	0x9c
 1027 0335 47030000 		.4byte	0x347
 1028 0339 14       		.uleb128 0x14
 1029 033a 0C040000 		.4byte	.LASF53
 1030 033e 01       		.byte	0x1
 1031 033f CF       		.byte	0xcf
 1032 0340 47030000 		.4byte	0x347
 1033 0344 01       		.uleb128 0x1
 1034 0345 50       		.byte	0x50
 1035 0346 00       		.byte	0
 1036 0347 13       		.uleb128 0x13
 1037 0348 04       		.byte	0x4
 1038 0349 67020000 		.4byte	0x267
 1039 034d 10       		.uleb128 0x10
 1040 034e A5030000 		.4byte	.LASF54
 1041 0352 01       		.byte	0x1
 1042 0353 E1       		.byte	0xe1
 1043 0354 00000000 		.4byte	.LFB115
 1044 0358 1C000000 		.4byte	.LFE115-.LFB115
 1045 035c 01       		.uleb128 0x1
 1046 035d 9C       		.byte	0x9c
 1047 035e 70030000 		.4byte	0x370
 1048 0362 14       		.uleb128 0x14
 1049 0363 62020000 		.4byte	.LASF55
 1050 0367 01       		.byte	0x1
 1051 0368 E1       		.byte	0xe1
 1052 0369 18010000 		.4byte	0x118
 1053 036d 01       		.uleb128 0x1
 1054 036e 50       		.byte	0x50
 1055 036f 00       		.byte	0
 1056 0370 10       		.uleb128 0x10
 1057 0371 8B040000 		.4byte	.LASF56
 1058 0375 01       		.byte	0x1
 1059 0376 F8       		.byte	0xf8
 1060 0377 00000000 		.4byte	.LFB116
 1061 037b 24000000 		.4byte	.LFE116-.LFB116
 1062 037f 01       		.uleb128 0x1
 1063 0380 9C       		.byte	0x9c
 1064 0381 93030000 		.4byte	0x393
 1065 0385 14       		.uleb128 0x14
 1066 0386 3C020000 		.4byte	.LASF57
 1067 038a 01       		.byte	0x1
 1068 038b F8       		.byte	0xf8
 1069 038c 93030000 		.4byte	0x393
 1070 0390 01       		.uleb128 0x1
 1071 0391 50       		.byte	0x50
 1072 0392 00       		.byte	0
 1073 0393 13       		.uleb128 0x13
ARM GAS  C:\Users\jsyoon\AppData\Local\Temp\cchTVcld.s 			page 20


 1074 0394 04       		.byte	0x4
 1075 0395 AB020000 		.4byte	0x2ab
 1076 0399 15       		.uleb128 0x15
 1077 039a AC020000 		.4byte	.LASF58
 1078 039e 01       		.byte	0x1
 1079 039f 0701     		.2byte	0x107
 1080 03a1 00000000 		.4byte	.LFB117
 1081 03a5 1C000000 		.4byte	.LFE117-.LFB117
 1082 03a9 01       		.uleb128 0x1
 1083 03aa 9C       		.byte	0x9c
 1084 03ab BE030000 		.4byte	0x3be
 1085 03af 16       		.uleb128 0x16
 1086 03b0 62020000 		.4byte	.LASF55
 1087 03b4 01       		.byte	0x1
 1088 03b5 0701     		.2byte	0x107
 1089 03b7 18010000 		.4byte	0x118
 1090 03bb 01       		.uleb128 0x1
 1091 03bc 50       		.byte	0x50
 1092 03bd 00       		.byte	0
 1093 03be 15       		.uleb128 0x15
 1094 03bf FF020000 		.4byte	.LASF59
 1095 03c3 01       		.byte	0x1
 1096 03c4 2D01     		.2byte	0x12d
 1097 03c6 00000000 		.4byte	.LFB118
 1098 03ca 1C000000 		.4byte	.LFE118-.LFB118
 1099 03ce 01       		.uleb128 0x1
 1100 03cf 9C       		.byte	0x9c
 1101 03d0 E3030000 		.4byte	0x3e3
 1102 03d4 16       		.uleb128 0x16
 1103 03d5 62020000 		.4byte	.LASF55
 1104 03d9 01       		.byte	0x1
 1105 03da 2D01     		.2byte	0x12d
 1106 03dc 18010000 		.4byte	0x118
 1107 03e0 01       		.uleb128 0x1
 1108 03e1 50       		.byte	0x50
 1109 03e2 00       		.byte	0
 1110 03e3 15       		.uleb128 0x15
 1111 03e4 7B000000 		.4byte	.LASF60
 1112 03e8 01       		.byte	0x1
 1113 03e9 4401     		.2byte	0x144
 1114 03eb 00000000 		.4byte	.LFB119
 1115 03ef 1C000000 		.4byte	.LFE119-.LFB119
 1116 03f3 01       		.uleb128 0x1
 1117 03f4 9C       		.byte	0x9c
 1118 03f5 08040000 		.4byte	0x408
 1119 03f9 16       		.uleb128 0x16
 1120 03fa 62020000 		.4byte	.LASF55
 1121 03fe 01       		.byte	0x1
 1122 03ff 4401     		.2byte	0x144
 1123 0401 18010000 		.4byte	0x118
 1124 0405 01       		.uleb128 0x1
 1125 0406 50       		.byte	0x50
 1126 0407 00       		.byte	0
 1127 0408 17       		.uleb128 0x17
 1128 0409 E8030000 		.4byte	.LASF77
 1129 040d 01       		.byte	0x1
 1130 040e 5A01     		.2byte	0x15a
ARM GAS  C:\Users\jsyoon\AppData\Local\Temp\cchTVcld.s 			page 21


 1131 0410 B8000000 		.4byte	0xb8
 1132 0414 00000000 		.4byte	.LFB120
 1133 0418 0C000000 		.4byte	.LFE120-.LFB120
 1134 041c 01       		.uleb128 0x1
 1135 041d 9C       		.byte	0x9c
 1136 041e 15       		.uleb128 0x15
 1137 041f 5E040000 		.4byte	.LASF61
 1138 0423 01       		.byte	0x1
 1139 0424 7B01     		.2byte	0x17b
 1140 0426 00000000 		.4byte	.LFB121
 1141 042a 1C000000 		.4byte	.LFE121-.LFB121
 1142 042e 01       		.uleb128 0x1
 1143 042f 9C       		.byte	0x9c
 1144 0430 53040000 		.4byte	0x453
 1145 0434 18       		.uleb128 0x18
 1146 0435 E3000000 		.4byte	.LASF62
 1147 0439 01       		.byte	0x1
 1148 043a 7B01     		.2byte	0x17b
 1149 043c A2000000 		.4byte	0xa2
 1150 0440 4B000000 		.4byte	.LLST2
 1151 0444 16       		.uleb128 0x16
 1152 0445 62020000 		.4byte	.LASF55
 1153 0449 01       		.byte	0x1
 1154 044a 7B01     		.2byte	0x17b
 1155 044c 18010000 		.4byte	0x118
 1156 0450 01       		.uleb128 0x1
 1157 0451 51       		.byte	0x51
 1158 0452 00       		.byte	0
 1159 0453 19       		.uleb128 0x19
 1160 0454 B2030000 		.4byte	.LASF69
 1161 0458 01       		.byte	0x1
 1162 0459 A001     		.2byte	0x1a0
 1163 045b EA000000 		.4byte	0xea
 1164 045f 00000000 		.4byte	.LFB122
 1165 0463 24000000 		.4byte	.LFE122-.LFB122
 1166 0467 01       		.uleb128 0x1
 1167 0468 9C       		.byte	0x9c
 1168 0469 AE040000 		.4byte	0x4ae
 1169 046d 18       		.uleb128 0x18
 1170 046e 59000000 		.4byte	.LASF63
 1171 0472 01       		.byte	0x1
 1172 0473 A001     		.2byte	0x1a0
 1173 0475 A2000000 		.4byte	0xa2
 1174 0479 85000000 		.4byte	.LLST3
 1175 047d 1A       		.uleb128 0x1a
 1176 047e 8D030000 		.4byte	.LASF65
 1177 0482 01       		.byte	0x1
 1178 0483 A201     		.2byte	0x1a2
 1179 0485 EA000000 		.4byte	0xea
 1180 0489 B1000000 		.4byte	.LLST4
 1181 048d 1A       		.uleb128 0x1a
 1182 048e 4C050000 		.4byte	.LASF66
 1183 0492 01       		.byte	0x1
 1184 0493 A301     		.2byte	0x1a3
 1185 0495 B8000000 		.4byte	0xb8
 1186 0499 E7000000 		.4byte	.LLST5
 1187 049d 1A       		.uleb128 0x1a
ARM GAS  C:\Users\jsyoon\AppData\Local\Temp\cchTVcld.s 			page 22


 1188 049e 83040000 		.4byte	.LASF67
 1189 04a2 01       		.byte	0x1
 1190 04a3 A301     		.2byte	0x1a3
 1191 04a5 B8000000 		.4byte	0xb8
 1192 04a9 32010000 		.4byte	.LLST6
 1193 04ad 00       		.byte	0
 1194 04ae 15       		.uleb128 0x15
 1195 04af 69030000 		.4byte	.LASF68
 1196 04b3 01       		.byte	0x1
 1197 04b4 CF01     		.2byte	0x1cf
 1198 04b6 00000000 		.4byte	.LFB123
 1199 04ba 0C000000 		.4byte	.LFE123-.LFB123
 1200 04be 01       		.uleb128 0x1
 1201 04bf 9C       		.byte	0x9c
 1202 04c0 D3040000 		.4byte	0x4d3
 1203 04c4 16       		.uleb128 0x16
 1204 04c5 59000000 		.4byte	.LASF63
 1205 04c9 01       		.byte	0x1
 1206 04ca CF01     		.2byte	0x1cf
 1207 04cc A2000000 		.4byte	0xa2
 1208 04d0 01       		.uleb128 0x1
 1209 04d1 50       		.byte	0x50
 1210 04d2 00       		.byte	0
 1211 04d3 19       		.uleb128 0x19
 1212 04d4 28050000 		.4byte	.LASF70
 1213 04d8 01       		.byte	0x1
 1214 04d9 E501     		.2byte	0x1e5
 1215 04db F6000000 		.4byte	0xf6
 1216 04df 00000000 		.4byte	.LFB124
 1217 04e3 14000000 		.4byte	.LFE124-.LFB124
 1218 04e7 01       		.uleb128 0x1
 1219 04e8 9C       		.byte	0x9c
 1220 04e9 1E050000 		.4byte	0x51e
 1221 04ed 18       		.uleb128 0x18
 1222 04ee E3000000 		.4byte	.LASF62
 1223 04f2 01       		.byte	0x1
 1224 04f3 E501     		.2byte	0x1e5
 1225 04f5 A2000000 		.4byte	0xa2
 1226 04f9 68010000 		.4byte	.LLST7
 1227 04fd 1A       		.uleb128 0x1a
 1228 04fe 8D030000 		.4byte	.LASF65
 1229 0502 01       		.byte	0x1
 1230 0503 E701     		.2byte	0x1e7
 1231 0505 F6000000 		.4byte	0xf6
 1232 0509 89010000 		.4byte	.LLST8
 1233 050d 1A       		.uleb128 0x1a
 1234 050e 97050000 		.4byte	.LASF71
 1235 0512 01       		.byte	0x1
 1236 0513 E801     		.2byte	0x1e8
 1237 0515 B8000000 		.4byte	0xb8
 1238 0519 CA010000 		.4byte	.LLST9
 1239 051d 00       		.byte	0
 1240 051e 15       		.uleb128 0x15
 1241 051f 11050000 		.4byte	.LASF72
 1242 0523 01       		.byte	0x1
 1243 0524 0502     		.2byte	0x205
 1244 0526 00000000 		.4byte	.LFB125
ARM GAS  C:\Users\jsyoon\AppData\Local\Temp\cchTVcld.s 			page 23


 1245 052a 0C000000 		.4byte	.LFE125-.LFB125
 1246 052e 01       		.uleb128 0x1
 1247 052f 9C       		.byte	0x9c
 1248 0530 43050000 		.4byte	0x543
 1249 0534 16       		.uleb128 0x16
 1250 0535 E3000000 		.4byte	.LASF62
 1251 0539 01       		.byte	0x1
 1252 053a 0502     		.2byte	0x205
 1253 053c A2000000 		.4byte	0xa2
 1254 0540 01       		.uleb128 0x1
 1255 0541 50       		.byte	0x50
 1256 0542 00       		.byte	0
 1257 0543 1B       		.uleb128 0x1b
 1258 0544 5C050000 		.4byte	.LASF78
 1259 0548 06       		.byte	0x6
 1260 0549 9806     		.2byte	0x698
 1261 054b CF000000 		.4byte	0xcf
 1262 054f 00       		.byte	0
 1263              		.section	.debug_abbrev,"",%progbits
 1264              	.Ldebug_abbrev0:
 1265 0000 01       		.uleb128 0x1
 1266 0001 11       		.uleb128 0x11
 1267 0002 01       		.byte	0x1
 1268 0003 25       		.uleb128 0x25
 1269 0004 0E       		.uleb128 0xe
 1270 0005 13       		.uleb128 0x13
 1271 0006 0B       		.uleb128 0xb
 1272 0007 03       		.uleb128 0x3
 1273 0008 0E       		.uleb128 0xe
 1274 0009 1B       		.uleb128 0x1b
 1275 000a 0E       		.uleb128 0xe
 1276 000b 55       		.uleb128 0x55
 1277 000c 17       		.uleb128 0x17
 1278 000d 11       		.uleb128 0x11
 1279 000e 01       		.uleb128 0x1
 1280 000f 10       		.uleb128 0x10
 1281 0010 17       		.uleb128 0x17
 1282 0011 00       		.byte	0
 1283 0012 00       		.byte	0
 1284 0013 02       		.uleb128 0x2
 1285 0014 24       		.uleb128 0x24
 1286 0015 00       		.byte	0
 1287 0016 0B       		.uleb128 0xb
 1288 0017 0B       		.uleb128 0xb
 1289 0018 3E       		.uleb128 0x3e
 1290 0019 0B       		.uleb128 0xb
 1291 001a 03       		.uleb128 0x3
 1292 001b 0E       		.uleb128 0xe
 1293 001c 00       		.byte	0
 1294 001d 00       		.byte	0
 1295 001e 03       		.uleb128 0x3
 1296 001f 16       		.uleb128 0x16
 1297 0020 00       		.byte	0
 1298 0021 03       		.uleb128 0x3
 1299 0022 0E       		.uleb128 0xe
 1300 0023 3A       		.uleb128 0x3a
 1301 0024 0B       		.uleb128 0xb
ARM GAS  C:\Users\jsyoon\AppData\Local\Temp\cchTVcld.s 			page 24


 1302 0025 3B       		.uleb128 0x3b
 1303 0026 0B       		.uleb128 0xb
 1304 0027 49       		.uleb128 0x49
 1305 0028 13       		.uleb128 0x13
 1306 0029 00       		.byte	0
 1307 002a 00       		.byte	0
 1308 002b 04       		.uleb128 0x4
 1309 002c 24       		.uleb128 0x24
 1310 002d 00       		.byte	0
 1311 002e 0B       		.uleb128 0xb
 1312 002f 0B       		.uleb128 0xb
 1313 0030 3E       		.uleb128 0x3e
 1314 0031 0B       		.uleb128 0xb
 1315 0032 03       		.uleb128 0x3
 1316 0033 08       		.uleb128 0x8
 1317 0034 00       		.byte	0
 1318 0035 00       		.byte	0
 1319 0036 05       		.uleb128 0x5
 1320 0037 35       		.uleb128 0x35
 1321 0038 00       		.byte	0
 1322 0039 49       		.uleb128 0x49
 1323 003a 13       		.uleb128 0x13
 1324 003b 00       		.byte	0
 1325 003c 00       		.byte	0
 1326 003d 06       		.uleb128 0x6
 1327 003e 04       		.uleb128 0x4
 1328 003f 01       		.byte	0x1
 1329 0040 0B       		.uleb128 0xb
 1330 0041 0B       		.uleb128 0xb
 1331 0042 3A       		.uleb128 0x3a
 1332 0043 0B       		.uleb128 0xb
 1333 0044 3B       		.uleb128 0x3b
 1334 0045 05       		.uleb128 0x5
 1335 0046 01       		.uleb128 0x1
 1336 0047 13       		.uleb128 0x13
 1337 0048 00       		.byte	0
 1338 0049 00       		.byte	0
 1339 004a 07       		.uleb128 0x7
 1340 004b 28       		.uleb128 0x28
 1341 004c 00       		.byte	0
 1342 004d 03       		.uleb128 0x3
 1343 004e 0E       		.uleb128 0xe
 1344 004f 1C       		.uleb128 0x1c
 1345 0050 0D       		.uleb128 0xd
 1346 0051 00       		.byte	0
 1347 0052 00       		.byte	0
 1348 0053 08       		.uleb128 0x8
 1349 0054 28       		.uleb128 0x28
 1350 0055 00       		.byte	0
 1351 0056 03       		.uleb128 0x3
 1352 0057 08       		.uleb128 0x8
 1353 0058 1C       		.uleb128 0x1c
 1354 0059 0D       		.uleb128 0xd
 1355 005a 00       		.byte	0
 1356 005b 00       		.byte	0
 1357 005c 09       		.uleb128 0x9
 1358 005d 16       		.uleb128 0x16
ARM GAS  C:\Users\jsyoon\AppData\Local\Temp\cchTVcld.s 			page 25


 1359 005e 00       		.byte	0
 1360 005f 03       		.uleb128 0x3
 1361 0060 0E       		.uleb128 0xe
 1362 0061 3A       		.uleb128 0x3a
 1363 0062 0B       		.uleb128 0xb
 1364 0063 3B       		.uleb128 0x3b
 1365 0064 05       		.uleb128 0x5
 1366 0065 49       		.uleb128 0x49
 1367 0066 13       		.uleb128 0x13
 1368 0067 00       		.byte	0
 1369 0068 00       		.byte	0
 1370 0069 0A       		.uleb128 0xa
 1371 006a 13       		.uleb128 0x13
 1372 006b 01       		.byte	0x1
 1373 006c 0B       		.uleb128 0xb
 1374 006d 0B       		.uleb128 0xb
 1375 006e 3A       		.uleb128 0x3a
 1376 006f 0B       		.uleb128 0xb
 1377 0070 3B       		.uleb128 0x3b
 1378 0071 05       		.uleb128 0x5
 1379 0072 01       		.uleb128 0x1
 1380 0073 13       		.uleb128 0x13
 1381 0074 00       		.byte	0
 1382 0075 00       		.byte	0
 1383 0076 0B       		.uleb128 0xb
 1384 0077 0D       		.uleb128 0xd
 1385 0078 00       		.byte	0
 1386 0079 03       		.uleb128 0x3
 1387 007a 08       		.uleb128 0x8
 1388 007b 3A       		.uleb128 0x3a
 1389 007c 0B       		.uleb128 0xb
 1390 007d 3B       		.uleb128 0x3b
 1391 007e 05       		.uleb128 0x5
 1392 007f 49       		.uleb128 0x49
 1393 0080 13       		.uleb128 0x13
 1394 0081 38       		.uleb128 0x38
 1395 0082 0B       		.uleb128 0xb
 1396 0083 00       		.byte	0
 1397 0084 00       		.byte	0
 1398 0085 0C       		.uleb128 0xc
 1399 0086 0D       		.uleb128 0xd
 1400 0087 00       		.byte	0
 1401 0088 03       		.uleb128 0x3
 1402 0089 0E       		.uleb128 0xe
 1403 008a 3A       		.uleb128 0x3a
 1404 008b 0B       		.uleb128 0xb
 1405 008c 3B       		.uleb128 0x3b
 1406 008d 05       		.uleb128 0x5
 1407 008e 49       		.uleb128 0x49
 1408 008f 13       		.uleb128 0x13
 1409 0090 38       		.uleb128 0x38
 1410 0091 0B       		.uleb128 0xb
 1411 0092 00       		.byte	0
 1412 0093 00       		.byte	0
 1413 0094 0D       		.uleb128 0xd
 1414 0095 13       		.uleb128 0x13
 1415 0096 01       		.byte	0x1
ARM GAS  C:\Users\jsyoon\AppData\Local\Temp\cchTVcld.s 			page 26


 1416 0097 0B       		.uleb128 0xb
 1417 0098 0B       		.uleb128 0xb
 1418 0099 3A       		.uleb128 0x3a
 1419 009a 0B       		.uleb128 0xb
 1420 009b 3B       		.uleb128 0x3b
 1421 009c 0B       		.uleb128 0xb
 1422 009d 01       		.uleb128 0x1
 1423 009e 13       		.uleb128 0x13
 1424 009f 00       		.byte	0
 1425 00a0 00       		.byte	0
 1426 00a1 0E       		.uleb128 0xe
 1427 00a2 0D       		.uleb128 0xd
 1428 00a3 00       		.byte	0
 1429 00a4 03       		.uleb128 0x3
 1430 00a5 0E       		.uleb128 0xe
 1431 00a6 3A       		.uleb128 0x3a
 1432 00a7 0B       		.uleb128 0xb
 1433 00a8 3B       		.uleb128 0x3b
 1434 00a9 0B       		.uleb128 0xb
 1435 00aa 49       		.uleb128 0x49
 1436 00ab 13       		.uleb128 0x13
 1437 00ac 38       		.uleb128 0x38
 1438 00ad 0B       		.uleb128 0xb
 1439 00ae 00       		.byte	0
 1440 00af 00       		.byte	0
 1441 00b0 0F       		.uleb128 0xf
 1442 00b1 2E       		.uleb128 0x2e
 1443 00b2 00       		.byte	0
 1444 00b3 3F       		.uleb128 0x3f
 1445 00b4 19       		.uleb128 0x19
 1446 00b5 03       		.uleb128 0x3
 1447 00b6 0E       		.uleb128 0xe
 1448 00b7 3A       		.uleb128 0x3a
 1449 00b8 0B       		.uleb128 0xb
 1450 00b9 3B       		.uleb128 0x3b
 1451 00ba 0B       		.uleb128 0xb
 1452 00bb 27       		.uleb128 0x27
 1453 00bc 19       		.uleb128 0x19
 1454 00bd 11       		.uleb128 0x11
 1455 00be 01       		.uleb128 0x1
 1456 00bf 12       		.uleb128 0x12
 1457 00c0 06       		.uleb128 0x6
 1458 00c1 40       		.uleb128 0x40
 1459 00c2 18       		.uleb128 0x18
 1460 00c3 9742     		.uleb128 0x2117
 1461 00c5 19       		.uleb128 0x19
 1462 00c6 00       		.byte	0
 1463 00c7 00       		.byte	0
 1464 00c8 10       		.uleb128 0x10
 1465 00c9 2E       		.uleb128 0x2e
 1466 00ca 01       		.byte	0x1
 1467 00cb 3F       		.uleb128 0x3f
 1468 00cc 19       		.uleb128 0x19
 1469 00cd 03       		.uleb128 0x3
 1470 00ce 0E       		.uleb128 0xe
 1471 00cf 3A       		.uleb128 0x3a
 1472 00d0 0B       		.uleb128 0xb
ARM GAS  C:\Users\jsyoon\AppData\Local\Temp\cchTVcld.s 			page 27


 1473 00d1 3B       		.uleb128 0x3b
 1474 00d2 0B       		.uleb128 0xb
 1475 00d3 27       		.uleb128 0x27
 1476 00d4 19       		.uleb128 0x19
 1477 00d5 11       		.uleb128 0x11
 1478 00d6 01       		.uleb128 0x1
 1479 00d7 12       		.uleb128 0x12
 1480 00d8 06       		.uleb128 0x6
 1481 00d9 40       		.uleb128 0x40
 1482 00da 18       		.uleb128 0x18
 1483 00db 9742     		.uleb128 0x2117
 1484 00dd 19       		.uleb128 0x19
 1485 00de 01       		.uleb128 0x1
 1486 00df 13       		.uleb128 0x13
 1487 00e0 00       		.byte	0
 1488 00e1 00       		.byte	0
 1489 00e2 11       		.uleb128 0x11
 1490 00e3 05       		.uleb128 0x5
 1491 00e4 00       		.byte	0
 1492 00e5 03       		.uleb128 0x3
 1493 00e6 0E       		.uleb128 0xe
 1494 00e7 3A       		.uleb128 0x3a
 1495 00e8 0B       		.uleb128 0xb
 1496 00e9 3B       		.uleb128 0x3b
 1497 00ea 0B       		.uleb128 0xb
 1498 00eb 49       		.uleb128 0x49
 1499 00ec 13       		.uleb128 0x13
 1500 00ed 02       		.uleb128 0x2
 1501 00ee 17       		.uleb128 0x17
 1502 00ef 00       		.byte	0
 1503 00f0 00       		.byte	0
 1504 00f1 12       		.uleb128 0x12
 1505 00f2 34       		.uleb128 0x34
 1506 00f3 00       		.byte	0
 1507 00f4 03       		.uleb128 0x3
 1508 00f5 0E       		.uleb128 0xe
 1509 00f6 3A       		.uleb128 0x3a
 1510 00f7 0B       		.uleb128 0xb
 1511 00f8 3B       		.uleb128 0x3b
 1512 00f9 0B       		.uleb128 0xb
 1513 00fa 49       		.uleb128 0x49
 1514 00fb 13       		.uleb128 0x13
 1515 00fc 02       		.uleb128 0x2
 1516 00fd 17       		.uleb128 0x17
 1517 00fe 00       		.byte	0
 1518 00ff 00       		.byte	0
 1519 0100 13       		.uleb128 0x13
 1520 0101 0F       		.uleb128 0xf
 1521 0102 00       		.byte	0
 1522 0103 0B       		.uleb128 0xb
 1523 0104 0B       		.uleb128 0xb
 1524 0105 49       		.uleb128 0x49
 1525 0106 13       		.uleb128 0x13
 1526 0107 00       		.byte	0
 1527 0108 00       		.byte	0
 1528 0109 14       		.uleb128 0x14
 1529 010a 05       		.uleb128 0x5
ARM GAS  C:\Users\jsyoon\AppData\Local\Temp\cchTVcld.s 			page 28


 1530 010b 00       		.byte	0
 1531 010c 03       		.uleb128 0x3
 1532 010d 0E       		.uleb128 0xe
 1533 010e 3A       		.uleb128 0x3a
 1534 010f 0B       		.uleb128 0xb
 1535 0110 3B       		.uleb128 0x3b
 1536 0111 0B       		.uleb128 0xb
 1537 0112 49       		.uleb128 0x49
 1538 0113 13       		.uleb128 0x13
 1539 0114 02       		.uleb128 0x2
 1540 0115 18       		.uleb128 0x18
 1541 0116 00       		.byte	0
 1542 0117 00       		.byte	0
 1543 0118 15       		.uleb128 0x15
 1544 0119 2E       		.uleb128 0x2e
 1545 011a 01       		.byte	0x1
 1546 011b 3F       		.uleb128 0x3f
 1547 011c 19       		.uleb128 0x19
 1548 011d 03       		.uleb128 0x3
 1549 011e 0E       		.uleb128 0xe
 1550 011f 3A       		.uleb128 0x3a
 1551 0120 0B       		.uleb128 0xb
 1552 0121 3B       		.uleb128 0x3b
 1553 0122 05       		.uleb128 0x5
 1554 0123 27       		.uleb128 0x27
 1555 0124 19       		.uleb128 0x19
 1556 0125 11       		.uleb128 0x11
 1557 0126 01       		.uleb128 0x1
 1558 0127 12       		.uleb128 0x12
 1559 0128 06       		.uleb128 0x6
 1560 0129 40       		.uleb128 0x40
 1561 012a 18       		.uleb128 0x18
 1562 012b 9742     		.uleb128 0x2117
 1563 012d 19       		.uleb128 0x19
 1564 012e 01       		.uleb128 0x1
 1565 012f 13       		.uleb128 0x13
 1566 0130 00       		.byte	0
 1567 0131 00       		.byte	0
 1568 0132 16       		.uleb128 0x16
 1569 0133 05       		.uleb128 0x5
 1570 0134 00       		.byte	0
 1571 0135 03       		.uleb128 0x3
 1572 0136 0E       		.uleb128 0xe
 1573 0137 3A       		.uleb128 0x3a
 1574 0138 0B       		.uleb128 0xb
 1575 0139 3B       		.uleb128 0x3b
 1576 013a 05       		.uleb128 0x5
 1577 013b 49       		.uleb128 0x49
 1578 013c 13       		.uleb128 0x13
 1579 013d 02       		.uleb128 0x2
 1580 013e 18       		.uleb128 0x18
 1581 013f 00       		.byte	0
 1582 0140 00       		.byte	0
 1583 0141 17       		.uleb128 0x17
 1584 0142 2E       		.uleb128 0x2e
 1585 0143 00       		.byte	0
 1586 0144 3F       		.uleb128 0x3f
ARM GAS  C:\Users\jsyoon\AppData\Local\Temp\cchTVcld.s 			page 29


 1587 0145 19       		.uleb128 0x19
 1588 0146 03       		.uleb128 0x3
 1589 0147 0E       		.uleb128 0xe
 1590 0148 3A       		.uleb128 0x3a
 1591 0149 0B       		.uleb128 0xb
 1592 014a 3B       		.uleb128 0x3b
 1593 014b 05       		.uleb128 0x5
 1594 014c 27       		.uleb128 0x27
 1595 014d 19       		.uleb128 0x19
 1596 014e 49       		.uleb128 0x49
 1597 014f 13       		.uleb128 0x13
 1598 0150 11       		.uleb128 0x11
 1599 0151 01       		.uleb128 0x1
 1600 0152 12       		.uleb128 0x12
 1601 0153 06       		.uleb128 0x6
 1602 0154 40       		.uleb128 0x40
 1603 0155 18       		.uleb128 0x18
 1604 0156 9742     		.uleb128 0x2117
 1605 0158 19       		.uleb128 0x19
 1606 0159 00       		.byte	0
 1607 015a 00       		.byte	0
 1608 015b 18       		.uleb128 0x18
 1609 015c 05       		.uleb128 0x5
 1610 015d 00       		.byte	0
 1611 015e 03       		.uleb128 0x3
 1612 015f 0E       		.uleb128 0xe
 1613 0160 3A       		.uleb128 0x3a
 1614 0161 0B       		.uleb128 0xb
 1615 0162 3B       		.uleb128 0x3b
 1616 0163 05       		.uleb128 0x5
 1617 0164 49       		.uleb128 0x49
 1618 0165 13       		.uleb128 0x13
 1619 0166 02       		.uleb128 0x2
 1620 0167 17       		.uleb128 0x17
 1621 0168 00       		.byte	0
 1622 0169 00       		.byte	0
 1623 016a 19       		.uleb128 0x19
 1624 016b 2E       		.uleb128 0x2e
 1625 016c 01       		.byte	0x1
 1626 016d 3F       		.uleb128 0x3f
 1627 016e 19       		.uleb128 0x19
 1628 016f 03       		.uleb128 0x3
 1629 0170 0E       		.uleb128 0xe
 1630 0171 3A       		.uleb128 0x3a
 1631 0172 0B       		.uleb128 0xb
 1632 0173 3B       		.uleb128 0x3b
 1633 0174 05       		.uleb128 0x5
 1634 0175 27       		.uleb128 0x27
 1635 0176 19       		.uleb128 0x19
 1636 0177 49       		.uleb128 0x49
 1637 0178 13       		.uleb128 0x13
 1638 0179 11       		.uleb128 0x11
 1639 017a 01       		.uleb128 0x1
 1640 017b 12       		.uleb128 0x12
 1641 017c 06       		.uleb128 0x6
 1642 017d 40       		.uleb128 0x40
 1643 017e 18       		.uleb128 0x18
ARM GAS  C:\Users\jsyoon\AppData\Local\Temp\cchTVcld.s 			page 30


 1644 017f 9742     		.uleb128 0x2117
 1645 0181 19       		.uleb128 0x19
 1646 0182 01       		.uleb128 0x1
 1647 0183 13       		.uleb128 0x13
 1648 0184 00       		.byte	0
 1649 0185 00       		.byte	0
 1650 0186 1A       		.uleb128 0x1a
 1651 0187 34       		.uleb128 0x34
 1652 0188 00       		.byte	0
 1653 0189 03       		.uleb128 0x3
 1654 018a 0E       		.uleb128 0xe
 1655 018b 3A       		.uleb128 0x3a
 1656 018c 0B       		.uleb128 0xb
 1657 018d 3B       		.uleb128 0x3b
 1658 018e 05       		.uleb128 0x5
 1659 018f 49       		.uleb128 0x49
 1660 0190 13       		.uleb128 0x13
 1661 0191 02       		.uleb128 0x2
 1662 0192 17       		.uleb128 0x17
 1663 0193 00       		.byte	0
 1664 0194 00       		.byte	0
 1665 0195 1B       		.uleb128 0x1b
 1666 0196 34       		.uleb128 0x34
 1667 0197 00       		.byte	0
 1668 0198 03       		.uleb128 0x3
 1669 0199 0E       		.uleb128 0xe
 1670 019a 3A       		.uleb128 0x3a
 1671 019b 0B       		.uleb128 0xb
 1672 019c 3B       		.uleb128 0x3b
 1673 019d 05       		.uleb128 0x5
 1674 019e 49       		.uleb128 0x49
 1675 019f 13       		.uleb128 0x13
 1676 01a0 3F       		.uleb128 0x3f
 1677 01a1 19       		.uleb128 0x19
 1678 01a2 3C       		.uleb128 0x3c
 1679 01a3 19       		.uleb128 0x19
 1680 01a4 00       		.byte	0
 1681 01a5 00       		.byte	0
 1682 01a6 00       		.byte	0
 1683              		.section	.debug_loc,"",%progbits
 1684              	.Ldebug_loc0:
 1685              	.LLST0:
 1686 0000 00000000 		.4byte	.LVL0
 1687 0004 16000000 		.4byte	.LVL1
 1688 0008 0100     		.2byte	0x1
 1689 000a 50       		.byte	0x50
 1690 000b 16000000 		.4byte	.LVL1
 1691 000f 48000000 		.4byte	.LFE112
 1692 0013 0400     		.2byte	0x4
 1693 0015 F3       		.byte	0xf3
 1694 0016 01       		.uleb128 0x1
 1695 0017 50       		.byte	0x50
 1696 0018 9F       		.byte	0x9f
 1697 0019 00000000 		.4byte	0
 1698 001d 00000000 		.4byte	0
 1699              	.LLST1:
 1700 0021 00000000 		.4byte	.LVL0
ARM GAS  C:\Users\jsyoon\AppData\Local\Temp\cchTVcld.s 			page 31


 1701 0025 2E000000 		.4byte	.LVL2
 1702 0029 0200     		.2byte	0x2
 1703 002b 30       		.byte	0x30
 1704 002c 9F       		.byte	0x9f
 1705 002d 2E000000 		.4byte	.LVL2
 1706 0031 36000000 		.4byte	.LVL3
 1707 0035 0100     		.2byte	0x1
 1708 0037 52       		.byte	0x52
 1709 0038 3C000000 		.4byte	.LVL4
 1710 003c 48000000 		.4byte	.LFE112
 1711 0040 0100     		.2byte	0x1
 1712 0042 52       		.byte	0x52
 1713 0043 00000000 		.4byte	0
 1714 0047 00000000 		.4byte	0
 1715              	.LLST2:
 1716 004b 00000000 		.4byte	.LVL13
 1717 004f 08000000 		.4byte	.LVL14
 1718 0053 0100     		.2byte	0x1
 1719 0055 50       		.byte	0x50
 1720 0056 08000000 		.4byte	.LVL14
 1721 005a 10000000 		.4byte	.LVL15
 1722 005e 0400     		.2byte	0x4
 1723 0060 F3       		.byte	0xf3
 1724 0061 01       		.uleb128 0x1
 1725 0062 50       		.byte	0x50
 1726 0063 9F       		.byte	0x9f
 1727 0064 10000000 		.4byte	.LVL15
 1728 0068 14000000 		.4byte	.LVL16
 1729 006c 0100     		.2byte	0x1
 1730 006e 50       		.byte	0x50
 1731 006f 14000000 		.4byte	.LVL16
 1732 0073 1C000000 		.4byte	.LFE121
 1733 0077 0400     		.2byte	0x4
 1734 0079 F3       		.byte	0xf3
 1735 007a 01       		.uleb128 0x1
 1736 007b 50       		.byte	0x50
 1737 007c 9F       		.byte	0x9f
 1738 007d 00000000 		.4byte	0
 1739 0081 00000000 		.4byte	0
 1740              	.LLST3:
 1741 0085 00000000 		.4byte	.LVL17
 1742 0089 10000000 		.4byte	.LVL21
 1743 008d 0100     		.2byte	0x1
 1744 008f 50       		.byte	0x50
 1745 0090 10000000 		.4byte	.LVL21
 1746 0094 12000000 		.4byte	.LVL22
 1747 0098 0400     		.2byte	0x4
 1748 009a F3       		.byte	0xf3
 1749 009b 01       		.uleb128 0x1
 1750 009c 50       		.byte	0x50
 1751 009d 9F       		.byte	0x9f
 1752 009e 12000000 		.4byte	.LVL22
 1753 00a2 24000000 		.4byte	.LFE122
 1754 00a6 0100     		.2byte	0x1
 1755 00a8 50       		.byte	0x50
 1756 00a9 00000000 		.4byte	0
 1757 00ad 00000000 		.4byte	0
ARM GAS  C:\Users\jsyoon\AppData\Local\Temp\cchTVcld.s 			page 32


 1758              	.LLST4:
 1759 00b1 00000000 		.4byte	.LVL17
 1760 00b5 08000000 		.4byte	.LVL20
 1761 00b9 0200     		.2byte	0x2
 1762 00bb 30       		.byte	0x30
 1763 00bc 9F       		.byte	0x9f
 1764 00bd 08000000 		.4byte	.LVL20
 1765 00c1 10000000 		.4byte	.LVL21
 1766 00c5 0C00     		.2byte	0xc
 1767 00c7 70       		.byte	0x70
 1768 00c8 00       		.sleb128 0
 1769 00c9 0A       		.byte	0xa
 1770 00ca FFFF     		.2byte	0xffff
 1771 00cc 1A       		.byte	0x1a
 1772 00cd 73       		.byte	0x73
 1773 00ce 00       		.sleb128 0
 1774 00cf 1A       		.byte	0x1a
 1775 00d0 30       		.byte	0x30
 1776 00d1 2E       		.byte	0x2e
 1777 00d2 9F       		.byte	0x9f
 1778 00d3 12000000 		.4byte	.LVL22
 1779 00d7 24000000 		.4byte	.LFE122
 1780 00db 0200     		.2byte	0x2
 1781 00dd 30       		.byte	0x30
 1782 00de 9F       		.byte	0x9f
 1783 00df 00000000 		.4byte	0
 1784 00e3 00000000 		.4byte	0
 1785              	.LLST5:
 1786 00e7 00000000 		.4byte	.LVL17
 1787 00eb 02000000 		.4byte	.LVL18
 1788 00ef 0500     		.2byte	0x5
 1789 00f1 70       		.byte	0x70
 1790 00f2 00       		.sleb128 0
 1791 00f3 3C       		.byte	0x3c
 1792 00f4 25       		.byte	0x25
 1793 00f5 9F       		.byte	0x9f
 1794 00f6 02000000 		.4byte	.LVL18
 1795 00fa 06000000 		.4byte	.LVL19
 1796 00fe 0100     		.2byte	0x1
 1797 0100 53       		.byte	0x53
 1798 0101 06000000 		.4byte	.LVL19
 1799 0105 10000000 		.4byte	.LVL21
 1800 0109 0500     		.2byte	0x5
 1801 010b 70       		.byte	0x70
 1802 010c 00       		.sleb128 0
 1803 010d 3C       		.byte	0x3c
 1804 010e 25       		.byte	0x25
 1805 010f 9F       		.byte	0x9f
 1806 0110 12000000 		.4byte	.LVL22
 1807 0114 16000000 		.4byte	.LVL23
 1808 0118 0100     		.2byte	0x1
 1809 011a 53       		.byte	0x53
 1810 011b 16000000 		.4byte	.LVL23
 1811 011f 24000000 		.4byte	.LFE122
 1812 0123 0500     		.2byte	0x5
 1813 0125 70       		.byte	0x70
 1814 0126 00       		.sleb128 0
ARM GAS  C:\Users\jsyoon\AppData\Local\Temp\cchTVcld.s 			page 33


 1815 0127 3C       		.byte	0x3c
 1816 0128 25       		.byte	0x25
 1817 0129 9F       		.byte	0x9f
 1818 012a 00000000 		.4byte	0
 1819 012e 00000000 		.4byte	0
 1820              	.LLST6:
 1821 0132 00000000 		.4byte	.LVL17
 1822 0136 08000000 		.4byte	.LVL20
 1823 013a 0200     		.2byte	0x2
 1824 013c 30       		.byte	0x30
 1825 013d 9F       		.byte	0x9f
 1826 013e 08000000 		.4byte	.LVL20
 1827 0142 12000000 		.4byte	.LVL22
 1828 0146 0100     		.2byte	0x1
 1829 0148 53       		.byte	0x53
 1830 0149 12000000 		.4byte	.LVL22
 1831 014d 1A000000 		.4byte	.LVL24
 1832 0151 0200     		.2byte	0x2
 1833 0153 30       		.byte	0x30
 1834 0154 9F       		.byte	0x9f
 1835 0155 1A000000 		.4byte	.LVL24
 1836 0159 24000000 		.4byte	.LFE122
 1837 015d 0100     		.2byte	0x1
 1838 015f 53       		.byte	0x53
 1839 0160 00000000 		.4byte	0
 1840 0164 00000000 		.4byte	0
 1841              	.LLST7:
 1842 0168 00000000 		.4byte	.LVL27
 1843 016c 0C000000 		.4byte	.LVL29
 1844 0170 0100     		.2byte	0x1
 1845 0172 50       		.byte	0x50
 1846 0173 0C000000 		.4byte	.LVL29
 1847 0177 14000000 		.4byte	.LFE124
 1848 017b 0400     		.2byte	0x4
 1849 017d F3       		.byte	0xf3
 1850 017e 01       		.uleb128 0x1
 1851 017f 50       		.byte	0x50
 1852 0180 9F       		.byte	0x9f
 1853 0181 00000000 		.4byte	0
 1854 0185 00000000 		.4byte	0
 1855              	.LLST8:
 1856 0189 00000000 		.4byte	.LVL27
 1857 018d 04000000 		.4byte	.LVL28
 1858 0191 0200     		.2byte	0x2
 1859 0193 30       		.byte	0x30
 1860 0194 9F       		.byte	0x9f
 1861 0195 04000000 		.4byte	.LVL28
 1862 0199 0C000000 		.4byte	.LVL29
 1863 019d 0C00     		.2byte	0xc
 1864 019f 70       		.byte	0x70
 1865 01a0 00       		.sleb128 0
 1866 01a1 0A       		.byte	0xa
 1867 01a2 FFFF     		.2byte	0xffff
 1868 01a4 1A       		.byte	0x1a
 1869 01a5 73       		.byte	0x73
 1870 01a6 00       		.sleb128 0
 1871 01a7 1A       		.byte	0x1a
ARM GAS  C:\Users\jsyoon\AppData\Local\Temp\cchTVcld.s 			page 34


 1872 01a8 30       		.byte	0x30
 1873 01a9 2E       		.byte	0x2e
 1874 01aa 9F       		.byte	0x9f
 1875 01ab 0C000000 		.4byte	.LVL29
 1876 01af 14000000 		.4byte	.LFE124
 1877 01b3 0D00     		.2byte	0xd
 1878 01b5 F3       		.byte	0xf3
 1879 01b6 01       		.uleb128 0x1
 1880 01b7 50       		.byte	0x50
 1881 01b8 0A       		.byte	0xa
 1882 01b9 FFFF     		.2byte	0xffff
 1883 01bb 1A       		.byte	0x1a
 1884 01bc 73       		.byte	0x73
 1885 01bd 00       		.sleb128 0
 1886 01be 1A       		.byte	0x1a
 1887 01bf 30       		.byte	0x30
 1888 01c0 2E       		.byte	0x2e
 1889 01c1 9F       		.byte	0x9f
 1890 01c2 00000000 		.4byte	0
 1891 01c6 00000000 		.4byte	0
 1892              	.LLST9:
 1893 01ca 00000000 		.4byte	.LVL27
 1894 01ce 04000000 		.4byte	.LVL28
 1895 01d2 0200     		.2byte	0x2
 1896 01d4 30       		.byte	0x30
 1897 01d5 9F       		.byte	0x9f
 1898 01d6 04000000 		.4byte	.LVL28
 1899 01da 0C000000 		.4byte	.LVL29
 1900 01de 0A00     		.2byte	0xa
 1901 01e0 70       		.byte	0x70
 1902 01e1 00       		.sleb128 0
 1903 01e2 0A       		.byte	0xa
 1904 01e3 FFFF     		.2byte	0xffff
 1905 01e5 1A       		.byte	0x1a
 1906 01e6 73       		.byte	0x73
 1907 01e7 00       		.sleb128 0
 1908 01e8 1A       		.byte	0x1a
 1909 01e9 9F       		.byte	0x9f
 1910 01ea 0C000000 		.4byte	.LVL29
 1911 01ee 14000000 		.4byte	.LFE124
 1912 01f2 0B00     		.2byte	0xb
 1913 01f4 F3       		.byte	0xf3
 1914 01f5 01       		.uleb128 0x1
 1915 01f6 50       		.byte	0x50
 1916 01f7 0A       		.byte	0xa
 1917 01f8 FFFF     		.2byte	0xffff
 1918 01fa 1A       		.byte	0x1a
 1919 01fb 73       		.byte	0x73
 1920 01fc 00       		.sleb128 0
 1921 01fd 1A       		.byte	0x1a
 1922 01fe 9F       		.byte	0x9f
 1923 01ff 00000000 		.4byte	0
 1924 0203 00000000 		.4byte	0
 1925              		.section	.debug_aranges,"",%progbits
 1926 0000 8C000000 		.4byte	0x8c
 1927 0004 0200     		.2byte	0x2
 1928 0006 00000000 		.4byte	.Ldebug_info0
ARM GAS  C:\Users\jsyoon\AppData\Local\Temp\cchTVcld.s 			page 35


 1929 000a 04       		.byte	0x4
 1930 000b 00       		.byte	0
 1931 000c 0000     		.2byte	0
 1932 000e 0000     		.2byte	0
 1933 0010 00000000 		.4byte	.LFB111
 1934 0014 1C000000 		.4byte	.LFE111-.LFB111
 1935 0018 00000000 		.4byte	.LFB112
 1936 001c 48000000 		.4byte	.LFE112-.LFB112
 1937 0020 00000000 		.4byte	.LFB113
 1938 0024 12000000 		.4byte	.LFE113-.LFB113
 1939 0028 00000000 		.4byte	.LFB114
 1940 002c 20000000 		.4byte	.LFE114-.LFB114
 1941 0030 00000000 		.4byte	.LFB115
 1942 0034 1C000000 		.4byte	.LFE115-.LFB115
 1943 0038 00000000 		.4byte	.LFB116
 1944 003c 24000000 		.4byte	.LFE116-.LFB116
 1945 0040 00000000 		.4byte	.LFB117
 1946 0044 1C000000 		.4byte	.LFE117-.LFB117
 1947 0048 00000000 		.4byte	.LFB118
 1948 004c 1C000000 		.4byte	.LFE118-.LFB118
 1949 0050 00000000 		.4byte	.LFB119
 1950 0054 1C000000 		.4byte	.LFE119-.LFB119
 1951 0058 00000000 		.4byte	.LFB120
 1952 005c 0C000000 		.4byte	.LFE120-.LFB120
 1953 0060 00000000 		.4byte	.LFB121
 1954 0064 1C000000 		.4byte	.LFE121-.LFB121
 1955 0068 00000000 		.4byte	.LFB122
 1956 006c 24000000 		.4byte	.LFE122-.LFB122
 1957 0070 00000000 		.4byte	.LFB123
 1958 0074 0C000000 		.4byte	.LFE123-.LFB123
 1959 0078 00000000 		.4byte	.LFB124
 1960 007c 14000000 		.4byte	.LFE124-.LFB124
 1961 0080 00000000 		.4byte	.LFB125
 1962 0084 0C000000 		.4byte	.LFE125-.LFB125
 1963 0088 00000000 		.4byte	0
 1964 008c 00000000 		.4byte	0
 1965              		.section	.debug_ranges,"",%progbits
 1966              	.Ldebug_ranges0:
 1967 0000 00000000 		.4byte	.LFB111
 1968 0004 1C000000 		.4byte	.LFE111
 1969 0008 00000000 		.4byte	.LFB112
 1970 000c 48000000 		.4byte	.LFE112
 1971 0010 00000000 		.4byte	.LFB113
 1972 0014 12000000 		.4byte	.LFE113
 1973 0018 00000000 		.4byte	.LFB114
 1974 001c 20000000 		.4byte	.LFE114
 1975 0020 00000000 		.4byte	.LFB115
 1976 0024 1C000000 		.4byte	.LFE115
 1977 0028 00000000 		.4byte	.LFB116
 1978 002c 24000000 		.4byte	.LFE116
 1979 0030 00000000 		.4byte	.LFB117
 1980 0034 1C000000 		.4byte	.LFE117
 1981 0038 00000000 		.4byte	.LFB118
 1982 003c 1C000000 		.4byte	.LFE118
 1983 0040 00000000 		.4byte	.LFB119
 1984 0044 1C000000 		.4byte	.LFE119
 1985 0048 00000000 		.4byte	.LFB120
ARM GAS  C:\Users\jsyoon\AppData\Local\Temp\cchTVcld.s 			page 36


 1986 004c 0C000000 		.4byte	.LFE120
 1987 0050 00000000 		.4byte	.LFB121
 1988 0054 1C000000 		.4byte	.LFE121
 1989 0058 00000000 		.4byte	.LFB122
 1990 005c 24000000 		.4byte	.LFE122
 1991 0060 00000000 		.4byte	.LFB123
 1992 0064 0C000000 		.4byte	.LFE123
 1993 0068 00000000 		.4byte	.LFB124
 1994 006c 14000000 		.4byte	.LFE124
 1995 0070 00000000 		.4byte	.LFB125
 1996 0074 0C000000 		.4byte	.LFE125
 1997 0078 00000000 		.4byte	0
 1998 007c 00000000 		.4byte	0
 1999              		.section	.debug_line,"",%progbits
 2000              	.Ldebug_line0:
 2001 0000 23030000 		.section	.debug_str,"MS",%progbits,1
 2001      0200AC01 
 2001      00000201 
 2001      FB0E0D00 
 2001      01010101 
 2002              	.LASF76:
 2003 0000 44434D49 		.ascii	"DCMI_DeInit\000"
 2003      5F446549 
 2003      6E697400 
 2004              	.LASF31:
 2005 000c 44434D49 		.ascii	"DCMI_CaptureMode\000"
 2005      5F436170 
 2005      74757265 
 2005      4D6F6465 
 2005      00
 2006              	.LASF33:
 2007 001d 44434D49 		.ascii	"DCMI_PCKPolarity\000"
 2007      5F50434B 
 2007      506F6C61 
 2007      72697479 
 2007      00
 2008              	.LASF42:
 2009 002e 44434D49 		.ascii	"DCMI_CaptureCount\000"
 2009      5F436170 
 2009      74757265 
 2009      436F756E 
 2009      7400
 2010              	.LASF34:
 2011 0040 44434D49 		.ascii	"DCMI_VSPolarity\000"
 2011      5F565350 
 2011      6F6C6172 
 2011      69747900 
 2012              	.LASF17:
 2013 0050 73697A65 		.ascii	"sizetype\000"
 2013      74797065 
 2013      00
 2014              	.LASF63:
 2015 0059 44434D49 		.ascii	"DCMI_FLAG\000"
 2015      5F464C41 
 2015      4700
 2016              	.LASF29:
 2017 0063 43575349 		.ascii	"CWSIZER\000"
ARM GAS  C:\Users\jsyoon\AppData\Local\Temp\cchTVcld.s 			page 37


 2017      5A455200 
 2018              	.LASF50:
 2019 006b 44434D49 		.ascii	"DCMI_StructInit\000"
 2019      5F537472 
 2019      75637449 
 2019      6E697400 
 2020              	.LASF60:
 2021 007b 44434D49 		.ascii	"DCMI_CaptureCmd\000"
 2021      5F436170 
 2021      74757265 
 2021      436D6400 
 2022              	.LASF8:
 2023 008b 5F5F7569 		.ascii	"__uint32_t\000"
 2023      6E743332 
 2023      5F7400
 2024              	.LASF25:
 2025 0096 4D495352 		.ascii	"MISR\000"
 2025      00
 2026              	.LASF19:
 2027 009b 466C6167 		.ascii	"FlagStatus\000"
 2027      53746174 
 2027      757300
 2028              	.LASF4:
 2029 00a6 5F5F7569 		.ascii	"__uint16_t\000"
 2029      6E743136 
 2029      5F7400
 2030              	.LASF39:
 2031 00b1 44434D49 		.ascii	"DCMI_VerticalStartLine\000"
 2031      5F566572 
 2031      74696361 
 2031      6C537461 
 2031      72744C69 
 2032              	.LASF46:
 2033 00c8 44434D49 		.ascii	"DCMI_LineEndCode\000"
 2033      5F4C696E 
 2033      65456E64 
 2033      436F6465 
 2033      00
 2034              	.LASF2:
 2035 00d9 73686F72 		.ascii	"short int\000"
 2035      7420696E 
 2035      7400
 2036              	.LASF62:
 2037 00e3 44434D49 		.ascii	"DCMI_IT\000"
 2037      5F495400 
 2038              	.LASF36:
 2039 00eb 44434D49 		.ascii	"DCMI_CaptureRate\000"
 2039      5F436170 
 2039      74757265 
 2039      52617465 
 2039      00
 2040              	.LASF73:
 2041 00fc 474E5520 		.ascii	"GNU C 4.8.4 20140526 (release) [ARM/embedded-4_8-br"
 2041      4320342E 
 2041      382E3420 
 2041      32303134 
 2041      30353236 
ARM GAS  C:\Users\jsyoon\AppData\Local\Temp\cchTVcld.s 			page 38


 2042 012f 616E6368 		.ascii	"anch revision 211358] -mcpu=cortex-m4 -mfloat-abi=h"
 2042      20726576 
 2042      6973696F 
 2042      6E203231 
 2042      31333538 
 2043 0162 61726420 		.ascii	"ard -mfpu=fpv4-sp-d16 -mno-thumb-interwork -mthumb "
 2043      2D6D6670 
 2043      753D6670 
 2043      76342D73 
 2043      702D6431 
 2044 0195 2D676764 		.ascii	"-ggdb -O2 -std=gnu99 -fomit-frame-pointer -falign-f"
 2044      62202D4F 
 2044      32202D73 
 2044      74643D67 
 2044      6E753939 
 2045 01c8 756E6374 		.ascii	"unctions=16 -ffunction-sections -fdata-sections -fn"
 2045      696F6E73 
 2045      3D313620 
 2045      2D666675 
 2045      6E637469 
 2046 01fb 6F2D636F 		.ascii	"o-common -fsingle-precision-constant\000"
 2046      6D6D6F6E 
 2046      202D6673 
 2046      696E676C 
 2046      652D7072 
 2047              	.LASF44:
 2048 0220 44434D49 		.ascii	"DCMI_FrameStartCode\000"
 2048      5F467261 
 2048      6D655374 
 2048      61727443 
 2048      6F646500 
 2049              	.LASF13:
 2050 0234 75696E74 		.ascii	"uint8_t\000"
 2050      385F7400 
 2051              	.LASF57:
 2052 023c 44434D49 		.ascii	"DCMI_CodesInitStruct\000"
 2052      5F436F64 
 2052      6573496E 
 2052      69745374 
 2052      72756374 
 2053              	.LASF32:
 2054 0251 44434D49 		.ascii	"DCMI_SynchroMode\000"
 2054      5F53796E 
 2054      6368726F 
 2054      4D6F6465 
 2054      00
 2055              	.LASF55:
 2056 0262 4E657753 		.ascii	"NewState\000"
 2056      74617465 
 2056      00
 2057              	.LASF74:
 2058 026b 43686962 		.ascii	"ChibiOS_2.6.6/ext/stdperiph_stm32f4/src/stm32f4xx_d"
 2058      694F535F 
 2058      322E362E 
 2058      362F6578 
 2058      742F7374 
 2059 029e 636D692E 		.ascii	"cmi.c\000"
ARM GAS  C:\Users\jsyoon\AppData\Local\Temp\cchTVcld.s 			page 39


 2059      6300
 2060              	.LASF21:
 2061 02a4 44495341 		.ascii	"DISABLE\000"
 2061      424C4500 
 2062              	.LASF58:
 2063 02ac 44434D49 		.ascii	"DCMI_JPEGCmd\000"
 2063      5F4A5045 
 2063      47436D64 
 2063      00
 2064              	.LASF75:
 2065 02b9 453A5C4D 		.ascii	"E:\\Maker\\BLDC\\test_eval\\try2\\OROCA-BLDC_R15080"
 2065      616B6572 
 2065      5C424C44 
 2065      435C7465 
 2065      73745F65 
 2066 02e7 3700     		.ascii	"7\000"
 2067              	.LASF37:
 2068 02e9 44434D49 		.ascii	"DCMI_ExtendedDataMode\000"
 2068      5F457874 
 2068      656E6465 
 2068      64446174 
 2068      614D6F64 
 2069              	.LASF59:
 2070 02ff 44434D49 		.ascii	"DCMI_Cmd\000"
 2070      5F436D64 
 2070      00
 2071              	.LASF10:
 2072 0308 6C6F6E67 		.ascii	"long long int\000"
 2072      206C6F6E 
 2072      6720696E 
 2072      7400
 2073              	.LASF47:
 2074 0316 44434D49 		.ascii	"DCMI_FrameEndCode\000"
 2074      5F467261 
 2074      6D65456E 
 2074      64436F64 
 2074      6500
 2075              	.LASF20:
 2076 0328 49545374 		.ascii	"ITStatus\000"
 2076      61747573 
 2076      00
 2077              	.LASF49:
 2078 0331 44434D49 		.ascii	"DCMI_Init\000"
 2078      5F496E69 
 2078      7400
 2079              	.LASF7:
 2080 033b 6C6F6E67 		.ascii	"long int\000"
 2080      20696E74 
 2080      00
 2081              	.LASF40:
 2082 0344 44434D49 		.ascii	"DCMI_HorizontalOffsetCount\000"
 2082      5F486F72 
 2082      697A6F6E 
 2082      74616C4F 
 2082      66667365 
 2083              	.LASF3:
 2084 035f 5F5F7569 		.ascii	"__uint8_t\000"
ARM GAS  C:\Users\jsyoon\AppData\Local\Temp\cchTVcld.s 			page 40


 2084      6E74385F 
 2084      7400
 2085              	.LASF68:
 2086 0369 44434D49 		.ascii	"DCMI_ClearFlag\000"
 2086      5F436C65 
 2086      6172466C 
 2086      616700
 2087              	.LASF43:
 2088 0378 44434D49 		.ascii	"DCMI_CROPInitTypeDef\000"
 2088      5F43524F 
 2088      50496E69 
 2088      74547970 
 2088      65446566 
 2089              	.LASF65:
 2090 038d 62697473 		.ascii	"bitstatus\000"
 2090      74617475 
 2090      7300
 2091              	.LASF1:
 2092 0397 756E7369 		.ascii	"unsigned char\000"
 2092      676E6564 
 2092      20636861 
 2092      7200
 2093              	.LASF54:
 2094 03a5 44434D49 		.ascii	"DCMI_CROPCmd\000"
 2094      5F43524F 
 2094      50436D64 
 2094      00
 2095              	.LASF69:
 2096 03b2 44434D49 		.ascii	"DCMI_GetFlagStatus\000"
 2096      5F476574 
 2096      466C6167 
 2096      53746174 
 2096      757300
 2097              	.LASF0:
 2098 03c5 7369676E 		.ascii	"signed char\000"
 2098      65642063 
 2098      68617200 
 2099              	.LASF11:
 2100 03d1 6C6F6E67 		.ascii	"long long unsigned int\000"
 2100      206C6F6E 
 2100      6720756E 
 2100      7369676E 
 2100      65642069 
 2101              	.LASF77:
 2102 03e8 44434D49 		.ascii	"DCMI_ReadData\000"
 2102      5F526561 
 2102      64446174 
 2102      6100
 2103              	.LASF16:
 2104 03f6 75696E74 		.ascii	"uint32_t\000"
 2104      33325F74 
 2104      00
 2105              	.LASF30:
 2106 03ff 44434D49 		.ascii	"DCMI_TypeDef\000"
 2106      5F547970 
 2106      65446566 
 2106      00
ARM GAS  C:\Users\jsyoon\AppData\Local\Temp\cchTVcld.s 			page 41


 2107              	.LASF53:
 2108 040c 44434D49 		.ascii	"DCMI_CROPInitStruct\000"
 2108      5F43524F 
 2108      50496E69 
 2108      74537472 
 2108      75637400 
 2109              	.LASF14:
 2110 0420 75696E74 		.ascii	"uint16_t\000"
 2110      31365F74 
 2110      00
 2111              	.LASF64:
 2112 0429 74656D70 		.ascii	"temp\000"
 2112      00
 2113              	.LASF51:
 2114 042e 44434D49 		.ascii	"DCMI_InitStruct\000"
 2114      5F496E69 
 2114      74537472 
 2114      75637400 
 2115              	.LASF26:
 2116 043e 45534352 		.ascii	"ESCR\000"
 2116      00
 2117              	.LASF5:
 2118 0443 73686F72 		.ascii	"short unsigned int\000"
 2118      7420756E 
 2118      7369676E 
 2118      65642069 
 2118      6E7400
 2119              	.LASF15:
 2120 0456 696E7433 		.ascii	"int32_t\000"
 2120      325F7400 
 2121              	.LASF61:
 2122 045e 44434D49 		.ascii	"DCMI_ITConfig\000"
 2122      5F495443 
 2122      6F6E6669 
 2122      6700
 2123              	.LASF41:
 2124 046c 44434D49 		.ascii	"DCMI_VerticalLineCount\000"
 2124      5F566572 
 2124      74696361 
 2124      6C4C696E 
 2124      65436F75 
 2125              	.LASF67:
 2126 0483 74656D70 		.ascii	"tempreg\000"
 2126      72656700 
 2127              	.LASF56:
 2128 048b 44434D49 		.ascii	"DCMI_SetEmbeddedSynchroCodes\000"
 2128      5F536574 
 2128      456D6265 
 2128      64646564 
 2128      53796E63 
 2129              	.LASF9:
 2130 04a8 6C6F6E67 		.ascii	"long unsigned int\000"
 2130      20756E73 
 2130      69676E65 
 2130      6420696E 
 2130      7400
 2131              	.LASF52:
ARM GAS  C:\Users\jsyoon\AppData\Local\Temp\cchTVcld.s 			page 42


 2132 04ba 44434D49 		.ascii	"DCMI_CROPConfig\000"
 2132      5F43524F 
 2132      50436F6E 
 2132      66696700 
 2133              	.LASF23:
 2134 04ca 46756E63 		.ascii	"FunctionalState\000"
 2134      74696F6E 
 2134      616C5374 
 2134      61746500 
 2135              	.LASF38:
 2136 04da 44434D49 		.ascii	"DCMI_InitTypeDef\000"
 2136      5F496E69 
 2136      74547970 
 2136      65446566 
 2136      00
 2137              	.LASF6:
 2138 04eb 5F5F696E 		.ascii	"__int32_t\000"
 2138      7433325F 
 2138      7400
 2139              	.LASF18:
 2140 04f5 52455345 		.ascii	"RESET\000"
 2140      5400
 2141              	.LASF48:
 2142 04fb 44434D49 		.ascii	"DCMI_CodesInitTypeDef\000"
 2142      5F436F64 
 2142      6573496E 
 2142      69745479 
 2142      70654465 
 2143              	.LASF72:
 2144 0511 44434D49 		.ascii	"DCMI_ClearITPendingBit\000"
 2144      5F436C65 
 2144      61724954 
 2144      50656E64 
 2144      696E6742 
 2145              	.LASF70:
 2146 0528 44434D49 		.ascii	"DCMI_GetITStatus\000"
 2146      5F476574 
 2146      49545374 
 2146      61747573 
 2146      00
 2147              	.LASF45:
 2148 0539 44434D49 		.ascii	"DCMI_LineStartCode\000"
 2148      5F4C696E 
 2148      65537461 
 2148      7274436F 
 2148      646500
 2149              	.LASF66:
 2150 054c 64636D69 		.ascii	"dcmireg\000"
 2150      72656700 
 2151              	.LASF28:
 2152 0554 43575354 		.ascii	"CWSTRTR\000"
 2152      52545200 
 2153              	.LASF78:
 2154 055c 49544D5F 		.ascii	"ITM_RxBuffer\000"
 2154      52784275 
 2154      66666572 
 2154      00
ARM GAS  C:\Users\jsyoon\AppData\Local\Temp\cchTVcld.s 			page 43


 2155              	.LASF12:
 2156 0569 756E7369 		.ascii	"unsigned int\000"
 2156      676E6564 
 2156      20696E74 
 2156      00
 2157              	.LASF24:
 2158 0576 52495352 		.ascii	"RISR\000"
 2158      00
 2159              	.LASF27:
 2160 057b 45535552 		.ascii	"ESUR\000"
 2160      00
 2161              	.LASF35:
 2162 0580 44434D49 		.ascii	"DCMI_HSPolarity\000"
 2162      5F485350 
 2162      6F6C6172 
 2162      69747900 
 2163              	.LASF22:
 2164 0590 454E4142 		.ascii	"ENABLE\000"
 2164      4C4500
 2165              	.LASF71:
 2166 0597 69747374 		.ascii	"itstatus\000"
 2166      61747573 
 2166      00
 2167              		.ident	"GCC: (GNU Tools for ARM Embedded Processors) 4.8.4 20140526 (release) [ARM/embedded-4_8-br
ARM GAS  C:\Users\jsyoon\AppData\Local\Temp\cchTVcld.s 			page 44


DEFINED SYMBOLS
                            *ABS*:00000000 stm32f4xx_dcmi.c
C:\Users\jsyoon\AppData\Local\Temp\cchTVcld.s:21     .text.DCMI_DeInit:00000000 $t
C:\Users\jsyoon\AppData\Local\Temp\cchTVcld.s:27     .text.DCMI_DeInit:00000000 DCMI_DeInit
C:\Users\jsyoon\AppData\Local\Temp\cchTVcld.s:58     .text.DCMI_DeInit:00000018 $d
C:\Users\jsyoon\AppData\Local\Temp\cchTVcld.s:63     .text.DCMI_Init:00000000 $t
C:\Users\jsyoon\AppData\Local\Temp\cchTVcld.s:69     .text.DCMI_Init:00000000 DCMI_Init
C:\Users\jsyoon\AppData\Local\Temp\cchTVcld.s:135    .text.DCMI_Init:00000044 $d
C:\Users\jsyoon\AppData\Local\Temp\cchTVcld.s:140    .text.DCMI_StructInit:00000000 $t
C:\Users\jsyoon\AppData\Local\Temp\cchTVcld.s:146    .text.DCMI_StructInit:00000000 DCMI_StructInit
C:\Users\jsyoon\AppData\Local\Temp\cchTVcld.s:174    .text.DCMI_CROPConfig:00000000 $t
C:\Users\jsyoon\AppData\Local\Temp\cchTVcld.s:180    .text.DCMI_CROPConfig:00000000 DCMI_CROPConfig
C:\Users\jsyoon\AppData\Local\Temp\cchTVcld.s:216    .text.DCMI_CROPConfig:0000001c $d
C:\Users\jsyoon\AppData\Local\Temp\cchTVcld.s:221    .text.DCMI_CROPCmd:00000000 $t
C:\Users\jsyoon\AppData\Local\Temp\cchTVcld.s:227    .text.DCMI_CROPCmd:00000000 DCMI_CROPCmd
C:\Users\jsyoon\AppData\Local\Temp\cchTVcld.s:252    .text.DCMI_CROPCmd:00000018 $d
C:\Users\jsyoon\AppData\Local\Temp\cchTVcld.s:257    .text.DCMI_SetEmbeddedSynchroCodes:00000000 $t
C:\Users\jsyoon\AppData\Local\Temp\cchTVcld.s:263    .text.DCMI_SetEmbeddedSynchroCodes:00000000 DCMI_SetEmbeddedSynchroCodes
C:\Users\jsyoon\AppData\Local\Temp\cchTVcld.s:301    .text.DCMI_SetEmbeddedSynchroCodes:00000020 $d
C:\Users\jsyoon\AppData\Local\Temp\cchTVcld.s:306    .text.DCMI_JPEGCmd:00000000 $t
C:\Users\jsyoon\AppData\Local\Temp\cchTVcld.s:312    .text.DCMI_JPEGCmd:00000000 DCMI_JPEGCmd
C:\Users\jsyoon\AppData\Local\Temp\cchTVcld.s:337    .text.DCMI_JPEGCmd:00000018 $d
C:\Users\jsyoon\AppData\Local\Temp\cchTVcld.s:342    .text.DCMI_Cmd:00000000 $t
C:\Users\jsyoon\AppData\Local\Temp\cchTVcld.s:348    .text.DCMI_Cmd:00000000 DCMI_Cmd
C:\Users\jsyoon\AppData\Local\Temp\cchTVcld.s:373    .text.DCMI_Cmd:00000018 $d
C:\Users\jsyoon\AppData\Local\Temp\cchTVcld.s:378    .text.DCMI_CaptureCmd:00000000 $t
C:\Users\jsyoon\AppData\Local\Temp\cchTVcld.s:384    .text.DCMI_CaptureCmd:00000000 DCMI_CaptureCmd
C:\Users\jsyoon\AppData\Local\Temp\cchTVcld.s:409    .text.DCMI_CaptureCmd:00000018 $d
C:\Users\jsyoon\AppData\Local\Temp\cchTVcld.s:414    .text.DCMI_ReadData:00000000 $t
C:\Users\jsyoon\AppData\Local\Temp\cchTVcld.s:420    .text.DCMI_ReadData:00000000 DCMI_ReadData
C:\Users\jsyoon\AppData\Local\Temp\cchTVcld.s:435    .text.DCMI_ReadData:00000008 $d
C:\Users\jsyoon\AppData\Local\Temp\cchTVcld.s:440    .text.DCMI_ITConfig:00000000 $t
C:\Users\jsyoon\AppData\Local\Temp\cchTVcld.s:446    .text.DCMI_ITConfig:00000000 DCMI_ITConfig
C:\Users\jsyoon\AppData\Local\Temp\cchTVcld.s:477    .text.DCMI_ITConfig:00000018 $d
C:\Users\jsyoon\AppData\Local\Temp\cchTVcld.s:482    .text.DCMI_GetFlagStatus:00000000 $t
C:\Users\jsyoon\AppData\Local\Temp\cchTVcld.s:488    .text.DCMI_GetFlagStatus:00000000 DCMI_GetFlagStatus
C:\Users\jsyoon\AppData\Local\Temp\cchTVcld.s:531    .text.DCMI_GetFlagStatus:00000020 $d
C:\Users\jsyoon\AppData\Local\Temp\cchTVcld.s:536    .text.DCMI_ClearFlag:00000000 $t
C:\Users\jsyoon\AppData\Local\Temp\cchTVcld.s:542    .text.DCMI_ClearFlag:00000000 DCMI_ClearFlag
C:\Users\jsyoon\AppData\Local\Temp\cchTVcld.s:557    .text.DCMI_ClearFlag:00000008 $d
C:\Users\jsyoon\AppData\Local\Temp\cchTVcld.s:562    .text.DCMI_GetITStatus:00000000 $t
C:\Users\jsyoon\AppData\Local\Temp\cchTVcld.s:568    .text.DCMI_GetITStatus:00000000 DCMI_GetITStatus
C:\Users\jsyoon\AppData\Local\Temp\cchTVcld.s:591    .text.DCMI_GetITStatus:00000010 $d
C:\Users\jsyoon\AppData\Local\Temp\cchTVcld.s:596    .text.DCMI_ClearITPendingBit:00000000 $t
C:\Users\jsyoon\AppData\Local\Temp\cchTVcld.s:602    .text.DCMI_ClearITPendingBit:00000000 DCMI_ClearITPendingBit
C:\Users\jsyoon\AppData\Local\Temp\cchTVcld.s:617    .text.DCMI_ClearITPendingBit:00000008 $d
                     .debug_frame:00000010 $d
C:\Users\jsyoon\AppData\Local\Temp\cchTVcld.s:62     .text.DCMI_DeInit:0000001c $t
C:\Users\jsyoon\AppData\Local\Temp\cchTVcld.s:139    .text.DCMI_Init:00000048 $t
C:\Users\jsyoon\AppData\Local\Temp\cchTVcld.s:256    .text.DCMI_CROPCmd:0000001c $t
C:\Users\jsyoon\AppData\Local\Temp\cchTVcld.s:305    .text.DCMI_SetEmbeddedSynchroCodes:00000024 $t
C:\Users\jsyoon\AppData\Local\Temp\cchTVcld.s:341    .text.DCMI_JPEGCmd:0000001c $t
C:\Users\jsyoon\AppData\Local\Temp\cchTVcld.s:377    .text.DCMI_Cmd:0000001c $t
C:\Users\jsyoon\AppData\Local\Temp\cchTVcld.s:413    .text.DCMI_CaptureCmd:0000001c $t
C:\Users\jsyoon\AppData\Local\Temp\cchTVcld.s:439    .text.DCMI_ReadData:0000000c $t
C:\Users\jsyoon\AppData\Local\Temp\cchTVcld.s:481    .text.DCMI_ITConfig:0000001c $t
C:\Users\jsyoon\AppData\Local\Temp\cchTVcld.s:535    .text.DCMI_GetFlagStatus:00000024 $t
ARM GAS  C:\Users\jsyoon\AppData\Local\Temp\cchTVcld.s 			page 45


C:\Users\jsyoon\AppData\Local\Temp\cchTVcld.s:561    .text.DCMI_ClearFlag:0000000c $t
C:\Users\jsyoon\AppData\Local\Temp\cchTVcld.s:595    .text.DCMI_GetITStatus:00000014 $t
C:\Users\jsyoon\AppData\Local\Temp\cchTVcld.s:621    .text.DCMI_ClearITPendingBit:0000000c $t

NO UNDEFINED SYMBOLS
