ARM GAS  C:\Users\jsyoon\AppData\Local\Temp\ccDMUA1Q.s 			page 1


   1              		.syntax unified
   2              		.cpu cortex-m4
   3              		.eabi_attribute 27, 3
   4              		.eabi_attribute 28, 1
   5              		.fpu fpv4-sp-d16
   6              		.eabi_attribute 20, 1
   7              		.eabi_attribute 21, 1
   8              		.eabi_attribute 23, 3
   9              		.eabi_attribute 24, 1
  10              		.eabi_attribute 25, 1
  11              		.eabi_attribute 26, 1
  12              		.eabi_attribute 30, 2
  13              		.eabi_attribute 34, 1
  14              		.eabi_attribute 18, 4
  15              		.thumb
  16              		.file	"stm32f4xx_hash_md5.c"
  17              		.text
  18              	.Ltext0:
  19              		.cfi_sections	.debug_frame
  20              		.section	.text.HASH_MD5,"ax",%progbits
  21              		.align	2
  22              		.p2align 4,,15
  23              		.global	HASH_MD5
  24              		.thumb
  25              		.thumb_func
  26              		.type	HASH_MD5, %function
  27              	HASH_MD5:
  28              	.LFB111:
  29              		.file 1 "ChibiOS_2.6.6/ext/stdperiph_stm32f4/src/stm32f4xx_hash_md5.c"
  30              		.loc 1 94 0
  31              		.cfi_startproc
  32              		@ args = 0, pretend = 0, frame = 48
  33              		@ frame_needed = 0, uses_anonymous_args = 0
  34              	.LVL0:
  35 0000 F0B5     		push	{r4, r5, r6, r7, lr}
  36              		.cfi_def_cfa_offset 20
  37              		.cfi_offset 4, -20
  38              		.cfi_offset 5, -16
  39              		.cfi_offset 6, -12
  40              		.cfi_offset 7, -8
  41              		.cfi_offset 14, -4
  42              		.loc 1 107 0
  43 0002 01F00303 		and	r3, r1, #3
  44              		.loc 1 94 0
  45 0006 8DB0     		sub	sp, sp, #52
  46              		.cfi_def_cfa_offset 72
  47              		.loc 1 107 0
  48 0008 DB00     		lsls	r3, r3, #3
  49              		.loc 1 97 0
  50 000a 0024     		movs	r4, #0
  51              		.loc 1 94 0
  52 000c 0D46     		mov	r5, r1
  53              		.loc 1 97 0
  54 000e ADF80640 		strh	r4, [sp, #6]	@ movhi
  55              	.LVL1:
  56              		.loc 1 94 0
  57 0012 0646     		mov	r6, r0
ARM GAS  C:\Users\jsyoon\AppData\Local\Temp\ccDMUA1Q.s 			page 2


  58 0014 1746     		mov	r7, r2
  59              		.loc 1 99 0
  60 0016 0294     		str	r4, [sp, #8]
  61              	.LVL2:
  62              		.loc 1 107 0
  63 0018 ADF80630 		strh	r3, [sp, #6]	@ movhi
  64              		.loc 1 110 0
  65 001c FFF7FEFF 		bl	HASH_DeInit
  66              	.LVL3:
  67              		.loc 1 113 0
  68 0020 8022     		movs	r2, #128
  69              		.loc 1 115 0
  70 0022 2023     		movs	r3, #32
  71              		.loc 1 116 0
  72 0024 03A8     		add	r0, sp, #12
  73              		.loc 1 114 0
  74 0026 0494     		str	r4, [sp, #16]
  75              		.loc 1 113 0
  76 0028 0392     		str	r2, [sp, #12]
  77              		.loc 1 115 0
  78 002a 0593     		str	r3, [sp, #20]
  79              		.loc 1 116 0
  80 002c FFF7FEFF 		bl	HASH_Init
  81              	.LVL4:
  82              		.loc 1 119 0
  83 0030 BDF80600 		ldrh	r0, [sp, #6]
  84 0034 80B2     		uxth	r0, r0
  85 0036 FFF7FEFF 		bl	HASH_SetLastWordValidBitsNbr
  86              	.LVL5:
  87              		.loc 1 122 0
  88 003a 2DB1     		cbz	r5, .L4
  89              	.LVL6:
  90              	.L5:
  91              		.loc 1 124 0 discriminator 2
  92 003c 3059     		ldr	r0, [r6, r4]
  93              		.loc 1 122 0 discriminator 2
  94 003e 0434     		adds	r4, r4, #4
  95              	.LVL7:
  96              		.loc 1 124 0 discriminator 2
  97 0040 FFF7FEFF 		bl	HASH_DataIn
  98              	.LVL8:
  99              		.loc 1 122 0 discriminator 2
 100 0044 A542     		cmp	r5, r4
 101 0046 F9D8     		bhi	.L5
 102              	.LVL9:
 103              	.L4:
 104              		.loc 1 129 0
 105 0048 FFF7FEFF 		bl	HASH_StartDigest
 106              	.LVL10:
 107 004c 00E0     		b	.L3
 108              	.LVL11:
 109              	.L14:
 110              		.loc 1 136 0 discriminator 1
 111 004e 68B1     		cbz	r0, .L7
 112              	.LVL12:
 113              	.L3:
 114              		.loc 1 134 0 discriminator 1
ARM GAS  C:\Users\jsyoon\AppData\Local\Temp\ccDMUA1Q.s 			page 3


 115 0050 0820     		movs	r0, #8
 116 0052 FFF7FEFF 		bl	HASH_GetFlagStatus
 117              	.LVL13:
 118              		.loc 1 135 0 discriminator 1
 119 0056 029B     		ldr	r3, [sp, #8]
 120 0058 0133     		adds	r3, r3, #1
 121 005a 0293     		str	r3, [sp, #8]
 122              		.loc 1 136 0 discriminator 1
 123 005c 029B     		ldr	r3, [sp, #8]
 124 005e B3F5803F 		cmp	r3, #65536
 125 0062 F4D1     		bne	.L14
 126              		.loc 1 138 0
 127 0064 10B1     		cbz	r0, .L7
 128              		.loc 1 140 0
 129 0066 0020     		movs	r0, #0
 130              	.LVL14:
 131              		.loc 1 155 0
 132 0068 0DB0     		add	sp, sp, #52
 133              		@ sp needed
 134 006a F0BD     		pop	{r4, r5, r6, r7, pc}
 135              	.LVL15:
 136              	.L7:
 137              		.loc 1 145 0
 138 006c 07A8     		add	r0, sp, #28
 139              	.LVL16:
 140 006e FFF7FEFF 		bl	HASH_GetDigest
 141              	.LVL17:
 142              	.LBB18:
 143              	.LBB19:
 144              		.file 2 "ChibiOS_2.6.6/os/ports/common/ARMCMx/CMSIS/include/core_cmInstr.h"
 145              		.loc 2 369 0
 146 0072 079B     		ldr	r3, [sp, #28]
 147              	@ 369 "ChibiOS_2.6.6/os/ports/common/ARMCMx/CMSIS/include/core_cmInstr.h" 1
 148 0074 1BBA     		rev r3, r3
 149              	@ 0 "" 2
 150              	.LVL18:
 151              		.thumb
 152              	.LBE19:
 153              	.LBE18:
 154              		.loc 1 146 0
 155 0076 3B60     		str	r3, [r7]
 156              	.LVL19:
 157              	.LBB20:
 158              	.LBB21:
 159              		.loc 2 369 0
 160 0078 089B     		ldr	r3, [sp, #32]
 161              	.LVL20:
 162              	@ 369 "ChibiOS_2.6.6/os/ports/common/ARMCMx/CMSIS/include/core_cmInstr.h" 1
 163 007a 1BBA     		rev r3, r3
 164              	@ 0 "" 2
 165              	.LVL21:
 166              		.thumb
 167              	.LBE21:
 168              	.LBE20:
 169              		.loc 1 148 0
 170 007c 7B60     		str	r3, [r7, #4]
 171              	.LVL22:
ARM GAS  C:\Users\jsyoon\AppData\Local\Temp\ccDMUA1Q.s 			page 4


 172              	.LBB22:
 173              	.LBB23:
 174              		.loc 2 369 0
 175 007e 099B     		ldr	r3, [sp, #36]
 176              	.LVL23:
 177              	@ 369 "ChibiOS_2.6.6/os/ports/common/ARMCMx/CMSIS/include/core_cmInstr.h" 1
 178 0080 1BBA     		rev r3, r3
 179              	@ 0 "" 2
 180              	.LVL24:
 181              		.thumb
 182              	.LBE23:
 183              	.LBE22:
 184              		.loc 1 150 0
 185 0082 BB60     		str	r3, [r7, #8]
 186              	.LVL25:
 187              	.LBB24:
 188              	.LBB25:
 189              		.loc 2 369 0
 190 0084 0A9B     		ldr	r3, [sp, #40]
 191              	.LVL26:
 192              	@ 369 "ChibiOS_2.6.6/os/ports/common/ARMCMx/CMSIS/include/core_cmInstr.h" 1
 193 0086 1BBA     		rev r3, r3
 194              	@ 0 "" 2
 195              	.LVL27:
 196              		.thumb
 197              	.LBE25:
 198              	.LBE24:
 199              		.loc 1 101 0
 200 0088 0120     		movs	r0, #1
 201              		.loc 1 152 0
 202 008a FB60     		str	r3, [r7, #12]
 203              	.LVL28:
 204              		.loc 1 155 0
 205 008c 0DB0     		add	sp, sp, #52
 206              		@ sp needed
 207 008e F0BD     		pop	{r4, r5, r6, r7, pc}
 208              		.cfi_endproc
 209              	.LFE111:
 210              		.size	HASH_MD5, .-HASH_MD5
 211              		.section	.text.HMAC_MD5,"ax",%progbits
 212              		.align	2
 213              		.p2align 4,,15
 214              		.global	HMAC_MD5
 215              		.thumb
 216              		.thumb_func
 217              		.type	HMAC_MD5, %function
 218              	HMAC_MD5:
 219              	.LFB112:
 220              		.loc 1 170 0
 221              		.cfi_startproc
 222              		@ args = 4, pretend = 0, frame = 48
 223              		@ frame_needed = 0, uses_anonymous_args = 0
 224              	.LVL29:
 225 0000 2DE9F041 		push	{r4, r5, r6, r7, r8, lr}
 226              		.cfi_def_cfa_offset 24
 227              		.cfi_offset 4, -24
 228              		.cfi_offset 5, -20
ARM GAS  C:\Users\jsyoon\AppData\Local\Temp\ccDMUA1Q.s 			page 5


 229              		.cfi_offset 6, -16
 230              		.cfi_offset 7, -12
 231              		.cfi_offset 8, -8
 232              		.cfi_offset 14, -4
 233 0004 0D46     		mov	r5, r1
 234 0006 8CB0     		sub	sp, sp, #48
 235              		.cfi_def_cfa_offset 72
 236              		.loc 1 184 0
 237 0008 03F00301 		and	r1, r3, #3
 238              	.LVL30:
 239              		.loc 1 170 0
 240 000c 1F46     		mov	r7, r3
 241              		.loc 1 187 0
 242 000e 05F00303 		and	r3, r5, #3
 243              	.LVL31:
 244              		.loc 1 173 0
 245 0012 0024     		movs	r4, #0
 246              		.loc 1 184 0
 247 0014 C900     		lsls	r1, r1, #3
 248              		.loc 1 187 0
 249 0016 DB00     		lsls	r3, r3, #3
 250              		.loc 1 173 0
 251 0018 ADF80440 		strh	r4, [sp, #4]	@ movhi
 252              		.loc 1 170 0
 253 001c 9046     		mov	r8, r2
 254              		.loc 1 174 0
 255 001e ADF80640 		strh	r4, [sp, #6]	@ movhi
 256              	.LVL32:
 257              		.loc 1 170 0
 258 0022 0646     		mov	r6, r0
 259              		.loc 1 176 0
 260 0024 0294     		str	r4, [sp, #8]
 261              	.LVL33:
 262              		.loc 1 184 0
 263 0026 ADF80410 		strh	r1, [sp, #4]	@ movhi
 264              		.loc 1 187 0
 265 002a ADF80630 		strh	r3, [sp, #6]	@ movhi
 266              		.loc 1 190 0
 267 002e FFF7FEFF 		bl	HASH_DeInit
 268              	.LVL34:
 269              		.loc 1 194 0
 270 0032 4022     		movs	r2, #64
 271              		.loc 1 193 0
 272 0034 8021     		movs	r1, #128
 273              		.loc 1 195 0
 274 0036 2023     		movs	r3, #32
 275              		.loc 1 196 0
 276 0038 9542     		cmp	r5, r2
 277              		.loc 1 193 0
 278 003a 0391     		str	r1, [sp, #12]
 279              		.loc 1 194 0
 280 003c 0492     		str	r2, [sp, #16]
 281              		.loc 1 195 0
 282 003e 0593     		str	r3, [sp, #20]
 283              		.loc 1 196 0
 284 0040 24D9     		bls	.L16
 285              		.loc 1 199 0
ARM GAS  C:\Users\jsyoon\AppData\Local\Temp\ccDMUA1Q.s 			page 6


 286 0042 4FF48033 		mov	r3, #65536
 287              		.loc 1 206 0
 288 0046 03A8     		add	r0, sp, #12
 289              		.loc 1 199 0
 290 0048 0693     		str	r3, [sp, #24]
 291              		.loc 1 206 0
 292 004a FFF7FEFF 		bl	HASH_Init
 293              	.LVL35:
 294              		.loc 1 209 0
 295 004e BDF80600 		ldrh	r0, [sp, #6]
 296 0052 80B2     		uxth	r0, r0
 297 0054 FFF7FEFF 		bl	HASH_SetLastWordValidBitsNbr
 298              	.LVL36:
 299              	.L17:
 300              		.loc 1 212 0
 301 0058 0024     		movs	r4, #0
 302              	.LVL37:
 303              	.L20:
 304              		.loc 1 214 0 discriminator 2
 305 005a 3059     		ldr	r0, [r6, r4]
 306              		.loc 1 212 0 discriminator 2
 307 005c 0434     		adds	r4, r4, #4
 308              	.LVL38:
 309              		.loc 1 214 0 discriminator 2
 310 005e FFF7FEFF 		bl	HASH_DataIn
 311              	.LVL39:
 312              		.loc 1 212 0 discriminator 2
 313 0062 A542     		cmp	r5, r4
 314 0064 F9D8     		bhi	.L20
 315              	.LVL40:
 316              	.L19:
 317              		.loc 1 219 0
 318 0066 FFF7FEFF 		bl	HASH_StartDigest
 319              	.LVL41:
 320 006a 00E0     		b	.L18
 321              	.LVL42:
 322              	.L49:
 323              		.loc 1 226 0 discriminator 1
 324 006c D0B1     		cbz	r0, .L22
 325              	.LVL43:
 326              	.L18:
 327              		.loc 1 224 0 discriminator 1
 328 006e 0820     		movs	r0, #8
 329 0070 FFF7FEFF 		bl	HASH_GetFlagStatus
 330              	.LVL44:
 331              		.loc 1 225 0 discriminator 1
 332 0074 029C     		ldr	r4, [sp, #8]
 333 0076 0134     		adds	r4, r4, #1
 334 0078 0294     		str	r4, [sp, #8]
 335              		.loc 1 226 0 discriminator 1
 336 007a 029C     		ldr	r4, [sp, #8]
 337 007c B4F5803F 		cmp	r4, #65536
 338 0080 F4D1     		bne	.L49
 339              		.loc 1 228 0
 340 0082 78B1     		cbz	r0, .L22
 341              	.LVL45:
 342              	.L30:
ARM GAS  C:\Users\jsyoon\AppData\Local\Temp\ccDMUA1Q.s 			page 7


 343              		.loc 1 230 0
 344 0084 0020     		movs	r0, #0
 345              	.LVL46:
 346              	.L23:
 347              		.loc 1 302 0
 348 0086 0CB0     		add	sp, sp, #48
 349              		@ sp needed
 350 0088 BDE8F081 		pop	{r4, r5, r6, r7, r8, pc}
 351              	.LVL47:
 352              	.L16:
 353              		.loc 1 206 0
 354 008c 03A8     		add	r0, sp, #12
 355              		.loc 1 204 0
 356 008e 0694     		str	r4, [sp, #24]
 357              		.loc 1 206 0
 358 0090 FFF7FEFF 		bl	HASH_Init
 359              	.LVL48:
 360              		.loc 1 209 0
 361 0094 BDF80600 		ldrh	r0, [sp, #6]
 362 0098 80B2     		uxth	r0, r0
 363 009a FFF7FEFF 		bl	HASH_SetLastWordValidBitsNbr
 364              	.LVL49:
 365              		.loc 1 212 0
 366 009e 002D     		cmp	r5, #0
 367 00a0 DAD1     		bne	.L17
 368 00a2 E0E7     		b	.L19
 369              	.LVL50:
 370              	.L22:
 371              		.loc 1 235 0
 372 00a4 BDF80400 		ldrh	r0, [sp, #4]
 373              	.LVL51:
 374 00a8 80B2     		uxth	r0, r0
 375 00aa FFF7FEFF 		bl	HASH_SetLastWordValidBitsNbr
 376              	.LVL52:
 377              		.loc 1 238 0
 378 00ae 0024     		movs	r4, #0
 379 00b0 37B1     		cbz	r7, .L26
 380              	.LVL53:
 381              	.L27:
 382              		.loc 1 240 0 discriminator 2
 383 00b2 58F80400 		ldr	r0, [r8, r4]
 384              		.loc 1 238 0 discriminator 2
 385 00b6 0434     		adds	r4, r4, #4
 386              	.LVL54:
 387              		.loc 1 240 0 discriminator 2
 388 00b8 FFF7FEFF 		bl	HASH_DataIn
 389              	.LVL55:
 390              		.loc 1 238 0 discriminator 2
 391 00bc A742     		cmp	r7, r4
 392 00be F8D8     		bhi	.L27
 393              	.LVL56:
 394              	.L26:
 395              		.loc 1 245 0
 396 00c0 FFF7FEFF 		bl	HASH_StartDigest
 397              	.LVL57:
 398              		.loc 1 248 0
 399 00c4 0023     		movs	r3, #0
ARM GAS  C:\Users\jsyoon\AppData\Local\Temp\ccDMUA1Q.s 			page 8


 400 00c6 0293     		str	r3, [sp, #8]
 401 00c8 00E0     		b	.L25
 402              	.LVL58:
 403              	.L50:
 404              		.loc 1 253 0 discriminator 1
 405 00ca 58B1     		cbz	r0, .L29
 406              	.LVL59:
 407              	.L25:
 408              		.loc 1 251 0 discriminator 1
 409 00cc 0820     		movs	r0, #8
 410 00ce FFF7FEFF 		bl	HASH_GetFlagStatus
 411              	.LVL60:
 412              		.loc 1 252 0 discriminator 1
 413 00d2 029B     		ldr	r3, [sp, #8]
 414 00d4 0133     		adds	r3, r3, #1
 415 00d6 0293     		str	r3, [sp, #8]
 416              		.loc 1 253 0 discriminator 1
 417 00d8 029B     		ldr	r3, [sp, #8]
 418 00da B3F5803F 		cmp	r3, #65536
 419 00de F4D1     		bne	.L50
 420              		.loc 1 255 0
 421 00e0 0028     		cmp	r0, #0
 422 00e2 CFD1     		bne	.L30
 423              	.L29:
 424              		.loc 1 262 0
 425 00e4 BDF80600 		ldrh	r0, [sp, #6]
 426              	.LVL61:
 427 00e8 80B2     		uxth	r0, r0
 428 00ea FFF7FEFF 		bl	HASH_SetLastWordValidBitsNbr
 429              	.LVL62:
 430              		.loc 1 266 0
 431 00ee 0024     		movs	r4, #0
 432 00f0 2DB1     		cbz	r5, .L33
 433              	.LVL63:
 434              	.L34:
 435              		.loc 1 268 0 discriminator 2
 436 00f2 3059     		ldr	r0, [r6, r4]
 437              		.loc 1 266 0 discriminator 2
 438 00f4 0434     		adds	r4, r4, #4
 439              	.LVL64:
 440              		.loc 1 268 0 discriminator 2
 441 00f6 FFF7FEFF 		bl	HASH_DataIn
 442              	.LVL65:
 443              		.loc 1 266 0 discriminator 2
 444 00fa A542     		cmp	r5, r4
 445 00fc F9D8     		bhi	.L34
 446              	.LVL66:
 447              	.L33:
 448              		.loc 1 273 0
 449 00fe FFF7FEFF 		bl	HASH_StartDigest
 450              	.LVL67:
 451              		.loc 1 276 0
 452 0102 0023     		movs	r3, #0
 453 0104 0293     		str	r3, [sp, #8]
 454 0106 00E0     		b	.L32
 455              	.LVL68:
 456              	.L51:
ARM GAS  C:\Users\jsyoon\AppData\Local\Temp\ccDMUA1Q.s 			page 9


 457              		.loc 1 281 0 discriminator 1
 458 0108 58B1     		cbz	r0, .L36
 459              	.LVL69:
 460              	.L32:
 461              		.loc 1 279 0 discriminator 1
 462 010a 0820     		movs	r0, #8
 463 010c FFF7FEFF 		bl	HASH_GetFlagStatus
 464              	.LVL70:
 465              		.loc 1 280 0 discriminator 1
 466 0110 029B     		ldr	r3, [sp, #8]
 467 0112 0133     		adds	r3, r3, #1
 468 0114 0293     		str	r3, [sp, #8]
 469              		.loc 1 281 0 discriminator 1
 470 0116 029B     		ldr	r3, [sp, #8]
 471 0118 B3F5803F 		cmp	r3, #65536
 472 011c F4D1     		bne	.L51
 473              		.loc 1 283 0
 474 011e 0028     		cmp	r0, #0
 475 0120 B0D1     		bne	.L30
 476              	.L36:
 477              		.loc 1 290 0
 478 0122 07A8     		add	r0, sp, #28
 479              	.LVL71:
 480 0124 FFF7FEFF 		bl	HASH_GetDigest
 481              	.LVL72:
 482              	.LBB26:
 483              	.LBB27:
 484              		.loc 2 369 0
 485 0128 079B     		ldr	r3, [sp, #28]
 486              	@ 369 "ChibiOS_2.6.6/os/ports/common/ARMCMx/CMSIS/include/core_cmInstr.h" 1
 487 012a 1BBA     		rev r3, r3
 488              	@ 0 "" 2
 489              	.LVL73:
 490              		.thumb
 491              	.LBE27:
 492              	.LBE26:
 493              		.loc 1 291 0
 494 012c 129A     		ldr	r2, [sp, #72]
 495 012e 1360     		str	r3, [r2]
 496              	.LVL74:
 497              	.LBB28:
 498              	.LBB29:
 499              		.loc 2 369 0
 500 0130 089B     		ldr	r3, [sp, #32]
 501              	.LVL75:
 502              	@ 369 "ChibiOS_2.6.6/os/ports/common/ARMCMx/CMSIS/include/core_cmInstr.h" 1
 503 0132 1BBA     		rev r3, r3
 504              	@ 0 "" 2
 505              	.LVL76:
 506              		.thumb
 507              	.LBE29:
 508              	.LBE28:
 509              		.loc 1 293 0
 510 0134 5360     		str	r3, [r2, #4]
 511              	.LVL77:
 512              	.LBB30:
 513              	.LBB31:
ARM GAS  C:\Users\jsyoon\AppData\Local\Temp\ccDMUA1Q.s 			page 10


 514              		.loc 2 369 0
 515 0136 099B     		ldr	r3, [sp, #36]
 516              	.LVL78:
 517              	@ 369 "ChibiOS_2.6.6/os/ports/common/ARMCMx/CMSIS/include/core_cmInstr.h" 1
 518 0138 1BBA     		rev r3, r3
 519              	@ 0 "" 2
 520              	.LVL79:
 521              		.thumb
 522              	.LBE31:
 523              	.LBE30:
 524              		.loc 1 295 0
 525 013a 9360     		str	r3, [r2, #8]
 526              	.LVL80:
 527              	.LBB32:
 528              	.LBB33:
 529              		.loc 2 369 0
 530 013c 0A9B     		ldr	r3, [sp, #40]
 531              	.LVL81:
 532              	@ 369 "ChibiOS_2.6.6/os/ports/common/ARMCMx/CMSIS/include/core_cmInstr.h" 1
 533 013e 1BBA     		rev r3, r3
 534              	@ 0 "" 2
 535              	.LVL82:
 536              		.thumb
 537              	.LBE33:
 538              	.LBE32:
 539              		.loc 1 178 0
 540 0140 0120     		movs	r0, #1
 541              		.loc 1 297 0
 542 0142 D360     		str	r3, [r2, #12]
 543 0144 9FE7     		b	.L23
 544              		.cfi_endproc
 545              	.LFE112:
 546              		.size	HMAC_MD5, .-HMAC_MD5
 547 0146 00BFAFF3 		.text
 547      0080AFF3 
 547      0080
 548              	.Letext0:
 549              		.file 3 "c:\\crosstools\\gcc-arm-embedded\\4.8_2014q2\\arm-none-eabi\\include\\machine\\_default_t
 550              		.file 4 "c:\\crosstools\\gcc-arm-embedded\\4.8_2014q2\\arm-none-eabi\\include\\stdint.h"
 551              		.file 5 "ChibiOS_2.6.6/os/hal/platforms/STM32F4xx/stm32f4xx.h"
 552              		.file 6 "ChibiOS_2.6.6/ext/stdperiph_stm32f4/inc/stm32f4xx_hash.h"
 553              		.file 7 "ChibiOS_2.6.6/os/ports/common/ARMCMx/CMSIS/include/core_cm4.h"
 554              		.section	.debug_info,"",%progbits
 555              	.Ldebug_info0:
 556 0000 B2060000 		.4byte	0x6b2
 557 0004 0400     		.2byte	0x4
 558 0006 00000000 		.4byte	.Ldebug_abbrev0
 559 000a 04       		.byte	0x4
 560 000b 01       		.uleb128 0x1
 561 000c 03010000 		.4byte	.LASF52
 562 0010 01       		.byte	0x1
 563 0011 A7000000 		.4byte	.LASF53
 564 0015 29000000 		.4byte	.LASF54
 565 0019 00000000 		.4byte	.Ldebug_ranges0+0
 566 001d 00000000 		.4byte	0
 567 0021 00000000 		.4byte	.Ldebug_line0
 568 0025 02       		.uleb128 0x2
ARM GAS  C:\Users\jsyoon\AppData\Local\Temp\ccDMUA1Q.s 			page 11


 569 0026 01       		.byte	0x1
 570 0027 06       		.byte	0x6
 571 0028 9F020000 		.4byte	.LASF0
 572 002c 03       		.uleb128 0x3
 573 002d 68020000 		.4byte	.LASF3
 574 0031 03       		.byte	0x3
 575 0032 1C       		.byte	0x1c
 576 0033 37000000 		.4byte	0x37
 577 0037 02       		.uleb128 0x2
 578 0038 01       		.byte	0x1
 579 0039 08       		.byte	0x8
 580 003a 7D020000 		.4byte	.LASF1
 581 003e 02       		.uleb128 0x2
 582 003f 02       		.byte	0x2
 583 0040 05       		.byte	0x5
 584 0041 6F000000 		.4byte	.LASF2
 585 0045 03       		.uleb128 0x3
 586 0046 64000000 		.4byte	.LASF4
 587 004a 03       		.byte	0x3
 588 004b 26       		.byte	0x26
 589 004c 50000000 		.4byte	0x50
 590 0050 02       		.uleb128 0x2
 591 0051 02       		.byte	0x2
 592 0052 07       		.byte	0x7
 593 0053 18030000 		.4byte	.LASF5
 594 0057 03       		.uleb128 0x3
 595 0058 A7030000 		.4byte	.LASF6
 596 005c 03       		.byte	0x3
 597 005d 37       		.byte	0x37
 598 005e 62000000 		.4byte	0x62
 599 0062 02       		.uleb128 0x2
 600 0063 04       		.byte	0x4
 601 0064 05       		.byte	0x5
 602 0065 27020000 		.4byte	.LASF7
 603 0069 03       		.uleb128 0x3
 604 006a 59000000 		.4byte	.LASF8
 605 006e 03       		.byte	0x3
 606 006f 38       		.byte	0x38
 607 0070 74000000 		.4byte	0x74
 608 0074 02       		.uleb128 0x2
 609 0075 04       		.byte	0x4
 610 0076 07       		.byte	0x7
 611 0077 7C030000 		.4byte	.LASF9
 612 007b 02       		.uleb128 0x2
 613 007c 08       		.byte	0x8
 614 007d 05       		.byte	0x5
 615 007e F5000000 		.4byte	.LASF10
 616 0082 02       		.uleb128 0x2
 617 0083 08       		.byte	0x8
 618 0084 07       		.byte	0x7
 619 0085 BE020000 		.4byte	.LASF11
 620 0089 04       		.uleb128 0x4
 621 008a 04       		.byte	0x4
 622 008b 05       		.byte	0x5
 623 008c 696E7400 		.ascii	"int\000"
 624 0090 02       		.uleb128 0x2
 625 0091 04       		.byte	0x4
ARM GAS  C:\Users\jsyoon\AppData\Local\Temp\ccDMUA1Q.s 			page 12


 626 0092 07       		.byte	0x7
 627 0093 DE020000 		.4byte	.LASF12
 628 0097 03       		.uleb128 0x3
 629 0098 8E000000 		.4byte	.LASF13
 630 009c 04       		.byte	0x4
 631 009d 2A       		.byte	0x2a
 632 009e 2C000000 		.4byte	0x2c
 633 00a2 03       		.uleb128 0x3
 634 00a3 EB020000 		.4byte	.LASF14
 635 00a7 04       		.byte	0x4
 636 00a8 36       		.byte	0x36
 637 00a9 45000000 		.4byte	0x45
 638 00ad 03       		.uleb128 0x3
 639 00ae 32030000 		.4byte	.LASF15
 640 00b2 04       		.byte	0x4
 641 00b3 41       		.byte	0x41
 642 00b4 57000000 		.4byte	0x57
 643 00b8 03       		.uleb128 0x3
 644 00b9 D5020000 		.4byte	.LASF16
 645 00bd 04       		.byte	0x4
 646 00be 42       		.byte	0x42
 647 00bf 69000000 		.4byte	0x69
 648 00c3 02       		.uleb128 0x2
 649 00c4 04       		.byte	0x4
 650 00c5 07       		.byte	0x7
 651 00c6 20000000 		.4byte	.LASF17
 652 00ca 05       		.uleb128 0x5
 653 00cb B8000000 		.4byte	0xb8
 654 00cf 06       		.uleb128 0x6
 655 00d0 B8000000 		.4byte	0xb8
 656 00d4 DF000000 		.4byte	0xdf
 657 00d8 07       		.uleb128 0x7
 658 00d9 C3000000 		.4byte	0xc3
 659 00dd 04       		.byte	0x4
 660 00de 00       		.byte	0
 661 00df 05       		.uleb128 0x5
 662 00e0 A2000000 		.4byte	0xa2
 663 00e4 05       		.uleb128 0x5
 664 00e5 AD000000 		.4byte	0xad
 665 00e9 08       		.uleb128 0x8
 666 00ea 01       		.byte	0x1
 667 00eb 05       		.byte	0x5
 668 00ec F701     		.2byte	0x1f7
 669 00ee FF000000 		.4byte	0xff
 670 00f2 09       		.uleb128 0x9
 671 00f3 B1030000 		.4byte	.LASF18
 672 00f7 00       		.sleb128 0
 673 00f8 0A       		.uleb128 0xa
 674 00f9 53455400 		.ascii	"SET\000"
 675 00fd 01       		.sleb128 1
 676 00fe 00       		.byte	0
 677 00ff 0B       		.uleb128 0xb
 678 0100 00040000 		.4byte	.LASF19
 679 0104 05       		.byte	0x5
 680 0105 F701     		.2byte	0x1f7
 681 0107 E9000000 		.4byte	0xe9
 682 010b 08       		.uleb128 0x8
ARM GAS  C:\Users\jsyoon\AppData\Local\Temp\ccDMUA1Q.s 			page 13


 683 010c 01       		.byte	0x1
 684 010d 05       		.byte	0x5
 685 010e FC01     		.2byte	0x1fc
 686 0110 21010000 		.4byte	0x121
 687 0114 09       		.uleb128 0x9
 688 0115 72020000 		.4byte	.LASF20
 689 0119 00       		.sleb128 0
 690 011a 09       		.uleb128 0x9
 691 011b FE020000 		.4byte	.LASF21
 692 011f 01       		.sleb128 1
 693 0120 00       		.byte	0
 694 0121 0B       		.uleb128 0xb
 695 0122 41020000 		.4byte	.LASF22
 696 0126 05       		.byte	0x5
 697 0127 FC01     		.2byte	0x1fc
 698 0129 0B010000 		.4byte	0x10b
 699 012d 0C       		.uleb128 0xc
 700 012e 10       		.byte	0x10
 701 012f 06       		.byte	0x6
 702 0130 35       		.byte	0x35
 703 0131 66010000 		.4byte	0x166
 704 0135 0D       		.uleb128 0xd
 705 0136 AB020000 		.4byte	.LASF23
 706 013a 06       		.byte	0x6
 707 013b 37       		.byte	0x37
 708 013c B8000000 		.4byte	0xb8
 709 0140 00       		.byte	0
 710 0141 0D       		.uleb128 0xd
 711 0142 99030000 		.4byte	.LASF24
 712 0146 06       		.byte	0x6
 713 0147 39       		.byte	0x39
 714 0148 B8000000 		.4byte	0xb8
 715 014c 04       		.byte	0x4
 716 014d 0D       		.uleb128 0xd
 717 014e 51030000 		.4byte	.LASF25
 718 0152 06       		.byte	0x6
 719 0153 3B       		.byte	0x3b
 720 0154 B8000000 		.4byte	0xb8
 721 0158 08       		.byte	0x8
 722 0159 0D       		.uleb128 0xd
 723 015a 30020000 		.4byte	.LASF26
 724 015e 06       		.byte	0x6
 725 015f 3E       		.byte	0x3e
 726 0160 B8000000 		.4byte	0xb8
 727 0164 0C       		.byte	0xc
 728 0165 00       		.byte	0
 729 0166 03       		.uleb128 0x3
 730 0167 12040000 		.4byte	.LASF27
 731 016b 06       		.byte	0x6
 732 016c 40       		.byte	0x40
 733 016d 2D010000 		.4byte	0x12d
 734 0171 0C       		.uleb128 0xc
 735 0172 14       		.byte	0x14
 736 0173 06       		.byte	0x6
 737 0174 45       		.byte	0x45
 738 0175 86010000 		.4byte	0x186
 739 0179 0D       		.uleb128 0xd
ARM GAS  C:\Users\jsyoon\AppData\Local\Temp\ccDMUA1Q.s 			page 14


 740 017a 78020000 		.4byte	.LASF28
 741 017e 06       		.byte	0x6
 742 017f 47       		.byte	0x47
 743 0180 CF000000 		.4byte	0xcf
 744 0184 00       		.byte	0
 745 0185 00       		.byte	0
 746 0186 03       		.uleb128 0x3
 747 0187 90020000 		.4byte	.LASF29
 748 018b 06       		.byte	0x6
 749 018c 49       		.byte	0x49
 750 018d 71010000 		.4byte	0x171
 751 0191 0E       		.uleb128 0xe
 752 0192 A1000000 		.4byte	.LASF55
 753 0196 02       		.byte	0x2
 754 0197 6D01     		.2byte	0x16d
 755 0199 B8000000 		.4byte	0xb8
 756 019d 03       		.byte	0x3
 757 019e BB010000 		.4byte	0x1bb
 758 01a2 0F       		.uleb128 0xf
 759 01a3 79000000 		.4byte	.LASF56
 760 01a7 02       		.byte	0x2
 761 01a8 6D01     		.2byte	0x16d
 762 01aa B8000000 		.4byte	0xb8
 763 01ae 10       		.uleb128 0x10
 764 01af 00000000 		.4byte	.LASF57
 765 01b3 02       		.byte	0x2
 766 01b4 6F01     		.2byte	0x16f
 767 01b6 B8000000 		.4byte	0xb8
 768 01ba 00       		.byte	0
 769 01bb 11       		.uleb128 0x11
 770 01bc F7030000 		.4byte	.LASF41
 771 01c0 01       		.byte	0x1
 772 01c1 5D       		.byte	0x5d
 773 01c2 21010000 		.4byte	0x121
 774 01c6 00000000 		.4byte	.LFB111
 775 01ca 90000000 		.4byte	.LFE111-.LFB111
 776 01ce 01       		.uleb128 0x1
 777 01cf 9C       		.byte	0x9c
 778 01d0 99030000 		.4byte	0x399
 779 01d4 12       		.uleb128 0x12
 780 01d5 D4030000 		.4byte	.LASF30
 781 01d9 01       		.byte	0x1
 782 01da 5D       		.byte	0x5d
 783 01db 99030000 		.4byte	0x399
 784 01df 00000000 		.4byte	.LLST0
 785 01e3 12       		.uleb128 0x12
 786 01e4 8B020000 		.4byte	.LASF31
 787 01e8 01       		.byte	0x1
 788 01e9 5D       		.byte	0x5d
 789 01ea B8000000 		.4byte	0xb8
 790 01ee 1E000000 		.4byte	.LLST1
 791 01f2 12       		.uleb128 0x12
 792 01f3 19000000 		.4byte	.LASF32
 793 01f7 01       		.byte	0x1
 794 01f8 5D       		.byte	0x5d
 795 01f9 99030000 		.4byte	0x399
 796 01fd 3C000000 		.4byte	.LLST2
ARM GAS  C:\Users\jsyoon\AppData\Local\Temp\ccDMUA1Q.s 			page 15


 797 0201 13       		.uleb128 0x13
 798 0202 3A030000 		.4byte	.LASF33
 799 0206 01       		.byte	0x1
 800 0207 5F       		.byte	0x5f
 801 0208 66010000 		.4byte	0x166
 802 020c 02       		.uleb128 0x2
 803 020d 91       		.byte	0x91
 804 020e 44       		.sleb128 -60
 805 020f 13       		.uleb128 0x13
 806 0210 06030000 		.4byte	.LASF34
 807 0214 01       		.byte	0x1
 808 0215 60       		.byte	0x60
 809 0216 86010000 		.4byte	0x186
 810 021a 02       		.uleb128 0x2
 811 021b 91       		.byte	0x91
 812 021c 54       		.sleb128 -44
 813 021d 13       		.uleb128 0x13
 814 021e DA030000 		.4byte	.LASF35
 815 0222 01       		.byte	0x1
 816 0223 61       		.byte	0x61
 817 0224 DF000000 		.4byte	0xdf
 818 0228 03       		.uleb128 0x3
 819 0229 91       		.byte	0x91
 820 022a BE7F     		.sleb128 -66
 821 022c 14       		.uleb128 0x14
 822 022d 6900     		.ascii	"i\000"
 823 022f 01       		.byte	0x1
 824 0230 62       		.byte	0x62
 825 0231 B8000000 		.4byte	0xb8
 826 0235 5A000000 		.4byte	.LLST3
 827 0239 13       		.uleb128 0x13
 828 023a 07000000 		.4byte	.LASF36
 829 023e 01       		.byte	0x1
 830 023f 63       		.byte	0x63
 831 0240 CA000000 		.4byte	0xca
 832 0244 02       		.uleb128 0x2
 833 0245 91       		.byte	0x91
 834 0246 40       		.sleb128 -64
 835 0247 15       		.uleb128 0x15
 836 0248 8E030000 		.4byte	.LASF37
 837 024c 01       		.byte	0x1
 838 024d 64       		.byte	0x64
 839 024e B8000000 		.4byte	0xb8
 840 0252 91000000 		.4byte	.LLST4
 841 0256 15       		.uleb128 0x15
 842 0257 2B030000 		.4byte	.LASF38
 843 025b 01       		.byte	0x1
 844 025c 65       		.byte	0x65
 845 025d 21010000 		.4byte	0x121
 846 0261 C6000000 		.4byte	.LLST5
 847 0265 15       		.uleb128 0x15
 848 0266 0F000000 		.4byte	.LASF39
 849 026a 01       		.byte	0x1
 850 026b 66       		.byte	0x66
 851 026c B8000000 		.4byte	0xb8
 852 0270 FC000000 		.4byte	.LLST6
 853 0274 15       		.uleb128 0x15
ARM GAS  C:\Users\jsyoon\AppData\Local\Temp\ccDMUA1Q.s 			page 16


 854 0275 96000000 		.4byte	.LASF40
 855 0279 01       		.byte	0x1
 856 027a 67       		.byte	0x67
 857 027b B8000000 		.4byte	0xb8
 858 027f 3C010000 		.4byte	.LLST7
 859 0283 16       		.uleb128 0x16
 860 0284 91010000 		.4byte	0x191
 861 0288 72000000 		.4byte	.LBB18
 862 028c 04000000 		.4byte	.LBE18-.LBB18
 863 0290 01       		.byte	0x1
 864 0291 92       		.byte	0x92
 865 0292 B2020000 		.4byte	0x2b2
 866 0296 17       		.uleb128 0x17
 867 0297 A2010000 		.4byte	0x1a2
 868 029b 02       		.uleb128 0x2
 869 029c 91       		.byte	0x91
 870 029d 54       		.sleb128 -44
 871 029e 18       		.uleb128 0x18
 872 029f 72000000 		.4byte	.LBB19
 873 02a3 04000000 		.4byte	.LBE19-.LBB19
 874 02a7 19       		.uleb128 0x19
 875 02a8 AE010000 		.4byte	0x1ae
 876 02ac 81010000 		.4byte	.LLST8
 877 02b0 00       		.byte	0
 878 02b1 00       		.byte	0
 879 02b2 16       		.uleb128 0x16
 880 02b3 91010000 		.4byte	0x191
 881 02b7 78000000 		.4byte	.LBB20
 882 02bb 04000000 		.4byte	.LBE20-.LBB20
 883 02bf 01       		.byte	0x1
 884 02c0 94       		.byte	0x94
 885 02c1 E1020000 		.4byte	0x2e1
 886 02c5 17       		.uleb128 0x17
 887 02c6 A2010000 		.4byte	0x1a2
 888 02ca 02       		.uleb128 0x2
 889 02cb 91       		.byte	0x91
 890 02cc 58       		.sleb128 -40
 891 02cd 18       		.uleb128 0x18
 892 02ce 78000000 		.4byte	.LBB21
 893 02d2 04000000 		.4byte	.LBE21-.LBB21
 894 02d6 19       		.uleb128 0x19
 895 02d7 AE010000 		.4byte	0x1ae
 896 02db A0010000 		.4byte	.LLST9
 897 02df 00       		.byte	0
 898 02e0 00       		.byte	0
 899 02e1 16       		.uleb128 0x16
 900 02e2 91010000 		.4byte	0x191
 901 02e6 7E000000 		.4byte	.LBB22
 902 02ea 04000000 		.4byte	.LBE22-.LBB22
 903 02ee 01       		.byte	0x1
 904 02ef 96       		.byte	0x96
 905 02f0 10030000 		.4byte	0x310
 906 02f4 17       		.uleb128 0x17
 907 02f5 A2010000 		.4byte	0x1a2
 908 02f9 02       		.uleb128 0x2
 909 02fa 91       		.byte	0x91
 910 02fb 5C       		.sleb128 -36
ARM GAS  C:\Users\jsyoon\AppData\Local\Temp\ccDMUA1Q.s 			page 17


 911 02fc 18       		.uleb128 0x18
 912 02fd 7E000000 		.4byte	.LBB23
 913 0301 04000000 		.4byte	.LBE23-.LBB23
 914 0305 19       		.uleb128 0x19
 915 0306 AE010000 		.4byte	0x1ae
 916 030a BF010000 		.4byte	.LLST10
 917 030e 00       		.byte	0
 918 030f 00       		.byte	0
 919 0310 16       		.uleb128 0x16
 920 0311 91010000 		.4byte	0x191
 921 0315 84000000 		.4byte	.LBB24
 922 0319 04000000 		.4byte	.LBE24-.LBB24
 923 031d 01       		.byte	0x1
 924 031e 98       		.byte	0x98
 925 031f 3D030000 		.4byte	0x33d
 926 0323 17       		.uleb128 0x17
 927 0324 A2010000 		.4byte	0x1a2
 928 0328 02       		.uleb128 0x2
 929 0329 91       		.byte	0x91
 930 032a 60       		.sleb128 -32
 931 032b 18       		.uleb128 0x18
 932 032c 84000000 		.4byte	.LBB25
 933 0330 04000000 		.4byte	.LBE25-.LBB25
 934 0334 1A       		.uleb128 0x1a
 935 0335 AE010000 		.4byte	0x1ae
 936 0339 01       		.uleb128 0x1
 937 033a 53       		.byte	0x53
 938 033b 00       		.byte	0
 939 033c 00       		.byte	0
 940 033d 1B       		.uleb128 0x1b
 941 033e 20000000 		.4byte	.LVL3
 942 0342 42060000 		.4byte	0x642
 943 0346 1C       		.uleb128 0x1c
 944 0347 30000000 		.4byte	.LVL4
 945 034b 49060000 		.4byte	0x649
 946 034f 5A030000 		.4byte	0x35a
 947 0353 1D       		.uleb128 0x1d
 948 0354 01       		.uleb128 0x1
 949 0355 50       		.byte	0x50
 950 0356 02       		.uleb128 0x2
 951 0357 91       		.byte	0x91
 952 0358 44       		.sleb128 -60
 953 0359 00       		.byte	0
 954 035a 1B       		.uleb128 0x1b
 955 035b 3A000000 		.4byte	.LVL5
 956 035f 60060000 		.4byte	0x660
 957 0363 1B       		.uleb128 0x1b
 958 0364 44000000 		.4byte	.LVL8
 959 0368 71060000 		.4byte	0x671
 960 036c 1B       		.uleb128 0x1b
 961 036d 4C000000 		.4byte	.LVL10
 962 0371 82060000 		.4byte	0x682
 963 0375 1C       		.uleb128 0x1c
 964 0376 56000000 		.4byte	.LVL13
 965 037a 89060000 		.4byte	0x689
 966 037e 88030000 		.4byte	0x388
 967 0382 1D       		.uleb128 0x1d
ARM GAS  C:\Users\jsyoon\AppData\Local\Temp\ccDMUA1Q.s 			page 18


 968 0383 01       		.uleb128 0x1
 969 0384 50       		.byte	0x50
 970 0385 01       		.uleb128 0x1
 971 0386 38       		.byte	0x38
 972 0387 00       		.byte	0
 973 0388 1E       		.uleb128 0x1e
 974 0389 72000000 		.4byte	.LVL17
 975 038d 9E060000 		.4byte	0x69e
 976 0391 1D       		.uleb128 0x1d
 977 0392 01       		.uleb128 0x1
 978 0393 50       		.byte	0x50
 979 0394 02       		.uleb128 0x2
 980 0395 91       		.byte	0x91
 981 0396 54       		.sleb128 -44
 982 0397 00       		.byte	0
 983 0398 00       		.byte	0
 984 0399 1F       		.uleb128 0x1f
 985 039a 04       		.byte	0x4
 986 039b 97000000 		.4byte	0x97
 987 039f 11       		.uleb128 0x11
 988 03a0 EC000000 		.4byte	.LASF42
 989 03a4 01       		.byte	0x1
 990 03a5 A8       		.byte	0xa8
 991 03a6 21010000 		.4byte	0x121
 992 03aa 00000000 		.4byte	.LFB112
 993 03ae 46010000 		.4byte	.LFE112-.LFB112
 994 03b2 01       		.uleb128 0x1
 995 03b3 9C       		.byte	0x9c
 996 03b4 36060000 		.4byte	0x636
 997 03b8 20       		.uleb128 0x20
 998 03b9 4B657900 		.ascii	"Key\000"
 999 03bd 01       		.byte	0x1
 1000 03be A8       		.byte	0xa8
 1001 03bf 99030000 		.4byte	0x399
 1002 03c3 DE010000 		.4byte	.LLST11
 1003 03c7 12       		.uleb128 0x12
 1004 03c8 0B040000 		.4byte	.LASF43
 1005 03cc 01       		.byte	0x1
 1006 03cd A8       		.byte	0xa8
 1007 03ce B8000000 		.4byte	0xb8
 1008 03d2 FC010000 		.4byte	.LLST12
 1009 03d6 12       		.uleb128 0x12
 1010 03d7 D4030000 		.4byte	.LASF30
 1011 03db 01       		.byte	0x1
 1012 03dc A8       		.byte	0xa8
 1013 03dd 99030000 		.4byte	0x399
 1014 03e1 1A020000 		.4byte	.LLST13
 1015 03e5 12       		.uleb128 0x12
 1016 03e6 8B020000 		.4byte	.LASF31
 1017 03ea 01       		.byte	0x1
 1018 03eb A9       		.byte	0xa9
 1019 03ec B8000000 		.4byte	0xb8
 1020 03f0 38020000 		.4byte	.LLST14
 1021 03f4 12       		.uleb128 0x12
 1022 03f5 19000000 		.4byte	.LASF32
 1023 03f9 01       		.byte	0x1
 1024 03fa A9       		.byte	0xa9
ARM GAS  C:\Users\jsyoon\AppData\Local\Temp\ccDMUA1Q.s 			page 19


 1025 03fb 99030000 		.4byte	0x399
 1026 03ff 56020000 		.4byte	.LLST15
 1027 0403 13       		.uleb128 0x13
 1028 0404 3A030000 		.4byte	.LASF33
 1029 0408 01       		.byte	0x1
 1030 0409 AB       		.byte	0xab
 1031 040a 66010000 		.4byte	0x166
 1032 040e 02       		.uleb128 0x2
 1033 040f 91       		.byte	0x91
 1034 0410 44       		.sleb128 -60
 1035 0411 13       		.uleb128 0x13
 1036 0412 06030000 		.4byte	.LASF34
 1037 0416 01       		.byte	0x1
 1038 0417 AC       		.byte	0xac
 1039 0418 86010000 		.4byte	0x186
 1040 041c 02       		.uleb128 0x2
 1041 041d 91       		.byte	0x91
 1042 041e 54       		.sleb128 -44
 1043 041f 13       		.uleb128 0x13
 1044 0420 DA030000 		.4byte	.LASF35
 1045 0424 01       		.byte	0x1
 1046 0425 AD       		.byte	0xad
 1047 0426 DF000000 		.4byte	0xdf
 1048 042a 03       		.uleb128 0x3
 1049 042b 91       		.byte	0x91
 1050 042c BC7F     		.sleb128 -68
 1051 042e 13       		.uleb128 0x13
 1052 042f 59020000 		.4byte	.LASF44
 1053 0433 01       		.byte	0x1
 1054 0434 AE       		.byte	0xae
 1055 0435 DF000000 		.4byte	0xdf
 1056 0439 03       		.uleb128 0x3
 1057 043a 91       		.byte	0x91
 1058 043b BE7F     		.sleb128 -66
 1059 043d 14       		.uleb128 0x14
 1060 043e 6900     		.ascii	"i\000"
 1061 0440 01       		.byte	0x1
 1062 0441 AF       		.byte	0xaf
 1063 0442 B8000000 		.4byte	0xb8
 1064 0446 76020000 		.4byte	.LLST16
 1065 044a 13       		.uleb128 0x13
 1066 044b 07000000 		.4byte	.LASF36
 1067 044f 01       		.byte	0x1
 1068 0450 B0       		.byte	0xb0
 1069 0451 CA000000 		.4byte	0xca
 1070 0455 02       		.uleb128 0x2
 1071 0456 91       		.byte	0x91
 1072 0457 40       		.sleb128 -64
 1073 0458 15       		.uleb128 0x15
 1074 0459 8E030000 		.4byte	.LASF37
 1075 045d 01       		.byte	0x1
 1076 045e B1       		.byte	0xb1
 1077 045f B8000000 		.4byte	0xb8
 1078 0463 17030000 		.4byte	.LLST17
 1079 0467 15       		.uleb128 0x15
 1080 0468 2B030000 		.4byte	.LASF38
 1081 046c 01       		.byte	0x1
ARM GAS  C:\Users\jsyoon\AppData\Local\Temp\ccDMUA1Q.s 			page 20


 1082 046d B2       		.byte	0xb2
 1083 046e 21010000 		.4byte	0x121
 1084 0472 84030000 		.4byte	.LLST18
 1085 0476 15       		.uleb128 0x15
 1086 0477 E4000000 		.4byte	.LASF45
 1087 047b 01       		.byte	0x1
 1088 047c B3       		.byte	0xb3
 1089 047d B8000000 		.4byte	0xb8
 1090 0481 AF030000 		.4byte	.LLST19
 1091 0485 15       		.uleb128 0x15
 1092 0486 0F000000 		.4byte	.LASF39
 1093 048a 01       		.byte	0x1
 1094 048b B4       		.byte	0xb4
 1095 048c B8000000 		.4byte	0xb8
 1096 0490 27040000 		.4byte	.LLST20
 1097 0494 15       		.uleb128 0x15
 1098 0495 96000000 		.4byte	.LASF40
 1099 0499 01       		.byte	0x1
 1100 049a B5       		.byte	0xb5
 1101 049b B8000000 		.4byte	0xb8
 1102 049f 72040000 		.4byte	.LLST21
 1103 04a3 21       		.uleb128 0x21
 1104 04a4 91010000 		.4byte	0x191
 1105 04a8 28010000 		.4byte	.LBB26
 1106 04ac 04000000 		.4byte	.LBE26-.LBB26
 1107 04b0 01       		.byte	0x1
 1108 04b1 2301     		.2byte	0x123
 1109 04b3 D3040000 		.4byte	0x4d3
 1110 04b7 17       		.uleb128 0x17
 1111 04b8 A2010000 		.4byte	0x1a2
 1112 04bc 02       		.uleb128 0x2
 1113 04bd 91       		.byte	0x91
 1114 04be 54       		.sleb128 -44
 1115 04bf 18       		.uleb128 0x18
 1116 04c0 28010000 		.4byte	.LBB27
 1117 04c4 04000000 		.4byte	.LBE27-.LBB27
 1118 04c8 19       		.uleb128 0x19
 1119 04c9 AE010000 		.4byte	0x1ae
 1120 04cd B9040000 		.4byte	.LLST22
 1121 04d1 00       		.byte	0
 1122 04d2 00       		.byte	0
 1123 04d3 21       		.uleb128 0x21
 1124 04d4 91010000 		.4byte	0x191
 1125 04d8 30010000 		.4byte	.LBB28
 1126 04dc 04000000 		.4byte	.LBE28-.LBB28
 1127 04e0 01       		.byte	0x1
 1128 04e1 2501     		.2byte	0x125
 1129 04e3 03050000 		.4byte	0x503
 1130 04e7 17       		.uleb128 0x17
 1131 04e8 A2010000 		.4byte	0x1a2
 1132 04ec 02       		.uleb128 0x2
 1133 04ed 91       		.byte	0x91
 1134 04ee 58       		.sleb128 -40
 1135 04ef 18       		.uleb128 0x18
 1136 04f0 30010000 		.4byte	.LBB29
 1137 04f4 04000000 		.4byte	.LBE29-.LBB29
 1138 04f8 19       		.uleb128 0x19
ARM GAS  C:\Users\jsyoon\AppData\Local\Temp\ccDMUA1Q.s 			page 21


 1139 04f9 AE010000 		.4byte	0x1ae
 1140 04fd D8040000 		.4byte	.LLST23
 1141 0501 00       		.byte	0
 1142 0502 00       		.byte	0
 1143 0503 21       		.uleb128 0x21
 1144 0504 91010000 		.4byte	0x191
 1145 0508 36010000 		.4byte	.LBB30
 1146 050c 04000000 		.4byte	.LBE30-.LBB30
 1147 0510 01       		.byte	0x1
 1148 0511 2701     		.2byte	0x127
 1149 0513 33050000 		.4byte	0x533
 1150 0517 17       		.uleb128 0x17
 1151 0518 A2010000 		.4byte	0x1a2
 1152 051c 02       		.uleb128 0x2
 1153 051d 91       		.byte	0x91
 1154 051e 5C       		.sleb128 -36
 1155 051f 18       		.uleb128 0x18
 1156 0520 36010000 		.4byte	.LBB31
 1157 0524 04000000 		.4byte	.LBE31-.LBB31
 1158 0528 19       		.uleb128 0x19
 1159 0529 AE010000 		.4byte	0x1ae
 1160 052d F7040000 		.4byte	.LLST24
 1161 0531 00       		.byte	0
 1162 0532 00       		.byte	0
 1163 0533 21       		.uleb128 0x21
 1164 0534 91010000 		.4byte	0x191
 1165 0538 3C010000 		.4byte	.LBB32
 1166 053c 04000000 		.4byte	.LBE32-.LBB32
 1167 0540 01       		.byte	0x1
 1168 0541 2901     		.2byte	0x129
 1169 0543 61050000 		.4byte	0x561
 1170 0547 17       		.uleb128 0x17
 1171 0548 A2010000 		.4byte	0x1a2
 1172 054c 02       		.uleb128 0x2
 1173 054d 91       		.byte	0x91
 1174 054e 60       		.sleb128 -32
 1175 054f 18       		.uleb128 0x18
 1176 0550 3C010000 		.4byte	.LBB33
 1177 0554 04000000 		.4byte	.LBE33-.LBB33
 1178 0558 1A       		.uleb128 0x1a
 1179 0559 AE010000 		.4byte	0x1ae
 1180 055d 01       		.uleb128 0x1
 1181 055e 53       		.byte	0x53
 1182 055f 00       		.byte	0
 1183 0560 00       		.byte	0
 1184 0561 1B       		.uleb128 0x1b
 1185 0562 32000000 		.4byte	.LVL34
 1186 0566 42060000 		.4byte	0x642
 1187 056a 1C       		.uleb128 0x1c
 1188 056b 4E000000 		.4byte	.LVL35
 1189 056f 49060000 		.4byte	0x649
 1190 0573 7E050000 		.4byte	0x57e
 1191 0577 1D       		.uleb128 0x1d
 1192 0578 01       		.uleb128 0x1
 1193 0579 50       		.byte	0x50
 1194 057a 02       		.uleb128 0x2
 1195 057b 91       		.byte	0x91
ARM GAS  C:\Users\jsyoon\AppData\Local\Temp\ccDMUA1Q.s 			page 22


 1196 057c 44       		.sleb128 -60
 1197 057d 00       		.byte	0
 1198 057e 1B       		.uleb128 0x1b
 1199 057f 58000000 		.4byte	.LVL36
 1200 0583 60060000 		.4byte	0x660
 1201 0587 1B       		.uleb128 0x1b
 1202 0588 62000000 		.4byte	.LVL39
 1203 058c 71060000 		.4byte	0x671
 1204 0590 1B       		.uleb128 0x1b
 1205 0591 6A000000 		.4byte	.LVL41
 1206 0595 82060000 		.4byte	0x682
 1207 0599 1C       		.uleb128 0x1c
 1208 059a 74000000 		.4byte	.LVL44
 1209 059e 89060000 		.4byte	0x689
 1210 05a2 AC050000 		.4byte	0x5ac
 1211 05a6 1D       		.uleb128 0x1d
 1212 05a7 01       		.uleb128 0x1
 1213 05a8 50       		.byte	0x50
 1214 05a9 01       		.uleb128 0x1
 1215 05aa 38       		.byte	0x38
 1216 05ab 00       		.byte	0
 1217 05ac 1C       		.uleb128 0x1c
 1218 05ad 94000000 		.4byte	.LVL48
 1219 05b1 49060000 		.4byte	0x649
 1220 05b5 C0050000 		.4byte	0x5c0
 1221 05b9 1D       		.uleb128 0x1d
 1222 05ba 01       		.uleb128 0x1
 1223 05bb 50       		.byte	0x50
 1224 05bc 02       		.uleb128 0x2
 1225 05bd 91       		.byte	0x91
 1226 05be 44       		.sleb128 -60
 1227 05bf 00       		.byte	0
 1228 05c0 1B       		.uleb128 0x1b
 1229 05c1 9E000000 		.4byte	.LVL49
 1230 05c5 60060000 		.4byte	0x660
 1231 05c9 1B       		.uleb128 0x1b
 1232 05ca AE000000 		.4byte	.LVL52
 1233 05ce 60060000 		.4byte	0x660
 1234 05d2 1B       		.uleb128 0x1b
 1235 05d3 BC000000 		.4byte	.LVL55
 1236 05d7 71060000 		.4byte	0x671
 1237 05db 1B       		.uleb128 0x1b
 1238 05dc C4000000 		.4byte	.LVL57
 1239 05e0 82060000 		.4byte	0x682
 1240 05e4 1C       		.uleb128 0x1c
 1241 05e5 D2000000 		.4byte	.LVL60
 1242 05e9 89060000 		.4byte	0x689
 1243 05ed F7050000 		.4byte	0x5f7
 1244 05f1 1D       		.uleb128 0x1d
 1245 05f2 01       		.uleb128 0x1
 1246 05f3 50       		.byte	0x50
 1247 05f4 01       		.uleb128 0x1
 1248 05f5 38       		.byte	0x38
 1249 05f6 00       		.byte	0
 1250 05f7 1B       		.uleb128 0x1b
 1251 05f8 EE000000 		.4byte	.LVL62
 1252 05fc 60060000 		.4byte	0x660
ARM GAS  C:\Users\jsyoon\AppData\Local\Temp\ccDMUA1Q.s 			page 23


 1253 0600 1B       		.uleb128 0x1b
 1254 0601 FA000000 		.4byte	.LVL65
 1255 0605 71060000 		.4byte	0x671
 1256 0609 1B       		.uleb128 0x1b
 1257 060a 02010000 		.4byte	.LVL67
 1258 060e 82060000 		.4byte	0x682
 1259 0612 1C       		.uleb128 0x1c
 1260 0613 10010000 		.4byte	.LVL70
 1261 0617 89060000 		.4byte	0x689
 1262 061b 25060000 		.4byte	0x625
 1263 061f 1D       		.uleb128 0x1d
 1264 0620 01       		.uleb128 0x1
 1265 0621 50       		.byte	0x50
 1266 0622 01       		.uleb128 0x1
 1267 0623 38       		.byte	0x38
 1268 0624 00       		.byte	0
 1269 0625 1E       		.uleb128 0x1e
 1270 0626 28010000 		.4byte	.LVL72
 1271 062a 9E060000 		.4byte	0x69e
 1272 062e 1D       		.uleb128 0x1d
 1273 062f 01       		.uleb128 0x1
 1274 0630 50       		.byte	0x50
 1275 0631 02       		.uleb128 0x2
 1276 0632 91       		.byte	0x91
 1277 0633 54       		.sleb128 -44
 1278 0634 00       		.byte	0
 1279 0635 00       		.byte	0
 1280 0636 22       		.uleb128 0x22
 1281 0637 EA030000 		.4byte	.LASF58
 1282 063b 07       		.byte	0x7
 1283 063c 9806     		.2byte	0x698
 1284 063e E4000000 		.4byte	0xe4
 1285 0642 23       		.uleb128 0x23
 1286 0643 5F030000 		.4byte	.LASF49
 1287 0647 06       		.byte	0x6
 1288 0648 C4       		.byte	0xc4
 1289 0649 24       		.uleb128 0x24
 1290 064a F4020000 		.4byte	.LASF46
 1291 064e 06       		.byte	0x6
 1292 064f C7       		.byte	0xc7
 1293 0650 5A060000 		.4byte	0x65a
 1294 0654 25       		.uleb128 0x25
 1295 0655 5A060000 		.4byte	0x65a
 1296 0659 00       		.byte	0
 1297 065a 1F       		.uleb128 0x1f
 1298 065b 04       		.byte	0x4
 1299 065c 66010000 		.4byte	0x166
 1300 0660 24       		.uleb128 0x24
 1301 0661 B7030000 		.4byte	.LASF47
 1302 0665 06       		.byte	0x6
 1303 0666 CE       		.byte	0xce
 1304 0667 71060000 		.4byte	0x671
 1305 066b 25       		.uleb128 0x25
 1306 066c A2000000 		.4byte	0xa2
 1307 0670 00       		.byte	0
 1308 0671 24       		.uleb128 0x24
 1309 0672 4D020000 		.4byte	.LASF48
ARM GAS  C:\Users\jsyoon\AppData\Local\Temp\ccDMUA1Q.s 			page 24


 1310 0676 06       		.byte	0x6
 1311 0677 CC       		.byte	0xcc
 1312 0678 82060000 		.4byte	0x682
 1313 067c 25       		.uleb128 0x25
 1314 067d B8000000 		.4byte	0xb8
 1315 0681 00       		.byte	0
 1316 0682 23       		.uleb128 0x23
 1317 0683 6B030000 		.4byte	.LASF50
 1318 0687 06       		.byte	0x6
 1319 0688 CF       		.byte	0xcf
 1320 0689 26       		.uleb128 0x26
 1321 068a 23040000 		.4byte	.LASF59
 1322 068e 06       		.byte	0x6
 1323 068f DB       		.byte	0xdb
 1324 0690 FF000000 		.4byte	0xff
 1325 0694 9E060000 		.4byte	0x69e
 1326 0698 25       		.uleb128 0x25
 1327 0699 A2000000 		.4byte	0xa2
 1328 069d 00       		.byte	0
 1329 069e 24       		.uleb128 0x24
 1330 069f 7F000000 		.4byte	.LASF51
 1331 06a3 06       		.byte	0x6
 1332 06a4 D0       		.byte	0xd0
 1333 06a5 AF060000 		.4byte	0x6af
 1334 06a9 25       		.uleb128 0x25
 1335 06aa AF060000 		.4byte	0x6af
 1336 06ae 00       		.byte	0
 1337 06af 1F       		.uleb128 0x1f
 1338 06b0 04       		.byte	0x4
 1339 06b1 86010000 		.4byte	0x186
 1340 06b5 00       		.byte	0
 1341              		.section	.debug_abbrev,"",%progbits
 1342              	.Ldebug_abbrev0:
 1343 0000 01       		.uleb128 0x1
 1344 0001 11       		.uleb128 0x11
 1345 0002 01       		.byte	0x1
 1346 0003 25       		.uleb128 0x25
 1347 0004 0E       		.uleb128 0xe
 1348 0005 13       		.uleb128 0x13
 1349 0006 0B       		.uleb128 0xb
 1350 0007 03       		.uleb128 0x3
 1351 0008 0E       		.uleb128 0xe
 1352 0009 1B       		.uleb128 0x1b
 1353 000a 0E       		.uleb128 0xe
 1354 000b 55       		.uleb128 0x55
 1355 000c 17       		.uleb128 0x17
 1356 000d 11       		.uleb128 0x11
 1357 000e 01       		.uleb128 0x1
 1358 000f 10       		.uleb128 0x10
 1359 0010 17       		.uleb128 0x17
 1360 0011 00       		.byte	0
 1361 0012 00       		.byte	0
 1362 0013 02       		.uleb128 0x2
 1363 0014 24       		.uleb128 0x24
 1364 0015 00       		.byte	0
 1365 0016 0B       		.uleb128 0xb
 1366 0017 0B       		.uleb128 0xb
ARM GAS  C:\Users\jsyoon\AppData\Local\Temp\ccDMUA1Q.s 			page 25


 1367 0018 3E       		.uleb128 0x3e
 1368 0019 0B       		.uleb128 0xb
 1369 001a 03       		.uleb128 0x3
 1370 001b 0E       		.uleb128 0xe
 1371 001c 00       		.byte	0
 1372 001d 00       		.byte	0
 1373 001e 03       		.uleb128 0x3
 1374 001f 16       		.uleb128 0x16
 1375 0020 00       		.byte	0
 1376 0021 03       		.uleb128 0x3
 1377 0022 0E       		.uleb128 0xe
 1378 0023 3A       		.uleb128 0x3a
 1379 0024 0B       		.uleb128 0xb
 1380 0025 3B       		.uleb128 0x3b
 1381 0026 0B       		.uleb128 0xb
 1382 0027 49       		.uleb128 0x49
 1383 0028 13       		.uleb128 0x13
 1384 0029 00       		.byte	0
 1385 002a 00       		.byte	0
 1386 002b 04       		.uleb128 0x4
 1387 002c 24       		.uleb128 0x24
 1388 002d 00       		.byte	0
 1389 002e 0B       		.uleb128 0xb
 1390 002f 0B       		.uleb128 0xb
 1391 0030 3E       		.uleb128 0x3e
 1392 0031 0B       		.uleb128 0xb
 1393 0032 03       		.uleb128 0x3
 1394 0033 08       		.uleb128 0x8
 1395 0034 00       		.byte	0
 1396 0035 00       		.byte	0
 1397 0036 05       		.uleb128 0x5
 1398 0037 35       		.uleb128 0x35
 1399 0038 00       		.byte	0
 1400 0039 49       		.uleb128 0x49
 1401 003a 13       		.uleb128 0x13
 1402 003b 00       		.byte	0
 1403 003c 00       		.byte	0
 1404 003d 06       		.uleb128 0x6
 1405 003e 01       		.uleb128 0x1
 1406 003f 01       		.byte	0x1
 1407 0040 49       		.uleb128 0x49
 1408 0041 13       		.uleb128 0x13
 1409 0042 01       		.uleb128 0x1
 1410 0043 13       		.uleb128 0x13
 1411 0044 00       		.byte	0
 1412 0045 00       		.byte	0
 1413 0046 07       		.uleb128 0x7
 1414 0047 21       		.uleb128 0x21
 1415 0048 00       		.byte	0
 1416 0049 49       		.uleb128 0x49
 1417 004a 13       		.uleb128 0x13
 1418 004b 2F       		.uleb128 0x2f
 1419 004c 0B       		.uleb128 0xb
 1420 004d 00       		.byte	0
 1421 004e 00       		.byte	0
 1422 004f 08       		.uleb128 0x8
 1423 0050 04       		.uleb128 0x4
ARM GAS  C:\Users\jsyoon\AppData\Local\Temp\ccDMUA1Q.s 			page 26


 1424 0051 01       		.byte	0x1
 1425 0052 0B       		.uleb128 0xb
 1426 0053 0B       		.uleb128 0xb
 1427 0054 3A       		.uleb128 0x3a
 1428 0055 0B       		.uleb128 0xb
 1429 0056 3B       		.uleb128 0x3b
 1430 0057 05       		.uleb128 0x5
 1431 0058 01       		.uleb128 0x1
 1432 0059 13       		.uleb128 0x13
 1433 005a 00       		.byte	0
 1434 005b 00       		.byte	0
 1435 005c 09       		.uleb128 0x9
 1436 005d 28       		.uleb128 0x28
 1437 005e 00       		.byte	0
 1438 005f 03       		.uleb128 0x3
 1439 0060 0E       		.uleb128 0xe
 1440 0061 1C       		.uleb128 0x1c
 1441 0062 0D       		.uleb128 0xd
 1442 0063 00       		.byte	0
 1443 0064 00       		.byte	0
 1444 0065 0A       		.uleb128 0xa
 1445 0066 28       		.uleb128 0x28
 1446 0067 00       		.byte	0
 1447 0068 03       		.uleb128 0x3
 1448 0069 08       		.uleb128 0x8
 1449 006a 1C       		.uleb128 0x1c
 1450 006b 0D       		.uleb128 0xd
 1451 006c 00       		.byte	0
 1452 006d 00       		.byte	0
 1453 006e 0B       		.uleb128 0xb
 1454 006f 16       		.uleb128 0x16
 1455 0070 00       		.byte	0
 1456 0071 03       		.uleb128 0x3
 1457 0072 0E       		.uleb128 0xe
 1458 0073 3A       		.uleb128 0x3a
 1459 0074 0B       		.uleb128 0xb
 1460 0075 3B       		.uleb128 0x3b
 1461 0076 05       		.uleb128 0x5
 1462 0077 49       		.uleb128 0x49
 1463 0078 13       		.uleb128 0x13
 1464 0079 00       		.byte	0
 1465 007a 00       		.byte	0
 1466 007b 0C       		.uleb128 0xc
 1467 007c 13       		.uleb128 0x13
 1468 007d 01       		.byte	0x1
 1469 007e 0B       		.uleb128 0xb
 1470 007f 0B       		.uleb128 0xb
 1471 0080 3A       		.uleb128 0x3a
 1472 0081 0B       		.uleb128 0xb
 1473 0082 3B       		.uleb128 0x3b
 1474 0083 0B       		.uleb128 0xb
 1475 0084 01       		.uleb128 0x1
 1476 0085 13       		.uleb128 0x13
 1477 0086 00       		.byte	0
 1478 0087 00       		.byte	0
 1479 0088 0D       		.uleb128 0xd
 1480 0089 0D       		.uleb128 0xd
ARM GAS  C:\Users\jsyoon\AppData\Local\Temp\ccDMUA1Q.s 			page 27


 1481 008a 00       		.byte	0
 1482 008b 03       		.uleb128 0x3
 1483 008c 0E       		.uleb128 0xe
 1484 008d 3A       		.uleb128 0x3a
 1485 008e 0B       		.uleb128 0xb
 1486 008f 3B       		.uleb128 0x3b
 1487 0090 0B       		.uleb128 0xb
 1488 0091 49       		.uleb128 0x49
 1489 0092 13       		.uleb128 0x13
 1490 0093 38       		.uleb128 0x38
 1491 0094 0B       		.uleb128 0xb
 1492 0095 00       		.byte	0
 1493 0096 00       		.byte	0
 1494 0097 0E       		.uleb128 0xe
 1495 0098 2E       		.uleb128 0x2e
 1496 0099 01       		.byte	0x1
 1497 009a 03       		.uleb128 0x3
 1498 009b 0E       		.uleb128 0xe
 1499 009c 3A       		.uleb128 0x3a
 1500 009d 0B       		.uleb128 0xb
 1501 009e 3B       		.uleb128 0x3b
 1502 009f 05       		.uleb128 0x5
 1503 00a0 27       		.uleb128 0x27
 1504 00a1 19       		.uleb128 0x19
 1505 00a2 49       		.uleb128 0x49
 1506 00a3 13       		.uleb128 0x13
 1507 00a4 20       		.uleb128 0x20
 1508 00a5 0B       		.uleb128 0xb
 1509 00a6 01       		.uleb128 0x1
 1510 00a7 13       		.uleb128 0x13
 1511 00a8 00       		.byte	0
 1512 00a9 00       		.byte	0
 1513 00aa 0F       		.uleb128 0xf
 1514 00ab 05       		.uleb128 0x5
 1515 00ac 00       		.byte	0
 1516 00ad 03       		.uleb128 0x3
 1517 00ae 0E       		.uleb128 0xe
 1518 00af 3A       		.uleb128 0x3a
 1519 00b0 0B       		.uleb128 0xb
 1520 00b1 3B       		.uleb128 0x3b
 1521 00b2 05       		.uleb128 0x5
 1522 00b3 49       		.uleb128 0x49
 1523 00b4 13       		.uleb128 0x13
 1524 00b5 00       		.byte	0
 1525 00b6 00       		.byte	0
 1526 00b7 10       		.uleb128 0x10
 1527 00b8 34       		.uleb128 0x34
 1528 00b9 00       		.byte	0
 1529 00ba 03       		.uleb128 0x3
 1530 00bb 0E       		.uleb128 0xe
 1531 00bc 3A       		.uleb128 0x3a
 1532 00bd 0B       		.uleb128 0xb
 1533 00be 3B       		.uleb128 0x3b
 1534 00bf 05       		.uleb128 0x5
 1535 00c0 49       		.uleb128 0x49
 1536 00c1 13       		.uleb128 0x13
 1537 00c2 00       		.byte	0
ARM GAS  C:\Users\jsyoon\AppData\Local\Temp\ccDMUA1Q.s 			page 28


 1538 00c3 00       		.byte	0
 1539 00c4 11       		.uleb128 0x11
 1540 00c5 2E       		.uleb128 0x2e
 1541 00c6 01       		.byte	0x1
 1542 00c7 3F       		.uleb128 0x3f
 1543 00c8 19       		.uleb128 0x19
 1544 00c9 03       		.uleb128 0x3
 1545 00ca 0E       		.uleb128 0xe
 1546 00cb 3A       		.uleb128 0x3a
 1547 00cc 0B       		.uleb128 0xb
 1548 00cd 3B       		.uleb128 0x3b
 1549 00ce 0B       		.uleb128 0xb
 1550 00cf 27       		.uleb128 0x27
 1551 00d0 19       		.uleb128 0x19
 1552 00d1 49       		.uleb128 0x49
 1553 00d2 13       		.uleb128 0x13
 1554 00d3 11       		.uleb128 0x11
 1555 00d4 01       		.uleb128 0x1
 1556 00d5 12       		.uleb128 0x12
 1557 00d6 06       		.uleb128 0x6
 1558 00d7 40       		.uleb128 0x40
 1559 00d8 18       		.uleb128 0x18
 1560 00d9 9742     		.uleb128 0x2117
 1561 00db 19       		.uleb128 0x19
 1562 00dc 01       		.uleb128 0x1
 1563 00dd 13       		.uleb128 0x13
 1564 00de 00       		.byte	0
 1565 00df 00       		.byte	0
 1566 00e0 12       		.uleb128 0x12
 1567 00e1 05       		.uleb128 0x5
 1568 00e2 00       		.byte	0
 1569 00e3 03       		.uleb128 0x3
 1570 00e4 0E       		.uleb128 0xe
 1571 00e5 3A       		.uleb128 0x3a
 1572 00e6 0B       		.uleb128 0xb
 1573 00e7 3B       		.uleb128 0x3b
 1574 00e8 0B       		.uleb128 0xb
 1575 00e9 49       		.uleb128 0x49
 1576 00ea 13       		.uleb128 0x13
 1577 00eb 02       		.uleb128 0x2
 1578 00ec 17       		.uleb128 0x17
 1579 00ed 00       		.byte	0
 1580 00ee 00       		.byte	0
 1581 00ef 13       		.uleb128 0x13
 1582 00f0 34       		.uleb128 0x34
 1583 00f1 00       		.byte	0
 1584 00f2 03       		.uleb128 0x3
 1585 00f3 0E       		.uleb128 0xe
 1586 00f4 3A       		.uleb128 0x3a
 1587 00f5 0B       		.uleb128 0xb
 1588 00f6 3B       		.uleb128 0x3b
 1589 00f7 0B       		.uleb128 0xb
 1590 00f8 49       		.uleb128 0x49
 1591 00f9 13       		.uleb128 0x13
 1592 00fa 02       		.uleb128 0x2
 1593 00fb 18       		.uleb128 0x18
 1594 00fc 00       		.byte	0
ARM GAS  C:\Users\jsyoon\AppData\Local\Temp\ccDMUA1Q.s 			page 29


 1595 00fd 00       		.byte	0
 1596 00fe 14       		.uleb128 0x14
 1597 00ff 34       		.uleb128 0x34
 1598 0100 00       		.byte	0
 1599 0101 03       		.uleb128 0x3
 1600 0102 08       		.uleb128 0x8
 1601 0103 3A       		.uleb128 0x3a
 1602 0104 0B       		.uleb128 0xb
 1603 0105 3B       		.uleb128 0x3b
 1604 0106 0B       		.uleb128 0xb
 1605 0107 49       		.uleb128 0x49
 1606 0108 13       		.uleb128 0x13
 1607 0109 02       		.uleb128 0x2
 1608 010a 17       		.uleb128 0x17
 1609 010b 00       		.byte	0
 1610 010c 00       		.byte	0
 1611 010d 15       		.uleb128 0x15
 1612 010e 34       		.uleb128 0x34
 1613 010f 00       		.byte	0
 1614 0110 03       		.uleb128 0x3
 1615 0111 0E       		.uleb128 0xe
 1616 0112 3A       		.uleb128 0x3a
 1617 0113 0B       		.uleb128 0xb
 1618 0114 3B       		.uleb128 0x3b
 1619 0115 0B       		.uleb128 0xb
 1620 0116 49       		.uleb128 0x49
 1621 0117 13       		.uleb128 0x13
 1622 0118 02       		.uleb128 0x2
 1623 0119 17       		.uleb128 0x17
 1624 011a 00       		.byte	0
 1625 011b 00       		.byte	0
 1626 011c 16       		.uleb128 0x16
 1627 011d 1D       		.uleb128 0x1d
 1628 011e 01       		.byte	0x1
 1629 011f 31       		.uleb128 0x31
 1630 0120 13       		.uleb128 0x13
 1631 0121 11       		.uleb128 0x11
 1632 0122 01       		.uleb128 0x1
 1633 0123 12       		.uleb128 0x12
 1634 0124 06       		.uleb128 0x6
 1635 0125 58       		.uleb128 0x58
 1636 0126 0B       		.uleb128 0xb
 1637 0127 59       		.uleb128 0x59
 1638 0128 0B       		.uleb128 0xb
 1639 0129 01       		.uleb128 0x1
 1640 012a 13       		.uleb128 0x13
 1641 012b 00       		.byte	0
 1642 012c 00       		.byte	0
 1643 012d 17       		.uleb128 0x17
 1644 012e 05       		.uleb128 0x5
 1645 012f 00       		.byte	0
 1646 0130 31       		.uleb128 0x31
 1647 0131 13       		.uleb128 0x13
 1648 0132 02       		.uleb128 0x2
 1649 0133 18       		.uleb128 0x18
 1650 0134 00       		.byte	0
 1651 0135 00       		.byte	0
ARM GAS  C:\Users\jsyoon\AppData\Local\Temp\ccDMUA1Q.s 			page 30


 1652 0136 18       		.uleb128 0x18
 1653 0137 0B       		.uleb128 0xb
 1654 0138 01       		.byte	0x1
 1655 0139 11       		.uleb128 0x11
 1656 013a 01       		.uleb128 0x1
 1657 013b 12       		.uleb128 0x12
 1658 013c 06       		.uleb128 0x6
 1659 013d 00       		.byte	0
 1660 013e 00       		.byte	0
 1661 013f 19       		.uleb128 0x19
 1662 0140 34       		.uleb128 0x34
 1663 0141 00       		.byte	0
 1664 0142 31       		.uleb128 0x31
 1665 0143 13       		.uleb128 0x13
 1666 0144 02       		.uleb128 0x2
 1667 0145 17       		.uleb128 0x17
 1668 0146 00       		.byte	0
 1669 0147 00       		.byte	0
 1670 0148 1A       		.uleb128 0x1a
 1671 0149 34       		.uleb128 0x34
 1672 014a 00       		.byte	0
 1673 014b 31       		.uleb128 0x31
 1674 014c 13       		.uleb128 0x13
 1675 014d 02       		.uleb128 0x2
 1676 014e 18       		.uleb128 0x18
 1677 014f 00       		.byte	0
 1678 0150 00       		.byte	0
 1679 0151 1B       		.uleb128 0x1b
 1680 0152 898201   		.uleb128 0x4109
 1681 0155 00       		.byte	0
 1682 0156 11       		.uleb128 0x11
 1683 0157 01       		.uleb128 0x1
 1684 0158 31       		.uleb128 0x31
 1685 0159 13       		.uleb128 0x13
 1686 015a 00       		.byte	0
 1687 015b 00       		.byte	0
 1688 015c 1C       		.uleb128 0x1c
 1689 015d 898201   		.uleb128 0x4109
 1690 0160 01       		.byte	0x1
 1691 0161 11       		.uleb128 0x11
 1692 0162 01       		.uleb128 0x1
 1693 0163 31       		.uleb128 0x31
 1694 0164 13       		.uleb128 0x13
 1695 0165 01       		.uleb128 0x1
 1696 0166 13       		.uleb128 0x13
 1697 0167 00       		.byte	0
 1698 0168 00       		.byte	0
 1699 0169 1D       		.uleb128 0x1d
 1700 016a 8A8201   		.uleb128 0x410a
 1701 016d 00       		.byte	0
 1702 016e 02       		.uleb128 0x2
 1703 016f 18       		.uleb128 0x18
 1704 0170 9142     		.uleb128 0x2111
 1705 0172 18       		.uleb128 0x18
 1706 0173 00       		.byte	0
 1707 0174 00       		.byte	0
 1708 0175 1E       		.uleb128 0x1e
ARM GAS  C:\Users\jsyoon\AppData\Local\Temp\ccDMUA1Q.s 			page 31


 1709 0176 898201   		.uleb128 0x4109
 1710 0179 01       		.byte	0x1
 1711 017a 11       		.uleb128 0x11
 1712 017b 01       		.uleb128 0x1
 1713 017c 31       		.uleb128 0x31
 1714 017d 13       		.uleb128 0x13
 1715 017e 00       		.byte	0
 1716 017f 00       		.byte	0
 1717 0180 1F       		.uleb128 0x1f
 1718 0181 0F       		.uleb128 0xf
 1719 0182 00       		.byte	0
 1720 0183 0B       		.uleb128 0xb
 1721 0184 0B       		.uleb128 0xb
 1722 0185 49       		.uleb128 0x49
 1723 0186 13       		.uleb128 0x13
 1724 0187 00       		.byte	0
 1725 0188 00       		.byte	0
 1726 0189 20       		.uleb128 0x20
 1727 018a 05       		.uleb128 0x5
 1728 018b 00       		.byte	0
 1729 018c 03       		.uleb128 0x3
 1730 018d 08       		.uleb128 0x8
 1731 018e 3A       		.uleb128 0x3a
 1732 018f 0B       		.uleb128 0xb
 1733 0190 3B       		.uleb128 0x3b
 1734 0191 0B       		.uleb128 0xb
 1735 0192 49       		.uleb128 0x49
 1736 0193 13       		.uleb128 0x13
 1737 0194 02       		.uleb128 0x2
 1738 0195 17       		.uleb128 0x17
 1739 0196 00       		.byte	0
 1740 0197 00       		.byte	0
 1741 0198 21       		.uleb128 0x21
 1742 0199 1D       		.uleb128 0x1d
 1743 019a 01       		.byte	0x1
 1744 019b 31       		.uleb128 0x31
 1745 019c 13       		.uleb128 0x13
 1746 019d 11       		.uleb128 0x11
 1747 019e 01       		.uleb128 0x1
 1748 019f 12       		.uleb128 0x12
 1749 01a0 06       		.uleb128 0x6
 1750 01a1 58       		.uleb128 0x58
 1751 01a2 0B       		.uleb128 0xb
 1752 01a3 59       		.uleb128 0x59
 1753 01a4 05       		.uleb128 0x5
 1754 01a5 01       		.uleb128 0x1
 1755 01a6 13       		.uleb128 0x13
 1756 01a7 00       		.byte	0
 1757 01a8 00       		.byte	0
 1758 01a9 22       		.uleb128 0x22
 1759 01aa 34       		.uleb128 0x34
 1760 01ab 00       		.byte	0
 1761 01ac 03       		.uleb128 0x3
 1762 01ad 0E       		.uleb128 0xe
 1763 01ae 3A       		.uleb128 0x3a
 1764 01af 0B       		.uleb128 0xb
 1765 01b0 3B       		.uleb128 0x3b
ARM GAS  C:\Users\jsyoon\AppData\Local\Temp\ccDMUA1Q.s 			page 32


 1766 01b1 05       		.uleb128 0x5
 1767 01b2 49       		.uleb128 0x49
 1768 01b3 13       		.uleb128 0x13
 1769 01b4 3F       		.uleb128 0x3f
 1770 01b5 19       		.uleb128 0x19
 1771 01b6 3C       		.uleb128 0x3c
 1772 01b7 19       		.uleb128 0x19
 1773 01b8 00       		.byte	0
 1774 01b9 00       		.byte	0
 1775 01ba 23       		.uleb128 0x23
 1776 01bb 2E       		.uleb128 0x2e
 1777 01bc 00       		.byte	0
 1778 01bd 3F       		.uleb128 0x3f
 1779 01be 19       		.uleb128 0x19
 1780 01bf 03       		.uleb128 0x3
 1781 01c0 0E       		.uleb128 0xe
 1782 01c1 3A       		.uleb128 0x3a
 1783 01c2 0B       		.uleb128 0xb
 1784 01c3 3B       		.uleb128 0x3b
 1785 01c4 0B       		.uleb128 0xb
 1786 01c5 27       		.uleb128 0x27
 1787 01c6 19       		.uleb128 0x19
 1788 01c7 3C       		.uleb128 0x3c
 1789 01c8 19       		.uleb128 0x19
 1790 01c9 00       		.byte	0
 1791 01ca 00       		.byte	0
 1792 01cb 24       		.uleb128 0x24
 1793 01cc 2E       		.uleb128 0x2e
 1794 01cd 01       		.byte	0x1
 1795 01ce 3F       		.uleb128 0x3f
 1796 01cf 19       		.uleb128 0x19
 1797 01d0 03       		.uleb128 0x3
 1798 01d1 0E       		.uleb128 0xe
 1799 01d2 3A       		.uleb128 0x3a
 1800 01d3 0B       		.uleb128 0xb
 1801 01d4 3B       		.uleb128 0x3b
 1802 01d5 0B       		.uleb128 0xb
 1803 01d6 27       		.uleb128 0x27
 1804 01d7 19       		.uleb128 0x19
 1805 01d8 3C       		.uleb128 0x3c
 1806 01d9 19       		.uleb128 0x19
 1807 01da 01       		.uleb128 0x1
 1808 01db 13       		.uleb128 0x13
 1809 01dc 00       		.byte	0
 1810 01dd 00       		.byte	0
 1811 01de 25       		.uleb128 0x25
 1812 01df 05       		.uleb128 0x5
 1813 01e0 00       		.byte	0
 1814 01e1 49       		.uleb128 0x49
 1815 01e2 13       		.uleb128 0x13
 1816 01e3 00       		.byte	0
 1817 01e4 00       		.byte	0
 1818 01e5 26       		.uleb128 0x26
 1819 01e6 2E       		.uleb128 0x2e
 1820 01e7 01       		.byte	0x1
 1821 01e8 3F       		.uleb128 0x3f
 1822 01e9 19       		.uleb128 0x19
ARM GAS  C:\Users\jsyoon\AppData\Local\Temp\ccDMUA1Q.s 			page 33


 1823 01ea 03       		.uleb128 0x3
 1824 01eb 0E       		.uleb128 0xe
 1825 01ec 3A       		.uleb128 0x3a
 1826 01ed 0B       		.uleb128 0xb
 1827 01ee 3B       		.uleb128 0x3b
 1828 01ef 0B       		.uleb128 0xb
 1829 01f0 27       		.uleb128 0x27
 1830 01f1 19       		.uleb128 0x19
 1831 01f2 49       		.uleb128 0x49
 1832 01f3 13       		.uleb128 0x13
 1833 01f4 3C       		.uleb128 0x3c
 1834 01f5 19       		.uleb128 0x19
 1835 01f6 01       		.uleb128 0x1
 1836 01f7 13       		.uleb128 0x13
 1837 01f8 00       		.byte	0
 1838 01f9 00       		.byte	0
 1839 01fa 00       		.byte	0
 1840              		.section	.debug_loc,"",%progbits
 1841              	.Ldebug_loc0:
 1842              	.LLST0:
 1843 0000 00000000 		.4byte	.LVL0
 1844 0004 1F000000 		.4byte	.LVL3-1
 1845 0008 0100     		.2byte	0x1
 1846 000a 50       		.byte	0x50
 1847 000b 1F000000 		.4byte	.LVL3-1
 1848 000f 90000000 		.4byte	.LFE111
 1849 0013 0100     		.2byte	0x1
 1850 0015 56       		.byte	0x56
 1851 0016 00000000 		.4byte	0
 1852 001a 00000000 		.4byte	0
 1853              	.LLST1:
 1854 001e 00000000 		.4byte	.LVL0
 1855 0022 1F000000 		.4byte	.LVL3-1
 1856 0026 0100     		.2byte	0x1
 1857 0028 51       		.byte	0x51
 1858 0029 1F000000 		.4byte	.LVL3-1
 1859 002d 90000000 		.4byte	.LFE111
 1860 0031 0100     		.2byte	0x1
 1861 0033 55       		.byte	0x55
 1862 0034 00000000 		.4byte	0
 1863 0038 00000000 		.4byte	0
 1864              	.LLST2:
 1865 003c 00000000 		.4byte	.LVL0
 1866 0040 1F000000 		.4byte	.LVL3-1
 1867 0044 0100     		.2byte	0x1
 1868 0046 52       		.byte	0x52
 1869 0047 1F000000 		.4byte	.LVL3-1
 1870 004b 90000000 		.4byte	.LFE111
 1871 004f 0100     		.2byte	0x1
 1872 0051 57       		.byte	0x57
 1873 0052 00000000 		.4byte	0
 1874 0056 00000000 		.4byte	0
 1875              	.LLST3:
 1876 005a 12000000 		.4byte	.LVL1
 1877 005e 3C000000 		.4byte	.LVL6
 1878 0062 0200     		.2byte	0x2
 1879 0064 30       		.byte	0x30
ARM GAS  C:\Users\jsyoon\AppData\Local\Temp\ccDMUA1Q.s 			page 34


 1880 0065 9F       		.byte	0x9f
 1881 0066 3C000000 		.4byte	.LVL6
 1882 006a 40000000 		.4byte	.LVL7
 1883 006e 0100     		.2byte	0x1
 1884 0070 54       		.byte	0x54
 1885 0071 40000000 		.4byte	.LVL7
 1886 0075 44000000 		.4byte	.LVL8
 1887 0079 0300     		.2byte	0x3
 1888 007b 74       		.byte	0x74
 1889 007c 7C       		.sleb128 -4
 1890 007d 9F       		.byte	0x9f
 1891 007e 44000000 		.4byte	.LVL8
 1892 0082 48000000 		.4byte	.LVL9
 1893 0086 0100     		.2byte	0x1
 1894 0088 54       		.byte	0x54
 1895 0089 00000000 		.4byte	0
 1896 008d 00000000 		.4byte	0
 1897              	.LLST4:
 1898 0091 18000000 		.4byte	.LVL2
 1899 0095 4E000000 		.4byte	.LVL11
 1900 0099 0200     		.2byte	0x2
 1901 009b 30       		.byte	0x30
 1902 009c 9F       		.byte	0x9f
 1903 009d 4E000000 		.4byte	.LVL11
 1904 00a1 50000000 		.4byte	.LVL12
 1905 00a5 0100     		.2byte	0x1
 1906 00a7 50       		.byte	0x50
 1907 00a8 56000000 		.4byte	.LVL13
 1908 00ac 68000000 		.4byte	.LVL14
 1909 00b0 0100     		.2byte	0x1
 1910 00b2 50       		.byte	0x50
 1911 00b3 6C000000 		.4byte	.LVL15
 1912 00b7 6E000000 		.4byte	.LVL16
 1913 00bb 0100     		.2byte	0x1
 1914 00bd 50       		.byte	0x50
 1915 00be 00000000 		.4byte	0
 1916 00c2 00000000 		.4byte	0
 1917              	.LLST5:
 1918 00c6 18000000 		.4byte	.LVL2
 1919 00ca 68000000 		.4byte	.LVL14
 1920 00ce 0200     		.2byte	0x2
 1921 00d0 31       		.byte	0x31
 1922 00d1 9F       		.byte	0x9f
 1923 00d2 68000000 		.4byte	.LVL14
 1924 00d6 6C000000 		.4byte	.LVL15
 1925 00da 0100     		.2byte	0x1
 1926 00dc 50       		.byte	0x50
 1927 00dd 6C000000 		.4byte	.LVL15
 1928 00e1 8C000000 		.4byte	.LVL28
 1929 00e5 0200     		.2byte	0x2
 1930 00e7 31       		.byte	0x31
 1931 00e8 9F       		.byte	0x9f
 1932 00e9 8C000000 		.4byte	.LVL28
 1933 00ed 90000000 		.4byte	.LFE111
 1934 00f1 0100     		.2byte	0x1
 1935 00f3 50       		.byte	0x50
 1936 00f4 00000000 		.4byte	0
ARM GAS  C:\Users\jsyoon\AppData\Local\Temp\ccDMUA1Q.s 			page 35


 1937 00f8 00000000 		.4byte	0
 1938              	.LLST6:
 1939 00fc 18000000 		.4byte	.LVL2
 1940 0100 1F000000 		.4byte	.LVL3-1
 1941 0104 0100     		.2byte	0x1
 1942 0106 50       		.byte	0x50
 1943 0107 1F000000 		.4byte	.LVL3-1
 1944 010b 3C000000 		.4byte	.LVL6
 1945 010f 0100     		.2byte	0x1
 1946 0111 56       		.byte	0x56
 1947 0112 3C000000 		.4byte	.LVL6
 1948 0116 40000000 		.4byte	.LVL7
 1949 011a 0600     		.2byte	0x6
 1950 011c 76       		.byte	0x76
 1951 011d 00       		.sleb128 0
 1952 011e 74       		.byte	0x74
 1953 011f 00       		.sleb128 0
 1954 0120 22       		.byte	0x22
 1955 0121 9F       		.byte	0x9f
 1956 0122 40000000 		.4byte	.LVL7
 1957 0126 44000000 		.4byte	.LVL8
 1958 012a 0800     		.2byte	0x8
 1959 012c 76       		.byte	0x76
 1960 012d 00       		.sleb128 0
 1961 012e 74       		.byte	0x74
 1962 012f 00       		.sleb128 0
 1963 0130 22       		.byte	0x22
 1964 0131 34       		.byte	0x34
 1965 0132 1C       		.byte	0x1c
 1966 0133 9F       		.byte	0x9f
 1967 0134 00000000 		.4byte	0
 1968 0138 00000000 		.4byte	0
 1969              	.LLST7:
 1970 013c 18000000 		.4byte	.LVL2
 1971 0140 1F000000 		.4byte	.LVL3-1
 1972 0144 0100     		.2byte	0x1
 1973 0146 52       		.byte	0x52
 1974 0147 1F000000 		.4byte	.LVL3-1
 1975 014b 78000000 		.4byte	.LVL19
 1976 014f 0100     		.2byte	0x1
 1977 0151 57       		.byte	0x57
 1978 0152 78000000 		.4byte	.LVL19
 1979 0156 7E000000 		.4byte	.LVL22
 1980 015a 0300     		.2byte	0x3
 1981 015c 77       		.byte	0x77
 1982 015d 04       		.sleb128 4
 1983 015e 9F       		.byte	0x9f
 1984 015f 7E000000 		.4byte	.LVL22
 1985 0163 84000000 		.4byte	.LVL25
 1986 0167 0300     		.2byte	0x3
 1987 0169 77       		.byte	0x77
 1988 016a 08       		.sleb128 8
 1989 016b 9F       		.byte	0x9f
 1990 016c 84000000 		.4byte	.LVL25
 1991 0170 90000000 		.4byte	.LFE111
 1992 0174 0300     		.2byte	0x3
 1993 0176 77       		.byte	0x77
ARM GAS  C:\Users\jsyoon\AppData\Local\Temp\ccDMUA1Q.s 			page 36


 1994 0177 0C       		.sleb128 12
 1995 0178 9F       		.byte	0x9f
 1996 0179 00000000 		.4byte	0
 1997 017d 00000000 		.4byte	0
 1998              	.LLST8:
 1999 0181 76000000 		.4byte	.LVL18
 2000 0185 7A000000 		.4byte	.LVL20
 2001 0189 0100     		.2byte	0x1
 2002 018b 53       		.byte	0x53
 2003 018c 7A000000 		.4byte	.LVL20
 2004 0190 90000000 		.4byte	.LFE111
 2005 0194 0200     		.2byte	0x2
 2006 0196 77       		.byte	0x77
 2007 0197 00       		.sleb128 0
 2008 0198 00000000 		.4byte	0
 2009 019c 00000000 		.4byte	0
 2010              	.LLST9:
 2011 01a0 7C000000 		.4byte	.LVL21
 2012 01a4 80000000 		.4byte	.LVL23
 2013 01a8 0100     		.2byte	0x1
 2014 01aa 53       		.byte	0x53
 2015 01ab 80000000 		.4byte	.LVL23
 2016 01af 90000000 		.4byte	.LFE111
 2017 01b3 0200     		.2byte	0x2
 2018 01b5 77       		.byte	0x77
 2019 01b6 04       		.sleb128 4
 2020 01b7 00000000 		.4byte	0
 2021 01bb 00000000 		.4byte	0
 2022              	.LLST10:
 2023 01bf 82000000 		.4byte	.LVL24
 2024 01c3 86000000 		.4byte	.LVL26
 2025 01c7 0100     		.2byte	0x1
 2026 01c9 53       		.byte	0x53
 2027 01ca 86000000 		.4byte	.LVL26
 2028 01ce 90000000 		.4byte	.LFE111
 2029 01d2 0200     		.2byte	0x2
 2030 01d4 77       		.byte	0x77
 2031 01d5 08       		.sleb128 8
 2032 01d6 00000000 		.4byte	0
 2033 01da 00000000 		.4byte	0
 2034              	.LLST11:
 2035 01de 00000000 		.4byte	.LVL29
 2036 01e2 31000000 		.4byte	.LVL34-1
 2037 01e6 0100     		.2byte	0x1
 2038 01e8 50       		.byte	0x50
 2039 01e9 31000000 		.4byte	.LVL34-1
 2040 01ed 46010000 		.4byte	.LFE112
 2041 01f1 0100     		.2byte	0x1
 2042 01f3 56       		.byte	0x56
 2043 01f4 00000000 		.4byte	0
 2044 01f8 00000000 		.4byte	0
 2045              	.LLST12:
 2046 01fc 00000000 		.4byte	.LVL29
 2047 0200 0C000000 		.4byte	.LVL30
 2048 0204 0100     		.2byte	0x1
 2049 0206 51       		.byte	0x51
 2050 0207 0C000000 		.4byte	.LVL30
ARM GAS  C:\Users\jsyoon\AppData\Local\Temp\ccDMUA1Q.s 			page 37


 2051 020b 46010000 		.4byte	.LFE112
 2052 020f 0100     		.2byte	0x1
 2053 0211 55       		.byte	0x55
 2054 0212 00000000 		.4byte	0
 2055 0216 00000000 		.4byte	0
 2056              	.LLST13:
 2057 021a 00000000 		.4byte	.LVL29
 2058 021e 31000000 		.4byte	.LVL34-1
 2059 0222 0100     		.2byte	0x1
 2060 0224 52       		.byte	0x52
 2061 0225 31000000 		.4byte	.LVL34-1
 2062 0229 46010000 		.4byte	.LFE112
 2063 022d 0100     		.2byte	0x1
 2064 022f 58       		.byte	0x58
 2065 0230 00000000 		.4byte	0
 2066 0234 00000000 		.4byte	0
 2067              	.LLST14:
 2068 0238 00000000 		.4byte	.LVL29
 2069 023c 12000000 		.4byte	.LVL31
 2070 0240 0100     		.2byte	0x1
 2071 0242 53       		.byte	0x53
 2072 0243 12000000 		.4byte	.LVL31
 2073 0247 46010000 		.4byte	.LFE112
 2074 024b 0100     		.2byte	0x1
 2075 024d 57       		.byte	0x57
 2076 024e 00000000 		.4byte	0
 2077 0252 00000000 		.4byte	0
 2078              	.LLST15:
 2079 0256 00000000 		.4byte	.LVL29
 2080 025a 8C000000 		.4byte	.LVL47
 2081 025e 0200     		.2byte	0x2
 2082 0260 91       		.byte	0x91
 2083 0261 00       		.sleb128 0
 2084 0262 8C000000 		.4byte	.LVL47
 2085 0266 46010000 		.4byte	.LFE112
 2086 026a 0200     		.2byte	0x2
 2087 026c 91       		.byte	0x91
 2088 026d 00       		.sleb128 0
 2089 026e 00000000 		.4byte	0
 2090 0272 00000000 		.4byte	0
 2091              	.LLST16:
 2092 0276 22000000 		.4byte	.LVL32
 2093 027a 5A000000 		.4byte	.LVL37
 2094 027e 0200     		.2byte	0x2
 2095 0280 30       		.byte	0x30
 2096 0281 9F       		.byte	0x9f
 2097 0282 5A000000 		.4byte	.LVL37
 2098 0286 5E000000 		.4byte	.LVL38
 2099 028a 0100     		.2byte	0x1
 2100 028c 54       		.byte	0x54
 2101 028d 5E000000 		.4byte	.LVL38
 2102 0291 62000000 		.4byte	.LVL39
 2103 0295 0300     		.2byte	0x3
 2104 0297 74       		.byte	0x74
 2105 0298 7C       		.sleb128 -4
 2106 0299 9F       		.byte	0x9f
 2107 029a 62000000 		.4byte	.LVL39
ARM GAS  C:\Users\jsyoon\AppData\Local\Temp\ccDMUA1Q.s 			page 38


 2108 029e 66000000 		.4byte	.LVL40
 2109 02a2 0100     		.2byte	0x1
 2110 02a4 54       		.byte	0x54
 2111 02a5 8C000000 		.4byte	.LVL47
 2112 02a9 A4000000 		.4byte	.LVL50
 2113 02ad 0200     		.2byte	0x2
 2114 02af 30       		.byte	0x30
 2115 02b0 9F       		.byte	0x9f
 2116 02b1 AE000000 		.4byte	.LVL52
 2117 02b5 B2000000 		.4byte	.LVL53
 2118 02b9 0200     		.2byte	0x2
 2119 02bb 30       		.byte	0x30
 2120 02bc 9F       		.byte	0x9f
 2121 02bd B2000000 		.4byte	.LVL53
 2122 02c1 B8000000 		.4byte	.LVL54
 2123 02c5 0100     		.2byte	0x1
 2124 02c7 54       		.byte	0x54
 2125 02c8 B8000000 		.4byte	.LVL54
 2126 02cc BC000000 		.4byte	.LVL55
 2127 02d0 0300     		.2byte	0x3
 2128 02d2 74       		.byte	0x74
 2129 02d3 7C       		.sleb128 -4
 2130 02d4 9F       		.byte	0x9f
 2131 02d5 BC000000 		.4byte	.LVL55
 2132 02d9 C0000000 		.4byte	.LVL56
 2133 02dd 0100     		.2byte	0x1
 2134 02df 54       		.byte	0x54
 2135 02e0 EE000000 		.4byte	.LVL62
 2136 02e4 F2000000 		.4byte	.LVL63
 2137 02e8 0200     		.2byte	0x2
 2138 02ea 30       		.byte	0x30
 2139 02eb 9F       		.byte	0x9f
 2140 02ec F2000000 		.4byte	.LVL63
 2141 02f0 F6000000 		.4byte	.LVL64
 2142 02f4 0100     		.2byte	0x1
 2143 02f6 54       		.byte	0x54
 2144 02f7 F6000000 		.4byte	.LVL64
 2145 02fb FA000000 		.4byte	.LVL65
 2146 02ff 0300     		.2byte	0x3
 2147 0301 74       		.byte	0x74
 2148 0302 7C       		.sleb128 -4
 2149 0303 9F       		.byte	0x9f
 2150 0304 FA000000 		.4byte	.LVL65
 2151 0308 FE000000 		.4byte	.LVL66
 2152 030c 0100     		.2byte	0x1
 2153 030e 54       		.byte	0x54
 2154 030f 00000000 		.4byte	0
 2155 0313 00000000 		.4byte	0
 2156              	.LLST17:
 2157 0317 26000000 		.4byte	.LVL33
 2158 031b 6C000000 		.4byte	.LVL42
 2159 031f 0200     		.2byte	0x2
 2160 0321 30       		.byte	0x30
 2161 0322 9F       		.byte	0x9f
 2162 0323 6C000000 		.4byte	.LVL42
 2163 0327 6E000000 		.4byte	.LVL43
 2164 032b 0100     		.2byte	0x1
ARM GAS  C:\Users\jsyoon\AppData\Local\Temp\ccDMUA1Q.s 			page 39


 2165 032d 50       		.byte	0x50
 2166 032e 74000000 		.4byte	.LVL44
 2167 0332 86000000 		.4byte	.LVL46
 2168 0336 0100     		.2byte	0x1
 2169 0338 50       		.byte	0x50
 2170 0339 8C000000 		.4byte	.LVL47
 2171 033d A4000000 		.4byte	.LVL50
 2172 0341 0200     		.2byte	0x2
 2173 0343 30       		.byte	0x30
 2174 0344 9F       		.byte	0x9f
 2175 0345 A4000000 		.4byte	.LVL50
 2176 0349 A8000000 		.4byte	.LVL51
 2177 034d 0100     		.2byte	0x1
 2178 034f 50       		.byte	0x50
 2179 0350 CA000000 		.4byte	.LVL58
 2180 0354 CC000000 		.4byte	.LVL59
 2181 0358 0100     		.2byte	0x1
 2182 035a 50       		.byte	0x50
 2183 035b D2000000 		.4byte	.LVL60
 2184 035f E8000000 		.4byte	.LVL61
 2185 0363 0100     		.2byte	0x1
 2186 0365 50       		.byte	0x50
 2187 0366 08010000 		.4byte	.LVL68
 2188 036a 0A010000 		.4byte	.LVL69
 2189 036e 0100     		.2byte	0x1
 2190 0370 50       		.byte	0x50
 2191 0371 10010000 		.4byte	.LVL70
 2192 0375 24010000 		.4byte	.LVL71
 2193 0379 0100     		.2byte	0x1
 2194 037b 50       		.byte	0x50
 2195 037c 00000000 		.4byte	0
 2196 0380 00000000 		.4byte	0
 2197              	.LLST18:
 2198 0384 26000000 		.4byte	.LVL33
 2199 0388 86000000 		.4byte	.LVL46
 2200 038c 0200     		.2byte	0x2
 2201 038e 31       		.byte	0x31
 2202 038f 9F       		.byte	0x9f
 2203 0390 86000000 		.4byte	.LVL46
 2204 0394 8C000000 		.4byte	.LVL47
 2205 0398 0100     		.2byte	0x1
 2206 039a 50       		.byte	0x50
 2207 039b 8C000000 		.4byte	.LVL47
 2208 039f 46010000 		.4byte	.LFE112
 2209 03a3 0200     		.2byte	0x2
 2210 03a5 31       		.byte	0x31
 2211 03a6 9F       		.byte	0x9f
 2212 03a7 00000000 		.4byte	0
 2213 03ab 00000000 		.4byte	0
 2214              	.LLST19:
 2215 03af 26000000 		.4byte	.LVL33
 2216 03b3 31000000 		.4byte	.LVL34-1
 2217 03b7 0100     		.2byte	0x1
 2218 03b9 50       		.byte	0x50
 2219 03ba 31000000 		.4byte	.LVL34-1
 2220 03be 5A000000 		.4byte	.LVL37
 2221 03c2 0100     		.2byte	0x1
ARM GAS  C:\Users\jsyoon\AppData\Local\Temp\ccDMUA1Q.s 			page 40


 2222 03c4 56       		.byte	0x56
 2223 03c5 5A000000 		.4byte	.LVL37
 2224 03c9 5E000000 		.4byte	.LVL38
 2225 03cd 0600     		.2byte	0x6
 2226 03cf 76       		.byte	0x76
 2227 03d0 00       		.sleb128 0
 2228 03d1 74       		.byte	0x74
 2229 03d2 00       		.sleb128 0
 2230 03d3 22       		.byte	0x22
 2231 03d4 9F       		.byte	0x9f
 2232 03d5 5E000000 		.4byte	.LVL38
 2233 03d9 62000000 		.4byte	.LVL39
 2234 03dd 0800     		.2byte	0x8
 2235 03df 76       		.byte	0x76
 2236 03e0 00       		.sleb128 0
 2237 03e1 74       		.byte	0x74
 2238 03e2 00       		.sleb128 0
 2239 03e3 22       		.byte	0x22
 2240 03e4 34       		.byte	0x34
 2241 03e5 1C       		.byte	0x1c
 2242 03e6 9F       		.byte	0x9f
 2243 03e7 8C000000 		.4byte	.LVL47
 2244 03eb A4000000 		.4byte	.LVL50
 2245 03ef 0100     		.2byte	0x1
 2246 03f1 56       		.byte	0x56
 2247 03f2 EE000000 		.4byte	.LVL62
 2248 03f6 F2000000 		.4byte	.LVL63
 2249 03fa 0100     		.2byte	0x1
 2250 03fc 56       		.byte	0x56
 2251 03fd F2000000 		.4byte	.LVL63
 2252 0401 F6000000 		.4byte	.LVL64
 2253 0405 0600     		.2byte	0x6
 2254 0407 76       		.byte	0x76
 2255 0408 00       		.sleb128 0
 2256 0409 74       		.byte	0x74
 2257 040a 00       		.sleb128 0
 2258 040b 22       		.byte	0x22
 2259 040c 9F       		.byte	0x9f
 2260 040d F6000000 		.4byte	.LVL64
 2261 0411 FA000000 		.4byte	.LVL65
 2262 0415 0800     		.2byte	0x8
 2263 0417 76       		.byte	0x76
 2264 0418 00       		.sleb128 0
 2265 0419 74       		.byte	0x74
 2266 041a 00       		.sleb128 0
 2267 041b 22       		.byte	0x22
 2268 041c 34       		.byte	0x34
 2269 041d 1C       		.byte	0x1c
 2270 041e 9F       		.byte	0x9f
 2271 041f 00000000 		.4byte	0
 2272 0423 00000000 		.4byte	0
 2273              	.LLST20:
 2274 0427 26000000 		.4byte	.LVL33
 2275 042b 31000000 		.4byte	.LVL34-1
 2276 042f 0100     		.2byte	0x1
 2277 0431 52       		.byte	0x52
 2278 0432 31000000 		.4byte	.LVL34-1
ARM GAS  C:\Users\jsyoon\AppData\Local\Temp\ccDMUA1Q.s 			page 41


 2279 0436 84000000 		.4byte	.LVL45
 2280 043a 0100     		.2byte	0x1
 2281 043c 58       		.byte	0x58
 2282 043d 8C000000 		.4byte	.LVL47
 2283 0441 B2000000 		.4byte	.LVL53
 2284 0445 0100     		.2byte	0x1
 2285 0447 58       		.byte	0x58
 2286 0448 B2000000 		.4byte	.LVL53
 2287 044c B8000000 		.4byte	.LVL54
 2288 0450 0600     		.2byte	0x6
 2289 0452 78       		.byte	0x78
 2290 0453 00       		.sleb128 0
 2291 0454 74       		.byte	0x74
 2292 0455 00       		.sleb128 0
 2293 0456 22       		.byte	0x22
 2294 0457 9F       		.byte	0x9f
 2295 0458 B8000000 		.4byte	.LVL54
 2296 045c BC000000 		.4byte	.LVL55
 2297 0460 0800     		.2byte	0x8
 2298 0462 78       		.byte	0x78
 2299 0463 00       		.sleb128 0
 2300 0464 74       		.byte	0x74
 2301 0465 00       		.sleb128 0
 2302 0466 22       		.byte	0x22
 2303 0467 34       		.byte	0x34
 2304 0468 1C       		.byte	0x1c
 2305 0469 9F       		.byte	0x9f
 2306 046a 00000000 		.4byte	0
 2307 046e 00000000 		.4byte	0
 2308              	.LLST21:
 2309 0472 26000000 		.4byte	.LVL33
 2310 0476 86000000 		.4byte	.LVL46
 2311 047a 0200     		.2byte	0x2
 2312 047c 91       		.byte	0x91
 2313 047d 00       		.sleb128 0
 2314 047e 8C000000 		.4byte	.LVL47
 2315 0482 30010000 		.4byte	.LVL74
 2316 0486 0200     		.2byte	0x2
 2317 0488 91       		.byte	0x91
 2318 0489 00       		.sleb128 0
 2319 048a 30010000 		.4byte	.LVL74
 2320 048e 36010000 		.4byte	.LVL77
 2321 0492 0300     		.2byte	0x3
 2322 0494 72       		.byte	0x72
 2323 0495 04       		.sleb128 4
 2324 0496 9F       		.byte	0x9f
 2325 0497 36010000 		.4byte	.LVL77
 2326 049b 3C010000 		.4byte	.LVL80
 2327 049f 0300     		.2byte	0x3
 2328 04a1 72       		.byte	0x72
 2329 04a2 08       		.sleb128 8
 2330 04a3 9F       		.byte	0x9f
 2331 04a4 3C010000 		.4byte	.LVL80
 2332 04a8 46010000 		.4byte	.LFE112
 2333 04ac 0300     		.2byte	0x3
 2334 04ae 72       		.byte	0x72
 2335 04af 0C       		.sleb128 12
ARM GAS  C:\Users\jsyoon\AppData\Local\Temp\ccDMUA1Q.s 			page 42


 2336 04b0 9F       		.byte	0x9f
 2337 04b1 00000000 		.4byte	0
 2338 04b5 00000000 		.4byte	0
 2339              	.LLST22:
 2340 04b9 2C010000 		.4byte	.LVL73
 2341 04bd 32010000 		.4byte	.LVL75
 2342 04c1 0100     		.2byte	0x1
 2343 04c3 53       		.byte	0x53
 2344 04c4 32010000 		.4byte	.LVL75
 2345 04c8 46010000 		.4byte	.LFE112
 2346 04cc 0200     		.2byte	0x2
 2347 04ce 72       		.byte	0x72
 2348 04cf 00       		.sleb128 0
 2349 04d0 00000000 		.4byte	0
 2350 04d4 00000000 		.4byte	0
 2351              	.LLST23:
 2352 04d8 34010000 		.4byte	.LVL76
 2353 04dc 38010000 		.4byte	.LVL78
 2354 04e0 0100     		.2byte	0x1
 2355 04e2 53       		.byte	0x53
 2356 04e3 38010000 		.4byte	.LVL78
 2357 04e7 46010000 		.4byte	.LFE112
 2358 04eb 0200     		.2byte	0x2
 2359 04ed 72       		.byte	0x72
 2360 04ee 04       		.sleb128 4
 2361 04ef 00000000 		.4byte	0
 2362 04f3 00000000 		.4byte	0
 2363              	.LLST24:
 2364 04f7 3A010000 		.4byte	.LVL79
 2365 04fb 3E010000 		.4byte	.LVL81
 2366 04ff 0100     		.2byte	0x1
 2367 0501 53       		.byte	0x53
 2368 0502 3E010000 		.4byte	.LVL81
 2369 0506 46010000 		.4byte	.LFE112
 2370 050a 0200     		.2byte	0x2
 2371 050c 72       		.byte	0x72
 2372 050d 08       		.sleb128 8
 2373 050e 00000000 		.4byte	0
 2374 0512 00000000 		.4byte	0
 2375              		.section	.debug_aranges,"",%progbits
 2376 0000 24000000 		.4byte	0x24
 2377 0004 0200     		.2byte	0x2
 2378 0006 00000000 		.4byte	.Ldebug_info0
 2379 000a 04       		.byte	0x4
 2380 000b 00       		.byte	0
 2381 000c 0000     		.2byte	0
 2382 000e 0000     		.2byte	0
 2383 0010 00000000 		.4byte	.LFB111
 2384 0014 90000000 		.4byte	.LFE111-.LFB111
 2385 0018 00000000 		.4byte	.LFB112
 2386 001c 46010000 		.4byte	.LFE112-.LFB112
 2387 0020 00000000 		.4byte	0
 2388 0024 00000000 		.4byte	0
 2389              		.section	.debug_ranges,"",%progbits
 2390              	.Ldebug_ranges0:
 2391 0000 00000000 		.4byte	.LFB111
 2392 0004 90000000 		.4byte	.LFE111
ARM GAS  C:\Users\jsyoon\AppData\Local\Temp\ccDMUA1Q.s 			page 43


 2393 0008 00000000 		.4byte	.LFB112
 2394 000c 46010000 		.4byte	.LFE112
 2395 0010 00000000 		.4byte	0
 2396 0014 00000000 		.4byte	0
 2397              		.section	.debug_line,"",%progbits
 2398              	.Ldebug_line0:
 2399 0000 5A030000 		.section	.debug_str,"MS",%progbits,1
 2399      0200C201 
 2399      00000201 
 2399      FB0E0D00 
 2399      01010101 
 2400              	.LASF57:
 2401 0000 72657375 		.ascii	"result\000"
 2401      6C7400
 2402              	.LASF36:
 2403 0007 636F756E 		.ascii	"counter\000"
 2403      74657200 
 2404              	.LASF39:
 2405 000f 696E7075 		.ascii	"inputaddr\000"
 2405      74616464 
 2405      7200
 2406              	.LASF32:
 2407 0019 4F757470 		.ascii	"Output\000"
 2407      757400
 2408              	.LASF17:
 2409 0020 73697A65 		.ascii	"sizetype\000"
 2409      74797065 
 2409      00
 2410              	.LASF54:
 2411 0029 453A5C4D 		.ascii	"E:\\Maker\\BLDC\\test_eval\\try2\\OROCA-BLDC_R15080"
 2411      616B6572 
 2411      5C424C44 
 2411      435C7465 
 2411      73745F65 
 2412 0057 3700     		.ascii	"7\000"
 2413              	.LASF8:
 2414 0059 5F5F7569 		.ascii	"__uint32_t\000"
 2414      6E743332 
 2414      5F7400
 2415              	.LASF4:
 2416 0064 5F5F7569 		.ascii	"__uint16_t\000"
 2416      6E743136 
 2416      5F7400
 2417              	.LASF2:
 2418 006f 73686F72 		.ascii	"short int\000"
 2418      7420696E 
 2418      7400
 2419              	.LASF56:
 2420 0079 76616C75 		.ascii	"value\000"
 2420      6500
 2421              	.LASF51:
 2422 007f 48415348 		.ascii	"HASH_GetDigest\000"
 2422      5F476574 
 2422      44696765 
 2422      737400
 2423              	.LASF13:
 2424 008e 75696E74 		.ascii	"uint8_t\000"
ARM GAS  C:\Users\jsyoon\AppData\Local\Temp\ccDMUA1Q.s 			page 44


 2424      385F7400 
 2425              	.LASF40:
 2426 0096 6F757470 		.ascii	"outputaddr\000"
 2426      75746164 
 2426      647200
 2427              	.LASF55:
 2428 00a1 5F5F5245 		.ascii	"__REV\000"
 2428      5600
 2429              	.LASF53:
 2430 00a7 43686962 		.ascii	"ChibiOS_2.6.6/ext/stdperiph_stm32f4/src/stm32f4xx_h"
 2430      694F535F 
 2430      322E362E 
 2430      362F6578 
 2430      742F7374 
 2431 00da 6173685F 		.ascii	"ash_md5.c\000"
 2431      6D64352E 
 2431      6300
 2432              	.LASF45:
 2433 00e4 6B657961 		.ascii	"keyaddr\000"
 2433      64647200 
 2434              	.LASF42:
 2435 00ec 484D4143 		.ascii	"HMAC_MD5\000"
 2435      5F4D4435 
 2435      00
 2436              	.LASF10:
 2437 00f5 6C6F6E67 		.ascii	"long long int\000"
 2437      206C6F6E 
 2437      6720696E 
 2437      7400
 2438              	.LASF52:
 2439 0103 474E5520 		.ascii	"GNU C 4.8.4 20140526 (release) [ARM/embedded-4_8-br"
 2439      4320342E 
 2439      382E3420 
 2439      32303134 
 2439      30353236 
 2440 0136 616E6368 		.ascii	"anch revision 211358] -mcpu=cortex-m4 -mfloat-abi=h"
 2440      20726576 
 2440      6973696F 
 2440      6E203231 
 2440      31333538 
 2441 0169 61726420 		.ascii	"ard -mfpu=fpv4-sp-d16 -mno-thumb-interwork -mthumb "
 2441      2D6D6670 
 2441      753D6670 
 2441      76342D73 
 2441      702D6431 
 2442 019c 2D676764 		.ascii	"-ggdb -O2 -std=gnu99 -fomit-frame-pointer -falign-f"
 2442      62202D4F 
 2442      32202D73 
 2442      74643D67 
 2442      6E753939 
 2443 01cf 756E6374 		.ascii	"unctions=16 -ffunction-sections -fdata-sections -fn"
 2443      696F6E73 
 2443      3D313620 
 2443      2D666675 
 2443      6E637469 
 2444 0202 6F2D636F 		.ascii	"o-common -fsingle-precision-constant\000"
 2444      6D6D6F6E 
ARM GAS  C:\Users\jsyoon\AppData\Local\Temp\ccDMUA1Q.s 			page 45


 2444      202D6673 
 2444      696E676C 
 2444      652D7072 
 2445              	.LASF7:
 2446 0227 6C6F6E67 		.ascii	"long int\000"
 2446      20696E74 
 2446      00
 2447              	.LASF26:
 2448 0230 48415348 		.ascii	"HASH_HMACKeyType\000"
 2448      5F484D41 
 2448      434B6579 
 2448      54797065 
 2448      00
 2449              	.LASF22:
 2450 0241 4572726F 		.ascii	"ErrorStatus\000"
 2450      72537461 
 2450      74757300 
 2451              	.LASF48:
 2452 024d 48415348 		.ascii	"HASH_DataIn\000"
 2452      5F446174 
 2452      61496E00 
 2453              	.LASF44:
 2454 0259 6E627661 		.ascii	"nbvalidbitskey\000"
 2454      6C696462 
 2454      6974736B 
 2454      657900
 2455              	.LASF3:
 2456 0268 5F5F7569 		.ascii	"__uint8_t\000"
 2456      6E74385F 
 2456      7400
 2457              	.LASF20:
 2458 0272 4552524F 		.ascii	"ERROR\000"
 2458      5200
 2459              	.LASF28:
 2460 0278 44617461 		.ascii	"Data\000"
 2460      00
 2461              	.LASF1:
 2462 027d 756E7369 		.ascii	"unsigned char\000"
 2462      676E6564 
 2462      20636861 
 2462      7200
 2463              	.LASF31:
 2464 028b 496C656E 		.ascii	"Ilen\000"
 2464      00
 2465              	.LASF29:
 2466 0290 48415348 		.ascii	"HASH_MsgDigest\000"
 2466      5F4D7367 
 2466      44696765 
 2466      737400
 2467              	.LASF0:
 2468 029f 7369676E 		.ascii	"signed char\000"
 2468      65642063 
 2468      68617200 
 2469              	.LASF23:
 2470 02ab 48415348 		.ascii	"HASH_AlgoSelection\000"
 2470      5F416C67 
 2470      6F53656C 
ARM GAS  C:\Users\jsyoon\AppData\Local\Temp\ccDMUA1Q.s 			page 46


 2470      65637469 
 2470      6F6E00
 2471              	.LASF11:
 2472 02be 6C6F6E67 		.ascii	"long long unsigned int\000"
 2472      206C6F6E 
 2472      6720756E 
 2472      7369676E 
 2472      65642069 
 2473              	.LASF16:
 2474 02d5 75696E74 		.ascii	"uint32_t\000"
 2474      33325F74 
 2474      00
 2475              	.LASF12:
 2476 02de 756E7369 		.ascii	"unsigned int\000"
 2476      676E6564 
 2476      20696E74 
 2476      00
 2477              	.LASF14:
 2478 02eb 75696E74 		.ascii	"uint16_t\000"
 2478      31365F74 
 2478      00
 2479              	.LASF46:
 2480 02f4 48415348 		.ascii	"HASH_Init\000"
 2480      5F496E69 
 2480      7400
 2481              	.LASF21:
 2482 02fe 53554343 		.ascii	"SUCCESS\000"
 2482      45535300 
 2483              	.LASF34:
 2484 0306 4D44355F 		.ascii	"MD5_MessageDigest\000"
 2484      4D657373 
 2484      61676544 
 2484      69676573 
 2484      7400
 2485              	.LASF5:
 2486 0318 73686F72 		.ascii	"short unsigned int\000"
 2486      7420756E 
 2486      7369676E 
 2486      65642069 
 2486      6E7400
 2487              	.LASF38:
 2488 032b 73746174 		.ascii	"status\000"
 2488      757300
 2489              	.LASF15:
 2490 0332 696E7433 		.ascii	"int32_t\000"
 2490      325F7400 
 2491              	.LASF33:
 2492 033a 4D44355F 		.ascii	"MD5_HASH_InitStructure\000"
 2492      48415348 
 2492      5F496E69 
 2492      74537472 
 2492      75637475 
 2493              	.LASF25:
 2494 0351 48415348 		.ascii	"HASH_DataType\000"
 2494      5F446174 
 2494      61547970 
 2494      6500
ARM GAS  C:\Users\jsyoon\AppData\Local\Temp\ccDMUA1Q.s 			page 47


 2495              	.LASF49:
 2496 035f 48415348 		.ascii	"HASH_DeInit\000"
 2496      5F446549 
 2496      6E697400 
 2497              	.LASF50:
 2498 036b 48415348 		.ascii	"HASH_StartDigest\000"
 2498      5F537461 
 2498      72744469 
 2498      67657374 
 2498      00
 2499              	.LASF9:
 2500 037c 6C6F6E67 		.ascii	"long unsigned int\000"
 2500      20756E73 
 2500      69676E65 
 2500      6420696E 
 2500      7400
 2501              	.LASF37:
 2502 038e 62757379 		.ascii	"busystatus\000"
 2502      73746174 
 2502      757300
 2503              	.LASF24:
 2504 0399 48415348 		.ascii	"HASH_AlgoMode\000"
 2504      5F416C67 
 2504      6F4D6F64 
 2504      6500
 2505              	.LASF6:
 2506 03a7 5F5F696E 		.ascii	"__int32_t\000"
 2506      7433325F 
 2506      7400
 2507              	.LASF18:
 2508 03b1 52455345 		.ascii	"RESET\000"
 2508      5400
 2509              	.LASF47:
 2510 03b7 48415348 		.ascii	"HASH_SetLastWordValidBitsNbr\000"
 2510      5F536574 
 2510      4C617374 
 2510      576F7264 
 2510      56616C69 
 2511              	.LASF30:
 2512 03d4 496E7075 		.ascii	"Input\000"
 2512      7400
 2513              	.LASF35:
 2514 03da 6E627661 		.ascii	"nbvalidbitsdata\000"
 2514      6C696462 
 2514      69747364 
 2514      61746100 
 2515              	.LASF58:
 2516 03ea 49544D5F 		.ascii	"ITM_RxBuffer\000"
 2516      52784275 
 2516      66666572 
 2516      00
 2517              	.LASF41:
 2518 03f7 48415348 		.ascii	"HASH_MD5\000"
 2518      5F4D4435 
 2518      00
 2519              	.LASF19:
 2520 0400 466C6167 		.ascii	"FlagStatus\000"
ARM GAS  C:\Users\jsyoon\AppData\Local\Temp\ccDMUA1Q.s 			page 48


 2520      53746174 
 2520      757300
 2521              	.LASF43:
 2522 040b 4B65796C 		.ascii	"Keylen\000"
 2522      656E00
 2523              	.LASF27:
 2524 0412 48415348 		.ascii	"HASH_InitTypeDef\000"
 2524      5F496E69 
 2524      74547970 
 2524      65446566 
 2524      00
 2525              	.LASF59:
 2526 0423 48415348 		.ascii	"HASH_GetFlagStatus\000"
 2526      5F476574 
 2526      466C6167 
 2526      53746174 
 2526      757300
 2527              		.ident	"GCC: (GNU Tools for ARM Embedded Processors) 4.8.4 20140526 (release) [ARM/embedded-4_8-br
ARM GAS  C:\Users\jsyoon\AppData\Local\Temp\ccDMUA1Q.s 			page 49


DEFINED SYMBOLS
                            *ABS*:00000000 stm32f4xx_hash_md5.c
C:\Users\jsyoon\AppData\Local\Temp\ccDMUA1Q.s:21     .text.HASH_MD5:00000000 $t
C:\Users\jsyoon\AppData\Local\Temp\ccDMUA1Q.s:27     .text.HASH_MD5:00000000 HASH_MD5
C:\Users\jsyoon\AppData\Local\Temp\ccDMUA1Q.s:212    .text.HMAC_MD5:00000000 $t
C:\Users\jsyoon\AppData\Local\Temp\ccDMUA1Q.s:218    .text.HMAC_MD5:00000000 HMAC_MD5
                     .debug_frame:00000010 $d

UNDEFINED SYMBOLS
HASH_DeInit
HASH_Init
HASH_SetLastWordValidBitsNbr
HASH_DataIn
HASH_StartDigest
HASH_GetFlagStatus
HASH_GetDigest
