ARM GAS  C:\Users\jsyoon\AppData\Local\Temp\ccicNK1f.s 			page 1


   1              		.syntax unified
   2              		.cpu cortex-m4
   3              		.eabi_attribute 27, 3
   4              		.eabi_attribute 28, 1
   5              		.fpu fpv4-sp-d16
   6              		.eabi_attribute 20, 1
   7              		.eabi_attribute 21, 1
   8              		.eabi_attribute 23, 3
   9              		.eabi_attribute 24, 1
  10              		.eabi_attribute 25, 1
  11              		.eabi_attribute 26, 1
  12              		.eabi_attribute 30, 2
  13              		.eabi_attribute 34, 1
  14              		.eabi_attribute 18, 4
  15              		.thumb
  16              		.file	"stm32f4xx_syscfg.c"
  17              		.text
  18              	.Ltext0:
  19              		.cfi_sections	.debug_frame
  20              		.section	.text.SYSCFG_DeInit,"ax",%progbits
  21              		.align	2
  22              		.p2align 4,,15
  23              		.global	SYSCFG_DeInit
  24              		.thumb
  25              		.thumb_func
  26              		.type	SYSCFG_DeInit, %function
  27              	SYSCFG_DeInit:
  28              	.LFB111:
  29              		.file 1 "ChibiOS_2.6.6/ext/stdperiph_stm32f4/src/stm32f4xx_syscfg.c"
  30              		.loc 1 93 0
  31              		.cfi_startproc
  32              		@ args = 0, pretend = 0, frame = 0
  33              		@ frame_needed = 0, uses_anonymous_args = 0
  34 0000 08B5     		push	{r3, lr}
  35              		.cfi_def_cfa_offset 8
  36              		.cfi_offset 3, -8
  37              		.cfi_offset 14, -4
  38              		.loc 1 94 0
  39 0002 4FF48040 		mov	r0, #16384
  40 0006 0121     		movs	r1, #1
  41 0008 FFF7FEFF 		bl	RCC_APB2PeriphResetCmd
  42              	.LVL0:
  43              		.loc 1 95 0
  44 000c 4FF48040 		mov	r0, #16384
  45 0010 0021     		movs	r1, #0
  46              		.loc 1 96 0
  47 0012 BDE80840 		pop	{r3, lr}
  48              		.loc 1 95 0
  49 0016 FFF7FEBF 		b	RCC_APB2PeriphResetCmd
  50              	.LVL1:
  51              		.cfi_endproc
  52              	.LFE111:
  53              		.size	SYSCFG_DeInit, .-SYSCFG_DeInit
  54 001a 00BFAFF3 		.section	.text.SYSCFG_MemoryRemapConfig,"ax",%progbits
  54      0080
  55              		.align	2
  56              		.p2align 4,,15
ARM GAS  C:\Users\jsyoon\AppData\Local\Temp\ccicNK1f.s 			page 2


  57              		.global	SYSCFG_MemoryRemapConfig
  58              		.thumb
  59              		.thumb_func
  60              		.type	SYSCFG_MemoryRemapConfig, %function
  61              	SYSCFG_MemoryRemapConfig:
  62              	.LFB112:
  63              		.loc 1 109 0
  64              		.cfi_startproc
  65              		@ args = 0, pretend = 0, frame = 0
  66              		@ frame_needed = 0, uses_anonymous_args = 0
  67              		@ link register save eliminated.
  68              	.LVL2:
  69              		.loc 1 113 0
  70 0000 014B     		ldr	r3, .L3
  71 0002 1860     		str	r0, [r3]
  72 0004 7047     		bx	lr
  73              	.L4:
  74 0006 00BF     		.align	2
  75              	.L3:
  76 0008 00380140 		.word	1073821696
  77              		.cfi_endproc
  78              	.LFE112:
  79              		.size	SYSCFG_MemoryRemapConfig, .-SYSCFG_MemoryRemapConfig
  80 000c AFF30080 		.section	.text.SYSCFG_EXTILineConfig,"ax",%progbits
  81              		.align	2
  82              		.p2align 4,,15
  83              		.global	SYSCFG_EXTILineConfig
  84              		.thumb
  85              		.thumb_func
  86              		.type	SYSCFG_EXTILineConfig, %function
  87              	SYSCFG_EXTILineConfig:
  88              	.LFB113:
  89              		.loc 1 126 0
  90              		.cfi_startproc
  91              		@ args = 0, pretend = 0, frame = 0
  92              		@ frame_needed = 0, uses_anonymous_args = 0
  93              		@ link register save eliminated.
  94              	.LVL3:
  95 0000 01F0FC03 		and	r3, r1, #252
  96 0004 03F18043 		add	r3, r3, #1073741824
  97 0008 03F59C33 		add	r3, r3, #79872
  98              		.loc 1 133 0
  99 000c 01F00301 		and	r1, r1, #3
 100              	.LVL4:
 101              		.loc 1 126 0
 102 0010 10B4     		push	{r4}
 103              		.cfi_def_cfa_offset 4
 104              		.cfi_offset 4, -4
 105              		.loc 1 133 0
 106 0012 8900     		lsls	r1, r1, #2
 107              	.LVL5:
 108              		.loc 1 134 0
 109 0014 9C68     		ldr	r4, [r3, #8]
 110              		.loc 1 133 0
 111 0016 0F22     		movs	r2, #15
 112 0018 8A40     		lsls	r2, r2, r1
 113              	.LVL6:
ARM GAS  C:\Users\jsyoon\AppData\Local\Temp\ccicNK1f.s 			page 3


 114              		.loc 1 134 0
 115 001a 24EA0202 		bic	r2, r4, r2
 116              	.LVL7:
 117 001e 9A60     		str	r2, [r3, #8]
 118              		.loc 1 135 0
 119 0020 9A68     		ldr	r2, [r3, #8]
 120              		.loc 1 136 0
 121 0022 5DF8044B 		ldr	r4, [sp], #4
 122              		.loc 1 135 0
 123 0026 8840     		lsls	r0, r0, r1
 124              	.LVL8:
 125 0028 0243     		orrs	r2, r2, r0
 126 002a 9A60     		str	r2, [r3, #8]
 127              		.loc 1 136 0
 128 002c 7047     		bx	lr
 129              		.cfi_endproc
 130              	.LFE113:
 131              		.size	SYSCFG_EXTILineConfig, .-SYSCFG_EXTILineConfig
 132 002e 00BF     		.section	.text.SYSCFG_ETH_MediaInterfaceConfig,"ax",%progbits
 133              		.align	2
 134              		.p2align 4,,15
 135              		.global	SYSCFG_ETH_MediaInterfaceConfig
 136              		.thumb
 137              		.thumb_func
 138              		.type	SYSCFG_ETH_MediaInterfaceConfig, %function
 139              	SYSCFG_ETH_MediaInterfaceConfig:
 140              	.LFB114:
 141              		.loc 1 147 0
 142              		.cfi_startproc
 143              		@ args = 0, pretend = 0, frame = 0
 144              		@ frame_needed = 0, uses_anonymous_args = 0
 145              		@ link register save eliminated.
 146              	.LVL9:
 147              		.loc 1 150 0
 148 0000 014B     		ldr	r3, .L7
 149 0002 1860     		str	r0, [r3]
 150 0004 7047     		bx	lr
 151              	.L8:
 152 0006 00BF     		.align	2
 153              	.L7:
 154 0008 DC002742 		.word	1109852380
 155              		.cfi_endproc
 156              	.LFE114:
 157              		.size	SYSCFG_ETH_MediaInterfaceConfig, .-SYSCFG_ETH_MediaInterfaceConfig
 158 000c AFF30080 		.section	.text.SYSCFG_CompensationCellCmd,"ax",%progbits
 159              		.align	2
 160              		.p2align 4,,15
 161              		.global	SYSCFG_CompensationCellCmd
 162              		.thumb
 163              		.thumb_func
 164              		.type	SYSCFG_CompensationCellCmd, %function
 165              	SYSCFG_CompensationCellCmd:
 166              	.LFB115:
 167              		.loc 1 164 0
 168              		.cfi_startproc
 169              		@ args = 0, pretend = 0, frame = 0
 170              		@ frame_needed = 0, uses_anonymous_args = 0
ARM GAS  C:\Users\jsyoon\AppData\Local\Temp\ccicNK1f.s 			page 4


 171              		@ link register save eliminated.
 172              	.LVL10:
 173              		.loc 1 168 0
 174 0000 014B     		ldr	r3, .L10
 175 0002 1860     		str	r0, [r3]
 176 0004 7047     		bx	lr
 177              	.L11:
 178 0006 00BF     		.align	2
 179              	.L10:
 180 0008 00042742 		.word	1109853184
 181              		.cfi_endproc
 182              	.LFE115:
 183              		.size	SYSCFG_CompensationCellCmd, .-SYSCFG_CompensationCellCmd
 184 000c AFF30080 		.section	.text.SYSCFG_GetCompensationCellStatus,"ax",%progbits
 185              		.align	2
 186              		.p2align 4,,15
 187              		.global	SYSCFG_GetCompensationCellStatus
 188              		.thumb
 189              		.thumb_func
 190              		.type	SYSCFG_GetCompensationCellStatus, %function
 191              	SYSCFG_GetCompensationCellStatus:
 192              	.LFB116:
 193              		.loc 1 177 0
 194              		.cfi_startproc
 195              		@ args = 0, pretend = 0, frame = 0
 196              		@ frame_needed = 0, uses_anonymous_args = 0
 197              		@ link register save eliminated.
 198              	.LVL11:
 199              		.loc 1 180 0
 200 0000 024B     		ldr	r3, .L13
 201 0002 186A     		ldr	r0, [r3, #32]
 202              	.LVL12:
 203              		.loc 1 189 0
 204 0004 C0F30020 		ubfx	r0, r0, #8, #1
 205              	.LVL13:
 206 0008 7047     		bx	lr
 207              	.L14:
 208 000a 00BF     		.align	2
 209              	.L13:
 210 000c 00380140 		.word	1073821696
 211              		.cfi_endproc
 212              	.LFE116:
 213              		.size	SYSCFG_GetCompensationCellStatus, .-SYSCFG_GetCompensationCellStatus
 214              		.text
 215              	.Letext0:
 216              		.file 2 "c:\\crosstools\\gcc-arm-embedded\\4.8_2014q2\\arm-none-eabi\\include\\machine\\_default_t
 217              		.file 3 "c:\\crosstools\\gcc-arm-embedded\\4.8_2014q2\\arm-none-eabi\\include\\stdint.h"
 218              		.file 4 "ChibiOS_2.6.6/os/hal/platforms/STM32F4xx/stm32f4xx.h"
 219              		.file 5 "ChibiOS_2.6.6/os/ports/common/ARMCMx/CMSIS/include/core_cm4.h"
 220              		.file 6 "ChibiOS_2.6.6/ext/stdperiph_stm32f4/inc/stm32f4xx_rcc.h"
 221              		.section	.debug_info,"",%progbits
 222              	.Ldebug_info0:
 223 0000 B5020000 		.4byte	0x2b5
 224 0004 0400     		.2byte	0x4
 225 0006 00000000 		.4byte	.Ldebug_abbrev0
 226 000a 04       		.byte	0x4
 227 000b 01       		.uleb128 0x1
ARM GAS  C:\Users\jsyoon\AppData\Local\Temp\ccicNK1f.s 			page 5


 228 000c 0A000000 		.4byte	.LASF37
 229 0010 01       		.byte	0x1
 230 0011 78030000 		.4byte	.LASF38
 231 0015 E0020000 		.4byte	.LASF39
 232 0019 00000000 		.4byte	.Ldebug_ranges0+0
 233 001d 00000000 		.4byte	0
 234 0021 00000000 		.4byte	.Ldebug_line0
 235 0025 02       		.uleb128 0x2
 236 0026 01       		.byte	0x1
 237 0027 06       		.byte	0x6
 238 0028 6C030000 		.4byte	.LASF0
 239 002c 03       		.uleb128 0x3
 240 002d 00000000 		.4byte	.LASF4
 241 0031 02       		.byte	0x2
 242 0032 1C       		.byte	0x1c
 243 0033 37000000 		.4byte	0x37
 244 0037 02       		.uleb128 0x2
 245 0038 01       		.byte	0x1
 246 0039 08       		.byte	0x8
 247 003a D2010000 		.4byte	.LASF1
 248 003e 02       		.uleb128 0x2
 249 003f 02       		.byte	0x2
 250 0040 05       		.byte	0x5
 251 0041 23030000 		.4byte	.LASF2
 252 0045 02       		.uleb128 0x2
 253 0046 02       		.byte	0x2
 254 0047 07       		.byte	0x7
 255 0048 5D010000 		.4byte	.LASF3
 256 004c 03       		.uleb128 0x3
 257 004d 38010000 		.4byte	.LASF5
 258 0051 02       		.byte	0x2
 259 0052 37       		.byte	0x37
 260 0053 57000000 		.4byte	0x57
 261 0057 02       		.uleb128 0x2
 262 0058 04       		.byte	0x4
 263 0059 05       		.byte	0x5
 264 005a 63030000 		.4byte	.LASF6
 265 005e 03       		.uleb128 0x3
 266 005f 23020000 		.4byte	.LASF7
 267 0063 02       		.byte	0x2
 268 0064 38       		.byte	0x38
 269 0065 69000000 		.4byte	0x69
 270 0069 02       		.uleb128 0x2
 271 006a 04       		.byte	0x4
 272 006b 07       		.byte	0x7
 273 006c EB010000 		.4byte	.LASF8
 274 0070 02       		.uleb128 0x2
 275 0071 08       		.byte	0x8
 276 0072 05       		.byte	0x5
 277 0073 D2020000 		.4byte	.LASF9
 278 0077 02       		.uleb128 0x2
 279 0078 08       		.byte	0x8
 280 0079 07       		.byte	0x7
 281 007a 65020000 		.4byte	.LASF10
 282 007e 04       		.uleb128 0x4
 283 007f 04       		.byte	0x4
 284 0080 05       		.byte	0x5
ARM GAS  C:\Users\jsyoon\AppData\Local\Temp\ccicNK1f.s 			page 6


 285 0081 696E7400 		.ascii	"int\000"
 286 0085 02       		.uleb128 0x2
 287 0086 04       		.byte	0x4
 288 0087 07       		.byte	0x7
 289 0088 58020000 		.4byte	.LASF11
 290 008c 03       		.uleb128 0x3
 291 008d 7C020000 		.4byte	.LASF12
 292 0091 03       		.byte	0x3
 293 0092 2A       		.byte	0x2a
 294 0093 2C000000 		.4byte	0x2c
 295 0097 03       		.uleb128 0x3
 296 0098 C1020000 		.4byte	.LASF13
 297 009c 03       		.byte	0x3
 298 009d 41       		.byte	0x41
 299 009e 4C000000 		.4byte	0x4c
 300 00a2 03       		.uleb128 0x3
 301 00a3 5A030000 		.4byte	.LASF14
 302 00a7 03       		.byte	0x3
 303 00a8 42       		.byte	0x42
 304 00a9 5E000000 		.4byte	0x5e
 305 00ad 02       		.uleb128 0x2
 306 00ae 04       		.byte	0x4
 307 00af 07       		.byte	0x7
 308 00b0 C9020000 		.4byte	.LASF15
 309 00b4 05       		.uleb128 0x5
 310 00b5 A2000000 		.4byte	0xa2
 311 00b9 06       		.uleb128 0x6
 312 00ba A2000000 		.4byte	0xa2
 313 00be C9000000 		.4byte	0xc9
 314 00c2 07       		.uleb128 0x7
 315 00c3 AD000000 		.4byte	0xad
 316 00c7 01       		.byte	0x1
 317 00c8 00       		.byte	0
 318 00c9 06       		.uleb128 0x6
 319 00ca A2000000 		.4byte	0xa2
 320 00ce D9000000 		.4byte	0xd9
 321 00d2 07       		.uleb128 0x7
 322 00d3 AD000000 		.4byte	0xad
 323 00d7 03       		.byte	0x3
 324 00d8 00       		.byte	0
 325 00d9 05       		.uleb128 0x5
 326 00da 97000000 		.4byte	0x97
 327 00de 08       		.uleb128 0x8
 328 00df 01       		.byte	0x1
 329 00e0 04       		.byte	0x4
 330 00e1 F701     		.2byte	0x1f7
 331 00e3 F4000000 		.4byte	0xf4
 332 00e7 09       		.uleb128 0x9
 333 00e8 B3030000 		.4byte	.LASF16
 334 00ec 00       		.sleb128 0
 335 00ed 0A       		.uleb128 0xa
 336 00ee 53455400 		.ascii	"SET\000"
 337 00f2 01       		.sleb128 1
 338 00f3 00       		.byte	0
 339 00f4 0B       		.uleb128 0xb
 340 00f5 E0010000 		.4byte	.LASF17
 341 00f9 04       		.byte	0x4
ARM GAS  C:\Users\jsyoon\AppData\Local\Temp\ccicNK1f.s 			page 7


 342 00fa F701     		.2byte	0x1f7
 343 00fc DE000000 		.4byte	0xde
 344 0100 08       		.uleb128 0x8
 345 0101 01       		.byte	0x1
 346 0102 04       		.byte	0x4
 347 0103 F901     		.2byte	0x1f9
 348 0105 16010000 		.4byte	0x116
 349 0109 09       		.uleb128 0x9
 350 010a 1B020000 		.4byte	.LASF18
 351 010e 00       		.sleb128 0
 352 010f 09       		.uleb128 0x9
 353 0110 AF010000 		.4byte	.LASF19
 354 0114 01       		.sleb128 1
 355 0115 00       		.byte	0
 356 0116 0B       		.uleb128 0xb
 357 0117 91010000 		.4byte	.LASF20
 358 011b 04       		.byte	0x4
 359 011c F901     		.2byte	0x1f9
 360 011e 00010000 		.4byte	0x100
 361 0122 0C       		.uleb128 0xc
 362 0123 24       		.byte	0x24
 363 0124 04       		.byte	0x4
 364 0125 E903     		.2byte	0x3e9
 365 0127 6D010000 		.4byte	0x16d
 366 012b 0D       		.uleb128 0xd
 367 012c FD010000 		.4byte	.LASF21
 368 0130 04       		.byte	0x4
 369 0131 EB03     		.2byte	0x3eb
 370 0133 B4000000 		.4byte	0xb4
 371 0137 00       		.byte	0
 372 0138 0E       		.uleb128 0xe
 373 0139 504D4300 		.ascii	"PMC\000"
 374 013d 04       		.byte	0x4
 375 013e EC03     		.2byte	0x3ec
 376 0140 B4000000 		.4byte	0xb4
 377 0144 04       		.byte	0x4
 378 0145 0D       		.uleb128 0xd
 379 0146 51020000 		.4byte	.LASF22
 380 014a 04       		.byte	0x4
 381 014b ED03     		.2byte	0x3ed
 382 014d 6D010000 		.4byte	0x16d
 383 0151 08       		.byte	0x8
 384 0152 0D       		.uleb128 0xd
 385 0153 48020000 		.4byte	.LASF23
 386 0157 04       		.byte	0x4
 387 0158 EE03     		.2byte	0x3ee
 388 015a B9000000 		.4byte	0xb9
 389 015e 18       		.byte	0x18
 390 015f 0D       		.uleb128 0xd
 391 0160 CC010000 		.4byte	.LASF24
 392 0164 04       		.byte	0x4
 393 0165 EF03     		.2byte	0x3ef
 394 0167 B4000000 		.4byte	0xb4
 395 016b 20       		.byte	0x20
 396 016c 00       		.byte	0
 397 016d 05       		.uleb128 0x5
 398 016e C9000000 		.4byte	0xc9
ARM GAS  C:\Users\jsyoon\AppData\Local\Temp\ccicNK1f.s 			page 8


 399 0172 0B       		.uleb128 0xb
 400 0173 36030000 		.4byte	.LASF25
 401 0177 04       		.byte	0x4
 402 0178 F003     		.2byte	0x3f0
 403 017a 22010000 		.4byte	0x122
 404 017e 0F       		.uleb128 0xf
 405 017f A1010000 		.4byte	.LASF26
 406 0183 01       		.byte	0x1
 407 0184 5C       		.byte	0x5c
 408 0185 00000000 		.4byte	.LFB111
 409 0189 1A000000 		.4byte	.LFE111-.LFB111
 410 018d 01       		.uleb128 0x1
 411 018e 9C       		.byte	0x9c
 412 018f C4010000 		.4byte	0x1c4
 413 0193 10       		.uleb128 0x10
 414 0194 0C000000 		.4byte	.LVL0
 415 0198 A5020000 		.4byte	0x2a5
 416 019c AD010000 		.4byte	0x1ad
 417 01a0 11       		.uleb128 0x11
 418 01a1 01       		.uleb128 0x1
 419 01a2 51       		.byte	0x51
 420 01a3 01       		.uleb128 0x1
 421 01a4 31       		.byte	0x31
 422 01a5 11       		.uleb128 0x11
 423 01a6 01       		.uleb128 0x1
 424 01a7 50       		.byte	0x50
 425 01a8 03       		.uleb128 0x3
 426 01a9 0A       		.byte	0xa
 427 01aa 0040     		.2byte	0x4000
 428 01ac 00       		.byte	0
 429 01ad 12       		.uleb128 0x12
 430 01ae 1A000000 		.4byte	.LVL1
 431 01b2 A5020000 		.4byte	0x2a5
 432 01b6 11       		.uleb128 0x11
 433 01b7 01       		.uleb128 0x1
 434 01b8 51       		.byte	0x51
 435 01b9 01       		.uleb128 0x1
 436 01ba 30       		.byte	0x30
 437 01bb 11       		.uleb128 0x11
 438 01bc 01       		.uleb128 0x1
 439 01bd 50       		.byte	0x50
 440 01be 03       		.uleb128 0x3
 441 01bf 0A       		.byte	0xa
 442 01c0 0040     		.2byte	0x4000
 443 01c2 00       		.byte	0
 444 01c3 00       		.byte	0
 445 01c4 0F       		.uleb128 0xf
 446 01c5 B9030000 		.4byte	.LASF27
 447 01c9 01       		.byte	0x1
 448 01ca 6C       		.byte	0x6c
 449 01cb 00000000 		.4byte	.LFB112
 450 01cf 0C000000 		.4byte	.LFE112-.LFB112
 451 01d3 01       		.uleb128 0x1
 452 01d4 9C       		.byte	0x9c
 453 01d5 E7010000 		.4byte	0x1e7
 454 01d9 13       		.uleb128 0x13
 455 01da 10030000 		.4byte	.LASF29
ARM GAS  C:\Users\jsyoon\AppData\Local\Temp\ccicNK1f.s 			page 9


 456 01de 01       		.byte	0x1
 457 01df 6C       		.byte	0x6c
 458 01e0 8C000000 		.4byte	0x8c
 459 01e4 01       		.uleb128 0x1
 460 01e5 50       		.byte	0x50
 461 01e6 00       		.byte	0
 462 01e7 0F       		.uleb128 0xf
 463 01e8 B6010000 		.4byte	.LASF28
 464 01ec 01       		.byte	0x1
 465 01ed 7D       		.byte	0x7d
 466 01ee 00000000 		.4byte	.LFB113
 467 01f2 2E000000 		.4byte	.LFE113-.LFB113
 468 01f6 01       		.uleb128 0x1
 469 01f7 9C       		.byte	0x9c
 470 01f8 2A020000 		.4byte	0x22a
 471 01fc 14       		.uleb128 0x14
 472 01fd 45030000 		.4byte	.LASF30
 473 0201 01       		.byte	0x1
 474 0202 7D       		.byte	0x7d
 475 0203 8C000000 		.4byte	0x8c
 476 0207 00000000 		.4byte	.LLST0
 477 020b 14       		.uleb128 0x14
 478 020c 84020000 		.4byte	.LASF31
 479 0210 01       		.byte	0x1
 480 0211 7D       		.byte	0x7d
 481 0212 8C000000 		.4byte	0x8c
 482 0216 21000000 		.4byte	.LLST1
 483 021a 15       		.uleb128 0x15
 484 021b 746D7000 		.ascii	"tmp\000"
 485 021f 01       		.byte	0x1
 486 0220 7F       		.byte	0x7f
 487 0221 A2000000 		.4byte	0xa2
 488 0225 42000000 		.4byte	.LLST2
 489 0229 00       		.byte	0
 490 022a 0F       		.uleb128 0xf
 491 022b 94020000 		.4byte	.LASF32
 492 022f 01       		.byte	0x1
 493 0230 92       		.byte	0x92
 494 0231 00000000 		.4byte	.LFB114
 495 0235 0C000000 		.4byte	.LFE114-.LFB114
 496 0239 01       		.uleb128 0x1
 497 023a 9C       		.byte	0x9c
 498 023b 4D020000 		.4byte	0x24d
 499 023f 13       		.uleb128 0x13
 500 0240 2E020000 		.4byte	.LASF33
 501 0244 01       		.byte	0x1
 502 0245 92       		.byte	0x92
 503 0246 A2000000 		.4byte	0xa2
 504 024a 01       		.uleb128 0x1
 505 024b 50       		.byte	0x50
 506 024c 00       		.byte	0
 507 024d 0F       		.uleb128 0xf
 508 024e 42010000 		.4byte	.LASF34
 509 0252 01       		.byte	0x1
 510 0253 A3       		.byte	0xa3
 511 0254 00000000 		.4byte	.LFB115
 512 0258 0C000000 		.4byte	.LFE115-.LFB115
ARM GAS  C:\Users\jsyoon\AppData\Local\Temp\ccicNK1f.s 			page 10


 513 025c 01       		.uleb128 0x1
 514 025d 9C       		.byte	0x9c
 515 025e 70020000 		.4byte	0x270
 516 0262 13       		.uleb128 0x13
 517 0263 2D030000 		.4byte	.LASF35
 518 0267 01       		.byte	0x1
 519 0268 A3       		.byte	0xa3
 520 0269 16010000 		.4byte	0x116
 521 026d 01       		.uleb128 0x1
 522 026e 50       		.byte	0x50
 523 026f 00       		.byte	0
 524 0270 16       		.uleb128 0x16
 525 0271 70010000 		.4byte	.LASF40
 526 0275 01       		.byte	0x1
 527 0276 B0       		.byte	0xb0
 528 0277 F4000000 		.4byte	0xf4
 529 027b 00000000 		.4byte	.LFB116
 530 027f 10000000 		.4byte	.LFE116-.LFB116
 531 0283 01       		.uleb128 0x1
 532 0284 9C       		.byte	0x9c
 533 0285 99020000 		.4byte	0x299
 534 0289 17       		.uleb128 0x17
 535 028a 2E010000 		.4byte	.LASF36
 536 028e 01       		.byte	0x1
 537 028f B2       		.byte	0xb2
 538 0290 F4000000 		.4byte	0xf4
 539 0294 7F000000 		.4byte	.LLST3
 540 0298 00       		.byte	0
 541 0299 18       		.uleb128 0x18
 542 029a B4020000 		.4byte	.LASF41
 543 029e 05       		.byte	0x5
 544 029f 9806     		.2byte	0x698
 545 02a1 D9000000 		.4byte	0xd9
 546 02a5 19       		.uleb128 0x19
 547 02a6 04020000 		.4byte	.LASF42
 548 02aa 06       		.byte	0x6
 549 02ab E701     		.2byte	0x1e7
 550 02ad 1A       		.uleb128 0x1a
 551 02ae A2000000 		.4byte	0xa2
 552 02b2 1A       		.uleb128 0x1a
 553 02b3 16010000 		.4byte	0x116
 554 02b7 00       		.byte	0
 555 02b8 00       		.byte	0
 556              		.section	.debug_abbrev,"",%progbits
 557              	.Ldebug_abbrev0:
 558 0000 01       		.uleb128 0x1
 559 0001 11       		.uleb128 0x11
 560 0002 01       		.byte	0x1
 561 0003 25       		.uleb128 0x25
 562 0004 0E       		.uleb128 0xe
 563 0005 13       		.uleb128 0x13
 564 0006 0B       		.uleb128 0xb
 565 0007 03       		.uleb128 0x3
 566 0008 0E       		.uleb128 0xe
 567 0009 1B       		.uleb128 0x1b
 568 000a 0E       		.uleb128 0xe
 569 000b 55       		.uleb128 0x55
ARM GAS  C:\Users\jsyoon\AppData\Local\Temp\ccicNK1f.s 			page 11


 570 000c 17       		.uleb128 0x17
 571 000d 11       		.uleb128 0x11
 572 000e 01       		.uleb128 0x1
 573 000f 10       		.uleb128 0x10
 574 0010 17       		.uleb128 0x17
 575 0011 00       		.byte	0
 576 0012 00       		.byte	0
 577 0013 02       		.uleb128 0x2
 578 0014 24       		.uleb128 0x24
 579 0015 00       		.byte	0
 580 0016 0B       		.uleb128 0xb
 581 0017 0B       		.uleb128 0xb
 582 0018 3E       		.uleb128 0x3e
 583 0019 0B       		.uleb128 0xb
 584 001a 03       		.uleb128 0x3
 585 001b 0E       		.uleb128 0xe
 586 001c 00       		.byte	0
 587 001d 00       		.byte	0
 588 001e 03       		.uleb128 0x3
 589 001f 16       		.uleb128 0x16
 590 0020 00       		.byte	0
 591 0021 03       		.uleb128 0x3
 592 0022 0E       		.uleb128 0xe
 593 0023 3A       		.uleb128 0x3a
 594 0024 0B       		.uleb128 0xb
 595 0025 3B       		.uleb128 0x3b
 596 0026 0B       		.uleb128 0xb
 597 0027 49       		.uleb128 0x49
 598 0028 13       		.uleb128 0x13
 599 0029 00       		.byte	0
 600 002a 00       		.byte	0
 601 002b 04       		.uleb128 0x4
 602 002c 24       		.uleb128 0x24
 603 002d 00       		.byte	0
 604 002e 0B       		.uleb128 0xb
 605 002f 0B       		.uleb128 0xb
 606 0030 3E       		.uleb128 0x3e
 607 0031 0B       		.uleb128 0xb
 608 0032 03       		.uleb128 0x3
 609 0033 08       		.uleb128 0x8
 610 0034 00       		.byte	0
 611 0035 00       		.byte	0
 612 0036 05       		.uleb128 0x5
 613 0037 35       		.uleb128 0x35
 614 0038 00       		.byte	0
 615 0039 49       		.uleb128 0x49
 616 003a 13       		.uleb128 0x13
 617 003b 00       		.byte	0
 618 003c 00       		.byte	0
 619 003d 06       		.uleb128 0x6
 620 003e 01       		.uleb128 0x1
 621 003f 01       		.byte	0x1
 622 0040 49       		.uleb128 0x49
 623 0041 13       		.uleb128 0x13
 624 0042 01       		.uleb128 0x1
 625 0043 13       		.uleb128 0x13
 626 0044 00       		.byte	0
ARM GAS  C:\Users\jsyoon\AppData\Local\Temp\ccicNK1f.s 			page 12


 627 0045 00       		.byte	0
 628 0046 07       		.uleb128 0x7
 629 0047 21       		.uleb128 0x21
 630 0048 00       		.byte	0
 631 0049 49       		.uleb128 0x49
 632 004a 13       		.uleb128 0x13
 633 004b 2F       		.uleb128 0x2f
 634 004c 0B       		.uleb128 0xb
 635 004d 00       		.byte	0
 636 004e 00       		.byte	0
 637 004f 08       		.uleb128 0x8
 638 0050 04       		.uleb128 0x4
 639 0051 01       		.byte	0x1
 640 0052 0B       		.uleb128 0xb
 641 0053 0B       		.uleb128 0xb
 642 0054 3A       		.uleb128 0x3a
 643 0055 0B       		.uleb128 0xb
 644 0056 3B       		.uleb128 0x3b
 645 0057 05       		.uleb128 0x5
 646 0058 01       		.uleb128 0x1
 647 0059 13       		.uleb128 0x13
 648 005a 00       		.byte	0
 649 005b 00       		.byte	0
 650 005c 09       		.uleb128 0x9
 651 005d 28       		.uleb128 0x28
 652 005e 00       		.byte	0
 653 005f 03       		.uleb128 0x3
 654 0060 0E       		.uleb128 0xe
 655 0061 1C       		.uleb128 0x1c
 656 0062 0D       		.uleb128 0xd
 657 0063 00       		.byte	0
 658 0064 00       		.byte	0
 659 0065 0A       		.uleb128 0xa
 660 0066 28       		.uleb128 0x28
 661 0067 00       		.byte	0
 662 0068 03       		.uleb128 0x3
 663 0069 08       		.uleb128 0x8
 664 006a 1C       		.uleb128 0x1c
 665 006b 0D       		.uleb128 0xd
 666 006c 00       		.byte	0
 667 006d 00       		.byte	0
 668 006e 0B       		.uleb128 0xb
 669 006f 16       		.uleb128 0x16
 670 0070 00       		.byte	0
 671 0071 03       		.uleb128 0x3
 672 0072 0E       		.uleb128 0xe
 673 0073 3A       		.uleb128 0x3a
 674 0074 0B       		.uleb128 0xb
 675 0075 3B       		.uleb128 0x3b
 676 0076 05       		.uleb128 0x5
 677 0077 49       		.uleb128 0x49
 678 0078 13       		.uleb128 0x13
 679 0079 00       		.byte	0
 680 007a 00       		.byte	0
 681 007b 0C       		.uleb128 0xc
 682 007c 13       		.uleb128 0x13
 683 007d 01       		.byte	0x1
ARM GAS  C:\Users\jsyoon\AppData\Local\Temp\ccicNK1f.s 			page 13


 684 007e 0B       		.uleb128 0xb
 685 007f 0B       		.uleb128 0xb
 686 0080 3A       		.uleb128 0x3a
 687 0081 0B       		.uleb128 0xb
 688 0082 3B       		.uleb128 0x3b
 689 0083 05       		.uleb128 0x5
 690 0084 01       		.uleb128 0x1
 691 0085 13       		.uleb128 0x13
 692 0086 00       		.byte	0
 693 0087 00       		.byte	0
 694 0088 0D       		.uleb128 0xd
 695 0089 0D       		.uleb128 0xd
 696 008a 00       		.byte	0
 697 008b 03       		.uleb128 0x3
 698 008c 0E       		.uleb128 0xe
 699 008d 3A       		.uleb128 0x3a
 700 008e 0B       		.uleb128 0xb
 701 008f 3B       		.uleb128 0x3b
 702 0090 05       		.uleb128 0x5
 703 0091 49       		.uleb128 0x49
 704 0092 13       		.uleb128 0x13
 705 0093 38       		.uleb128 0x38
 706 0094 0B       		.uleb128 0xb
 707 0095 00       		.byte	0
 708 0096 00       		.byte	0
 709 0097 0E       		.uleb128 0xe
 710 0098 0D       		.uleb128 0xd
 711 0099 00       		.byte	0
 712 009a 03       		.uleb128 0x3
 713 009b 08       		.uleb128 0x8
 714 009c 3A       		.uleb128 0x3a
 715 009d 0B       		.uleb128 0xb
 716 009e 3B       		.uleb128 0x3b
 717 009f 05       		.uleb128 0x5
 718 00a0 49       		.uleb128 0x49
 719 00a1 13       		.uleb128 0x13
 720 00a2 38       		.uleb128 0x38
 721 00a3 0B       		.uleb128 0xb
 722 00a4 00       		.byte	0
 723 00a5 00       		.byte	0
 724 00a6 0F       		.uleb128 0xf
 725 00a7 2E       		.uleb128 0x2e
 726 00a8 01       		.byte	0x1
 727 00a9 3F       		.uleb128 0x3f
 728 00aa 19       		.uleb128 0x19
 729 00ab 03       		.uleb128 0x3
 730 00ac 0E       		.uleb128 0xe
 731 00ad 3A       		.uleb128 0x3a
 732 00ae 0B       		.uleb128 0xb
 733 00af 3B       		.uleb128 0x3b
 734 00b0 0B       		.uleb128 0xb
 735 00b1 27       		.uleb128 0x27
 736 00b2 19       		.uleb128 0x19
 737 00b3 11       		.uleb128 0x11
 738 00b4 01       		.uleb128 0x1
 739 00b5 12       		.uleb128 0x12
 740 00b6 06       		.uleb128 0x6
ARM GAS  C:\Users\jsyoon\AppData\Local\Temp\ccicNK1f.s 			page 14


 741 00b7 40       		.uleb128 0x40
 742 00b8 18       		.uleb128 0x18
 743 00b9 9742     		.uleb128 0x2117
 744 00bb 19       		.uleb128 0x19
 745 00bc 01       		.uleb128 0x1
 746 00bd 13       		.uleb128 0x13
 747 00be 00       		.byte	0
 748 00bf 00       		.byte	0
 749 00c0 10       		.uleb128 0x10
 750 00c1 898201   		.uleb128 0x4109
 751 00c4 01       		.byte	0x1
 752 00c5 11       		.uleb128 0x11
 753 00c6 01       		.uleb128 0x1
 754 00c7 31       		.uleb128 0x31
 755 00c8 13       		.uleb128 0x13
 756 00c9 01       		.uleb128 0x1
 757 00ca 13       		.uleb128 0x13
 758 00cb 00       		.byte	0
 759 00cc 00       		.byte	0
 760 00cd 11       		.uleb128 0x11
 761 00ce 8A8201   		.uleb128 0x410a
 762 00d1 00       		.byte	0
 763 00d2 02       		.uleb128 0x2
 764 00d3 18       		.uleb128 0x18
 765 00d4 9142     		.uleb128 0x2111
 766 00d6 18       		.uleb128 0x18
 767 00d7 00       		.byte	0
 768 00d8 00       		.byte	0
 769 00d9 12       		.uleb128 0x12
 770 00da 898201   		.uleb128 0x4109
 771 00dd 01       		.byte	0x1
 772 00de 11       		.uleb128 0x11
 773 00df 01       		.uleb128 0x1
 774 00e0 9542     		.uleb128 0x2115
 775 00e2 19       		.uleb128 0x19
 776 00e3 31       		.uleb128 0x31
 777 00e4 13       		.uleb128 0x13
 778 00e5 00       		.byte	0
 779 00e6 00       		.byte	0
 780 00e7 13       		.uleb128 0x13
 781 00e8 05       		.uleb128 0x5
 782 00e9 00       		.byte	0
 783 00ea 03       		.uleb128 0x3
 784 00eb 0E       		.uleb128 0xe
 785 00ec 3A       		.uleb128 0x3a
 786 00ed 0B       		.uleb128 0xb
 787 00ee 3B       		.uleb128 0x3b
 788 00ef 0B       		.uleb128 0xb
 789 00f0 49       		.uleb128 0x49
 790 00f1 13       		.uleb128 0x13
 791 00f2 02       		.uleb128 0x2
 792 00f3 18       		.uleb128 0x18
 793 00f4 00       		.byte	0
 794 00f5 00       		.byte	0
 795 00f6 14       		.uleb128 0x14
 796 00f7 05       		.uleb128 0x5
 797 00f8 00       		.byte	0
ARM GAS  C:\Users\jsyoon\AppData\Local\Temp\ccicNK1f.s 			page 15


 798 00f9 03       		.uleb128 0x3
 799 00fa 0E       		.uleb128 0xe
 800 00fb 3A       		.uleb128 0x3a
 801 00fc 0B       		.uleb128 0xb
 802 00fd 3B       		.uleb128 0x3b
 803 00fe 0B       		.uleb128 0xb
 804 00ff 49       		.uleb128 0x49
 805 0100 13       		.uleb128 0x13
 806 0101 02       		.uleb128 0x2
 807 0102 17       		.uleb128 0x17
 808 0103 00       		.byte	0
 809 0104 00       		.byte	0
 810 0105 15       		.uleb128 0x15
 811 0106 34       		.uleb128 0x34
 812 0107 00       		.byte	0
 813 0108 03       		.uleb128 0x3
 814 0109 08       		.uleb128 0x8
 815 010a 3A       		.uleb128 0x3a
 816 010b 0B       		.uleb128 0xb
 817 010c 3B       		.uleb128 0x3b
 818 010d 0B       		.uleb128 0xb
 819 010e 49       		.uleb128 0x49
 820 010f 13       		.uleb128 0x13
 821 0110 02       		.uleb128 0x2
 822 0111 17       		.uleb128 0x17
 823 0112 00       		.byte	0
 824 0113 00       		.byte	0
 825 0114 16       		.uleb128 0x16
 826 0115 2E       		.uleb128 0x2e
 827 0116 01       		.byte	0x1
 828 0117 3F       		.uleb128 0x3f
 829 0118 19       		.uleb128 0x19
 830 0119 03       		.uleb128 0x3
 831 011a 0E       		.uleb128 0xe
 832 011b 3A       		.uleb128 0x3a
 833 011c 0B       		.uleb128 0xb
 834 011d 3B       		.uleb128 0x3b
 835 011e 0B       		.uleb128 0xb
 836 011f 27       		.uleb128 0x27
 837 0120 19       		.uleb128 0x19
 838 0121 49       		.uleb128 0x49
 839 0122 13       		.uleb128 0x13
 840 0123 11       		.uleb128 0x11
 841 0124 01       		.uleb128 0x1
 842 0125 12       		.uleb128 0x12
 843 0126 06       		.uleb128 0x6
 844 0127 40       		.uleb128 0x40
 845 0128 18       		.uleb128 0x18
 846 0129 9742     		.uleb128 0x2117
 847 012b 19       		.uleb128 0x19
 848 012c 01       		.uleb128 0x1
 849 012d 13       		.uleb128 0x13
 850 012e 00       		.byte	0
 851 012f 00       		.byte	0
 852 0130 17       		.uleb128 0x17
 853 0131 34       		.uleb128 0x34
 854 0132 00       		.byte	0
ARM GAS  C:\Users\jsyoon\AppData\Local\Temp\ccicNK1f.s 			page 16


 855 0133 03       		.uleb128 0x3
 856 0134 0E       		.uleb128 0xe
 857 0135 3A       		.uleb128 0x3a
 858 0136 0B       		.uleb128 0xb
 859 0137 3B       		.uleb128 0x3b
 860 0138 0B       		.uleb128 0xb
 861 0139 49       		.uleb128 0x49
 862 013a 13       		.uleb128 0x13
 863 013b 02       		.uleb128 0x2
 864 013c 17       		.uleb128 0x17
 865 013d 00       		.byte	0
 866 013e 00       		.byte	0
 867 013f 18       		.uleb128 0x18
 868 0140 34       		.uleb128 0x34
 869 0141 00       		.byte	0
 870 0142 03       		.uleb128 0x3
 871 0143 0E       		.uleb128 0xe
 872 0144 3A       		.uleb128 0x3a
 873 0145 0B       		.uleb128 0xb
 874 0146 3B       		.uleb128 0x3b
 875 0147 05       		.uleb128 0x5
 876 0148 49       		.uleb128 0x49
 877 0149 13       		.uleb128 0x13
 878 014a 3F       		.uleb128 0x3f
 879 014b 19       		.uleb128 0x19
 880 014c 3C       		.uleb128 0x3c
 881 014d 19       		.uleb128 0x19
 882 014e 00       		.byte	0
 883 014f 00       		.byte	0
 884 0150 19       		.uleb128 0x19
 885 0151 2E       		.uleb128 0x2e
 886 0152 01       		.byte	0x1
 887 0153 3F       		.uleb128 0x3f
 888 0154 19       		.uleb128 0x19
 889 0155 03       		.uleb128 0x3
 890 0156 0E       		.uleb128 0xe
 891 0157 3A       		.uleb128 0x3a
 892 0158 0B       		.uleb128 0xb
 893 0159 3B       		.uleb128 0x3b
 894 015a 05       		.uleb128 0x5
 895 015b 27       		.uleb128 0x27
 896 015c 19       		.uleb128 0x19
 897 015d 3C       		.uleb128 0x3c
 898 015e 19       		.uleb128 0x19
 899 015f 00       		.byte	0
 900 0160 00       		.byte	0
 901 0161 1A       		.uleb128 0x1a
 902 0162 05       		.uleb128 0x5
 903 0163 00       		.byte	0
 904 0164 49       		.uleb128 0x49
 905 0165 13       		.uleb128 0x13
 906 0166 00       		.byte	0
 907 0167 00       		.byte	0
 908 0168 00       		.byte	0
 909              		.section	.debug_loc,"",%progbits
 910              	.Ldebug_loc0:
 911              	.LLST0:
ARM GAS  C:\Users\jsyoon\AppData\Local\Temp\ccicNK1f.s 			page 17


 912 0000 00000000 		.4byte	.LVL3
 913 0004 28000000 		.4byte	.LVL8
 914 0008 0100     		.2byte	0x1
 915 000a 50       		.byte	0x50
 916 000b 28000000 		.4byte	.LVL8
 917 000f 2E000000 		.4byte	.LFE113
 918 0013 0400     		.2byte	0x4
 919 0015 F3       		.byte	0xf3
 920 0016 01       		.uleb128 0x1
 921 0017 50       		.byte	0x50
 922 0018 9F       		.byte	0x9f
 923 0019 00000000 		.4byte	0
 924 001d 00000000 		.4byte	0
 925              	.LLST1:
 926 0021 00000000 		.4byte	.LVL3
 927 0025 10000000 		.4byte	.LVL4
 928 0029 0100     		.2byte	0x1
 929 002b 51       		.byte	0x51
 930 002c 10000000 		.4byte	.LVL4
 931 0030 2E000000 		.4byte	.LFE113
 932 0034 0400     		.2byte	0x4
 933 0036 F3       		.byte	0xf3
 934 0037 01       		.uleb128 0x1
 935 0038 51       		.byte	0x51
 936 0039 9F       		.byte	0x9f
 937 003a 00000000 		.4byte	0
 938 003e 00000000 		.4byte	0
 939              	.LLST2:
 940 0042 00000000 		.4byte	.LVL3
 941 0046 14000000 		.4byte	.LVL5
 942 004a 0200     		.2byte	0x2
 943 004c 30       		.byte	0x30
 944 004d 9F       		.byte	0x9f
 945 004e 14000000 		.4byte	.LVL5
 946 0052 1A000000 		.4byte	.LVL6
 947 0056 0500     		.2byte	0x5
 948 0058 3F       		.byte	0x3f
 949 0059 71       		.byte	0x71
 950 005a 00       		.sleb128 0
 951 005b 24       		.byte	0x24
 952 005c 9F       		.byte	0x9f
 953 005d 1A000000 		.4byte	.LVL6
 954 0061 1E000000 		.4byte	.LVL7
 955 0065 0100     		.2byte	0x1
 956 0067 52       		.byte	0x52
 957 0068 1E000000 		.4byte	.LVL7
 958 006c 2E000000 		.4byte	.LFE113
 959 0070 0500     		.2byte	0x5
 960 0072 3F       		.byte	0x3f
 961 0073 71       		.byte	0x71
 962 0074 00       		.sleb128 0
 963 0075 24       		.byte	0x24
 964 0076 9F       		.byte	0x9f
 965 0077 00000000 		.4byte	0
 966 007b 00000000 		.4byte	0
 967              	.LLST3:
 968 007f 00000000 		.4byte	.LVL11
ARM GAS  C:\Users\jsyoon\AppData\Local\Temp\ccicNK1f.s 			page 18


 969 0083 04000000 		.4byte	.LVL12
 970 0087 0200     		.2byte	0x2
 971 0089 30       		.byte	0x30
 972 008a 9F       		.byte	0x9f
 973 008b 04000000 		.4byte	.LVL12
 974 008f 08000000 		.4byte	.LVL13
 975 0093 0900     		.2byte	0x9
 976 0095 70       		.byte	0x70
 977 0096 00       		.sleb128 0
 978 0097 0A       		.byte	0xa
 979 0098 0001     		.2byte	0x100
 980 009a 1A       		.byte	0x1a
 981 009b 30       		.byte	0x30
 982 009c 2E       		.byte	0x2e
 983 009d 9F       		.byte	0x9f
 984 009e 00000000 		.4byte	0
 985 00a2 00000000 		.4byte	0
 986              		.section	.debug_aranges,"",%progbits
 987 0000 44000000 		.4byte	0x44
 988 0004 0200     		.2byte	0x2
 989 0006 00000000 		.4byte	.Ldebug_info0
 990 000a 04       		.byte	0x4
 991 000b 00       		.byte	0
 992 000c 0000     		.2byte	0
 993 000e 0000     		.2byte	0
 994 0010 00000000 		.4byte	.LFB111
 995 0014 1A000000 		.4byte	.LFE111-.LFB111
 996 0018 00000000 		.4byte	.LFB112
 997 001c 0C000000 		.4byte	.LFE112-.LFB112
 998 0020 00000000 		.4byte	.LFB113
 999 0024 2E000000 		.4byte	.LFE113-.LFB113
 1000 0028 00000000 		.4byte	.LFB114
 1001 002c 0C000000 		.4byte	.LFE114-.LFB114
 1002 0030 00000000 		.4byte	.LFB115
 1003 0034 0C000000 		.4byte	.LFE115-.LFB115
 1004 0038 00000000 		.4byte	.LFB116
 1005 003c 10000000 		.4byte	.LFE116-.LFB116
 1006 0040 00000000 		.4byte	0
 1007 0044 00000000 		.4byte	0
 1008              		.section	.debug_ranges,"",%progbits
 1009              	.Ldebug_ranges0:
 1010 0000 00000000 		.4byte	.LFB111
 1011 0004 1A000000 		.4byte	.LFE111
 1012 0008 00000000 		.4byte	.LFB112
 1013 000c 0C000000 		.4byte	.LFE112
 1014 0010 00000000 		.4byte	.LFB113
 1015 0014 2E000000 		.4byte	.LFE113
 1016 0018 00000000 		.4byte	.LFB114
 1017 001c 0C000000 		.4byte	.LFE114
 1018 0020 00000000 		.4byte	.LFB115
 1019 0024 0C000000 		.4byte	.LFE115
 1020 0028 00000000 		.4byte	.LFB116
 1021 002c 10000000 		.4byte	.LFE116
 1022 0030 00000000 		.4byte	0
 1023 0034 00000000 		.4byte	0
 1024              		.section	.debug_line,"",%progbits
 1025              	.Ldebug_line0:
ARM GAS  C:\Users\jsyoon\AppData\Local\Temp\ccicNK1f.s 			page 19


 1026 0000 2A020000 		.section	.debug_str,"MS",%progbits,1
 1026      0200AD01 
 1026      00000201 
 1026      FB0E0D00 
 1026      01010101 
 1027              	.LASF4:
 1028 0000 5F5F7569 		.ascii	"__uint8_t\000"
 1028      6E74385F 
 1028      7400
 1029              	.LASF37:
 1030 000a 474E5520 		.ascii	"GNU C 4.8.4 20140526 (release) [ARM/embedded-4_8-br"
 1030      4320342E 
 1030      382E3420 
 1030      32303134 
 1030      30353236 
 1031 003d 616E6368 		.ascii	"anch revision 211358] -mcpu=cortex-m4 -mfloat-abi=h"
 1031      20726576 
 1031      6973696F 
 1031      6E203231 
 1031      31333538 
 1032 0070 61726420 		.ascii	"ard -mfpu=fpv4-sp-d16 -mno-thumb-interwork -mthumb "
 1032      2D6D6670 
 1032      753D6670 
 1032      76342D73 
 1032      702D6431 
 1033 00a3 2D676764 		.ascii	"-ggdb -O2 -std=gnu99 -fomit-frame-pointer -falign-f"
 1033      62202D4F 
 1033      32202D73 
 1033      74643D67 
 1033      6E753939 
 1034 00d6 756E6374 		.ascii	"unctions=16 -ffunction-sections -fdata-sections -fn"
 1034      696F6E73 
 1034      3D313620 
 1034      2D666675 
 1034      6E637469 
 1035 0109 6F2D636F 		.ascii	"o-common -fsingle-precision-constant\000"
 1035      6D6D6F6E 
 1035      202D6673 
 1035      696E676C 
 1035      652D7072 
 1036              	.LASF36:
 1037 012e 62697473 		.ascii	"bitstatus\000"
 1037      74617475 
 1037      7300
 1038              	.LASF5:
 1039 0138 5F5F696E 		.ascii	"__int32_t\000"
 1039      7433325F 
 1039      7400
 1040              	.LASF34:
 1041 0142 53595343 		.ascii	"SYSCFG_CompensationCellCmd\000"
 1041      46475F43 
 1041      6F6D7065 
 1041      6E736174 
 1041      696F6E43 
 1042              	.LASF3:
 1043 015d 73686F72 		.ascii	"short unsigned int\000"
 1043      7420756E 
ARM GAS  C:\Users\jsyoon\AppData\Local\Temp\ccicNK1f.s 			page 20


 1043      7369676E 
 1043      65642069 
 1043      6E7400
 1044              	.LASF40:
 1045 0170 53595343 		.ascii	"SYSCFG_GetCompensationCellStatus\000"
 1045      46475F47 
 1045      6574436F 
 1045      6D70656E 
 1045      73617469 
 1046              	.LASF20:
 1047 0191 46756E63 		.ascii	"FunctionalState\000"
 1047      74696F6E 
 1047      616C5374 
 1047      61746500 
 1048              	.LASF26:
 1049 01a1 53595343 		.ascii	"SYSCFG_DeInit\000"
 1049      46475F44 
 1049      65496E69 
 1049      7400
 1050              	.LASF19:
 1051 01af 454E4142 		.ascii	"ENABLE\000"
 1051      4C4500
 1052              	.LASF28:
 1053 01b6 53595343 		.ascii	"SYSCFG_EXTILineConfig\000"
 1053      46475F45 
 1053      5854494C 
 1053      696E6543 
 1053      6F6E6669 
 1054              	.LASF24:
 1055 01cc 434D5043 		.ascii	"CMPCR\000"
 1055      5200
 1056              	.LASF1:
 1057 01d2 756E7369 		.ascii	"unsigned char\000"
 1057      676E6564 
 1057      20636861 
 1057      7200
 1058              	.LASF17:
 1059 01e0 466C6167 		.ascii	"FlagStatus\000"
 1059      53746174 
 1059      757300
 1060              	.LASF8:
 1061 01eb 6C6F6E67 		.ascii	"long unsigned int\000"
 1061      20756E73 
 1061      69676E65 
 1061      6420696E 
 1061      7400
 1062              	.LASF21:
 1063 01fd 4D454D52 		.ascii	"MEMRMP\000"
 1063      4D5000
 1064              	.LASF42:
 1065 0204 5243435F 		.ascii	"RCC_APB2PeriphResetCmd\000"
 1065      41504232 
 1065      50657269 
 1065      70685265 
 1065      73657443 
 1066              	.LASF18:
 1067 021b 44495341 		.ascii	"DISABLE\000"
ARM GAS  C:\Users\jsyoon\AppData\Local\Temp\ccicNK1f.s 			page 21


 1067      424C4500 
 1068              	.LASF7:
 1069 0223 5F5F7569 		.ascii	"__uint32_t\000"
 1069      6E743332 
 1069      5F7400
 1070              	.LASF33:
 1071 022e 53595343 		.ascii	"SYSCFG_ETH_MediaInterface\000"
 1071      46475F45 
 1071      54485F4D 
 1071      65646961 
 1071      496E7465 
 1072              	.LASF23:
 1073 0248 52455345 		.ascii	"RESERVED\000"
 1073      52564544 
 1073      00
 1074              	.LASF22:
 1075 0251 45585449 		.ascii	"EXTICR\000"
 1075      435200
 1076              	.LASF11:
 1077 0258 756E7369 		.ascii	"unsigned int\000"
 1077      676E6564 
 1077      20696E74 
 1077      00
 1078              	.LASF10:
 1079 0265 6C6F6E67 		.ascii	"long long unsigned int\000"
 1079      206C6F6E 
 1079      6720756E 
 1079      7369676E 
 1079      65642069 
 1080              	.LASF12:
 1081 027c 75696E74 		.ascii	"uint8_t\000"
 1081      385F7400 
 1082              	.LASF31:
 1083 0284 45585449 		.ascii	"EXTI_PinSourcex\000"
 1083      5F50696E 
 1083      536F7572 
 1083      63657800 
 1084              	.LASF32:
 1085 0294 53595343 		.ascii	"SYSCFG_ETH_MediaInterfaceConfig\000"
 1085      46475F45 
 1085      54485F4D 
 1085      65646961 
 1085      496E7465 
 1086              	.LASF41:
 1087 02b4 49544D5F 		.ascii	"ITM_RxBuffer\000"
 1087      52784275 
 1087      66666572 
 1087      00
 1088              	.LASF13:
 1089 02c1 696E7433 		.ascii	"int32_t\000"
 1089      325F7400 
 1090              	.LASF15:
 1091 02c9 73697A65 		.ascii	"sizetype\000"
 1091      74797065 
 1091      00
 1092              	.LASF9:
 1093 02d2 6C6F6E67 		.ascii	"long long int\000"
ARM GAS  C:\Users\jsyoon\AppData\Local\Temp\ccicNK1f.s 			page 22


 1093      206C6F6E 
 1093      6720696E 
 1093      7400
 1094              	.LASF39:
 1095 02e0 453A5C4D 		.ascii	"E:\\Maker\\BLDC\\test_eval\\try2\\OROCA-BLDC_R15080"
 1095      616B6572 
 1095      5C424C44 
 1095      435C7465 
 1095      73745F65 
 1096 030e 3700     		.ascii	"7\000"
 1097              	.LASF29:
 1098 0310 53595343 		.ascii	"SYSCFG_MemoryRemap\000"
 1098      46475F4D 
 1098      656D6F72 
 1098      7952656D 
 1098      617000
 1099              	.LASF2:
 1100 0323 73686F72 		.ascii	"short int\000"
 1100      7420696E 
 1100      7400
 1101              	.LASF35:
 1102 032d 4E657753 		.ascii	"NewState\000"
 1102      74617465 
 1102      00
 1103              	.LASF25:
 1104 0336 53595343 		.ascii	"SYSCFG_TypeDef\000"
 1104      46475F54 
 1104      79706544 
 1104      656600
 1105              	.LASF30:
 1106 0345 45585449 		.ascii	"EXTI_PortSourceGPIOx\000"
 1106      5F506F72 
 1106      74536F75 
 1106      72636547 
 1106      50494F78 
 1107              	.LASF14:
 1108 035a 75696E74 		.ascii	"uint32_t\000"
 1108      33325F74 
 1108      00
 1109              	.LASF6:
 1110 0363 6C6F6E67 		.ascii	"long int\000"
 1110      20696E74 
 1110      00
 1111              	.LASF0:
 1112 036c 7369676E 		.ascii	"signed char\000"
 1112      65642063 
 1112      68617200 
 1113              	.LASF38:
 1114 0378 43686962 		.ascii	"ChibiOS_2.6.6/ext/stdperiph_stm32f4/src/stm32f4xx_s"
 1114      694F535F 
 1114      322E362E 
 1114      362F6578 
 1114      742F7374 
 1115 03ab 79736366 		.ascii	"yscfg.c\000"
 1115      672E6300 
 1116              	.LASF16:
 1117 03b3 52455345 		.ascii	"RESET\000"
ARM GAS  C:\Users\jsyoon\AppData\Local\Temp\ccicNK1f.s 			page 23


 1117      5400
 1118              	.LASF27:
 1119 03b9 53595343 		.ascii	"SYSCFG_MemoryRemapConfig\000"
 1119      46475F4D 
 1119      656D6F72 
 1119      7952656D 
 1119      6170436F 
 1120              		.ident	"GCC: (GNU Tools for ARM Embedded Processors) 4.8.4 20140526 (release) [ARM/embedded-4_8-br
ARM GAS  C:\Users\jsyoon\AppData\Local\Temp\ccicNK1f.s 			page 24


DEFINED SYMBOLS
                            *ABS*:00000000 stm32f4xx_syscfg.c
C:\Users\jsyoon\AppData\Local\Temp\ccicNK1f.s:21     .text.SYSCFG_DeInit:00000000 $t
C:\Users\jsyoon\AppData\Local\Temp\ccicNK1f.s:27     .text.SYSCFG_DeInit:00000000 SYSCFG_DeInit
C:\Users\jsyoon\AppData\Local\Temp\ccicNK1f.s:55     .text.SYSCFG_MemoryRemapConfig:00000000 $t
C:\Users\jsyoon\AppData\Local\Temp\ccicNK1f.s:61     .text.SYSCFG_MemoryRemapConfig:00000000 SYSCFG_MemoryRemapConfig
C:\Users\jsyoon\AppData\Local\Temp\ccicNK1f.s:76     .text.SYSCFG_MemoryRemapConfig:00000008 $d
C:\Users\jsyoon\AppData\Local\Temp\ccicNK1f.s:81     .text.SYSCFG_EXTILineConfig:00000000 $t
C:\Users\jsyoon\AppData\Local\Temp\ccicNK1f.s:87     .text.SYSCFG_EXTILineConfig:00000000 SYSCFG_EXTILineConfig
C:\Users\jsyoon\AppData\Local\Temp\ccicNK1f.s:133    .text.SYSCFG_ETH_MediaInterfaceConfig:00000000 $t
C:\Users\jsyoon\AppData\Local\Temp\ccicNK1f.s:139    .text.SYSCFG_ETH_MediaInterfaceConfig:00000000 SYSCFG_ETH_MediaInterfaceConfig
C:\Users\jsyoon\AppData\Local\Temp\ccicNK1f.s:154    .text.SYSCFG_ETH_MediaInterfaceConfig:00000008 $d
C:\Users\jsyoon\AppData\Local\Temp\ccicNK1f.s:159    .text.SYSCFG_CompensationCellCmd:00000000 $t
C:\Users\jsyoon\AppData\Local\Temp\ccicNK1f.s:165    .text.SYSCFG_CompensationCellCmd:00000000 SYSCFG_CompensationCellCmd
C:\Users\jsyoon\AppData\Local\Temp\ccicNK1f.s:180    .text.SYSCFG_CompensationCellCmd:00000008 $d
C:\Users\jsyoon\AppData\Local\Temp\ccicNK1f.s:185    .text.SYSCFG_GetCompensationCellStatus:00000000 $t
C:\Users\jsyoon\AppData\Local\Temp\ccicNK1f.s:191    .text.SYSCFG_GetCompensationCellStatus:00000000 SYSCFG_GetCompensationCellStatus
C:\Users\jsyoon\AppData\Local\Temp\ccicNK1f.s:210    .text.SYSCFG_GetCompensationCellStatus:0000000c $d
                     .debug_frame:00000010 $d
C:\Users\jsyoon\AppData\Local\Temp\ccicNK1f.s:80     .text.SYSCFG_MemoryRemapConfig:0000000c $t
C:\Users\jsyoon\AppData\Local\Temp\ccicNK1f.s:158    .text.SYSCFG_ETH_MediaInterfaceConfig:0000000c $t
C:\Users\jsyoon\AppData\Local\Temp\ccicNK1f.s:184    .text.SYSCFG_CompensationCellCmd:0000000c $t

UNDEFINED SYMBOLS
RCC_APB2PeriphResetCmd
