ARM GAS  C:\Users\jsyoon\AppData\Local\Temp\ccn8Setq.s 			page 1


   1              		.syntax unified
   2              		.cpu cortex-m4
   3              		.eabi_attribute 27, 3
   4              		.eabi_attribute 28, 1
   5              		.fpu fpv4-sp-d16
   6              		.eabi_attribute 20, 1
   7              		.eabi_attribute 21, 1
   8              		.eabi_attribute 23, 3
   9              		.eabi_attribute 24, 1
  10              		.eabi_attribute 25, 1
  11              		.eabi_attribute 26, 1
  12              		.eabi_attribute 30, 2
  13              		.eabi_attribute 34, 1
  14              		.eabi_attribute 18, 4
  15              		.thumb
  16              		.file	"tm.c"
  17              		.text
  18              	.Ltext0:
  19              		.cfi_sections	.debug_frame
  20              	.Letext0:
  21              		.file 1 "c:\\crosstools\\gcc-arm-embedded\\4.8_2014q2\\arm-none-eabi\\include\\machine\\_default_t
  22              		.file 2 "c:\\crosstools\\gcc-arm-embedded\\4.8_2014q2\\arm-none-eabi\\include\\stdint.h"
  23              		.file 3 "ChibiOS_2.6.6/os/ports/common/ARMCMx/CMSIS/include/core_cm4.h"
  24              		.section	.debug_info,"",%progbits
  25              	.Ldebug_info0:
  26 0000 9C000000 		.4byte	0x9c
  27 0004 0400     		.2byte	0x4
  28 0006 00000000 		.4byte	.Ldebug_abbrev0
  29 000a 04       		.byte	0x4
  30 000b 01       		.uleb128 0x1
  31 000c 5D000000 		.4byte	.LASF14
  32 0010 01       		.byte	0x1
  33 0011 98010000 		.4byte	.LASF15
  34 0015 1B000000 		.4byte	.LASF16
  35 0019 00000000 		.4byte	.Ldebug_line0
  36 001d 02       		.uleb128 0x2
  37 001e 04       		.byte	0x4
  38 001f 05       		.byte	0x5
  39 0020 696E7400 		.ascii	"int\000"
  40 0024 03       		.uleb128 0x3
  41 0025 04       		.byte	0x4
  42 0026 07       		.byte	0x7
  43 0027 0E000000 		.4byte	.LASF0
  44 002b 03       		.uleb128 0x3
  45 002c 01       		.byte	0x1
  46 002d 06       		.byte	0x6
  47 002e F5010000 		.4byte	.LASF1
  48 0032 03       		.uleb128 0x3
  49 0033 01       		.byte	0x1
  50 0034 08       		.byte	0x8
  51 0035 B6010000 		.4byte	.LASF2
  52 0039 03       		.uleb128 0x3
  53 003a 02       		.byte	0x2
  54 003b 05       		.byte	0x5
  55 003c D2010000 		.4byte	.LASF3
  56 0040 03       		.uleb128 0x3
  57 0041 02       		.byte	0x2
ARM GAS  C:\Users\jsyoon\AppData\Local\Temp\ccn8Setq.s 			page 2


  58 0042 07       		.byte	0x7
  59 0043 E2010000 		.4byte	.LASF4
  60 0047 04       		.uleb128 0x4
  61 0048 01020000 		.4byte	.LASF9
  62 004c 01       		.byte	0x1
  63 004d 37       		.byte	0x37
  64 004e 52000000 		.4byte	0x52
  65 0052 03       		.uleb128 0x3
  66 0053 04       		.byte	0x4
  67 0054 05       		.byte	0x5
  68 0055 C9010000 		.4byte	.LASF5
  69 0059 03       		.uleb128 0x3
  70 005a 04       		.byte	0x4
  71 005b 07       		.byte	0x7
  72 005c 4B000000 		.4byte	.LASF6
  73 0060 03       		.uleb128 0x3
  74 0061 08       		.byte	0x8
  75 0062 05       		.byte	0x5
  76 0063 00000000 		.4byte	.LASF7
  77 0067 03       		.uleb128 0x3
  78 0068 08       		.byte	0x8
  79 0069 07       		.byte	0x7
  80 006a 81010000 		.4byte	.LASF8
  81 006e 04       		.uleb128 0x4
  82 006f 18020000 		.4byte	.LASF10
  83 0073 02       		.byte	0x2
  84 0074 41       		.byte	0x41
  85 0075 47000000 		.4byte	0x47
  86 0079 03       		.uleb128 0x3
  87 007a 01       		.byte	0x1
  88 007b 02       		.byte	0x2
  89 007c DC010000 		.4byte	.LASF11
  90 0080 03       		.uleb128 0x3
  91 0081 04       		.byte	0x4
  92 0082 07       		.byte	0x7
  93 0083 20020000 		.4byte	.LASF12
  94 0087 03       		.uleb128 0x3
  95 0088 01       		.byte	0x1
  96 0089 08       		.byte	0x8
  97 008a C4010000 		.4byte	.LASF13
  98 008e 05       		.uleb128 0x5
  99 008f 6E000000 		.4byte	0x6e
 100 0093 06       		.uleb128 0x6
 101 0094 0B020000 		.4byte	.LASF17
 102 0098 03       		.byte	0x3
 103 0099 9806     		.2byte	0x698
 104 009b 8E000000 		.4byte	0x8e
 105 009f 00       		.byte	0
 106              		.section	.debug_abbrev,"",%progbits
 107              	.Ldebug_abbrev0:
 108 0000 01       		.uleb128 0x1
 109 0001 11       		.uleb128 0x11
 110 0002 01       		.byte	0x1
 111 0003 25       		.uleb128 0x25
 112 0004 0E       		.uleb128 0xe
 113 0005 13       		.uleb128 0x13
 114 0006 0B       		.uleb128 0xb
ARM GAS  C:\Users\jsyoon\AppData\Local\Temp\ccn8Setq.s 			page 3


 115 0007 03       		.uleb128 0x3
 116 0008 0E       		.uleb128 0xe
 117 0009 1B       		.uleb128 0x1b
 118 000a 0E       		.uleb128 0xe
 119 000b 10       		.uleb128 0x10
 120 000c 17       		.uleb128 0x17
 121 000d 00       		.byte	0
 122 000e 00       		.byte	0
 123 000f 02       		.uleb128 0x2
 124 0010 24       		.uleb128 0x24
 125 0011 00       		.byte	0
 126 0012 0B       		.uleb128 0xb
 127 0013 0B       		.uleb128 0xb
 128 0014 3E       		.uleb128 0x3e
 129 0015 0B       		.uleb128 0xb
 130 0016 03       		.uleb128 0x3
 131 0017 08       		.uleb128 0x8
 132 0018 00       		.byte	0
 133 0019 00       		.byte	0
 134 001a 03       		.uleb128 0x3
 135 001b 24       		.uleb128 0x24
 136 001c 00       		.byte	0
 137 001d 0B       		.uleb128 0xb
 138 001e 0B       		.uleb128 0xb
 139 001f 3E       		.uleb128 0x3e
 140 0020 0B       		.uleb128 0xb
 141 0021 03       		.uleb128 0x3
 142 0022 0E       		.uleb128 0xe
 143 0023 00       		.byte	0
 144 0024 00       		.byte	0
 145 0025 04       		.uleb128 0x4
 146 0026 16       		.uleb128 0x16
 147 0027 00       		.byte	0
 148 0028 03       		.uleb128 0x3
 149 0029 0E       		.uleb128 0xe
 150 002a 3A       		.uleb128 0x3a
 151 002b 0B       		.uleb128 0xb
 152 002c 3B       		.uleb128 0x3b
 153 002d 0B       		.uleb128 0xb
 154 002e 49       		.uleb128 0x49
 155 002f 13       		.uleb128 0x13
 156 0030 00       		.byte	0
 157 0031 00       		.byte	0
 158 0032 05       		.uleb128 0x5
 159 0033 35       		.uleb128 0x35
 160 0034 00       		.byte	0
 161 0035 49       		.uleb128 0x49
 162 0036 13       		.uleb128 0x13
 163 0037 00       		.byte	0
 164 0038 00       		.byte	0
 165 0039 06       		.uleb128 0x6
 166 003a 34       		.uleb128 0x34
 167 003b 00       		.byte	0
 168 003c 03       		.uleb128 0x3
 169 003d 0E       		.uleb128 0xe
 170 003e 3A       		.uleb128 0x3a
 171 003f 0B       		.uleb128 0xb
ARM GAS  C:\Users\jsyoon\AppData\Local\Temp\ccn8Setq.s 			page 4


 172 0040 3B       		.uleb128 0x3b
 173 0041 05       		.uleb128 0x5
 174 0042 49       		.uleb128 0x49
 175 0043 13       		.uleb128 0x13
 176 0044 3F       		.uleb128 0x3f
 177 0045 19       		.uleb128 0x19
 178 0046 3C       		.uleb128 0x3c
 179 0047 19       		.uleb128 0x19
 180 0048 00       		.byte	0
 181 0049 00       		.byte	0
 182 004a 00       		.byte	0
 183              		.section	.debug_aranges,"",%progbits
 184 0000 14000000 		.4byte	0x14
 185 0004 0200     		.2byte	0x2
 186 0006 00000000 		.4byte	.Ldebug_info0
 187 000a 04       		.byte	0x4
 188 000b 00       		.byte	0
 189 000c 0000     		.2byte	0
 190 000e 0000     		.2byte	0
 191 0010 00000000 		.4byte	0
 192 0014 00000000 		.4byte	0
 193              		.section	.debug_line,"",%progbits
 194              	.Ldebug_line0:
 195 0000 02010000 		.section	.debug_str,"MS",%progbits,1
 195      0200FC00 
 195      00000201 
 195      FB0E0D00 
 195      01010101 
 196              	.LASF7:
 197 0000 6C6F6E67 		.ascii	"long long int\000"
 197      206C6F6E 
 197      6720696E 
 197      7400
 198              	.LASF0:
 199 000e 756E7369 		.ascii	"unsigned int\000"
 199      676E6564 
 199      20696E74 
 199      00
 200              	.LASF16:
 201 001b 453A5C4D 		.ascii	"E:\\Maker\\BLDC\\test_eval\\try2\\OROCA-BLDC_R15080"
 201      616B6572 
 201      5C424C44 
 201      435C7465 
 201      73745F65 
 202 0049 3700     		.ascii	"7\000"
 203              	.LASF6:
 204 004b 6C6F6E67 		.ascii	"long unsigned int\000"
 204      20756E73 
 204      69676E65 
 204      6420696E 
 204      7400
 205              	.LASF14:
 206 005d 474E5520 		.ascii	"GNU C 4.8.4 20140526 (release) [ARM/embedded-4_8-br"
 206      4320342E 
 206      382E3420 
 206      32303134 
 206      30353236 
ARM GAS  C:\Users\jsyoon\AppData\Local\Temp\ccn8Setq.s 			page 5


 207 0090 616E6368 		.ascii	"anch revision 211358] -mcpu=cortex-m4 -mfloat-abi=h"
 207      20726576 
 207      6973696F 
 207      6E203231 
 207      31333538 
 208 00c3 61726420 		.ascii	"ard -mfpu=fpv4-sp-d16 -mno-thumb-interwork -mthumb "
 208      2D6D6670 
 208      753D6670 
 208      76342D73 
 208      702D6431 
 209 00f6 2D676764 		.ascii	"-ggdb -O2 -std=gnu99 -fomit-frame-pointer -falign-f"
 209      62202D4F 
 209      32202D73 
 209      74643D67 
 209      6E753939 
 210 0129 756E6374 		.ascii	"unctions=16 -ffunction-sections -fdata-sections -fn"
 210      696F6E73 
 210      3D313620 
 210      2D666675 
 210      6E637469 
 211 015c 6F2D636F 		.ascii	"o-common -fsingle-precision-constant\000"
 211      6D6D6F6E 
 211      202D6673 
 211      696E676C 
 211      652D7072 
 212              	.LASF8:
 213 0181 6C6F6E67 		.ascii	"long long unsigned int\000"
 213      206C6F6E 
 213      6720756E 
 213      7369676E 
 213      65642069 
 214              	.LASF15:
 215 0198 43686962 		.ascii	"ChibiOS_2.6.6/os/hal/src/tm.c\000"
 215      694F535F 
 215      322E362E 
 215      362F6F73 
 215      2F68616C 
 216              	.LASF2:
 217 01b6 756E7369 		.ascii	"unsigned char\000"
 217      676E6564 
 217      20636861 
 217      7200
 218              	.LASF13:
 219 01c4 63686172 		.ascii	"char\000"
 219      00
 220              	.LASF5:
 221 01c9 6C6F6E67 		.ascii	"long int\000"
 221      20696E74 
 221      00
 222              	.LASF3:
 223 01d2 73686F72 		.ascii	"short int\000"
 223      7420696E 
 223      7400
 224              	.LASF11:
 225 01dc 5F426F6F 		.ascii	"_Bool\000"
 225      6C00
 226              	.LASF4:
ARM GAS  C:\Users\jsyoon\AppData\Local\Temp\ccn8Setq.s 			page 6


 227 01e2 73686F72 		.ascii	"short unsigned int\000"
 227      7420756E 
 227      7369676E 
 227      65642069 
 227      6E7400
 228              	.LASF1:
 229 01f5 7369676E 		.ascii	"signed char\000"
 229      65642063 
 229      68617200 
 230              	.LASF9:
 231 0201 5F5F696E 		.ascii	"__int32_t\000"
 231      7433325F 
 231      7400
 232              	.LASF17:
 233 020b 49544D5F 		.ascii	"ITM_RxBuffer\000"
 233      52784275 
 233      66666572 
 233      00
 234              	.LASF10:
 235 0218 696E7433 		.ascii	"int32_t\000"
 235      325F7400 
 236              	.LASF12:
 237 0220 73697A65 		.ascii	"sizetype\000"
 237      74797065 
 237      00
 238              		.ident	"GCC: (GNU Tools for ARM Embedded Processors) 4.8.4 20140526 (release) [ARM/embedded-4_8-br
ARM GAS  C:\Users\jsyoon\AppData\Local\Temp\ccn8Setq.s 			page 7


DEFINED SYMBOLS
                            *ABS*:00000000 tm.c

NO UNDEFINED SYMBOLS
