ARM GAS  C:\Users\USER\AppData\Local\Temp\cckbWh7a.s 			page 1


   1              		.cpu cortex-m4
   2              		.eabi_attribute 27, 1
   3              		.eabi_attribute 28, 1
   4              		.eabi_attribute 20, 1
   5              		.eabi_attribute 21, 1
   6              		.eabi_attribute 23, 3
   7              		.eabi_attribute 24, 1
   8              		.eabi_attribute 25, 1
   9              		.eabi_attribute 26, 1
  10              		.eabi_attribute 30, 2
  11              		.eabi_attribute 34, 1
  12              		.eabi_attribute 18, 4
  13              		.file	"chcore.c"
  14              		.text
  15              	.Ltext0:
  16              		.cfi_sections	.debug_frame
  17              	.Letext0:
  18              		.file 1 "c:\\program files (x86)\\gnu tools arm embedded\\8 2018-q4-major\\arm-none-eabi\\include\
  19              		.file 2 "c:\\program files (x86)\\gnu tools arm embedded\\8 2018-q4-major\\arm-none-eabi\\include\
  20              		.file 3 "src/ChibiOS_3.0.2/os/rt/ports/ARMCMx/compilers/GCC/chtypes.h"
  21              		.file 4 "src/ChibiOS_3.0.2/os/rt/include/chsystypes.h"
  22              		.file 5 "src/ChibiOS_3.0.2/os/rt/include/chschd.h"
  23              		.file 6 "src/ChibiOS_3.0.2/os/ext/CMSIS/include/core_cm4.h"
  24              		.file 7 "src/ChibiOS_3.0.2/os/ext/CMSIS/ST/system_stm32f4xx.h"
  25              		.file 8 "src/ChibiOS_3.0.2/os/rt/ports/ARMCMx/chcore.h"
  26              		.file 9 "src/ChibiOS_3.0.2/os/rt/ports/ARMCMx/chcore_v7m.h"
  27              		.file 10 "src/ChibiOS_3.0.2/os/rt/include/chtm.h"
  28              		.file 11 "src/ChibiOS_3.0.2/os/rt/include/chsem.h"
  29              		.file 12 "src/ChibiOS_3.0.2/os/rt/include/chmtx.h"
  30              		.file 13 "src/ChibiOS_3.0.2/os/rt/include/chregistry.h"
  31              		.section	.debug_info,"",%progbits
  32              	.Ldebug_info0:
  33 0000 D7080000 		.4byte	0x8d7
  34 0004 0400     		.2byte	0x4
  35 0006 00000000 		.4byte	.Ldebug_abbrev0
  36 000a 04       		.byte	0x4
  37 000b 01       		.uleb128 0x1
  38 000c 7D010000 		.4byte	.LASF127
  39 0010 0C       		.byte	0xc
  40 0011 69040000 		.4byte	.LASF128
  41 0015 35060000 		.4byte	.LASF129
  42 0019 00000000 		.4byte	.Ldebug_line0
  43 001d 02       		.uleb128 0x2
  44 001e 04       		.byte	0x4
  45 001f 05       		.byte	0x5
  46 0020 696E7400 		.ascii	"int\000"
  47 0024 03       		.uleb128 0x3
  48 0025 04       		.byte	0x4
  49 0026 07       		.byte	0x7
  50 0027 C8020000 		.4byte	.LASF0
  51 002b 03       		.uleb128 0x3
  52 002c 01       		.byte	0x1
  53 002d 06       		.byte	0x6
  54 002e E4000000 		.4byte	.LASF1
  55 0032 04       		.uleb128 0x4
  56 0033 30000000 		.4byte	.LASF4
  57 0037 01       		.byte	0x1
ARM GAS  C:\Users\USER\AppData\Local\Temp\cckbWh7a.s 			page 2


  58 0038 2B       		.byte	0x2b
  59 0039 18       		.byte	0x18
  60 003a 3E000000 		.4byte	0x3e
  61 003e 03       		.uleb128 0x3
  62 003f 01       		.byte	0x1
  63 0040 08       		.byte	0x8
  64 0041 AF040000 		.4byte	.LASF2
  65 0045 03       		.uleb128 0x3
  66 0046 02       		.byte	0x2
  67 0047 05       		.byte	0x5
  68 0048 C7040000 		.4byte	.LASF3
  69 004c 04       		.uleb128 0x4
  70 004d B0050000 		.4byte	.LASF5
  71 0051 01       		.byte	0x1
  72 0052 39       		.byte	0x39
  73 0053 19       		.byte	0x19
  74 0054 58000000 		.4byte	0x58
  75 0058 03       		.uleb128 0x3
  76 0059 02       		.byte	0x2
  77 005a 07       		.byte	0x7
  78 005b 27030000 		.4byte	.LASF6
  79 005f 04       		.uleb128 0x4
  80 0060 7C030000 		.4byte	.LASF7
  81 0064 01       		.byte	0x1
  82 0065 4D       		.byte	0x4d
  83 0066 18       		.byte	0x18
  84 0067 6B000000 		.4byte	0x6b
  85 006b 03       		.uleb128 0x3
  86 006c 04       		.byte	0x4
  87 006d 05       		.byte	0x5
  88 006e 38010000 		.4byte	.LASF8
  89 0072 04       		.uleb128 0x4
  90 0073 E9050000 		.4byte	.LASF9
  91 0077 01       		.byte	0x1
  92 0078 4F       		.byte	0x4f
  93 0079 19       		.byte	0x19
  94 007a 7E000000 		.4byte	0x7e
  95 007e 03       		.uleb128 0x3
  96 007f 04       		.byte	0x4
  97 0080 07       		.byte	0x7
  98 0081 92050000 		.4byte	.LASF10
  99 0085 03       		.uleb128 0x3
 100 0086 08       		.byte	0x8
 101 0087 05       		.byte	0x5
 102 0088 D6000000 		.4byte	.LASF11
 103 008c 04       		.uleb128 0x4
 104 008d 2C040000 		.4byte	.LASF12
 105 0091 01       		.byte	0x1
 106 0092 69       		.byte	0x69
 107 0093 19       		.byte	0x19
 108 0094 98000000 		.4byte	0x98
 109 0098 03       		.uleb128 0x3
 110 0099 08       		.byte	0x8
 111 009a 07       		.byte	0x7
 112 009b 55000000 		.4byte	.LASF13
 113 009f 04       		.uleb128 0x4
 114 00a0 72060000 		.4byte	.LASF14
ARM GAS  C:\Users\USER\AppData\Local\Temp\cckbWh7a.s 			page 3


 115 00a4 02       		.byte	0x2
 116 00a5 18       		.byte	0x18
 117 00a6 13       		.byte	0x13
 118 00a7 32000000 		.4byte	0x32
 119 00ab 04       		.uleb128 0x4
 120 00ac DD020000 		.4byte	.LASF15
 121 00b0 02       		.byte	0x2
 122 00b1 24       		.byte	0x24
 123 00b2 14       		.byte	0x14
 124 00b3 4C000000 		.4byte	0x4c
 125 00b7 04       		.uleb128 0x4
 126 00b8 A7040000 		.4byte	.LASF16
 127 00bc 02       		.byte	0x2
 128 00bd 2C       		.byte	0x2c
 129 00be 13       		.byte	0x13
 130 00bf 5F000000 		.4byte	0x5f
 131 00c3 05       		.uleb128 0x5
 132 00c4 B7000000 		.4byte	0xb7
 133 00c8 04       		.uleb128 0x4
 134 00c9 5D050000 		.4byte	.LASF17
 135 00cd 02       		.byte	0x2
 136 00ce 30       		.byte	0x30
 137 00cf 14       		.byte	0x14
 138 00d0 72000000 		.4byte	0x72
 139 00d4 04       		.uleb128 0x4
 140 00d5 27000000 		.4byte	.LASF18
 141 00d9 02       		.byte	0x2
 142 00da 3C       		.byte	0x3c
 143 00db 14       		.byte	0x14
 144 00dc 8C000000 		.4byte	0x8c
 145 00e0 04       		.uleb128 0x4
 146 00e1 BE030000 		.4byte	.LASF19
 147 00e5 03       		.byte	0x3
 148 00e6 45       		.byte	0x45
 149 00e7 1D       		.byte	0x1d
 150 00e8 C8000000 		.4byte	0xc8
 151 00ec 04       		.uleb128 0x4
 152 00ed F8040000 		.4byte	.LASF20
 153 00f1 03       		.byte	0x3
 154 00f2 48       		.byte	0x48
 155 00f3 1D       		.byte	0x1d
 156 00f4 9F000000 		.4byte	0x9f
 157 00f8 04       		.uleb128 0x4
 158 00f9 41010000 		.4byte	.LASF21
 159 00fd 03       		.byte	0x3
 160 00fe 49       		.byte	0x49
 161 00ff 1D       		.byte	0x1d
 162 0100 9F000000 		.4byte	0x9f
 163 0104 04       		.uleb128 0x4
 164 0105 37040000 		.4byte	.LASF22
 165 0109 03       		.byte	0x3
 166 010a 4A       		.byte	0x4a
 167 010b 1D       		.byte	0x1d
 168 010c 9F000000 		.4byte	0x9f
 169 0110 04       		.uleb128 0x4
 170 0111 24010000 		.4byte	.LASF23
 171 0115 03       		.byte	0x3
ARM GAS  C:\Users\USER\AppData\Local\Temp\cckbWh7a.s 			page 4


 172 0116 4B       		.byte	0x4b
 173 0117 1D       		.byte	0x1d
 174 0118 9F000000 		.4byte	0x9f
 175 011c 04       		.uleb128 0x4
 176 011d 61040000 		.4byte	.LASF24
 177 0121 03       		.byte	0x3
 178 0122 4C       		.byte	0x4c
 179 0123 1D       		.byte	0x1d
 180 0124 C8000000 		.4byte	0xc8
 181 0128 04       		.uleb128 0x4
 182 0129 44030000 		.4byte	.LASF25
 183 012d 03       		.byte	0x3
 184 012e 4D       		.byte	0x4d
 185 012f 1D       		.byte	0x1d
 186 0130 B7000000 		.4byte	0xb7
 187 0134 04       		.uleb128 0x4
 188 0135 70030000 		.4byte	.LASF26
 189 0139 03       		.byte	0x3
 190 013a 4F       		.byte	0x4f
 191 013b 1D       		.byte	0x1d
 192 013c C8000000 		.4byte	0xc8
 193 0140 04       		.uleb128 0x4
 194 0141 C2020000 		.4byte	.LASF27
 195 0145 03       		.byte	0x3
 196 0146 51       		.byte	0x51
 197 0147 1D       		.byte	0x1d
 198 0148 B7000000 		.4byte	0xb7
 199 014c 04       		.uleb128 0x4
 200 014d CB050000 		.4byte	.LASF28
 201 0151 04       		.byte	0x4
 202 0152 33       		.byte	0x33
 203 0153 12       		.byte	0x12
 204 0154 C8000000 		.4byte	0xc8
 205 0158 05       		.uleb128 0x5
 206 0159 4C010000 		.4byte	0x14c
 207 015d 04       		.uleb128 0x4
 208 015e BB050000 		.4byte	.LASF29
 209 0162 04       		.byte	0x4
 210 0163 3F       		.byte	0x3f
 211 0164 1A       		.byte	0x1a
 212 0165 69010000 		.4byte	0x169
 213 0169 06       		.uleb128 0x6
 214 016a 3A030000 		.4byte	.LASF51
 215 016e 48       		.byte	0x48
 216 016f 05       		.byte	0x5
 217 0170 C2       		.byte	0xc2
 218 0171 08       		.byte	0x8
 219 0172 83020000 		.4byte	0x283
 220 0176 07       		.uleb128 0x7
 221 0177 F1040000 		.4byte	.LASF30
 222 017b 05       		.byte	0x5
 223 017c C3       		.byte	0xc3
 224 017d 1A       		.byte	0x1a
 225 017e 8F020000 		.4byte	0x28f
 226 0182 00       		.byte	0
 227 0183 07       		.uleb128 0x7
 228 0184 5A040000 		.4byte	.LASF31
ARM GAS  C:\Users\USER\AppData\Local\Temp\cckbWh7a.s 			page 5


 229 0188 05       		.byte	0x5
 230 0189 C5       		.byte	0xc5
 231 018a 1A       		.byte	0x1a
 232 018b 8F020000 		.4byte	0x28f
 233 018f 04       		.byte	0x4
 234 0190 07       		.uleb128 0x7
 235 0191 C2000000 		.4byte	.LASF32
 236 0195 05       		.byte	0x5
 237 0196 C7       		.byte	0xc7
 238 0197 19       		.byte	0x19
 239 0198 1C010000 		.4byte	0x11c
 240 019c 08       		.byte	0x8
 241 019d 07       		.uleb128 0x7
 242 019e 03040000 		.4byte	.LASF33
 243 01a2 05       		.byte	0x5
 244 01a3 C8       		.byte	0xc8
 245 01a4 19       		.byte	0x19
 246 01a5 FB040000 		.4byte	0x4fb
 247 01a9 0C       		.byte	0xc
 248 01aa 07       		.uleb128 0x7
 249 01ab 54010000 		.4byte	.LASF34
 250 01af 05       		.byte	0x5
 251 01b0 CA       		.byte	0xca
 252 01b1 1A       		.byte	0x1a
 253 01b2 8F020000 		.4byte	0x28f
 254 01b6 10       		.byte	0x10
 255 01b7 07       		.uleb128 0x7
 256 01b8 F5030000 		.4byte	.LASF35
 257 01bc 05       		.byte	0x5
 258 01bd CB       		.byte	0xcb
 259 01be 1A       		.byte	0x1a
 260 01bf 8F020000 		.4byte	0x28f
 261 01c3 14       		.byte	0x14
 262 01c4 07       		.uleb128 0x7
 263 01c5 94060000 		.4byte	.LASF36
 264 01c9 05       		.byte	0x5
 265 01ca D2       		.byte	0xd2
 266 01cb 1A       		.byte	0x1a
 267 01cc 6E070000 		.4byte	0x76e
 268 01d0 18       		.byte	0x18
 269 01d1 07       		.uleb128 0x7
 270 01d2 D1040000 		.4byte	.LASF37
 271 01d6 05       		.byte	0x5
 272 01d7 DD       		.byte	0xdd
 273 01d8 19       		.byte	0x19
 274 01d9 F8000000 		.4byte	0xf8
 275 01dd 1C       		.byte	0x1c
 276 01de 07       		.uleb128 0x7
 277 01df 0F050000 		.4byte	.LASF38
 278 01e3 05       		.byte	0x5
 279 01e4 E1       		.byte	0xe1
 280 01e5 19       		.byte	0x19
 281 01e6 EC000000 		.4byte	0xec
 282 01ea 1D       		.byte	0x1d
 283 01eb 07       		.uleb128 0x7
 284 01ec 2E060000 		.4byte	.LASF39
 285 01f0 05       		.byte	0x5
ARM GAS  C:\Users\USER\AppData\Local\Temp\cckbWh7a.s 			page 6


 286 01f1 E6       		.byte	0xe6
 287 01f2 19       		.byte	0x19
 288 01f3 04010000 		.4byte	0x104
 289 01f7 1E       		.byte	0x1e
 290 01f8 07       		.uleb128 0x7
 291 01f9 D9040000 		.4byte	.LASF40
 292 01fd 05       		.byte	0x5
 293 01fe EC       		.byte	0xec
 294 01ff 19       		.byte	0x19
 295 0200 10010000 		.4byte	0x110
 296 0204 1F       		.byte	0x1f
 297 0205 07       		.uleb128 0x7
 298 0206 F6020000 		.4byte	.LASF41
 299 020a 05       		.byte	0x5
 300 020b F3       		.byte	0xf3
 301 020c 19       		.byte	0x19
 302 020d 58010000 		.4byte	0x158
 303 0211 20       		.byte	0x20
 304 0212 08       		.uleb128 0x8
 305 0213 705F7500 		.ascii	"p_u\000"
 306 0217 05       		.byte	0x5
 307 0218 3101     		.2byte	0x131
 308 021a 19       		.byte	0x19
 309 021b 9A060000 		.4byte	0x69a
 310 021f 24       		.byte	0x24
 311 0220 09       		.uleb128 0x9
 312 0221 B4030000 		.4byte	.LASF42
 313 0225 05       		.byte	0x5
 314 0226 3601     		.2byte	0x136
 315 0228 19       		.byte	0x19
 316 0229 95020000 		.4byte	0x295
 317 022d 28       		.byte	0x28
 318 022e 09       		.uleb128 0x9
 319 022f 0D030000 		.4byte	.LASF43
 320 0233 05       		.byte	0x5
 321 0234 3C01     		.2byte	0x13c
 322 0236 19       		.byte	0x19
 323 0237 BC020000 		.4byte	0x2bc
 324 023b 2C       		.byte	0x2c
 325 023c 09       		.uleb128 0x9
 326 023d 0D060000 		.4byte	.LASF44
 327 0241 05       		.byte	0x5
 328 0242 4001     		.2byte	0x140
 329 0244 19       		.byte	0x19
 330 0245 28010000 		.4byte	0x128
 331 0249 34       		.byte	0x34
 332 024a 09       		.uleb128 0x9
 333 024b 52050000 		.4byte	.LASF45
 334 024f 05       		.byte	0x5
 335 0250 4601     		.2byte	0x146
 336 0252 19       		.byte	0x19
 337 0253 34010000 		.4byte	0x134
 338 0257 38       		.byte	0x38
 339 0258 09       		.uleb128 0x9
 340 0259 BD040000 		.4byte	.LASF46
 341 025d 05       		.byte	0x5
 342 025e 4D01     		.2byte	0x14d
ARM GAS  C:\Users\USER\AppData\Local\Temp\cckbWh7a.s 			page 7


 343 0260 1A       		.byte	0x1a
 344 0261 68070000 		.4byte	0x768
 345 0265 3C       		.byte	0x3c
 346 0266 09       		.uleb128 0x9
 347 0267 D5050000 		.4byte	.LASF47
 348 026b 05       		.byte	0x5
 349 026c 5101     		.2byte	0x151
 350 026e 19       		.byte	0x19
 351 026f 1C010000 		.4byte	0x11c
 352 0273 40       		.byte	0x40
 353 0274 09       		.uleb128 0x9
 354 0275 0D010000 		.4byte	.LASF48
 355 0279 05       		.byte	0x5
 356 027a 5801     		.2byte	0x158
 357 027c 1A       		.byte	0x1a
 358 027d 7C030000 		.4byte	0x37c
 359 0281 44       		.byte	0x44
 360 0282 00       		.byte	0
 361 0283 04       		.uleb128 0x4
 362 0284 7A060000 		.4byte	.LASF49
 363 0288 04       		.byte	0x4
 364 0289 44       		.byte	0x44
 365 028a 14       		.byte	0x14
 366 028b 8F020000 		.4byte	0x28f
 367 028f 0A       		.uleb128 0xa
 368 0290 04       		.byte	0x4
 369 0291 5D010000 		.4byte	0x15d
 370 0295 04       		.uleb128 0x4
 371 0296 91030000 		.4byte	.LASF50
 372 029a 04       		.byte	0x4
 373 029b 49       		.byte	0x49
 374 029c 20       		.byte	0x20
 375 029d A1020000 		.4byte	0x2a1
 376 02a1 06       		.uleb128 0x6
 377 02a2 7A050000 		.4byte	.LASF52
 378 02a6 04       		.byte	0x4
 379 02a7 05       		.byte	0x5
 380 02a8 B0       		.byte	0xb0
 381 02a9 08       		.byte	0x8
 382 02aa BC020000 		.4byte	0x2bc
 383 02ae 07       		.uleb128 0x7
 384 02af F1040000 		.4byte	.LASF30
 385 02b3 05       		.byte	0x5
 386 02b4 B1       		.byte	0xb1
 387 02b5 1A       		.byte	0x1a
 388 02b6 8F020000 		.4byte	0x28f
 389 02ba 00       		.byte	0
 390 02bb 00       		.byte	0
 391 02bc 04       		.uleb128 0x4
 392 02bd 17050000 		.4byte	.LASF53
 393 02c1 04       		.byte	0x4
 394 02c2 50       		.byte	0x50
 395 02c3 21       		.byte	0x21
 396 02c4 C8020000 		.4byte	0x2c8
 397 02c8 06       		.uleb128 0x6
 398 02c9 B1000000 		.4byte	.LASF54
 399 02cd 08       		.byte	0x8
ARM GAS  C:\Users\USER\AppData\Local\Temp\cckbWh7a.s 			page 8


 400 02ce 05       		.byte	0x5
 401 02cf B7       		.byte	0xb7
 402 02d0 08       		.byte	0x8
 403 02d1 F0020000 		.4byte	0x2f0
 404 02d5 07       		.uleb128 0x7
 405 02d6 F1040000 		.4byte	.LASF30
 406 02da 05       		.byte	0x5
 407 02db B8       		.byte	0xb8
 408 02dc 1A       		.byte	0x1a
 409 02dd 8F020000 		.4byte	0x28f
 410 02e1 00       		.byte	0
 411 02e2 07       		.uleb128 0x7
 412 02e3 5A040000 		.4byte	.LASF31
 413 02e7 05       		.byte	0x5
 414 02e8 B9       		.byte	0xb9
 415 02e9 1A       		.byte	0x1a
 416 02ea 8F020000 		.4byte	0x28f
 417 02ee 04       		.byte	0x4
 418 02ef 00       		.byte	0
 419 02f0 04       		.uleb128 0x4
 420 02f1 0D000000 		.4byte	.LASF55
 421 02f5 04       		.byte	0x4
 422 02f6 57       		.byte	0x57
 423 02f7 1E       		.byte	0x1e
 424 02f8 FC020000 		.4byte	0x2fc
 425 02fc 0B       		.uleb128 0xb
 426 02fd 62030000 		.4byte	.LASF56
 427 0301 1C       		.byte	0x1c
 428 0302 05       		.byte	0x5
 429 0303 9001     		.2byte	0x190
 430 0305 08       		.byte	0x8
 431 0306 5F030000 		.4byte	0x35f
 432 030a 09       		.uleb128 0x9
 433 030b 72050000 		.4byte	.LASF57
 434 030f 05       		.byte	0x5
 435 0310 9101     		.2byte	0x191
 436 0312 19       		.byte	0x19
 437 0313 BC020000 		.4byte	0x2bc
 438 0317 00       		.byte	0
 439 0318 09       		.uleb128 0x9
 440 0319 E3040000 		.4byte	.LASF58
 441 031d 05       		.byte	0x5
 442 031e 9201     		.2byte	0x192
 443 0320 19       		.byte	0x19
 444 0321 1C010000 		.4byte	0x11c
 445 0325 08       		.byte	0x8
 446 0326 09       		.uleb128 0x9
 447 0327 FD030000 		.4byte	.LASF59
 448 032b 05       		.byte	0x5
 449 032c 9401     		.2byte	0x194
 450 032e 19       		.byte	0x19
 451 032f FB040000 		.4byte	0x4fb
 452 0333 0C       		.byte	0xc
 453 0334 09       		.uleb128 0x9
 454 0335 64010000 		.4byte	.LASF60
 455 0339 05       		.byte	0x5
 456 033a 9701     		.2byte	0x197
ARM GAS  C:\Users\USER\AppData\Local\Temp\cckbWh7a.s 			page 9


 457 033c 1A       		.byte	0x1a
 458 033d 8F020000 		.4byte	0x28f
 459 0341 10       		.byte	0x10
 460 0342 09       		.uleb128 0x9
 461 0343 24040000 		.4byte	.LASF61
 462 0347 05       		.byte	0x5
 463 0348 9801     		.2byte	0x198
 464 034a 1A       		.byte	0x1a
 465 034b 8F020000 		.4byte	0x28f
 466 034f 14       		.byte	0x14
 467 0350 09       		.uleb128 0x9
 468 0351 1A040000 		.4byte	.LASF62
 469 0355 05       		.byte	0x5
 470 0356 9B01     		.2byte	0x19b
 471 0358 1A       		.byte	0x1a
 472 0359 8F020000 		.4byte	0x28f
 473 035d 18       		.byte	0x18
 474 035e 00       		.byte	0
 475 035f 04       		.uleb128 0x4
 476 0360 E0050000 		.4byte	.LASF63
 477 0364 04       		.byte	0x4
 478 0365 5C       		.byte	0x5c
 479 0366 10       		.byte	0x10
 480 0367 6B030000 		.4byte	0x36b
 481 036b 0A       		.uleb128 0xa
 482 036c 04       		.byte	0x4
 483 036d 71030000 		.4byte	0x371
 484 0371 0C       		.uleb128 0xc
 485 0372 7C030000 		.4byte	0x37c
 486 0376 0D       		.uleb128 0xd
 487 0377 7C030000 		.4byte	0x37c
 488 037b 00       		.byte	0
 489 037c 0E       		.uleb128 0xe
 490 037d 04       		.byte	0x4
 491 037e 04       		.uleb128 0x4
 492 037f 4A040000 		.4byte	.LASF64
 493 0383 04       		.byte	0x4
 494 0384 61       		.byte	0x61
 495 0385 21       		.byte	0x21
 496 0386 8A030000 		.4byte	0x38a
 497 038a 0B       		.uleb128 0xb
 498 038b 27050000 		.4byte	.LASF65
 499 038f 14       		.byte	0x14
 500 0390 05       		.byte	0x5
 501 0391 6B01     		.2byte	0x16b
 502 0393 08       		.byte	0x8
 503 0394 DF030000 		.4byte	0x3df
 504 0398 09       		.uleb128 0x9
 505 0399 D5020000 		.4byte	.LASF66
 506 039d 05       		.byte	0x5
 507 039e 6C01     		.2byte	0x16c
 508 03a0 1A       		.byte	0x1a
 509 03a1 85070000 		.4byte	0x785
 510 03a5 00       		.byte	0
 511 03a6 09       		.uleb128 0x9
 512 03a7 75010000 		.4byte	.LASF67
 513 03ab 05       		.byte	0x5
ARM GAS  C:\Users\USER\AppData\Local\Temp\cckbWh7a.s 			page 10


 514 03ac 6D01     		.2byte	0x16d
 515 03ae 1A       		.byte	0x1a
 516 03af 85070000 		.4byte	0x785
 517 03b3 04       		.byte	0x4
 518 03b4 09       		.uleb128 0x9
 519 03b5 04030000 		.4byte	.LASF68
 520 03b9 05       		.byte	0x5
 521 03ba 6E01     		.2byte	0x16e
 522 03bc 19       		.byte	0x19
 523 03bd 4C010000 		.4byte	0x14c
 524 03c1 08       		.byte	0x8
 525 03c2 09       		.uleb128 0x9
 526 03c3 C7060000 		.4byte	.LASF69
 527 03c7 05       		.byte	0x5
 528 03c8 6F01     		.2byte	0x16f
 529 03ca 19       		.byte	0x19
 530 03cb 5F030000 		.4byte	0x35f
 531 03cf 0C       		.byte	0xc
 532 03d0 09       		.uleb128 0x9
 533 03d1 13060000 		.4byte	.LASF70
 534 03d5 05       		.byte	0x5
 535 03d6 7101     		.2byte	0x171
 536 03d8 1A       		.byte	0x1a
 537 03d9 7C030000 		.4byte	0x37c
 538 03dd 10       		.byte	0x10
 539 03de 00       		.byte	0
 540 03df 04       		.uleb128 0x4
 541 03e0 8E000000 		.4byte	.LASF71
 542 03e4 04       		.byte	0x4
 543 03e5 66       		.byte	0x66
 544 03e6 28       		.byte	0x28
 545 03e7 EB030000 		.4byte	0x3eb
 546 03eb 0B       		.uleb128 0xb
 547 03ec C6030000 		.4byte	.LASF72
 548 03f0 10       		.byte	0x10
 549 03f1 05       		.byte	0x5
 550 03f2 7B01     		.2byte	0x17b
 551 03f4 08       		.byte	0x8
 552 03f5 32040000 		.4byte	0x432
 553 03f9 09       		.uleb128 0x9
 554 03fa D5020000 		.4byte	.LASF66
 555 03fe 05       		.byte	0x5
 556 03ff 7C01     		.2byte	0x17c
 557 0401 1A       		.byte	0x1a
 558 0402 85070000 		.4byte	0x785
 559 0406 00       		.byte	0
 560 0407 09       		.uleb128 0x9
 561 0408 75010000 		.4byte	.LASF67
 562 040c 05       		.byte	0x5
 563 040d 7E01     		.2byte	0x17e
 564 040f 1A       		.byte	0x1a
 565 0410 85070000 		.4byte	0x785
 566 0414 04       		.byte	0x4
 567 0415 09       		.uleb128 0x9
 568 0416 04030000 		.4byte	.LASF68
 569 041a 05       		.byte	0x5
 570 041b 8001     		.2byte	0x180
ARM GAS  C:\Users\USER\AppData\Local\Temp\cckbWh7a.s 			page 11


 571 041d 19       		.byte	0x19
 572 041e 4C010000 		.4byte	0x14c
 573 0422 08       		.byte	0x8
 574 0423 09       		.uleb128 0x9
 575 0424 9B060000 		.4byte	.LASF73
 576 0428 05       		.byte	0x5
 577 0429 8201     		.2byte	0x182
 578 042b 19       		.byte	0x19
 579 042c 58010000 		.4byte	0x158
 580 0430 0C       		.byte	0xc
 581 0431 00       		.byte	0
 582 0432 04       		.uleb128 0x4
 583 0433 46000000 		.4byte	.LASF74
 584 0437 04       		.byte	0x4
 585 0438 6B       		.byte	0x6b
 586 0439 20       		.byte	0x20
 587 043a 3E040000 		.4byte	0x43e
 588 043e 0B       		.uleb128 0xb
 589 043f 97040000 		.4byte	.LASF75
 590 0443 04       		.byte	0x4
 591 0444 05       		.byte	0x5
 592 0445 A201     		.2byte	0x1a2
 593 0447 08       		.byte	0x8
 594 0448 5B040000 		.4byte	0x45b
 595 044c 09       		.uleb128 0x9
 596 044d F4050000 		.4byte	.LASF76
 597 0451 05       		.byte	0x5
 598 0452 AA01     		.2byte	0x1aa
 599 0454 24       		.byte	0x24
 600 0455 74070000 		.4byte	0x774
 601 0459 00       		.byte	0
 602 045a 00       		.byte	0
 603 045b 04       		.uleb128 0x4
 604 045c 4A030000 		.4byte	.LASF77
 605 0460 04       		.byte	0x4
 606 0461 70       		.byte	0x70
 607 0462 1A       		.byte	0x1a
 608 0463 67040000 		.4byte	0x467
 609 0467 0F       		.uleb128 0xf
 610 0468 2E010000 		.4byte	.LASF78
 611 046c 5802     		.2byte	0x258
 612 046e 05       		.byte	0x5
 613 046f C201     		.2byte	0x1c2
 614 0471 08       		.byte	0x8
 615 0472 CA040000 		.4byte	0x4ca
 616 0476 09       		.uleb128 0x9
 617 0477 6C060000 		.4byte	.LASF79
 618 047b 05       		.byte	0x5
 619 047c C601     		.2byte	0x1c6
 620 047e 19       		.byte	0x19
 621 047f F0020000 		.4byte	0x2f0
 622 0483 00       		.byte	0
 623 0484 09       		.uleb128 0x9
 624 0485 1D010000 		.4byte	.LASF80
 625 0489 05       		.byte	0x5
 626 048a CA01     		.2byte	0x1ca
 627 048c 19       		.byte	0x19
ARM GAS  C:\Users\USER\AppData\Local\Temp\cckbWh7a.s 			page 12


 628 048d DF030000 		.4byte	0x3df
 629 0491 1C       		.byte	0x1c
 630 0492 08       		.uleb128 0x8
 631 0493 64626700 		.ascii	"dbg\000"
 632 0497 05       		.byte	0x5
 633 0498 CE01     		.2byte	0x1ce
 634 049a 19       		.byte	0x19
 635 049b 32040000 		.4byte	0x432
 636 049f 2C       		.byte	0x2c
 637 04a0 09       		.uleb128 0x9
 638 04a1 83000000 		.4byte	.LASF81
 639 04a5 05       		.byte	0x5
 640 04a6 D201     		.2byte	0x1d2
 641 04a8 19       		.byte	0x19
 642 04a9 5D010000 		.4byte	0x15d
 643 04ad 30       		.byte	0x30
 644 04ae 08       		.uleb128 0x8
 645 04af 746D00   		.ascii	"tm\000"
 646 04b2 05       		.byte	0x5
 647 04b3 D701     		.2byte	0x1d7
 648 04b5 19       		.byte	0x19
 649 04b6 8E060000 		.4byte	0x68e
 650 04ba 78       		.byte	0x78
 651 04bb 09       		.uleb128 0x9
 652 04bc B3020000 		.4byte	.LASF82
 653 04c0 05       		.byte	0x5
 654 04c1 E301     		.2byte	0x1e3
 655 04c3 03       		.byte	0x3
 656 04c4 8B070000 		.4byte	0x78b
 657 04c8 80       		.byte	0x80
 658 04c9 00       		.byte	0
 659 04ca 10       		.uleb128 0x10
 660 04cb A4000000 		.4byte	.LASF83
 661 04cf 06       		.byte	0x6
 662 04d0 A706     		.2byte	0x6a7
 663 04d2 19       		.byte	0x19
 664 04d3 C3000000 		.4byte	0xc3
 665 04d7 11       		.uleb128 0x11
 666 04d8 E6020000 		.4byte	.LASF84
 667 04dc 07       		.byte	0x7
 668 04dd 4C       		.byte	0x4c
 669 04de 11       		.byte	0x11
 670 04df C8000000 		.4byte	0xc8
 671 04e3 04       		.uleb128 0x4
 672 04e4 6C010000 		.4byte	.LASF85
 673 04e8 08       		.byte	0x8
 674 04e9 65       		.byte	0x65
 675 04ea 0F       		.byte	0xf
 676 04eb 7C030000 		.4byte	0x37c
 677 04ef 04       		.uleb128 0x4
 678 04f0 86030000 		.4byte	.LASF86
 679 04f4 08       		.byte	0x8
 680 04f5 6D       		.byte	0x6d
 681 04f6 12       		.byte	0x12
 682 04f7 D4000000 		.4byte	0xd4
 683 04fb 06       		.uleb128 0x6
 684 04fc 05060000 		.4byte	.LASF87
ARM GAS  C:\Users\USER\AppData\Local\Temp\cckbWh7a.s 			page 13


 685 0500 04       		.byte	0x4
 686 0501 08       		.byte	0x8
 687 0502 89       		.byte	0x89
 688 0503 08       		.byte	0x8
 689 0504 16050000 		.4byte	0x516
 690 0508 12       		.uleb128 0x12
 691 0509 72313300 		.ascii	"r13\000"
 692 050d 08       		.byte	0x8
 693 050e 8A       		.byte	0x8a
 694 050f 17       		.byte	0x17
 695 0510 71060000 		.4byte	0x671
 696 0514 00       		.byte	0
 697 0515 00       		.byte	0
 698 0516 06       		.uleb128 0x6
 699 0517 3A000000 		.4byte	.LASF88
 700 051b 64       		.byte	0x64
 701 051c 09       		.byte	0x9
 702 051d F4       		.byte	0xf4
 703 051e 08       		.byte	0x8
 704 051f 71060000 		.4byte	0x671
 705 0523 12       		.uleb128 0x12
 706 0524 73313600 		.ascii	"s16\000"
 707 0528 09       		.byte	0x9
 708 0529 F6       		.byte	0xf6
 709 052a 11       		.byte	0x11
 710 052b E3040000 		.4byte	0x4e3
 711 052f 00       		.byte	0
 712 0530 12       		.uleb128 0x12
 713 0531 73313700 		.ascii	"s17\000"
 714 0535 09       		.byte	0x9
 715 0536 F7       		.byte	0xf7
 716 0537 11       		.byte	0x11
 717 0538 E3040000 		.4byte	0x4e3
 718 053c 04       		.byte	0x4
 719 053d 12       		.uleb128 0x12
 720 053e 73313800 		.ascii	"s18\000"
 721 0542 09       		.byte	0x9
 722 0543 F8       		.byte	0xf8
 723 0544 11       		.byte	0x11
 724 0545 E3040000 		.4byte	0x4e3
 725 0549 08       		.byte	0x8
 726 054a 12       		.uleb128 0x12
 727 054b 73313900 		.ascii	"s19\000"
 728 054f 09       		.byte	0x9
 729 0550 F9       		.byte	0xf9
 730 0551 11       		.byte	0x11
 731 0552 E3040000 		.4byte	0x4e3
 732 0556 0C       		.byte	0xc
 733 0557 12       		.uleb128 0x12
 734 0558 73323000 		.ascii	"s20\000"
 735 055c 09       		.byte	0x9
 736 055d FA       		.byte	0xfa
 737 055e 11       		.byte	0x11
 738 055f E3040000 		.4byte	0x4e3
 739 0563 10       		.byte	0x10
 740 0564 12       		.uleb128 0x12
 741 0565 73323100 		.ascii	"s21\000"
ARM GAS  C:\Users\USER\AppData\Local\Temp\cckbWh7a.s 			page 14


 742 0569 09       		.byte	0x9
 743 056a FB       		.byte	0xfb
 744 056b 11       		.byte	0x11
 745 056c E3040000 		.4byte	0x4e3
 746 0570 14       		.byte	0x14
 747 0571 12       		.uleb128 0x12
 748 0572 73323200 		.ascii	"s22\000"
 749 0576 09       		.byte	0x9
 750 0577 FC       		.byte	0xfc
 751 0578 11       		.byte	0x11
 752 0579 E3040000 		.4byte	0x4e3
 753 057d 18       		.byte	0x18
 754 057e 12       		.uleb128 0x12
 755 057f 73323300 		.ascii	"s23\000"
 756 0583 09       		.byte	0x9
 757 0584 FD       		.byte	0xfd
 758 0585 11       		.byte	0x11
 759 0586 E3040000 		.4byte	0x4e3
 760 058a 1C       		.byte	0x1c
 761 058b 12       		.uleb128 0x12
 762 058c 73323400 		.ascii	"s24\000"
 763 0590 09       		.byte	0x9
 764 0591 FE       		.byte	0xfe
 765 0592 11       		.byte	0x11
 766 0593 E3040000 		.4byte	0x4e3
 767 0597 20       		.byte	0x20
 768 0598 12       		.uleb128 0x12
 769 0599 73323500 		.ascii	"s25\000"
 770 059d 09       		.byte	0x9
 771 059e FF       		.byte	0xff
 772 059f 11       		.byte	0x11
 773 05a0 E3040000 		.4byte	0x4e3
 774 05a4 24       		.byte	0x24
 775 05a5 08       		.uleb128 0x8
 776 05a6 73323600 		.ascii	"s26\000"
 777 05aa 09       		.byte	0x9
 778 05ab 0001     		.2byte	0x100
 779 05ad 11       		.byte	0x11
 780 05ae E3040000 		.4byte	0x4e3
 781 05b2 28       		.byte	0x28
 782 05b3 08       		.uleb128 0x8
 783 05b4 73323700 		.ascii	"s27\000"
 784 05b8 09       		.byte	0x9
 785 05b9 0101     		.2byte	0x101
 786 05bb 11       		.byte	0x11
 787 05bc E3040000 		.4byte	0x4e3
 788 05c0 2C       		.byte	0x2c
 789 05c1 08       		.uleb128 0x8
 790 05c2 73323800 		.ascii	"s28\000"
 791 05c6 09       		.byte	0x9
 792 05c7 0201     		.2byte	0x102
 793 05c9 11       		.byte	0x11
 794 05ca E3040000 		.4byte	0x4e3
 795 05ce 30       		.byte	0x30
 796 05cf 08       		.uleb128 0x8
 797 05d0 73323900 		.ascii	"s29\000"
 798 05d4 09       		.byte	0x9
ARM GAS  C:\Users\USER\AppData\Local\Temp\cckbWh7a.s 			page 15


 799 05d5 0301     		.2byte	0x103
 800 05d7 11       		.byte	0x11
 801 05d8 E3040000 		.4byte	0x4e3
 802 05dc 34       		.byte	0x34
 803 05dd 08       		.uleb128 0x8
 804 05de 73333000 		.ascii	"s30\000"
 805 05e2 09       		.byte	0x9
 806 05e3 0401     		.2byte	0x104
 807 05e5 11       		.byte	0x11
 808 05e6 E3040000 		.4byte	0x4e3
 809 05ea 38       		.byte	0x38
 810 05eb 08       		.uleb128 0x8
 811 05ec 73333100 		.ascii	"s31\000"
 812 05f0 09       		.byte	0x9
 813 05f1 0501     		.2byte	0x105
 814 05f3 11       		.byte	0x11
 815 05f4 E3040000 		.4byte	0x4e3
 816 05f8 3C       		.byte	0x3c
 817 05f9 08       		.uleb128 0x8
 818 05fa 723400   		.ascii	"r4\000"
 819 05fd 09       		.byte	0x9
 820 05fe 0701     		.2byte	0x107
 821 0600 11       		.byte	0x11
 822 0601 E3040000 		.4byte	0x4e3
 823 0605 40       		.byte	0x40
 824 0606 08       		.uleb128 0x8
 825 0607 723500   		.ascii	"r5\000"
 826 060a 09       		.byte	0x9
 827 060b 0801     		.2byte	0x108
 828 060d 11       		.byte	0x11
 829 060e E3040000 		.4byte	0x4e3
 830 0612 44       		.byte	0x44
 831 0613 08       		.uleb128 0x8
 832 0614 723600   		.ascii	"r6\000"
 833 0617 09       		.byte	0x9
 834 0618 0901     		.2byte	0x109
 835 061a 11       		.byte	0x11
 836 061b E3040000 		.4byte	0x4e3
 837 061f 48       		.byte	0x48
 838 0620 08       		.uleb128 0x8
 839 0621 723700   		.ascii	"r7\000"
 840 0624 09       		.byte	0x9
 841 0625 0A01     		.2byte	0x10a
 842 0627 11       		.byte	0x11
 843 0628 E3040000 		.4byte	0x4e3
 844 062c 4C       		.byte	0x4c
 845 062d 08       		.uleb128 0x8
 846 062e 723800   		.ascii	"r8\000"
 847 0631 09       		.byte	0x9
 848 0632 0B01     		.2byte	0x10b
 849 0634 11       		.byte	0x11
 850 0635 E3040000 		.4byte	0x4e3
 851 0639 50       		.byte	0x50
 852 063a 08       		.uleb128 0x8
 853 063b 723900   		.ascii	"r9\000"
 854 063e 09       		.byte	0x9
 855 063f 0C01     		.2byte	0x10c
ARM GAS  C:\Users\USER\AppData\Local\Temp\cckbWh7a.s 			page 16


 856 0641 11       		.byte	0x11
 857 0642 E3040000 		.4byte	0x4e3
 858 0646 54       		.byte	0x54
 859 0647 08       		.uleb128 0x8
 860 0648 72313000 		.ascii	"r10\000"
 861 064c 09       		.byte	0x9
 862 064d 0D01     		.2byte	0x10d
 863 064f 11       		.byte	0x11
 864 0650 E3040000 		.4byte	0x4e3
 865 0654 58       		.byte	0x58
 866 0655 08       		.uleb128 0x8
 867 0656 72313100 		.ascii	"r11\000"
 868 065a 09       		.byte	0x9
 869 065b 0E01     		.2byte	0x10e
 870 065d 11       		.byte	0x11
 871 065e E3040000 		.4byte	0x4e3
 872 0662 5C       		.byte	0x5c
 873 0663 08       		.uleb128 0x8
 874 0664 6C7200   		.ascii	"lr\000"
 875 0667 09       		.byte	0x9
 876 0668 0F01     		.2byte	0x10f
 877 066a 11       		.byte	0x11
 878 066b E3040000 		.4byte	0x4e3
 879 066f 60       		.byte	0x60
 880 0670 00       		.byte	0
 881 0671 0A       		.uleb128 0xa
 882 0672 04       		.byte	0x4
 883 0673 16050000 		.4byte	0x516
 884 0677 13       		.uleb128 0x13
 885 0678 04       		.byte	0x4
 886 0679 0A       		.byte	0xa
 887 067a 38       		.byte	0x38
 888 067b 09       		.byte	0x9
 889 067c 8E060000 		.4byte	0x68e
 890 0680 07       		.uleb128 0x7
 891 0681 FE050000 		.4byte	.LASF89
 892 0685 0A       		.byte	0xa
 893 0686 3C       		.byte	0x3c
 894 0687 19       		.byte	0x19
 895 0688 E0000000 		.4byte	0xe0
 896 068c 00       		.byte	0
 897 068d 00       		.byte	0
 898 068e 04       		.uleb128 0x4
 899 068f 09040000 		.4byte	.LASF90
 900 0693 0A       		.byte	0xa
 901 0694 3D       		.byte	0x3d
 902 0695 03       		.byte	0x3
 903 0696 77060000 		.4byte	0x677
 904 069a 14       		.uleb128 0x14
 905 069b 04       		.byte	0x4
 906 069c 05       		.byte	0x5
 907 069d FA       		.byte	0xfa
 908 069e 03       		.byte	0x3
 909 069f FF060000 		.4byte	0x6ff
 910 06a3 15       		.uleb128 0x15
 911 06a4 20000000 		.4byte	.LASF91
 912 06a8 05       		.byte	0x5
ARM GAS  C:\Users\USER\AppData\Local\Temp\cckbWh7a.s 			page 17


 913 06a9 0101     		.2byte	0x101
 914 06ab 19       		.byte	0x19
 915 06ac 28010000 		.4byte	0x128
 916 06b0 15       		.uleb128 0x15
 917 06b1 7A000000 		.4byte	.LASF92
 918 06b5 05       		.byte	0x5
 919 06b6 0801     		.2byte	0x108
 920 06b8 19       		.byte	0x19
 921 06b9 28010000 		.4byte	0x128
 922 06bd 15       		.uleb128 0x15
 923 06be 8D060000 		.4byte	.LASF93
 924 06c2 05       		.byte	0x5
 925 06c3 0F01     		.2byte	0x10f
 926 06c5 1A       		.byte	0x1a
 927 06c6 7C030000 		.4byte	0x37c
 928 06ca 15       		.uleb128 0x15
 929 06cb 1A000000 		.4byte	.LASF94
 930 06cf 05       		.byte	0x5
 931 06d0 1601     		.2byte	0x116
 932 06d2 1A       		.byte	0x1a
 933 06d3 FF060000 		.4byte	0x6ff
 934 06d7 15       		.uleb128 0x15
 935 06d8 FD020000 		.4byte	.LASF95
 936 06dc 05       		.byte	0x5
 937 06dd 1E01     		.2byte	0x11e
 938 06df 1A       		.byte	0x1a
 939 06e0 2D070000 		.4byte	0x72d
 940 06e4 15       		.uleb128 0x15
 941 06e5 A9050000 		.4byte	.LASF96
 942 06e9 05       		.byte	0x5
 943 06ea 2701     		.2byte	0x127
 944 06ec 1A       		.byte	0x1a
 945 06ed 68070000 		.4byte	0x768
 946 06f1 15       		.uleb128 0x15
 947 06f2 EA040000 		.4byte	.LASF97
 948 06f6 05       		.byte	0x5
 949 06f7 2F01     		.2byte	0x12f
 950 06f9 19       		.byte	0x19
 951 06fa 34010000 		.4byte	0x134
 952 06fe 00       		.byte	0
 953 06ff 0A       		.uleb128 0xa
 954 0700 04       		.byte	0x4
 955 0701 83020000 		.4byte	0x283
 956 0705 06       		.uleb128 0x6
 957 0706 45050000 		.4byte	.LASF98
 958 070a 0C       		.byte	0xc
 959 070b 0B       		.byte	0xb
 960 070c 34       		.byte	0x34
 961 070d 10       		.byte	0x10
 962 070e 2D070000 		.4byte	0x72d
 963 0712 07       		.uleb128 0x7
 964 0713 5C010000 		.4byte	.LASF99
 965 0717 0B       		.byte	0xb
 966 0718 35       		.byte	0x35
 967 0719 19       		.byte	0x19
 968 071a BC020000 		.4byte	0x2bc
 969 071e 00       		.byte	0
ARM GAS  C:\Users\USER\AppData\Local\Temp\cckbWh7a.s 			page 18


 970 071f 07       		.uleb128 0x7
 971 0720 21030000 		.4byte	.LASF100
 972 0724 0B       		.byte	0xb
 973 0725 37       		.byte	0x37
 974 0726 19       		.byte	0x19
 975 0727 40010000 		.4byte	0x140
 976 072b 08       		.byte	0x8
 977 072c 00       		.byte	0
 978 072d 0A       		.uleb128 0xa
 979 072e 04       		.byte	0x4
 980 072f 05070000 		.4byte	0x705
 981 0733 06       		.uleb128 0x6
 982 0734 25060000 		.4byte	.LASF101
 983 0738 10       		.byte	0x10
 984 0739 0C       		.byte	0xc
 985 073a 39       		.byte	0x39
 986 073b 08       		.byte	0x8
 987 073c 68070000 		.4byte	0x768
 988 0740 07       		.uleb128 0x7
 989 0741 15010000 		.4byte	.LASF102
 990 0745 0C       		.byte	0xc
 991 0746 3A       		.byte	0x3a
 992 0747 19       		.byte	0x19
 993 0748 BC020000 		.4byte	0x2bc
 994 074c 00       		.byte	0
 995 074d 07       		.uleb128 0x7
 996 074e B1060000 		.4byte	.LASF103
 997 0752 0C       		.byte	0xc
 998 0753 3C       		.byte	0x3c
 999 0754 1A       		.byte	0x1a
 1000 0755 8F020000 		.4byte	0x28f
 1001 0759 08       		.byte	0x8
 1002 075a 07       		.uleb128 0x7
 1003 075b C4050000 		.4byte	.LASF104
 1004 075f 0C       		.byte	0xc
 1005 0760 3E       		.byte	0x3e
 1006 0761 1A       		.byte	0x1a
 1007 0762 D4080000 		.4byte	0x8d4
 1008 0766 0C       		.byte	0xc
 1009 0767 00       		.byte	0
 1010 0768 0A       		.uleb128 0xa
 1011 0769 04       		.byte	0x4
 1012 076a 33070000 		.4byte	0x733
 1013 076e 0A       		.uleb128 0xa
 1014 076f 04       		.byte	0x4
 1015 0770 80070000 		.4byte	0x780
 1016 0774 05       		.uleb128 0x5
 1017 0775 6E070000 		.4byte	0x76e
 1018 0779 03       		.uleb128 0x3
 1019 077a 01       		.byte	0x1
 1020 077b 08       		.byte	0x8
 1021 077c A4050000 		.4byte	.LASF105
 1022 0780 16       		.uleb128 0x16
 1023 0781 79070000 		.4byte	0x779
 1024 0785 0A       		.uleb128 0xa
 1025 0786 04       		.byte	0x4
 1026 0787 7E030000 		.4byte	0x37e
ARM GAS  C:\Users\USER\AppData\Local\Temp\cckbWh7a.s 			page 19


 1027 078b 17       		.uleb128 0x17
 1028 078c EF040000 		.4byte	0x4ef
 1029 0790 9B070000 		.4byte	0x79b
 1030 0794 18       		.uleb128 0x18
 1031 0795 24000000 		.4byte	0x24
 1032 0799 3A       		.byte	0x3a
 1033 079a 00       		.byte	0
 1034 079b 19       		.uleb128 0x19
 1035 079c 636800   		.ascii	"ch\000"
 1036 079f 05       		.byte	0x5
 1037 07a0 0902     		.2byte	0x209
 1038 07a2 14       		.byte	0x14
 1039 07a3 5B040000 		.4byte	0x45b
 1040 07a7 13       		.uleb128 0x13
 1041 07a8 16       		.byte	0x16
 1042 07a9 0D       		.byte	0xd
 1043 07aa 34       		.byte	0x34
 1044 07ab 09       		.byte	0x9
 1045 07ac 9B080000 		.4byte	0x89b
 1046 07b0 07       		.uleb128 0x7
 1047 07b1 B9060000 		.4byte	.LASF106
 1048 07b5 0D       		.byte	0xd
 1049 07b6 35       		.byte	0x35
 1050 07b7 0D       		.byte	0xd
 1051 07b8 9B080000 		.4byte	0x89b
 1052 07bc 00       		.byte	0
 1053 07bd 07       		.uleb128 0x7
 1054 07be A0030000 		.4byte	.LASF107
 1055 07c2 0D       		.byte	0xd
 1056 07c3 36       		.byte	0x36
 1057 07c4 0D       		.byte	0xd
 1058 07c5 9F000000 		.4byte	0x9f
 1059 07c9 04       		.byte	0x4
 1060 07ca 07       		.uleb128 0x7
 1061 07cb 8A050000 		.4byte	.LASF108
 1062 07cf 0D       		.byte	0xd
 1063 07d0 37       		.byte	0x37
 1064 07d1 0D       		.byte	0xd
 1065 07d2 9F000000 		.4byte	0x9f
 1066 07d6 05       		.byte	0x5
 1067 07d7 07       		.uleb128 0x7
 1068 07d8 A6060000 		.4byte	.LASF109
 1069 07dc 0D       		.byte	0xd
 1070 07dd 38       		.byte	0x38
 1071 07de 0D       		.byte	0xd
 1072 07df AB000000 		.4byte	0xab
 1073 07e3 06       		.byte	0x6
 1074 07e4 07       		.uleb128 0x7
 1075 07e5 3F040000 		.4byte	.LASF110
 1076 07e9 0D       		.byte	0xd
 1077 07ea 39       		.byte	0x39
 1078 07eb 0D       		.byte	0xd
 1079 07ec 9F000000 		.4byte	0x9f
 1080 07f0 08       		.byte	0x8
 1081 07f1 07       		.uleb128 0x7
 1082 07f2 DD030000 		.4byte	.LASF111
 1083 07f6 0D       		.byte	0xd
ARM GAS  C:\Users\USER\AppData\Local\Temp\cckbWh7a.s 			page 20


 1084 07f7 3A       		.byte	0x3a
 1085 07f8 0D       		.byte	0xd
 1086 07f9 9F000000 		.4byte	0x9f
 1087 07fd 09       		.byte	0x9
 1088 07fe 07       		.uleb128 0x7
 1089 07ff 6C000000 		.4byte	.LASF112
 1090 0803 0D       		.byte	0xd
 1091 0804 3B       		.byte	0x3b
 1092 0805 0D       		.byte	0xd
 1093 0806 9F000000 		.4byte	0x9f
 1094 080a 0A       		.byte	0xa
 1095 080b 07       		.uleb128 0x7
 1096 080c 66050000 		.4byte	.LASF113
 1097 0810 0D       		.byte	0xd
 1098 0811 3C       		.byte	0x3c
 1099 0812 0D       		.byte	0xd
 1100 0813 9F000000 		.4byte	0x9f
 1101 0817 0B       		.byte	0xb
 1102 0818 07       		.uleb128 0x7
 1103 0819 1A060000 		.4byte	.LASF114
 1104 081d 0D       		.byte	0xd
 1105 081e 3D       		.byte	0x3d
 1106 081f 0D       		.byte	0xd
 1107 0820 9F000000 		.4byte	0x9f
 1108 0824 0C       		.byte	0xc
 1109 0825 07       		.uleb128 0x7
 1110 0826 38050000 		.4byte	.LASF115
 1111 082a 0D       		.byte	0xd
 1112 082b 3E       		.byte	0x3e
 1113 082c 0D       		.byte	0xd
 1114 082d 9F000000 		.4byte	0x9f
 1115 0831 0D       		.byte	0xd
 1116 0832 07       		.uleb128 0x7
 1117 0833 00000000 		.4byte	.LASF116
 1118 0837 0D       		.byte	0xd
 1119 0838 3F       		.byte	0x3f
 1120 0839 0D       		.byte	0xd
 1121 083a 9F000000 		.4byte	0x9f
 1122 083e 0E       		.byte	0xe
 1123 083f 07       		.uleb128 0x7
 1124 0840 E9030000 		.4byte	.LASF117
 1125 0844 0D       		.byte	0xd
 1126 0845 40       		.byte	0x40
 1127 0846 0D       		.byte	0xd
 1128 0847 9F000000 		.4byte	0x9f
 1129 084b 0F       		.byte	0xf
 1130 084c 07       		.uleb128 0x7
 1131 084d F0000000 		.4byte	.LASF118
 1132 0851 0D       		.byte	0xd
 1133 0852 41       		.byte	0x41
 1134 0853 0D       		.byte	0xd
 1135 0854 9F000000 		.4byte	0x9f
 1136 0858 10       		.byte	0x10
 1137 0859 07       		.uleb128 0x7
 1138 085a C9000000 		.4byte	.LASF119
 1139 085e 0D       		.byte	0xd
 1140 085f 43       		.byte	0x43
ARM GAS  C:\Users\USER\AppData\Local\Temp\cckbWh7a.s 			page 21


 1141 0860 0D       		.byte	0xd
 1142 0861 9F000000 		.4byte	0x9f
 1143 0865 11       		.byte	0x11
 1144 0866 07       		.uleb128 0x7
 1145 0867 00010000 		.4byte	.LASF120
 1146 086b 0D       		.byte	0xd
 1147 086c 44       		.byte	0x44
 1148 086d 0D       		.byte	0xd
 1149 086e 9F000000 		.4byte	0x9f
 1150 0872 12       		.byte	0x12
 1151 0873 07       		.uleb128 0x7
 1152 0874 A8030000 		.4byte	.LASF121
 1153 0878 0D       		.byte	0xd
 1154 0879 45       		.byte	0x45
 1155 087a 0D       		.byte	0xd
 1156 087b 9F000000 		.4byte	0x9f
 1157 087f 13       		.byte	0x13
 1158 0880 07       		.uleb128 0x7
 1159 0881 00050000 		.4byte	.LASF122
 1160 0885 0D       		.byte	0xd
 1161 0886 46       		.byte	0x46
 1162 0887 0D       		.byte	0xd
 1163 0888 9F000000 		.4byte	0x9f
 1164 088c 14       		.byte	0x14
 1165 088d 07       		.uleb128 0x7
 1166 088e 56030000 		.4byte	.LASF123
 1167 0892 0D       		.byte	0xd
 1168 0893 48       		.byte	0x48
 1169 0894 0D       		.byte	0xd
 1170 0895 9F000000 		.4byte	0x9f
 1171 0899 15       		.byte	0x15
 1172 089a 00       		.byte	0
 1173 089b 17       		.uleb128 0x17
 1174 089c 79070000 		.4byte	0x779
 1175 08a0 AB080000 		.4byte	0x8ab
 1176 08a4 18       		.uleb128 0x18
 1177 08a5 24000000 		.4byte	0x24
 1178 08a9 03       		.byte	0x3
 1179 08aa 00       		.byte	0
 1180 08ab 04       		.uleb128 0x4
 1181 08ac 4A010000 		.4byte	.LASF124
 1182 08b0 0D       		.byte	0xd
 1183 08b1 49       		.byte	0x49
 1184 08b2 03       		.byte	0x3
 1185 08b3 A7070000 		.4byte	0x7a7
 1186 08b7 16       		.uleb128 0x16
 1187 08b8 AB080000 		.4byte	0x8ab
 1188 08bc 11       		.uleb128 0x11
 1189 08bd 18030000 		.4byte	.LASF125
 1190 08c1 0D       		.byte	0xd
 1191 08c2 6E       		.byte	0x6e
 1192 08c3 1D       		.byte	0x1d
 1193 08c4 B7080000 		.4byte	0x8b7
 1194 08c8 04       		.uleb128 0x4
 1195 08c9 AB020000 		.4byte	.LASF126
 1196 08cd 0C       		.byte	0xc
 1197 08ce 34       		.byte	0x34
ARM GAS  C:\Users\USER\AppData\Local\Temp\cckbWh7a.s 			page 22


 1198 08cf 19       		.byte	0x19
 1199 08d0 33070000 		.4byte	0x733
 1200 08d4 0A       		.uleb128 0xa
 1201 08d5 04       		.byte	0x4
 1202 08d6 C8080000 		.4byte	0x8c8
 1203 08da 00       		.byte	0
 1204              		.section	.debug_abbrev,"",%progbits
 1205              	.Ldebug_abbrev0:
 1206 0000 01       		.uleb128 0x1
 1207 0001 11       		.uleb128 0x11
 1208 0002 01       		.byte	0x1
 1209 0003 25       		.uleb128 0x25
 1210 0004 0E       		.uleb128 0xe
 1211 0005 13       		.uleb128 0x13
 1212 0006 0B       		.uleb128 0xb
 1213 0007 03       		.uleb128 0x3
 1214 0008 0E       		.uleb128 0xe
 1215 0009 1B       		.uleb128 0x1b
 1216 000a 0E       		.uleb128 0xe
 1217 000b 10       		.uleb128 0x10
 1218 000c 17       		.uleb128 0x17
 1219 000d 00       		.byte	0
 1220 000e 00       		.byte	0
 1221 000f 02       		.uleb128 0x2
 1222 0010 24       		.uleb128 0x24
 1223 0011 00       		.byte	0
 1224 0012 0B       		.uleb128 0xb
 1225 0013 0B       		.uleb128 0xb
 1226 0014 3E       		.uleb128 0x3e
 1227 0015 0B       		.uleb128 0xb
 1228 0016 03       		.uleb128 0x3
 1229 0017 08       		.uleb128 0x8
 1230 0018 00       		.byte	0
 1231 0019 00       		.byte	0
 1232 001a 03       		.uleb128 0x3
 1233 001b 24       		.uleb128 0x24
 1234 001c 00       		.byte	0
 1235 001d 0B       		.uleb128 0xb
 1236 001e 0B       		.uleb128 0xb
 1237 001f 3E       		.uleb128 0x3e
 1238 0020 0B       		.uleb128 0xb
 1239 0021 03       		.uleb128 0x3
 1240 0022 0E       		.uleb128 0xe
 1241 0023 00       		.byte	0
 1242 0024 00       		.byte	0
 1243 0025 04       		.uleb128 0x4
 1244 0026 16       		.uleb128 0x16
 1245 0027 00       		.byte	0
 1246 0028 03       		.uleb128 0x3
 1247 0029 0E       		.uleb128 0xe
 1248 002a 3A       		.uleb128 0x3a
 1249 002b 0B       		.uleb128 0xb
 1250 002c 3B       		.uleb128 0x3b
 1251 002d 0B       		.uleb128 0xb
 1252 002e 39       		.uleb128 0x39
 1253 002f 0B       		.uleb128 0xb
 1254 0030 49       		.uleb128 0x49
ARM GAS  C:\Users\USER\AppData\Local\Temp\cckbWh7a.s 			page 23


 1255 0031 13       		.uleb128 0x13
 1256 0032 00       		.byte	0
 1257 0033 00       		.byte	0
 1258 0034 05       		.uleb128 0x5
 1259 0035 35       		.uleb128 0x35
 1260 0036 00       		.byte	0
 1261 0037 49       		.uleb128 0x49
 1262 0038 13       		.uleb128 0x13
 1263 0039 00       		.byte	0
 1264 003a 00       		.byte	0
 1265 003b 06       		.uleb128 0x6
 1266 003c 13       		.uleb128 0x13
 1267 003d 01       		.byte	0x1
 1268 003e 03       		.uleb128 0x3
 1269 003f 0E       		.uleb128 0xe
 1270 0040 0B       		.uleb128 0xb
 1271 0041 0B       		.uleb128 0xb
 1272 0042 3A       		.uleb128 0x3a
 1273 0043 0B       		.uleb128 0xb
 1274 0044 3B       		.uleb128 0x3b
 1275 0045 0B       		.uleb128 0xb
 1276 0046 39       		.uleb128 0x39
 1277 0047 0B       		.uleb128 0xb
 1278 0048 01       		.uleb128 0x1
 1279 0049 13       		.uleb128 0x13
 1280 004a 00       		.byte	0
 1281 004b 00       		.byte	0
 1282 004c 07       		.uleb128 0x7
 1283 004d 0D       		.uleb128 0xd
 1284 004e 00       		.byte	0
 1285 004f 03       		.uleb128 0x3
 1286 0050 0E       		.uleb128 0xe
 1287 0051 3A       		.uleb128 0x3a
 1288 0052 0B       		.uleb128 0xb
 1289 0053 3B       		.uleb128 0x3b
 1290 0054 0B       		.uleb128 0xb
 1291 0055 39       		.uleb128 0x39
 1292 0056 0B       		.uleb128 0xb
 1293 0057 49       		.uleb128 0x49
 1294 0058 13       		.uleb128 0x13
 1295 0059 38       		.uleb128 0x38
 1296 005a 0B       		.uleb128 0xb
 1297 005b 00       		.byte	0
 1298 005c 00       		.byte	0
 1299 005d 08       		.uleb128 0x8
 1300 005e 0D       		.uleb128 0xd
 1301 005f 00       		.byte	0
 1302 0060 03       		.uleb128 0x3
 1303 0061 08       		.uleb128 0x8
 1304 0062 3A       		.uleb128 0x3a
 1305 0063 0B       		.uleb128 0xb
 1306 0064 3B       		.uleb128 0x3b
 1307 0065 05       		.uleb128 0x5
 1308 0066 39       		.uleb128 0x39
 1309 0067 0B       		.uleb128 0xb
 1310 0068 49       		.uleb128 0x49
 1311 0069 13       		.uleb128 0x13
ARM GAS  C:\Users\USER\AppData\Local\Temp\cckbWh7a.s 			page 24


 1312 006a 38       		.uleb128 0x38
 1313 006b 0B       		.uleb128 0xb
 1314 006c 00       		.byte	0
 1315 006d 00       		.byte	0
 1316 006e 09       		.uleb128 0x9
 1317 006f 0D       		.uleb128 0xd
 1318 0070 00       		.byte	0
 1319 0071 03       		.uleb128 0x3
 1320 0072 0E       		.uleb128 0xe
 1321 0073 3A       		.uleb128 0x3a
 1322 0074 0B       		.uleb128 0xb
 1323 0075 3B       		.uleb128 0x3b
 1324 0076 05       		.uleb128 0x5
 1325 0077 39       		.uleb128 0x39
 1326 0078 0B       		.uleb128 0xb
 1327 0079 49       		.uleb128 0x49
 1328 007a 13       		.uleb128 0x13
 1329 007b 38       		.uleb128 0x38
 1330 007c 0B       		.uleb128 0xb
 1331 007d 00       		.byte	0
 1332 007e 00       		.byte	0
 1333 007f 0A       		.uleb128 0xa
 1334 0080 0F       		.uleb128 0xf
 1335 0081 00       		.byte	0
 1336 0082 0B       		.uleb128 0xb
 1337 0083 0B       		.uleb128 0xb
 1338 0084 49       		.uleb128 0x49
 1339 0085 13       		.uleb128 0x13
 1340 0086 00       		.byte	0
 1341 0087 00       		.byte	0
 1342 0088 0B       		.uleb128 0xb
 1343 0089 13       		.uleb128 0x13
 1344 008a 01       		.byte	0x1
 1345 008b 03       		.uleb128 0x3
 1346 008c 0E       		.uleb128 0xe
 1347 008d 0B       		.uleb128 0xb
 1348 008e 0B       		.uleb128 0xb
 1349 008f 3A       		.uleb128 0x3a
 1350 0090 0B       		.uleb128 0xb
 1351 0091 3B       		.uleb128 0x3b
 1352 0092 05       		.uleb128 0x5
 1353 0093 39       		.uleb128 0x39
 1354 0094 0B       		.uleb128 0xb
 1355 0095 01       		.uleb128 0x1
 1356 0096 13       		.uleb128 0x13
 1357 0097 00       		.byte	0
 1358 0098 00       		.byte	0
 1359 0099 0C       		.uleb128 0xc
 1360 009a 15       		.uleb128 0x15
 1361 009b 01       		.byte	0x1
 1362 009c 27       		.uleb128 0x27
 1363 009d 19       		.uleb128 0x19
 1364 009e 01       		.uleb128 0x1
 1365 009f 13       		.uleb128 0x13
 1366 00a0 00       		.byte	0
 1367 00a1 00       		.byte	0
 1368 00a2 0D       		.uleb128 0xd
ARM GAS  C:\Users\USER\AppData\Local\Temp\cckbWh7a.s 			page 25


 1369 00a3 05       		.uleb128 0x5
 1370 00a4 00       		.byte	0
 1371 00a5 49       		.uleb128 0x49
 1372 00a6 13       		.uleb128 0x13
 1373 00a7 00       		.byte	0
 1374 00a8 00       		.byte	0
 1375 00a9 0E       		.uleb128 0xe
 1376 00aa 0F       		.uleb128 0xf
 1377 00ab 00       		.byte	0
 1378 00ac 0B       		.uleb128 0xb
 1379 00ad 0B       		.uleb128 0xb
 1380 00ae 00       		.byte	0
 1381 00af 00       		.byte	0
 1382 00b0 0F       		.uleb128 0xf
 1383 00b1 13       		.uleb128 0x13
 1384 00b2 01       		.byte	0x1
 1385 00b3 03       		.uleb128 0x3
 1386 00b4 0E       		.uleb128 0xe
 1387 00b5 0B       		.uleb128 0xb
 1388 00b6 05       		.uleb128 0x5
 1389 00b7 3A       		.uleb128 0x3a
 1390 00b8 0B       		.uleb128 0xb
 1391 00b9 3B       		.uleb128 0x3b
 1392 00ba 05       		.uleb128 0x5
 1393 00bb 39       		.uleb128 0x39
 1394 00bc 0B       		.uleb128 0xb
 1395 00bd 01       		.uleb128 0x1
 1396 00be 13       		.uleb128 0x13
 1397 00bf 00       		.byte	0
 1398 00c0 00       		.byte	0
 1399 00c1 10       		.uleb128 0x10
 1400 00c2 34       		.uleb128 0x34
 1401 00c3 00       		.byte	0
 1402 00c4 03       		.uleb128 0x3
 1403 00c5 0E       		.uleb128 0xe
 1404 00c6 3A       		.uleb128 0x3a
 1405 00c7 0B       		.uleb128 0xb
 1406 00c8 3B       		.uleb128 0x3b
 1407 00c9 05       		.uleb128 0x5
 1408 00ca 39       		.uleb128 0x39
 1409 00cb 0B       		.uleb128 0xb
 1410 00cc 49       		.uleb128 0x49
 1411 00cd 13       		.uleb128 0x13
 1412 00ce 3F       		.uleb128 0x3f
 1413 00cf 19       		.uleb128 0x19
 1414 00d0 3C       		.uleb128 0x3c
 1415 00d1 19       		.uleb128 0x19
 1416 00d2 00       		.byte	0
 1417 00d3 00       		.byte	0
 1418 00d4 11       		.uleb128 0x11
 1419 00d5 34       		.uleb128 0x34
 1420 00d6 00       		.byte	0
 1421 00d7 03       		.uleb128 0x3
 1422 00d8 0E       		.uleb128 0xe
 1423 00d9 3A       		.uleb128 0x3a
 1424 00da 0B       		.uleb128 0xb
 1425 00db 3B       		.uleb128 0x3b
ARM GAS  C:\Users\USER\AppData\Local\Temp\cckbWh7a.s 			page 26


 1426 00dc 0B       		.uleb128 0xb
 1427 00dd 39       		.uleb128 0x39
 1428 00de 0B       		.uleb128 0xb
 1429 00df 49       		.uleb128 0x49
 1430 00e0 13       		.uleb128 0x13
 1431 00e1 3F       		.uleb128 0x3f
 1432 00e2 19       		.uleb128 0x19
 1433 00e3 3C       		.uleb128 0x3c
 1434 00e4 19       		.uleb128 0x19
 1435 00e5 00       		.byte	0
 1436 00e6 00       		.byte	0
 1437 00e7 12       		.uleb128 0x12
 1438 00e8 0D       		.uleb128 0xd
 1439 00e9 00       		.byte	0
 1440 00ea 03       		.uleb128 0x3
 1441 00eb 08       		.uleb128 0x8
 1442 00ec 3A       		.uleb128 0x3a
 1443 00ed 0B       		.uleb128 0xb
 1444 00ee 3B       		.uleb128 0x3b
 1445 00ef 0B       		.uleb128 0xb
 1446 00f0 39       		.uleb128 0x39
 1447 00f1 0B       		.uleb128 0xb
 1448 00f2 49       		.uleb128 0x49
 1449 00f3 13       		.uleb128 0x13
 1450 00f4 38       		.uleb128 0x38
 1451 00f5 0B       		.uleb128 0xb
 1452 00f6 00       		.byte	0
 1453 00f7 00       		.byte	0
 1454 00f8 13       		.uleb128 0x13
 1455 00f9 13       		.uleb128 0x13
 1456 00fa 01       		.byte	0x1
 1457 00fb 0B       		.uleb128 0xb
 1458 00fc 0B       		.uleb128 0xb
 1459 00fd 3A       		.uleb128 0x3a
 1460 00fe 0B       		.uleb128 0xb
 1461 00ff 3B       		.uleb128 0x3b
 1462 0100 0B       		.uleb128 0xb
 1463 0101 39       		.uleb128 0x39
 1464 0102 0B       		.uleb128 0xb
 1465 0103 01       		.uleb128 0x1
 1466 0104 13       		.uleb128 0x13
 1467 0105 00       		.byte	0
 1468 0106 00       		.byte	0
 1469 0107 14       		.uleb128 0x14
 1470 0108 17       		.uleb128 0x17
 1471 0109 01       		.byte	0x1
 1472 010a 0B       		.uleb128 0xb
 1473 010b 0B       		.uleb128 0xb
 1474 010c 3A       		.uleb128 0x3a
 1475 010d 0B       		.uleb128 0xb
 1476 010e 3B       		.uleb128 0x3b
 1477 010f 0B       		.uleb128 0xb
 1478 0110 39       		.uleb128 0x39
 1479 0111 0B       		.uleb128 0xb
 1480 0112 01       		.uleb128 0x1
 1481 0113 13       		.uleb128 0x13
 1482 0114 00       		.byte	0
ARM GAS  C:\Users\USER\AppData\Local\Temp\cckbWh7a.s 			page 27


 1483 0115 00       		.byte	0
 1484 0116 15       		.uleb128 0x15
 1485 0117 0D       		.uleb128 0xd
 1486 0118 00       		.byte	0
 1487 0119 03       		.uleb128 0x3
 1488 011a 0E       		.uleb128 0xe
 1489 011b 3A       		.uleb128 0x3a
 1490 011c 0B       		.uleb128 0xb
 1491 011d 3B       		.uleb128 0x3b
 1492 011e 05       		.uleb128 0x5
 1493 011f 39       		.uleb128 0x39
 1494 0120 0B       		.uleb128 0xb
 1495 0121 49       		.uleb128 0x49
 1496 0122 13       		.uleb128 0x13
 1497 0123 00       		.byte	0
 1498 0124 00       		.byte	0
 1499 0125 16       		.uleb128 0x16
 1500 0126 26       		.uleb128 0x26
 1501 0127 00       		.byte	0
 1502 0128 49       		.uleb128 0x49
 1503 0129 13       		.uleb128 0x13
 1504 012a 00       		.byte	0
 1505 012b 00       		.byte	0
 1506 012c 17       		.uleb128 0x17
 1507 012d 01       		.uleb128 0x1
 1508 012e 01       		.byte	0x1
 1509 012f 49       		.uleb128 0x49
 1510 0130 13       		.uleb128 0x13
 1511 0131 01       		.uleb128 0x1
 1512 0132 13       		.uleb128 0x13
 1513 0133 00       		.byte	0
 1514 0134 00       		.byte	0
 1515 0135 18       		.uleb128 0x18
 1516 0136 21       		.uleb128 0x21
 1517 0137 00       		.byte	0
 1518 0138 49       		.uleb128 0x49
 1519 0139 13       		.uleb128 0x13
 1520 013a 2F       		.uleb128 0x2f
 1521 013b 0B       		.uleb128 0xb
 1522 013c 00       		.byte	0
 1523 013d 00       		.byte	0
 1524 013e 19       		.uleb128 0x19
 1525 013f 34       		.uleb128 0x34
 1526 0140 00       		.byte	0
 1527 0141 03       		.uleb128 0x3
 1528 0142 08       		.uleb128 0x8
 1529 0143 3A       		.uleb128 0x3a
 1530 0144 0B       		.uleb128 0xb
 1531 0145 3B       		.uleb128 0x3b
 1532 0146 05       		.uleb128 0x5
 1533 0147 39       		.uleb128 0x39
 1534 0148 0B       		.uleb128 0xb
 1535 0149 49       		.uleb128 0x49
 1536 014a 13       		.uleb128 0x13
 1537 014b 3F       		.uleb128 0x3f
 1538 014c 19       		.uleb128 0x19
 1539 014d 3C       		.uleb128 0x3c
ARM GAS  C:\Users\USER\AppData\Local\Temp\cckbWh7a.s 			page 28


 1540 014e 19       		.uleb128 0x19
 1541 014f 00       		.byte	0
 1542 0150 00       		.byte	0
 1543 0151 00       		.byte	0
 1544              		.section	.debug_aranges,"",%progbits
 1545 0000 14000000 		.4byte	0x14
 1546 0004 0200     		.2byte	0x2
 1547 0006 00000000 		.4byte	.Ldebug_info0
 1548 000a 04       		.byte	0x4
 1549 000b 00       		.byte	0
 1550 000c 0000     		.2byte	0
 1551 000e 0000     		.2byte	0
 1552 0010 00000000 		.4byte	0
 1553 0014 00000000 		.4byte	0
 1554              		.section	.debug_line,"",%progbits
 1555              	.Ldebug_line0:
 1556 0000 48020000 		.section	.debug_str,"MS",%progbits,1
 1556      03004202 
 1556      00000201 
 1556      FB0E0D00 
 1556      01010101 
 1557              	.LASF116:
 1558 0000 63665F6F 		.ascii	"cf_off_older\000"
 1558      66665F6F 
 1558      6C646572 
 1558      00
 1559              	.LASF55:
 1560 000d 72656164 		.ascii	"ready_list_t\000"
 1560      795F6C69 
 1560      73745F74 
 1560      00
 1561              	.LASF94:
 1562 001a 77747472 		.ascii	"wttrp\000"
 1562      7000
 1563              	.LASF91:
 1564 0020 7264796D 		.ascii	"rdymsg\000"
 1564      736700
 1565              	.LASF18:
 1566 0027 75696E74 		.ascii	"uint64_t\000"
 1566      36345F74 
 1566      00
 1567              	.LASF4:
 1568 0030 5F5F7569 		.ascii	"__uint8_t\000"
 1568      6E74385F 
 1568      7400
 1569              	.LASF88:
 1570 003a 706F7274 		.ascii	"port_intctx\000"
 1570      5F696E74 
 1570      63747800 
 1571              	.LASF74:
 1572 0046 73797374 		.ascii	"system_debug_t\000"
 1572      656D5F64 
 1572      65627567 
 1572      5F7400
 1573              	.LASF13:
 1574 0055 6C6F6E67 		.ascii	"long long unsigned int\000"
 1574      206C6F6E 
ARM GAS  C:\Users\USER\AppData\Local\Temp\cckbWh7a.s 			page 29


 1574      6720756E 
 1574      7369676E 
 1574      65642069 
 1575              	.LASF112:
 1576 006c 63685F74 		.ascii	"ch_threadsize\000"
 1576      68726561 
 1576      6473697A 
 1576      6500
 1577              	.LASF92:
 1578 007a 65786974 		.ascii	"exitcode\000"
 1578      636F6465 
 1578      00
 1579              	.LASF81:
 1580 0083 6D61696E 		.ascii	"mainthread\000"
 1580      74687265 
 1580      616400
 1581              	.LASF71:
 1582 008e 76697274 		.ascii	"virtual_timers_list_t\000"
 1582      75616C5F 
 1582      74696D65 
 1582      72735F6C 
 1582      6973745F 
 1583              	.LASF83:
 1584 00a4 49544D5F 		.ascii	"ITM_RxBuffer\000"
 1584      52784275 
 1584      66666572 
 1584      00
 1585              	.LASF54:
 1586 00b1 63685F74 		.ascii	"ch_threads_queue\000"
 1586      68726561 
 1586      64735F71 
 1586      75657565 
 1586      00
 1587              	.LASF32:
 1588 00c2 705F7072 		.ascii	"p_prio\000"
 1588      696F00
 1589              	.LASF119:
 1590 00c9 63665F6F 		.ascii	"cf_off_state\000"
 1590      66665F73 
 1590      74617465 
 1590      00
 1591              	.LASF11:
 1592 00d6 6C6F6E67 		.ascii	"long long int\000"
 1592      206C6F6E 
 1592      6720696E 
 1592      7400
 1593              	.LASF1:
 1594 00e4 7369676E 		.ascii	"signed char\000"
 1594      65642063 
 1594      68617200 
 1595              	.LASF118:
 1596 00f0 63665F6F 		.ascii	"cf_off_stklimit\000"
 1596      66665F73 
 1596      746B6C69 
 1596      6D697400 
 1597              	.LASF120:
 1598 0100 63665F6F 		.ascii	"cf_off_flags\000"
ARM GAS  C:\Users\USER\AppData\Local\Temp\cckbWh7a.s 			page 30


 1598      66665F66 
 1598      6C616773 
 1598      00
 1599              	.LASF48:
 1600 010d 705F6D70 		.ascii	"p_mpool\000"
 1600      6F6F6C00 
 1601              	.LASF102:
 1602 0115 6D5F7175 		.ascii	"m_queue\000"
 1602      65756500 
 1603              	.LASF80:
 1604 011d 76746C69 		.ascii	"vtlist\000"
 1604      737400
 1605              	.LASF23:
 1606 0124 74736C69 		.ascii	"tslices_t\000"
 1606      6365735F 
 1606      7400
 1607              	.LASF78:
 1608 012e 63685F73 		.ascii	"ch_system\000"
 1608      79737465 
 1608      6D00
 1609              	.LASF8:
 1610 0138 6C6F6E67 		.ascii	"long int\000"
 1610      20696E74 
 1610      00
 1611              	.LASF21:
 1612 0141 74737461 		.ascii	"tstate_t\000"
 1612      74655F74 
 1612      00
 1613              	.LASF124:
 1614 014a 63686465 		.ascii	"chdebug_t\000"
 1614      6275675F 
 1614      7400
 1615              	.LASF34:
 1616 0154 705F6E65 		.ascii	"p_newer\000"
 1616      77657200 
 1617              	.LASF99:
 1618 015c 735F7175 		.ascii	"s_queue\000"
 1618      65756500 
 1619              	.LASF60:
 1620 0164 725F6E65 		.ascii	"r_newer\000"
 1620      77657200 
 1621              	.LASF85:
 1622 016c 72656761 		.ascii	"regarm_t\000"
 1622      726D5F74 
 1622      00
 1623              	.LASF67:
 1624 0175 76745F70 		.ascii	"vt_prev\000"
 1624      72657600 
 1625              	.LASF127:
 1626 017d 474E5520 		.ascii	"GNU C99 8.2.1 20181213 (release) [gcc-8-branch revi"
 1626      43393920 
 1626      382E322E 
 1626      31203230 
 1626      31383132 
 1627 01b0 73696F6E 		.ascii	"sion 267074] -mcpu=cortex-m4 -mfloat-abi=hard -mfpu"
 1627      20323637 
 1627      3037345D 
ARM GAS  C:\Users\USER\AppData\Local\Temp\cckbWh7a.s 			page 31


 1627      202D6D63 
 1627      70753D63 
 1628 01e3 3D667076 		.ascii	"=fpv4-sp-d16 -mno-thumb-interwork -mthumb -march=ar"
 1628      342D7370 
 1628      2D643136 
 1628      202D6D6E 
 1628      6F2D7468 
 1629 0216 6D763765 		.ascii	"mv7e-m+fp -ggdb -O2 -std=gnu99 -fomit-frame-pointer"
 1629      2D6D2B66 
 1629      70202D67 
 1629      67646220 
 1629      2D4F3220 
 1630 0249 202D6661 		.ascii	" -falign-functions=16 -ffunction-sections -fdata-se"
 1630      6C69676E 
 1630      2D66756E 
 1630      6374696F 
 1630      6E733D31 
 1631 027c 6374696F 		.ascii	"ctions -fno-common -fsingle-precision-constant\000"
 1631      6E73202D 
 1631      666E6F2D 
 1631      636F6D6D 
 1631      6F6E202D 
 1632              	.LASF126:
 1633 02ab 6D757465 		.ascii	"mutex_t\000"
 1633      785F7400 
 1634              	.LASF82:
 1635 02b3 69646C65 		.ascii	"idle_thread_wa\000"
 1635      5F746872 
 1635      6561645F 
 1635      776100
 1636              	.LASF27:
 1637 02c2 636E745F 		.ascii	"cnt_t\000"
 1637      7400
 1638              	.LASF0:
 1639 02c8 756E7369 		.ascii	"unsigned int\000"
 1639      676E6564 
 1639      20696E74 
 1639      00
 1640              	.LASF66:
 1641 02d5 76745F6E 		.ascii	"vt_next\000"
 1641      65787400 
 1642              	.LASF15:
 1643 02dd 75696E74 		.ascii	"uint16_t\000"
 1643      31365F74 
 1643      00
 1644              	.LASF84:
 1645 02e6 53797374 		.ascii	"SystemCoreClock\000"
 1645      656D436F 
 1645      7265436C 
 1645      6F636B00 
 1646              	.LASF41:
 1647 02f6 705F7469 		.ascii	"p_time\000"
 1647      6D6500
 1648              	.LASF95:
 1649 02fd 77747365 		.ascii	"wtsemp\000"
 1649      6D7000
 1650              	.LASF68:
ARM GAS  C:\Users\USER\AppData\Local\Temp\cckbWh7a.s 			page 32


 1651 0304 76745F64 		.ascii	"vt_delta\000"
 1651      656C7461 
 1651      00
 1652              	.LASF43:
 1653 030d 705F6D73 		.ascii	"p_msgqueue\000"
 1653      67717565 
 1653      756500
 1654              	.LASF125:
 1655 0318 63685F64 		.ascii	"ch_debug\000"
 1655      65627567 
 1655      00
 1656              	.LASF100:
 1657 0321 735F636E 		.ascii	"s_cnt\000"
 1657      7400
 1658              	.LASF6:
 1659 0327 73686F72 		.ascii	"short unsigned int\000"
 1659      7420756E 
 1659      7369676E 
 1659      65642069 
 1659      6E7400
 1660              	.LASF51:
 1661 033a 63685F74 		.ascii	"ch_thread\000"
 1661      68726561 
 1661      6400
 1662              	.LASF25:
 1663 0344 6D73675F 		.ascii	"msg_t\000"
 1663      7400
 1664              	.LASF77:
 1665 034a 63685F73 		.ascii	"ch_system_t\000"
 1665      79737465 
 1665      6D5F7400 
 1666              	.LASF123:
 1667 0356 63665F6F 		.ascii	"cf_off_time\000"
 1667      66665F74 
 1667      696D6500 
 1668              	.LASF56:
 1669 0362 63685F72 		.ascii	"ch_ready_list\000"
 1669      65616479 
 1669      5F6C6973 
 1669      7400
 1670              	.LASF26:
 1671 0370 6576656E 		.ascii	"eventmask_t\000"
 1671      746D6173 
 1671      6B5F7400 
 1672              	.LASF7:
 1673 037c 5F5F696E 		.ascii	"__int32_t\000"
 1673      7433325F 
 1673      7400
 1674              	.LASF86:
 1675 0386 73746B61 		.ascii	"stkalign_t\000"
 1675      6C69676E 
 1675      5F7400
 1676              	.LASF50:
 1677 0391 74687265 		.ascii	"threads_list_t\000"
 1677      6164735F 
 1677      6C697374 
 1677      5F7400
ARM GAS  C:\Users\USER\AppData\Local\Temp\cckbWh7a.s 			page 33


 1678              	.LASF107:
 1679 03a0 63685F7A 		.ascii	"ch_zero\000"
 1679      65726F00 
 1680              	.LASF121:
 1681 03a8 63665F6F 		.ascii	"cf_off_refs\000"
 1681      66665F72 
 1681      65667300 
 1682              	.LASF42:
 1683 03b4 705F7761 		.ascii	"p_waiting\000"
 1683      6974696E 
 1683      6700
 1684              	.LASF19:
 1685 03be 7274636E 		.ascii	"rtcnt_t\000"
 1685      745F7400 
 1686              	.LASF72:
 1687 03c6 63685F76 		.ascii	"ch_virtual_timers_list\000"
 1687      69727475 
 1687      616C5F74 
 1687      696D6572 
 1687      735F6C69 
 1688              	.LASF111:
 1689 03dd 63685F74 		.ascii	"ch_timesize\000"
 1689      696D6573 
 1689      697A6500 
 1690              	.LASF117:
 1691 03e9 63665F6F 		.ascii	"cf_off_name\000"
 1691      66665F6E 
 1691      616D6500 
 1692              	.LASF35:
 1693 03f5 705F6F6C 		.ascii	"p_older\000"
 1693      64657200 
 1694              	.LASF59:
 1695 03fd 725F6374 		.ascii	"r_ctx\000"
 1695      7800
 1696              	.LASF33:
 1697 0403 705F6374 		.ascii	"p_ctx\000"
 1697      7800
 1698              	.LASF90:
 1699 0409 746D5F63 		.ascii	"tm_calibration_t\000"
 1699      616C6962 
 1699      72617469 
 1699      6F6E5F74 
 1699      00
 1700              	.LASF62:
 1701 041a 725F6375 		.ascii	"r_current\000"
 1701      7272656E 
 1701      7400
 1702              	.LASF61:
 1703 0424 725F6F6C 		.ascii	"r_older\000"
 1703      64657200 
 1704              	.LASF12:
 1705 042c 5F5F7569 		.ascii	"__uint64_t\000"
 1705      6E743634 
 1705      5F7400
 1706              	.LASF22:
 1707 0437 74726566 		.ascii	"trefs_t\000"
 1707      735F7400 
ARM GAS  C:\Users\USER\AppData\Local\Temp\cckbWh7a.s 			page 34


 1708              	.LASF110:
 1709 043f 63685F70 		.ascii	"ch_ptrsize\000"
 1709      74727369 
 1709      7A6500
 1710              	.LASF64:
 1711 044a 76697274 		.ascii	"virtual_timer_t\000"
 1711      75616C5F 
 1711      74696D65 
 1711      725F7400 
 1712              	.LASF31:
 1713 045a 705F7072 		.ascii	"p_prev\000"
 1713      657600
 1714              	.LASF24:
 1715 0461 74707269 		.ascii	"tprio_t\000"
 1715      6F5F7400 
 1716              	.LASF128:
 1717 0469 7372632F 		.ascii	"src/ChibiOS_3.0.2/os/rt/ports/ARMCMx/chcore.c\000"
 1717      43686962 
 1717      694F535F 
 1717      332E302E 
 1717      322F6F73 
 1718              	.LASF75:
 1719 0497 63685F73 		.ascii	"ch_system_debug\000"
 1719      79737465 
 1719      6D5F6465 
 1719      62756700 
 1720              	.LASF16:
 1721 04a7 696E7433 		.ascii	"int32_t\000"
 1721      325F7400 
 1722              	.LASF2:
 1723 04af 756E7369 		.ascii	"unsigned char\000"
 1723      676E6564 
 1723      20636861 
 1723      7200
 1724              	.LASF46:
 1725 04bd 705F6D74 		.ascii	"p_mtxlist\000"
 1725      786C6973 
 1725      7400
 1726              	.LASF3:
 1727 04c7 73686F72 		.ascii	"short int\000"
 1727      7420696E 
 1727      7400
 1728              	.LASF37:
 1729 04d1 705F7374 		.ascii	"p_state\000"
 1729      61746500 
 1730              	.LASF40:
 1731 04d9 705F7072 		.ascii	"p_preempt\000"
 1731      65656D70 
 1731      7400
 1732              	.LASF58:
 1733 04e3 725F7072 		.ascii	"r_prio\000"
 1733      696F00
 1734              	.LASF97:
 1735 04ea 65776D61 		.ascii	"ewmask\000"
 1735      736B00
 1736              	.LASF30:
 1737 04f1 705F6E65 		.ascii	"p_next\000"
ARM GAS  C:\Users\USER\AppData\Local\Temp\cckbWh7a.s 			page 35


 1737      787400
 1738              	.LASF20:
 1739 04f8 746D6F64 		.ascii	"tmode_t\000"
 1739      655F7400 
 1740              	.LASF122:
 1741 0500 63665F6F 		.ascii	"cf_off_preempt\000"
 1741      66665F70 
 1741      7265656D 
 1741      707400
 1742              	.LASF38:
 1743 050f 705F666C 		.ascii	"p_flags\000"
 1743      61677300 
 1744              	.LASF53:
 1745 0517 74687265 		.ascii	"threads_queue_t\000"
 1745      6164735F 
 1745      71756575 
 1745      655F7400 
 1746              	.LASF65:
 1747 0527 63685F76 		.ascii	"ch_virtual_timer\000"
 1747      69727475 
 1747      616C5F74 
 1747      696D6572 
 1747      00
 1748              	.LASF115:
 1749 0538 63665F6F 		.ascii	"cf_off_newer\000"
 1749      66665F6E 
 1749      65776572 
 1749      00
 1750              	.LASF98:
 1751 0545 63685F73 		.ascii	"ch_semaphore\000"
 1751      656D6170 
 1751      686F7265 
 1751      00
 1752              	.LASF45:
 1753 0552 705F6570 		.ascii	"p_epending\000"
 1753      656E6469 
 1753      6E6700
 1754              	.LASF17:
 1755 055d 75696E74 		.ascii	"uint32_t\000"
 1755      33325F74 
 1755      00
 1756              	.LASF113:
 1757 0566 63665F6F 		.ascii	"cf_off_prio\000"
 1757      66665F70 
 1757      72696F00 
 1758              	.LASF57:
 1759 0572 725F7175 		.ascii	"r_queue\000"
 1759      65756500 
 1760              	.LASF52:
 1761 057a 63685F74 		.ascii	"ch_threads_list\000"
 1761      68726561 
 1761      64735F6C 
 1761      69737400 
 1762              	.LASF108:
 1763 058a 63685F73 		.ascii	"ch_size\000"
 1763      697A6500 
 1764              	.LASF10:
ARM GAS  C:\Users\USER\AppData\Local\Temp\cckbWh7a.s 			page 36


 1765 0592 6C6F6E67 		.ascii	"long unsigned int\000"
 1765      20756E73 
 1765      69676E65 
 1765      6420696E 
 1765      7400
 1766              	.LASF105:
 1767 05a4 63686172 		.ascii	"char\000"
 1767      00
 1768              	.LASF96:
 1769 05a9 77746D74 		.ascii	"wtmtxp\000"
 1769      787000
 1770              	.LASF5:
 1771 05b0 5F5F7569 		.ascii	"__uint16_t\000"
 1771      6E743136 
 1771      5F7400
 1772              	.LASF29:
 1773 05bb 74687265 		.ascii	"thread_t\000"
 1773      61645F74 
 1773      00
 1774              	.LASF104:
 1775 05c4 6D5F6E65 		.ascii	"m_next\000"
 1775      787400
 1776              	.LASF28:
 1777 05cb 73797374 		.ascii	"systime_t\000"
 1777      696D655F 
 1777      7400
 1778              	.LASF47:
 1779 05d5 705F7265 		.ascii	"p_realprio\000"
 1779      616C7072 
 1779      696F00
 1780              	.LASF63:
 1781 05e0 76746675 		.ascii	"vtfunc_t\000"
 1781      6E635F74 
 1781      00
 1782              	.LASF9:
 1783 05e9 5F5F7569 		.ascii	"__uint32_t\000"
 1783      6E743332 
 1783      5F7400
 1784              	.LASF76:
 1785 05f4 70616E69 		.ascii	"panic_msg\000"
 1785      635F6D73 
 1785      6700
 1786              	.LASF89:
 1787 05fe 6F666673 		.ascii	"offset\000"
 1787      657400
 1788              	.LASF87:
 1789 0605 636F6E74 		.ascii	"context\000"
 1789      65787400 
 1790              	.LASF44:
 1791 060d 705F6D73 		.ascii	"p_msg\000"
 1791      6700
 1792              	.LASF70:
 1793 0613 76745F70 		.ascii	"vt_par\000"
 1793      617200
 1794              	.LASF114:
 1795 061a 63665F6F 		.ascii	"cf_off_ctx\000"
 1795      66665F63 
ARM GAS  C:\Users\USER\AppData\Local\Temp\cckbWh7a.s 			page 37


 1795      747800
 1796              	.LASF101:
 1797 0625 63685F6D 		.ascii	"ch_mutex\000"
 1797      75746578 
 1797      00
 1798              	.LASF39:
 1799 062e 705F7265 		.ascii	"p_refs\000"
 1799      667300
 1800              	.LASF129:
 1801 0635 443A5C67 		.ascii	"D:\\git\\oroca_bldc_dev\\oroca_bldc_FW\\oroca_bldc_"
 1801      69745C6F 
 1801      726F6361 
 1801      5F626C64 
 1801      635F6465 
 1802 0664 63686962 		.ascii	"chibios\000"
 1802      696F7300 
 1803              	.LASF79:
 1804 066c 726C6973 		.ascii	"rlist\000"
 1804      7400
 1805              	.LASF14:
 1806 0672 75696E74 		.ascii	"uint8_t\000"
 1806      385F7400 
 1807              	.LASF49:
 1808 067a 74687265 		.ascii	"thread_reference_t\000"
 1808      61645F72 
 1808      65666572 
 1808      656E6365 
 1808      5F7400
 1809              	.LASF93:
 1810 068d 77746F62 		.ascii	"wtobjp\000"
 1810      6A7000
 1811              	.LASF36:
 1812 0694 705F6E61 		.ascii	"p_name\000"
 1812      6D6500
 1813              	.LASF73:
 1814 069b 76745F73 		.ascii	"vt_systime\000"
 1814      79737469 
 1814      6D6500
 1815              	.LASF109:
 1816 06a6 63685F76 		.ascii	"ch_version\000"
 1816      65727369 
 1816      6F6E00
 1817              	.LASF103:
 1818 06b1 6D5F6F77 		.ascii	"m_owner\000"
 1818      6E657200 
 1819              	.LASF106:
 1820 06b9 63685F69 		.ascii	"ch_identifier\000"
 1820      64656E74 
 1820      69666965 
 1820      7200
 1821              	.LASF69:
 1822 06c7 76745F66 		.ascii	"vt_func\000"
 1822      756E6300 
 1823              		.ident	"GCC: (GNU Tools for Arm Embedded Processors 8-2018-q4-major) 8.2.1 20181213 (release) [gcc
ARM GAS  C:\Users\USER\AppData\Local\Temp\cckbWh7a.s 			page 38


DEFINED SYMBOLS
                            *ABS*:00000000 chcore.c

NO UNDEFINED SYMBOLS
