ARM GAS  C:\Users\IDONNO~1\AppData\Local\Temp\ccVouwV8.s 			page 1


   1              		.syntax unified
   2              		.cpu cortex-m4
   3              		.eabi_attribute 27, 1
   4              		.eabi_attribute 28, 1
   5              		.fpu fpv4-sp-d16
   6              		.eabi_attribute 20, 1
   7              		.eabi_attribute 21, 1
   8              		.eabi_attribute 23, 3
   9              		.eabi_attribute 24, 1
  10              		.eabi_attribute 25, 1
  11              		.eabi_attribute 26, 1
  12              		.eabi_attribute 30, 2
  13              		.eabi_attribute 34, 1
  14              		.eabi_attribute 18, 4
  15              		.thumb
  16              		.syntax unified
  17              		.file	"chregistry.c"
  18              		.text
  19              	.Ltext0:
  20              		.cfi_sections	.debug_frame
  21              		.section	.text.chRegFirstThread,"ax",%progbits
  22              		.align	2
  23              		.p2align 4,,15
  24              		.global	chRegFirstThread
  25              		.thumb
  26              		.thumb_func
  27              		.type	chRegFirstThread, %function
  28              	chRegFirstThread:
  29              	.LFB219:
  30              		.file 1 "src/ChibiOS_3.0.2/os/rt/src/chregistry.c"
  31              		.loc 1 131 0
  32              		.cfi_startproc
  33              		@ args = 0, pretend = 0, frame = 0
  34              		@ frame_needed = 0, uses_anonymous_args = 0
  35              		@ link register save eliminated.
  36              	.LVL0:
  37              	.LBB34:
  38              	.LBB35:
  39              	.LBB36:
  40              	.LBB37:
  41              		.file 2 "src/ChibiOS_3.0.2/os/ext/CMSIS/include/core_cmFunc.h"
  42              		.loc 2 546 0
  43 0000 2023     		movs	r3, #32
  44              		.syntax unified
  45              	@ 546 "src/ChibiOS_3.0.2/os/ext/CMSIS/include/core_cmFunc.h" 1
  46 0002 83F31188 		MSR basepri, r3
  47              	@ 0 "" 2
  48              	.LVL1:
  49              		.thumb
  50              		.syntax unified
  51              	.LBE37:
  52              	.LBE36:
  53              	.LBE35:
  54              	.LBE34:
  55              		.loc 1 135 0
  56 0006 044B     		ldr	r3, .L2
  57 0008 1869     		ldr	r0, [r3, #16]
ARM GAS  C:\Users\IDONNO~1\AppData\Local\Temp\ccVouwV8.s 			page 2


  58              	.LVL2:
  59              		.loc 1 137 0
  60 000a 837F     		ldrb	r3, [r0, #30]	@ zero_extendqisi2
  61 000c 0133     		adds	r3, r3, #1
  62 000e 8377     		strb	r3, [r0, #30]
  63              	.LVL3:
  64              	.LBB38:
  65              	.LBB39:
  66              	.LBB40:
  67              	.LBB41:
  68              	.LBB42:
  69              		.loc 2 546 0
  70 0010 0023     		movs	r3, #0
  71              		.syntax unified
  72              	@ 546 "src/ChibiOS_3.0.2/os/ext/CMSIS/include/core_cmFunc.h" 1
  73 0012 83F31188 		MSR basepri, r3
  74              	@ 0 "" 2
  75              	.LVL4:
  76              		.thumb
  77              		.syntax unified
  78              	.LBE42:
  79              	.LBE41:
  80              	.LBE40:
  81              	.LBE39:
  82              	.LBE38:
  83              		.loc 1 142 0
  84 0016 7047     		bx	lr
  85              	.L3:
  86              		.align	2
  87              	.L2:
  88 0018 00000000 		.word	ch
  89              		.cfi_endproc
  90              	.LFE219:
  91              		.size	chRegFirstThread, .-chRegFirstThread
  92              		.section	.text.chRegNextThread,"ax",%progbits
  93              		.align	2
  94              		.p2align 4,,15
  95              		.global	chRegNextThread
  96              		.thumb
  97              		.thumb_func
  98              		.type	chRegNextThread, %function
  99              	chRegNextThread:
 100              	.LFB220:
 101              		.loc 1 155 0
 102              		.cfi_startproc
 103              		@ args = 0, pretend = 0, frame = 0
 104              		@ frame_needed = 0, uses_anonymous_args = 0
 105              	.LVL5:
 106 0000 10B5     		push	{r4, lr}
 107              		.cfi_def_cfa_offset 8
 108              		.cfi_offset 4, -8
 109              		.cfi_offset 14, -4
 110              	.LBB43:
 111              	.LBB44:
 112              	.LBB45:
 113              	.LBB46:
 114              		.loc 2 546 0
ARM GAS  C:\Users\IDONNO~1\AppData\Local\Temp\ccVouwV8.s 			page 3


 115 0002 2023     		movs	r3, #32
 116              		.syntax unified
 117              	@ 546 "src/ChibiOS_3.0.2/os/ext/CMSIS/include/core_cmFunc.h" 1
 118 0004 83F31188 		MSR basepri, r3
 119              	@ 0 "" 2
 120              	.LVL6:
 121              		.thumb
 122              		.syntax unified
 123              	.LBE46:
 124              	.LBE45:
 125              	.LBE44:
 126              	.LBE43:
 127              		.loc 1 161 0
 128 0008 074B     		ldr	r3, .L9
 129              		.loc 1 159 0
 130 000a 0469     		ldr	r4, [r0, #16]
 131              	.LVL7:
 132              		.loc 1 161 0
 133 000c 9C42     		cmp	r4, r3
 134              		.loc 1 168 0
 135 000e 1DBF     		ittte	ne
 136 0010 A37F     		ldrbne	r3, [r4, #30]	@ zero_extendqisi2
 137 0012 0133     		addne	r3, r3, #1
 138 0014 A377     		strbne	r3, [r4, #30]
 139              		.loc 1 163 0
 140 0016 0024     		moveq	r4, #0
 141              	.LVL8:
 142              	.LBB47:
 143              	.LBB48:
 144              	.LBB49:
 145              	.LBB50:
 146              	.LBB51:
 147              		.loc 2 546 0
 148 0018 0023     		movs	r3, #0
 149              		.syntax unified
 150              	@ 546 "src/ChibiOS_3.0.2/os/ext/CMSIS/include/core_cmFunc.h" 1
 151 001a 83F31188 		MSR basepri, r3
 152              	@ 0 "" 2
 153              	.LVL9:
 154              		.thumb
 155              		.syntax unified
 156              	.LBE51:
 157              	.LBE50:
 158              	.LBE49:
 159              	.LBE48:
 160              	.LBE47:
 161              		.loc 1 173 0
 162 001e FFF7FEFF 		bl	chThdRelease
 163              	.LVL10:
 164              		.loc 1 177 0
 165 0022 2046     		mov	r0, r4
 166 0024 10BD     		pop	{r4, pc}
 167              	.LVL11:
 168              	.L10:
 169 0026 00BF     		.align	2
 170              	.L9:
 171 0028 00000000 		.word	ch
ARM GAS  C:\Users\IDONNO~1\AppData\Local\Temp\ccVouwV8.s 			page 4


 172              		.cfi_endproc
 173              	.LFE220:
 174              		.size	chRegNextThread, .-chRegNextThread
 175              		.global	ch_debug
 176              		.section	.rodata.ch_debug,"a",%progbits
 177              		.align	2
 178              		.type	ch_debug, %object
 179              		.size	ch_debug, 22
 180              	ch_debug:
 181 0000 6D       		.byte	109
 182 0001 61       		.byte	97
 183 0002 69       		.byte	105
 184 0003 6E       		.byte	110
 185 0004 00       		.byte	0
 186 0005 16       		.byte	22
 187 0006 0118     		.short	6145
 188 0008 04       		.byte	4
 189 0009 04       		.byte	4
 190 000a 48       		.byte	72
 191 000b 08       		.byte	8
 192 000c 0C       		.byte	12
 193 000d 10       		.byte	16
 194 000e 14       		.byte	20
 195 000f 18       		.byte	24
 196 0010 00       		.byte	0
 197 0011 1C       		.byte	28
 198 0012 1D       		.byte	29
 199 0013 1E       		.byte	30
 200 0014 1F       		.byte	31
 201 0015 20       		.byte	32
 202              		.text
 203              	.Letext0:
 204              		.file 3 "c:\\program files (x86)\\gnu tools arm embedded\\5.4 2016q3\\lib\\gcc\\arm-none-eabi\\5.4
 205              		.file 4 "c:\\program files (x86)\\gnu tools arm embedded\\5.4 2016q3\\arm-none-eabi\\include\\mach
 206              		.file 5 "c:\\program files (x86)\\gnu tools arm embedded\\5.4 2016q3\\arm-none-eabi\\include\\sys\
 207              		.file 6 "src/ChibiOS_3.0.2/os/rt/ports/ARMCMx/compilers/GCC/chtypes.h"
 208              		.file 7 "src/ChibiOS_3.0.2/os/rt/include/chsystypes.h"
 209              		.file 8 "src/ChibiOS_3.0.2/os/rt/include/chschd.h"
 210              		.file 9 "src/ChibiOS_3.0.2/os/rt/ports/ARMCMx/chcore.h"
 211              		.file 10 "src/ChibiOS_3.0.2/os/rt/ports/ARMCMx/chcore_v7m.h"
 212              		.file 11 "src/ChibiOS_3.0.2/os/rt/include/chtm.h"
 213              		.file 12 "src/ChibiOS_3.0.2/os/rt/include/chsem.h"
 214              		.file 13 "src/ChibiOS_3.0.2/os/rt/include/chmtx.h"
 215              		.file 14 "src/ChibiOS_3.0.2/os/rt/include/chregistry.h"
 216              		.file 15 "src/ChibiOS_3.0.2/os/rt/include/chsys.h"
 217              		.file 16 "src/ChibiOS_3.0.2/os/ext/CMSIS/include/core_cm4.h"
 218              		.file 17 "src/ChibiOS_3.0.2/os/rt/include/chdynamic.h"
 219              		.section	.debug_info,"",%progbits
 220              	.Ldebug_info0:
 221 0000 620A0000 		.4byte	0xa62
 222 0004 0400     		.2byte	0x4
 223 0006 00000000 		.4byte	.Ldebug_abbrev0
 224 000a 04       		.byte	0x4
 225 000b 01       		.uleb128 0x1
 226 000c 7B050000 		.4byte	.LASF135
 227 0010 0C       		.byte	0xc
 228 0011 D9060000 		.4byte	.LASF136
ARM GAS  C:\Users\IDONNO~1\AppData\Local\Temp\ccVouwV8.s 			page 5


 229 0015 22050000 		.4byte	.LASF137
 230 0019 00000000 		.4byte	.Ldebug_ranges0+0
 231 001d 00000000 		.4byte	0
 232 0021 00000000 		.4byte	.Ldebug_line0
 233 0025 02       		.uleb128 0x2
 234 0026 04       		.byte	0x4
 235 0027 05       		.byte	0x5
 236 0028 696E7400 		.ascii	"int\000"
 237 002c 03       		.uleb128 0x3
 238 002d 1A000000 		.4byte	.LASF2
 239 0031 03       		.byte	0x3
 240 0032 D8       		.byte	0xd8
 241 0033 37000000 		.4byte	0x37
 242 0037 04       		.uleb128 0x4
 243 0038 04       		.byte	0x4
 244 0039 07       		.byte	0x7
 245 003a B8010000 		.4byte	.LASF0
 246 003e 04       		.uleb128 0x4
 247 003f 01       		.byte	0x1
 248 0040 06       		.byte	0x6
 249 0041 EA000000 		.4byte	.LASF1
 250 0045 03       		.uleb128 0x3
 251 0046 31000000 		.4byte	.LASF3
 252 004a 04       		.byte	0x4
 253 004b 1D       		.byte	0x1d
 254 004c 50000000 		.4byte	0x50
 255 0050 04       		.uleb128 0x4
 256 0051 01       		.byte	0x1
 257 0052 08       		.byte	0x8
 258 0053 78030000 		.4byte	.LASF4
 259 0057 04       		.uleb128 0x4
 260 0058 02       		.byte	0x2
 261 0059 05       		.byte	0x5
 262 005a 90030000 		.4byte	.LASF5
 263 005e 03       		.uleb128 0x3
 264 005f A9040000 		.4byte	.LASF6
 265 0063 04       		.byte	0x4
 266 0064 2B       		.byte	0x2b
 267 0065 69000000 		.4byte	0x69
 268 0069 04       		.uleb128 0x4
 269 006a 02       		.byte	0x2
 270 006b 07       		.byte	0x7
 271 006c 07020000 		.4byte	.LASF7
 272 0070 03       		.uleb128 0x3
 273 0071 5C020000 		.4byte	.LASF8
 274 0075 04       		.byte	0x4
 275 0076 3F       		.byte	0x3f
 276 0077 7B000000 		.4byte	0x7b
 277 007b 04       		.uleb128 0x4
 278 007c 04       		.byte	0x4
 279 007d 05       		.byte	0x5
 280 007e 50010000 		.4byte	.LASF9
 281 0082 03       		.uleb128 0x3
 282 0083 E2040000 		.4byte	.LASF10
 283 0087 04       		.byte	0x4
 284 0088 41       		.byte	0x41
 285 0089 8D000000 		.4byte	0x8d
ARM GAS  C:\Users\IDONNO~1\AppData\Local\Temp\ccVouwV8.s 			page 6


 286 008d 04       		.uleb128 0x4
 287 008e 04       		.byte	0x4
 288 008f 07       		.byte	0x7
 289 0090 7B040000 		.4byte	.LASF11
 290 0094 04       		.uleb128 0x4
 291 0095 08       		.byte	0x8
 292 0096 05       		.byte	0x5
 293 0097 DC000000 		.4byte	.LASF12
 294 009b 03       		.uleb128 0x3
 295 009c 23030000 		.4byte	.LASF13
 296 00a0 04       		.byte	0x4
 297 00a1 5B       		.byte	0x5b
 298 00a2 A6000000 		.4byte	0xa6
 299 00a6 04       		.uleb128 0x4
 300 00a7 08       		.byte	0x8
 301 00a8 07       		.byte	0x7
 302 00a9 60000000 		.4byte	.LASF14
 303 00ad 03       		.uleb128 0x3
 304 00ae A5060000 		.4byte	.LASF15
 305 00b2 05       		.byte	0x5
 306 00b3 18       		.byte	0x18
 307 00b4 45000000 		.4byte	0x45
 308 00b8 03       		.uleb128 0x3
 309 00b9 CD010000 		.4byte	.LASF16
 310 00bd 05       		.byte	0x5
 311 00be 24       		.byte	0x24
 312 00bf 5E000000 		.4byte	0x5e
 313 00c3 03       		.uleb128 0x3
 314 00c4 70030000 		.4byte	.LASF17
 315 00c8 05       		.byte	0x5
 316 00c9 2C       		.byte	0x2c
 317 00ca 70000000 		.4byte	0x70
 318 00ce 03       		.uleb128 0x3
 319 00cf 46040000 		.4byte	.LASF18
 320 00d3 05       		.byte	0x5
 321 00d4 30       		.byte	0x30
 322 00d5 82000000 		.4byte	0x82
 323 00d9 03       		.uleb128 0x3
 324 00da 28000000 		.4byte	.LASF19
 325 00de 05       		.byte	0x5
 326 00df 3C       		.byte	0x3c
 327 00e0 9B000000 		.4byte	0x9b
 328 00e4 05       		.uleb128 0x5
 329 00e5 C3000000 		.4byte	0xc3
 330 00e9 03       		.uleb128 0x3
 331 00ea 1A050000 		.4byte	.LASF20
 332 00ee 06       		.byte	0x6
 333 00ef 45       		.byte	0x45
 334 00f0 CE000000 		.4byte	0xce
 335 00f4 03       		.uleb128 0x3
 336 00f5 C1030000 		.4byte	.LASF21
 337 00f9 06       		.byte	0x6
 338 00fa 48       		.byte	0x48
 339 00fb AD000000 		.4byte	0xad
 340 00ff 03       		.uleb128 0x3
 341 0100 59010000 		.4byte	.LASF22
 342 0104 06       		.byte	0x6
ARM GAS  C:\Users\IDONNO~1\AppData\Local\Temp\ccVouwV8.s 			page 7


 343 0105 49       		.byte	0x49
 344 0106 AD000000 		.4byte	0xad
 345 010a 03       		.uleb128 0x3
 346 010b 2E030000 		.4byte	.LASF23
 347 010f 06       		.byte	0x6
 348 0110 4A       		.byte	0x4a
 349 0111 AD000000 		.4byte	0xad
 350 0115 03       		.uleb128 0x3
 351 0116 36010000 		.4byte	.LASF24
 352 011a 06       		.byte	0x6
 353 011b 4B       		.byte	0x4b
 354 011c AD000000 		.4byte	0xad
 355 0120 03       		.uleb128 0x3
 356 0121 58030000 		.4byte	.LASF25
 357 0125 06       		.byte	0x6
 358 0126 4C       		.byte	0x4c
 359 0127 CE000000 		.4byte	0xce
 360 012b 03       		.uleb128 0x3
 361 012c 24020000 		.4byte	.LASF26
 362 0130 06       		.byte	0x6
 363 0131 4D       		.byte	0x4d
 364 0132 C3000000 		.4byte	0xc3
 365 0136 03       		.uleb128 0x3
 366 0137 50020000 		.4byte	.LASF27
 367 013b 06       		.byte	0x6
 368 013c 4F       		.byte	0x4f
 369 013d CE000000 		.4byte	0xce
 370 0141 03       		.uleb128 0x3
 371 0142 B2010000 		.4byte	.LASF28
 372 0146 06       		.byte	0x6
 373 0147 51       		.byte	0x51
 374 0148 C3000000 		.4byte	0xc3
 375 014c 03       		.uleb128 0x3
 376 014d C4040000 		.4byte	.LASF29
 377 0151 07       		.byte	0x7
 378 0152 33       		.byte	0x33
 379 0153 CE000000 		.4byte	0xce
 380 0157 03       		.uleb128 0x3
 381 0158 B4040000 		.4byte	.LASF30
 382 015c 07       		.byte	0x7
 383 015d 3F       		.byte	0x3f
 384 015e 62010000 		.4byte	0x162
 385 0162 06       		.uleb128 0x6
 386 0163 1A020000 		.4byte	.LASF52
 387 0167 48       		.byte	0x48
 388 0168 08       		.byte	0x8
 389 0169 C2       		.byte	0xc2
 390 016a 67020000 		.4byte	0x267
 391 016e 07       		.uleb128 0x7
 392 016f BA030000 		.4byte	.LASF31
 393 0173 08       		.byte	0x8
 394 0174 C3       		.byte	0xc3
 395 0175 72020000 		.4byte	0x272
 396 0179 00       		.byte	0
 397 017a 07       		.uleb128 0x7
 398 017b 51030000 		.4byte	.LASF32
 399 017f 08       		.byte	0x8
ARM GAS  C:\Users\IDONNO~1\AppData\Local\Temp\ccVouwV8.s 			page 8


 400 0180 C5       		.byte	0xc5
 401 0181 72020000 		.4byte	0x272
 402 0185 04       		.byte	0x4
 403 0186 07       		.uleb128 0x7
 404 0187 C8000000 		.4byte	.LASF33
 405 018b 08       		.byte	0x8
 406 018c C7       		.byte	0xc7
 407 018d 20010000 		.4byte	0x120
 408 0191 08       		.byte	0x8
 409 0192 07       		.uleb128 0x7
 410 0193 FA020000 		.4byte	.LASF34
 411 0197 08       		.byte	0x8
 412 0198 C8       		.byte	0xc8
 413 0199 A2040000 		.4byte	0x4a2
 414 019d 0C       		.byte	0xc
 415 019e 07       		.uleb128 0x7
 416 019f 6C010000 		.4byte	.LASF35
 417 01a3 08       		.byte	0x8
 418 01a4 CA       		.byte	0xca
 419 01a5 72020000 		.4byte	0x272
 420 01a9 10       		.byte	0x10
 421 01aa 07       		.uleb128 0x7
 422 01ab EC020000 		.4byte	.LASF36
 423 01af 08       		.byte	0x8
 424 01b0 CB       		.byte	0xcb
 425 01b1 72020000 		.4byte	0x272
 426 01b5 14       		.byte	0x14
 427 01b6 07       		.uleb128 0x7
 428 01b7 C7060000 		.4byte	.LASF37
 429 01bb 08       		.byte	0x8
 430 01bc D2       		.byte	0xd2
 431 01bd E7060000 		.4byte	0x6e7
 432 01c1 18       		.byte	0x18
 433 01c2 07       		.uleb128 0x7
 434 01c3 9A030000 		.4byte	.LASF38
 435 01c7 08       		.byte	0x8
 436 01c8 DD       		.byte	0xdd
 437 01c9 FF000000 		.4byte	0xff
 438 01cd 1C       		.byte	0x1c
 439 01ce 07       		.uleb128 0x7
 440 01cf D8030000 		.4byte	.LASF39
 441 01d3 08       		.byte	0x8
 442 01d4 E1       		.byte	0xe1
 443 01d5 F4000000 		.4byte	0xf4
 444 01d9 1D       		.byte	0x1d
 445 01da 07       		.uleb128 0x7
 446 01db 74050000 		.4byte	.LASF40
 447 01df 08       		.byte	0x8
 448 01e0 E6       		.byte	0xe6
 449 01e1 0A010000 		.4byte	0x10a
 450 01e5 1E       		.byte	0x1e
 451 01e6 07       		.uleb128 0x7
 452 01e7 A2030000 		.4byte	.LASF41
 453 01eb 08       		.byte	0x8
 454 01ec EC       		.byte	0xec
 455 01ed 15010000 		.4byte	0x115
 456 01f1 1F       		.byte	0x1f
ARM GAS  C:\Users\IDONNO~1\AppData\Local\Temp\ccVouwV8.s 			page 9


 457 01f2 07       		.uleb128 0x7
 458 01f3 D6010000 		.4byte	.LASF42
 459 01f7 08       		.byte	0x8
 460 01f8 F3       		.byte	0xf3
 461 01f9 F9060000 		.4byte	0x6f9
 462 01fd 20       		.byte	0x20
 463 01fe 08       		.uleb128 0x8
 464 01ff 705F7500 		.ascii	"p_u\000"
 465 0203 08       		.byte	0x8
 466 0204 3101     		.2byte	0x131
 467 0206 22060000 		.4byte	0x622
 468 020a 24       		.byte	0x24
 469 020b 09       		.uleb128 0x9
 470 020c AA020000 		.4byte	.LASF43
 471 0210 08       		.byte	0x8
 472 0211 3601     		.2byte	0x136
 473 0213 78020000 		.4byte	0x278
 474 0217 28       		.byte	0x28
 475 0218 09       		.uleb128 0x9
 476 0219 ED010000 		.4byte	.LASF44
 477 021d 08       		.byte	0x8
 478 021e 3C01     		.2byte	0x13c
 479 0220 9C020000 		.4byte	0x29c
 480 0224 2C       		.byte	0x2c
 481 0225 09       		.uleb128 0x9
 482 0226 14050000 		.4byte	.LASF45
 483 022a 08       		.byte	0x8
 484 022b 4001     		.2byte	0x140
 485 022d 2B010000 		.4byte	0x12b
 486 0231 34       		.byte	0x34
 487 0232 09       		.uleb128 0x9
 488 0233 3B040000 		.4byte	.LASF46
 489 0237 08       		.byte	0x8
 490 0238 4601     		.2byte	0x146
 491 023a 36010000 		.4byte	0x136
 492 023e 38       		.byte	0x38
 493 023f 09       		.uleb128 0x9
 494 0240 86030000 		.4byte	.LASF47
 495 0244 08       		.byte	0x8
 496 0245 4D01     		.2byte	0x14d
 497 0247 E1060000 		.4byte	0x6e1
 498 024b 3C       		.byte	0x3c
 499 024c 09       		.uleb128 0x9
 500 024d CE040000 		.4byte	.LASF48
 501 0251 08       		.byte	0x8
 502 0252 5101     		.2byte	0x151
 503 0254 20010000 		.4byte	0x120
 504 0258 40       		.byte	0x40
 505 0259 09       		.uleb128 0x9
 506 025a 13010000 		.4byte	.LASF49
 507 025e 08       		.byte	0x8
 508 025f 5801     		.2byte	0x158
 509 0261 4F030000 		.4byte	0x34f
 510 0265 44       		.byte	0x44
 511 0266 00       		.byte	0
 512 0267 03       		.uleb128 0x3
 513 0268 AD060000 		.4byte	.LASF50
ARM GAS  C:\Users\IDONNO~1\AppData\Local\Temp\ccVouwV8.s 			page 10


 514 026c 07       		.byte	0x7
 515 026d 44       		.byte	0x44
 516 026e 72020000 		.4byte	0x272
 517 0272 0A       		.uleb128 0xa
 518 0273 04       		.byte	0x4
 519 0274 57010000 		.4byte	0x157
 520 0278 03       		.uleb128 0x3
 521 0279 87020000 		.4byte	.LASF51
 522 027d 07       		.byte	0x7
 523 027e 49       		.byte	0x49
 524 027f 83020000 		.4byte	0x283
 525 0283 06       		.uleb128 0x6
 526 0284 63040000 		.4byte	.LASF53
 527 0288 04       		.byte	0x4
 528 0289 08       		.byte	0x8
 529 028a B0       		.byte	0xb0
 530 028b 9C020000 		.4byte	0x29c
 531 028f 07       		.uleb128 0x7
 532 0290 BA030000 		.4byte	.LASF31
 533 0294 08       		.byte	0x8
 534 0295 B1       		.byte	0xb1
 535 0296 72020000 		.4byte	0x272
 536 029a 00       		.byte	0
 537 029b 00       		.byte	0
 538 029c 03       		.uleb128 0x3
 539 029d 00040000 		.4byte	.LASF54
 540 02a1 07       		.byte	0x7
 541 02a2 50       		.byte	0x50
 542 02a3 A7020000 		.4byte	0x2a7
 543 02a7 06       		.uleb128 0x6
 544 02a8 B7000000 		.4byte	.LASF55
 545 02ac 08       		.byte	0x8
 546 02ad 08       		.byte	0x8
 547 02ae B7       		.byte	0xb7
 548 02af CC020000 		.4byte	0x2cc
 549 02b3 07       		.uleb128 0x7
 550 02b4 BA030000 		.4byte	.LASF31
 551 02b8 08       		.byte	0x8
 552 02b9 B8       		.byte	0xb8
 553 02ba 72020000 		.4byte	0x272
 554 02be 00       		.byte	0
 555 02bf 07       		.uleb128 0x7
 556 02c0 51030000 		.4byte	.LASF32
 557 02c4 08       		.byte	0x8
 558 02c5 B9       		.byte	0xb9
 559 02c6 72020000 		.4byte	0x272
 560 02ca 04       		.byte	0x4
 561 02cb 00       		.byte	0
 562 02cc 03       		.uleb128 0x3
 563 02cd 0D000000 		.4byte	.LASF56
 564 02d1 07       		.byte	0x7
 565 02d2 57       		.byte	0x57
 566 02d3 D7020000 		.4byte	0x2d7
 567 02d7 0B       		.uleb128 0xb
 568 02d8 42020000 		.4byte	.LASF57
 569 02dc 1C       		.byte	0x1c
 570 02dd 08       		.byte	0x8
ARM GAS  C:\Users\IDONNO~1\AppData\Local\Temp\ccVouwV8.s 			page 11


 571 02de 9001     		.2byte	0x190
 572 02e0 33030000 		.4byte	0x333
 573 02e4 09       		.uleb128 0x9
 574 02e5 5B040000 		.4byte	.LASF58
 575 02e9 08       		.byte	0x8
 576 02ea 9101     		.2byte	0x191
 577 02ec 9C020000 		.4byte	0x29c
 578 02f0 00       		.byte	0
 579 02f1 09       		.uleb128 0x9
 580 02f2 AC030000 		.4byte	.LASF59
 581 02f6 08       		.byte	0x8
 582 02f7 9201     		.2byte	0x192
 583 02f9 20010000 		.4byte	0x120
 584 02fd 08       		.byte	0x8
 585 02fe 09       		.uleb128 0x9
 586 02ff F4020000 		.4byte	.LASF60
 587 0303 08       		.byte	0x8
 588 0304 9401     		.2byte	0x194
 589 0306 A2040000 		.4byte	0x4a2
 590 030a 0C       		.byte	0xc
 591 030b 09       		.uleb128 0x9
 592 030c 7C010000 		.4byte	.LASF61
 593 0310 08       		.byte	0x8
 594 0311 9701     		.2byte	0x197
 595 0313 72020000 		.4byte	0x272
 596 0317 10       		.byte	0x10
 597 0318 09       		.uleb128 0x9
 598 0319 1B030000 		.4byte	.LASF62
 599 031d 08       		.byte	0x8
 600 031e 9801     		.2byte	0x198
 601 0320 72020000 		.4byte	0x272
 602 0324 14       		.byte	0x14
 603 0325 09       		.uleb128 0x9
 604 0326 11030000 		.4byte	.LASF63
 605 032a 08       		.byte	0x8
 606 032b 9B01     		.2byte	0x19b
 607 032d 72020000 		.4byte	0x272
 608 0331 18       		.byte	0x18
 609 0332 00       		.byte	0
 610 0333 03       		.uleb128 0x3
 611 0334 D9040000 		.4byte	.LASF64
 612 0338 07       		.byte	0x7
 613 0339 5C       		.byte	0x5c
 614 033a 3E030000 		.4byte	0x33e
 615 033e 0A       		.uleb128 0xa
 616 033f 04       		.byte	0x4
 617 0340 44030000 		.4byte	0x344
 618 0344 0C       		.uleb128 0xc
 619 0345 4F030000 		.4byte	0x34f
 620 0349 0D       		.uleb128 0xd
 621 034a 4F030000 		.4byte	0x34f
 622 034e 00       		.byte	0
 623 034f 0E       		.uleb128 0xe
 624 0350 04       		.byte	0x4
 625 0351 03       		.uleb128 0x3
 626 0352 41030000 		.4byte	.LASF65
 627 0356 07       		.byte	0x7
ARM GAS  C:\Users\IDONNO~1\AppData\Local\Temp\ccVouwV8.s 			page 12


 628 0357 61       		.byte	0x61
 629 0358 5C030000 		.4byte	0x35c
 630 035c 0B       		.uleb128 0xb
 631 035d 10040000 		.4byte	.LASF66
 632 0361 14       		.byte	0x14
 633 0362 08       		.byte	0x8
 634 0363 6B01     		.2byte	0x16b
 635 0365 AB030000 		.4byte	0x3ab
 636 0369 09       		.uleb128 0x9
 637 036a C5010000 		.4byte	.LASF67
 638 036e 08       		.byte	0x8
 639 036f 6C01     		.2byte	0x16c
 640 0371 FE060000 		.4byte	0x6fe
 641 0375 00       		.byte	0
 642 0376 09       		.uleb128 0x9
 643 0377 8D010000 		.4byte	.LASF68
 644 037b 08       		.byte	0x8
 645 037c 6D01     		.2byte	0x16d
 646 037e FE060000 		.4byte	0x6fe
 647 0382 04       		.byte	0x4
 648 0383 09       		.uleb128 0x9
 649 0384 E4010000 		.4byte	.LASF69
 650 0388 08       		.byte	0x8
 651 0389 6E01     		.2byte	0x16e
 652 038b 4C010000 		.4byte	0x14c
 653 038f 08       		.byte	0x8
 654 0390 09       		.uleb128 0x9
 655 0391 2F070000 		.4byte	.LASF70
 656 0395 08       		.byte	0x8
 657 0396 6F01     		.2byte	0x16f
 658 0398 33030000 		.4byte	0x333
 659 039c 0C       		.byte	0xc
 660 039d 09       		.uleb128 0x9
 661 039e 59050000 		.4byte	.LASF71
 662 03a2 08       		.byte	0x8
 663 03a3 7101     		.2byte	0x171
 664 03a5 4F030000 		.4byte	0x34f
 665 03a9 10       		.byte	0x10
 666 03aa 00       		.byte	0
 667 03ab 03       		.uleb128 0x3
 668 03ac 66020000 		.4byte	.LASF72
 669 03b0 07       		.byte	0x7
 670 03b1 66       		.byte	0x66
 671 03b2 B6030000 		.4byte	0x3b6
 672 03b6 0B       		.uleb128 0xb
 673 03b7 BD020000 		.4byte	.LASF73
 674 03bb 10       		.byte	0x10
 675 03bc 08       		.byte	0x8
 676 03bd 7B01     		.2byte	0x17b
 677 03bf F8030000 		.4byte	0x3f8
 678 03c3 09       		.uleb128 0x9
 679 03c4 C5010000 		.4byte	.LASF67
 680 03c8 08       		.byte	0x8
 681 03c9 7C01     		.2byte	0x17c
 682 03cb FE060000 		.4byte	0x6fe
 683 03cf 00       		.byte	0
 684 03d0 09       		.uleb128 0x9
ARM GAS  C:\Users\IDONNO~1\AppData\Local\Temp\ccVouwV8.s 			page 13


 685 03d1 8D010000 		.4byte	.LASF68
 686 03d5 08       		.byte	0x8
 687 03d6 7E01     		.2byte	0x17e
 688 03d8 FE060000 		.4byte	0x6fe
 689 03dc 04       		.byte	0x4
 690 03dd 09       		.uleb128 0x9
 691 03de E4010000 		.4byte	.LASF69
 692 03e2 08       		.byte	0x8
 693 03e3 8001     		.2byte	0x180
 694 03e5 4C010000 		.4byte	0x14c
 695 03e9 08       		.byte	0x8
 696 03ea 09       		.uleb128 0x9
 697 03eb CE060000 		.4byte	.LASF74
 698 03ef 08       		.byte	0x8
 699 03f0 8201     		.2byte	0x182
 700 03f2 F9060000 		.4byte	0x6f9
 701 03f6 0C       		.byte	0xc
 702 03f7 00       		.byte	0
 703 03f8 03       		.uleb128 0x3
 704 03f9 47000000 		.4byte	.LASF75
 705 03fd 07       		.byte	0x7
 706 03fe 6B       		.byte	0x6b
 707 03ff 03040000 		.4byte	0x403
 708 0403 0B       		.uleb128 0xb
 709 0404 60030000 		.4byte	.LASF76
 710 0408 04       		.byte	0x4
 711 0409 08       		.byte	0x8
 712 040a A201     		.2byte	0x1a2
 713 040c 1E040000 		.4byte	0x41e
 714 0410 09       		.uleb128 0x9
 715 0411 FB040000 		.4byte	.LASF77
 716 0415 08       		.byte	0x8
 717 0416 AA01     		.2byte	0x1aa
 718 0418 04070000 		.4byte	0x704
 719 041c 00       		.byte	0
 720 041d 00       		.byte	0
 721 041e 03       		.uleb128 0x3
 722 041f 2A020000 		.4byte	.LASF78
 723 0423 07       		.byte	0x7
 724 0424 70       		.byte	0x70
 725 0425 29040000 		.4byte	0x429
 726 0429 0F       		.uleb128 0xf
 727 042a 46010000 		.4byte	.LASF79
 728 042e 5802     		.2byte	0x258
 729 0430 08       		.byte	0x8
 730 0431 C201     		.2byte	0x1c2
 731 0433 85040000 		.4byte	0x485
 732 0437 09       		.uleb128 0x9
 733 0438 9F060000 		.4byte	.LASF80
 734 043c 08       		.byte	0x8
 735 043d C601     		.2byte	0x1c6
 736 043f CC020000 		.4byte	0x2cc
 737 0443 00       		.byte	0
 738 0444 09       		.uleb128 0x9
 739 0445 23010000 		.4byte	.LASF81
 740 0449 08       		.byte	0x8
 741 044a CA01     		.2byte	0x1ca
ARM GAS  C:\Users\IDONNO~1\AppData\Local\Temp\ccVouwV8.s 			page 14


 742 044c AB030000 		.4byte	0x3ab
 743 0450 1C       		.byte	0x1c
 744 0451 08       		.uleb128 0x8
 745 0452 64626700 		.ascii	"dbg\000"
 746 0456 08       		.byte	0x8
 747 0457 CE01     		.2byte	0x1ce
 748 0459 F8030000 		.4byte	0x3f8
 749 045d 2C       		.byte	0x2c
 750 045e 09       		.uleb128 0x9
 751 045f 8E000000 		.4byte	.LASF82
 752 0463 08       		.byte	0x8
 753 0464 D201     		.2byte	0x1d2
 754 0466 57010000 		.4byte	0x157
 755 046a 30       		.byte	0x30
 756 046b 08       		.uleb128 0x8
 757 046c 746D00   		.ascii	"tm\000"
 758 046f 08       		.byte	0x8
 759 0470 D701     		.2byte	0x1d7
 760 0472 17060000 		.4byte	0x617
 761 0476 78       		.byte	0x78
 762 0477 09       		.uleb128 0x9
 763 0478 A3010000 		.4byte	.LASF83
 764 047c 08       		.byte	0x8
 765 047d E301     		.2byte	0x1e3
 766 047f 09070000 		.4byte	0x709
 767 0483 80       		.byte	0x80
 768 0484 00       		.byte	0
 769 0485 04       		.uleb128 0x4
 770 0486 04       		.byte	0x4
 771 0487 07       		.byte	0x7
 772 0488 B4020000 		.4byte	.LASF84
 773 048c 03       		.uleb128 0x3
 774 048d 84010000 		.4byte	.LASF85
 775 0491 09       		.byte	0x9
 776 0492 65       		.byte	0x65
 777 0493 4F030000 		.4byte	0x34f
 778 0497 03       		.uleb128 0x3
 779 0498 7C020000 		.4byte	.LASF86
 780 049c 09       		.byte	0x9
 781 049d 6D       		.byte	0x6d
 782 049e D9000000 		.4byte	0xd9
 783 04a2 06       		.uleb128 0x6
 784 04a3 0C050000 		.4byte	.LASF87
 785 04a7 04       		.byte	0x4
 786 04a8 09       		.byte	0x9
 787 04a9 89       		.byte	0x89
 788 04aa BB040000 		.4byte	0x4bb
 789 04ae 10       		.uleb128 0x10
 790 04af 72313300 		.ascii	"r13\000"
 791 04b3 09       		.byte	0x9
 792 04b4 8A       		.byte	0x8a
 793 04b5 FC050000 		.4byte	0x5fc
 794 04b9 00       		.byte	0
 795 04ba 00       		.byte	0
 796 04bb 06       		.uleb128 0x6
 797 04bc 3B000000 		.4byte	.LASF88
 798 04c0 64       		.byte	0x64
ARM GAS  C:\Users\IDONNO~1\AppData\Local\Temp\ccVouwV8.s 			page 15


 799 04c1 0A       		.byte	0xa
 800 04c2 F4       		.byte	0xf4
 801 04c3 FC050000 		.4byte	0x5fc
 802 04c7 10       		.uleb128 0x10
 803 04c8 73313600 		.ascii	"s16\000"
 804 04cc 0A       		.byte	0xa
 805 04cd F6       		.byte	0xf6
 806 04ce 8C040000 		.4byte	0x48c
 807 04d2 00       		.byte	0
 808 04d3 10       		.uleb128 0x10
 809 04d4 73313700 		.ascii	"s17\000"
 810 04d8 0A       		.byte	0xa
 811 04d9 F7       		.byte	0xf7
 812 04da 8C040000 		.4byte	0x48c
 813 04de 04       		.byte	0x4
 814 04df 10       		.uleb128 0x10
 815 04e0 73313800 		.ascii	"s18\000"
 816 04e4 0A       		.byte	0xa
 817 04e5 F8       		.byte	0xf8
 818 04e6 8C040000 		.4byte	0x48c
 819 04ea 08       		.byte	0x8
 820 04eb 10       		.uleb128 0x10
 821 04ec 73313900 		.ascii	"s19\000"
 822 04f0 0A       		.byte	0xa
 823 04f1 F9       		.byte	0xf9
 824 04f2 8C040000 		.4byte	0x48c
 825 04f6 0C       		.byte	0xc
 826 04f7 10       		.uleb128 0x10
 827 04f8 73323000 		.ascii	"s20\000"
 828 04fc 0A       		.byte	0xa
 829 04fd FA       		.byte	0xfa
 830 04fe 8C040000 		.4byte	0x48c
 831 0502 10       		.byte	0x10
 832 0503 10       		.uleb128 0x10
 833 0504 73323100 		.ascii	"s21\000"
 834 0508 0A       		.byte	0xa
 835 0509 FB       		.byte	0xfb
 836 050a 8C040000 		.4byte	0x48c
 837 050e 14       		.byte	0x14
 838 050f 10       		.uleb128 0x10
 839 0510 73323200 		.ascii	"s22\000"
 840 0514 0A       		.byte	0xa
 841 0515 FC       		.byte	0xfc
 842 0516 8C040000 		.4byte	0x48c
 843 051a 18       		.byte	0x18
 844 051b 10       		.uleb128 0x10
 845 051c 73323300 		.ascii	"s23\000"
 846 0520 0A       		.byte	0xa
 847 0521 FD       		.byte	0xfd
 848 0522 8C040000 		.4byte	0x48c
 849 0526 1C       		.byte	0x1c
 850 0527 10       		.uleb128 0x10
 851 0528 73323400 		.ascii	"s24\000"
 852 052c 0A       		.byte	0xa
 853 052d FE       		.byte	0xfe
 854 052e 8C040000 		.4byte	0x48c
 855 0532 20       		.byte	0x20
ARM GAS  C:\Users\IDONNO~1\AppData\Local\Temp\ccVouwV8.s 			page 16


 856 0533 10       		.uleb128 0x10
 857 0534 73323500 		.ascii	"s25\000"
 858 0538 0A       		.byte	0xa
 859 0539 FF       		.byte	0xff
 860 053a 8C040000 		.4byte	0x48c
 861 053e 24       		.byte	0x24
 862 053f 08       		.uleb128 0x8
 863 0540 73323600 		.ascii	"s26\000"
 864 0544 0A       		.byte	0xa
 865 0545 0001     		.2byte	0x100
 866 0547 8C040000 		.4byte	0x48c
 867 054b 28       		.byte	0x28
 868 054c 08       		.uleb128 0x8
 869 054d 73323700 		.ascii	"s27\000"
 870 0551 0A       		.byte	0xa
 871 0552 0101     		.2byte	0x101
 872 0554 8C040000 		.4byte	0x48c
 873 0558 2C       		.byte	0x2c
 874 0559 08       		.uleb128 0x8
 875 055a 73323800 		.ascii	"s28\000"
 876 055e 0A       		.byte	0xa
 877 055f 0201     		.2byte	0x102
 878 0561 8C040000 		.4byte	0x48c
 879 0565 30       		.byte	0x30
 880 0566 08       		.uleb128 0x8
 881 0567 73323900 		.ascii	"s29\000"
 882 056b 0A       		.byte	0xa
 883 056c 0301     		.2byte	0x103
 884 056e 8C040000 		.4byte	0x48c
 885 0572 34       		.byte	0x34
 886 0573 08       		.uleb128 0x8
 887 0574 73333000 		.ascii	"s30\000"
 888 0578 0A       		.byte	0xa
 889 0579 0401     		.2byte	0x104
 890 057b 8C040000 		.4byte	0x48c
 891 057f 38       		.byte	0x38
 892 0580 08       		.uleb128 0x8
 893 0581 73333100 		.ascii	"s31\000"
 894 0585 0A       		.byte	0xa
 895 0586 0501     		.2byte	0x105
 896 0588 8C040000 		.4byte	0x48c
 897 058c 3C       		.byte	0x3c
 898 058d 08       		.uleb128 0x8
 899 058e 723400   		.ascii	"r4\000"
 900 0591 0A       		.byte	0xa
 901 0592 0701     		.2byte	0x107
 902 0594 8C040000 		.4byte	0x48c
 903 0598 40       		.byte	0x40
 904 0599 08       		.uleb128 0x8
 905 059a 723500   		.ascii	"r5\000"
 906 059d 0A       		.byte	0xa
 907 059e 0801     		.2byte	0x108
 908 05a0 8C040000 		.4byte	0x48c
 909 05a4 44       		.byte	0x44
 910 05a5 08       		.uleb128 0x8
 911 05a6 723600   		.ascii	"r6\000"
 912 05a9 0A       		.byte	0xa
ARM GAS  C:\Users\IDONNO~1\AppData\Local\Temp\ccVouwV8.s 			page 17


 913 05aa 0901     		.2byte	0x109
 914 05ac 8C040000 		.4byte	0x48c
 915 05b0 48       		.byte	0x48
 916 05b1 08       		.uleb128 0x8
 917 05b2 723700   		.ascii	"r7\000"
 918 05b5 0A       		.byte	0xa
 919 05b6 0A01     		.2byte	0x10a
 920 05b8 8C040000 		.4byte	0x48c
 921 05bc 4C       		.byte	0x4c
 922 05bd 08       		.uleb128 0x8
 923 05be 723800   		.ascii	"r8\000"
 924 05c1 0A       		.byte	0xa
 925 05c2 0B01     		.2byte	0x10b
 926 05c4 8C040000 		.4byte	0x48c
 927 05c8 50       		.byte	0x50
 928 05c9 08       		.uleb128 0x8
 929 05ca 723900   		.ascii	"r9\000"
 930 05cd 0A       		.byte	0xa
 931 05ce 0C01     		.2byte	0x10c
 932 05d0 8C040000 		.4byte	0x48c
 933 05d4 54       		.byte	0x54
 934 05d5 08       		.uleb128 0x8
 935 05d6 72313000 		.ascii	"r10\000"
 936 05da 0A       		.byte	0xa
 937 05db 0D01     		.2byte	0x10d
 938 05dd 8C040000 		.4byte	0x48c
 939 05e1 58       		.byte	0x58
 940 05e2 08       		.uleb128 0x8
 941 05e3 72313100 		.ascii	"r11\000"
 942 05e7 0A       		.byte	0xa
 943 05e8 0E01     		.2byte	0x10e
 944 05ea 8C040000 		.4byte	0x48c
 945 05ee 5C       		.byte	0x5c
 946 05ef 08       		.uleb128 0x8
 947 05f0 6C7200   		.ascii	"lr\000"
 948 05f3 0A       		.byte	0xa
 949 05f4 0F01     		.2byte	0x10f
 950 05f6 8C040000 		.4byte	0x48c
 951 05fa 60       		.byte	0x60
 952 05fb 00       		.byte	0
 953 05fc 0A       		.uleb128 0xa
 954 05fd 04       		.byte	0x4
 955 05fe BB040000 		.4byte	0x4bb
 956 0602 11       		.uleb128 0x11
 957 0603 04       		.byte	0x4
 958 0604 0B       		.byte	0xb
 959 0605 38       		.byte	0x38
 960 0606 17060000 		.4byte	0x617
 961 060a 07       		.uleb128 0x7
 962 060b 05050000 		.4byte	.LASF89
 963 060f 0B       		.byte	0xb
 964 0610 3C       		.byte	0x3c
 965 0611 E9000000 		.4byte	0xe9
 966 0615 00       		.byte	0
 967 0616 00       		.byte	0
 968 0617 03       		.uleb128 0x3
 969 0618 00030000 		.4byte	.LASF90
ARM GAS  C:\Users\IDONNO~1\AppData\Local\Temp\ccVouwV8.s 			page 18


 970 061c 0B       		.byte	0xb
 971 061d 3D       		.byte	0x3d
 972 061e 02060000 		.4byte	0x602
 973 0622 12       		.uleb128 0x12
 974 0623 04       		.byte	0x4
 975 0624 08       		.byte	0x8
 976 0625 FA       		.byte	0xfa
 977 0626 7F060000 		.4byte	0x67f
 978 062a 13       		.uleb128 0x13
 979 062b 21000000 		.4byte	.LASF91
 980 062f 08       		.byte	0x8
 981 0630 0101     		.2byte	0x101
 982 0632 2B010000 		.4byte	0x12b
 983 0636 13       		.uleb128 0x13
 984 0637 85000000 		.4byte	.LASF92
 985 063b 08       		.byte	0x8
 986 063c 0801     		.2byte	0x108
 987 063e 2B010000 		.4byte	0x12b
 988 0642 13       		.uleb128 0x13
 989 0643 C0060000 		.4byte	.LASF93
 990 0647 08       		.byte	0x8
 991 0648 0F01     		.2byte	0x10f
 992 064a 4F030000 		.4byte	0x34f
 993 064e 13       		.uleb128 0x13
 994 064f 40010000 		.4byte	.LASF94
 995 0653 08       		.byte	0x8
 996 0654 1601     		.2byte	0x116
 997 0656 7F060000 		.4byte	0x67f
 998 065a 13       		.uleb128 0x13
 999 065b DD010000 		.4byte	.LASF95
 1000 065f 08       		.byte	0x8
 1001 0660 1E01     		.2byte	0x11e
 1002 0662 AA060000 		.4byte	0x6aa
 1003 0666 13       		.uleb128 0x13
 1004 0667 A2040000 		.4byte	.LASF96
 1005 066b 08       		.byte	0x8
 1006 066c 2701     		.2byte	0x127
 1007 066e E1060000 		.4byte	0x6e1
 1008 0672 13       		.uleb128 0x13
 1009 0673 B3030000 		.4byte	.LASF97
 1010 0677 08       		.byte	0x8
 1011 0678 2F01     		.2byte	0x12f
 1012 067a 36010000 		.4byte	0x136
 1013 067e 00       		.byte	0
 1014 067f 0A       		.uleb128 0xa
 1015 0680 04       		.byte	0x4
 1016 0681 67020000 		.4byte	0x267
 1017 0685 06       		.uleb128 0x6
 1018 0686 2E040000 		.4byte	.LASF98
 1019 068a 0C       		.byte	0xc
 1020 068b 0C       		.byte	0xc
 1021 068c 34       		.byte	0x34
 1022 068d AA060000 		.4byte	0x6aa
 1023 0691 07       		.uleb128 0x7
 1024 0692 74010000 		.4byte	.LASF99
 1025 0696 0C       		.byte	0xc
 1026 0697 35       		.byte	0x35
ARM GAS  C:\Users\IDONNO~1\AppData\Local\Temp\ccVouwV8.s 			page 19


 1027 0698 9C020000 		.4byte	0x29c
 1028 069c 00       		.byte	0
 1029 069d 07       		.uleb128 0x7
 1030 069e 01020000 		.4byte	.LASF100
 1031 06a2 0C       		.byte	0xc
 1032 06a3 37       		.byte	0x37
 1033 06a4 41010000 		.4byte	0x141
 1034 06a8 08       		.byte	0x8
 1035 06a9 00       		.byte	0
 1036 06aa 0A       		.uleb128 0xa
 1037 06ab 04       		.byte	0x4
 1038 06ac 85060000 		.4byte	0x685
 1039 06b0 06       		.uleb128 0x6
 1040 06b1 6B050000 		.4byte	.LASF101
 1041 06b5 10       		.byte	0x10
 1042 06b6 0D       		.byte	0xd
 1043 06b7 39       		.byte	0x39
 1044 06b8 E1060000 		.4byte	0x6e1
 1045 06bc 07       		.uleb128 0x7
 1046 06bd 1B010000 		.4byte	.LASF102
 1047 06c1 0D       		.byte	0xd
 1048 06c2 3A       		.byte	0x3a
 1049 06c3 9C020000 		.4byte	0x29c
 1050 06c7 00       		.byte	0
 1051 06c8 07       		.uleb128 0x7
 1052 06c9 19070000 		.4byte	.LASF103
 1053 06cd 0D       		.byte	0xd
 1054 06ce 3C       		.byte	0x3c
 1055 06cf 72020000 		.4byte	0x272
 1056 06d3 08       		.byte	0x8
 1057 06d4 07       		.uleb128 0x7
 1058 06d5 BD040000 		.4byte	.LASF104
 1059 06d9 0D       		.byte	0xd
 1060 06da 3E       		.byte	0x3e
 1061 06db 20080000 		.4byte	0x820
 1062 06df 0C       		.byte	0xc
 1063 06e0 00       		.byte	0
 1064 06e1 0A       		.uleb128 0xa
 1065 06e2 04       		.byte	0x4
 1066 06e3 B0060000 		.4byte	0x6b0
 1067 06e7 0A       		.uleb128 0xa
 1068 06e8 04       		.byte	0x4
 1069 06e9 F4060000 		.4byte	0x6f4
 1070 06ed 04       		.uleb128 0x4
 1071 06ee 01       		.byte	0x1
 1072 06ef 08       		.byte	0x8
 1073 06f0 8D040000 		.4byte	.LASF105
 1074 06f4 14       		.uleb128 0x14
 1075 06f5 ED060000 		.4byte	0x6ed
 1076 06f9 05       		.uleb128 0x5
 1077 06fa 4C010000 		.4byte	0x14c
 1078 06fe 0A       		.uleb128 0xa
 1079 06ff 04       		.byte	0x4
 1080 0700 51030000 		.4byte	0x351
 1081 0704 05       		.uleb128 0x5
 1082 0705 E7060000 		.4byte	0x6e7
 1083 0709 15       		.uleb128 0x15
ARM GAS  C:\Users\IDONNO~1\AppData\Local\Temp\ccVouwV8.s 			page 20


 1084 070a 97040000 		.4byte	0x497
 1085 070e 19070000 		.4byte	0x719
 1086 0712 16       		.uleb128 0x16
 1087 0713 85040000 		.4byte	0x485
 1088 0717 3A       		.byte	0x3a
 1089 0718 00       		.byte	0
 1090 0719 11       		.uleb128 0x11
 1091 071a 16       		.byte	0x16
 1092 071b 0E       		.byte	0xe
 1093 071c 34       		.byte	0x34
 1094 071d FA070000 		.4byte	0x7fa
 1095 0721 07       		.uleb128 0x7
 1096 0722 21070000 		.4byte	.LASF106
 1097 0726 0E       		.byte	0xe
 1098 0727 35       		.byte	0x35
 1099 0728 FA070000 		.4byte	0x7fa
 1100 072c 00       		.byte	0
 1101 072d 07       		.uleb128 0x7
 1102 072e 96020000 		.4byte	.LASF107
 1103 0732 0E       		.byte	0xe
 1104 0733 36       		.byte	0x36
 1105 0734 AD000000 		.4byte	0xad
 1106 0738 04       		.byte	0x4
 1107 0739 07       		.uleb128 0x7
 1108 073a 73040000 		.4byte	.LASF108
 1109 073e 0E       		.byte	0xe
 1110 073f 37       		.byte	0x37
 1111 0740 AD000000 		.4byte	0xad
 1112 0744 05       		.byte	0x5
 1113 0745 07       		.uleb128 0x7
 1114 0746 0E070000 		.4byte	.LASF109
 1115 074a 0E       		.byte	0xe
 1116 074b 38       		.byte	0x38
 1117 074c B8000000 		.4byte	0xb8
 1118 0750 06       		.byte	0x6
 1119 0751 07       		.uleb128 0x7
 1120 0752 36030000 		.4byte	.LASF110
 1121 0756 0E       		.byte	0xe
 1122 0757 39       		.byte	0x39
 1123 0758 AD000000 		.4byte	0xad
 1124 075c 08       		.byte	0x8
 1125 075d 07       		.uleb128 0x7
 1126 075e D4020000 		.4byte	.LASF111
 1127 0762 0E       		.byte	0xe
 1128 0763 3A       		.byte	0x3a
 1129 0764 AD000000 		.4byte	0xad
 1130 0768 09       		.byte	0x9
 1131 0769 07       		.uleb128 0x7
 1132 076a 77000000 		.4byte	.LASF112
 1133 076e 0E       		.byte	0xe
 1134 076f 3B       		.byte	0x3b
 1135 0770 AD000000 		.4byte	0xad
 1136 0774 0A       		.byte	0xa
 1137 0775 07       		.uleb128 0x7
 1138 0776 4F040000 		.4byte	.LASF113
 1139 077a 0E       		.byte	0xe
 1140 077b 3C       		.byte	0x3c
ARM GAS  C:\Users\IDONNO~1\AppData\Local\Temp\ccVouwV8.s 			page 21


 1141 077c AD000000 		.4byte	0xad
 1142 0780 0B       		.byte	0xb
 1143 0781 07       		.uleb128 0x7
 1144 0782 60050000 		.4byte	.LASF114
 1145 0786 0E       		.byte	0xe
 1146 0787 3D       		.byte	0x3d
 1147 0788 AD000000 		.4byte	0xad
 1148 078c 0C       		.byte	0xc
 1149 078d 07       		.uleb128 0x7
 1150 078e 21040000 		.4byte	.LASF115
 1151 0792 0E       		.byte	0xe
 1152 0793 3E       		.byte	0x3e
 1153 0794 AD000000 		.4byte	0xad
 1154 0798 0D       		.byte	0xd
 1155 0799 07       		.uleb128 0x7
 1156 079a 00000000 		.4byte	.LASF116
 1157 079e 0E       		.byte	0xe
 1158 079f 3F       		.byte	0x3f
 1159 07a0 AD000000 		.4byte	0xad
 1160 07a4 0E       		.byte	0xe
 1161 07a5 07       		.uleb128 0x7
 1162 07a6 E0020000 		.4byte	.LASF117
 1163 07aa 0E       		.byte	0xe
 1164 07ab 40       		.byte	0x40
 1165 07ac AD000000 		.4byte	0xad
 1166 07b0 0F       		.byte	0xf
 1167 07b1 07       		.uleb128 0x7
 1168 07b2 F6000000 		.4byte	.LASF118
 1169 07b6 0E       		.byte	0xe
 1170 07b7 41       		.byte	0x41
 1171 07b8 AD000000 		.4byte	0xad
 1172 07bc 10       		.byte	0x10
 1173 07bd 07       		.uleb128 0x7
 1174 07be CF000000 		.4byte	.LASF119
 1175 07c2 0E       		.byte	0xe
 1176 07c3 43       		.byte	0x43
 1177 07c4 AD000000 		.4byte	0xad
 1178 07c8 11       		.byte	0x11
 1179 07c9 07       		.uleb128 0x7
 1180 07ca 06010000 		.4byte	.LASF120
 1181 07ce 0E       		.byte	0xe
 1182 07cf 44       		.byte	0x44
 1183 07d0 AD000000 		.4byte	0xad
 1184 07d4 12       		.byte	0x12
 1185 07d5 07       		.uleb128 0x7
 1186 07d6 9E020000 		.4byte	.LASF121
 1187 07da 0E       		.byte	0xe
 1188 07db 45       		.byte	0x45
 1189 07dc AD000000 		.4byte	0xad
 1190 07e0 13       		.byte	0x13
 1191 07e1 07       		.uleb128 0x7
 1192 07e2 C9030000 		.4byte	.LASF122
 1193 07e6 0E       		.byte	0xe
 1194 07e7 46       		.byte	0x46
 1195 07e8 AD000000 		.4byte	0xad
 1196 07ec 14       		.byte	0x14
 1197 07ed 07       		.uleb128 0x7
ARM GAS  C:\Users\IDONNO~1\AppData\Local\Temp\ccVouwV8.s 			page 22


 1198 07ee 36020000 		.4byte	.LASF123
 1199 07f2 0E       		.byte	0xe
 1200 07f3 48       		.byte	0x48
 1201 07f4 AD000000 		.4byte	0xad
 1202 07f8 15       		.byte	0x15
 1203 07f9 00       		.byte	0
 1204 07fa 15       		.uleb128 0x15
 1205 07fb ED060000 		.4byte	0x6ed
 1206 07ff 0A080000 		.4byte	0x80a
 1207 0803 16       		.uleb128 0x16
 1208 0804 85040000 		.4byte	0x485
 1209 0808 03       		.byte	0x3
 1210 0809 00       		.byte	0
 1211 080a 03       		.uleb128 0x3
 1212 080b 62010000 		.4byte	.LASF124
 1213 080f 0E       		.byte	0xe
 1214 0810 49       		.byte	0x49
 1215 0811 19070000 		.4byte	0x719
 1216 0815 03       		.uleb128 0x3
 1217 0816 95010000 		.4byte	.LASF125
 1218 081a 0D       		.byte	0xd
 1219 081b 34       		.byte	0x34
 1220 081c B0060000 		.4byte	0x6b0
 1221 0820 0A       		.uleb128 0xa
 1222 0821 04       		.byte	0x4
 1223 0822 15080000 		.4byte	0x815
 1224 0826 17       		.uleb128 0x17
 1225 0827 ED040000 		.4byte	.LASF128
 1226 082b 02       		.byte	0x2
 1227 082c 2002     		.2byte	0x220
 1228 082e 03       		.byte	0x3
 1229 082f 40080000 		.4byte	0x840
 1230 0833 18       		.uleb128 0x18
 1231 0834 9D010000 		.4byte	.LASF138
 1232 0838 02       		.byte	0x2
 1233 0839 2002     		.2byte	0x220
 1234 083b CE000000 		.4byte	0xce
 1235 083f 00       		.byte	0
 1236 0840 19       		.uleb128 0x19
 1237 0841 56000000 		.4byte	.LASF126
 1238 0845 0A       		.byte	0xa
 1239 0846 BC01     		.2byte	0x1bc
 1240 0848 03       		.byte	0x3
 1241 0849 19       		.uleb128 0x19
 1242 084a 2A010000 		.4byte	.LASF127
 1243 084e 0A       		.byte	0xa
 1244 084f CA01     		.2byte	0x1ca
 1245 0851 03       		.byte	0x3
 1246 0852 17       		.uleb128 0x17
 1247 0853 02070000 		.4byte	.LASF129
 1248 0857 0F       		.byte	0xf
 1249 0858 6601     		.2byte	0x166
 1250 085a 03       		.byte	0x3
 1251 085b 6D080000 		.4byte	0x86d
 1252 085f 1A       		.uleb128 0x1a
 1253 0860 E0030000 		.4byte	.LASF139
 1254 0864 7D080000 		.4byte	0x87d
ARM GAS  C:\Users\IDONNO~1\AppData\Local\Temp\ccVouwV8.s 			page 23


 1255 0868 02070000 		.4byte	.LASF129
 1256 086c 00       		.byte	0
 1257 086d 15       		.uleb128 0x15
 1258 086e F4060000 		.4byte	0x6f4
 1259 0872 7D080000 		.4byte	0x87d
 1260 0876 16       		.uleb128 0x16
 1261 0877 85040000 		.4byte	0x485
 1262 087b 0B       		.byte	0xb
 1263 087c 00       		.byte	0
 1264 087d 14       		.uleb128 0x14
 1265 087e 6D080000 		.4byte	0x86d
 1266 0882 19       		.uleb128 0x19
 1267 0883 E9030000 		.4byte	.LASF130
 1268 0887 0F       		.byte	0xf
 1269 0888 5A01     		.2byte	0x15a
 1270 088a 03       		.byte	0x3
 1271 088b 1B       		.uleb128 0x1b
 1272 088c 99000000 		.4byte	.LASF131
 1273 0890 01       		.byte	0x1
 1274 0891 83       		.byte	0x83
 1275 0892 72020000 		.4byte	0x272
 1276 0896 00000000 		.4byte	.LFB219
 1277 089a 1C000000 		.4byte	.LFE219-.LFB219
 1278 089e 01       		.uleb128 0x1
 1279 089f 9C       		.byte	0x9c
 1280 08a0 3A090000 		.4byte	0x93a
 1281 08a4 1C       		.uleb128 0x1c
 1282 08a5 747000   		.ascii	"tp\000"
 1283 08a8 01       		.byte	0x1
 1284 08a9 84       		.byte	0x84
 1285 08aa 72020000 		.4byte	0x272
 1286 08ae 01       		.uleb128 0x1
 1287 08af 50       		.byte	0x50
 1288 08b0 1D       		.uleb128 0x1d
 1289 08b1 82080000 		.4byte	0x882
 1290 08b5 00000000 		.4byte	.LBB34
 1291 08b9 06000000 		.4byte	.LBE34-.LBB34
 1292 08bd 01       		.byte	0x1
 1293 08be 86       		.byte	0x86
 1294 08bf EF080000 		.4byte	0x8ef
 1295 08c3 1E       		.uleb128 0x1e
 1296 08c4 40080000 		.4byte	0x840
 1297 08c8 00000000 		.4byte	.LBB35
 1298 08cc 06000000 		.4byte	.LBE35-.LBB35
 1299 08d0 0F       		.byte	0xf
 1300 08d1 5C01     		.2byte	0x15c
 1301 08d3 1E       		.uleb128 0x1e
 1302 08d4 26080000 		.4byte	0x826
 1303 08d8 00000000 		.4byte	.LBB36
 1304 08dc 06000000 		.4byte	.LBE36-.LBB36
 1305 08e0 0A       		.byte	0xa
 1306 08e1 BF01     		.2byte	0x1bf
 1307 08e3 1F       		.uleb128 0x1f
 1308 08e4 33080000 		.4byte	0x833
 1309 08e8 00000000 		.4byte	.LLST0
 1310 08ec 00       		.byte	0
 1311 08ed 00       		.byte	0
ARM GAS  C:\Users\IDONNO~1\AppData\Local\Temp\ccVouwV8.s 			page 24


 1312 08ee 00       		.byte	0
 1313 08ef 20       		.uleb128 0x20
 1314 08f0 52080000 		.4byte	0x852
 1315 08f4 10000000 		.4byte	.LBB38
 1316 08f8 06000000 		.4byte	.LBE38-.LBB38
 1317 08fc 01       		.byte	0x1
 1318 08fd 8B       		.byte	0x8b
 1319 08fe 21       		.uleb128 0x21
 1320 08ff 10000000 		.4byte	.LBB39
 1321 0903 06000000 		.4byte	.LBE39-.LBB39
 1322 0907 22       		.uleb128 0x22
 1323 0908 5F080000 		.4byte	0x85f
 1324 090c 1E       		.uleb128 0x1e
 1325 090d 49080000 		.4byte	0x849
 1326 0911 10000000 		.4byte	.LBB40
 1327 0915 06000000 		.4byte	.LBE40-.LBB40
 1328 0919 0F       		.byte	0xf
 1329 091a 7301     		.2byte	0x173
 1330 091c 1E       		.uleb128 0x1e
 1331 091d 26080000 		.4byte	0x826
 1332 0921 10000000 		.4byte	.LBB41
 1333 0925 06000000 		.4byte	.LBE41-.LBB41
 1334 0929 0A       		.byte	0xa
 1335 092a CD01     		.2byte	0x1cd
 1336 092c 1F       		.uleb128 0x1f
 1337 092d 33080000 		.4byte	0x833
 1338 0931 15000000 		.4byte	.LLST1
 1339 0935 00       		.byte	0
 1340 0936 00       		.byte	0
 1341 0937 00       		.byte	0
 1342 0938 00       		.byte	0
 1343 0939 00       		.byte	0
 1344 093a 1B       		.uleb128 0x1b
 1345 093b 92040000 		.4byte	.LASF132
 1346 093f 01       		.byte	0x1
 1347 0940 9B       		.byte	0x9b
 1348 0941 72020000 		.4byte	0x272
 1349 0945 00000000 		.4byte	.LFB220
 1350 0949 2C000000 		.4byte	.LFE220-.LFB220
 1351 094d 01       		.uleb128 0x1
 1352 094e 9C       		.byte	0x9c
 1353 094f 180A0000 		.4byte	0xa18
 1354 0953 23       		.uleb128 0x23
 1355 0954 747000   		.ascii	"tp\000"
 1356 0957 01       		.byte	0x1
 1357 0958 9B       		.byte	0x9b
 1358 0959 72020000 		.4byte	0x272
 1359 095d 29000000 		.4byte	.LLST2
 1360 0961 24       		.uleb128 0x24
 1361 0962 6E747000 		.ascii	"ntp\000"
 1362 0966 01       		.byte	0x1
 1363 0967 9C       		.byte	0x9c
 1364 0968 72020000 		.4byte	0x272
 1365 096c 4A000000 		.4byte	.LLST3
 1366 0970 25       		.uleb128 0x25
 1367 0971 E0030000 		.4byte	.LASF139
 1368 0975 280A0000 		.4byte	0xa28
ARM GAS  C:\Users\IDONNO~1\AppData\Local\Temp\ccVouwV8.s 			page 25


 1369 0979 1D       		.uleb128 0x1d
 1370 097a 82080000 		.4byte	0x882
 1371 097e 02000000 		.4byte	.LBB43
 1372 0982 06000000 		.4byte	.LBE43-.LBB43
 1373 0986 01       		.byte	0x1
 1374 0987 9E       		.byte	0x9e
 1375 0988 B8090000 		.4byte	0x9b8
 1376 098c 1E       		.uleb128 0x1e
 1377 098d 40080000 		.4byte	0x840
 1378 0991 02000000 		.4byte	.LBB44
 1379 0995 06000000 		.4byte	.LBE44-.LBB44
 1380 0999 0F       		.byte	0xf
 1381 099a 5C01     		.2byte	0x15c
 1382 099c 1E       		.uleb128 0x1e
 1383 099d 26080000 		.4byte	0x826
 1384 09a1 02000000 		.4byte	.LBB45
 1385 09a5 06000000 		.4byte	.LBE45-.LBB45
 1386 09a9 0A       		.byte	0xa
 1387 09aa BF01     		.2byte	0x1bf
 1388 09ac 1F       		.uleb128 0x1f
 1389 09ad 33080000 		.4byte	0x833
 1390 09b1 68000000 		.4byte	.LLST4
 1391 09b5 00       		.byte	0
 1392 09b6 00       		.byte	0
 1393 09b7 00       		.byte	0
 1394 09b8 1D       		.uleb128 0x1d
 1395 09b9 52080000 		.4byte	0x852
 1396 09bd 18000000 		.4byte	.LBB47
 1397 09c1 06000000 		.4byte	.LBE47-.LBB47
 1398 09c5 01       		.byte	0x1
 1399 09c6 AB       		.byte	0xab
 1400 09c7 060A0000 		.4byte	0xa06
 1401 09cb 21       		.uleb128 0x21
 1402 09cc 18000000 		.4byte	.LBB48
 1403 09d0 06000000 		.4byte	.LBE48-.LBB48
 1404 09d4 22       		.uleb128 0x22
 1405 09d5 5F080000 		.4byte	0x85f
 1406 09d9 1E       		.uleb128 0x1e
 1407 09da 49080000 		.4byte	0x849
 1408 09de 18000000 		.4byte	.LBB49
 1409 09e2 06000000 		.4byte	.LBE49-.LBB49
 1410 09e6 0F       		.byte	0xf
 1411 09e7 7301     		.2byte	0x173
 1412 09e9 1E       		.uleb128 0x1e
 1413 09ea 26080000 		.4byte	0x826
 1414 09ee 18000000 		.4byte	.LBB50
 1415 09f2 06000000 		.4byte	.LBE50-.LBB50
 1416 09f6 0A       		.byte	0xa
 1417 09f7 CD01     		.2byte	0x1cd
 1418 09f9 1F       		.uleb128 0x1f
 1419 09fa 33080000 		.4byte	0x833
 1420 09fe 7D000000 		.4byte	.LLST5
 1421 0a02 00       		.byte	0
 1422 0a03 00       		.byte	0
 1423 0a04 00       		.byte	0
 1424 0a05 00       		.byte	0
 1425 0a06 26       		.uleb128 0x26
ARM GAS  C:\Users\IDONNO~1\AppData\Local\Temp\ccVouwV8.s 			page 26


 1426 0a07 22000000 		.4byte	.LVL10
 1427 0a0b 5A0A0000 		.4byte	0xa5a
 1428 0a0f 27       		.uleb128 0x27
 1429 0a10 01       		.uleb128 0x1
 1430 0a11 50       		.byte	0x50
 1431 0a12 03       		.uleb128 0x3
 1432 0a13 F3       		.byte	0xf3
 1433 0a14 01       		.uleb128 0x1
 1434 0a15 50       		.byte	0x50
 1435 0a16 00       		.byte	0
 1436 0a17 00       		.byte	0
 1437 0a18 15       		.uleb128 0x15
 1438 0a19 F4060000 		.4byte	0x6f4
 1439 0a1d 280A0000 		.4byte	0xa28
 1440 0a21 16       		.uleb128 0x16
 1441 0a22 85040000 		.4byte	0x485
 1442 0a26 0F       		.byte	0xf
 1443 0a27 00       		.byte	0
 1444 0a28 14       		.uleb128 0x14
 1445 0a29 180A0000 		.4byte	0xa18
 1446 0a2d 28       		.uleb128 0x28
 1447 0a2e AA000000 		.4byte	.LASF133
 1448 0a32 10       		.byte	0x10
 1449 0a33 A706     		.2byte	0x6a7
 1450 0a35 E4000000 		.4byte	0xe4
 1451 0a39 29       		.uleb128 0x29
 1452 0a3a 636800   		.ascii	"ch\000"
 1453 0a3d 08       		.byte	0x8
 1454 0a3e 0902     		.2byte	0x209
 1455 0a40 1E040000 		.4byte	0x41e
 1456 0a44 2A       		.uleb128 0x2a
 1457 0a45 F8010000 		.4byte	.LASF134
 1458 0a49 01       		.byte	0x1
 1459 0a4a 50       		.byte	0x50
 1460 0a4b 550A0000 		.4byte	0xa55
 1461 0a4f 05       		.uleb128 0x5
 1462 0a50 03       		.byte	0x3
 1463 0a51 00000000 		.4byte	ch_debug
 1464 0a55 14       		.uleb128 0x14
 1465 0a56 0A080000 		.4byte	0x80a
 1466 0a5a 2B       		.uleb128 0x2b
 1467 0a5b F3030000 		.4byte	.LASF140
 1468 0a5f F3030000 		.4byte	.LASF140
 1469 0a63 11       		.byte	0x11
 1470 0a64 4B       		.byte	0x4b
 1471 0a65 00       		.byte	0
 1472              		.section	.debug_abbrev,"",%progbits
 1473              	.Ldebug_abbrev0:
 1474 0000 01       		.uleb128 0x1
 1475 0001 11       		.uleb128 0x11
 1476 0002 01       		.byte	0x1
 1477 0003 25       		.uleb128 0x25
 1478 0004 0E       		.uleb128 0xe
 1479 0005 13       		.uleb128 0x13
 1480 0006 0B       		.uleb128 0xb
 1481 0007 03       		.uleb128 0x3
 1482 0008 0E       		.uleb128 0xe
ARM GAS  C:\Users\IDONNO~1\AppData\Local\Temp\ccVouwV8.s 			page 27


 1483 0009 1B       		.uleb128 0x1b
 1484 000a 0E       		.uleb128 0xe
 1485 000b 55       		.uleb128 0x55
 1486 000c 17       		.uleb128 0x17
 1487 000d 11       		.uleb128 0x11
 1488 000e 01       		.uleb128 0x1
 1489 000f 10       		.uleb128 0x10
 1490 0010 17       		.uleb128 0x17
 1491 0011 00       		.byte	0
 1492 0012 00       		.byte	0
 1493 0013 02       		.uleb128 0x2
 1494 0014 24       		.uleb128 0x24
 1495 0015 00       		.byte	0
 1496 0016 0B       		.uleb128 0xb
 1497 0017 0B       		.uleb128 0xb
 1498 0018 3E       		.uleb128 0x3e
 1499 0019 0B       		.uleb128 0xb
 1500 001a 03       		.uleb128 0x3
 1501 001b 08       		.uleb128 0x8
 1502 001c 00       		.byte	0
 1503 001d 00       		.byte	0
 1504 001e 03       		.uleb128 0x3
 1505 001f 16       		.uleb128 0x16
 1506 0020 00       		.byte	0
 1507 0021 03       		.uleb128 0x3
 1508 0022 0E       		.uleb128 0xe
 1509 0023 3A       		.uleb128 0x3a
 1510 0024 0B       		.uleb128 0xb
 1511 0025 3B       		.uleb128 0x3b
 1512 0026 0B       		.uleb128 0xb
 1513 0027 49       		.uleb128 0x49
 1514 0028 13       		.uleb128 0x13
 1515 0029 00       		.byte	0
 1516 002a 00       		.byte	0
 1517 002b 04       		.uleb128 0x4
 1518 002c 24       		.uleb128 0x24
 1519 002d 00       		.byte	0
 1520 002e 0B       		.uleb128 0xb
 1521 002f 0B       		.uleb128 0xb
 1522 0030 3E       		.uleb128 0x3e
 1523 0031 0B       		.uleb128 0xb
 1524 0032 03       		.uleb128 0x3
 1525 0033 0E       		.uleb128 0xe
 1526 0034 00       		.byte	0
 1527 0035 00       		.byte	0
 1528 0036 05       		.uleb128 0x5
 1529 0037 35       		.uleb128 0x35
 1530 0038 00       		.byte	0
 1531 0039 49       		.uleb128 0x49
 1532 003a 13       		.uleb128 0x13
 1533 003b 00       		.byte	0
 1534 003c 00       		.byte	0
 1535 003d 06       		.uleb128 0x6
 1536 003e 13       		.uleb128 0x13
 1537 003f 01       		.byte	0x1
 1538 0040 03       		.uleb128 0x3
 1539 0041 0E       		.uleb128 0xe
ARM GAS  C:\Users\IDONNO~1\AppData\Local\Temp\ccVouwV8.s 			page 28


 1540 0042 0B       		.uleb128 0xb
 1541 0043 0B       		.uleb128 0xb
 1542 0044 3A       		.uleb128 0x3a
 1543 0045 0B       		.uleb128 0xb
 1544 0046 3B       		.uleb128 0x3b
 1545 0047 0B       		.uleb128 0xb
 1546 0048 01       		.uleb128 0x1
 1547 0049 13       		.uleb128 0x13
 1548 004a 00       		.byte	0
 1549 004b 00       		.byte	0
 1550 004c 07       		.uleb128 0x7
 1551 004d 0D       		.uleb128 0xd
 1552 004e 00       		.byte	0
 1553 004f 03       		.uleb128 0x3
 1554 0050 0E       		.uleb128 0xe
 1555 0051 3A       		.uleb128 0x3a
 1556 0052 0B       		.uleb128 0xb
 1557 0053 3B       		.uleb128 0x3b
 1558 0054 0B       		.uleb128 0xb
 1559 0055 49       		.uleb128 0x49
 1560 0056 13       		.uleb128 0x13
 1561 0057 38       		.uleb128 0x38
 1562 0058 0B       		.uleb128 0xb
 1563 0059 00       		.byte	0
 1564 005a 00       		.byte	0
 1565 005b 08       		.uleb128 0x8
 1566 005c 0D       		.uleb128 0xd
 1567 005d 00       		.byte	0
 1568 005e 03       		.uleb128 0x3
 1569 005f 08       		.uleb128 0x8
 1570 0060 3A       		.uleb128 0x3a
 1571 0061 0B       		.uleb128 0xb
 1572 0062 3B       		.uleb128 0x3b
 1573 0063 05       		.uleb128 0x5
 1574 0064 49       		.uleb128 0x49
 1575 0065 13       		.uleb128 0x13
 1576 0066 38       		.uleb128 0x38
 1577 0067 0B       		.uleb128 0xb
 1578 0068 00       		.byte	0
 1579 0069 00       		.byte	0
 1580 006a 09       		.uleb128 0x9
 1581 006b 0D       		.uleb128 0xd
 1582 006c 00       		.byte	0
 1583 006d 03       		.uleb128 0x3
 1584 006e 0E       		.uleb128 0xe
 1585 006f 3A       		.uleb128 0x3a
 1586 0070 0B       		.uleb128 0xb
 1587 0071 3B       		.uleb128 0x3b
 1588 0072 05       		.uleb128 0x5
 1589 0073 49       		.uleb128 0x49
 1590 0074 13       		.uleb128 0x13
 1591 0075 38       		.uleb128 0x38
 1592 0076 0B       		.uleb128 0xb
 1593 0077 00       		.byte	0
 1594 0078 00       		.byte	0
 1595 0079 0A       		.uleb128 0xa
 1596 007a 0F       		.uleb128 0xf
ARM GAS  C:\Users\IDONNO~1\AppData\Local\Temp\ccVouwV8.s 			page 29


 1597 007b 00       		.byte	0
 1598 007c 0B       		.uleb128 0xb
 1599 007d 0B       		.uleb128 0xb
 1600 007e 49       		.uleb128 0x49
 1601 007f 13       		.uleb128 0x13
 1602 0080 00       		.byte	0
 1603 0081 00       		.byte	0
 1604 0082 0B       		.uleb128 0xb
 1605 0083 13       		.uleb128 0x13
 1606 0084 01       		.byte	0x1
 1607 0085 03       		.uleb128 0x3
 1608 0086 0E       		.uleb128 0xe
 1609 0087 0B       		.uleb128 0xb
 1610 0088 0B       		.uleb128 0xb
 1611 0089 3A       		.uleb128 0x3a
 1612 008a 0B       		.uleb128 0xb
 1613 008b 3B       		.uleb128 0x3b
 1614 008c 05       		.uleb128 0x5
 1615 008d 01       		.uleb128 0x1
 1616 008e 13       		.uleb128 0x13
 1617 008f 00       		.byte	0
 1618 0090 00       		.byte	0
 1619 0091 0C       		.uleb128 0xc
 1620 0092 15       		.uleb128 0x15
 1621 0093 01       		.byte	0x1
 1622 0094 27       		.uleb128 0x27
 1623 0095 19       		.uleb128 0x19
 1624 0096 01       		.uleb128 0x1
 1625 0097 13       		.uleb128 0x13
 1626 0098 00       		.byte	0
 1627 0099 00       		.byte	0
 1628 009a 0D       		.uleb128 0xd
 1629 009b 05       		.uleb128 0x5
 1630 009c 00       		.byte	0
 1631 009d 49       		.uleb128 0x49
 1632 009e 13       		.uleb128 0x13
 1633 009f 00       		.byte	0
 1634 00a0 00       		.byte	0
 1635 00a1 0E       		.uleb128 0xe
 1636 00a2 0F       		.uleb128 0xf
 1637 00a3 00       		.byte	0
 1638 00a4 0B       		.uleb128 0xb
 1639 00a5 0B       		.uleb128 0xb
 1640 00a6 00       		.byte	0
 1641 00a7 00       		.byte	0
 1642 00a8 0F       		.uleb128 0xf
 1643 00a9 13       		.uleb128 0x13
 1644 00aa 01       		.byte	0x1
 1645 00ab 03       		.uleb128 0x3
 1646 00ac 0E       		.uleb128 0xe
 1647 00ad 0B       		.uleb128 0xb
 1648 00ae 05       		.uleb128 0x5
 1649 00af 3A       		.uleb128 0x3a
 1650 00b0 0B       		.uleb128 0xb
 1651 00b1 3B       		.uleb128 0x3b
 1652 00b2 05       		.uleb128 0x5
 1653 00b3 01       		.uleb128 0x1
ARM GAS  C:\Users\IDONNO~1\AppData\Local\Temp\ccVouwV8.s 			page 30


 1654 00b4 13       		.uleb128 0x13
 1655 00b5 00       		.byte	0
 1656 00b6 00       		.byte	0
 1657 00b7 10       		.uleb128 0x10
 1658 00b8 0D       		.uleb128 0xd
 1659 00b9 00       		.byte	0
 1660 00ba 03       		.uleb128 0x3
 1661 00bb 08       		.uleb128 0x8
 1662 00bc 3A       		.uleb128 0x3a
 1663 00bd 0B       		.uleb128 0xb
 1664 00be 3B       		.uleb128 0x3b
 1665 00bf 0B       		.uleb128 0xb
 1666 00c0 49       		.uleb128 0x49
 1667 00c1 13       		.uleb128 0x13
 1668 00c2 38       		.uleb128 0x38
 1669 00c3 0B       		.uleb128 0xb
 1670 00c4 00       		.byte	0
 1671 00c5 00       		.byte	0
 1672 00c6 11       		.uleb128 0x11
 1673 00c7 13       		.uleb128 0x13
 1674 00c8 01       		.byte	0x1
 1675 00c9 0B       		.uleb128 0xb
 1676 00ca 0B       		.uleb128 0xb
 1677 00cb 3A       		.uleb128 0x3a
 1678 00cc 0B       		.uleb128 0xb
 1679 00cd 3B       		.uleb128 0x3b
 1680 00ce 0B       		.uleb128 0xb
 1681 00cf 01       		.uleb128 0x1
 1682 00d0 13       		.uleb128 0x13
 1683 00d1 00       		.byte	0
 1684 00d2 00       		.byte	0
 1685 00d3 12       		.uleb128 0x12
 1686 00d4 17       		.uleb128 0x17
 1687 00d5 01       		.byte	0x1
 1688 00d6 0B       		.uleb128 0xb
 1689 00d7 0B       		.uleb128 0xb
 1690 00d8 3A       		.uleb128 0x3a
 1691 00d9 0B       		.uleb128 0xb
 1692 00da 3B       		.uleb128 0x3b
 1693 00db 0B       		.uleb128 0xb
 1694 00dc 01       		.uleb128 0x1
 1695 00dd 13       		.uleb128 0x13
 1696 00de 00       		.byte	0
 1697 00df 00       		.byte	0
 1698 00e0 13       		.uleb128 0x13
 1699 00e1 0D       		.uleb128 0xd
 1700 00e2 00       		.byte	0
 1701 00e3 03       		.uleb128 0x3
 1702 00e4 0E       		.uleb128 0xe
 1703 00e5 3A       		.uleb128 0x3a
 1704 00e6 0B       		.uleb128 0xb
 1705 00e7 3B       		.uleb128 0x3b
 1706 00e8 05       		.uleb128 0x5
 1707 00e9 49       		.uleb128 0x49
 1708 00ea 13       		.uleb128 0x13
 1709 00eb 00       		.byte	0
 1710 00ec 00       		.byte	0
ARM GAS  C:\Users\IDONNO~1\AppData\Local\Temp\ccVouwV8.s 			page 31


 1711 00ed 14       		.uleb128 0x14
 1712 00ee 26       		.uleb128 0x26
 1713 00ef 00       		.byte	0
 1714 00f0 49       		.uleb128 0x49
 1715 00f1 13       		.uleb128 0x13
 1716 00f2 00       		.byte	0
 1717 00f3 00       		.byte	0
 1718 00f4 15       		.uleb128 0x15
 1719 00f5 01       		.uleb128 0x1
 1720 00f6 01       		.byte	0x1
 1721 00f7 49       		.uleb128 0x49
 1722 00f8 13       		.uleb128 0x13
 1723 00f9 01       		.uleb128 0x1
 1724 00fa 13       		.uleb128 0x13
 1725 00fb 00       		.byte	0
 1726 00fc 00       		.byte	0
 1727 00fd 16       		.uleb128 0x16
 1728 00fe 21       		.uleb128 0x21
 1729 00ff 00       		.byte	0
 1730 0100 49       		.uleb128 0x49
 1731 0101 13       		.uleb128 0x13
 1732 0102 2F       		.uleb128 0x2f
 1733 0103 0B       		.uleb128 0xb
 1734 0104 00       		.byte	0
 1735 0105 00       		.byte	0
 1736 0106 17       		.uleb128 0x17
 1737 0107 2E       		.uleb128 0x2e
 1738 0108 01       		.byte	0x1
 1739 0109 03       		.uleb128 0x3
 1740 010a 0E       		.uleb128 0xe
 1741 010b 3A       		.uleb128 0x3a
 1742 010c 0B       		.uleb128 0xb
 1743 010d 3B       		.uleb128 0x3b
 1744 010e 05       		.uleb128 0x5
 1745 010f 27       		.uleb128 0x27
 1746 0110 19       		.uleb128 0x19
 1747 0111 20       		.uleb128 0x20
 1748 0112 0B       		.uleb128 0xb
 1749 0113 01       		.uleb128 0x1
 1750 0114 13       		.uleb128 0x13
 1751 0115 00       		.byte	0
 1752 0116 00       		.byte	0
 1753 0117 18       		.uleb128 0x18
 1754 0118 05       		.uleb128 0x5
 1755 0119 00       		.byte	0
 1756 011a 03       		.uleb128 0x3
 1757 011b 0E       		.uleb128 0xe
 1758 011c 3A       		.uleb128 0x3a
 1759 011d 0B       		.uleb128 0xb
 1760 011e 3B       		.uleb128 0x3b
 1761 011f 05       		.uleb128 0x5
 1762 0120 49       		.uleb128 0x49
 1763 0121 13       		.uleb128 0x13
 1764 0122 00       		.byte	0
 1765 0123 00       		.byte	0
 1766 0124 19       		.uleb128 0x19
 1767 0125 2E       		.uleb128 0x2e
ARM GAS  C:\Users\IDONNO~1\AppData\Local\Temp\ccVouwV8.s 			page 32


 1768 0126 00       		.byte	0
 1769 0127 03       		.uleb128 0x3
 1770 0128 0E       		.uleb128 0xe
 1771 0129 3A       		.uleb128 0x3a
 1772 012a 0B       		.uleb128 0xb
 1773 012b 3B       		.uleb128 0x3b
 1774 012c 05       		.uleb128 0x5
 1775 012d 27       		.uleb128 0x27
 1776 012e 19       		.uleb128 0x19
 1777 012f 20       		.uleb128 0x20
 1778 0130 0B       		.uleb128 0xb
 1779 0131 00       		.byte	0
 1780 0132 00       		.byte	0
 1781 0133 1A       		.uleb128 0x1a
 1782 0134 34       		.uleb128 0x34
 1783 0135 00       		.byte	0
 1784 0136 03       		.uleb128 0x3
 1785 0137 0E       		.uleb128 0xe
 1786 0138 49       		.uleb128 0x49
 1787 0139 13       		.uleb128 0x13
 1788 013a 34       		.uleb128 0x34
 1789 013b 19       		.uleb128 0x19
 1790 013c 1C       		.uleb128 0x1c
 1791 013d 0E       		.uleb128 0xe
 1792 013e 00       		.byte	0
 1793 013f 00       		.byte	0
 1794 0140 1B       		.uleb128 0x1b
 1795 0141 2E       		.uleb128 0x2e
 1796 0142 01       		.byte	0x1
 1797 0143 3F       		.uleb128 0x3f
 1798 0144 19       		.uleb128 0x19
 1799 0145 03       		.uleb128 0x3
 1800 0146 0E       		.uleb128 0xe
 1801 0147 3A       		.uleb128 0x3a
 1802 0148 0B       		.uleb128 0xb
 1803 0149 3B       		.uleb128 0x3b
 1804 014a 0B       		.uleb128 0xb
 1805 014b 27       		.uleb128 0x27
 1806 014c 19       		.uleb128 0x19
 1807 014d 49       		.uleb128 0x49
 1808 014e 13       		.uleb128 0x13
 1809 014f 11       		.uleb128 0x11
 1810 0150 01       		.uleb128 0x1
 1811 0151 12       		.uleb128 0x12
 1812 0152 06       		.uleb128 0x6
 1813 0153 40       		.uleb128 0x40
 1814 0154 18       		.uleb128 0x18
 1815 0155 9742     		.uleb128 0x2117
 1816 0157 19       		.uleb128 0x19
 1817 0158 01       		.uleb128 0x1
 1818 0159 13       		.uleb128 0x13
 1819 015a 00       		.byte	0
 1820 015b 00       		.byte	0
 1821 015c 1C       		.uleb128 0x1c
 1822 015d 34       		.uleb128 0x34
 1823 015e 00       		.byte	0
 1824 015f 03       		.uleb128 0x3
ARM GAS  C:\Users\IDONNO~1\AppData\Local\Temp\ccVouwV8.s 			page 33


 1825 0160 08       		.uleb128 0x8
 1826 0161 3A       		.uleb128 0x3a
 1827 0162 0B       		.uleb128 0xb
 1828 0163 3B       		.uleb128 0x3b
 1829 0164 0B       		.uleb128 0xb
 1830 0165 49       		.uleb128 0x49
 1831 0166 13       		.uleb128 0x13
 1832 0167 02       		.uleb128 0x2
 1833 0168 18       		.uleb128 0x18
 1834 0169 00       		.byte	0
 1835 016a 00       		.byte	0
 1836 016b 1D       		.uleb128 0x1d
 1837 016c 1D       		.uleb128 0x1d
 1838 016d 01       		.byte	0x1
 1839 016e 31       		.uleb128 0x31
 1840 016f 13       		.uleb128 0x13
 1841 0170 11       		.uleb128 0x11
 1842 0171 01       		.uleb128 0x1
 1843 0172 12       		.uleb128 0x12
 1844 0173 06       		.uleb128 0x6
 1845 0174 58       		.uleb128 0x58
 1846 0175 0B       		.uleb128 0xb
 1847 0176 59       		.uleb128 0x59
 1848 0177 0B       		.uleb128 0xb
 1849 0178 01       		.uleb128 0x1
 1850 0179 13       		.uleb128 0x13
 1851 017a 00       		.byte	0
 1852 017b 00       		.byte	0
 1853 017c 1E       		.uleb128 0x1e
 1854 017d 1D       		.uleb128 0x1d
 1855 017e 01       		.byte	0x1
 1856 017f 31       		.uleb128 0x31
 1857 0180 13       		.uleb128 0x13
 1858 0181 11       		.uleb128 0x11
 1859 0182 01       		.uleb128 0x1
 1860 0183 12       		.uleb128 0x12
 1861 0184 06       		.uleb128 0x6
 1862 0185 58       		.uleb128 0x58
 1863 0186 0B       		.uleb128 0xb
 1864 0187 59       		.uleb128 0x59
 1865 0188 05       		.uleb128 0x5
 1866 0189 00       		.byte	0
 1867 018a 00       		.byte	0
 1868 018b 1F       		.uleb128 0x1f
 1869 018c 05       		.uleb128 0x5
 1870 018d 00       		.byte	0
 1871 018e 31       		.uleb128 0x31
 1872 018f 13       		.uleb128 0x13
 1873 0190 02       		.uleb128 0x2
 1874 0191 17       		.uleb128 0x17
 1875 0192 00       		.byte	0
 1876 0193 00       		.byte	0
 1877 0194 20       		.uleb128 0x20
 1878 0195 1D       		.uleb128 0x1d
 1879 0196 01       		.byte	0x1
 1880 0197 31       		.uleb128 0x31
 1881 0198 13       		.uleb128 0x13
ARM GAS  C:\Users\IDONNO~1\AppData\Local\Temp\ccVouwV8.s 			page 34


 1882 0199 11       		.uleb128 0x11
 1883 019a 01       		.uleb128 0x1
 1884 019b 12       		.uleb128 0x12
 1885 019c 06       		.uleb128 0x6
 1886 019d 58       		.uleb128 0x58
 1887 019e 0B       		.uleb128 0xb
 1888 019f 59       		.uleb128 0x59
 1889 01a0 0B       		.uleb128 0xb
 1890 01a1 00       		.byte	0
 1891 01a2 00       		.byte	0
 1892 01a3 21       		.uleb128 0x21
 1893 01a4 0B       		.uleb128 0xb
 1894 01a5 01       		.byte	0x1
 1895 01a6 11       		.uleb128 0x11
 1896 01a7 01       		.uleb128 0x1
 1897 01a8 12       		.uleb128 0x12
 1898 01a9 06       		.uleb128 0x6
 1899 01aa 00       		.byte	0
 1900 01ab 00       		.byte	0
 1901 01ac 22       		.uleb128 0x22
 1902 01ad 34       		.uleb128 0x34
 1903 01ae 00       		.byte	0
 1904 01af 31       		.uleb128 0x31
 1905 01b0 13       		.uleb128 0x13
 1906 01b1 00       		.byte	0
 1907 01b2 00       		.byte	0
 1908 01b3 23       		.uleb128 0x23
 1909 01b4 05       		.uleb128 0x5
 1910 01b5 00       		.byte	0
 1911 01b6 03       		.uleb128 0x3
 1912 01b7 08       		.uleb128 0x8
 1913 01b8 3A       		.uleb128 0x3a
 1914 01b9 0B       		.uleb128 0xb
 1915 01ba 3B       		.uleb128 0x3b
 1916 01bb 0B       		.uleb128 0xb
 1917 01bc 49       		.uleb128 0x49
 1918 01bd 13       		.uleb128 0x13
 1919 01be 02       		.uleb128 0x2
 1920 01bf 17       		.uleb128 0x17
 1921 01c0 00       		.byte	0
 1922 01c1 00       		.byte	0
 1923 01c2 24       		.uleb128 0x24
 1924 01c3 34       		.uleb128 0x34
 1925 01c4 00       		.byte	0
 1926 01c5 03       		.uleb128 0x3
 1927 01c6 08       		.uleb128 0x8
 1928 01c7 3A       		.uleb128 0x3a
 1929 01c8 0B       		.uleb128 0xb
 1930 01c9 3B       		.uleb128 0x3b
 1931 01ca 0B       		.uleb128 0xb
 1932 01cb 49       		.uleb128 0x49
 1933 01cc 13       		.uleb128 0x13
 1934 01cd 02       		.uleb128 0x2
 1935 01ce 17       		.uleb128 0x17
 1936 01cf 00       		.byte	0
 1937 01d0 00       		.byte	0
 1938 01d1 25       		.uleb128 0x25
ARM GAS  C:\Users\IDONNO~1\AppData\Local\Temp\ccVouwV8.s 			page 35


 1939 01d2 34       		.uleb128 0x34
 1940 01d3 00       		.byte	0
 1941 01d4 03       		.uleb128 0x3
 1942 01d5 0E       		.uleb128 0xe
 1943 01d6 49       		.uleb128 0x49
 1944 01d7 13       		.uleb128 0x13
 1945 01d8 34       		.uleb128 0x34
 1946 01d9 19       		.uleb128 0x19
 1947 01da 00       		.byte	0
 1948 01db 00       		.byte	0
 1949 01dc 26       		.uleb128 0x26
 1950 01dd 898201   		.uleb128 0x4109
 1951 01e0 01       		.byte	0x1
 1952 01e1 11       		.uleb128 0x11
 1953 01e2 01       		.uleb128 0x1
 1954 01e3 31       		.uleb128 0x31
 1955 01e4 13       		.uleb128 0x13
 1956 01e5 00       		.byte	0
 1957 01e6 00       		.byte	0
 1958 01e7 27       		.uleb128 0x27
 1959 01e8 8A8201   		.uleb128 0x410a
 1960 01eb 00       		.byte	0
 1961 01ec 02       		.uleb128 0x2
 1962 01ed 18       		.uleb128 0x18
 1963 01ee 9142     		.uleb128 0x2111
 1964 01f0 18       		.uleb128 0x18
 1965 01f1 00       		.byte	0
 1966 01f2 00       		.byte	0
 1967 01f3 28       		.uleb128 0x28
 1968 01f4 34       		.uleb128 0x34
 1969 01f5 00       		.byte	0
 1970 01f6 03       		.uleb128 0x3
 1971 01f7 0E       		.uleb128 0xe
 1972 01f8 3A       		.uleb128 0x3a
 1973 01f9 0B       		.uleb128 0xb
 1974 01fa 3B       		.uleb128 0x3b
 1975 01fb 05       		.uleb128 0x5
 1976 01fc 49       		.uleb128 0x49
 1977 01fd 13       		.uleb128 0x13
 1978 01fe 3F       		.uleb128 0x3f
 1979 01ff 19       		.uleb128 0x19
 1980 0200 3C       		.uleb128 0x3c
 1981 0201 19       		.uleb128 0x19
 1982 0202 00       		.byte	0
 1983 0203 00       		.byte	0
 1984 0204 29       		.uleb128 0x29
 1985 0205 34       		.uleb128 0x34
 1986 0206 00       		.byte	0
 1987 0207 03       		.uleb128 0x3
 1988 0208 08       		.uleb128 0x8
 1989 0209 3A       		.uleb128 0x3a
 1990 020a 0B       		.uleb128 0xb
 1991 020b 3B       		.uleb128 0x3b
 1992 020c 05       		.uleb128 0x5
 1993 020d 49       		.uleb128 0x49
 1994 020e 13       		.uleb128 0x13
 1995 020f 3F       		.uleb128 0x3f
ARM GAS  C:\Users\IDONNO~1\AppData\Local\Temp\ccVouwV8.s 			page 36


 1996 0210 19       		.uleb128 0x19
 1997 0211 3C       		.uleb128 0x3c
 1998 0212 19       		.uleb128 0x19
 1999 0213 00       		.byte	0
 2000 0214 00       		.byte	0
 2001 0215 2A       		.uleb128 0x2a
 2002 0216 34       		.uleb128 0x34
 2003 0217 00       		.byte	0
 2004 0218 03       		.uleb128 0x3
 2005 0219 0E       		.uleb128 0xe
 2006 021a 3A       		.uleb128 0x3a
 2007 021b 0B       		.uleb128 0xb
 2008 021c 3B       		.uleb128 0x3b
 2009 021d 0B       		.uleb128 0xb
 2010 021e 49       		.uleb128 0x49
 2011 021f 13       		.uleb128 0x13
 2012 0220 3F       		.uleb128 0x3f
 2013 0221 19       		.uleb128 0x19
 2014 0222 02       		.uleb128 0x2
 2015 0223 18       		.uleb128 0x18
 2016 0224 00       		.byte	0
 2017 0225 00       		.byte	0
 2018 0226 2B       		.uleb128 0x2b
 2019 0227 2E       		.uleb128 0x2e
 2020 0228 00       		.byte	0
 2021 0229 3F       		.uleb128 0x3f
 2022 022a 19       		.uleb128 0x19
 2023 022b 3C       		.uleb128 0x3c
 2024 022c 19       		.uleb128 0x19
 2025 022d 6E       		.uleb128 0x6e
 2026 022e 0E       		.uleb128 0xe
 2027 022f 03       		.uleb128 0x3
 2028 0230 0E       		.uleb128 0xe
 2029 0231 3A       		.uleb128 0x3a
 2030 0232 0B       		.uleb128 0xb
 2031 0233 3B       		.uleb128 0x3b
 2032 0234 0B       		.uleb128 0xb
 2033 0235 00       		.byte	0
 2034 0236 00       		.byte	0
 2035 0237 00       		.byte	0
 2036              		.section	.debug_loc,"",%progbits
 2037              	.Ldebug_loc0:
 2038              	.LLST0:
 2039 0000 00000000 		.4byte	.LVL0
 2040 0004 06000000 		.4byte	.LVL1
 2041 0008 0300     		.2byte	0x3
 2042 000a 08       		.byte	0x8
 2043 000b 20       		.byte	0x20
 2044 000c 9F       		.byte	0x9f
 2045 000d 00000000 		.4byte	0
 2046 0011 00000000 		.4byte	0
 2047              	.LLST1:
 2048 0015 10000000 		.4byte	.LVL3
 2049 0019 16000000 		.4byte	.LVL4
 2050 001d 0200     		.2byte	0x2
 2051 001f 30       		.byte	0x30
 2052 0020 9F       		.byte	0x9f
ARM GAS  C:\Users\IDONNO~1\AppData\Local\Temp\ccVouwV8.s 			page 37


 2053 0021 00000000 		.4byte	0
 2054 0025 00000000 		.4byte	0
 2055              	.LLST2:
 2056 0029 00000000 		.4byte	.LVL5
 2057 002d 21000000 		.4byte	.LVL10-1
 2058 0031 0100     		.2byte	0x1
 2059 0033 50       		.byte	0x50
 2060 0034 21000000 		.4byte	.LVL10-1
 2061 0038 2C000000 		.4byte	.LFE220
 2062 003c 0400     		.2byte	0x4
 2063 003e F3       		.byte	0xf3
 2064 003f 01       		.uleb128 0x1
 2065 0040 50       		.byte	0x50
 2066 0041 9F       		.byte	0x9f
 2067 0042 00000000 		.4byte	0
 2068 0046 00000000 		.4byte	0
 2069              	.LLST3:
 2070 004a 0C000000 		.4byte	.LVL7
 2071 004e 26000000 		.4byte	.LVL11
 2072 0052 0100     		.2byte	0x1
 2073 0054 54       		.byte	0x54
 2074 0055 26000000 		.4byte	.LVL11
 2075 0059 2C000000 		.4byte	.LFE220
 2076 005d 0100     		.2byte	0x1
 2077 005f 50       		.byte	0x50
 2078 0060 00000000 		.4byte	0
 2079 0064 00000000 		.4byte	0
 2080              	.LLST4:
 2081 0068 00000000 		.4byte	.LVL5
 2082 006c 08000000 		.4byte	.LVL6
 2083 0070 0300     		.2byte	0x3
 2084 0072 08       		.byte	0x8
 2085 0073 20       		.byte	0x20
 2086 0074 9F       		.byte	0x9f
 2087 0075 00000000 		.4byte	0
 2088 0079 00000000 		.4byte	0
 2089              	.LLST5:
 2090 007d 18000000 		.4byte	.LVL8
 2091 0081 1E000000 		.4byte	.LVL9
 2092 0085 0200     		.2byte	0x2
 2093 0087 30       		.byte	0x30
 2094 0088 9F       		.byte	0x9f
 2095 0089 00000000 		.4byte	0
 2096 008d 00000000 		.4byte	0
 2097              		.section	.debug_aranges,"",%progbits
 2098 0000 24000000 		.4byte	0x24
 2099 0004 0200     		.2byte	0x2
 2100 0006 00000000 		.4byte	.Ldebug_info0
 2101 000a 04       		.byte	0x4
 2102 000b 00       		.byte	0
 2103 000c 0000     		.2byte	0
 2104 000e 0000     		.2byte	0
 2105 0010 00000000 		.4byte	.LFB219
 2106 0014 1C000000 		.4byte	.LFE219-.LFB219
 2107 0018 00000000 		.4byte	.LFB220
 2108 001c 2C000000 		.4byte	.LFE220-.LFB220
 2109 0020 00000000 		.4byte	0
ARM GAS  C:\Users\IDONNO~1\AppData\Local\Temp\ccVouwV8.s 			page 38


 2110 0024 00000000 		.4byte	0
 2111              		.section	.debug_ranges,"",%progbits
 2112              	.Ldebug_ranges0:
 2113 0000 00000000 		.4byte	.LFB219
 2114 0004 1C000000 		.4byte	.LFE219
 2115 0008 00000000 		.4byte	.LFB220
 2116 000c 2C000000 		.4byte	.LFE220
 2117 0010 00000000 		.4byte	0
 2118 0014 00000000 		.4byte	0
 2119              		.section	.debug_line,"",%progbits
 2120              	.Ldebug_line0:
 2121 0000 1C030000 		.section	.debug_str,"MS",%progbits,1
 2121      0200C002 
 2121      00000201 
 2121      FB0E0D00 
 2121      01010101 
 2122              	.LASF116:
 2123 0000 63665F6F 		.ascii	"cf_off_older\000"
 2123      66665F6F 
 2123      6C646572 
 2123      00
 2124              	.LASF56:
 2125 000d 72656164 		.ascii	"ready_list_t\000"
 2125      795F6C69 
 2125      73745F74 
 2125      00
 2126              	.LASF2:
 2127 001a 73697A65 		.ascii	"size_t\000"
 2127      5F7400
 2128              	.LASF91:
 2129 0021 7264796D 		.ascii	"rdymsg\000"
 2129      736700
 2130              	.LASF19:
 2131 0028 75696E74 		.ascii	"uint64_t\000"
 2131      36345F74 
 2131      00
 2132              	.LASF3:
 2133 0031 5F5F7569 		.ascii	"__uint8_t\000"
 2133      6E74385F 
 2133      7400
 2134              	.LASF88:
 2135 003b 706F7274 		.ascii	"port_intctx\000"
 2135      5F696E74 
 2135      63747800 
 2136              	.LASF75:
 2137 0047 73797374 		.ascii	"system_debug_t\000"
 2137      656D5F64 
 2137      65627567 
 2137      5F7400
 2138              	.LASF126:
 2139 0056 706F7274 		.ascii	"port_lock\000"
 2139      5F6C6F63 
 2139      6B00
 2140              	.LASF14:
 2141 0060 6C6F6E67 		.ascii	"long long unsigned int\000"
 2141      206C6F6E 
 2141      6720756E 
ARM GAS  C:\Users\IDONNO~1\AppData\Local\Temp\ccVouwV8.s 			page 39


 2141      7369676E 
 2141      65642069 
 2142              	.LASF112:
 2143 0077 63685F74 		.ascii	"ch_threadsize\000"
 2143      68726561 
 2143      6473697A 
 2143      6500
 2144              	.LASF92:
 2145 0085 65786974 		.ascii	"exitcode\000"
 2145      636F6465 
 2145      00
 2146              	.LASF82:
 2147 008e 6D61696E 		.ascii	"mainthread\000"
 2147      74687265 
 2147      616400
 2148              	.LASF131:
 2149 0099 63685265 		.ascii	"chRegFirstThread\000"
 2149      67466972 
 2149      73745468 
 2149      72656164 
 2149      00
 2150              	.LASF133:
 2151 00aa 49544D5F 		.ascii	"ITM_RxBuffer\000"
 2151      52784275 
 2151      66666572 
 2151      00
 2152              	.LASF55:
 2153 00b7 63685F74 		.ascii	"ch_threads_queue\000"
 2153      68726561 
 2153      64735F71 
 2153      75657565 
 2153      00
 2154              	.LASF33:
 2155 00c8 705F7072 		.ascii	"p_prio\000"
 2155      696F00
 2156              	.LASF119:
 2157 00cf 63665F6F 		.ascii	"cf_off_state\000"
 2157      66665F73 
 2157      74617465 
 2157      00
 2158              	.LASF12:
 2159 00dc 6C6F6E67 		.ascii	"long long int\000"
 2159      206C6F6E 
 2159      6720696E 
 2159      7400
 2160              	.LASF1:
 2161 00ea 7369676E 		.ascii	"signed char\000"
 2161      65642063 
 2161      68617200 
 2162              	.LASF118:
 2163 00f6 63665F6F 		.ascii	"cf_off_stklimit\000"
 2163      66665F73 
 2163      746B6C69 
 2163      6D697400 
 2164              	.LASF120:
 2165 0106 63665F6F 		.ascii	"cf_off_flags\000"
 2165      66665F66 
ARM GAS  C:\Users\IDONNO~1\AppData\Local\Temp\ccVouwV8.s 			page 40


 2165      6C616773 
 2165      00
 2166              	.LASF49:
 2167 0113 705F6D70 		.ascii	"p_mpool\000"
 2167      6F6F6C00 
 2168              	.LASF102:
 2169 011b 6D5F7175 		.ascii	"m_queue\000"
 2169      65756500 
 2170              	.LASF81:
 2171 0123 76746C69 		.ascii	"vtlist\000"
 2171      737400
 2172              	.LASF127:
 2173 012a 706F7274 		.ascii	"port_unlock\000"
 2173      5F756E6C 
 2173      6F636B00 
 2174              	.LASF24:
 2175 0136 74736C69 		.ascii	"tslices_t\000"
 2175      6365735F 
 2175      7400
 2176              	.LASF94:
 2177 0140 77747472 		.ascii	"wttrp\000"
 2177      7000
 2178              	.LASF79:
 2179 0146 63685F73 		.ascii	"ch_system\000"
 2179      79737465 
 2179      6D00
 2180              	.LASF9:
 2181 0150 6C6F6E67 		.ascii	"long int\000"
 2181      20696E74 
 2181      00
 2182              	.LASF22:
 2183 0159 74737461 		.ascii	"tstate_t\000"
 2183      74655F74 
 2183      00
 2184              	.LASF124:
 2185 0162 63686465 		.ascii	"chdebug_t\000"
 2185      6275675F 
 2185      7400
 2186              	.LASF35:
 2187 016c 705F6E65 		.ascii	"p_newer\000"
 2187      77657200 
 2188              	.LASF99:
 2189 0174 735F7175 		.ascii	"s_queue\000"
 2189      65756500 
 2190              	.LASF61:
 2191 017c 725F6E65 		.ascii	"r_newer\000"
 2191      77657200 
 2192              	.LASF85:
 2193 0184 72656761 		.ascii	"regarm_t\000"
 2193      726D5F74 
 2193      00
 2194              	.LASF68:
 2195 018d 76745F70 		.ascii	"vt_prev\000"
 2195      72657600 
 2196              	.LASF125:
 2197 0195 6D757465 		.ascii	"mutex_t\000"
 2197      785F7400 
ARM GAS  C:\Users\IDONNO~1\AppData\Local\Temp\ccVouwV8.s 			page 41


 2198              	.LASF138:
 2199 019d 76616C75 		.ascii	"value\000"
 2199      6500
 2200              	.LASF83:
 2201 01a3 69646C65 		.ascii	"idle_thread_wa\000"
 2201      5F746872 
 2201      6561645F 
 2201      776100
 2202              	.LASF28:
 2203 01b2 636E745F 		.ascii	"cnt_t\000"
 2203      7400
 2204              	.LASF0:
 2205 01b8 756E7369 		.ascii	"unsigned int\000"
 2205      676E6564 
 2205      20696E74 
 2205      00
 2206              	.LASF67:
 2207 01c5 76745F6E 		.ascii	"vt_next\000"
 2207      65787400 
 2208              	.LASF16:
 2209 01cd 75696E74 		.ascii	"uint16_t\000"
 2209      31365F74 
 2209      00
 2210              	.LASF42:
 2211 01d6 705F7469 		.ascii	"p_time\000"
 2211      6D6500
 2212              	.LASF95:
 2213 01dd 77747365 		.ascii	"wtsemp\000"
 2213      6D7000
 2214              	.LASF69:
 2215 01e4 76745F64 		.ascii	"vt_delta\000"
 2215      656C7461 
 2215      00
 2216              	.LASF44:
 2217 01ed 705F6D73 		.ascii	"p_msgqueue\000"
 2217      67717565 
 2217      756500
 2218              	.LASF134:
 2219 01f8 63685F64 		.ascii	"ch_debug\000"
 2219      65627567 
 2219      00
 2220              	.LASF100:
 2221 0201 735F636E 		.ascii	"s_cnt\000"
 2221      7400
 2222              	.LASF7:
 2223 0207 73686F72 		.ascii	"short unsigned int\000"
 2223      7420756E 
 2223      7369676E 
 2223      65642069 
 2223      6E7400
 2224              	.LASF52:
 2225 021a 63685F74 		.ascii	"ch_thread\000"
 2225      68726561 
 2225      6400
 2226              	.LASF26:
 2227 0224 6D73675F 		.ascii	"msg_t\000"
 2227      7400
ARM GAS  C:\Users\IDONNO~1\AppData\Local\Temp\ccVouwV8.s 			page 42


 2228              	.LASF78:
 2229 022a 63685F73 		.ascii	"ch_system_t\000"
 2229      79737465 
 2229      6D5F7400 
 2230              	.LASF123:
 2231 0236 63665F6F 		.ascii	"cf_off_time\000"
 2231      66665F74 
 2231      696D6500 
 2232              	.LASF57:
 2233 0242 63685F72 		.ascii	"ch_ready_list\000"
 2233      65616479 
 2233      5F6C6973 
 2233      7400
 2234              	.LASF27:
 2235 0250 6576656E 		.ascii	"eventmask_t\000"
 2235      746D6173 
 2235      6B5F7400 
 2236              	.LASF8:
 2237 025c 5F5F696E 		.ascii	"__int32_t\000"
 2237      7433325F 
 2237      7400
 2238              	.LASF72:
 2239 0266 76697274 		.ascii	"virtual_timers_list_t\000"
 2239      75616C5F 
 2239      74696D65 
 2239      72735F6C 
 2239      6973745F 
 2240              	.LASF86:
 2241 027c 73746B61 		.ascii	"stkalign_t\000"
 2241      6C69676E 
 2241      5F7400
 2242              	.LASF51:
 2243 0287 74687265 		.ascii	"threads_list_t\000"
 2243      6164735F 
 2243      6C697374 
 2243      5F7400
 2244              	.LASF107:
 2245 0296 63685F7A 		.ascii	"ch_zero\000"
 2245      65726F00 
 2246              	.LASF121:
 2247 029e 63665F6F 		.ascii	"cf_off_refs\000"
 2247      66665F72 
 2247      65667300 
 2248              	.LASF43:
 2249 02aa 705F7761 		.ascii	"p_waiting\000"
 2249      6974696E 
 2249      6700
 2250              	.LASF84:
 2251 02b4 73697A65 		.ascii	"sizetype\000"
 2251      74797065 
 2251      00
 2252              	.LASF73:
 2253 02bd 63685F76 		.ascii	"ch_virtual_timers_list\000"
 2253      69727475 
 2253      616C5F74 
 2253      696D6572 
 2253      735F6C69 
ARM GAS  C:\Users\IDONNO~1\AppData\Local\Temp\ccVouwV8.s 			page 43


 2254              	.LASF111:
 2255 02d4 63685F74 		.ascii	"ch_timesize\000"
 2255      696D6573 
 2255      697A6500 
 2256              	.LASF117:
 2257 02e0 63665F6F 		.ascii	"cf_off_name\000"
 2257      66665F6E 
 2257      616D6500 
 2258              	.LASF36:
 2259 02ec 705F6F6C 		.ascii	"p_older\000"
 2259      64657200 
 2260              	.LASF60:
 2261 02f4 725F6374 		.ascii	"r_ctx\000"
 2261      7800
 2262              	.LASF34:
 2263 02fa 705F6374 		.ascii	"p_ctx\000"
 2263      7800
 2264              	.LASF90:
 2265 0300 746D5F63 		.ascii	"tm_calibration_t\000"
 2265      616C6962 
 2265      72617469 
 2265      6F6E5F74 
 2265      00
 2266              	.LASF63:
 2267 0311 725F6375 		.ascii	"r_current\000"
 2267      7272656E 
 2267      7400
 2268              	.LASF62:
 2269 031b 725F6F6C 		.ascii	"r_older\000"
 2269      64657200 
 2270              	.LASF13:
 2271 0323 5F5F7569 		.ascii	"__uint64_t\000"
 2271      6E743634 
 2271      5F7400
 2272              	.LASF23:
 2273 032e 74726566 		.ascii	"trefs_t\000"
 2273      735F7400 
 2274              	.LASF110:
 2275 0336 63685F70 		.ascii	"ch_ptrsize\000"
 2275      74727369 
 2275      7A6500
 2276              	.LASF65:
 2277 0341 76697274 		.ascii	"virtual_timer_t\000"
 2277      75616C5F 
 2277      74696D65 
 2277      725F7400 
 2278              	.LASF32:
 2279 0351 705F7072 		.ascii	"p_prev\000"
 2279      657600
 2280              	.LASF25:
 2281 0358 74707269 		.ascii	"tprio_t\000"
 2281      6F5F7400 
 2282              	.LASF76:
 2283 0360 63685F73 		.ascii	"ch_system_debug\000"
 2283      79737465 
 2283      6D5F6465 
 2283      62756700 
ARM GAS  C:\Users\IDONNO~1\AppData\Local\Temp\ccVouwV8.s 			page 44


 2284              	.LASF17:
 2285 0370 696E7433 		.ascii	"int32_t\000"
 2285      325F7400 
 2286              	.LASF4:
 2287 0378 756E7369 		.ascii	"unsigned char\000"
 2287      676E6564 
 2287      20636861 
 2287      7200
 2288              	.LASF47:
 2289 0386 705F6D74 		.ascii	"p_mtxlist\000"
 2289      786C6973 
 2289      7400
 2290              	.LASF5:
 2291 0390 73686F72 		.ascii	"short int\000"
 2291      7420696E 
 2291      7400
 2292              	.LASF38:
 2293 039a 705F7374 		.ascii	"p_state\000"
 2293      61746500 
 2294              	.LASF41:
 2295 03a2 705F7072 		.ascii	"p_preempt\000"
 2295      65656D70 
 2295      7400
 2296              	.LASF59:
 2297 03ac 725F7072 		.ascii	"r_prio\000"
 2297      696F00
 2298              	.LASF97:
 2299 03b3 65776D61 		.ascii	"ewmask\000"
 2299      736B00
 2300              	.LASF31:
 2301 03ba 705F6E65 		.ascii	"p_next\000"
 2301      787400
 2302              	.LASF21:
 2303 03c1 746D6F64 		.ascii	"tmode_t\000"
 2303      655F7400 
 2304              	.LASF122:
 2305 03c9 63665F6F 		.ascii	"cf_off_preempt\000"
 2305      66665F70 
 2305      7265656D 
 2305      707400
 2306              	.LASF39:
 2307 03d8 705F666C 		.ascii	"p_flags\000"
 2307      61677300 
 2308              	.LASF139:
 2309 03e0 5F5F6675 		.ascii	"__func__\000"
 2309      6E635F5F 
 2309      00
 2310              	.LASF130:
 2311 03e9 63685379 		.ascii	"chSysLock\000"
 2311      734C6F63 
 2311      6B00
 2312              	.LASF140:
 2313 03f3 63685468 		.ascii	"chThdRelease\000"
 2313      6452656C 
 2313      65617365 
 2313      00
 2314              	.LASF54:
ARM GAS  C:\Users\IDONNO~1\AppData\Local\Temp\ccVouwV8.s 			page 45


 2315 0400 74687265 		.ascii	"threads_queue_t\000"
 2315      6164735F 
 2315      71756575 
 2315      655F7400 
 2316              	.LASF66:
 2317 0410 63685F76 		.ascii	"ch_virtual_timer\000"
 2317      69727475 
 2317      616C5F74 
 2317      696D6572 
 2317      00
 2318              	.LASF115:
 2319 0421 63665F6F 		.ascii	"cf_off_newer\000"
 2319      66665F6E 
 2319      65776572 
 2319      00
 2320              	.LASF98:
 2321 042e 63685F73 		.ascii	"ch_semaphore\000"
 2321      656D6170 
 2321      686F7265 
 2321      00
 2322              	.LASF46:
 2323 043b 705F6570 		.ascii	"p_epending\000"
 2323      656E6469 
 2323      6E6700
 2324              	.LASF18:
 2325 0446 75696E74 		.ascii	"uint32_t\000"
 2325      33325F74 
 2325      00
 2326              	.LASF113:
 2327 044f 63665F6F 		.ascii	"cf_off_prio\000"
 2327      66665F70 
 2327      72696F00 
 2328              	.LASF58:
 2329 045b 725F7175 		.ascii	"r_queue\000"
 2329      65756500 
 2330              	.LASF53:
 2331 0463 63685F74 		.ascii	"ch_threads_list\000"
 2331      68726561 
 2331      64735F6C 
 2331      69737400 
 2332              	.LASF108:
 2333 0473 63685F73 		.ascii	"ch_size\000"
 2333      697A6500 
 2334              	.LASF11:
 2335 047b 6C6F6E67 		.ascii	"long unsigned int\000"
 2335      20756E73 
 2335      69676E65 
 2335      6420696E 
 2335      7400
 2336              	.LASF105:
 2337 048d 63686172 		.ascii	"char\000"
 2337      00
 2338              	.LASF132:
 2339 0492 63685265 		.ascii	"chRegNextThread\000"
 2339      674E6578 
 2339      74546872 
 2339      65616400 
ARM GAS  C:\Users\IDONNO~1\AppData\Local\Temp\ccVouwV8.s 			page 46


 2340              	.LASF96:
 2341 04a2 77746D74 		.ascii	"wtmtxp\000"
 2341      787000
 2342              	.LASF6:
 2343 04a9 5F5F7569 		.ascii	"__uint16_t\000"
 2343      6E743136 
 2343      5F7400
 2344              	.LASF30:
 2345 04b4 74687265 		.ascii	"thread_t\000"
 2345      61645F74 
 2345      00
 2346              	.LASF104:
 2347 04bd 6D5F6E65 		.ascii	"m_next\000"
 2347      787400
 2348              	.LASF29:
 2349 04c4 73797374 		.ascii	"systime_t\000"
 2349      696D655F 
 2349      7400
 2350              	.LASF48:
 2351 04ce 705F7265 		.ascii	"p_realprio\000"
 2351      616C7072 
 2351      696F00
 2352              	.LASF64:
 2353 04d9 76746675 		.ascii	"vtfunc_t\000"
 2353      6E635F74 
 2353      00
 2354              	.LASF10:
 2355 04e2 5F5F7569 		.ascii	"__uint32_t\000"
 2355      6E743332 
 2355      5F7400
 2356              	.LASF128:
 2357 04ed 5F5F7365 		.ascii	"__set_BASEPRI\000"
 2357      745F4241 
 2357      53455052 
 2357      4900
 2358              	.LASF77:
 2359 04fb 70616E69 		.ascii	"panic_msg\000"
 2359      635F6D73 
 2359      6700
 2360              	.LASF89:
 2361 0505 6F666673 		.ascii	"offset\000"
 2361      657400
 2362              	.LASF87:
 2363 050c 636F6E74 		.ascii	"context\000"
 2363      65787400 
 2364              	.LASF45:
 2365 0514 705F6D73 		.ascii	"p_msg\000"
 2365      6700
 2366              	.LASF20:
 2367 051a 7274636E 		.ascii	"rtcnt_t\000"
 2367      745F7400 
 2368              	.LASF137:
 2369 0522 443A5C67 		.ascii	"D:\\git\\oroca_bldc_dev\\oroca_bldc_fw\\oroca_bldc_"
 2369      69745C6F 
 2369      726F6361 
 2369      5F626C64 
 2369      635F6465 
ARM GAS  C:\Users\IDONNO~1\AppData\Local\Temp\ccVouwV8.s 			page 47


 2370 0551 63686962 		.ascii	"chibios\000"
 2370      696F7300 
 2371              	.LASF71:
 2372 0559 76745F70 		.ascii	"vt_par\000"
 2372      617200
 2373              	.LASF114:
 2374 0560 63665F6F 		.ascii	"cf_off_ctx\000"
 2374      66665F63 
 2374      747800
 2375              	.LASF101:
 2376 056b 63685F6D 		.ascii	"ch_mutex\000"
 2376      75746578 
 2376      00
 2377              	.LASF40:
 2378 0574 705F7265 		.ascii	"p_refs\000"
 2378      667300
 2379              	.LASF135:
 2380 057b 474E5520 		.ascii	"GNU C99 5.4.1 20160919 (release) [ARM/embedded-5-br"
 2380      43393920 
 2380      352E342E 
 2380      31203230 
 2380      31363039 
 2381 05ae 616E6368 		.ascii	"anch revision 240496] -mcpu=cortex-m4 -mfloat-abi=h"
 2381      20726576 
 2381      6973696F 
 2381      6E203234 
 2381      30343936 
 2382 05e1 61726420 		.ascii	"ard -mfpu=fpv4-sp-d16 -mno-thumb-interwork -mthumb "
 2382      2D6D6670 
 2382      753D6670 
 2382      76342D73 
 2382      702D6431 
 2383 0614 2D676764 		.ascii	"-ggdb -O2 -std=gnu99 -fomit-frame-pointer -falign-f"
 2383      62202D4F 
 2383      32202D73 
 2383      74643D67 
 2383      6E753939 
 2384 0647 756E6374 		.ascii	"unctions=16 -ffunction-sections -fdata-sections -fn"
 2384      696F6E73 
 2384      3D313620 
 2384      2D666675 
 2384      6E637469 
 2385 067a 6F2D636F 		.ascii	"o-common -fsingle-precision-constant\000"
 2385      6D6D6F6E 
 2385      202D6673 
 2385      696E676C 
 2385      652D7072 
 2386              	.LASF80:
 2387 069f 726C6973 		.ascii	"rlist\000"
 2387      7400
 2388              	.LASF15:
 2389 06a5 75696E74 		.ascii	"uint8_t\000"
 2389      385F7400 
 2390              	.LASF50:
 2391 06ad 74687265 		.ascii	"thread_reference_t\000"
 2391      61645F72 
 2391      65666572 
ARM GAS  C:\Users\IDONNO~1\AppData\Local\Temp\ccVouwV8.s 			page 48


 2391      656E6365 
 2391      5F7400
 2392              	.LASF93:
 2393 06c0 77746F62 		.ascii	"wtobjp\000"
 2393      6A7000
 2394              	.LASF37:
 2395 06c7 705F6E61 		.ascii	"p_name\000"
 2395      6D6500
 2396              	.LASF74:
 2397 06ce 76745F73 		.ascii	"vt_systime\000"
 2397      79737469 
 2397      6D6500
 2398              	.LASF136:
 2399 06d9 7372632F 		.ascii	"src/ChibiOS_3.0.2/os/rt/src/chregistry.c\000"
 2399      43686962 
 2399      694F535F 
 2399      332E302E 
 2399      322F6F73 
 2400              	.LASF129:
 2401 0702 63685379 		.ascii	"chSysUnlock\000"
 2401      73556E6C 
 2401      6F636B00 
 2402              	.LASF109:
 2403 070e 63685F76 		.ascii	"ch_version\000"
 2403      65727369 
 2403      6F6E00
 2404              	.LASF103:
 2405 0719 6D5F6F77 		.ascii	"m_owner\000"
 2405      6E657200 
 2406              	.LASF106:
 2407 0721 63685F69 		.ascii	"ch_identifier\000"
 2407      64656E74 
 2407      69666965 
 2407      7200
 2408              	.LASF70:
 2409 072f 76745F66 		.ascii	"vt_func\000"
 2409      756E6300 
 2410              		.ident	"GCC: (GNU Tools for ARM Embedded Processors) 5.4.1 20160919 (release) [ARM/embedded-5-bran
ARM GAS  C:\Users\IDONNO~1\AppData\Local\Temp\ccVouwV8.s 			page 49


DEFINED SYMBOLS
                            *ABS*:00000000 chregistry.c
C:\Users\IDONNO~1\AppData\Local\Temp\ccVouwV8.s:22     .text.chRegFirstThread:00000000 $t
C:\Users\IDONNO~1\AppData\Local\Temp\ccVouwV8.s:28     .text.chRegFirstThread:00000000 chRegFirstThread
C:\Users\IDONNO~1\AppData\Local\Temp\ccVouwV8.s:88     .text.chRegFirstThread:00000018 $d
C:\Users\IDONNO~1\AppData\Local\Temp\ccVouwV8.s:93     .text.chRegNextThread:00000000 $t
C:\Users\IDONNO~1\AppData\Local\Temp\ccVouwV8.s:99     .text.chRegNextThread:00000000 chRegNextThread
C:\Users\IDONNO~1\AppData\Local\Temp\ccVouwV8.s:171    .text.chRegNextThread:00000028 $d
C:\Users\IDONNO~1\AppData\Local\Temp\ccVouwV8.s:180    .rodata.ch_debug:00000000 ch_debug
C:\Users\IDONNO~1\AppData\Local\Temp\ccVouwV8.s:177    .rodata.ch_debug:00000000 $d
                     .debug_frame:00000010 $d

UNDEFINED SYMBOLS
ch
chThdRelease
