ARM GAS  C:\Users\USER\AppData\Local\Temp\cciLbLap.s 			page 1


   1              		.cpu cortex-m4
   2              		.eabi_attribute 27, 1
   3              		.eabi_attribute 28, 1
   4              		.eabi_attribute 20, 1
   5              		.eabi_attribute 21, 1
   6              		.eabi_attribute 23, 3
   7              		.eabi_attribute 24, 1
   8              		.eabi_attribute 25, 1
   9              		.eabi_attribute 26, 1
  10              		.eabi_attribute 30, 2
  11              		.eabi_attribute 34, 1
  12              		.eabi_attribute 18, 4
  13              		.file	"crt1.c"
  14              		.text
  15              	.Ltext0:
  16              		.cfi_sections	.debug_frame
  17              		.section	.text.__core_init,"ax",%progbits
  18              		.align	1
  19              		.p2align 4,,15
  20              		.weak	__core_init
  21              		.arch armv7e-m
  22              		.syntax unified
  23              		.thumb
  24              		.thumb_func
  25              		.fpu fpv4-sp-d16
  26              		.type	__core_init, %function
  27              	__core_init:
  28              	.LFB112:
  29              		.file 1 "src/ChibiOS_3.0.2/os/common/ports/ARMCMx/compilers/GCC/crt1.c"
  30              		.loc 1 42 24 view -0
  31              		.cfi_startproc
  32              		@ args = 0, pretend = 0, frame = 0
  33              		@ frame_needed = 0, uses_anonymous_args = 0
  34              		@ link register save eliminated.
  35              		.loc 1 48 1 view .LVU1
  36 0000 7047     		bx	lr
  37              		.cfi_endproc
  38              	.LFE112:
  39              		.size	__core_init, .-__core_init
  40 0002 00BF     		.section	.text.__early_init,"ax",%progbits
  41              		.align	1
  42              		.p2align 4,,15
  43              		.weak	__early_init
  44              		.syntax unified
  45              		.thumb
  46              		.thumb_func
  47              		.fpu fpv4-sp-d16
  48              		.type	__early_init, %function
  49              	__early_init:
  50              	.LFB117:
  51              		.cfi_startproc
  52              		@ args = 0, pretend = 0, frame = 0
  53              		@ frame_needed = 0, uses_anonymous_args = 0
  54              		@ link register save eliminated.
  55 0000 7047     		bx	lr
  56              		.cfi_endproc
  57              	.LFE117:
ARM GAS  C:\Users\USER\AppData\Local\Temp\cciLbLap.s 			page 2


  58              		.size	__early_init, .-__early_init
  59 0002 00BF     		.section	.text.__late_init,"ax",%progbits
  60              		.align	1
  61              		.p2align 4,,15
  62              		.weak	__late_init
  63              		.syntax unified
  64              		.thumb
  65              		.thumb_func
  66              		.fpu fpv4-sp-d16
  67              		.type	__late_init, %function
  68              	__late_init:
  69              	.LFB119:
  70              		.cfi_startproc
  71              		@ args = 0, pretend = 0, frame = 0
  72              		@ frame_needed = 0, uses_anonymous_args = 0
  73              		@ link register save eliminated.
  74 0000 7047     		bx	lr
  75              		.cfi_endproc
  76              	.LFE119:
  77              		.size	__late_init, .-__late_init
  78 0002 00BF     		.section	.text.__default_exit,"ax",%progbits
  79              		.align	1
  80              		.p2align 4,,15
  81              		.weak	__default_exit
  82              		.syntax unified
  83              		.thumb
  84              		.thumb_func
  85              		.fpu fpv4-sp-d16
  86              		.type	__default_exit, %function
  87              	__default_exit:
  88              	.LFB115:
  89              		.loc 1 88 27 view -0
  90              		.cfi_startproc
  91              		@ Volatile: function does not return.
  92              		@ args = 0, pretend = 0, frame = 0
  93              		@ frame_needed = 0, uses_anonymous_args = 0
  94              		@ link register save eliminated.
  95              	.L6:
  96              		.loc 1 91 3 discriminator 1 view .LVU3
  97              		.loc 1 92 3 discriminator 1 view .LVU4
  98 0000 FEE7     		b	.L6
  99              		.cfi_endproc
 100              	.LFE115:
 101              		.size	__default_exit, .-__default_exit
 102 0002 00BF     		.text
 103              	.Letext0:
 104              		.file 2 "c:\\program files (x86)\\gnu tools arm embedded\\8 2018-q4-major\\arm-none-eabi\\include\
 105              		.file 3 "c:\\program files (x86)\\gnu tools arm embedded\\8 2018-q4-major\\arm-none-eabi\\include\
 106              		.file 4 "src/ChibiOS_3.0.2/os/ext/CMSIS/include/core_cm4.h"
 107              		.file 5 "src/ChibiOS_3.0.2/os/ext/CMSIS/ST/system_stm32f4xx.h"
 108              		.section	.debug_info,"",%progbits
 109              	.Ldebug_info0:
 110 0000 F0000000 		.4byte	0xf0
 111 0004 0400     		.2byte	0x4
 112 0006 00000000 		.4byte	.Ldebug_abbrev0
 113 000a 04       		.byte	0x4
 114 000b 01       		.uleb128 0x1
ARM GAS  C:\Users\USER\AppData\Local\Temp\cciLbLap.s 			page 3


 115 000c D0000000 		.4byte	.LASF17
 116 0010 0C       		.byte	0xc
 117 0011 60020000 		.4byte	.LASF18
 118 0015 76000000 		.4byte	.LASF19
 119 0019 00000000 		.4byte	.Ldebug_ranges0+0
 120 001d 00000000 		.4byte	0
 121 0021 00000000 		.4byte	.Ldebug_line0
 122 0025 02       		.uleb128 0x2
 123 0026 01       		.byte	0x1
 124 0027 06       		.byte	0x6
 125 0028 38020000 		.4byte	.LASF0
 126 002c 02       		.uleb128 0x2
 127 002d 01       		.byte	0x1
 128 002e 08       		.byte	0x8
 129 002f 2E000000 		.4byte	.LASF1
 130 0033 02       		.uleb128 0x2
 131 0034 02       		.byte	0x2
 132 0035 05       		.byte	0x5
 133 0036 4E020000 		.4byte	.LASF2
 134 003a 02       		.uleb128 0x2
 135 003b 02       		.byte	0x2
 136 003c 07       		.byte	0x7
 137 003d 0E000000 		.4byte	.LASF3
 138 0041 03       		.uleb128 0x3
 139 0042 44020000 		.4byte	.LASF5
 140 0046 02       		.byte	0x2
 141 0047 4D       		.byte	0x4d
 142 0048 18       		.byte	0x18
 143 0049 4D000000 		.4byte	0x4d
 144 004d 02       		.uleb128 0x2
 145 004e 04       		.byte	0x4
 146 004f 05       		.byte	0x5
 147 0050 13020000 		.4byte	.LASF4
 148 0054 03       		.uleb128 0x3
 149 0055 3C000000 		.4byte	.LASF6
 150 0059 02       		.byte	0x2
 151 005a 4F       		.byte	0x4f
 152 005b 19       		.byte	0x19
 153 005c 60000000 		.4byte	0x60
 154 0060 02       		.uleb128 0x2
 155 0061 04       		.byte	0x4
 156 0062 07       		.byte	0x7
 157 0063 64000000 		.4byte	.LASF7
 158 0067 02       		.uleb128 0x2
 159 0068 08       		.byte	0x8
 160 0069 05       		.byte	0x5
 161 006a 00000000 		.4byte	.LASF8
 162 006e 02       		.uleb128 0x2
 163 006f 08       		.byte	0x8
 164 0070 07       		.byte	0x7
 165 0071 AD000000 		.4byte	.LASF9
 166 0075 04       		.uleb128 0x4
 167 0076 04       		.byte	0x4
 168 0077 05       		.byte	0x5
 169 0078 696E7400 		.ascii	"int\000"
 170 007c 02       		.uleb128 0x2
 171 007d 04       		.byte	0x4
ARM GAS  C:\Users\USER\AppData\Local\Temp\cciLbLap.s 			page 4


 172 007e 07       		.byte	0x7
 173 007f 21000000 		.4byte	.LASF10
 174 0083 03       		.uleb128 0x3
 175 0084 58020000 		.4byte	.LASF11
 176 0088 03       		.byte	0x3
 177 0089 2C       		.byte	0x2c
 178 008a 13       		.byte	0x13
 179 008b 41000000 		.4byte	0x41
 180 008f 05       		.uleb128 0x5
 181 0090 83000000 		.4byte	0x83
 182 0094 03       		.uleb128 0x3
 183 0095 FE010000 		.4byte	.LASF12
 184 0099 03       		.byte	0x3
 185 009a 30       		.byte	0x30
 186 009b 14       		.byte	0x14
 187 009c 54000000 		.4byte	0x54
 188 00a0 06       		.uleb128 0x6
 189 00a1 2B020000 		.4byte	.LASF13
 190 00a5 04       		.byte	0x4
 191 00a6 A706     		.2byte	0x6a7
 192 00a8 19       		.byte	0x19
 193 00a9 8F000000 		.4byte	0x8f
 194 00ad 07       		.uleb128 0x7
 195 00ae 47000000 		.4byte	.LASF14
 196 00b2 05       		.byte	0x5
 197 00b3 4C       		.byte	0x4c
 198 00b4 11       		.byte	0x11
 199 00b5 94000000 		.4byte	0x94
 200 00b9 08       		.uleb128 0x8
 201 00ba 1C020000 		.4byte	.LASF20
 202 00be 01       		.byte	0x1
 203 00bf 58       		.byte	0x58
 204 00c0 06       		.byte	0x6
 205 00c1 00000000 		.4byte	.LFB115
 206 00c5 02000000 		.4byte	.LFE115-.LFB115
 207 00c9 01       		.uleb128 0x1
 208 00ca 9C       		.byte	0x9c
 209 00cb 09       		.uleb128 0x9
 210 00cc C4000000 		.4byte	.LASF15
 211 00d0 01       		.byte	0x1
 212 00d1 4B       		.byte	0x4b
 213 00d2 06       		.byte	0x6
 214 00d3 09       		.uleb128 0x9
 215 00d4 57000000 		.4byte	.LASF16
 216 00d8 01       		.byte	0x1
 217 00d9 3D       		.byte	0x3d
 218 00da 06       		.byte	0x6
 219 00db 0A       		.uleb128 0xa
 220 00dc 07020000 		.4byte	.LASF21
 221 00e0 01       		.byte	0x1
 222 00e1 2A       		.byte	0x2a
 223 00e2 06       		.byte	0x6
 224 00e3 01       		.byte	0x1
 225 00e4 0B       		.uleb128 0xb
 226 00e5 DB000000 		.4byte	0xdb
 227 00e9 00000000 		.4byte	.LFB112
 228 00ed 02000000 		.4byte	.LFE112-.LFB112
ARM GAS  C:\Users\USER\AppData\Local\Temp\cciLbLap.s 			page 5


 229 00f1 01       		.uleb128 0x1
 230 00f2 9C       		.byte	0x9c
 231 00f3 00       		.byte	0
 232              		.section	.debug_abbrev,"",%progbits
 233              	.Ldebug_abbrev0:
 234 0000 01       		.uleb128 0x1
 235 0001 11       		.uleb128 0x11
 236 0002 01       		.byte	0x1
 237 0003 25       		.uleb128 0x25
 238 0004 0E       		.uleb128 0xe
 239 0005 13       		.uleb128 0x13
 240 0006 0B       		.uleb128 0xb
 241 0007 03       		.uleb128 0x3
 242 0008 0E       		.uleb128 0xe
 243 0009 1B       		.uleb128 0x1b
 244 000a 0E       		.uleb128 0xe
 245 000b 55       		.uleb128 0x55
 246 000c 17       		.uleb128 0x17
 247 000d 11       		.uleb128 0x11
 248 000e 01       		.uleb128 0x1
 249 000f 10       		.uleb128 0x10
 250 0010 17       		.uleb128 0x17
 251 0011 00       		.byte	0
 252 0012 00       		.byte	0
 253 0013 02       		.uleb128 0x2
 254 0014 24       		.uleb128 0x24
 255 0015 00       		.byte	0
 256 0016 0B       		.uleb128 0xb
 257 0017 0B       		.uleb128 0xb
 258 0018 3E       		.uleb128 0x3e
 259 0019 0B       		.uleb128 0xb
 260 001a 03       		.uleb128 0x3
 261 001b 0E       		.uleb128 0xe
 262 001c 00       		.byte	0
 263 001d 00       		.byte	0
 264 001e 03       		.uleb128 0x3
 265 001f 16       		.uleb128 0x16
 266 0020 00       		.byte	0
 267 0021 03       		.uleb128 0x3
 268 0022 0E       		.uleb128 0xe
 269 0023 3A       		.uleb128 0x3a
 270 0024 0B       		.uleb128 0xb
 271 0025 3B       		.uleb128 0x3b
 272 0026 0B       		.uleb128 0xb
 273 0027 39       		.uleb128 0x39
 274 0028 0B       		.uleb128 0xb
 275 0029 49       		.uleb128 0x49
 276 002a 13       		.uleb128 0x13
 277 002b 00       		.byte	0
 278 002c 00       		.byte	0
 279 002d 04       		.uleb128 0x4
 280 002e 24       		.uleb128 0x24
 281 002f 00       		.byte	0
 282 0030 0B       		.uleb128 0xb
 283 0031 0B       		.uleb128 0xb
 284 0032 3E       		.uleb128 0x3e
 285 0033 0B       		.uleb128 0xb
ARM GAS  C:\Users\USER\AppData\Local\Temp\cciLbLap.s 			page 6


 286 0034 03       		.uleb128 0x3
 287 0035 08       		.uleb128 0x8
 288 0036 00       		.byte	0
 289 0037 00       		.byte	0
 290 0038 05       		.uleb128 0x5
 291 0039 35       		.uleb128 0x35
 292 003a 00       		.byte	0
 293 003b 49       		.uleb128 0x49
 294 003c 13       		.uleb128 0x13
 295 003d 00       		.byte	0
 296 003e 00       		.byte	0
 297 003f 06       		.uleb128 0x6
 298 0040 34       		.uleb128 0x34
 299 0041 00       		.byte	0
 300 0042 03       		.uleb128 0x3
 301 0043 0E       		.uleb128 0xe
 302 0044 3A       		.uleb128 0x3a
 303 0045 0B       		.uleb128 0xb
 304 0046 3B       		.uleb128 0x3b
 305 0047 05       		.uleb128 0x5
 306 0048 39       		.uleb128 0x39
 307 0049 0B       		.uleb128 0xb
 308 004a 49       		.uleb128 0x49
 309 004b 13       		.uleb128 0x13
 310 004c 3F       		.uleb128 0x3f
 311 004d 19       		.uleb128 0x19
 312 004e 3C       		.uleb128 0x3c
 313 004f 19       		.uleb128 0x19
 314 0050 00       		.byte	0
 315 0051 00       		.byte	0
 316 0052 07       		.uleb128 0x7
 317 0053 34       		.uleb128 0x34
 318 0054 00       		.byte	0
 319 0055 03       		.uleb128 0x3
 320 0056 0E       		.uleb128 0xe
 321 0057 3A       		.uleb128 0x3a
 322 0058 0B       		.uleb128 0xb
 323 0059 3B       		.uleb128 0x3b
 324 005a 0B       		.uleb128 0xb
 325 005b 39       		.uleb128 0x39
 326 005c 0B       		.uleb128 0xb
 327 005d 49       		.uleb128 0x49
 328 005e 13       		.uleb128 0x13
 329 005f 3F       		.uleb128 0x3f
 330 0060 19       		.uleb128 0x19
 331 0061 3C       		.uleb128 0x3c
 332 0062 19       		.uleb128 0x19
 333 0063 00       		.byte	0
 334 0064 00       		.byte	0
 335 0065 08       		.uleb128 0x8
 336 0066 2E       		.uleb128 0x2e
 337 0067 00       		.byte	0
 338 0068 3F       		.uleb128 0x3f
 339 0069 19       		.uleb128 0x19
 340 006a 03       		.uleb128 0x3
 341 006b 0E       		.uleb128 0xe
 342 006c 3A       		.uleb128 0x3a
ARM GAS  C:\Users\USER\AppData\Local\Temp\cciLbLap.s 			page 7


 343 006d 0B       		.uleb128 0xb
 344 006e 3B       		.uleb128 0x3b
 345 006f 0B       		.uleb128 0xb
 346 0070 39       		.uleb128 0x39
 347 0071 0B       		.uleb128 0xb
 348 0072 27       		.uleb128 0x27
 349 0073 19       		.uleb128 0x19
 350 0074 8701     		.uleb128 0x87
 351 0076 19       		.uleb128 0x19
 352 0077 11       		.uleb128 0x11
 353 0078 01       		.uleb128 0x1
 354 0079 12       		.uleb128 0x12
 355 007a 06       		.uleb128 0x6
 356 007b 40       		.uleb128 0x40
 357 007c 18       		.uleb128 0x18
 358 007d 9742     		.uleb128 0x2117
 359 007f 19       		.uleb128 0x19
 360 0080 00       		.byte	0
 361 0081 00       		.byte	0
 362 0082 09       		.uleb128 0x9
 363 0083 2E       		.uleb128 0x2e
 364 0084 00       		.byte	0
 365 0085 3F       		.uleb128 0x3f
 366 0086 19       		.uleb128 0x19
 367 0087 03       		.uleb128 0x3
 368 0088 0E       		.uleb128 0xe
 369 0089 3A       		.uleb128 0x3a
 370 008a 0B       		.uleb128 0xb
 371 008b 3B       		.uleb128 0x3b
 372 008c 0B       		.uleb128 0xb
 373 008d 39       		.uleb128 0x39
 374 008e 0B       		.uleb128 0xb
 375 008f 27       		.uleb128 0x27
 376 0090 19       		.uleb128 0x19
 377 0091 00       		.byte	0
 378 0092 00       		.byte	0
 379 0093 0A       		.uleb128 0xa
 380 0094 2E       		.uleb128 0x2e
 381 0095 00       		.byte	0
 382 0096 3F       		.uleb128 0x3f
 383 0097 19       		.uleb128 0x19
 384 0098 03       		.uleb128 0x3
 385 0099 0E       		.uleb128 0xe
 386 009a 3A       		.uleb128 0x3a
 387 009b 0B       		.uleb128 0xb
 388 009c 3B       		.uleb128 0x3b
 389 009d 0B       		.uleb128 0xb
 390 009e 39       		.uleb128 0x39
 391 009f 0B       		.uleb128 0xb
 392 00a0 27       		.uleb128 0x27
 393 00a1 19       		.uleb128 0x19
 394 00a2 20       		.uleb128 0x20
 395 00a3 0B       		.uleb128 0xb
 396 00a4 00       		.byte	0
 397 00a5 00       		.byte	0
 398 00a6 0B       		.uleb128 0xb
 399 00a7 2E       		.uleb128 0x2e
ARM GAS  C:\Users\USER\AppData\Local\Temp\cciLbLap.s 			page 8


 400 00a8 00       		.byte	0
 401 00a9 31       		.uleb128 0x31
 402 00aa 13       		.uleb128 0x13
 403 00ab 11       		.uleb128 0x11
 404 00ac 01       		.uleb128 0x1
 405 00ad 12       		.uleb128 0x12
 406 00ae 06       		.uleb128 0x6
 407 00af 40       		.uleb128 0x40
 408 00b0 18       		.uleb128 0x18
 409 00b1 9742     		.uleb128 0x2117
 410 00b3 19       		.uleb128 0x19
 411 00b4 00       		.byte	0
 412 00b5 00       		.byte	0
 413 00b6 00       		.byte	0
 414              		.section	.debug_aranges,"",%progbits
 415 0000 24000000 		.4byte	0x24
 416 0004 0200     		.2byte	0x2
 417 0006 00000000 		.4byte	.Ldebug_info0
 418 000a 04       		.byte	0x4
 419 000b 00       		.byte	0
 420 000c 0000     		.2byte	0
 421 000e 0000     		.2byte	0
 422 0010 00000000 		.4byte	.LFB112
 423 0014 02000000 		.4byte	.LFE112-.LFB112
 424 0018 00000000 		.4byte	.LFB115
 425 001c 02000000 		.4byte	.LFE115-.LFB115
 426 0020 00000000 		.4byte	0
 427 0024 00000000 		.4byte	0
 428              		.section	.debug_ranges,"",%progbits
 429              	.Ldebug_ranges0:
 430 0000 00000000 		.4byte	.LFB112
 431 0004 02000000 		.4byte	.LFE112
 432 0008 00000000 		.4byte	.LFB115
 433 000c 02000000 		.4byte	.LFE115
 434 0010 00000000 		.4byte	0
 435 0014 00000000 		.4byte	0
 436              		.section	.debug_line,"",%progbits
 437              	.Ldebug_line0:
 438 0000 CE010000 		.section	.debug_str,"MS",%progbits,1
 438      03009601 
 438      00000201 
 438      FB0E0D00 
 438      01010101 
 439              	.LASF8:
 440 0000 6C6F6E67 		.ascii	"long long int\000"
 440      206C6F6E 
 440      6720696E 
 440      7400
 441              	.LASF3:
 442 000e 73686F72 		.ascii	"short unsigned int\000"
 442      7420756E 
 442      7369676E 
 442      65642069 
 442      6E7400
 443              	.LASF10:
 444 0021 756E7369 		.ascii	"unsigned int\000"
 444      676E6564 
ARM GAS  C:\Users\USER\AppData\Local\Temp\cciLbLap.s 			page 9


 444      20696E74 
 444      00
 445              	.LASF1:
 446 002e 756E7369 		.ascii	"unsigned char\000"
 446      676E6564 
 446      20636861 
 446      7200
 447              	.LASF6:
 448 003c 5F5F7569 		.ascii	"__uint32_t\000"
 448      6E743332 
 448      5F7400
 449              	.LASF14:
 450 0047 53797374 		.ascii	"SystemCoreClock\000"
 450      656D436F 
 450      7265436C 
 450      6F636B00 
 451              	.LASF16:
 452 0057 5F5F6561 		.ascii	"__early_init\000"
 452      726C795F 
 452      696E6974 
 452      00
 453              	.LASF7:
 454 0064 6C6F6E67 		.ascii	"long unsigned int\000"
 454      20756E73 
 454      69676E65 
 454      6420696E 
 454      7400
 455              	.LASF19:
 456 0076 443A5C67 		.ascii	"D:\\git\\oroca_bldc_dev\\oroca_bldc_FW\\oroca_bldc_"
 456      69745C6F 
 456      726F6361 
 456      5F626C64 
 456      635F6465 
 457 00a5 63686962 		.ascii	"chibios\000"
 457      696F7300 
 458              	.LASF9:
 459 00ad 6C6F6E67 		.ascii	"long long unsigned int\000"
 459      206C6F6E 
 459      6720756E 
 459      7369676E 
 459      65642069 
 460              	.LASF15:
 461 00c4 5F5F6C61 		.ascii	"__late_init\000"
 461      74655F69 
 461      6E697400 
 462              	.LASF17:
 463 00d0 474E5520 		.ascii	"GNU C99 8.2.1 20181213 (release) [gcc-8-branch revi"
 463      43393920 
 463      382E322E 
 463      31203230 
 463      31383132 
 464 0103 73696F6E 		.ascii	"sion 267074] -mcpu=cortex-m4 -mfloat-abi=hard -mfpu"
 464      20323637 
 464      3037345D 
 464      202D6D63 
 464      70753D63 
 465 0136 3D667076 		.ascii	"=fpv4-sp-d16 -mno-thumb-interwork -mthumb -march=ar"
ARM GAS  C:\Users\USER\AppData\Local\Temp\cciLbLap.s 			page 10


 465      342D7370 
 465      2D643136 
 465      202D6D6E 
 465      6F2D7468 
 466 0169 6D763765 		.ascii	"mv7e-m+fp -ggdb -O2 -std=gnu99 -fomit-frame-pointer"
 466      2D6D2B66 
 466      70202D67 
 466      67646220 
 466      2D4F3220 
 467 019c 202D6661 		.ascii	" -falign-functions=16 -ffunction-sections -fdata-se"
 467      6C69676E 
 467      2D66756E 
 467      6374696F 
 467      6E733D31 
 468 01cf 6374696F 		.ascii	"ctions -fno-common -fsingle-precision-constant\000"
 468      6E73202D 
 468      666E6F2D 
 468      636F6D6D 
 468      6F6E202D 
 469              	.LASF12:
 470 01fe 75696E74 		.ascii	"uint32_t\000"
 470      33325F74 
 470      00
 471              	.LASF21:
 472 0207 5F5F636F 		.ascii	"__core_init\000"
 472      72655F69 
 472      6E697400 
 473              	.LASF4:
 474 0213 6C6F6E67 		.ascii	"long int\000"
 474      20696E74 
 474      00
 475              	.LASF20:
 476 021c 5F5F6465 		.ascii	"__default_exit\000"
 476      6661756C 
 476      745F6578 
 476      697400
 477              	.LASF13:
 478 022b 49544D5F 		.ascii	"ITM_RxBuffer\000"
 478      52784275 
 478      66666572 
 478      00
 479              	.LASF0:
 480 0238 7369676E 		.ascii	"signed char\000"
 480      65642063 
 480      68617200 
 481              	.LASF5:
 482 0244 5F5F696E 		.ascii	"__int32_t\000"
 482      7433325F 
 482      7400
 483              	.LASF2:
 484 024e 73686F72 		.ascii	"short int\000"
 484      7420696E 
 484      7400
 485              	.LASF11:
 486 0258 696E7433 		.ascii	"int32_t\000"
 486      325F7400 
 487              	.LASF18:
ARM GAS  C:\Users\USER\AppData\Local\Temp\cciLbLap.s 			page 11


 488 0260 7372632F 		.ascii	"src/ChibiOS_3.0.2/os/common/ports/ARMCMx/compilers/"
 488      43686962 
 488      694F535F 
 488      332E302E 
 488      322F6F73 
 489 0293 4743432F 		.ascii	"GCC/crt1.c\000"
 489      63727431 
 489      2E6300
 490              		.ident	"GCC: (GNU Tools for Arm Embedded Processors 8-2018-q4-major) 8.2.1 20181213 (release) [gcc
ARM GAS  C:\Users\USER\AppData\Local\Temp\cciLbLap.s 			page 12


DEFINED SYMBOLS
                            *ABS*:00000000 crt1.c
C:\Users\USER\AppData\Local\Temp\cciLbLap.s:18     .text.__core_init:00000000 $t
C:\Users\USER\AppData\Local\Temp\cciLbLap.s:27     .text.__core_init:00000000 __core_init
C:\Users\USER\AppData\Local\Temp\cciLbLap.s:41     .text.__early_init:00000000 $t
C:\Users\USER\AppData\Local\Temp\cciLbLap.s:49     .text.__early_init:00000000 __early_init
C:\Users\USER\AppData\Local\Temp\cciLbLap.s:60     .text.__late_init:00000000 $t
C:\Users\USER\AppData\Local\Temp\cciLbLap.s:68     .text.__late_init:00000000 __late_init
C:\Users\USER\AppData\Local\Temp\cciLbLap.s:79     .text.__default_exit:00000000 $t
C:\Users\USER\AppData\Local\Temp\cciLbLap.s:87     .text.__default_exit:00000000 __default_exit

NO UNDEFINED SYMBOLS
