ARM GAS  C:\Users\IDONNO~1\AppData\Local\Temp\cc4CgWpY.s 			page 1


   1              		.syntax unified
   2              		.cpu cortex-m4
   3              		.eabi_attribute 27, 1
   4              		.eabi_attribute 28, 1
   5              		.fpu fpv4-sp-d16
   6              		.eabi_attribute 20, 1
   7              		.eabi_attribute 21, 1
   8              		.eabi_attribute 23, 3
   9              		.eabi_attribute 24, 1
  10              		.eabi_attribute 25, 1
  11              		.eabi_attribute 26, 1
  12              		.eabi_attribute 30, 2
  13              		.eabi_attribute 34, 1
  14              		.eabi_attribute 18, 4
  15              		.thumb
  16              		.syntax unified
  17              		.file	"hal.c"
  18              		.text
  19              	.Ltext0:
  20              		.cfi_sections	.debug_frame
  21              		.section	.text.halInit,"ax",%progbits
  22              		.align	2
  23              		.p2align 4,,15
  24              		.global	halInit
  25              		.thumb
  26              		.thumb_func
  27              		.type	halInit, %function
  28              	halInit:
  29              	.LFB256:
  30              		.file 1 "src/ChibiOS_3.0.2/os/hal/src/hal.c"
  31              		.loc 1 56 0
  32              		.cfi_startproc
  33              		@ args = 0, pretend = 0, frame = 0
  34              		@ frame_needed = 0, uses_anonymous_args = 0
  35 0000 08B5     		push	{r3, lr}
  36              		.cfi_def_cfa_offset 8
  37              		.cfi_offset 3, -8
  38              		.cfi_offset 14, -4
  39              		.loc 1 62 0
  40 0002 FFF7FEFF 		bl	hal_lld_init
  41              	.LVL0:
  42              		.loc 1 65 0
  43 0006 0C48     		ldr	r0, .L3
  44 0008 FFF7FEFF 		bl	_pal_lld_init
  45              	.LVL1:
  46              		.loc 1 71 0
  47 000c FFF7FEFF 		bl	canInit
  48              	.LVL2:
  49              		.loc 1 83 0
  50 0010 FFF7FEFF 		bl	i2cInit
  51              	.LVL3:
  52              		.loc 1 89 0
  53 0014 FFF7FEFF 		bl	icuInit
  54              	.LVL4:
  55              		.loc 1 98 0
  56 0018 FFF7FEFF 		bl	sdInit
  57              	.LVL5:
ARM GAS  C:\Users\IDONNO~1\AppData\Local\Temp\cc4CgWpY.s 			page 2


  58              		.loc 1 104 0
  59 001c FFF7FEFF 		bl	spiInit
  60              	.LVL6:
  61              		.loc 1 107 0
  62 0020 FFF7FEFF 		bl	uartInit
  63              	.LVL7:
  64              		.loc 1 110 0
  65 0024 FFF7FEFF 		bl	usbInit
  66              	.LVL8:
  67              		.loc 1 116 0
  68 0028 FFF7FEFF 		bl	sduInit
  69              	.LVL9:
  70              		.loc 1 130 0
  71 002c FFF7FEFF 		bl	boardInit
  72              	.LVL10:
  73              		.loc 1 139 0
  74 0030 BDE80840 		pop	{r3, lr}
  75              		.cfi_restore 14
  76              		.cfi_restore 3
  77              		.cfi_def_cfa_offset 0
  78              		.loc 1 137 0
  79 0034 FFF7FEBF 		b	stInit
  80              	.LVL11:
  81              	.L4:
  82              		.align	2
  83              	.L3:
  84 0038 00000000 		.word	pal_default_config
  85              		.cfi_endproc
  86              	.LFE256:
  87              		.size	halInit, .-halInit
  88              		.text
  89              	.Letext0:
  90              		.file 2 "c:\\program files (x86)\\gnu tools arm embedded\\5.4 2016q3\\arm-none-eabi\\include\\mach
  91              		.file 3 "c:\\program files (x86)\\gnu tools arm embedded\\5.4 2016q3\\arm-none-eabi\\include\\sys\
  92              		.file 4 "src/ChibiOS_3.0.2/os/rt/ports/ARMCMx/compilers/GCC/chtypes.h"
  93              		.file 5 "src/ChibiOS_3.0.2/os/rt/include/chsystypes.h"
  94              		.file 6 "src/ChibiOS_3.0.2/os/rt/include/chschd.h"
  95              		.file 7 "src/ChibiOS_3.0.2/os/rt/ports/ARMCMx/chcore.h"
  96              		.file 8 "src/ChibiOS_3.0.2/os/rt/ports/ARMCMx/chcore_v7m.h"
  97              		.file 9 "src/ChibiOS_3.0.2/os/rt/include/chtm.h"
  98              		.file 10 "src/ChibiOS_3.0.2/os/rt/include/chsem.h"
  99              		.file 11 "src/ChibiOS_3.0.2/os/rt/include/chmtx.h"
 100              		.file 12 "src/ChibiOS_3.0.2/os/hal/ports/STM32/LLD/GPIOv2/pal_lld.h"
 101              		.file 13 "src/ChibiOS_3.0.2/os/ext/CMSIS/include/core_cm4.h"
 102              		.file 14 "src/ChibiOS_3.0.2/os/hal/ports/STM32/STM32F4xx/hal_lld.h"
 103              		.file 15 "src/ChibiOS_3.0.2/os/hal/include/can.h"
 104              		.file 16 "src/ChibiOS_3.0.2/os/hal/include/i2c.h"
 105              		.file 17 "src/ChibiOS_3.0.2/os/hal/include/icu.h"
 106              		.file 18 "src/ChibiOS_3.0.2/os/hal/include/serial.h"
 107              		.file 19 "src/ChibiOS_3.0.2/os/hal/include/spi.h"
 108              		.file 20 "src/ChibiOS_3.0.2/os/hal/include/uart.h"
 109              		.file 21 "src/ChibiOS_3.0.2/os/hal/include/usb.h"
 110              		.file 22 "src/ChibiOS_3.0.2/os/hal/include/serial_usb.h"
 111              		.file 23 "src/ChibiOS_3.0.2/os/hal/boards/ST_STM32F4_DISCOVERY/board.h"
 112              		.file 24 "src/ChibiOS_3.0.2/os/hal/include/st.h"
 113              		.file 25 "src/ChibiOS_3.0.2/os/hal/osal/rt/osal.h"
 114              		.section	.debug_info,"",%progbits
ARM GAS  C:\Users\IDONNO~1\AppData\Local\Temp\cc4CgWpY.s 			page 3


 115              	.Ldebug_info0:
 116 0000 32090000 		.4byte	0x932
 117 0004 0400     		.2byte	0x4
 118 0006 00000000 		.4byte	.Ldebug_abbrev0
 119 000a 04       		.byte	0x4
 120 000b 01       		.uleb128 0x1
 121 000c 00050000 		.4byte	.LASF136
 122 0010 0C       		.byte	0xc
 123 0011 3C060000 		.4byte	.LASF137
 124 0015 94040000 		.4byte	.LASF138
 125 0019 00000000 		.4byte	.Ldebug_ranges0+0
 126 001d 00000000 		.4byte	0
 127 0021 00000000 		.4byte	.Ldebug_line0
 128 0025 02       		.uleb128 0x2
 129 0026 04       		.byte	0x4
 130 0027 05       		.byte	0x5
 131 0028 696E7400 		.ascii	"int\000"
 132 002c 03       		.uleb128 0x3
 133 002d 04       		.byte	0x4
 134 002e 07       		.byte	0x7
 135 002f 9F010000 		.4byte	.LASF0
 136 0033 03       		.uleb128 0x3
 137 0034 01       		.byte	0x1
 138 0035 06       		.byte	0x6
 139 0036 F3000000 		.4byte	.LASF1
 140 003a 04       		.uleb128 0x4
 141 003b 45000000 		.4byte	.LASF5
 142 003f 02       		.byte	0x2
 143 0040 1D       		.byte	0x1d
 144 0041 45000000 		.4byte	0x45
 145 0045 03       		.uleb128 0x3
 146 0046 01       		.byte	0x1
 147 0047 08       		.byte	0x8
 148 0048 4B030000 		.4byte	.LASF2
 149 004c 03       		.uleb128 0x3
 150 004d 02       		.byte	0x2
 151 004e 05       		.byte	0x5
 152 004f 76030000 		.4byte	.LASF3
 153 0053 03       		.uleb128 0x3
 154 0054 02       		.byte	0x2
 155 0055 07       		.byte	0x7
 156 0056 ED010000 		.4byte	.LASF4
 157 005a 04       		.uleb128 0x4
 158 005b 45020000 		.4byte	.LASF6
 159 005f 02       		.byte	0x2
 160 0060 3F       		.byte	0x3f
 161 0061 65000000 		.4byte	0x65
 162 0065 03       		.uleb128 0x3
 163 0066 04       		.byte	0x4
 164 0067 05       		.byte	0x5
 165 0068 32010000 		.4byte	.LASF7
 166 006c 04       		.uleb128 0x4
 167 006d 5B040000 		.4byte	.LASF8
 168 0071 02       		.byte	0x2
 169 0072 41       		.byte	0x41
 170 0073 77000000 		.4byte	0x77
 171 0077 03       		.uleb128 0x3
ARM GAS  C:\Users\IDONNO~1\AppData\Local\Temp\cc4CgWpY.s 			page 4


 172 0078 04       		.byte	0x4
 173 0079 07       		.byte	0x7
 174 007a 0E040000 		.4byte	.LASF9
 175 007e 03       		.uleb128 0x3
 176 007f 08       		.byte	0x8
 177 0080 05       		.byte	0x5
 178 0081 E5000000 		.4byte	.LASF10
 179 0085 04       		.uleb128 0x4
 180 0086 F2020000 		.4byte	.LASF11
 181 008a 02       		.byte	0x2
 182 008b 5B       		.byte	0x5b
 183 008c 90000000 		.4byte	0x90
 184 0090 03       		.uleb128 0x3
 185 0091 08       		.byte	0x8
 186 0092 07       		.byte	0x7
 187 0093 79000000 		.4byte	.LASF12
 188 0097 04       		.uleb128 0x4
 189 0098 34060000 		.4byte	.LASF13
 190 009c 03       		.byte	0x3
 191 009d 18       		.byte	0x18
 192 009e 3A000000 		.4byte	0x3a
 193 00a2 04       		.uleb128 0x4
 194 00a3 43030000 		.4byte	.LASF14
 195 00a7 03       		.byte	0x3
 196 00a8 2C       		.byte	0x2c
 197 00a9 5A000000 		.4byte	0x5a
 198 00ad 04       		.uleb128 0x4
 199 00ae E6030000 		.4byte	.LASF15
 200 00b2 03       		.byte	0x3
 201 00b3 30       		.byte	0x30
 202 00b4 6C000000 		.4byte	0x6c
 203 00b8 04       		.uleb128 0x4
 204 00b9 3C000000 		.4byte	.LASF16
 205 00bd 03       		.byte	0x3
 206 00be 3C       		.byte	0x3c
 207 00bf 85000000 		.4byte	0x85
 208 00c3 05       		.uleb128 0x5
 209 00c4 A2000000 		.4byte	0xa2
 210 00c8 04       		.uleb128 0x4
 211 00c9 8C040000 		.4byte	.LASF17
 212 00cd 04       		.byte	0x4
 213 00ce 45       		.byte	0x45
 214 00cf AD000000 		.4byte	0xad
 215 00d3 04       		.uleb128 0x4
 216 00d4 23020000 		.4byte	.LASF18
 217 00d8 04       		.byte	0x4
 218 00d9 48       		.byte	0x48
 219 00da 97000000 		.4byte	0x97
 220 00de 04       		.uleb128 0x4
 221 00df 42010000 		.4byte	.LASF19
 222 00e3 04       		.byte	0x4
 223 00e4 49       		.byte	0x49
 224 00e5 97000000 		.4byte	0x97
 225 00e9 04       		.uleb128 0x4
 226 00ea FD020000 		.4byte	.LASF20
 227 00ee 04       		.byte	0x4
 228 00ef 4A       		.byte	0x4a
ARM GAS  C:\Users\IDONNO~1\AppData\Local\Temp\cc4CgWpY.s 			page 5


 229 00f0 97000000 		.4byte	0x97
 230 00f4 04       		.uleb128 0x4
 231 00f5 1E010000 		.4byte	.LASF21
 232 00f9 04       		.byte	0x4
 233 00fa 4B       		.byte	0x4b
 234 00fb 97000000 		.4byte	0x97
 235 00ff 04       		.uleb128 0x4
 236 0100 25030000 		.4byte	.LASF22
 237 0104 04       		.byte	0x4
 238 0105 4C       		.byte	0x4c
 239 0106 AD000000 		.4byte	0xad
 240 010a 04       		.uleb128 0x4
 241 010b 11020000 		.4byte	.LASF23
 242 010f 04       		.byte	0x4
 243 0110 4D       		.byte	0x4d
 244 0111 A2000000 		.4byte	0xa2
 245 0115 04       		.uleb128 0x4
 246 0116 39020000 		.4byte	.LASF24
 247 011a 04       		.byte	0x4
 248 011b 4F       		.byte	0x4f
 249 011c AD000000 		.4byte	0xad
 250 0120 04       		.uleb128 0x4
 251 0121 99010000 		.4byte	.LASF25
 252 0125 04       		.byte	0x4
 253 0126 51       		.byte	0x51
 254 0127 A2000000 		.4byte	0xa2
 255 012b 04       		.uleb128 0x4
 256 012c 3D040000 		.4byte	.LASF26
 257 0130 05       		.byte	0x5
 258 0131 33       		.byte	0x33
 259 0132 AD000000 		.4byte	0xad
 260 0136 04       		.uleb128 0x4
 261 0137 2D040000 		.4byte	.LASF27
 262 013b 05       		.byte	0x5
 263 013c 3F       		.byte	0x3f
 264 013d 41010000 		.4byte	0x141
 265 0141 06       		.uleb128 0x6
 266 0142 07020000 		.4byte	.LASF49
 267 0146 48       		.byte	0x48
 268 0147 06       		.byte	0x6
 269 0148 C2       		.byte	0xc2
 270 0149 46020000 		.4byte	0x246
 271 014d 07       		.uleb128 0x7
 272 014e A7030000 		.4byte	.LASF28
 273 0152 06       		.byte	0x6
 274 0153 C3       		.byte	0xc3
 275 0154 51020000 		.4byte	0x251
 276 0158 00       		.byte	0
 277 0159 07       		.uleb128 0x7
 278 015a 15030000 		.4byte	.LASF29
 279 015e 06       		.byte	0x6
 280 015f C5       		.byte	0xc5
 281 0160 51020000 		.4byte	0x251
 282 0164 04       		.byte	0x4
 283 0165 07       		.uleb128 0x7
 284 0166 DE000000 		.4byte	.LASF30
 285 016a 06       		.byte	0x6
ARM GAS  C:\Users\IDONNO~1\AppData\Local\Temp\cc4CgWpY.s 			page 6


 286 016b C7       		.byte	0xc7
 287 016c FF000000 		.4byte	0xff
 288 0170 08       		.byte	0x8
 289 0171 07       		.uleb128 0x7
 290 0172 B9060000 		.4byte	.LASF31
 291 0176 06       		.byte	0x6
 292 0177 C8       		.byte	0xc8
 293 0178 81040000 		.4byte	0x481
 294 017c 0C       		.byte	0xc
 295 017d 07       		.uleb128 0x7
 296 017e 4B010000 		.4byte	.LASF32
 297 0182 06       		.byte	0x6
 298 0183 CA       		.byte	0xca
 299 0184 51020000 		.4byte	0x251
 300 0188 10       		.byte	0x10
 301 0189 07       		.uleb128 0x7
 302 018a B5020000 		.4byte	.LASF33
 303 018e 06       		.byte	0x6
 304 018f CB       		.byte	0xcb
 305 0190 51020000 		.4byte	0x251
 306 0194 14       		.byte	0x14
 307 0195 07       		.uleb128 0x7
 308 0196 66060000 		.4byte	.LASF34
 309 019a 06       		.byte	0x6
 310 019b D2       		.byte	0xd2
 311 019c C6060000 		.4byte	0x6c6
 312 01a0 18       		.byte	0x18
 313 01a1 07       		.uleb128 0x7
 314 01a2 80030000 		.4byte	.LASF35
 315 01a6 06       		.byte	0x6
 316 01a7 DD       		.byte	0xdd
 317 01a8 DE000000 		.4byte	0xde
 318 01ac 1C       		.byte	0x1c
 319 01ad 07       		.uleb128 0x7
 320 01ae AE030000 		.4byte	.LASF36
 321 01b2 06       		.byte	0x6
 322 01b3 E1       		.byte	0xe1
 323 01b4 D3000000 		.4byte	0xd3
 324 01b8 1D       		.byte	0x1d
 325 01b9 07       		.uleb128 0x7
 326 01ba EB040000 		.4byte	.LASF37
 327 01be 06       		.byte	0x6
 328 01bf E6       		.byte	0xe6
 329 01c0 E9000000 		.4byte	0xe9
 330 01c4 1E       		.byte	0x1e
 331 01c5 07       		.uleb128 0x7
 332 01c6 88030000 		.4byte	.LASF38
 333 01ca 06       		.byte	0x6
 334 01cb EC       		.byte	0xec
 335 01cc F4000000 		.4byte	0xf4
 336 01d0 1F       		.byte	0x1f
 337 01d1 07       		.uleb128 0x7
 338 01d2 B4010000 		.4byte	.LASF39
 339 01d6 06       		.byte	0x6
 340 01d7 F3       		.byte	0xf3
 341 01d8 D8060000 		.4byte	0x6d8
 342 01dc 20       		.byte	0x20
ARM GAS  C:\Users\IDONNO~1\AppData\Local\Temp\cc4CgWpY.s 			page 7


 343 01dd 08       		.uleb128 0x8
 344 01de 705F7500 		.ascii	"p_u\000"
 345 01e2 06       		.byte	0x6
 346 01e3 3101     		.2byte	0x131
 347 01e5 01060000 		.4byte	0x601
 348 01e9 24       		.byte	0x24
 349 01ea 09       		.uleb128 0x9
 350 01eb 78020000 		.4byte	.LASF40
 351 01ef 06       		.byte	0x6
 352 01f0 3601     		.2byte	0x136
 353 01f2 57020000 		.4byte	0x257
 354 01f6 28       		.byte	0x28
 355 01f7 09       		.uleb128 0x9
 356 01f8 CB010000 		.4byte	.LASF41
 357 01fc 06       		.byte	0x6
 358 01fd 3C01     		.2byte	0x13c
 359 01ff 7B020000 		.4byte	0x27b
 360 0203 2C       		.byte	0x2c
 361 0204 09       		.uleb128 0x9
 362 0205 87060000 		.4byte	.LASF42
 363 0209 06       		.byte	0x6
 364 020a 4001     		.2byte	0x140
 365 020c 0A010000 		.4byte	0x10a
 366 0210 34       		.byte	0x34
 367 0211 09       		.uleb128 0x9
 368 0212 DB030000 		.4byte	.LASF43
 369 0216 06       		.byte	0x6
 370 0217 4601     		.2byte	0x146
 371 0219 15010000 		.4byte	0x115
 372 021d 38       		.byte	0x38
 373 021e 09       		.uleb128 0x9
 374 021f 6C030000 		.4byte	.LASF44
 375 0223 06       		.byte	0x6
 376 0224 4D01     		.2byte	0x14d
 377 0226 C0060000 		.4byte	0x6c0
 378 022a 3C       		.byte	0x3c
 379 022b 09       		.uleb128 0x9
 380 022c 47040000 		.4byte	.LASF45
 381 0230 06       		.byte	0x6
 382 0231 5101     		.2byte	0x151
 383 0233 FF000000 		.4byte	0xff
 384 0237 40       		.byte	0x40
 385 0238 09       		.uleb128 0x9
 386 0239 08010000 		.4byte	.LASF46
 387 023d 06       		.byte	0x6
 388 023e 5801     		.2byte	0x158
 389 0240 2E030000 		.4byte	0x32e
 390 0244 44       		.byte	0x44
 391 0245 00       		.byte	0
 392 0246 04       		.uleb128 0x4
 393 0247 8B020000 		.4byte	.LASF47
 394 024b 05       		.byte	0x5
 395 024c 44       		.byte	0x44
 396 024d 51020000 		.4byte	0x251
 397 0251 0A       		.uleb128 0xa
 398 0252 04       		.byte	0x4
 399 0253 36010000 		.4byte	0x136
ARM GAS  C:\Users\IDONNO~1\AppData\Local\Temp\cc4CgWpY.s 			page 8


 400 0257 04       		.uleb128 0x4
 401 0258 69020000 		.4byte	.LASF48
 402 025c 05       		.byte	0x5
 403 025d 49       		.byte	0x49
 404 025e 62020000 		.4byte	0x262
 405 0262 06       		.uleb128 0x6
 406 0263 FE030000 		.4byte	.LASF50
 407 0267 04       		.byte	0x4
 408 0268 06       		.byte	0x6
 409 0269 B0       		.byte	0xb0
 410 026a 7B020000 		.4byte	0x27b
 411 026e 07       		.uleb128 0x7
 412 026f A7030000 		.4byte	.LASF28
 413 0273 06       		.byte	0x6
 414 0274 B1       		.byte	0xb1
 415 0275 51020000 		.4byte	0x251
 416 0279 00       		.byte	0
 417 027a 00       		.byte	0
 418 027b 04       		.uleb128 0x4
 419 027c D2040000 		.4byte	.LASF51
 420 0280 05       		.byte	0x5
 421 0281 50       		.byte	0x50
 422 0282 86020000 		.4byte	0x286
 423 0286 06       		.uleb128 0x6
 424 0287 CD000000 		.4byte	.LASF52
 425 028b 08       		.byte	0x8
 426 028c 06       		.byte	0x6
 427 028d B7       		.byte	0xb7
 428 028e AB020000 		.4byte	0x2ab
 429 0292 07       		.uleb128 0x7
 430 0293 A7030000 		.4byte	.LASF28
 431 0297 06       		.byte	0x6
 432 0298 B8       		.byte	0xb8
 433 0299 51020000 		.4byte	0x251
 434 029d 00       		.byte	0
 435 029e 07       		.uleb128 0x7
 436 029f 15030000 		.4byte	.LASF29
 437 02a3 06       		.byte	0x6
 438 02a4 B9       		.byte	0xb9
 439 02a5 51020000 		.4byte	0x251
 440 02a9 04       		.byte	0x4
 441 02aa 00       		.byte	0
 442 02ab 04       		.uleb128 0x4
 443 02ac 13000000 		.4byte	.LASF53
 444 02b0 05       		.byte	0x5
 445 02b1 57       		.byte	0x57
 446 02b2 B6020000 		.4byte	0x2b6
 447 02b6 0B       		.uleb128 0xb
 448 02b7 2B020000 		.4byte	.LASF54
 449 02bb 1C       		.byte	0x1c
 450 02bc 06       		.byte	0x6
 451 02bd 9001     		.2byte	0x190
 452 02bf 12030000 		.4byte	0x312
 453 02c3 09       		.uleb128 0x9
 454 02c4 F6030000 		.4byte	.LASF55
 455 02c8 06       		.byte	0x6
 456 02c9 9101     		.2byte	0x191
ARM GAS  C:\Users\IDONNO~1\AppData\Local\Temp\cc4CgWpY.s 			page 9


 457 02cb 7B020000 		.4byte	0x27b
 458 02cf 00       		.byte	0
 459 02d0 09       		.uleb128 0x9
 460 02d1 92030000 		.4byte	.LASF56
 461 02d5 06       		.byte	0x6
 462 02d6 9201     		.2byte	0x192
 463 02d8 FF000000 		.4byte	0xff
 464 02dc 08       		.byte	0x8
 465 02dd 09       		.uleb128 0x9
 466 02de BD020000 		.4byte	.LASF57
 467 02e2 06       		.byte	0x6
 468 02e3 9401     		.2byte	0x194
 469 02e5 81040000 		.4byte	0x481
 470 02e9 0C       		.byte	0xc
 471 02ea 09       		.uleb128 0x9
 472 02eb 5B010000 		.4byte	.LASF58
 473 02ef 06       		.byte	0x6
 474 02f0 9701     		.2byte	0x197
 475 02f2 51020000 		.4byte	0x251
 476 02f6 10       		.byte	0x10
 477 02f7 09       		.uleb128 0x9
 478 02f8 EA020000 		.4byte	.LASF59
 479 02fc 06       		.byte	0x6
 480 02fd 9801     		.2byte	0x198
 481 02ff 51020000 		.4byte	0x251
 482 0303 14       		.byte	0x14
 483 0304 09       		.uleb128 0x9
 484 0305 E0020000 		.4byte	.LASF60
 485 0309 06       		.byte	0x6
 486 030a 9B01     		.2byte	0x19b
 487 030c 51020000 		.4byte	0x251
 488 0310 18       		.byte	0x18
 489 0311 00       		.byte	0
 490 0312 04       		.uleb128 0x4
 491 0313 52040000 		.4byte	.LASF61
 492 0317 05       		.byte	0x5
 493 0318 5C       		.byte	0x5c
 494 0319 1D030000 		.4byte	0x31d
 495 031d 0A       		.uleb128 0xa
 496 031e 04       		.byte	0x4
 497 031f 23030000 		.4byte	0x323
 498 0323 0C       		.uleb128 0xc
 499 0324 2E030000 		.4byte	0x32e
 500 0328 0D       		.uleb128 0xd
 501 0329 2E030000 		.4byte	0x32e
 502 032d 00       		.byte	0
 503 032e 0E       		.uleb128 0xe
 504 032f 04       		.byte	0x4
 505 0330 04       		.uleb128 0x4
 506 0331 05030000 		.4byte	.LASF62
 507 0335 05       		.byte	0x5
 508 0336 61       		.byte	0x61
 509 0337 3B030000 		.4byte	0x33b
 510 033b 0B       		.uleb128 0xb
 511 033c BD030000 		.4byte	.LASF63
 512 0340 14       		.byte	0x14
 513 0341 06       		.byte	0x6
ARM GAS  C:\Users\IDONNO~1\AppData\Local\Temp\cc4CgWpY.s 			page 10


 514 0342 6B01     		.2byte	0x16b
 515 0344 8A030000 		.4byte	0x38a
 516 0348 09       		.uleb128 0x9
 517 0349 AC010000 		.4byte	.LASF64
 518 034d 06       		.byte	0x6
 519 034e 6C01     		.2byte	0x16c
 520 0350 DD060000 		.4byte	0x6dd
 521 0354 00       		.byte	0
 522 0355 09       		.uleb128 0x9
 523 0356 6C010000 		.4byte	.LASF65
 524 035a 06       		.byte	0x6
 525 035b 6D01     		.2byte	0x16d
 526 035d DD060000 		.4byte	0x6dd
 527 0361 04       		.byte	0x4
 528 0362 09       		.uleb128 0x9
 529 0363 C2010000 		.4byte	.LASF66
 530 0367 06       		.byte	0x6
 531 0368 6E01     		.2byte	0x16e
 532 036a 2B010000 		.4byte	0x12b
 533 036e 08       		.byte	0x8
 534 036f 09       		.uleb128 0x9
 535 0370 BF060000 		.4byte	.LASF67
 536 0374 06       		.byte	0x6
 537 0375 6F01     		.2byte	0x16f
 538 0377 12030000 		.4byte	0x312
 539 037b 0C       		.byte	0xc
 540 037c 09       		.uleb128 0x9
 541 037d CB040000 		.4byte	.LASF68
 542 0381 06       		.byte	0x6
 543 0382 7101     		.2byte	0x171
 544 0384 2E030000 		.4byte	0x32e
 545 0388 10       		.byte	0x10
 546 0389 00       		.byte	0
 547 038a 04       		.uleb128 0x4
 548 038b AA000000 		.4byte	.LASF69
 549 038f 05       		.byte	0x5
 550 0390 66       		.byte	0x66
 551 0391 95030000 		.4byte	0x395
 552 0395 0B       		.uleb128 0xb
 553 0396 9E020000 		.4byte	.LASF70
 554 039a 10       		.byte	0x10
 555 039b 06       		.byte	0x6
 556 039c 7B01     		.2byte	0x17b
 557 039e D7030000 		.4byte	0x3d7
 558 03a2 09       		.uleb128 0x9
 559 03a3 AC010000 		.4byte	.LASF64
 560 03a7 06       		.byte	0x6
 561 03a8 7C01     		.2byte	0x17c
 562 03aa DD060000 		.4byte	0x6dd
 563 03ae 00       		.byte	0
 564 03af 09       		.uleb128 0x9
 565 03b0 6C010000 		.4byte	.LASF65
 566 03b4 06       		.byte	0x6
 567 03b5 7E01     		.2byte	0x17e
 568 03b7 DD060000 		.4byte	0x6dd
 569 03bb 04       		.byte	0x4
 570 03bc 09       		.uleb128 0x9
ARM GAS  C:\Users\IDONNO~1\AppData\Local\Temp\cc4CgWpY.s 			page 11


 571 03bd C2010000 		.4byte	.LASF66
 572 03c1 06       		.byte	0x6
 573 03c2 8001     		.2byte	0x180
 574 03c4 2B010000 		.4byte	0x12b
 575 03c8 08       		.byte	0x8
 576 03c9 09       		.uleb128 0x9
 577 03ca 74060000 		.4byte	.LASF71
 578 03ce 06       		.byte	0x6
 579 03cf 8201     		.2byte	0x182
 580 03d1 D8060000 		.4byte	0x6d8
 581 03d5 0C       		.byte	0xc
 582 03d6 00       		.byte	0
 583 03d7 04       		.uleb128 0x4
 584 03d8 5B000000 		.4byte	.LASF72
 585 03dc 05       		.byte	0x5
 586 03dd 6B       		.byte	0x6b
 587 03de E2030000 		.4byte	0x3e2
 588 03e2 0B       		.uleb128 0xb
 589 03e3 2D030000 		.4byte	.LASF73
 590 03e7 04       		.byte	0x4
 591 03e8 06       		.byte	0x6
 592 03e9 A201     		.2byte	0x1a2
 593 03eb FD030000 		.4byte	0x3fd
 594 03ef 09       		.uleb128 0x9
 595 03f0 66040000 		.4byte	.LASF74
 596 03f4 06       		.byte	0x6
 597 03f5 AA01     		.2byte	0x1aa
 598 03f7 E3060000 		.4byte	0x6e3
 599 03fb 00       		.byte	0
 600 03fc 00       		.byte	0
 601 03fd 04       		.uleb128 0x4
 602 03fe 17020000 		.4byte	.LASF75
 603 0402 05       		.byte	0x5
 604 0403 70       		.byte	0x70
 605 0404 08040000 		.4byte	0x408
 606 0408 0F       		.uleb128 0xf
 607 0409 28010000 		.4byte	.LASF76
 608 040d 5802     		.2byte	0x258
 609 040f 06       		.byte	0x6
 610 0410 C201     		.2byte	0x1c2
 611 0412 64040000 		.4byte	0x464
 612 0416 09       		.uleb128 0x9
 613 0417 2E060000 		.4byte	.LASF77
 614 041b 06       		.byte	0x6
 615 041c C601     		.2byte	0x1c6
 616 041e AB020000 		.4byte	0x2ab
 617 0422 00       		.byte	0
 618 0423 09       		.uleb128 0x9
 619 0424 74010000 		.4byte	.LASF78
 620 0428 06       		.byte	0x6
 621 0429 CA01     		.2byte	0x1ca
 622 042b 8A030000 		.4byte	0x38a
 623 042f 1C       		.byte	0x1c
 624 0430 08       		.uleb128 0x8
 625 0431 64626700 		.ascii	"dbg\000"
 626 0435 06       		.byte	0x6
 627 0436 CE01     		.2byte	0x1ce
ARM GAS  C:\Users\IDONNO~1\AppData\Local\Temp\cc4CgWpY.s 			page 12


 628 0438 D7030000 		.4byte	0x3d7
 629 043c 2C       		.byte	0x2c
 630 043d 09       		.uleb128 0x9
 631 043e 9F000000 		.4byte	.LASF79
 632 0442 06       		.byte	0x6
 633 0443 D201     		.2byte	0x1d2
 634 0445 36010000 		.4byte	0x136
 635 0449 30       		.byte	0x30
 636 044a 08       		.uleb128 0x8
 637 044b 746D00   		.ascii	"tm\000"
 638 044e 06       		.byte	0x6
 639 044f D701     		.2byte	0x1d7
 640 0451 F6050000 		.4byte	0x5f6
 641 0455 78       		.byte	0x78
 642 0456 09       		.uleb128 0x9
 643 0457 8A010000 		.4byte	.LASF80
 644 045b 06       		.byte	0x6
 645 045c E301     		.2byte	0x1e3
 646 045e E8060000 		.4byte	0x6e8
 647 0462 80       		.byte	0x80
 648 0463 00       		.byte	0
 649 0464 03       		.uleb128 0x3
 650 0465 04       		.byte	0x4
 651 0466 07       		.byte	0x7
 652 0467 82020000 		.4byte	.LASF81
 653 046b 04       		.uleb128 0x4
 654 046c 63010000 		.4byte	.LASF82
 655 0470 07       		.byte	0x7
 656 0471 65       		.byte	0x65
 657 0472 2E030000 		.4byte	0x32e
 658 0476 04       		.uleb128 0x4
 659 0477 56020000 		.4byte	.LASF83
 660 047b 07       		.byte	0x7
 661 047c 6D       		.byte	0x6d
 662 047d B8000000 		.4byte	0xb8
 663 0481 06       		.uleb128 0x6
 664 0482 77040000 		.4byte	.LASF84
 665 0486 04       		.byte	0x4
 666 0487 07       		.byte	0x7
 667 0488 89       		.byte	0x89
 668 0489 9A040000 		.4byte	0x49a
 669 048d 10       		.uleb128 0x10
 670 048e 72313300 		.ascii	"r13\000"
 671 0492 07       		.byte	0x7
 672 0493 8A       		.byte	0x8a
 673 0494 DB050000 		.4byte	0x5db
 674 0498 00       		.byte	0
 675 0499 00       		.byte	0
 676 049a 06       		.uleb128 0x6
 677 049b 4F000000 		.4byte	.LASF85
 678 049f 64       		.byte	0x64
 679 04a0 08       		.byte	0x8
 680 04a1 F4       		.byte	0xf4
 681 04a2 DB050000 		.4byte	0x5db
 682 04a6 10       		.uleb128 0x10
 683 04a7 73313600 		.ascii	"s16\000"
 684 04ab 08       		.byte	0x8
ARM GAS  C:\Users\IDONNO~1\AppData\Local\Temp\cc4CgWpY.s 			page 13


 685 04ac F6       		.byte	0xf6
 686 04ad 6B040000 		.4byte	0x46b
 687 04b1 00       		.byte	0
 688 04b2 10       		.uleb128 0x10
 689 04b3 73313700 		.ascii	"s17\000"
 690 04b7 08       		.byte	0x8
 691 04b8 F7       		.byte	0xf7
 692 04b9 6B040000 		.4byte	0x46b
 693 04bd 04       		.byte	0x4
 694 04be 10       		.uleb128 0x10
 695 04bf 73313800 		.ascii	"s18\000"
 696 04c3 08       		.byte	0x8
 697 04c4 F8       		.byte	0xf8
 698 04c5 6B040000 		.4byte	0x46b
 699 04c9 08       		.byte	0x8
 700 04ca 10       		.uleb128 0x10
 701 04cb 73313900 		.ascii	"s19\000"
 702 04cf 08       		.byte	0x8
 703 04d0 F9       		.byte	0xf9
 704 04d1 6B040000 		.4byte	0x46b
 705 04d5 0C       		.byte	0xc
 706 04d6 10       		.uleb128 0x10
 707 04d7 73323000 		.ascii	"s20\000"
 708 04db 08       		.byte	0x8
 709 04dc FA       		.byte	0xfa
 710 04dd 6B040000 		.4byte	0x46b
 711 04e1 10       		.byte	0x10
 712 04e2 10       		.uleb128 0x10
 713 04e3 73323100 		.ascii	"s21\000"
 714 04e7 08       		.byte	0x8
 715 04e8 FB       		.byte	0xfb
 716 04e9 6B040000 		.4byte	0x46b
 717 04ed 14       		.byte	0x14
 718 04ee 10       		.uleb128 0x10
 719 04ef 73323200 		.ascii	"s22\000"
 720 04f3 08       		.byte	0x8
 721 04f4 FC       		.byte	0xfc
 722 04f5 6B040000 		.4byte	0x46b
 723 04f9 18       		.byte	0x18
 724 04fa 10       		.uleb128 0x10
 725 04fb 73323300 		.ascii	"s23\000"
 726 04ff 08       		.byte	0x8
 727 0500 FD       		.byte	0xfd
 728 0501 6B040000 		.4byte	0x46b
 729 0505 1C       		.byte	0x1c
 730 0506 10       		.uleb128 0x10
 731 0507 73323400 		.ascii	"s24\000"
 732 050b 08       		.byte	0x8
 733 050c FE       		.byte	0xfe
 734 050d 6B040000 		.4byte	0x46b
 735 0511 20       		.byte	0x20
 736 0512 10       		.uleb128 0x10
 737 0513 73323500 		.ascii	"s25\000"
 738 0517 08       		.byte	0x8
 739 0518 FF       		.byte	0xff
 740 0519 6B040000 		.4byte	0x46b
 741 051d 24       		.byte	0x24
ARM GAS  C:\Users\IDONNO~1\AppData\Local\Temp\cc4CgWpY.s 			page 14


 742 051e 08       		.uleb128 0x8
 743 051f 73323600 		.ascii	"s26\000"
 744 0523 08       		.byte	0x8
 745 0524 0001     		.2byte	0x100
 746 0526 6B040000 		.4byte	0x46b
 747 052a 28       		.byte	0x28
 748 052b 08       		.uleb128 0x8
 749 052c 73323700 		.ascii	"s27\000"
 750 0530 08       		.byte	0x8
 751 0531 0101     		.2byte	0x101
 752 0533 6B040000 		.4byte	0x46b
 753 0537 2C       		.byte	0x2c
 754 0538 08       		.uleb128 0x8
 755 0539 73323800 		.ascii	"s28\000"
 756 053d 08       		.byte	0x8
 757 053e 0201     		.2byte	0x102
 758 0540 6B040000 		.4byte	0x46b
 759 0544 30       		.byte	0x30
 760 0545 08       		.uleb128 0x8
 761 0546 73323900 		.ascii	"s29\000"
 762 054a 08       		.byte	0x8
 763 054b 0301     		.2byte	0x103
 764 054d 6B040000 		.4byte	0x46b
 765 0551 34       		.byte	0x34
 766 0552 08       		.uleb128 0x8
 767 0553 73333000 		.ascii	"s30\000"
 768 0557 08       		.byte	0x8
 769 0558 0401     		.2byte	0x104
 770 055a 6B040000 		.4byte	0x46b
 771 055e 38       		.byte	0x38
 772 055f 08       		.uleb128 0x8
 773 0560 73333100 		.ascii	"s31\000"
 774 0564 08       		.byte	0x8
 775 0565 0501     		.2byte	0x105
 776 0567 6B040000 		.4byte	0x46b
 777 056b 3C       		.byte	0x3c
 778 056c 08       		.uleb128 0x8
 779 056d 723400   		.ascii	"r4\000"
 780 0570 08       		.byte	0x8
 781 0571 0701     		.2byte	0x107
 782 0573 6B040000 		.4byte	0x46b
 783 0577 40       		.byte	0x40
 784 0578 08       		.uleb128 0x8
 785 0579 723500   		.ascii	"r5\000"
 786 057c 08       		.byte	0x8
 787 057d 0801     		.2byte	0x108
 788 057f 6B040000 		.4byte	0x46b
 789 0583 44       		.byte	0x44
 790 0584 08       		.uleb128 0x8
 791 0585 723600   		.ascii	"r6\000"
 792 0588 08       		.byte	0x8
 793 0589 0901     		.2byte	0x109
 794 058b 6B040000 		.4byte	0x46b
 795 058f 48       		.byte	0x48
 796 0590 08       		.uleb128 0x8
 797 0591 723700   		.ascii	"r7\000"
 798 0594 08       		.byte	0x8
ARM GAS  C:\Users\IDONNO~1\AppData\Local\Temp\cc4CgWpY.s 			page 15


 799 0595 0A01     		.2byte	0x10a
 800 0597 6B040000 		.4byte	0x46b
 801 059b 4C       		.byte	0x4c
 802 059c 08       		.uleb128 0x8
 803 059d 723800   		.ascii	"r8\000"
 804 05a0 08       		.byte	0x8
 805 05a1 0B01     		.2byte	0x10b
 806 05a3 6B040000 		.4byte	0x46b
 807 05a7 50       		.byte	0x50
 808 05a8 08       		.uleb128 0x8
 809 05a9 723900   		.ascii	"r9\000"
 810 05ac 08       		.byte	0x8
 811 05ad 0C01     		.2byte	0x10c
 812 05af 6B040000 		.4byte	0x46b
 813 05b3 54       		.byte	0x54
 814 05b4 08       		.uleb128 0x8
 815 05b5 72313000 		.ascii	"r10\000"
 816 05b9 08       		.byte	0x8
 817 05ba 0D01     		.2byte	0x10d
 818 05bc 6B040000 		.4byte	0x46b
 819 05c0 58       		.byte	0x58
 820 05c1 08       		.uleb128 0x8
 821 05c2 72313100 		.ascii	"r11\000"
 822 05c6 08       		.byte	0x8
 823 05c7 0E01     		.2byte	0x10e
 824 05c9 6B040000 		.4byte	0x46b
 825 05cd 5C       		.byte	0x5c
 826 05ce 08       		.uleb128 0x8
 827 05cf 6C7200   		.ascii	"lr\000"
 828 05d2 08       		.byte	0x8
 829 05d3 0F01     		.2byte	0x10f
 830 05d5 6B040000 		.4byte	0x46b
 831 05d9 60       		.byte	0x60
 832 05da 00       		.byte	0
 833 05db 0A       		.uleb128 0xa
 834 05dc 04       		.byte	0x4
 835 05dd 9A040000 		.4byte	0x49a
 836 05e1 11       		.uleb128 0x11
 837 05e2 04       		.byte	0x4
 838 05e3 09       		.byte	0x9
 839 05e4 38       		.byte	0x38
 840 05e5 F6050000 		.4byte	0x5f6
 841 05e9 07       		.uleb128 0x7
 842 05ea 70040000 		.4byte	.LASF86
 843 05ee 09       		.byte	0x9
 844 05ef 3C       		.byte	0x3c
 845 05f0 C8000000 		.4byte	0xc8
 846 05f4 00       		.byte	0
 847 05f5 00       		.byte	0
 848 05f6 04       		.uleb128 0x4
 849 05f7 C3020000 		.4byte	.LASF87
 850 05fb 09       		.byte	0x9
 851 05fc 3D       		.byte	0x3d
 852 05fd E1050000 		.4byte	0x5e1
 853 0601 12       		.uleb128 0x12
 854 0602 04       		.byte	0x4
 855 0603 06       		.byte	0x6
ARM GAS  C:\Users\IDONNO~1\AppData\Local\Temp\cc4CgWpY.s 			page 16


 856 0604 FA       		.byte	0xfa
 857 0605 5E060000 		.4byte	0x65e
 858 0609 13       		.uleb128 0x13
 859 060a 2D000000 		.4byte	.LASF88
 860 060e 06       		.byte	0x6
 861 060f 0101     		.2byte	0x101
 862 0611 0A010000 		.4byte	0x10a
 863 0615 13       		.uleb128 0x13
 864 0616 96000000 		.4byte	.LASF89
 865 061a 06       		.byte	0x6
 866 061b 0801     		.2byte	0x108
 867 061d 0A010000 		.4byte	0x10a
 868 0621 13       		.uleb128 0x13
 869 0622 5F060000 		.4byte	.LASF90
 870 0626 06       		.byte	0x6
 871 0627 0F01     		.2byte	0x10f
 872 0629 2E030000 		.4byte	0x32e
 873 062d 13       		.uleb128 0x13
 874 062e 27000000 		.4byte	.LASF91
 875 0632 06       		.byte	0x6
 876 0633 1601     		.2byte	0x116
 877 0635 5E060000 		.4byte	0x65e
 878 0639 13       		.uleb128 0x13
 879 063a BB010000 		.4byte	.LASF92
 880 063e 06       		.byte	0x6
 881 063f 1E01     		.2byte	0x11e
 882 0641 89060000 		.4byte	0x689
 883 0645 13       		.uleb128 0x13
 884 0646 EF030000 		.4byte	.LASF93
 885 064a 06       		.byte	0x6
 886 064b 2701     		.2byte	0x127
 887 064d C0060000 		.4byte	0x6c0
 888 0651 13       		.uleb128 0x13
 889 0652 A0030000 		.4byte	.LASF94
 890 0656 06       		.byte	0x6
 891 0657 2F01     		.2byte	0x12f
 892 0659 15010000 		.4byte	0x115
 893 065d 00       		.byte	0
 894 065e 0A       		.uleb128 0xa
 895 065f 04       		.byte	0x4
 896 0660 46020000 		.4byte	0x246
 897 0664 06       		.uleb128 0x6
 898 0665 CE030000 		.4byte	.LASF95
 899 0669 0C       		.byte	0xc
 900 066a 0A       		.byte	0xa
 901 066b 34       		.byte	0x34
 902 066c 89060000 		.4byte	0x689
 903 0670 07       		.uleb128 0x7
 904 0671 53010000 		.4byte	.LASF96
 905 0675 0A       		.byte	0xa
 906 0676 35       		.byte	0x35
 907 0677 7B020000 		.4byte	0x27b
 908 067b 00       		.byte	0
 909 067c 07       		.uleb128 0x7
 910 067d 66030000 		.4byte	.LASF97
 911 0681 0A       		.byte	0xa
 912 0682 37       		.byte	0x37
ARM GAS  C:\Users\IDONNO~1\AppData\Local\Temp\cc4CgWpY.s 			page 17


 913 0683 20010000 		.4byte	0x120
 914 0687 08       		.byte	0x8
 915 0688 00       		.byte	0
 916 0689 0A       		.uleb128 0xa
 917 068a 04       		.byte	0x4
 918 068b 64060000 		.4byte	0x664
 919 068f 06       		.uleb128 0x6
 920 0690 E2040000 		.4byte	.LASF98
 921 0694 10       		.byte	0x10
 922 0695 0B       		.byte	0xb
 923 0696 39       		.byte	0x39
 924 0697 C0060000 		.4byte	0x6c0
 925 069b 07       		.uleb128 0x7
 926 069c 10010000 		.4byte	.LASF99
 927 06a0 0B       		.byte	0xb
 928 06a1 3A       		.byte	0x3a
 929 06a2 7B020000 		.4byte	0x27b
 930 06a6 00       		.byte	0
 931 06a7 07       		.uleb128 0x7
 932 06a8 9E060000 		.4byte	.LASF100
 933 06ac 0B       		.byte	0xb
 934 06ad 3C       		.byte	0x3c
 935 06ae 51020000 		.4byte	0x251
 936 06b2 08       		.byte	0x8
 937 06b3 07       		.uleb128 0x7
 938 06b4 36040000 		.4byte	.LASF101
 939 06b8 0B       		.byte	0xb
 940 06b9 3E       		.byte	0x3e
 941 06ba 03070000 		.4byte	0x703
 942 06be 0C       		.byte	0xc
 943 06bf 00       		.byte	0
 944 06c0 0A       		.uleb128 0xa
 945 06c1 04       		.byte	0x4
 946 06c2 8F060000 		.4byte	0x68f
 947 06c6 0A       		.uleb128 0xa
 948 06c7 04       		.byte	0x4
 949 06c8 D3060000 		.4byte	0x6d3
 950 06cc 03       		.uleb128 0x3
 951 06cd 01       		.byte	0x1
 952 06ce 08       		.byte	0x8
 953 06cf 20040000 		.4byte	.LASF102
 954 06d3 14       		.uleb128 0x14
 955 06d4 CC060000 		.4byte	0x6cc
 956 06d8 05       		.uleb128 0x5
 957 06d9 2B010000 		.4byte	0x12b
 958 06dd 0A       		.uleb128 0xa
 959 06de 04       		.byte	0x4
 960 06df 30030000 		.4byte	0x330
 961 06e3 05       		.uleb128 0x5
 962 06e4 C6060000 		.4byte	0x6c6
 963 06e8 15       		.uleb128 0x15
 964 06e9 76040000 		.4byte	0x476
 965 06ed F8060000 		.4byte	0x6f8
 966 06f1 16       		.uleb128 0x16
 967 06f2 64040000 		.4byte	0x464
 968 06f6 3A       		.byte	0x3a
 969 06f7 00       		.byte	0
ARM GAS  C:\Users\IDONNO~1\AppData\Local\Temp\cc4CgWpY.s 			page 18


 970 06f8 04       		.uleb128 0x4
 971 06f9 7B010000 		.4byte	.LASF103
 972 06fd 0B       		.byte	0xb
 973 06fe 34       		.byte	0x34
 974 06ff 8F060000 		.4byte	0x68f
 975 0703 0A       		.uleb128 0xa
 976 0704 04       		.byte	0x4
 977 0705 F8060000 		.4byte	0x6f8
 978 0709 03       		.uleb128 0x3
 979 070a 01       		.byte	0x1
 980 070b 02       		.byte	0x2
 981 070c 3D030000 		.4byte	.LASF104
 982 0710 11       		.uleb128 0x11
 983 0711 1C       		.byte	0x1c
 984 0712 0C       		.byte	0xc
 985 0713 C1       		.byte	0xc1
 986 0714 6D070000 		.4byte	0x76d
 987 0718 07       		.uleb128 0x7
 988 0719 18010000 		.4byte	.LASF105
 989 071d 0C       		.byte	0xc
 990 071e C3       		.byte	0xc3
 991 071f AD000000 		.4byte	0xad
 992 0723 00       		.byte	0
 993 0724 07       		.uleb128 0x7
 994 0725 E6010000 		.4byte	.LASF106
 995 0729 0C       		.byte	0xc
 996 072a C5       		.byte	0xc5
 997 072b AD000000 		.4byte	0xad
 998 072f 04       		.byte	0x4
 999 0730 07       		.uleb128 0x7
 1000 0731 DE010000 		.4byte	.LASF107
 1001 0735 0C       		.byte	0xc
 1002 0736 C7       		.byte	0xc7
 1003 0737 AD000000 		.4byte	0xad
 1004 073b 08       		.byte	0x8
 1005 073c 07       		.uleb128 0x7
 1006 073d 90000000 		.4byte	.LASF108
 1007 0741 0C       		.byte	0xc
 1008 0742 C9       		.byte	0xc9
 1009 0743 AD000000 		.4byte	0xad
 1010 0747 0C       		.byte	0xc
 1011 0748 10       		.uleb128 0x10
 1012 0749 6F647200 		.ascii	"odr\000"
 1013 074d 0C       		.byte	0xc
 1014 074e CB       		.byte	0xcb
 1015 074f AD000000 		.4byte	0xad
 1016 0753 10       		.byte	0x10
 1017 0754 07       		.uleb128 0x7
 1018 0755 61030000 		.4byte	.LASF109
 1019 0759 0C       		.byte	0xc
 1020 075a CD       		.byte	0xcd
 1021 075b AD000000 		.4byte	0xad
 1022 075f 14       		.byte	0x14
 1023 0760 07       		.uleb128 0x7
 1024 0761 D4020000 		.4byte	.LASF110
 1025 0765 0C       		.byte	0xc
 1026 0766 CF       		.byte	0xcf
ARM GAS  C:\Users\IDONNO~1\AppData\Local\Temp\cc4CgWpY.s 			page 19


 1027 0767 AD000000 		.4byte	0xad
 1028 076b 18       		.byte	0x18
 1029 076c 00       		.byte	0
 1030 076d 04       		.uleb128 0x4
 1031 076e 00000000 		.4byte	.LASF111
 1032 0772 0C       		.byte	0xc
 1033 0773 D0       		.byte	0xd0
 1034 0774 10070000 		.4byte	0x710
 1035 0778 11       		.uleb128 0x11
 1036 0779 FC       		.byte	0xfc
 1037 077a 0C       		.byte	0xc
 1038 077b D9       		.byte	0xd9
 1039 077c ED070000 		.4byte	0x7ed
 1040 0780 07       		.uleb128 0x7
 1041 0781 99030000 		.4byte	.LASF112
 1042 0785 0C       		.byte	0xc
 1043 0786 DC       		.byte	0xdc
 1044 0787 6D070000 		.4byte	0x76d
 1045 078b 00       		.byte	0
 1046 078c 07       		.uleb128 0x7
 1047 078d 83010000 		.4byte	.LASF113
 1048 0791 0C       		.byte	0xc
 1049 0792 E0       		.byte	0xe0
 1050 0793 6D070000 		.4byte	0x76d
 1051 0797 1C       		.byte	0x1c
 1052 0798 07       		.uleb128 0x7
 1053 0799 6D060000 		.4byte	.LASF114
 1054 079d 0C       		.byte	0xc
 1055 079e E4       		.byte	0xe4
 1056 079f 6D070000 		.4byte	0x76d
 1057 07a3 38       		.byte	0x38
 1058 07a4 07       		.uleb128 0x7
 1059 07a5 D9020000 		.4byte	.LASF115
 1060 07a9 0C       		.byte	0xc
 1061 07aa E8       		.byte	0xe8
 1062 07ab 6D070000 		.4byte	0x76d
 1063 07af 54       		.byte	0x54
 1064 07b0 07       		.uleb128 0x7
 1065 07b1 3B010000 		.4byte	.LASF116
 1066 07b5 0C       		.byte	0xc
 1067 07b6 EC       		.byte	0xec
 1068 07b7 6D070000 		.4byte	0x76d
 1069 07bb 70       		.byte	0x70
 1070 07bc 07       		.uleb128 0x7
 1071 07bd 00020000 		.4byte	.LASF117
 1072 07c1 0C       		.byte	0xc
 1073 07c2 F0       		.byte	0xf0
 1074 07c3 6D070000 		.4byte	0x76d
 1075 07c7 8C       		.byte	0x8c
 1076 07c8 07       		.uleb128 0x7
 1077 07c9 4F020000 		.4byte	.LASF118
 1078 07cd 0C       		.byte	0xc
 1079 07ce F4       		.byte	0xf4
 1080 07cf 6D070000 		.4byte	0x76d
 1081 07d3 A8       		.byte	0xa8
 1082 07d4 07       		.uleb128 0x7
 1083 07d5 72000000 		.4byte	.LASF119
ARM GAS  C:\Users\IDONNO~1\AppData\Local\Temp\cc4CgWpY.s 			page 20


 1084 07d9 0C       		.byte	0xc
 1085 07da F8       		.byte	0xf8
 1086 07db 6D070000 		.4byte	0x76d
 1087 07df C4       		.byte	0xc4
 1088 07e0 07       		.uleb128 0x7
 1089 07e1 B6030000 		.4byte	.LASF120
 1090 07e5 0C       		.byte	0xc
 1091 07e6 FC       		.byte	0xfc
 1092 07e7 6D070000 		.4byte	0x76d
 1093 07eb E0       		.byte	0xe0
 1094 07ec 00       		.byte	0
 1095 07ed 04       		.uleb128 0x4
 1096 07ee 94060000 		.4byte	.LASF121
 1097 07f2 0C       		.byte	0xc
 1098 07f3 FE       		.byte	0xfe
 1099 07f4 78070000 		.4byte	0x778
 1100 07f8 17       		.uleb128 0x17
 1101 07f9 1C030000 		.4byte	.LASF139
 1102 07fd 19       		.byte	0x19
 1103 07fe C101     		.2byte	0x1c1
 1104 0800 03       		.byte	0x3
 1105 0801 18       		.uleb128 0x18
 1106 0802 D6010000 		.4byte	.LASF140
 1107 0806 01       		.byte	0x1
 1108 0807 38       		.byte	0x38
 1109 0808 00000000 		.4byte	.LFB256
 1110 080c 3C000000 		.4byte	.LFE256-.LFB256
 1111 0810 01       		.uleb128 0x1
 1112 0811 9C       		.byte	0x9c
 1113 0812 83080000 		.4byte	0x883
 1114 0816 19       		.uleb128 0x19
 1115 0817 06000000 		.4byte	.LVL0
 1116 081b AB080000 		.4byte	0x8ab
 1117 081f 19       		.uleb128 0x19
 1118 0820 0C000000 		.4byte	.LVL1
 1119 0824 B7080000 		.4byte	0x8b7
 1120 0828 19       		.uleb128 0x19
 1121 0829 10000000 		.4byte	.LVL2
 1122 082d C3080000 		.4byte	0x8c3
 1123 0831 19       		.uleb128 0x19
 1124 0832 14000000 		.4byte	.LVL3
 1125 0836 CE080000 		.4byte	0x8ce
 1126 083a 19       		.uleb128 0x19
 1127 083b 18000000 		.4byte	.LVL4
 1128 083f D9080000 		.4byte	0x8d9
 1129 0843 19       		.uleb128 0x19
 1130 0844 1C000000 		.4byte	.LVL5
 1131 0848 E4080000 		.4byte	0x8e4
 1132 084c 19       		.uleb128 0x19
 1133 084d 20000000 		.4byte	.LVL6
 1134 0851 F0080000 		.4byte	0x8f0
 1135 0855 19       		.uleb128 0x19
 1136 0856 24000000 		.4byte	.LVL7
 1137 085a FC080000 		.4byte	0x8fc
 1138 085e 19       		.uleb128 0x19
 1139 085f 28000000 		.4byte	.LVL8
 1140 0863 07090000 		.4byte	0x907
ARM GAS  C:\Users\IDONNO~1\AppData\Local\Temp\cc4CgWpY.s 			page 21


 1141 0867 19       		.uleb128 0x19
 1142 0868 2C000000 		.4byte	.LVL9
 1143 086c 13090000 		.4byte	0x913
 1144 0870 19       		.uleb128 0x19
 1145 0871 30000000 		.4byte	.LVL10
 1146 0875 1E090000 		.4byte	0x91e
 1147 0879 1A       		.uleb128 0x1a
 1148 087a 38000000 		.4byte	.LVL11
 1149 087e 2A090000 		.4byte	0x92a
 1150 0882 00       		.byte	0
 1151 0883 1B       		.uleb128 0x1b
 1152 0884 C0000000 		.4byte	.LASF122
 1153 0888 0D       		.byte	0xd
 1154 0889 A706     		.2byte	0x6a7
 1155 088b C3000000 		.4byte	0xc3
 1156 088f 1C       		.uleb128 0x1c
 1157 0890 636800   		.ascii	"ch\000"
 1158 0893 06       		.byte	0x6
 1159 0894 0902     		.2byte	0x209
 1160 0896 FD030000 		.4byte	0x3fd
 1161 089a 1B       		.uleb128 0x1b
 1162 089b A6060000 		.4byte	.LASF123
 1163 089f 0C       		.byte	0xc
 1164 08a0 DA01     		.2byte	0x1da
 1165 08a2 A6080000 		.4byte	0x8a6
 1166 08a6 14       		.uleb128 0x14
 1167 08a7 ED070000 		.4byte	0x7ed
 1168 08ab 1D       		.uleb128 0x1d
 1169 08ac 7F040000 		.4byte	.LASF124
 1170 08b0 7F040000 		.4byte	.LASF124
 1171 08b4 0E       		.byte	0xe
 1172 08b5 1206     		.2byte	0x612
 1173 08b7 1D       		.uleb128 0x1d
 1174 08b8 F2040000 		.4byte	.LASF125
 1175 08bc F2040000 		.4byte	.LASF125
 1176 08c0 0C       		.byte	0xc
 1177 08c1 DF01     		.2byte	0x1df
 1178 08c3 1E       		.uleb128 0x1e
 1179 08c4 34000000 		.4byte	.LASF126
 1180 08c8 34000000 		.4byte	.LASF126
 1181 08cc 0F       		.byte	0xf
 1182 08cd 7E       		.byte	0x7e
 1183 08ce 1E       		.uleb128 0x1e
 1184 08cf 7F060000 		.4byte	.LASF127
 1185 08d3 7F060000 		.4byte	.LASF127
 1186 08d7 10       		.byte	0x10
 1187 08d8 8B       		.byte	0x8b
 1188 08d9 1E       		.uleb128 0x1e
 1189 08da 6A000000 		.4byte	.LASF128
 1190 08de 6A000000 		.4byte	.LASF128
 1191 08e2 11       		.byte	0x11
 1192 08e3 DD       		.byte	0xdd
 1193 08e4 1D       		.uleb128 0x1d
 1194 08e5 8D060000 		.4byte	.LASF129
 1195 08e9 8D060000 		.4byte	.LASF129
 1196 08ed 12       		.byte	0x12
 1197 08ee 2601     		.2byte	0x126
ARM GAS  C:\Users\IDONNO~1\AppData\Local\Temp\cc4CgWpY.s 			page 22


 1198 08f0 1D       		.uleb128 0x1d
 1199 08f1 61020000 		.4byte	.LASF130
 1200 08f5 61020000 		.4byte	.LASF130
 1201 08f9 13       		.byte	0x13
 1202 08fa 0601     		.2byte	0x106
 1203 08fc 1E       		.uleb128 0x1e
 1204 08fd FF000000 		.4byte	.LASF131
 1205 0901 FF000000 		.4byte	.LASF131
 1206 0905 14       		.byte	0x14
 1207 0906 62       		.byte	0x62
 1208 0907 1D       		.uleb128 0x1d
 1209 0908 25040000 		.4byte	.LASF132
 1210 090c 25040000 		.4byte	.LASF132
 1211 0910 15       		.byte	0x15
 1212 0911 3502     		.2byte	0x235
 1213 0913 1E       		.uleb128 0x1e
 1214 0914 59030000 		.4byte	.LASF133
 1215 0918 59030000 		.4byte	.LASF133
 1216 091c 16       		.byte	0x16
 1217 091d F6       		.byte	0xf6
 1218 091e 1D       		.uleb128 0x1d
 1219 091f 24060000 		.4byte	.LASF134
 1220 0923 24060000 		.4byte	.LASF134
 1221 0927 17       		.byte	0x17
 1222 0928 0A05     		.2byte	0x50a
 1223 092a 1E       		.uleb128 0x1e
 1224 092b 20000000 		.4byte	.LASF135
 1225 092f 20000000 		.4byte	.LASF135
 1226 0933 18       		.byte	0x18
 1227 0934 56       		.byte	0x56
 1228 0935 00       		.byte	0
 1229              		.section	.debug_abbrev,"",%progbits
 1230              	.Ldebug_abbrev0:
 1231 0000 01       		.uleb128 0x1
 1232 0001 11       		.uleb128 0x11
 1233 0002 01       		.byte	0x1
 1234 0003 25       		.uleb128 0x25
 1235 0004 0E       		.uleb128 0xe
 1236 0005 13       		.uleb128 0x13
 1237 0006 0B       		.uleb128 0xb
 1238 0007 03       		.uleb128 0x3
 1239 0008 0E       		.uleb128 0xe
 1240 0009 1B       		.uleb128 0x1b
 1241 000a 0E       		.uleb128 0xe
 1242 000b 55       		.uleb128 0x55
 1243 000c 17       		.uleb128 0x17
 1244 000d 11       		.uleb128 0x11
 1245 000e 01       		.uleb128 0x1
 1246 000f 10       		.uleb128 0x10
 1247 0010 17       		.uleb128 0x17
 1248 0011 00       		.byte	0
 1249 0012 00       		.byte	0
 1250 0013 02       		.uleb128 0x2
 1251 0014 24       		.uleb128 0x24
 1252 0015 00       		.byte	0
 1253 0016 0B       		.uleb128 0xb
 1254 0017 0B       		.uleb128 0xb
ARM GAS  C:\Users\IDONNO~1\AppData\Local\Temp\cc4CgWpY.s 			page 23


 1255 0018 3E       		.uleb128 0x3e
 1256 0019 0B       		.uleb128 0xb
 1257 001a 03       		.uleb128 0x3
 1258 001b 08       		.uleb128 0x8
 1259 001c 00       		.byte	0
 1260 001d 00       		.byte	0
 1261 001e 03       		.uleb128 0x3
 1262 001f 24       		.uleb128 0x24
 1263 0020 00       		.byte	0
 1264 0021 0B       		.uleb128 0xb
 1265 0022 0B       		.uleb128 0xb
 1266 0023 3E       		.uleb128 0x3e
 1267 0024 0B       		.uleb128 0xb
 1268 0025 03       		.uleb128 0x3
 1269 0026 0E       		.uleb128 0xe
 1270 0027 00       		.byte	0
 1271 0028 00       		.byte	0
 1272 0029 04       		.uleb128 0x4
 1273 002a 16       		.uleb128 0x16
 1274 002b 00       		.byte	0
 1275 002c 03       		.uleb128 0x3
 1276 002d 0E       		.uleb128 0xe
 1277 002e 3A       		.uleb128 0x3a
 1278 002f 0B       		.uleb128 0xb
 1279 0030 3B       		.uleb128 0x3b
 1280 0031 0B       		.uleb128 0xb
 1281 0032 49       		.uleb128 0x49
 1282 0033 13       		.uleb128 0x13
 1283 0034 00       		.byte	0
 1284 0035 00       		.byte	0
 1285 0036 05       		.uleb128 0x5
 1286 0037 35       		.uleb128 0x35
 1287 0038 00       		.byte	0
 1288 0039 49       		.uleb128 0x49
 1289 003a 13       		.uleb128 0x13
 1290 003b 00       		.byte	0
 1291 003c 00       		.byte	0
 1292 003d 06       		.uleb128 0x6
 1293 003e 13       		.uleb128 0x13
 1294 003f 01       		.byte	0x1
 1295 0040 03       		.uleb128 0x3
 1296 0041 0E       		.uleb128 0xe
 1297 0042 0B       		.uleb128 0xb
 1298 0043 0B       		.uleb128 0xb
 1299 0044 3A       		.uleb128 0x3a
 1300 0045 0B       		.uleb128 0xb
 1301 0046 3B       		.uleb128 0x3b
 1302 0047 0B       		.uleb128 0xb
 1303 0048 01       		.uleb128 0x1
 1304 0049 13       		.uleb128 0x13
 1305 004a 00       		.byte	0
 1306 004b 00       		.byte	0
 1307 004c 07       		.uleb128 0x7
 1308 004d 0D       		.uleb128 0xd
 1309 004e 00       		.byte	0
 1310 004f 03       		.uleb128 0x3
 1311 0050 0E       		.uleb128 0xe
ARM GAS  C:\Users\IDONNO~1\AppData\Local\Temp\cc4CgWpY.s 			page 24


 1312 0051 3A       		.uleb128 0x3a
 1313 0052 0B       		.uleb128 0xb
 1314 0053 3B       		.uleb128 0x3b
 1315 0054 0B       		.uleb128 0xb
 1316 0055 49       		.uleb128 0x49
 1317 0056 13       		.uleb128 0x13
 1318 0057 38       		.uleb128 0x38
 1319 0058 0B       		.uleb128 0xb
 1320 0059 00       		.byte	0
 1321 005a 00       		.byte	0
 1322 005b 08       		.uleb128 0x8
 1323 005c 0D       		.uleb128 0xd
 1324 005d 00       		.byte	0
 1325 005e 03       		.uleb128 0x3
 1326 005f 08       		.uleb128 0x8
 1327 0060 3A       		.uleb128 0x3a
 1328 0061 0B       		.uleb128 0xb
 1329 0062 3B       		.uleb128 0x3b
 1330 0063 05       		.uleb128 0x5
 1331 0064 49       		.uleb128 0x49
 1332 0065 13       		.uleb128 0x13
 1333 0066 38       		.uleb128 0x38
 1334 0067 0B       		.uleb128 0xb
 1335 0068 00       		.byte	0
 1336 0069 00       		.byte	0
 1337 006a 09       		.uleb128 0x9
 1338 006b 0D       		.uleb128 0xd
 1339 006c 00       		.byte	0
 1340 006d 03       		.uleb128 0x3
 1341 006e 0E       		.uleb128 0xe
 1342 006f 3A       		.uleb128 0x3a
 1343 0070 0B       		.uleb128 0xb
 1344 0071 3B       		.uleb128 0x3b
 1345 0072 05       		.uleb128 0x5
 1346 0073 49       		.uleb128 0x49
 1347 0074 13       		.uleb128 0x13
 1348 0075 38       		.uleb128 0x38
 1349 0076 0B       		.uleb128 0xb
 1350 0077 00       		.byte	0
 1351 0078 00       		.byte	0
 1352 0079 0A       		.uleb128 0xa
 1353 007a 0F       		.uleb128 0xf
 1354 007b 00       		.byte	0
 1355 007c 0B       		.uleb128 0xb
 1356 007d 0B       		.uleb128 0xb
 1357 007e 49       		.uleb128 0x49
 1358 007f 13       		.uleb128 0x13
 1359 0080 00       		.byte	0
 1360 0081 00       		.byte	0
 1361 0082 0B       		.uleb128 0xb
 1362 0083 13       		.uleb128 0x13
 1363 0084 01       		.byte	0x1
 1364 0085 03       		.uleb128 0x3
 1365 0086 0E       		.uleb128 0xe
 1366 0087 0B       		.uleb128 0xb
 1367 0088 0B       		.uleb128 0xb
 1368 0089 3A       		.uleb128 0x3a
ARM GAS  C:\Users\IDONNO~1\AppData\Local\Temp\cc4CgWpY.s 			page 25


 1369 008a 0B       		.uleb128 0xb
 1370 008b 3B       		.uleb128 0x3b
 1371 008c 05       		.uleb128 0x5
 1372 008d 01       		.uleb128 0x1
 1373 008e 13       		.uleb128 0x13
 1374 008f 00       		.byte	0
 1375 0090 00       		.byte	0
 1376 0091 0C       		.uleb128 0xc
 1377 0092 15       		.uleb128 0x15
 1378 0093 01       		.byte	0x1
 1379 0094 27       		.uleb128 0x27
 1380 0095 19       		.uleb128 0x19
 1381 0096 01       		.uleb128 0x1
 1382 0097 13       		.uleb128 0x13
 1383 0098 00       		.byte	0
 1384 0099 00       		.byte	0
 1385 009a 0D       		.uleb128 0xd
 1386 009b 05       		.uleb128 0x5
 1387 009c 00       		.byte	0
 1388 009d 49       		.uleb128 0x49
 1389 009e 13       		.uleb128 0x13
 1390 009f 00       		.byte	0
 1391 00a0 00       		.byte	0
 1392 00a1 0E       		.uleb128 0xe
 1393 00a2 0F       		.uleb128 0xf
 1394 00a3 00       		.byte	0
 1395 00a4 0B       		.uleb128 0xb
 1396 00a5 0B       		.uleb128 0xb
 1397 00a6 00       		.byte	0
 1398 00a7 00       		.byte	0
 1399 00a8 0F       		.uleb128 0xf
 1400 00a9 13       		.uleb128 0x13
 1401 00aa 01       		.byte	0x1
 1402 00ab 03       		.uleb128 0x3
 1403 00ac 0E       		.uleb128 0xe
 1404 00ad 0B       		.uleb128 0xb
 1405 00ae 05       		.uleb128 0x5
 1406 00af 3A       		.uleb128 0x3a
 1407 00b0 0B       		.uleb128 0xb
 1408 00b1 3B       		.uleb128 0x3b
 1409 00b2 05       		.uleb128 0x5
 1410 00b3 01       		.uleb128 0x1
 1411 00b4 13       		.uleb128 0x13
 1412 00b5 00       		.byte	0
 1413 00b6 00       		.byte	0
 1414 00b7 10       		.uleb128 0x10
 1415 00b8 0D       		.uleb128 0xd
 1416 00b9 00       		.byte	0
 1417 00ba 03       		.uleb128 0x3
 1418 00bb 08       		.uleb128 0x8
 1419 00bc 3A       		.uleb128 0x3a
 1420 00bd 0B       		.uleb128 0xb
 1421 00be 3B       		.uleb128 0x3b
 1422 00bf 0B       		.uleb128 0xb
 1423 00c0 49       		.uleb128 0x49
 1424 00c1 13       		.uleb128 0x13
 1425 00c2 38       		.uleb128 0x38
ARM GAS  C:\Users\IDONNO~1\AppData\Local\Temp\cc4CgWpY.s 			page 26


 1426 00c3 0B       		.uleb128 0xb
 1427 00c4 00       		.byte	0
 1428 00c5 00       		.byte	0
 1429 00c6 11       		.uleb128 0x11
 1430 00c7 13       		.uleb128 0x13
 1431 00c8 01       		.byte	0x1
 1432 00c9 0B       		.uleb128 0xb
 1433 00ca 0B       		.uleb128 0xb
 1434 00cb 3A       		.uleb128 0x3a
 1435 00cc 0B       		.uleb128 0xb
 1436 00cd 3B       		.uleb128 0x3b
 1437 00ce 0B       		.uleb128 0xb
 1438 00cf 01       		.uleb128 0x1
 1439 00d0 13       		.uleb128 0x13
 1440 00d1 00       		.byte	0
 1441 00d2 00       		.byte	0
 1442 00d3 12       		.uleb128 0x12
 1443 00d4 17       		.uleb128 0x17
 1444 00d5 01       		.byte	0x1
 1445 00d6 0B       		.uleb128 0xb
 1446 00d7 0B       		.uleb128 0xb
 1447 00d8 3A       		.uleb128 0x3a
 1448 00d9 0B       		.uleb128 0xb
 1449 00da 3B       		.uleb128 0x3b
 1450 00db 0B       		.uleb128 0xb
 1451 00dc 01       		.uleb128 0x1
 1452 00dd 13       		.uleb128 0x13
 1453 00de 00       		.byte	0
 1454 00df 00       		.byte	0
 1455 00e0 13       		.uleb128 0x13
 1456 00e1 0D       		.uleb128 0xd
 1457 00e2 00       		.byte	0
 1458 00e3 03       		.uleb128 0x3
 1459 00e4 0E       		.uleb128 0xe
 1460 00e5 3A       		.uleb128 0x3a
 1461 00e6 0B       		.uleb128 0xb
 1462 00e7 3B       		.uleb128 0x3b
 1463 00e8 05       		.uleb128 0x5
 1464 00e9 49       		.uleb128 0x49
 1465 00ea 13       		.uleb128 0x13
 1466 00eb 00       		.byte	0
 1467 00ec 00       		.byte	0
 1468 00ed 14       		.uleb128 0x14
 1469 00ee 26       		.uleb128 0x26
 1470 00ef 00       		.byte	0
 1471 00f0 49       		.uleb128 0x49
 1472 00f1 13       		.uleb128 0x13
 1473 00f2 00       		.byte	0
 1474 00f3 00       		.byte	0
 1475 00f4 15       		.uleb128 0x15
 1476 00f5 01       		.uleb128 0x1
 1477 00f6 01       		.byte	0x1
 1478 00f7 49       		.uleb128 0x49
 1479 00f8 13       		.uleb128 0x13
 1480 00f9 01       		.uleb128 0x1
 1481 00fa 13       		.uleb128 0x13
 1482 00fb 00       		.byte	0
ARM GAS  C:\Users\IDONNO~1\AppData\Local\Temp\cc4CgWpY.s 			page 27


 1483 00fc 00       		.byte	0
 1484 00fd 16       		.uleb128 0x16
 1485 00fe 21       		.uleb128 0x21
 1486 00ff 00       		.byte	0
 1487 0100 49       		.uleb128 0x49
 1488 0101 13       		.uleb128 0x13
 1489 0102 2F       		.uleb128 0x2f
 1490 0103 0B       		.uleb128 0xb
 1491 0104 00       		.byte	0
 1492 0105 00       		.byte	0
 1493 0106 17       		.uleb128 0x17
 1494 0107 2E       		.uleb128 0x2e
 1495 0108 00       		.byte	0
 1496 0109 03       		.uleb128 0x3
 1497 010a 0E       		.uleb128 0xe
 1498 010b 3A       		.uleb128 0x3a
 1499 010c 0B       		.uleb128 0xb
 1500 010d 3B       		.uleb128 0x3b
 1501 010e 05       		.uleb128 0x5
 1502 010f 27       		.uleb128 0x27
 1503 0110 19       		.uleb128 0x19
 1504 0111 20       		.uleb128 0x20
 1505 0112 0B       		.uleb128 0xb
 1506 0113 00       		.byte	0
 1507 0114 00       		.byte	0
 1508 0115 18       		.uleb128 0x18
 1509 0116 2E       		.uleb128 0x2e
 1510 0117 01       		.byte	0x1
 1511 0118 3F       		.uleb128 0x3f
 1512 0119 19       		.uleb128 0x19
 1513 011a 03       		.uleb128 0x3
 1514 011b 0E       		.uleb128 0xe
 1515 011c 3A       		.uleb128 0x3a
 1516 011d 0B       		.uleb128 0xb
 1517 011e 3B       		.uleb128 0x3b
 1518 011f 0B       		.uleb128 0xb
 1519 0120 27       		.uleb128 0x27
 1520 0121 19       		.uleb128 0x19
 1521 0122 11       		.uleb128 0x11
 1522 0123 01       		.uleb128 0x1
 1523 0124 12       		.uleb128 0x12
 1524 0125 06       		.uleb128 0x6
 1525 0126 40       		.uleb128 0x40
 1526 0127 18       		.uleb128 0x18
 1527 0128 9742     		.uleb128 0x2117
 1528 012a 19       		.uleb128 0x19
 1529 012b 01       		.uleb128 0x1
 1530 012c 13       		.uleb128 0x13
 1531 012d 00       		.byte	0
 1532 012e 00       		.byte	0
 1533 012f 19       		.uleb128 0x19
 1534 0130 898201   		.uleb128 0x4109
 1535 0133 00       		.byte	0
 1536 0134 11       		.uleb128 0x11
 1537 0135 01       		.uleb128 0x1
 1538 0136 31       		.uleb128 0x31
 1539 0137 13       		.uleb128 0x13
ARM GAS  C:\Users\IDONNO~1\AppData\Local\Temp\cc4CgWpY.s 			page 28


 1540 0138 00       		.byte	0
 1541 0139 00       		.byte	0
 1542 013a 1A       		.uleb128 0x1a
 1543 013b 898201   		.uleb128 0x4109
 1544 013e 00       		.byte	0
 1545 013f 11       		.uleb128 0x11
 1546 0140 01       		.uleb128 0x1
 1547 0141 9542     		.uleb128 0x2115
 1548 0143 19       		.uleb128 0x19
 1549 0144 31       		.uleb128 0x31
 1550 0145 13       		.uleb128 0x13
 1551 0146 00       		.byte	0
 1552 0147 00       		.byte	0
 1553 0148 1B       		.uleb128 0x1b
 1554 0149 34       		.uleb128 0x34
 1555 014a 00       		.byte	0
 1556 014b 03       		.uleb128 0x3
 1557 014c 0E       		.uleb128 0xe
 1558 014d 3A       		.uleb128 0x3a
 1559 014e 0B       		.uleb128 0xb
 1560 014f 3B       		.uleb128 0x3b
 1561 0150 05       		.uleb128 0x5
 1562 0151 49       		.uleb128 0x49
 1563 0152 13       		.uleb128 0x13
 1564 0153 3F       		.uleb128 0x3f
 1565 0154 19       		.uleb128 0x19
 1566 0155 3C       		.uleb128 0x3c
 1567 0156 19       		.uleb128 0x19
 1568 0157 00       		.byte	0
 1569 0158 00       		.byte	0
 1570 0159 1C       		.uleb128 0x1c
 1571 015a 34       		.uleb128 0x34
 1572 015b 00       		.byte	0
 1573 015c 03       		.uleb128 0x3
 1574 015d 08       		.uleb128 0x8
 1575 015e 3A       		.uleb128 0x3a
 1576 015f 0B       		.uleb128 0xb
 1577 0160 3B       		.uleb128 0x3b
 1578 0161 05       		.uleb128 0x5
 1579 0162 49       		.uleb128 0x49
 1580 0163 13       		.uleb128 0x13
 1581 0164 3F       		.uleb128 0x3f
 1582 0165 19       		.uleb128 0x19
 1583 0166 3C       		.uleb128 0x3c
 1584 0167 19       		.uleb128 0x19
 1585 0168 00       		.byte	0
 1586 0169 00       		.byte	0
 1587 016a 1D       		.uleb128 0x1d
 1588 016b 2E       		.uleb128 0x2e
 1589 016c 00       		.byte	0
 1590 016d 3F       		.uleb128 0x3f
 1591 016e 19       		.uleb128 0x19
 1592 016f 3C       		.uleb128 0x3c
 1593 0170 19       		.uleb128 0x19
 1594 0171 6E       		.uleb128 0x6e
 1595 0172 0E       		.uleb128 0xe
 1596 0173 03       		.uleb128 0x3
ARM GAS  C:\Users\IDONNO~1\AppData\Local\Temp\cc4CgWpY.s 			page 29


 1597 0174 0E       		.uleb128 0xe
 1598 0175 3A       		.uleb128 0x3a
 1599 0176 0B       		.uleb128 0xb
 1600 0177 3B       		.uleb128 0x3b
 1601 0178 05       		.uleb128 0x5
 1602 0179 00       		.byte	0
 1603 017a 00       		.byte	0
 1604 017b 1E       		.uleb128 0x1e
 1605 017c 2E       		.uleb128 0x2e
 1606 017d 00       		.byte	0
 1607 017e 3F       		.uleb128 0x3f
 1608 017f 19       		.uleb128 0x19
 1609 0180 3C       		.uleb128 0x3c
 1610 0181 19       		.uleb128 0x19
 1611 0182 6E       		.uleb128 0x6e
 1612 0183 0E       		.uleb128 0xe
 1613 0184 03       		.uleb128 0x3
 1614 0185 0E       		.uleb128 0xe
 1615 0186 3A       		.uleb128 0x3a
 1616 0187 0B       		.uleb128 0xb
 1617 0188 3B       		.uleb128 0x3b
 1618 0189 0B       		.uleb128 0xb
 1619 018a 00       		.byte	0
 1620 018b 00       		.byte	0
 1621 018c 00       		.byte	0
 1622              		.section	.debug_aranges,"",%progbits
 1623 0000 1C000000 		.4byte	0x1c
 1624 0004 0200     		.2byte	0x2
 1625 0006 00000000 		.4byte	.Ldebug_info0
 1626 000a 04       		.byte	0x4
 1627 000b 00       		.byte	0
 1628 000c 0000     		.2byte	0
 1629 000e 0000     		.2byte	0
 1630 0010 00000000 		.4byte	.LFB256
 1631 0014 3C000000 		.4byte	.LFE256-.LFB256
 1632 0018 00000000 		.4byte	0
 1633 001c 00000000 		.4byte	0
 1634              		.section	.debug_ranges,"",%progbits
 1635              	.Ldebug_ranges0:
 1636 0000 00000000 		.4byte	.LFB256
 1637 0004 3C000000 		.4byte	.LFE256
 1638 0008 00000000 		.4byte	0
 1639 000c 00000000 		.4byte	0
 1640              		.section	.debug_line,"",%progbits
 1641              	.Ldebug_line0:
 1642 0000 A0030000 		.section	.debug_str,"MS",%progbits,1
 1642      02007603 
 1642      00000201 
 1642      FB0E0D00 
 1642      01010101 
 1643              	.LASF111:
 1644 0000 73746D33 		.ascii	"stm32_gpio_setup_t\000"
 1644      325F6770 
 1644      696F5F73 
 1644      65747570 
 1644      5F7400
 1645              	.LASF53:
ARM GAS  C:\Users\IDONNO~1\AppData\Local\Temp\cc4CgWpY.s 			page 30


 1646 0013 72656164 		.ascii	"ready_list_t\000"
 1646      795F6C69 
 1646      73745F74 
 1646      00
 1647              	.LASF135:
 1648 0020 7374496E 		.ascii	"stInit\000"
 1648      697400
 1649              	.LASF91:
 1650 0027 77747472 		.ascii	"wttrp\000"
 1650      7000
 1651              	.LASF88:
 1652 002d 7264796D 		.ascii	"rdymsg\000"
 1652      736700
 1653              	.LASF126:
 1654 0034 63616E49 		.ascii	"canInit\000"
 1654      6E697400 
 1655              	.LASF16:
 1656 003c 75696E74 		.ascii	"uint64_t\000"
 1656      36345F74 
 1656      00
 1657              	.LASF5:
 1658 0045 5F5F7569 		.ascii	"__uint8_t\000"
 1658      6E74385F 
 1658      7400
 1659              	.LASF85:
 1660 004f 706F7274 		.ascii	"port_intctx\000"
 1660      5F696E74 
 1660      63747800 
 1661              	.LASF72:
 1662 005b 73797374 		.ascii	"system_debug_t\000"
 1662      656D5F64 
 1662      65627567 
 1662      5F7400
 1663              	.LASF128:
 1664 006a 69637549 		.ascii	"icuInit\000"
 1664      6E697400 
 1665              	.LASF119:
 1666 0072 50484461 		.ascii	"PHData\000"
 1666      746100
 1667              	.LASF12:
 1668 0079 6C6F6E67 		.ascii	"long long unsigned int\000"
 1668      206C6F6E 
 1668      6720756E 
 1668      7369676E 
 1668      65642069 
 1669              	.LASF108:
 1670 0090 70757064 		.ascii	"pupdr\000"
 1670      7200
 1671              	.LASF89:
 1672 0096 65786974 		.ascii	"exitcode\000"
 1672      636F6465 
 1672      00
 1673              	.LASF79:
 1674 009f 6D61696E 		.ascii	"mainthread\000"
 1674      74687265 
 1674      616400
 1675              	.LASF69:
ARM GAS  C:\Users\IDONNO~1\AppData\Local\Temp\cc4CgWpY.s 			page 31


 1676 00aa 76697274 		.ascii	"virtual_timers_list_t\000"
 1676      75616C5F 
 1676      74696D65 
 1676      72735F6C 
 1676      6973745F 
 1677              	.LASF122:
 1678 00c0 49544D5F 		.ascii	"ITM_RxBuffer\000"
 1678      52784275 
 1678      66666572 
 1678      00
 1679              	.LASF52:
 1680 00cd 63685F74 		.ascii	"ch_threads_queue\000"
 1680      68726561 
 1680      64735F71 
 1680      75657565 
 1680      00
 1681              	.LASF30:
 1682 00de 705F7072 		.ascii	"p_prio\000"
 1682      696F00
 1683              	.LASF10:
 1684 00e5 6C6F6E67 		.ascii	"long long int\000"
 1684      206C6F6E 
 1684      6720696E 
 1684      7400
 1685              	.LASF1:
 1686 00f3 7369676E 		.ascii	"signed char\000"
 1686      65642063 
 1686      68617200 
 1687              	.LASF131:
 1688 00ff 75617274 		.ascii	"uartInit\000"
 1688      496E6974 
 1688      00
 1689              	.LASF46:
 1690 0108 705F6D70 		.ascii	"p_mpool\000"
 1690      6F6F6C00 
 1691              	.LASF99:
 1692 0110 6D5F7175 		.ascii	"m_queue\000"
 1692      65756500 
 1693              	.LASF105:
 1694 0118 6D6F6465 		.ascii	"moder\000"
 1694      7200
 1695              	.LASF21:
 1696 011e 74736C69 		.ascii	"tslices_t\000"
 1696      6365735F 
 1696      7400
 1697              	.LASF76:
 1698 0128 63685F73 		.ascii	"ch_system\000"
 1698      79737465 
 1698      6D00
 1699              	.LASF7:
 1700 0132 6C6F6E67 		.ascii	"long int\000"
 1700      20696E74 
 1700      00
 1701              	.LASF116:
 1702 013b 50454461 		.ascii	"PEData\000"
 1702      746100
 1703              	.LASF19:
ARM GAS  C:\Users\IDONNO~1\AppData\Local\Temp\cc4CgWpY.s 			page 32


 1704 0142 74737461 		.ascii	"tstate_t\000"
 1704      74655F74 
 1704      00
 1705              	.LASF32:
 1706 014b 705F6E65 		.ascii	"p_newer\000"
 1706      77657200 
 1707              	.LASF96:
 1708 0153 735F7175 		.ascii	"s_queue\000"
 1708      65756500 
 1709              	.LASF58:
 1710 015b 725F6E65 		.ascii	"r_newer\000"
 1710      77657200 
 1711              	.LASF82:
 1712 0163 72656761 		.ascii	"regarm_t\000"
 1712      726D5F74 
 1712      00
 1713              	.LASF65:
 1714 016c 76745F70 		.ascii	"vt_prev\000"
 1714      72657600 
 1715              	.LASF78:
 1716 0174 76746C69 		.ascii	"vtlist\000"
 1716      737400
 1717              	.LASF103:
 1718 017b 6D757465 		.ascii	"mutex_t\000"
 1718      785F7400 
 1719              	.LASF113:
 1720 0183 50424461 		.ascii	"PBData\000"
 1720      746100
 1721              	.LASF80:
 1722 018a 69646C65 		.ascii	"idle_thread_wa\000"
 1722      5F746872 
 1722      6561645F 
 1722      776100
 1723              	.LASF25:
 1724 0199 636E745F 		.ascii	"cnt_t\000"
 1724      7400
 1725              	.LASF0:
 1726 019f 756E7369 		.ascii	"unsigned int\000"
 1726      676E6564 
 1726      20696E74 
 1726      00
 1727              	.LASF64:
 1728 01ac 76745F6E 		.ascii	"vt_next\000"
 1728      65787400 
 1729              	.LASF39:
 1730 01b4 705F7469 		.ascii	"p_time\000"
 1730      6D6500
 1731              	.LASF92:
 1732 01bb 77747365 		.ascii	"wtsemp\000"
 1732      6D7000
 1733              	.LASF66:
 1734 01c2 76745F64 		.ascii	"vt_delta\000"
 1734      656C7461 
 1734      00
 1735              	.LASF41:
 1736 01cb 705F6D73 		.ascii	"p_msgqueue\000"
 1736      67717565 
ARM GAS  C:\Users\IDONNO~1\AppData\Local\Temp\cc4CgWpY.s 			page 33


 1736      756500
 1737              	.LASF140:
 1738 01d6 68616C49 		.ascii	"halInit\000"
 1738      6E697400 
 1739              	.LASF107:
 1740 01de 6F737065 		.ascii	"ospeedr\000"
 1740      65647200 
 1741              	.LASF106:
 1742 01e6 6F747970 		.ascii	"otyper\000"
 1742      657200
 1743              	.LASF4:
 1744 01ed 73686F72 		.ascii	"short unsigned int\000"
 1744      7420756E 
 1744      7369676E 
 1744      65642069 
 1744      6E7400
 1745              	.LASF117:
 1746 0200 50464461 		.ascii	"PFData\000"
 1746      746100
 1747              	.LASF49:
 1748 0207 63685F74 		.ascii	"ch_thread\000"
 1748      68726561 
 1748      6400
 1749              	.LASF23:
 1750 0211 6D73675F 		.ascii	"msg_t\000"
 1750      7400
 1751              	.LASF75:
 1752 0217 63685F73 		.ascii	"ch_system_t\000"
 1752      79737465 
 1752      6D5F7400 
 1753              	.LASF18:
 1754 0223 746D6F64 		.ascii	"tmode_t\000"
 1754      655F7400 
 1755              	.LASF54:
 1756 022b 63685F72 		.ascii	"ch_ready_list\000"
 1756      65616479 
 1756      5F6C6973 
 1756      7400
 1757              	.LASF24:
 1758 0239 6576656E 		.ascii	"eventmask_t\000"
 1758      746D6173 
 1758      6B5F7400 
 1759              	.LASF6:
 1760 0245 5F5F696E 		.ascii	"__int32_t\000"
 1760      7433325F 
 1760      7400
 1761              	.LASF118:
 1762 024f 50474461 		.ascii	"PGData\000"
 1762      746100
 1763              	.LASF83:
 1764 0256 73746B61 		.ascii	"stkalign_t\000"
 1764      6C69676E 
 1764      5F7400
 1765              	.LASF130:
 1766 0261 73706949 		.ascii	"spiInit\000"
 1766      6E697400 
 1767              	.LASF48:
ARM GAS  C:\Users\IDONNO~1\AppData\Local\Temp\cc4CgWpY.s 			page 34


 1768 0269 74687265 		.ascii	"threads_list_t\000"
 1768      6164735F 
 1768      6C697374 
 1768      5F7400
 1769              	.LASF40:
 1770 0278 705F7761 		.ascii	"p_waiting\000"
 1770      6974696E 
 1770      6700
 1771              	.LASF81:
 1772 0282 73697A65 		.ascii	"sizetype\000"
 1772      74797065 
 1772      00
 1773              	.LASF47:
 1774 028b 74687265 		.ascii	"thread_reference_t\000"
 1774      61645F72 
 1774      65666572 
 1774      656E6365 
 1774      5F7400
 1775              	.LASF70:
 1776 029e 63685F76 		.ascii	"ch_virtual_timers_list\000"
 1776      69727475 
 1776      616C5F74 
 1776      696D6572 
 1776      735F6C69 
 1777              	.LASF33:
 1778 02b5 705F6F6C 		.ascii	"p_older\000"
 1778      64657200 
 1779              	.LASF57:
 1780 02bd 725F6374 		.ascii	"r_ctx\000"
 1780      7800
 1781              	.LASF87:
 1782 02c3 746D5F63 		.ascii	"tm_calibration_t\000"
 1782      616C6962 
 1782      72617469 
 1782      6F6E5F74 
 1782      00
 1783              	.LASF110:
 1784 02d4 61667268 		.ascii	"afrh\000"
 1784      00
 1785              	.LASF115:
 1786 02d9 50444461 		.ascii	"PDData\000"
 1786      746100
 1787              	.LASF60:
 1788 02e0 725F6375 		.ascii	"r_current\000"
 1788      7272656E 
 1788      7400
 1789              	.LASF59:
 1790 02ea 725F6F6C 		.ascii	"r_older\000"
 1790      64657200 
 1791              	.LASF11:
 1792 02f2 5F5F7569 		.ascii	"__uint64_t\000"
 1792      6E743634 
 1792      5F7400
 1793              	.LASF20:
 1794 02fd 74726566 		.ascii	"trefs_t\000"
 1794      735F7400 
 1795              	.LASF62:
ARM GAS  C:\Users\IDONNO~1\AppData\Local\Temp\cc4CgWpY.s 			page 35


 1796 0305 76697274 		.ascii	"virtual_timer_t\000"
 1796      75616C5F 
 1796      74696D65 
 1796      725F7400 
 1797              	.LASF29:
 1798 0315 705F7072 		.ascii	"p_prev\000"
 1798      657600
 1799              	.LASF139:
 1800 031c 6F73616C 		.ascii	"osalInit\000"
 1800      496E6974 
 1800      00
 1801              	.LASF22:
 1802 0325 74707269 		.ascii	"tprio_t\000"
 1802      6F5F7400 
 1803              	.LASF73:
 1804 032d 63685F73 		.ascii	"ch_system_debug\000"
 1804      79737465 
 1804      6D5F6465 
 1804      62756700 
 1805              	.LASF104:
 1806 033d 5F426F6F 		.ascii	"_Bool\000"
 1806      6C00
 1807              	.LASF14:
 1808 0343 696E7433 		.ascii	"int32_t\000"
 1808      325F7400 
 1809              	.LASF2:
 1810 034b 756E7369 		.ascii	"unsigned char\000"
 1810      676E6564 
 1810      20636861 
 1810      7200
 1811              	.LASF133:
 1812 0359 73647549 		.ascii	"sduInit\000"
 1812      6E697400 
 1813              	.LASF109:
 1814 0361 6166726C 		.ascii	"afrl\000"
 1814      00
 1815              	.LASF97:
 1816 0366 735F636E 		.ascii	"s_cnt\000"
 1816      7400
 1817              	.LASF44:
 1818 036c 705F6D74 		.ascii	"p_mtxlist\000"
 1818      786C6973 
 1818      7400
 1819              	.LASF3:
 1820 0376 73686F72 		.ascii	"short int\000"
 1820      7420696E 
 1820      7400
 1821              	.LASF35:
 1822 0380 705F7374 		.ascii	"p_state\000"
 1822      61746500 
 1823              	.LASF38:
 1824 0388 705F7072 		.ascii	"p_preempt\000"
 1824      65656D70 
 1824      7400
 1825              	.LASF56:
 1826 0392 725F7072 		.ascii	"r_prio\000"
 1826      696F00
ARM GAS  C:\Users\IDONNO~1\AppData\Local\Temp\cc4CgWpY.s 			page 36


 1827              	.LASF112:
 1828 0399 50414461 		.ascii	"PAData\000"
 1828      746100
 1829              	.LASF94:
 1830 03a0 65776D61 		.ascii	"ewmask\000"
 1830      736B00
 1831              	.LASF28:
 1832 03a7 705F6E65 		.ascii	"p_next\000"
 1832      787400
 1833              	.LASF36:
 1834 03ae 705F666C 		.ascii	"p_flags\000"
 1834      61677300 
 1835              	.LASF120:
 1836 03b6 50494461 		.ascii	"PIData\000"
 1836      746100
 1837              	.LASF63:
 1838 03bd 63685F76 		.ascii	"ch_virtual_timer\000"
 1838      69727475 
 1838      616C5F74 
 1838      696D6572 
 1838      00
 1839              	.LASF95:
 1840 03ce 63685F73 		.ascii	"ch_semaphore\000"
 1840      656D6170 
 1840      686F7265 
 1840      00
 1841              	.LASF43:
 1842 03db 705F6570 		.ascii	"p_epending\000"
 1842      656E6469 
 1842      6E6700
 1843              	.LASF15:
 1844 03e6 75696E74 		.ascii	"uint32_t\000"
 1844      33325F74 
 1844      00
 1845              	.LASF93:
 1846 03ef 77746D74 		.ascii	"wtmtxp\000"
 1846      787000
 1847              	.LASF55:
 1848 03f6 725F7175 		.ascii	"r_queue\000"
 1848      65756500 
 1849              	.LASF50:
 1850 03fe 63685F74 		.ascii	"ch_threads_list\000"
 1850      68726561 
 1850      64735F6C 
 1850      69737400 
 1851              	.LASF9:
 1852 040e 6C6F6E67 		.ascii	"long unsigned int\000"
 1852      20756E73 
 1852      69676E65 
 1852      6420696E 
 1852      7400
 1853              	.LASF102:
 1854 0420 63686172 		.ascii	"char\000"
 1854      00
 1855              	.LASF132:
 1856 0425 75736249 		.ascii	"usbInit\000"
 1856      6E697400 
ARM GAS  C:\Users\IDONNO~1\AppData\Local\Temp\cc4CgWpY.s 			page 37


 1857              	.LASF27:
 1858 042d 74687265 		.ascii	"thread_t\000"
 1858      61645F74 
 1858      00
 1859              	.LASF101:
 1860 0436 6D5F6E65 		.ascii	"m_next\000"
 1860      787400
 1861              	.LASF26:
 1862 043d 73797374 		.ascii	"systime_t\000"
 1862      696D655F 
 1862      7400
 1863              	.LASF45:
 1864 0447 705F7265 		.ascii	"p_realprio\000"
 1864      616C7072 
 1864      696F00
 1865              	.LASF61:
 1866 0452 76746675 		.ascii	"vtfunc_t\000"
 1866      6E635F74 
 1866      00
 1867              	.LASF8:
 1868 045b 5F5F7569 		.ascii	"__uint32_t\000"
 1868      6E743332 
 1868      5F7400
 1869              	.LASF74:
 1870 0466 70616E69 		.ascii	"panic_msg\000"
 1870      635F6D73 
 1870      6700
 1871              	.LASF86:
 1872 0470 6F666673 		.ascii	"offset\000"
 1872      657400
 1873              	.LASF84:
 1874 0477 636F6E74 		.ascii	"context\000"
 1874      65787400 
 1875              	.LASF124:
 1876 047f 68616C5F 		.ascii	"hal_lld_init\000"
 1876      6C6C645F 
 1876      696E6974 
 1876      00
 1877              	.LASF17:
 1878 048c 7274636E 		.ascii	"rtcnt_t\000"
 1878      745F7400 
 1879              	.LASF138:
 1880 0494 443A5C67 		.ascii	"D:\\git\\oroca_bldc_dev\\oroca_bldc_fw\\oroca_bldc_"
 1880      69745C6F 
 1880      726F6361 
 1880      5F626C64 
 1880      635F6465 
 1881 04c3 63686962 		.ascii	"chibios\000"
 1881      696F7300 
 1882              	.LASF68:
 1883 04cb 76745F70 		.ascii	"vt_par\000"
 1883      617200
 1884              	.LASF51:
 1885 04d2 74687265 		.ascii	"threads_queue_t\000"
 1885      6164735F 
 1885      71756575 
 1885      655F7400 
ARM GAS  C:\Users\IDONNO~1\AppData\Local\Temp\cc4CgWpY.s 			page 38


 1886              	.LASF98:
 1887 04e2 63685F6D 		.ascii	"ch_mutex\000"
 1887      75746578 
 1887      00
 1888              	.LASF37:
 1889 04eb 705F7265 		.ascii	"p_refs\000"
 1889      667300
 1890              	.LASF125:
 1891 04f2 5F70616C 		.ascii	"_pal_lld_init\000"
 1891      5F6C6C64 
 1891      5F696E69 
 1891      7400
 1892              	.LASF136:
 1893 0500 474E5520 		.ascii	"GNU C99 5.4.1 20160919 (release) [ARM/embedded-5-br"
 1893      43393920 
 1893      352E342E 
 1893      31203230 
 1893      31363039 
 1894 0533 616E6368 		.ascii	"anch revision 240496] -mcpu=cortex-m4 -mfloat-abi=h"
 1894      20726576 
 1894      6973696F 
 1894      6E203234 
 1894      30343936 
 1895 0566 61726420 		.ascii	"ard -mfpu=fpv4-sp-d16 -mno-thumb-interwork -mthumb "
 1895      2D6D6670 
 1895      753D6670 
 1895      76342D73 
 1895      702D6431 
 1896 0599 2D676764 		.ascii	"-ggdb -O2 -std=gnu99 -fomit-frame-pointer -falign-f"
 1896      62202D4F 
 1896      32202D73 
 1896      74643D67 
 1896      6E753939 
 1897 05cc 756E6374 		.ascii	"unctions=16 -ffunction-sections -fdata-sections -fn"
 1897      696F6E73 
 1897      3D313620 
 1897      2D666675 
 1897      6E637469 
 1898 05ff 6F2D636F 		.ascii	"o-common -fsingle-precision-constant\000"
 1898      6D6D6F6E 
 1898      202D6673 
 1898      696E676C 
 1898      652D7072 
 1899              	.LASF134:
 1900 0624 626F6172 		.ascii	"boardInit\000"
 1900      64496E69 
 1900      7400
 1901              	.LASF77:
 1902 062e 726C6973 		.ascii	"rlist\000"
 1902      7400
 1903              	.LASF13:
 1904 0634 75696E74 		.ascii	"uint8_t\000"
 1904      385F7400 
 1905              	.LASF137:
 1906 063c 7372632F 		.ascii	"src/ChibiOS_3.0.2/os/hal/src/hal.c\000"
 1906      43686962 
 1906      694F535F 
ARM GAS  C:\Users\IDONNO~1\AppData\Local\Temp\cc4CgWpY.s 			page 39


 1906      332E302E 
 1906      322F6F73 
 1907              	.LASF90:
 1908 065f 77746F62 		.ascii	"wtobjp\000"
 1908      6A7000
 1909              	.LASF34:
 1910 0666 705F6E61 		.ascii	"p_name\000"
 1910      6D6500
 1911              	.LASF114:
 1912 066d 50434461 		.ascii	"PCData\000"
 1912      746100
 1913              	.LASF71:
 1914 0674 76745F73 		.ascii	"vt_systime\000"
 1914      79737469 
 1914      6D6500
 1915              	.LASF127:
 1916 067f 69326349 		.ascii	"i2cInit\000"
 1916      6E697400 
 1917              	.LASF42:
 1918 0687 705F6D73 		.ascii	"p_msg\000"
 1918      6700
 1919              	.LASF129:
 1920 068d 7364496E 		.ascii	"sdInit\000"
 1920      697400
 1921              	.LASF121:
 1922 0694 50414C43 		.ascii	"PALConfig\000"
 1922      6F6E6669 
 1922      6700
 1923              	.LASF100:
 1924 069e 6D5F6F77 		.ascii	"m_owner\000"
 1924      6E657200 
 1925              	.LASF123:
 1926 06a6 70616C5F 		.ascii	"pal_default_config\000"
 1926      64656661 
 1926      756C745F 
 1926      636F6E66 
 1926      696700
 1927              	.LASF31:
 1928 06b9 705F6374 		.ascii	"p_ctx\000"
 1928      7800
 1929              	.LASF67:
 1930 06bf 76745F66 		.ascii	"vt_func\000"
 1930      756E6300 
 1931              		.ident	"GCC: (GNU Tools for ARM Embedded Processors) 5.4.1 20160919 (release) [ARM/embedded-5-bran
ARM GAS  C:\Users\IDONNO~1\AppData\Local\Temp\cc4CgWpY.s 			page 40


DEFINED SYMBOLS
                            *ABS*:00000000 hal.c
C:\Users\IDONNO~1\AppData\Local\Temp\cc4CgWpY.s:22     .text.halInit:00000000 $t
C:\Users\IDONNO~1\AppData\Local\Temp\cc4CgWpY.s:28     .text.halInit:00000000 halInit
C:\Users\IDONNO~1\AppData\Local\Temp\cc4CgWpY.s:84     .text.halInit:00000038 $d
                     .debug_frame:00000010 $d

UNDEFINED SYMBOLS
hal_lld_init
_pal_lld_init
canInit
i2cInit
icuInit
sdInit
spiInit
uartInit
usbInit
sduInit
boardInit
stInit
pal_default_config
