ARM GAS  C:\Users\IDONNO~1\AppData\Local\Temp\ccecOMg6.s 			page 1


   1              		.syntax unified
   2              		.cpu cortex-m4
   3              		.eabi_attribute 27, 1
   4              		.eabi_attribute 28, 1
   5              		.fpu fpv4-sp-d16
   6              		.eabi_attribute 20, 1
   7              		.eabi_attribute 21, 1
   8              		.eabi_attribute 23, 3
   9              		.eabi_attribute 24, 1
  10              		.eabi_attribute 25, 1
  11              		.eabi_attribute 26, 1
  12              		.eabi_attribute 30, 2
  13              		.eabi_attribute 34, 1
  14              		.eabi_attribute 18, 4
  15              		.thumb
  16              		.syntax unified
  17              		.file	"mmc_spi.c"
  18              		.text
  19              	.Ltext0:
  20              		.cfi_sections	.debug_frame
  21              	.Letext0:
  22              		.file 1 "c:\\program files (x86)\\gnu tools arm embedded\\5.4 2016q3\\arm-none-eabi\\include\\mach
  23              		.file 2 "c:\\program files (x86)\\gnu tools arm embedded\\5.4 2016q3\\arm-none-eabi\\include\\sys\
  24              		.file 3 "src/ChibiOS_3.0.2/os/rt/ports/ARMCMx/compilers/GCC/chtypes.h"
  25              		.file 4 "src/ChibiOS_3.0.2/os/rt/include/chsystypes.h"
  26              		.file 5 "src/ChibiOS_3.0.2/os/rt/include/chschd.h"
  27              		.file 6 "src/ChibiOS_3.0.2/os/rt/ports/ARMCMx/chcore.h"
  28              		.file 7 "src/ChibiOS_3.0.2/os/rt/ports/ARMCMx/chcore_v7m.h"
  29              		.file 8 "src/ChibiOS_3.0.2/os/rt/include/chtm.h"
  30              		.file 9 "src/ChibiOS_3.0.2/os/rt/include/chsem.h"
  31              		.file 10 "src/ChibiOS_3.0.2/os/rt/include/chmtx.h"
  32              		.file 11 "src/ChibiOS_3.0.2/os/ext/CMSIS/include/core_cm4.h"
  33              		.section	.debug_info,"",%progbits
  34              	.Ldebug_info0:
  35 0000 1C070000 		.4byte	0x71c
  36 0004 0400     		.2byte	0x4
  37 0006 00000000 		.4byte	.Ldebug_abbrev0
  38 000a 04       		.byte	0x4
  39 000b 01       		.uleb128 0x1
  40 000c 53040000 		.4byte	.LASF106
  41 0010 0C       		.byte	0xc
  42 0011 48000000 		.4byte	.LASF107
  43 0015 F5030000 		.4byte	.LASF108
  44 0019 00000000 		.4byte	.Ldebug_line0
  45 001d 02       		.uleb128 0x2
  46 001e 04       		.byte	0x4
  47 001f 05       		.byte	0x5
  48 0020 696E7400 		.ascii	"int\000"
  49 0024 03       		.uleb128 0x3
  50 0025 04       		.byte	0x4
  51 0026 07       		.byte	0x7
  52 0027 72010000 		.4byte	.LASF0
  53 002b 03       		.uleb128 0x3
  54 002c 01       		.byte	0x1
  55 002d 06       		.byte	0x6
  56 002e E3000000 		.4byte	.LASF1
  57 0032 04       		.uleb128 0x4
ARM GAS  C:\Users\IDONNO~1\AppData\Local\Temp\ccecOMg6.s 			page 2


  58 0033 23000000 		.4byte	.LASF5
  59 0037 01       		.byte	0x1
  60 0038 1D       		.byte	0x1d
  61 0039 3D000000 		.4byte	0x3d
  62 003d 03       		.uleb128 0x3
  63 003e 01       		.byte	0x1
  64 003f 08       		.byte	0x8
  65 0040 E2020000 		.4byte	.LASF2
  66 0044 03       		.uleb128 0x3
  67 0045 02       		.byte	0x2
  68 0046 05       		.byte	0x5
  69 0047 FA020000 		.4byte	.LASF3
  70 004b 03       		.uleb128 0x3
  71 004c 02       		.byte	0x2
  72 004d 07       		.byte	0x7
  73 004e AF010000 		.4byte	.LASF4
  74 0052 04       		.uleb128 0x4
  75 0053 00020000 		.4byte	.LASF6
  76 0057 01       		.byte	0x1
  77 0058 3F       		.byte	0x3f
  78 0059 5D000000 		.4byte	0x5d
  79 005d 03       		.uleb128 0x3
  80 005e 04       		.byte	0x4
  81 005f 05       		.byte	0x5
  82 0060 1A010000 		.4byte	.LASF7
  83 0064 04       		.uleb128 0x4
  84 0065 C9030000 		.4byte	.LASF8
  85 0069 01       		.byte	0x1
  86 006a 41       		.byte	0x41
  87 006b 6F000000 		.4byte	0x6f
  88 006f 03       		.uleb128 0x3
  89 0070 04       		.byte	0x4
  90 0071 07       		.byte	0x7
  91 0072 84030000 		.4byte	.LASF9
  92 0076 03       		.uleb128 0x3
  93 0077 08       		.byte	0x8
  94 0078 05       		.byte	0x5
  95 0079 D5000000 		.4byte	.LASF10
  96 007d 04       		.uleb128 0x4
  97 007e 92020000 		.4byte	.LASF11
  98 0082 01       		.byte	0x1
  99 0083 5B       		.byte	0x5b
 100 0084 88000000 		.4byte	0x88
 101 0088 03       		.uleb128 0x3
 102 0089 08       		.byte	0x8
 103 008a 07       		.byte	0x7
 104 008b 6F000000 		.4byte	.LASF12
 105 008f 03       		.uleb128 0x3
 106 0090 04       		.byte	0x4
 107 0091 07       		.byte	0x7
 108 0092 2E020000 		.4byte	.LASF13
 109 0096 05       		.uleb128 0x5
 110 0097 04       		.byte	0x4
 111 0098 03       		.uleb128 0x3
 112 0099 01       		.byte	0x1
 113 009a 08       		.byte	0x8
 114 009b 96030000 		.4byte	.LASF14
ARM GAS  C:\Users\IDONNO~1\AppData\Local\Temp\ccecOMg6.s 			page 3


 115 009f 06       		.uleb128 0x6
 116 00a0 04       		.byte	0x4
 117 00a1 A5000000 		.4byte	0xa5
 118 00a5 07       		.uleb128 0x7
 119 00a6 98000000 		.4byte	0x98
 120 00aa 04       		.uleb128 0x4
 121 00ab 7D050000 		.4byte	.LASF15
 122 00af 02       		.byte	0x2
 123 00b0 18       		.byte	0x18
 124 00b1 32000000 		.4byte	0x32
 125 00b5 04       		.uleb128 0x4
 126 00b6 DA020000 		.4byte	.LASF16
 127 00ba 02       		.byte	0x2
 128 00bb 2C       		.byte	0x2c
 129 00bc 52000000 		.4byte	0x52
 130 00c0 04       		.uleb128 0x4
 131 00c1 5C030000 		.4byte	.LASF17
 132 00c5 02       		.byte	0x2
 133 00c6 30       		.byte	0x30
 134 00c7 64000000 		.4byte	0x64
 135 00cb 04       		.uleb128 0x4
 136 00cc 1A000000 		.4byte	.LASF18
 137 00d0 02       		.byte	0x2
 138 00d1 3C       		.byte	0x3c
 139 00d2 7D000000 		.4byte	0x7d
 140 00d6 08       		.uleb128 0x8
 141 00d7 B5000000 		.4byte	0xb5
 142 00db 04       		.uleb128 0x4
 143 00dc ED030000 		.4byte	.LASF19
 144 00e0 03       		.byte	0x3
 145 00e1 45       		.byte	0x45
 146 00e2 C0000000 		.4byte	0xc0
 147 00e6 04       		.uleb128 0x4
 148 00e7 DE010000 		.4byte	.LASF20
 149 00eb 03       		.byte	0x3
 150 00ec 48       		.byte	0x48
 151 00ed AA000000 		.4byte	0xaa
 152 00f1 04       		.uleb128 0x4
 153 00f2 23010000 		.4byte	.LASF21
 154 00f6 03       		.byte	0x3
 155 00f7 49       		.byte	0x49
 156 00f8 AA000000 		.4byte	0xaa
 157 00fc 04       		.uleb128 0x4
 158 00fd 9D020000 		.4byte	.LASF22
 159 0101 03       		.byte	0x3
 160 0102 4A       		.byte	0x4a
 161 0103 AA000000 		.4byte	0xaa
 162 0107 04       		.uleb128 0x4
 163 0108 06010000 		.4byte	.LASF23
 164 010c 03       		.byte	0x3
 165 010d 4B       		.byte	0x4b
 166 010e AA000000 		.4byte	0xaa
 167 0112 04       		.uleb128 0x4
 168 0113 BC020000 		.4byte	.LASF24
 169 0117 03       		.byte	0x3
 170 0118 4C       		.byte	0x4c
 171 0119 C0000000 		.4byte	0xc0
ARM GAS  C:\Users\IDONNO~1\AppData\Local\Temp\ccecOMg6.s 			page 4


 172 011d 04       		.uleb128 0x4
 173 011e CC010000 		.4byte	.LASF25
 174 0122 03       		.byte	0x3
 175 0123 4D       		.byte	0x4d
 176 0124 B5000000 		.4byte	0xb5
 177 0128 04       		.uleb128 0x4
 178 0129 F4010000 		.4byte	.LASF26
 179 012d 03       		.byte	0x3
 180 012e 4F       		.byte	0x4f
 181 012f C0000000 		.4byte	0xc0
 182 0133 04       		.uleb128 0x4
 183 0134 6C010000 		.4byte	.LASF27
 184 0138 03       		.byte	0x3
 185 0139 51       		.byte	0x51
 186 013a B5000000 		.4byte	0xb5
 187 013e 04       		.uleb128 0x4
 188 013f AB030000 		.4byte	.LASF28
 189 0143 04       		.byte	0x4
 190 0144 33       		.byte	0x33
 191 0145 C0000000 		.4byte	0xc0
 192 0149 04       		.uleb128 0x4
 193 014a 9B030000 		.4byte	.LASF29
 194 014e 04       		.byte	0x4
 195 014f 3F       		.byte	0x3f
 196 0150 54010000 		.4byte	0x154
 197 0154 09       		.uleb128 0x9
 198 0155 C2010000 		.4byte	.LASF51
 199 0159 48       		.byte	0x48
 200 015a 05       		.byte	0x5
 201 015b C2       		.byte	0xc2
 202 015c 59020000 		.4byte	0x259
 203 0160 0A       		.uleb128 0xa
 204 0161 24030000 		.4byte	.LASF30
 205 0165 05       		.byte	0x5
 206 0166 C3       		.byte	0xc3
 207 0167 64020000 		.4byte	0x264
 208 016b 00       		.byte	0
 209 016c 0A       		.uleb128 0xa
 210 016d B5020000 		.4byte	.LASF31
 211 0171 05       		.byte	0x5
 212 0172 C5       		.byte	0xc5
 213 0173 64020000 		.4byte	0x264
 214 0177 04       		.byte	0x4
 215 0178 0A       		.uleb128 0xa
 216 0179 CE000000 		.4byte	.LASF32
 217 017d 05       		.byte	0x5
 218 017e C7       		.byte	0xc7
 219 017f 12010000 		.4byte	0x112
 220 0183 08       		.byte	0x8
 221 0184 0A       		.uleb128 0xa
 222 0185 AC050000 		.4byte	.LASF33
 223 0189 05       		.byte	0x5
 224 018a C8       		.byte	0xc8
 225 018b 8B040000 		.4byte	0x48b
 226 018f 0C       		.byte	0xc
 227 0190 0A       		.uleb128 0xa
 228 0191 2C010000 		.4byte	.LASF34
ARM GAS  C:\Users\IDONNO~1\AppData\Local\Temp\ccecOMg6.s 			page 5


 229 0195 05       		.byte	0x5
 230 0196 CA       		.byte	0xca
 231 0197 64020000 		.4byte	0x264
 232 019b 10       		.byte	0x10
 233 019c 0A       		.uleb128 0xa
 234 019d 61020000 		.4byte	.LASF35
 235 01a1 05       		.byte	0x5
 236 01a2 CB       		.byte	0xcb
 237 01a3 64020000 		.4byte	0x264
 238 01a7 14       		.byte	0x14
 239 01a8 0A       		.uleb128 0xa
 240 01a9 8C050000 		.4byte	.LASF36
 241 01ad 05       		.byte	0x5
 242 01ae D2       		.byte	0xd2
 243 01af 9F000000 		.4byte	0x9f
 244 01b3 18       		.byte	0x18
 245 01b4 0A       		.uleb128 0xa
 246 01b5 04030000 		.4byte	.LASF37
 247 01b9 05       		.byte	0x5
 248 01ba DD       		.byte	0xdd
 249 01bb F1000000 		.4byte	0xf1
 250 01bf 1C       		.byte	0x1c
 251 01c0 0A       		.uleb128 0xa
 252 01c1 2B030000 		.4byte	.LASF38
 253 01c5 05       		.byte	0x5
 254 01c6 E1       		.byte	0xe1
 255 01c7 E6000000 		.4byte	0xe6
 256 01cb 1D       		.byte	0x1d
 257 01cc 0A       		.uleb128 0xa
 258 01cd 4C040000 		.4byte	.LASF39
 259 01d1 05       		.byte	0x5
 260 01d2 E6       		.byte	0xe6
 261 01d3 FC000000 		.4byte	0xfc
 262 01d7 1E       		.byte	0x1e
 263 01d8 0A       		.uleb128 0xa
 264 01d9 0C030000 		.4byte	.LASF40
 265 01dd 05       		.byte	0x5
 266 01de EC       		.byte	0xec
 267 01df 07010000 		.4byte	0x107
 268 01e3 1F       		.byte	0x1f
 269 01e4 0A       		.uleb128 0xa
 270 01e5 87010000 		.4byte	.LASF41
 271 01e9 05       		.byte	0x5
 272 01ea F3       		.byte	0xf3
 273 01eb D0060000 		.4byte	0x6d0
 274 01ef 20       		.byte	0x20
 275 01f0 0B       		.uleb128 0xb
 276 01f1 705F7500 		.ascii	"p_u\000"
 277 01f5 05       		.byte	0x5
 278 01f6 3101     		.2byte	0x131
 279 01f8 0B060000 		.4byte	0x60b
 280 01fc 24       		.byte	0x24
 281 01fd 0C       		.uleb128 0xc
 282 01fe 24020000 		.4byte	.LASF42
 283 0202 05       		.byte	0x5
 284 0203 3601     		.2byte	0x136
 285 0205 6A020000 		.4byte	0x26a
ARM GAS  C:\Users\IDONNO~1\AppData\Local\Temp\ccecOMg6.s 			page 6


 286 0209 28       		.byte	0x28
 287 020a 0C       		.uleb128 0xc
 288 020b 9E010000 		.4byte	.LASF43
 289 020f 05       		.byte	0x5
 290 0210 3C01     		.2byte	0x13c
 291 0212 8E020000 		.4byte	0x28e
 292 0216 2C       		.byte	0x2c
 293 0217 0C       		.uleb128 0xc
 294 0218 9E050000 		.4byte	.LASF44
 295 021c 05       		.byte	0x5
 296 021d 4001     		.2byte	0x140
 297 021f 1D010000 		.4byte	0x11d
 298 0223 34       		.byte	0x34
 299 0224 0C       		.uleb128 0xc
 300 0225 51030000 		.4byte	.LASF45
 301 0229 05       		.byte	0x5
 302 022a 4601     		.2byte	0x146
 303 022c 28010000 		.4byte	0x128
 304 0230 38       		.byte	0x38
 305 0231 0C       		.uleb128 0xc
 306 0232 F0020000 		.4byte	.LASF46
 307 0236 05       		.byte	0x5
 308 0237 4D01     		.2byte	0x14d
 309 0239 CA060000 		.4byte	0x6ca
 310 023d 3C       		.byte	0x3c
 311 023e 0C       		.uleb128 0xc
 312 023f B5030000 		.4byte	.LASF47
 313 0243 05       		.byte	0x5
 314 0244 5101     		.2byte	0x151
 315 0246 12010000 		.4byte	0x112
 316 024a 40       		.byte	0x40
 317 024b 0C       		.uleb128 0xc
 318 024c EF000000 		.4byte	.LASF48
 319 0250 05       		.byte	0x5
 320 0251 5801     		.2byte	0x158
 321 0253 96000000 		.4byte	0x96
 322 0257 44       		.byte	0x44
 323 0258 00       		.byte	0
 324 0259 04       		.uleb128 0x4
 325 025a 37020000 		.4byte	.LASF49
 326 025e 04       		.byte	0x4
 327 025f 44       		.byte	0x44
 328 0260 64020000 		.4byte	0x264
 329 0264 06       		.uleb128 0x6
 330 0265 04       		.byte	0x4
 331 0266 49010000 		.4byte	0x149
 332 026a 04       		.uleb128 0x4
 333 026b 15020000 		.4byte	.LASF50
 334 026f 04       		.byte	0x4
 335 0270 49       		.byte	0x49
 336 0271 75020000 		.4byte	0x275
 337 0275 09       		.uleb128 0x9
 338 0276 74030000 		.4byte	.LASF52
 339 027a 04       		.byte	0x4
 340 027b 05       		.byte	0x5
 341 027c B0       		.byte	0xb0
 342 027d 8E020000 		.4byte	0x28e
ARM GAS  C:\Users\IDONNO~1\AppData\Local\Temp\ccecOMg6.s 			page 7


 343 0281 0A       		.uleb128 0xa
 344 0282 24030000 		.4byte	.LASF30
 345 0286 05       		.byte	0x5
 346 0287 B1       		.byte	0xb1
 347 0288 64020000 		.4byte	0x264
 348 028c 00       		.byte	0
 349 028d 00       		.byte	0
 350 028e 04       		.uleb128 0x4
 351 028f 33040000 		.4byte	.LASF53
 352 0293 04       		.byte	0x4
 353 0294 50       		.byte	0x50
 354 0295 99020000 		.4byte	0x299
 355 0299 09       		.uleb128 0x9
 356 029a BD000000 		.4byte	.LASF54
 357 029e 08       		.byte	0x8
 358 029f 05       		.byte	0x5
 359 02a0 B7       		.byte	0xb7
 360 02a1 BE020000 		.4byte	0x2be
 361 02a5 0A       		.uleb128 0xa
 362 02a6 24030000 		.4byte	.LASF30
 363 02aa 05       		.byte	0x5
 364 02ab B8       		.byte	0xb8
 365 02ac 64020000 		.4byte	0x264
 366 02b0 00       		.byte	0
 367 02b1 0A       		.uleb128 0xa
 368 02b2 B5020000 		.4byte	.LASF31
 369 02b6 05       		.byte	0x5
 370 02b7 B9       		.byte	0xb9
 371 02b8 64020000 		.4byte	0x264
 372 02bc 04       		.byte	0x4
 373 02bd 00       		.byte	0
 374 02be 04       		.uleb128 0x4
 375 02bf 00000000 		.4byte	.LASF55
 376 02c3 04       		.byte	0x4
 377 02c4 57       		.byte	0x57
 378 02c5 C9020000 		.4byte	0x2c9
 379 02c9 0D       		.uleb128 0xd
 380 02ca E6010000 		.4byte	.LASF56
 381 02ce 1C       		.byte	0x1c
 382 02cf 05       		.byte	0x5
 383 02d0 9001     		.2byte	0x190
 384 02d2 25030000 		.4byte	0x325
 385 02d6 0C       		.uleb128 0xc
 386 02d7 6C030000 		.4byte	.LASF57
 387 02db 05       		.byte	0x5
 388 02dc 9101     		.2byte	0x191
 389 02de 8E020000 		.4byte	0x28e
 390 02e2 00       		.byte	0
 391 02e3 0C       		.uleb128 0xc
 392 02e4 16030000 		.4byte	.LASF58
 393 02e8 05       		.byte	0x5
 394 02e9 9201     		.2byte	0x192
 395 02eb 12010000 		.4byte	0x112
 396 02ef 08       		.byte	0x8
 397 02f0 0C       		.uleb128 0xc
 398 02f1 69020000 		.4byte	.LASF59
 399 02f5 05       		.byte	0x5
ARM GAS  C:\Users\IDONNO~1\AppData\Local\Temp\ccecOMg6.s 			page 8


 400 02f6 9401     		.2byte	0x194
 401 02f8 8B040000 		.4byte	0x48b
 402 02fc 0C       		.byte	0xc
 403 02fd 0C       		.uleb128 0xc
 404 02fe 3C010000 		.4byte	.LASF60
 405 0302 05       		.byte	0x5
 406 0303 9701     		.2byte	0x197
 407 0305 64020000 		.4byte	0x264
 408 0309 10       		.byte	0x10
 409 030a 0C       		.uleb128 0xc
 410 030b 8A020000 		.4byte	.LASF61
 411 030f 05       		.byte	0x5
 412 0310 9801     		.2byte	0x198
 413 0312 64020000 		.4byte	0x264
 414 0316 14       		.byte	0x14
 415 0317 0C       		.uleb128 0xc
 416 0318 80020000 		.4byte	.LASF62
 417 031c 05       		.byte	0x5
 418 031d 9B01     		.2byte	0x19b
 419 031f 64020000 		.4byte	0x264
 420 0323 18       		.byte	0x18
 421 0324 00       		.byte	0
 422 0325 04       		.uleb128 0x4
 423 0326 C0030000 		.4byte	.LASF63
 424 032a 04       		.byte	0x4
 425 032b 5C       		.byte	0x5c
 426 032c 30030000 		.4byte	0x330
 427 0330 06       		.uleb128 0x6
 428 0331 04       		.byte	0x4
 429 0332 36030000 		.4byte	0x336
 430 0336 0E       		.uleb128 0xe
 431 0337 41030000 		.4byte	0x341
 432 033b 0F       		.uleb128 0xf
 433 033c 96000000 		.4byte	0x96
 434 0340 00       		.byte	0
 435 0341 04       		.uleb128 0x4
 436 0342 A5020000 		.4byte	.LASF64
 437 0346 04       		.byte	0x4
 438 0347 61       		.byte	0x61
 439 0348 4C030000 		.4byte	0x34c
 440 034c 0D       		.uleb128 0xd
 441 034d 33030000 		.4byte	.LASF65
 442 0351 14       		.byte	0x14
 443 0352 05       		.byte	0x5
 444 0353 6B01     		.2byte	0x16b
 445 0355 9B030000 		.4byte	0x39b
 446 0359 0C       		.uleb128 0xc
 447 035a 7F010000 		.4byte	.LASF66
 448 035e 05       		.byte	0x5
 449 035f 6C01     		.2byte	0x16c
 450 0361 D5060000 		.4byte	0x6d5
 451 0365 00       		.byte	0
 452 0366 0C       		.uleb128 0xc
 453 0367 4D010000 		.4byte	.LASF67
 454 036b 05       		.byte	0x5
 455 036c 6D01     		.2byte	0x16d
 456 036e D5060000 		.4byte	0x6d5
ARM GAS  C:\Users\IDONNO~1\AppData\Local\Temp\ccecOMg6.s 			page 9


 457 0372 04       		.byte	0x4
 458 0373 0C       		.uleb128 0xc
 459 0374 95010000 		.4byte	.LASF68
 460 0378 05       		.byte	0x5
 461 0379 6E01     		.2byte	0x16e
 462 037b 3E010000 		.4byte	0x13e
 463 037f 08       		.byte	0x8
 464 0380 0C       		.uleb128 0xc
 465 0381 B2050000 		.4byte	.LASF69
 466 0385 05       		.byte	0x5
 467 0386 6F01     		.2byte	0x16f
 468 0388 25030000 		.4byte	0x325
 469 038c 0C       		.byte	0xc
 470 038d 0C       		.uleb128 0xc
 471 038e 2C040000 		.4byte	.LASF70
 472 0392 05       		.byte	0x5
 473 0393 7101     		.2byte	0x171
 474 0395 96000000 		.4byte	0x96
 475 0399 10       		.byte	0x10
 476 039a 00       		.byte	0
 477 039b 04       		.uleb128 0x4
 478 039c 9A000000 		.4byte	.LASF71
 479 03a0 04       		.byte	0x4
 480 03a1 66       		.byte	0x66
 481 03a2 A6030000 		.4byte	0x3a6
 482 03a6 0D       		.uleb128 0xd
 483 03a7 4A020000 		.4byte	.LASF72
 484 03ab 10       		.byte	0x10
 485 03ac 05       		.byte	0x5
 486 03ad 7B01     		.2byte	0x17b
 487 03af E8030000 		.4byte	0x3e8
 488 03b3 0C       		.uleb128 0xc
 489 03b4 7F010000 		.4byte	.LASF66
 490 03b8 05       		.byte	0x5
 491 03b9 7C01     		.2byte	0x17c
 492 03bb D5060000 		.4byte	0x6d5
 493 03bf 00       		.byte	0
 494 03c0 0C       		.uleb128 0xc
 495 03c1 4D010000 		.4byte	.LASF67
 496 03c5 05       		.byte	0x5
 497 03c6 7E01     		.2byte	0x17e
 498 03c8 D5060000 		.4byte	0x6d5
 499 03cc 04       		.byte	0x4
 500 03cd 0C       		.uleb128 0xc
 501 03ce 95010000 		.4byte	.LASF68
 502 03d2 05       		.byte	0x5
 503 03d3 8001     		.2byte	0x180
 504 03d5 3E010000 		.4byte	0x13e
 505 03d9 08       		.byte	0x8
 506 03da 0C       		.uleb128 0xc
 507 03db 93050000 		.4byte	.LASF73
 508 03df 05       		.byte	0x5
 509 03e0 8201     		.2byte	0x182
 510 03e2 D0060000 		.4byte	0x6d0
 511 03e6 0C       		.byte	0xc
 512 03e7 00       		.byte	0
 513 03e8 04       		.uleb128 0x4
ARM GAS  C:\Users\IDONNO~1\AppData\Local\Temp\ccecOMg6.s 			page 10


 514 03e9 39000000 		.4byte	.LASF74
 515 03ed 04       		.byte	0x4
 516 03ee 6B       		.byte	0x6b
 517 03ef F3030000 		.4byte	0x3f3
 518 03f3 0D       		.uleb128 0xd
 519 03f4 C4020000 		.4byte	.LASF75
 520 03f8 04       		.byte	0x4
 521 03f9 05       		.byte	0x5
 522 03fa A201     		.2byte	0x1a2
 523 03fc 0E040000 		.4byte	0x40e
 524 0400 0C       		.uleb128 0xc
 525 0401 D4030000 		.4byte	.LASF76
 526 0405 05       		.byte	0x5
 527 0406 AA01     		.2byte	0x1aa
 528 0408 DB060000 		.4byte	0x6db
 529 040c 00       		.byte	0
 530 040d 00       		.byte	0
 531 040e 04       		.uleb128 0x4
 532 040f D2010000 		.4byte	.LASF77
 533 0413 04       		.byte	0x4
 534 0414 70       		.byte	0x70
 535 0415 19040000 		.4byte	0x419
 536 0419 10       		.uleb128 0x10
 537 041a 10010000 		.4byte	.LASF78
 538 041e 5802     		.2byte	0x258
 539 0420 05       		.byte	0x5
 540 0421 C201     		.2byte	0x1c2
 541 0423 75040000 		.4byte	0x475
 542 0427 0C       		.uleb128 0xc
 543 0428 77050000 		.4byte	.LASF79
 544 042c 05       		.byte	0x5
 545 042d C601     		.2byte	0x1c6
 546 042f BE020000 		.4byte	0x2be
 547 0433 00       		.byte	0
 548 0434 0C       		.uleb128 0xc
 549 0435 FF000000 		.4byte	.LASF80
 550 0439 05       		.byte	0x5
 551 043a CA01     		.2byte	0x1ca
 552 043c 9B030000 		.4byte	0x39b
 553 0440 1C       		.byte	0x1c
 554 0441 0B       		.uleb128 0xb
 555 0442 64626700 		.ascii	"dbg\000"
 556 0446 05       		.byte	0x5
 557 0447 CE01     		.2byte	0x1ce
 558 0449 E8030000 		.4byte	0x3e8
 559 044d 2C       		.byte	0x2c
 560 044e 0C       		.uleb128 0xc
 561 044f 8F000000 		.4byte	.LASF81
 562 0453 05       		.byte	0x5
 563 0454 D201     		.2byte	0x1d2
 564 0456 49010000 		.4byte	0x149
 565 045a 30       		.byte	0x30
 566 045b 0B       		.uleb128 0xb
 567 045c 746D00   		.ascii	"tm\000"
 568 045f 05       		.byte	0x5
 569 0460 D701     		.2byte	0x1d7
 570 0462 00060000 		.4byte	0x600
ARM GAS  C:\Users\IDONNO~1\AppData\Local\Temp\ccecOMg6.s 			page 11


 571 0466 78       		.byte	0x78
 572 0467 0C       		.uleb128 0xc
 573 0468 5D010000 		.4byte	.LASF82
 574 046c 05       		.byte	0x5
 575 046d E301     		.2byte	0x1e3
 576 046f E0060000 		.4byte	0x6e0
 577 0473 80       		.byte	0x80
 578 0474 00       		.byte	0
 579 0475 04       		.uleb128 0x4
 580 0476 44010000 		.4byte	.LASF83
 581 047a 06       		.byte	0x6
 582 047b 65       		.byte	0x65
 583 047c 96000000 		.4byte	0x96
 584 0480 04       		.uleb128 0x4
 585 0481 0A020000 		.4byte	.LASF84
 586 0485 06       		.byte	0x6
 587 0486 6D       		.byte	0x6d
 588 0487 CB000000 		.4byte	0xcb
 589 048b 09       		.uleb128 0x9
 590 048c E5030000 		.4byte	.LASF85
 591 0490 04       		.byte	0x4
 592 0491 06       		.byte	0x6
 593 0492 89       		.byte	0x89
 594 0493 A4040000 		.4byte	0x4a4
 595 0497 11       		.uleb128 0x11
 596 0498 72313300 		.ascii	"r13\000"
 597 049c 06       		.byte	0x6
 598 049d 8A       		.byte	0x8a
 599 049e E5050000 		.4byte	0x5e5
 600 04a2 00       		.byte	0
 601 04a3 00       		.byte	0
 602 04a4 09       		.uleb128 0x9
 603 04a5 2D000000 		.4byte	.LASF86
 604 04a9 64       		.byte	0x64
 605 04aa 07       		.byte	0x7
 606 04ab F4       		.byte	0xf4
 607 04ac E5050000 		.4byte	0x5e5
 608 04b0 11       		.uleb128 0x11
 609 04b1 73313600 		.ascii	"s16\000"
 610 04b5 07       		.byte	0x7
 611 04b6 F6       		.byte	0xf6
 612 04b7 75040000 		.4byte	0x475
 613 04bb 00       		.byte	0
 614 04bc 11       		.uleb128 0x11
 615 04bd 73313700 		.ascii	"s17\000"
 616 04c1 07       		.byte	0x7
 617 04c2 F7       		.byte	0xf7
 618 04c3 75040000 		.4byte	0x475
 619 04c7 04       		.byte	0x4
 620 04c8 11       		.uleb128 0x11
 621 04c9 73313800 		.ascii	"s18\000"
 622 04cd 07       		.byte	0x7
 623 04ce F8       		.byte	0xf8
 624 04cf 75040000 		.4byte	0x475
 625 04d3 08       		.byte	0x8
 626 04d4 11       		.uleb128 0x11
 627 04d5 73313900 		.ascii	"s19\000"
ARM GAS  C:\Users\IDONNO~1\AppData\Local\Temp\ccecOMg6.s 			page 12


 628 04d9 07       		.byte	0x7
 629 04da F9       		.byte	0xf9
 630 04db 75040000 		.4byte	0x475
 631 04df 0C       		.byte	0xc
 632 04e0 11       		.uleb128 0x11
 633 04e1 73323000 		.ascii	"s20\000"
 634 04e5 07       		.byte	0x7
 635 04e6 FA       		.byte	0xfa
 636 04e7 75040000 		.4byte	0x475
 637 04eb 10       		.byte	0x10
 638 04ec 11       		.uleb128 0x11
 639 04ed 73323100 		.ascii	"s21\000"
 640 04f1 07       		.byte	0x7
 641 04f2 FB       		.byte	0xfb
 642 04f3 75040000 		.4byte	0x475
 643 04f7 14       		.byte	0x14
 644 04f8 11       		.uleb128 0x11
 645 04f9 73323200 		.ascii	"s22\000"
 646 04fd 07       		.byte	0x7
 647 04fe FC       		.byte	0xfc
 648 04ff 75040000 		.4byte	0x475
 649 0503 18       		.byte	0x18
 650 0504 11       		.uleb128 0x11
 651 0505 73323300 		.ascii	"s23\000"
 652 0509 07       		.byte	0x7
 653 050a FD       		.byte	0xfd
 654 050b 75040000 		.4byte	0x475
 655 050f 1C       		.byte	0x1c
 656 0510 11       		.uleb128 0x11
 657 0511 73323400 		.ascii	"s24\000"
 658 0515 07       		.byte	0x7
 659 0516 FE       		.byte	0xfe
 660 0517 75040000 		.4byte	0x475
 661 051b 20       		.byte	0x20
 662 051c 11       		.uleb128 0x11
 663 051d 73323500 		.ascii	"s25\000"
 664 0521 07       		.byte	0x7
 665 0522 FF       		.byte	0xff
 666 0523 75040000 		.4byte	0x475
 667 0527 24       		.byte	0x24
 668 0528 0B       		.uleb128 0xb
 669 0529 73323600 		.ascii	"s26\000"
 670 052d 07       		.byte	0x7
 671 052e 0001     		.2byte	0x100
 672 0530 75040000 		.4byte	0x475
 673 0534 28       		.byte	0x28
 674 0535 0B       		.uleb128 0xb
 675 0536 73323700 		.ascii	"s27\000"
 676 053a 07       		.byte	0x7
 677 053b 0101     		.2byte	0x101
 678 053d 75040000 		.4byte	0x475
 679 0541 2C       		.byte	0x2c
 680 0542 0B       		.uleb128 0xb
 681 0543 73323800 		.ascii	"s28\000"
 682 0547 07       		.byte	0x7
 683 0548 0201     		.2byte	0x102
 684 054a 75040000 		.4byte	0x475
ARM GAS  C:\Users\IDONNO~1\AppData\Local\Temp\ccecOMg6.s 			page 13


 685 054e 30       		.byte	0x30
 686 054f 0B       		.uleb128 0xb
 687 0550 73323900 		.ascii	"s29\000"
 688 0554 07       		.byte	0x7
 689 0555 0301     		.2byte	0x103
 690 0557 75040000 		.4byte	0x475
 691 055b 34       		.byte	0x34
 692 055c 0B       		.uleb128 0xb
 693 055d 73333000 		.ascii	"s30\000"
 694 0561 07       		.byte	0x7
 695 0562 0401     		.2byte	0x104
 696 0564 75040000 		.4byte	0x475
 697 0568 38       		.byte	0x38
 698 0569 0B       		.uleb128 0xb
 699 056a 73333100 		.ascii	"s31\000"
 700 056e 07       		.byte	0x7
 701 056f 0501     		.2byte	0x105
 702 0571 75040000 		.4byte	0x475
 703 0575 3C       		.byte	0x3c
 704 0576 0B       		.uleb128 0xb
 705 0577 723400   		.ascii	"r4\000"
 706 057a 07       		.byte	0x7
 707 057b 0701     		.2byte	0x107
 708 057d 75040000 		.4byte	0x475
 709 0581 40       		.byte	0x40
 710 0582 0B       		.uleb128 0xb
 711 0583 723500   		.ascii	"r5\000"
 712 0586 07       		.byte	0x7
 713 0587 0801     		.2byte	0x108
 714 0589 75040000 		.4byte	0x475
 715 058d 44       		.byte	0x44
 716 058e 0B       		.uleb128 0xb
 717 058f 723600   		.ascii	"r6\000"
 718 0592 07       		.byte	0x7
 719 0593 0901     		.2byte	0x109
 720 0595 75040000 		.4byte	0x475
 721 0599 48       		.byte	0x48
 722 059a 0B       		.uleb128 0xb
 723 059b 723700   		.ascii	"r7\000"
 724 059e 07       		.byte	0x7
 725 059f 0A01     		.2byte	0x10a
 726 05a1 75040000 		.4byte	0x475
 727 05a5 4C       		.byte	0x4c
 728 05a6 0B       		.uleb128 0xb
 729 05a7 723800   		.ascii	"r8\000"
 730 05aa 07       		.byte	0x7
 731 05ab 0B01     		.2byte	0x10b
 732 05ad 75040000 		.4byte	0x475
 733 05b1 50       		.byte	0x50
 734 05b2 0B       		.uleb128 0xb
 735 05b3 723900   		.ascii	"r9\000"
 736 05b6 07       		.byte	0x7
 737 05b7 0C01     		.2byte	0x10c
 738 05b9 75040000 		.4byte	0x475
 739 05bd 54       		.byte	0x54
 740 05be 0B       		.uleb128 0xb
 741 05bf 72313000 		.ascii	"r10\000"
ARM GAS  C:\Users\IDONNO~1\AppData\Local\Temp\ccecOMg6.s 			page 14


 742 05c3 07       		.byte	0x7
 743 05c4 0D01     		.2byte	0x10d
 744 05c6 75040000 		.4byte	0x475
 745 05ca 58       		.byte	0x58
 746 05cb 0B       		.uleb128 0xb
 747 05cc 72313100 		.ascii	"r11\000"
 748 05d0 07       		.byte	0x7
 749 05d1 0E01     		.2byte	0x10e
 750 05d3 75040000 		.4byte	0x475
 751 05d7 5C       		.byte	0x5c
 752 05d8 0B       		.uleb128 0xb
 753 05d9 6C7200   		.ascii	"lr\000"
 754 05dc 07       		.byte	0x7
 755 05dd 0F01     		.2byte	0x10f
 756 05df 75040000 		.4byte	0x475
 757 05e3 60       		.byte	0x60
 758 05e4 00       		.byte	0
 759 05e5 06       		.uleb128 0x6
 760 05e6 04       		.byte	0x4
 761 05e7 A4040000 		.4byte	0x4a4
 762 05eb 12       		.uleb128 0x12
 763 05ec 04       		.byte	0x4
 764 05ed 08       		.byte	0x8
 765 05ee 38       		.byte	0x38
 766 05ef 00060000 		.4byte	0x600
 767 05f3 0A       		.uleb128 0xa
 768 05f4 DE030000 		.4byte	.LASF87
 769 05f8 08       		.byte	0x8
 770 05f9 3C       		.byte	0x3c
 771 05fa DB000000 		.4byte	0xdb
 772 05fe 00       		.byte	0
 773 05ff 00       		.byte	0
 774 0600 04       		.uleb128 0x4
 775 0601 6F020000 		.4byte	.LASF88
 776 0605 08       		.byte	0x8
 777 0606 3D       		.byte	0x3d
 778 0607 EB050000 		.4byte	0x5eb
 779 060b 13       		.uleb128 0x13
 780 060c 04       		.byte	0x4
 781 060d 05       		.byte	0x5
 782 060e FA       		.byte	0xfa
 783 060f 68060000 		.4byte	0x668
 784 0613 14       		.uleb128 0x14
 785 0614 13000000 		.4byte	.LASF89
 786 0618 05       		.byte	0x5
 787 0619 0101     		.2byte	0x101
 788 061b 1D010000 		.4byte	0x11d
 789 061f 14       		.uleb128 0x14
 790 0620 86000000 		.4byte	.LASF90
 791 0624 05       		.byte	0x5
 792 0625 0801     		.2byte	0x108
 793 0627 1D010000 		.4byte	0x11d
 794 062b 14       		.uleb128 0x14
 795 062c 85050000 		.4byte	.LASF91
 796 0630 05       		.byte	0x5
 797 0631 0F01     		.2byte	0x10f
 798 0633 96000000 		.4byte	0x96
ARM GAS  C:\Users\IDONNO~1\AppData\Local\Temp\ccecOMg6.s 			page 15


 799 0637 14       		.uleb128 0x14
 800 0638 0D000000 		.4byte	.LASF92
 801 063c 05       		.byte	0x5
 802 063d 1601     		.2byte	0x116
 803 063f 68060000 		.4byte	0x668
 804 0643 14       		.uleb128 0x14
 805 0644 8E010000 		.4byte	.LASF93
 806 0648 05       		.byte	0x5
 807 0649 1E01     		.2byte	0x11e
 808 064b 93060000 		.4byte	0x693
 809 064f 14       		.uleb128 0x14
 810 0650 65030000 		.4byte	.LASF94
 811 0654 05       		.byte	0x5
 812 0655 2701     		.2byte	0x127
 813 0657 CA060000 		.4byte	0x6ca
 814 065b 14       		.uleb128 0x14
 815 065c 1D030000 		.4byte	.LASF95
 816 0660 05       		.byte	0x5
 817 0661 2F01     		.2byte	0x12f
 818 0663 28010000 		.4byte	0x128
 819 0667 00       		.byte	0
 820 0668 06       		.uleb128 0x6
 821 0669 04       		.byte	0x4
 822 066a 59020000 		.4byte	0x259
 823 066e 09       		.uleb128 0x9
 824 066f 44030000 		.4byte	.LASF96
 825 0673 0C       		.byte	0xc
 826 0674 09       		.byte	0x9
 827 0675 34       		.byte	0x34
 828 0676 93060000 		.4byte	0x693
 829 067a 0A       		.uleb128 0xa
 830 067b 34010000 		.4byte	.LASF97
 831 067f 09       		.byte	0x9
 832 0680 35       		.byte	0x35
 833 0681 8E020000 		.4byte	0x28e
 834 0685 00       		.byte	0
 835 0686 0A       		.uleb128 0xa
 836 0687 A9010000 		.4byte	.LASF98
 837 068b 09       		.byte	0x9
 838 068c 37       		.byte	0x37
 839 068d 33010000 		.4byte	0x133
 840 0691 08       		.byte	0x8
 841 0692 00       		.byte	0
 842 0693 06       		.uleb128 0x6
 843 0694 04       		.byte	0x4
 844 0695 6E060000 		.4byte	0x66e
 845 0699 09       		.uleb128 0x9
 846 069a 43040000 		.4byte	.LASF99
 847 069e 10       		.byte	0x10
 848 069f 0A       		.byte	0xa
 849 06a0 39       		.byte	0x39
 850 06a1 CA060000 		.4byte	0x6ca
 851 06a5 0A       		.uleb128 0xa
 852 06a6 F7000000 		.4byte	.LASF100
 853 06aa 0A       		.byte	0xa
 854 06ab 3A       		.byte	0x3a
 855 06ac 8E020000 		.4byte	0x28e
ARM GAS  C:\Users\IDONNO~1\AppData\Local\Temp\ccecOMg6.s 			page 16


 856 06b0 00       		.byte	0
 857 06b1 0A       		.uleb128 0xa
 858 06b2 A4050000 		.4byte	.LASF101
 859 06b6 0A       		.byte	0xa
 860 06b7 3C       		.byte	0x3c
 861 06b8 64020000 		.4byte	0x264
 862 06bc 08       		.byte	0x8
 863 06bd 0A       		.uleb128 0xa
 864 06be A4030000 		.4byte	.LASF102
 865 06c2 0A       		.byte	0xa
 866 06c3 3E       		.byte	0x3e
 867 06c4 FB060000 		.4byte	0x6fb
 868 06c8 0C       		.byte	0xc
 869 06c9 00       		.byte	0
 870 06ca 06       		.uleb128 0x6
 871 06cb 04       		.byte	0x4
 872 06cc 99060000 		.4byte	0x699
 873 06d0 08       		.uleb128 0x8
 874 06d1 3E010000 		.4byte	0x13e
 875 06d5 06       		.uleb128 0x6
 876 06d6 04       		.byte	0x4
 877 06d7 41030000 		.4byte	0x341
 878 06db 08       		.uleb128 0x8
 879 06dc 9F000000 		.4byte	0x9f
 880 06e0 15       		.uleb128 0x15
 881 06e1 80040000 		.4byte	0x480
 882 06e5 F0060000 		.4byte	0x6f0
 883 06e9 16       		.uleb128 0x16
 884 06ea 8F000000 		.4byte	0x8f
 885 06ee 3A       		.byte	0x3a
 886 06ef 00       		.byte	0
 887 06f0 04       		.uleb128 0x4
 888 06f1 55010000 		.4byte	.LASF103
 889 06f5 0A       		.byte	0xa
 890 06f6 34       		.byte	0x34
 891 06f7 99060000 		.4byte	0x699
 892 06fb 06       		.uleb128 0x6
 893 06fc 04       		.byte	0x4
 894 06fd F0060000 		.4byte	0x6f0
 895 0701 03       		.uleb128 0x3
 896 0702 01       		.byte	0x1
 897 0703 02       		.byte	0x2
 898 0704 D4020000 		.4byte	.LASF104
 899 0708 17       		.uleb128 0x17
 900 0709 B0000000 		.4byte	.LASF105
 901 070d 0B       		.byte	0xb
 902 070e A706     		.2byte	0x6a7
 903 0710 D6000000 		.4byte	0xd6
 904 0714 18       		.uleb128 0x18
 905 0715 636800   		.ascii	"ch\000"
 906 0718 05       		.byte	0x5
 907 0719 0902     		.2byte	0x209
 908 071b 0E040000 		.4byte	0x40e
 909 071f 00       		.byte	0
 910              		.section	.debug_abbrev,"",%progbits
 911              	.Ldebug_abbrev0:
 912 0000 01       		.uleb128 0x1
ARM GAS  C:\Users\IDONNO~1\AppData\Local\Temp\ccecOMg6.s 			page 17


 913 0001 11       		.uleb128 0x11
 914 0002 01       		.byte	0x1
 915 0003 25       		.uleb128 0x25
 916 0004 0E       		.uleb128 0xe
 917 0005 13       		.uleb128 0x13
 918 0006 0B       		.uleb128 0xb
 919 0007 03       		.uleb128 0x3
 920 0008 0E       		.uleb128 0xe
 921 0009 1B       		.uleb128 0x1b
 922 000a 0E       		.uleb128 0xe
 923 000b 10       		.uleb128 0x10
 924 000c 17       		.uleb128 0x17
 925 000d 00       		.byte	0
 926 000e 00       		.byte	0
 927 000f 02       		.uleb128 0x2
 928 0010 24       		.uleb128 0x24
 929 0011 00       		.byte	0
 930 0012 0B       		.uleb128 0xb
 931 0013 0B       		.uleb128 0xb
 932 0014 3E       		.uleb128 0x3e
 933 0015 0B       		.uleb128 0xb
 934 0016 03       		.uleb128 0x3
 935 0017 08       		.uleb128 0x8
 936 0018 00       		.byte	0
 937 0019 00       		.byte	0
 938 001a 03       		.uleb128 0x3
 939 001b 24       		.uleb128 0x24
 940 001c 00       		.byte	0
 941 001d 0B       		.uleb128 0xb
 942 001e 0B       		.uleb128 0xb
 943 001f 3E       		.uleb128 0x3e
 944 0020 0B       		.uleb128 0xb
 945 0021 03       		.uleb128 0x3
 946 0022 0E       		.uleb128 0xe
 947 0023 00       		.byte	0
 948 0024 00       		.byte	0
 949 0025 04       		.uleb128 0x4
 950 0026 16       		.uleb128 0x16
 951 0027 00       		.byte	0
 952 0028 03       		.uleb128 0x3
 953 0029 0E       		.uleb128 0xe
 954 002a 3A       		.uleb128 0x3a
 955 002b 0B       		.uleb128 0xb
 956 002c 3B       		.uleb128 0x3b
 957 002d 0B       		.uleb128 0xb
 958 002e 49       		.uleb128 0x49
 959 002f 13       		.uleb128 0x13
 960 0030 00       		.byte	0
 961 0031 00       		.byte	0
 962 0032 05       		.uleb128 0x5
 963 0033 0F       		.uleb128 0xf
 964 0034 00       		.byte	0
 965 0035 0B       		.uleb128 0xb
 966 0036 0B       		.uleb128 0xb
 967 0037 00       		.byte	0
 968 0038 00       		.byte	0
 969 0039 06       		.uleb128 0x6
ARM GAS  C:\Users\IDONNO~1\AppData\Local\Temp\ccecOMg6.s 			page 18


 970 003a 0F       		.uleb128 0xf
 971 003b 00       		.byte	0
 972 003c 0B       		.uleb128 0xb
 973 003d 0B       		.uleb128 0xb
 974 003e 49       		.uleb128 0x49
 975 003f 13       		.uleb128 0x13
 976 0040 00       		.byte	0
 977 0041 00       		.byte	0
 978 0042 07       		.uleb128 0x7
 979 0043 26       		.uleb128 0x26
 980 0044 00       		.byte	0
 981 0045 49       		.uleb128 0x49
 982 0046 13       		.uleb128 0x13
 983 0047 00       		.byte	0
 984 0048 00       		.byte	0
 985 0049 08       		.uleb128 0x8
 986 004a 35       		.uleb128 0x35
 987 004b 00       		.byte	0
 988 004c 49       		.uleb128 0x49
 989 004d 13       		.uleb128 0x13
 990 004e 00       		.byte	0
 991 004f 00       		.byte	0
 992 0050 09       		.uleb128 0x9
 993 0051 13       		.uleb128 0x13
 994 0052 01       		.byte	0x1
 995 0053 03       		.uleb128 0x3
 996 0054 0E       		.uleb128 0xe
 997 0055 0B       		.uleb128 0xb
 998 0056 0B       		.uleb128 0xb
 999 0057 3A       		.uleb128 0x3a
 1000 0058 0B       		.uleb128 0xb
 1001 0059 3B       		.uleb128 0x3b
 1002 005a 0B       		.uleb128 0xb
 1003 005b 01       		.uleb128 0x1
 1004 005c 13       		.uleb128 0x13
 1005 005d 00       		.byte	0
 1006 005e 00       		.byte	0
 1007 005f 0A       		.uleb128 0xa
 1008 0060 0D       		.uleb128 0xd
 1009 0061 00       		.byte	0
 1010 0062 03       		.uleb128 0x3
 1011 0063 0E       		.uleb128 0xe
 1012 0064 3A       		.uleb128 0x3a
 1013 0065 0B       		.uleb128 0xb
 1014 0066 3B       		.uleb128 0x3b
 1015 0067 0B       		.uleb128 0xb
 1016 0068 49       		.uleb128 0x49
 1017 0069 13       		.uleb128 0x13
 1018 006a 38       		.uleb128 0x38
 1019 006b 0B       		.uleb128 0xb
 1020 006c 00       		.byte	0
 1021 006d 00       		.byte	0
 1022 006e 0B       		.uleb128 0xb
 1023 006f 0D       		.uleb128 0xd
 1024 0070 00       		.byte	0
 1025 0071 03       		.uleb128 0x3
 1026 0072 08       		.uleb128 0x8
ARM GAS  C:\Users\IDONNO~1\AppData\Local\Temp\ccecOMg6.s 			page 19


 1027 0073 3A       		.uleb128 0x3a
 1028 0074 0B       		.uleb128 0xb
 1029 0075 3B       		.uleb128 0x3b
 1030 0076 05       		.uleb128 0x5
 1031 0077 49       		.uleb128 0x49
 1032 0078 13       		.uleb128 0x13
 1033 0079 38       		.uleb128 0x38
 1034 007a 0B       		.uleb128 0xb
 1035 007b 00       		.byte	0
 1036 007c 00       		.byte	0
 1037 007d 0C       		.uleb128 0xc
 1038 007e 0D       		.uleb128 0xd
 1039 007f 00       		.byte	0
 1040 0080 03       		.uleb128 0x3
 1041 0081 0E       		.uleb128 0xe
 1042 0082 3A       		.uleb128 0x3a
 1043 0083 0B       		.uleb128 0xb
 1044 0084 3B       		.uleb128 0x3b
 1045 0085 05       		.uleb128 0x5
 1046 0086 49       		.uleb128 0x49
 1047 0087 13       		.uleb128 0x13
 1048 0088 38       		.uleb128 0x38
 1049 0089 0B       		.uleb128 0xb
 1050 008a 00       		.byte	0
 1051 008b 00       		.byte	0
 1052 008c 0D       		.uleb128 0xd
 1053 008d 13       		.uleb128 0x13
 1054 008e 01       		.byte	0x1
 1055 008f 03       		.uleb128 0x3
 1056 0090 0E       		.uleb128 0xe
 1057 0091 0B       		.uleb128 0xb
 1058 0092 0B       		.uleb128 0xb
 1059 0093 3A       		.uleb128 0x3a
 1060 0094 0B       		.uleb128 0xb
 1061 0095 3B       		.uleb128 0x3b
 1062 0096 05       		.uleb128 0x5
 1063 0097 01       		.uleb128 0x1
 1064 0098 13       		.uleb128 0x13
 1065 0099 00       		.byte	0
 1066 009a 00       		.byte	0
 1067 009b 0E       		.uleb128 0xe
 1068 009c 15       		.uleb128 0x15
 1069 009d 01       		.byte	0x1
 1070 009e 27       		.uleb128 0x27
 1071 009f 19       		.uleb128 0x19
 1072 00a0 01       		.uleb128 0x1
 1073 00a1 13       		.uleb128 0x13
 1074 00a2 00       		.byte	0
 1075 00a3 00       		.byte	0
 1076 00a4 0F       		.uleb128 0xf
 1077 00a5 05       		.uleb128 0x5
 1078 00a6 00       		.byte	0
 1079 00a7 49       		.uleb128 0x49
 1080 00a8 13       		.uleb128 0x13
 1081 00a9 00       		.byte	0
 1082 00aa 00       		.byte	0
 1083 00ab 10       		.uleb128 0x10
ARM GAS  C:\Users\IDONNO~1\AppData\Local\Temp\ccecOMg6.s 			page 20


 1084 00ac 13       		.uleb128 0x13
 1085 00ad 01       		.byte	0x1
 1086 00ae 03       		.uleb128 0x3
 1087 00af 0E       		.uleb128 0xe
 1088 00b0 0B       		.uleb128 0xb
 1089 00b1 05       		.uleb128 0x5
 1090 00b2 3A       		.uleb128 0x3a
 1091 00b3 0B       		.uleb128 0xb
 1092 00b4 3B       		.uleb128 0x3b
 1093 00b5 05       		.uleb128 0x5
 1094 00b6 01       		.uleb128 0x1
 1095 00b7 13       		.uleb128 0x13
 1096 00b8 00       		.byte	0
 1097 00b9 00       		.byte	0
 1098 00ba 11       		.uleb128 0x11
 1099 00bb 0D       		.uleb128 0xd
 1100 00bc 00       		.byte	0
 1101 00bd 03       		.uleb128 0x3
 1102 00be 08       		.uleb128 0x8
 1103 00bf 3A       		.uleb128 0x3a
 1104 00c0 0B       		.uleb128 0xb
 1105 00c1 3B       		.uleb128 0x3b
 1106 00c2 0B       		.uleb128 0xb
 1107 00c3 49       		.uleb128 0x49
 1108 00c4 13       		.uleb128 0x13
 1109 00c5 38       		.uleb128 0x38
 1110 00c6 0B       		.uleb128 0xb
 1111 00c7 00       		.byte	0
 1112 00c8 00       		.byte	0
 1113 00c9 12       		.uleb128 0x12
 1114 00ca 13       		.uleb128 0x13
 1115 00cb 01       		.byte	0x1
 1116 00cc 0B       		.uleb128 0xb
 1117 00cd 0B       		.uleb128 0xb
 1118 00ce 3A       		.uleb128 0x3a
 1119 00cf 0B       		.uleb128 0xb
 1120 00d0 3B       		.uleb128 0x3b
 1121 00d1 0B       		.uleb128 0xb
 1122 00d2 01       		.uleb128 0x1
 1123 00d3 13       		.uleb128 0x13
 1124 00d4 00       		.byte	0
 1125 00d5 00       		.byte	0
 1126 00d6 13       		.uleb128 0x13
 1127 00d7 17       		.uleb128 0x17
 1128 00d8 01       		.byte	0x1
 1129 00d9 0B       		.uleb128 0xb
 1130 00da 0B       		.uleb128 0xb
 1131 00db 3A       		.uleb128 0x3a
 1132 00dc 0B       		.uleb128 0xb
 1133 00dd 3B       		.uleb128 0x3b
 1134 00de 0B       		.uleb128 0xb
 1135 00df 01       		.uleb128 0x1
 1136 00e0 13       		.uleb128 0x13
 1137 00e1 00       		.byte	0
 1138 00e2 00       		.byte	0
 1139 00e3 14       		.uleb128 0x14
 1140 00e4 0D       		.uleb128 0xd
ARM GAS  C:\Users\IDONNO~1\AppData\Local\Temp\ccecOMg6.s 			page 21


 1141 00e5 00       		.byte	0
 1142 00e6 03       		.uleb128 0x3
 1143 00e7 0E       		.uleb128 0xe
 1144 00e8 3A       		.uleb128 0x3a
 1145 00e9 0B       		.uleb128 0xb
 1146 00ea 3B       		.uleb128 0x3b
 1147 00eb 05       		.uleb128 0x5
 1148 00ec 49       		.uleb128 0x49
 1149 00ed 13       		.uleb128 0x13
 1150 00ee 00       		.byte	0
 1151 00ef 00       		.byte	0
 1152 00f0 15       		.uleb128 0x15
 1153 00f1 01       		.uleb128 0x1
 1154 00f2 01       		.byte	0x1
 1155 00f3 49       		.uleb128 0x49
 1156 00f4 13       		.uleb128 0x13
 1157 00f5 01       		.uleb128 0x1
 1158 00f6 13       		.uleb128 0x13
 1159 00f7 00       		.byte	0
 1160 00f8 00       		.byte	0
 1161 00f9 16       		.uleb128 0x16
 1162 00fa 21       		.uleb128 0x21
 1163 00fb 00       		.byte	0
 1164 00fc 49       		.uleb128 0x49
 1165 00fd 13       		.uleb128 0x13
 1166 00fe 2F       		.uleb128 0x2f
 1167 00ff 0B       		.uleb128 0xb
 1168 0100 00       		.byte	0
 1169 0101 00       		.byte	0
 1170 0102 17       		.uleb128 0x17
 1171 0103 34       		.uleb128 0x34
 1172 0104 00       		.byte	0
 1173 0105 03       		.uleb128 0x3
 1174 0106 0E       		.uleb128 0xe
 1175 0107 3A       		.uleb128 0x3a
 1176 0108 0B       		.uleb128 0xb
 1177 0109 3B       		.uleb128 0x3b
 1178 010a 05       		.uleb128 0x5
 1179 010b 49       		.uleb128 0x49
 1180 010c 13       		.uleb128 0x13
 1181 010d 3F       		.uleb128 0x3f
 1182 010e 19       		.uleb128 0x19
 1183 010f 3C       		.uleb128 0x3c
 1184 0110 19       		.uleb128 0x19
 1185 0111 00       		.byte	0
 1186 0112 00       		.byte	0
 1187 0113 18       		.uleb128 0x18
 1188 0114 34       		.uleb128 0x34
 1189 0115 00       		.byte	0
 1190 0116 03       		.uleb128 0x3
 1191 0117 08       		.uleb128 0x8
 1192 0118 3A       		.uleb128 0x3a
 1193 0119 0B       		.uleb128 0xb
 1194 011a 3B       		.uleb128 0x3b
 1195 011b 05       		.uleb128 0x5
 1196 011c 49       		.uleb128 0x49
 1197 011d 13       		.uleb128 0x13
ARM GAS  C:\Users\IDONNO~1\AppData\Local\Temp\ccecOMg6.s 			page 22


 1198 011e 3F       		.uleb128 0x3f
 1199 011f 19       		.uleb128 0x19
 1200 0120 3C       		.uleb128 0x3c
 1201 0121 19       		.uleb128 0x19
 1202 0122 00       		.byte	0
 1203 0123 00       		.byte	0
 1204 0124 00       		.byte	0
 1205              		.section	.debug_aranges,"",%progbits
 1206 0000 14000000 		.4byte	0x14
 1207 0004 0200     		.2byte	0x2
 1208 0006 00000000 		.4byte	.Ldebug_info0
 1209 000a 04       		.byte	0x4
 1210 000b 00       		.byte	0
 1211 000c 0000     		.2byte	0
 1212 000e 0000     		.2byte	0
 1213 0010 00000000 		.4byte	0
 1214 0014 00000000 		.4byte	0
 1215              		.section	.debug_line,"",%progbits
 1216              	.Ldebug_line0:
 1217 0000 F6010000 		.section	.debug_str,"MS",%progbits,1
 1217      0200F001 
 1217      00000201 
 1217      FB0E0D00 
 1217      01010101 
 1218              	.LASF55:
 1219 0000 72656164 		.ascii	"ready_list_t\000"
 1219      795F6C69 
 1219      73745F74 
 1219      00
 1220              	.LASF92:
 1221 000d 77747472 		.ascii	"wttrp\000"
 1221      7000
 1222              	.LASF89:
 1223 0013 7264796D 		.ascii	"rdymsg\000"
 1223      736700
 1224              	.LASF18:
 1225 001a 75696E74 		.ascii	"uint64_t\000"
 1225      36345F74 
 1225      00
 1226              	.LASF5:
 1227 0023 5F5F7569 		.ascii	"__uint8_t\000"
 1227      6E74385F 
 1227      7400
 1228              	.LASF86:
 1229 002d 706F7274 		.ascii	"port_intctx\000"
 1229      5F696E74 
 1229      63747800 
 1230              	.LASF74:
 1231 0039 73797374 		.ascii	"system_debug_t\000"
 1231      656D5F64 
 1231      65627567 
 1231      5F7400
 1232              	.LASF107:
 1233 0048 7372632F 		.ascii	"src/ChibiOS_3.0.2/os/hal/src/mmc_spi.c\000"
 1233      43686962 
 1233      694F535F 
 1233      332E302E 
ARM GAS  C:\Users\IDONNO~1\AppData\Local\Temp\ccecOMg6.s 			page 23


 1233      322F6F73 
 1234              	.LASF12:
 1235 006f 6C6F6E67 		.ascii	"long long unsigned int\000"
 1235      206C6F6E 
 1235      6720756E 
 1235      7369676E 
 1235      65642069 
 1236              	.LASF90:
 1237 0086 65786974 		.ascii	"exitcode\000"
 1237      636F6465 
 1237      00
 1238              	.LASF81:
 1239 008f 6D61696E 		.ascii	"mainthread\000"
 1239      74687265 
 1239      616400
 1240              	.LASF71:
 1241 009a 76697274 		.ascii	"virtual_timers_list_t\000"
 1241      75616C5F 
 1241      74696D65 
 1241      72735F6C 
 1241      6973745F 
 1242              	.LASF105:
 1243 00b0 49544D5F 		.ascii	"ITM_RxBuffer\000"
 1243      52784275 
 1243      66666572 
 1243      00
 1244              	.LASF54:
 1245 00bd 63685F74 		.ascii	"ch_threads_queue\000"
 1245      68726561 
 1245      64735F71 
 1245      75657565 
 1245      00
 1246              	.LASF32:
 1247 00ce 705F7072 		.ascii	"p_prio\000"
 1247      696F00
 1248              	.LASF10:
 1249 00d5 6C6F6E67 		.ascii	"long long int\000"
 1249      206C6F6E 
 1249      6720696E 
 1249      7400
 1250              	.LASF1:
 1251 00e3 7369676E 		.ascii	"signed char\000"
 1251      65642063 
 1251      68617200 
 1252              	.LASF48:
 1253 00ef 705F6D70 		.ascii	"p_mpool\000"
 1253      6F6F6C00 
 1254              	.LASF100:
 1255 00f7 6D5F7175 		.ascii	"m_queue\000"
 1255      65756500 
 1256              	.LASF80:
 1257 00ff 76746C69 		.ascii	"vtlist\000"
 1257      737400
 1258              	.LASF23:
 1259 0106 74736C69 		.ascii	"tslices_t\000"
 1259      6365735F 
 1259      7400
ARM GAS  C:\Users\IDONNO~1\AppData\Local\Temp\ccecOMg6.s 			page 24


 1260              	.LASF78:
 1261 0110 63685F73 		.ascii	"ch_system\000"
 1261      79737465 
 1261      6D00
 1262              	.LASF7:
 1263 011a 6C6F6E67 		.ascii	"long int\000"
 1263      20696E74 
 1263      00
 1264              	.LASF21:
 1265 0123 74737461 		.ascii	"tstate_t\000"
 1265      74655F74 
 1265      00
 1266              	.LASF34:
 1267 012c 705F6E65 		.ascii	"p_newer\000"
 1267      77657200 
 1268              	.LASF97:
 1269 0134 735F7175 		.ascii	"s_queue\000"
 1269      65756500 
 1270              	.LASF60:
 1271 013c 725F6E65 		.ascii	"r_newer\000"
 1271      77657200 
 1272              	.LASF83:
 1273 0144 72656761 		.ascii	"regarm_t\000"
 1273      726D5F74 
 1273      00
 1274              	.LASF67:
 1275 014d 76745F70 		.ascii	"vt_prev\000"
 1275      72657600 
 1276              	.LASF103:
 1277 0155 6D757465 		.ascii	"mutex_t\000"
 1277      785F7400 
 1278              	.LASF82:
 1279 015d 69646C65 		.ascii	"idle_thread_wa\000"
 1279      5F746872 
 1279      6561645F 
 1279      776100
 1280              	.LASF27:
 1281 016c 636E745F 		.ascii	"cnt_t\000"
 1281      7400
 1282              	.LASF0:
 1283 0172 756E7369 		.ascii	"unsigned int\000"
 1283      676E6564 
 1283      20696E74 
 1283      00
 1284              	.LASF66:
 1285 017f 76745F6E 		.ascii	"vt_next\000"
 1285      65787400 
 1286              	.LASF41:
 1287 0187 705F7469 		.ascii	"p_time\000"
 1287      6D6500
 1288              	.LASF93:
 1289 018e 77747365 		.ascii	"wtsemp\000"
 1289      6D7000
 1290              	.LASF68:
 1291 0195 76745F64 		.ascii	"vt_delta\000"
 1291      656C7461 
 1291      00
ARM GAS  C:\Users\IDONNO~1\AppData\Local\Temp\ccecOMg6.s 			page 25


 1292              	.LASF43:
 1293 019e 705F6D73 		.ascii	"p_msgqueue\000"
 1293      67717565 
 1293      756500
 1294              	.LASF98:
 1295 01a9 735F636E 		.ascii	"s_cnt\000"
 1295      7400
 1296              	.LASF4:
 1297 01af 73686F72 		.ascii	"short unsigned int\000"
 1297      7420756E 
 1297      7369676E 
 1297      65642069 
 1297      6E7400
 1298              	.LASF51:
 1299 01c2 63685F74 		.ascii	"ch_thread\000"
 1299      68726561 
 1299      6400
 1300              	.LASF25:
 1301 01cc 6D73675F 		.ascii	"msg_t\000"
 1301      7400
 1302              	.LASF77:
 1303 01d2 63685F73 		.ascii	"ch_system_t\000"
 1303      79737465 
 1303      6D5F7400 
 1304              	.LASF20:
 1305 01de 746D6F64 		.ascii	"tmode_t\000"
 1305      655F7400 
 1306              	.LASF56:
 1307 01e6 63685F72 		.ascii	"ch_ready_list\000"
 1307      65616479 
 1307      5F6C6973 
 1307      7400
 1308              	.LASF26:
 1309 01f4 6576656E 		.ascii	"eventmask_t\000"
 1309      746D6173 
 1309      6B5F7400 
 1310              	.LASF6:
 1311 0200 5F5F696E 		.ascii	"__int32_t\000"
 1311      7433325F 
 1311      7400
 1312              	.LASF84:
 1313 020a 73746B61 		.ascii	"stkalign_t\000"
 1313      6C69676E 
 1313      5F7400
 1314              	.LASF50:
 1315 0215 74687265 		.ascii	"threads_list_t\000"
 1315      6164735F 
 1315      6C697374 
 1315      5F7400
 1316              	.LASF42:
 1317 0224 705F7761 		.ascii	"p_waiting\000"
 1317      6974696E 
 1317      6700
 1318              	.LASF13:
 1319 022e 73697A65 		.ascii	"sizetype\000"
 1319      74797065 
 1319      00
ARM GAS  C:\Users\IDONNO~1\AppData\Local\Temp\ccecOMg6.s 			page 26


 1320              	.LASF49:
 1321 0237 74687265 		.ascii	"thread_reference_t\000"
 1321      61645F72 
 1321      65666572 
 1321      656E6365 
 1321      5F7400
 1322              	.LASF72:
 1323 024a 63685F76 		.ascii	"ch_virtual_timers_list\000"
 1323      69727475 
 1323      616C5F74 
 1323      696D6572 
 1323      735F6C69 
 1324              	.LASF35:
 1325 0261 705F6F6C 		.ascii	"p_older\000"
 1325      64657200 
 1326              	.LASF59:
 1327 0269 725F6374 		.ascii	"r_ctx\000"
 1327      7800
 1328              	.LASF88:
 1329 026f 746D5F63 		.ascii	"tm_calibration_t\000"
 1329      616C6962 
 1329      72617469 
 1329      6F6E5F74 
 1329      00
 1330              	.LASF62:
 1331 0280 725F6375 		.ascii	"r_current\000"
 1331      7272656E 
 1331      7400
 1332              	.LASF61:
 1333 028a 725F6F6C 		.ascii	"r_older\000"
 1333      64657200 
 1334              	.LASF11:
 1335 0292 5F5F7569 		.ascii	"__uint64_t\000"
 1335      6E743634 
 1335      5F7400
 1336              	.LASF22:
 1337 029d 74726566 		.ascii	"trefs_t\000"
 1337      735F7400 
 1338              	.LASF64:
 1339 02a5 76697274 		.ascii	"virtual_timer_t\000"
 1339      75616C5F 
 1339      74696D65 
 1339      725F7400 
 1340              	.LASF31:
 1341 02b5 705F7072 		.ascii	"p_prev\000"
 1341      657600
 1342              	.LASF24:
 1343 02bc 74707269 		.ascii	"tprio_t\000"
 1343      6F5F7400 
 1344              	.LASF75:
 1345 02c4 63685F73 		.ascii	"ch_system_debug\000"
 1345      79737465 
 1345      6D5F6465 
 1345      62756700 
 1346              	.LASF104:
 1347 02d4 5F426F6F 		.ascii	"_Bool\000"
 1347      6C00
ARM GAS  C:\Users\IDONNO~1\AppData\Local\Temp\ccecOMg6.s 			page 27


 1348              	.LASF16:
 1349 02da 696E7433 		.ascii	"int32_t\000"
 1349      325F7400 
 1350              	.LASF2:
 1351 02e2 756E7369 		.ascii	"unsigned char\000"
 1351      676E6564 
 1351      20636861 
 1351      7200
 1352              	.LASF46:
 1353 02f0 705F6D74 		.ascii	"p_mtxlist\000"
 1353      786C6973 
 1353      7400
 1354              	.LASF3:
 1355 02fa 73686F72 		.ascii	"short int\000"
 1355      7420696E 
 1355      7400
 1356              	.LASF37:
 1357 0304 705F7374 		.ascii	"p_state\000"
 1357      61746500 
 1358              	.LASF40:
 1359 030c 705F7072 		.ascii	"p_preempt\000"
 1359      65656D70 
 1359      7400
 1360              	.LASF58:
 1361 0316 725F7072 		.ascii	"r_prio\000"
 1361      696F00
 1362              	.LASF95:
 1363 031d 65776D61 		.ascii	"ewmask\000"
 1363      736B00
 1364              	.LASF30:
 1365 0324 705F6E65 		.ascii	"p_next\000"
 1365      787400
 1366              	.LASF38:
 1367 032b 705F666C 		.ascii	"p_flags\000"
 1367      61677300 
 1368              	.LASF65:
 1369 0333 63685F76 		.ascii	"ch_virtual_timer\000"
 1369      69727475 
 1369      616C5F74 
 1369      696D6572 
 1369      00
 1370              	.LASF96:
 1371 0344 63685F73 		.ascii	"ch_semaphore\000"
 1371      656D6170 
 1371      686F7265 
 1371      00
 1372              	.LASF45:
 1373 0351 705F6570 		.ascii	"p_epending\000"
 1373      656E6469 
 1373      6E6700
 1374              	.LASF17:
 1375 035c 75696E74 		.ascii	"uint32_t\000"
 1375      33325F74 
 1375      00
 1376              	.LASF94:
 1377 0365 77746D74 		.ascii	"wtmtxp\000"
 1377      787000
ARM GAS  C:\Users\IDONNO~1\AppData\Local\Temp\ccecOMg6.s 			page 28


 1378              	.LASF57:
 1379 036c 725F7175 		.ascii	"r_queue\000"
 1379      65756500 
 1380              	.LASF52:
 1381 0374 63685F74 		.ascii	"ch_threads_list\000"
 1381      68726561 
 1381      64735F6C 
 1381      69737400 
 1382              	.LASF9:
 1383 0384 6C6F6E67 		.ascii	"long unsigned int\000"
 1383      20756E73 
 1383      69676E65 
 1383      6420696E 
 1383      7400
 1384              	.LASF14:
 1385 0396 63686172 		.ascii	"char\000"
 1385      00
 1386              	.LASF29:
 1387 039b 74687265 		.ascii	"thread_t\000"
 1387      61645F74 
 1387      00
 1388              	.LASF102:
 1389 03a4 6D5F6E65 		.ascii	"m_next\000"
 1389      787400
 1390              	.LASF28:
 1391 03ab 73797374 		.ascii	"systime_t\000"
 1391      696D655F 
 1391      7400
 1392              	.LASF47:
 1393 03b5 705F7265 		.ascii	"p_realprio\000"
 1393      616C7072 
 1393      696F00
 1394              	.LASF63:
 1395 03c0 76746675 		.ascii	"vtfunc_t\000"
 1395      6E635F74 
 1395      00
 1396              	.LASF8:
 1397 03c9 5F5F7569 		.ascii	"__uint32_t\000"
 1397      6E743332 
 1397      5F7400
 1398              	.LASF76:
 1399 03d4 70616E69 		.ascii	"panic_msg\000"
 1399      635F6D73 
 1399      6700
 1400              	.LASF87:
 1401 03de 6F666673 		.ascii	"offset\000"
 1401      657400
 1402              	.LASF85:
 1403 03e5 636F6E74 		.ascii	"context\000"
 1403      65787400 
 1404              	.LASF19:
 1405 03ed 7274636E 		.ascii	"rtcnt_t\000"
 1405      745F7400 
 1406              	.LASF108:
 1407 03f5 443A5C67 		.ascii	"D:\\git\\oroca_bldc_dev\\oroca_bldc_fw\\oroca_bldc_"
 1407      69745C6F 
 1407      726F6361 
ARM GAS  C:\Users\IDONNO~1\AppData\Local\Temp\ccecOMg6.s 			page 29


 1407      5F626C64 
 1407      635F6465 
 1408 0424 63686962 		.ascii	"chibios\000"
 1408      696F7300 
 1409              	.LASF70:
 1410 042c 76745F70 		.ascii	"vt_par\000"
 1410      617200
 1411              	.LASF53:
 1412 0433 74687265 		.ascii	"threads_queue_t\000"
 1412      6164735F 
 1412      71756575 
 1412      655F7400 
 1413              	.LASF99:
 1414 0443 63685F6D 		.ascii	"ch_mutex\000"
 1414      75746578 
 1414      00
 1415              	.LASF39:
 1416 044c 705F7265 		.ascii	"p_refs\000"
 1416      667300
 1417              	.LASF106:
 1418 0453 474E5520 		.ascii	"GNU C99 5.4.1 20160919 (release) [ARM/embedded-5-br"
 1418      43393920 
 1418      352E342E 
 1418      31203230 
 1418      31363039 
 1419 0486 616E6368 		.ascii	"anch revision 240496] -mcpu=cortex-m4 -mfloat-abi=h"
 1419      20726576 
 1419      6973696F 
 1419      6E203234 
 1419      30343936 
 1420 04b9 61726420 		.ascii	"ard -mfpu=fpv4-sp-d16 -mno-thumb-interwork -mthumb "
 1420      2D6D6670 
 1420      753D6670 
 1420      76342D73 
 1420      702D6431 
 1421 04ec 2D676764 		.ascii	"-ggdb -O2 -std=gnu99 -fomit-frame-pointer -falign-f"
 1421      62202D4F 
 1421      32202D73 
 1421      74643D67 
 1421      6E753939 
 1422 051f 756E6374 		.ascii	"unctions=16 -ffunction-sections -fdata-sections -fn"
 1422      696F6E73 
 1422      3D313620 
 1422      2D666675 
 1422      6E637469 
 1423 0552 6F2D636F 		.ascii	"o-common -fsingle-precision-constant\000"
 1423      6D6D6F6E 
 1423      202D6673 
 1423      696E676C 
 1423      652D7072 
 1424              	.LASF79:
 1425 0577 726C6973 		.ascii	"rlist\000"
 1425      7400
 1426              	.LASF15:
 1427 057d 75696E74 		.ascii	"uint8_t\000"
 1427      385F7400 
 1428              	.LASF91:
ARM GAS  C:\Users\IDONNO~1\AppData\Local\Temp\ccecOMg6.s 			page 30


 1429 0585 77746F62 		.ascii	"wtobjp\000"
 1429      6A7000
 1430              	.LASF36:
 1431 058c 705F6E61 		.ascii	"p_name\000"
 1431      6D6500
 1432              	.LASF73:
 1433 0593 76745F73 		.ascii	"vt_systime\000"
 1433      79737469 
 1433      6D6500
 1434              	.LASF44:
 1435 059e 705F6D73 		.ascii	"p_msg\000"
 1435      6700
 1436              	.LASF101:
 1437 05a4 6D5F6F77 		.ascii	"m_owner\000"
 1437      6E657200 
 1438              	.LASF33:
 1439 05ac 705F6374 		.ascii	"p_ctx\000"
 1439      7800
 1440              	.LASF69:
 1441 05b2 76745F66 		.ascii	"vt_func\000"
 1441      756E6300 
 1442              		.ident	"GCC: (GNU Tools for ARM Embedded Processors) 5.4.1 20160919 (release) [ARM/embedded-5-bran
ARM GAS  C:\Users\IDONNO~1\AppData\Local\Temp\ccecOMg6.s 			page 31


DEFINED SYMBOLS
                            *ABS*:00000000 mmc_spi.c

NO UNDEFINED SYMBOLS
