ARM GAS  C:\Users\USER\AppData\Local\Temp\ccTjsbjM.s 			page 1


   1              		.cpu cortex-m4
   2              		.eabi_attribute 27, 1
   3              		.eabi_attribute 28, 1
   4              		.eabi_attribute 20, 1
   5              		.eabi_attribute 21, 1
   6              		.eabi_attribute 23, 3
   7              		.eabi_attribute 24, 1
   8              		.eabi_attribute 25, 1
   9              		.eabi_attribute 26, 1
  10              		.eabi_attribute 30, 2
  11              		.eabi_attribute 34, 1
  12              		.eabi_attribute 18, 4
  13              		.file	"stm32f4xx_exti.c"
  14              		.text
  15              	.Ltext0:
  16              		.cfi_sections	.debug_frame
  17              		.section	.text.EXTI_DeInit,"ax",%progbits
  18              		.align	1
  19              		.p2align 4,,15
  20              		.global	EXTI_DeInit
  21              		.arch armv7e-m
  22              		.syntax unified
  23              		.thumb
  24              		.thumb_func
  25              		.fpu fpv4-sp-d16
  26              		.type	EXTI_DeInit, %function
  27              	EXTI_DeInit:
  28              	.LFB112:
  29              		.file 1 "src/ChibiOS_3.0.2/ext/stdperiph_stm32f4/src/stm32f4xx_exti.c"
  30              		.loc 1 115 1 view -0
  31              		.cfi_startproc
  32              		@ args = 0, pretend = 0, frame = 0
  33              		@ frame_needed = 0, uses_anonymous_args = 0
  34              		@ link register save eliminated.
  35              		.loc 1 116 3 view .LVU1
  36              		.loc 1 116 13 is_stmt 0 view .LVU2
  37 0000 044B     		ldr	r3, .L3
  38              		.loc 1 120 12 view .LVU3
  39 0002 0549     		ldr	r1, .L3+4
  40              		.loc 1 116 13 view .LVU4
  41 0004 0022     		movs	r2, #0
  42 0006 1A60     		str	r2, [r3]
  43              		.loc 1 117 3 is_stmt 1 view .LVU5
  44              		.loc 1 117 13 is_stmt 0 view .LVU6
  45 0008 5A60     		str	r2, [r3, #4]
  46              		.loc 1 118 3 is_stmt 1 view .LVU7
  47              		.loc 1 118 14 is_stmt 0 view .LVU8
  48 000a 9A60     		str	r2, [r3, #8]
  49              		.loc 1 119 3 is_stmt 1 view .LVU9
  50              		.loc 1 119 14 is_stmt 0 view .LVU10
  51 000c DA60     		str	r2, [r3, #12]
  52              		.loc 1 120 3 is_stmt 1 view .LVU11
  53              		.loc 1 120 12 is_stmt 0 view .LVU12
  54 000e 5961     		str	r1, [r3, #20]
  55              		.loc 1 121 1 view .LVU13
  56 0010 7047     		bx	lr
  57              	.L4:
ARM GAS  C:\Users\USER\AppData\Local\Temp\ccTjsbjM.s 			page 2


  58 0012 00BF     		.align	2
  59              	.L3:
  60 0014 003C0140 		.word	1073822720
  61 0018 FFFF7F00 		.word	8388607
  62              		.cfi_endproc
  63              	.LFE112:
  64              		.size	EXTI_DeInit, .-EXTI_DeInit
  65              		.section	.text.EXTI_Init,"ax",%progbits
  66              		.align	1
  67              		.p2align 4,,15
  68              		.global	EXTI_Init
  69              		.syntax unified
  70              		.thumb
  71              		.thumb_func
  72              		.fpu fpv4-sp-d16
  73              		.type	EXTI_Init, %function
  74              	EXTI_Init:
  75              	.LVL0:
  76              	.LFB113:
  77              		.loc 1 131 1 is_stmt 1 view -0
  78              		.cfi_startproc
  79              		@ args = 0, pretend = 0, frame = 0
  80              		@ frame_needed = 0, uses_anonymous_args = 0
  81              		@ link register save eliminated.
  82              		.loc 1 132 3 view .LVU15
  83              		.loc 1 135 3 view .LVU16
  84              		.loc 1 136 3 view .LVU17
  85              		.loc 1 137 3 view .LVU18
  86              		.loc 1 138 3 view .LVU19
  87              		.loc 1 140 3 view .LVU20
  88              		.loc 1 142 3 view .LVU21
  89 0000 0379     		ldrb	r3, [r0, #4]	@ zero_extendqisi2
  90              		.loc 1 142 6 is_stmt 0 view .LVU22
  91 0002 8279     		ldrb	r2, [r0, #6]	@ zero_extendqisi2
  92              		.loc 1 131 1 view .LVU23
  93 0004 70B4     		push	{r4, r5, r6}
  94              		.cfi_def_cfa_offset 12
  95              		.cfi_offset 4, -12
  96              		.cfi_offset 5, -8
  97              		.cfi_offset 6, -4
  98 0006 0568     		ldr	r5, [r0]
  99 0008 03F18043 		add	r3, r3, #1073741824
 100 000c 03F59E33 		add	r3, r3, #80896
 101 0010 EC43     		mvns	r4, r5
 102              		.loc 1 142 6 view .LVU24
 103 0012 F2B1     		cbz	r2, .L6
 104              		.loc 1 145 5 is_stmt 1 view .LVU25
 105              		.loc 1 145 15 is_stmt 0 view .LVU26
 106 0014 154A     		ldr	r2, .L11
 107              		.loc 1 157 24 view .LVU27
 108 0016 4179     		ldrb	r1, [r0, #5]	@ zero_extendqisi2
 109              		.loc 1 145 15 view .LVU28
 110 0018 1668     		ldr	r6, [r2]
 111 001a 2640     		ands	r6, r6, r4
 112 001c 1660     		str	r6, [r2]
 113              		.loc 1 146 5 is_stmt 1 view .LVU29
 114              		.loc 1 146 15 is_stmt 0 view .LVU30
ARM GAS  C:\Users\USER\AppData\Local\Temp\ccTjsbjM.s 			page 3


 115 001e 5668     		ldr	r6, [r2, #4]
 116 0020 3440     		ands	r4, r4, r6
 117 0022 5460     		str	r4, [r2, #4]
 118              		.loc 1 148 5 is_stmt 1 view .LVU31
 119              	.LVL1:
 120              		.loc 1 150 5 view .LVU32
 121              		.loc 1 150 28 is_stmt 0 view .LVU33
 122 0024 1C68     		ldr	r4, [r3]
 123 0026 2543     		orrs	r5, r5, r4
 124 0028 1D60     		str	r5, [r3]
 125              		.loc 1 153 5 is_stmt 1 view .LVU34
 126              		.loc 1 153 35 is_stmt 0 view .LVU35
 127 002a 0068     		ldr	r0, [r0]
 128              	.LVL2:
 129              		.loc 1 153 16 view .LVU36
 130 002c 9468     		ldr	r4, [r2, #8]
 131              		.loc 1 153 19 view .LVU37
 132 002e C343     		mvns	r3, r0
 133              		.loc 1 153 16 view .LVU38
 134 0030 1C40     		ands	r4, r4, r3
 135 0032 9460     		str	r4, [r2, #8]
 136              		.loc 1 154 5 is_stmt 1 view .LVU39
 137              		.loc 1 154 16 is_stmt 0 view .LVU40
 138 0034 D468     		ldr	r4, [r2, #12]
 139              		.loc 1 157 8 view .LVU41
 140 0036 1029     		cmp	r1, #16
 141              		.loc 1 154 16 view .LVU42
 142 0038 03EA0403 		and	r3, r3, r4
 143 003c D360     		str	r3, [r2, #12]
 144              		.loc 1 157 5 is_stmt 1 view .LVU43
 145              		.loc 1 157 8 is_stmt 0 view .LVU44
 146 003e 0DD0     		beq	.L10
 147              		.loc 1 165 7 is_stmt 1 view .LVU45
 148              	.LVL3:
 149              		.loc 1 166 7 view .LVU46
 150              		.loc 1 168 7 view .LVU47
 151              		.loc 1 166 11 is_stmt 0 view .LVU48
 152 0040 01F18043 		add	r3, r1, #1073741824
 153 0044 03F59E33 		add	r3, r3, #80896
 154              		.loc 1 178 1 view .LVU49
 155 0048 70BC     		pop	{r4, r5, r6}
 156              		.cfi_remember_state
 157              		.cfi_restore 6
 158              		.cfi_restore 5
 159              		.cfi_restore 4
 160              		.cfi_def_cfa_offset 0
 161              		.loc 1 168 30 view .LVU50
 162 004a 1A68     		ldr	r2, [r3]
 163 004c 1043     		orrs	r0, r0, r2
 164 004e 1860     		str	r0, [r3]
 165              		.loc 1 178 1 view .LVU51
 166 0050 7047     		bx	lr
 167              	.LVL4:
 168              	.L6:
 169              		.cfi_restore_state
 170              		.loc 1 173 5 is_stmt 1 view .LVU52
 171              		.loc 1 176 5 view .LVU53
ARM GAS  C:\Users\USER\AppData\Local\Temp\ccTjsbjM.s 			page 4


 172              		.loc 1 176 28 is_stmt 0 view .LVU54
 173 0052 1A68     		ldr	r2, [r3]
 174 0054 1440     		ands	r4, r4, r2
 175 0056 1C60     		str	r4, [r3]
 176              		.loc 1 178 1 view .LVU55
 177 0058 70BC     		pop	{r4, r5, r6}
 178              		.cfi_remember_state
 179              		.cfi_restore 6
 180              		.cfi_restore 5
 181              		.cfi_restore 4
 182              		.cfi_def_cfa_offset 0
 183 005a 7047     		bx	lr
 184              	.LVL5:
 185              	.L10:
 186              		.cfi_restore_state
 187              		.loc 1 160 7 is_stmt 1 view .LVU56
 188              		.loc 1 160 18 is_stmt 0 view .LVU57
 189 005c 9368     		ldr	r3, [r2, #8]
 190 005e 0343     		orrs	r3, r3, r0
 191 0060 9360     		str	r3, [r2, #8]
 192              		.loc 1 161 7 is_stmt 1 view .LVU58
 193              		.loc 1 161 18 is_stmt 0 view .LVU59
 194 0062 D368     		ldr	r3, [r2, #12]
 195 0064 1843     		orrs	r0, r0, r3
 196 0066 D060     		str	r0, [r2, #12]
 197              		.loc 1 178 1 view .LVU60
 198 0068 70BC     		pop	{r4, r5, r6}
 199              		.cfi_restore 6
 200              		.cfi_restore 5
 201              		.cfi_restore 4
 202              		.cfi_def_cfa_offset 0
 203 006a 7047     		bx	lr
 204              	.L12:
 205              		.align	2
 206              	.L11:
 207 006c 003C0140 		.word	1073822720
 208              		.cfi_endproc
 209              	.LFE113:
 210              		.size	EXTI_Init, .-EXTI_Init
 211              		.section	.text.EXTI_StructInit,"ax",%progbits
 212              		.align	1
 213              		.p2align 4,,15
 214              		.global	EXTI_StructInit
 215              		.syntax unified
 216              		.thumb
 217              		.thumb_func
 218              		.fpu fpv4-sp-d16
 219              		.type	EXTI_StructInit, %function
 220              	EXTI_StructInit:
 221              	.LVL6:
 222              	.LFB114:
 223              		.loc 1 187 1 is_stmt 1 view -0
 224              		.cfi_startproc
 225              		@ args = 0, pretend = 0, frame = 0
 226              		@ frame_needed = 0, uses_anonymous_args = 0
 227              		@ link register save eliminated.
 228              		.loc 1 188 3 view .LVU62
ARM GAS  C:\Users\USER\AppData\Local\Temp\ccTjsbjM.s 			page 5


 229              		.loc 1 189 3 view .LVU63
 230              		.loc 1 190 3 view .LVU64
 231              		.loc 1 191 3 view .LVU65
 232              		.loc 1 188 30 is_stmt 0 view .LVU66
 233 0000 0023     		movs	r3, #0
 234              		.loc 1 189 30 view .LVU67
 235 0002 4FF44062 		mov	r2, #3072
 236 0006 8280     		strh	r2, [r0, #4]	@ movhi
 237              		.loc 1 188 30 view .LVU68
 238 0008 0360     		str	r3, [r0]
 239              		.loc 1 191 33 view .LVU69
 240 000a 8371     		strb	r3, [r0, #6]
 241              		.loc 1 192 1 view .LVU70
 242 000c 7047     		bx	lr
 243              		.cfi_endproc
 244              	.LFE114:
 245              		.size	EXTI_StructInit, .-EXTI_StructInit
 246 000e 00BF     		.section	.text.EXTI_GenerateSWInterrupt,"ax",%progbits
 247              		.align	1
 248              		.p2align 4,,15
 249              		.global	EXTI_GenerateSWInterrupt
 250              		.syntax unified
 251              		.thumb
 252              		.thumb_func
 253              		.fpu fpv4-sp-d16
 254              		.type	EXTI_GenerateSWInterrupt, %function
 255              	EXTI_GenerateSWInterrupt:
 256              	.LVL7:
 257              	.LFB115:
 258              		.loc 1 202 1 is_stmt 1 view -0
 259              		.cfi_startproc
 260              		@ args = 0, pretend = 0, frame = 0
 261              		@ frame_needed = 0, uses_anonymous_args = 0
 262              		@ link register save eliminated.
 263              		.loc 1 204 3 view .LVU72
 264              		.loc 1 206 3 view .LVU73
 265              		.loc 1 206 15 is_stmt 0 view .LVU74
 266 0000 024A     		ldr	r2, .L15
 267 0002 1369     		ldr	r3, [r2, #16]
 268 0004 1843     		orrs	r0, r0, r3
 269              	.LVL8:
 270              		.loc 1 206 15 view .LVU75
 271 0006 1061     		str	r0, [r2, #16]
 272              		.loc 1 207 1 view .LVU76
 273 0008 7047     		bx	lr
 274              	.L16:
 275 000a 00BF     		.align	2
 276              	.L15:
 277 000c 003C0140 		.word	1073822720
 278              		.cfi_endproc
 279              	.LFE115:
 280              		.size	EXTI_GenerateSWInterrupt, .-EXTI_GenerateSWInterrupt
 281              		.section	.text.EXTI_GetFlagStatus,"ax",%progbits
 282              		.align	1
 283              		.p2align 4,,15
 284              		.global	EXTI_GetFlagStatus
 285              		.syntax unified
ARM GAS  C:\Users\USER\AppData\Local\Temp\ccTjsbjM.s 			page 6


 286              		.thumb
 287              		.thumb_func
 288              		.fpu fpv4-sp-d16
 289              		.type	EXTI_GetFlagStatus, %function
 290              	EXTI_GetFlagStatus:
 291              	.LVL9:
 292              	.LFB116:
 293              		.loc 1 232 1 is_stmt 1 view -0
 294              		.cfi_startproc
 295              		@ args = 0, pretend = 0, frame = 0
 296              		@ frame_needed = 0, uses_anonymous_args = 0
 297              		@ link register save eliminated.
 298              		.loc 1 233 3 view .LVU78
 299              		.loc 1 235 3 view .LVU79
 300              		.loc 1 237 3 view .LVU80
 301              		.loc 1 237 12 is_stmt 0 view .LVU81
 302 0000 034B     		ldr	r3, .L18
 303 0002 5B69     		ldr	r3, [r3, #20]
 304              	.LVL10:
 305              		.loc 1 245 3 is_stmt 1 view .LVU82
 306              		.loc 1 237 6 is_stmt 0 view .LVU83
 307 0004 0342     		tst	r3, r0
 308              		.loc 1 246 1 view .LVU84
 309 0006 14BF     		ite	ne
 310 0008 0120     		movne	r0, #1
 311              	.LVL11:
 312              		.loc 1 246 1 view .LVU85
 313 000a 0020     		moveq	r0, #0
 314 000c 7047     		bx	lr
 315              	.L19:
 316 000e 00BF     		.align	2
 317              	.L18:
 318 0010 003C0140 		.word	1073822720
 319              		.cfi_endproc
 320              	.LFE116:
 321              		.size	EXTI_GetFlagStatus, .-EXTI_GetFlagStatus
 322              		.section	.text.EXTI_ClearFlag,"ax",%progbits
 323              		.align	1
 324              		.p2align 4,,15
 325              		.global	EXTI_ClearFlag
 326              		.syntax unified
 327              		.thumb
 328              		.thumb_func
 329              		.fpu fpv4-sp-d16
 330              		.type	EXTI_ClearFlag, %function
 331              	EXTI_ClearFlag:
 332              	.LVL12:
 333              	.LFB117:
 334              		.loc 1 255 1 is_stmt 1 view -0
 335              		.cfi_startproc
 336              		@ args = 0, pretend = 0, frame = 0
 337              		@ frame_needed = 0, uses_anonymous_args = 0
 338              		@ link register save eliminated.
 339              		.loc 1 257 3 view .LVU87
 340              		.loc 1 259 3 view .LVU88
 341              		.loc 1 259 12 is_stmt 0 view .LVU89
 342 0000 014B     		ldr	r3, .L21
ARM GAS  C:\Users\USER\AppData\Local\Temp\ccTjsbjM.s 			page 7


 343 0002 5861     		str	r0, [r3, #20]
 344              		.loc 1 260 1 view .LVU90
 345 0004 7047     		bx	lr
 346              	.L22:
 347 0006 00BF     		.align	2
 348              	.L21:
 349 0008 003C0140 		.word	1073822720
 350              		.cfi_endproc
 351              	.LFE117:
 352              		.size	EXTI_ClearFlag, .-EXTI_ClearFlag
 353              		.section	.text.EXTI_GetITStatus,"ax",%progbits
 354              		.align	1
 355              		.p2align 4,,15
 356              		.global	EXTI_GetITStatus
 357              		.syntax unified
 358              		.thumb
 359              		.thumb_func
 360              		.fpu fpv4-sp-d16
 361              		.type	EXTI_GetITStatus, %function
 362              	EXTI_GetITStatus:
 363              	.LFB121:
 364              		.cfi_startproc
 365              		@ args = 0, pretend = 0, frame = 0
 366              		@ frame_needed = 0, uses_anonymous_args = 0
 367              		@ link register save eliminated.
 368 0000 FFF7FEBF 		b	EXTI_GetFlagStatus
 369              		.cfi_endproc
 370              	.LFE121:
 371              		.size	EXTI_GetITStatus, .-EXTI_GetITStatus
 372              		.section	.text.EXTI_ClearITPendingBit,"ax",%progbits
 373              		.align	1
 374              		.p2align 4,,15
 375              		.global	EXTI_ClearITPendingBit
 376              		.syntax unified
 377              		.thumb
 378              		.thumb_func
 379              		.fpu fpv4-sp-d16
 380              		.type	EXTI_ClearITPendingBit, %function
 381              	EXTI_ClearITPendingBit:
 382              	.LFB123:
 383              		.cfi_startproc
 384              		@ args = 0, pretend = 0, frame = 0
 385              		@ frame_needed = 0, uses_anonymous_args = 0
 386              		@ link register save eliminated.
 387 0000 014B     		ldr	r3, .L25
 388 0002 5861     		str	r0, [r3, #20]
 389 0004 7047     		bx	lr
 390              	.L26:
 391 0006 00BF     		.align	2
 392              	.L25:
 393 0008 003C0140 		.word	1073822720
 394              		.cfi_endproc
 395              	.LFE123:
 396              		.size	EXTI_ClearITPendingBit, .-EXTI_ClearITPendingBit
 397              		.text
 398              	.Letext0:
 399              		.file 2 "c:\\program files (x86)\\gnu tools arm embedded\\8 2018-q4-major\\arm-none-eabi\\include\
ARM GAS  C:\Users\USER\AppData\Local\Temp\ccTjsbjM.s 			page 8


 400              		.file 3 "c:\\program files (x86)\\gnu tools arm embedded\\8 2018-q4-major\\arm-none-eabi\\include\
 401              		.file 4 "src/ChibiOS_3.0.2/os/ext/CMSIS/include/core_cm4.h"
 402              		.file 5 "src/ChibiOS_3.0.2/os/ext/CMSIS/ST/system_stm32f4xx.h"
 403              		.file 6 "src/ChibiOS_3.0.2/os/ext/CMSIS/ST/stm32f407xx.h"
 404              		.file 7 "src/ChibiOS_3.0.2/os/ext/CMSIS/ST/stm32f4xx.h"
 405              		.file 8 "src/ChibiOS_3.0.2/ext/stdperiph_stm32f4/inc/stm32f4xx_exti.h"
 406              		.section	.debug_info,"",%progbits
 407              	.Ldebug_info0:
 408 0000 80030000 		.4byte	0x380
 409 0004 0400     		.2byte	0x4
 410 0006 00000000 		.4byte	.Ldebug_abbrev0
 411 000a 04       		.byte	0x4
 412 000b 01       		.uleb128 0x1
 413 000c CB000000 		.4byte	.LASF44
 414 0010 0C       		.byte	0xc
 415 0011 21030000 		.4byte	.LASF45
 416 0015 61000000 		.4byte	.LASF46
 417 0019 00000000 		.4byte	.Ldebug_ranges0+0
 418 001d 00000000 		.4byte	0
 419 0021 00000000 		.4byte	.Ldebug_line0
 420 0025 02       		.uleb128 0x2
 421 0026 01       		.byte	0x1
 422 0027 06       		.byte	0x6
 423 0028 5E030000 		.4byte	.LASF0
 424 002c 02       		.uleb128 0x2
 425 002d 01       		.byte	0x1
 426 002e 08       		.byte	0x8
 427 002f 35020000 		.4byte	.LASF1
 428 0033 02       		.uleb128 0x2
 429 0034 02       		.byte	0x2
 430 0035 05       		.byte	0x5
 431 0036 CD030000 		.4byte	.LASF2
 432 003a 02       		.uleb128 0x2
 433 003b 02       		.byte	0x2
 434 003c 07       		.byte	0x7
 435 003d F1030000 		.4byte	.LASF3
 436 0041 03       		.uleb128 0x3
 437 0042 37000000 		.4byte	.LASF5
 438 0046 02       		.byte	0x2
 439 0047 4D       		.byte	0x4d
 440 0048 18       		.byte	0x18
 441 0049 4D000000 		.4byte	0x4d
 442 004d 02       		.uleb128 0x2
 443 004e 04       		.byte	0x4
 444 004f 05       		.byte	0x5
 445 0050 E0030000 		.4byte	.LASF4
 446 0054 03       		.uleb128 0x3
 447 0055 A5020000 		.4byte	.LASF6
 448 0059 02       		.byte	0x2
 449 005a 4F       		.byte	0x4f
 450 005b 19       		.byte	0x19
 451 005c 60000000 		.4byte	0x60
 452 0060 02       		.uleb128 0x2
 453 0061 04       		.byte	0x4
 454 0062 07       		.byte	0x7
 455 0063 5D020000 		.4byte	.LASF7
 456 0067 02       		.uleb128 0x2
ARM GAS  C:\Users\USER\AppData\Local\Temp\ccTjsbjM.s 			page 9


 457 0068 08       		.byte	0x8
 458 0069 05       		.byte	0x5
 459 006a 87030000 		.4byte	.LASF8
 460 006e 02       		.uleb128 0x2
 461 006f 08       		.byte	0x8
 462 0070 07       		.byte	0x7
 463 0071 0A030000 		.4byte	.LASF9
 464 0075 04       		.uleb128 0x4
 465 0076 04       		.byte	0x4
 466 0077 05       		.byte	0x5
 467 0078 696E7400 		.ascii	"int\000"
 468 007c 02       		.uleb128 0x2
 469 007d 04       		.byte	0x4
 470 007e 07       		.byte	0x7
 471 007f E0020000 		.4byte	.LASF10
 472 0083 03       		.uleb128 0x3
 473 0084 7F030000 		.4byte	.LASF11
 474 0088 03       		.byte	0x3
 475 0089 2C       		.byte	0x2c
 476 008a 13       		.byte	0x13
 477 008b 41000000 		.4byte	0x41
 478 008f 05       		.uleb128 0x5
 479 0090 83000000 		.4byte	0x83
 480 0094 03       		.uleb128 0x3
 481 0095 D7030000 		.4byte	.LASF12
 482 0099 03       		.byte	0x3
 483 009a 30       		.byte	0x30
 484 009b 14       		.byte	0x14
 485 009c 54000000 		.4byte	0x54
 486 00a0 05       		.uleb128 0x5
 487 00a1 94000000 		.4byte	0x94
 488 00a5 06       		.uleb128 0x6
 489 00a6 93020000 		.4byte	.LASF13
 490 00aa 04       		.byte	0x4
 491 00ab A706     		.2byte	0x6a7
 492 00ad 19       		.byte	0x19
 493 00ae 8F000000 		.4byte	0x8f
 494 00b2 07       		.uleb128 0x7
 495 00b3 95030000 		.4byte	.LASF14
 496 00b7 05       		.byte	0x5
 497 00b8 4C       		.byte	0x4c
 498 00b9 11       		.byte	0x11
 499 00ba 94000000 		.4byte	0x94
 500 00be 08       		.uleb128 0x8
 501 00bf 18       		.byte	0x18
 502 00c0 06       		.byte	0x6
 503 00c1 CC01     		.2byte	0x1cc
 504 00c3 09       		.byte	0x9
 505 00c4 1C010000 		.4byte	0x11c
 506 00c8 09       		.uleb128 0x9
 507 00c9 494D5200 		.ascii	"IMR\000"
 508 00cd 06       		.byte	0x6
 509 00ce CE01     		.2byte	0x1ce
 510 00d0 11       		.byte	0x11
 511 00d1 A0000000 		.4byte	0xa0
 512 00d5 00       		.byte	0
 513 00d6 09       		.uleb128 0x9
ARM GAS  C:\Users\USER\AppData\Local\Temp\ccTjsbjM.s 			page 10


 514 00d7 454D5200 		.ascii	"EMR\000"
 515 00db 06       		.byte	0x6
 516 00dc CF01     		.2byte	0x1cf
 517 00de 11       		.byte	0x11
 518 00df A0000000 		.4byte	0xa0
 519 00e3 04       		.byte	0x4
 520 00e4 0A       		.uleb128 0xa
 521 00e5 A0020000 		.4byte	.LASF15
 522 00e9 06       		.byte	0x6
 523 00ea D001     		.2byte	0x1d0
 524 00ec 11       		.byte	0x11
 525 00ed A0000000 		.4byte	0xa0
 526 00f1 08       		.byte	0x8
 527 00f2 0A       		.uleb128 0xa
 528 00f3 2A040000 		.4byte	.LASF16
 529 00f7 06       		.byte	0x6
 530 00f8 D101     		.2byte	0x1d1
 531 00fa 11       		.byte	0x11
 532 00fb A0000000 		.4byte	0xa0
 533 00ff 0C       		.byte	0xc
 534 0100 0A       		.uleb128 0xa
 535 0101 18040000 		.4byte	.LASF17
 536 0105 06       		.byte	0x6
 537 0106 D201     		.2byte	0x1d2
 538 0108 11       		.byte	0x11
 539 0109 A0000000 		.4byte	0xa0
 540 010d 10       		.byte	0x10
 541 010e 09       		.uleb128 0x9
 542 010f 505200   		.ascii	"PR\000"
 543 0112 06       		.byte	0x6
 544 0113 D301     		.2byte	0x1d3
 545 0115 11       		.byte	0x11
 546 0116 A0000000 		.4byte	0xa0
 547 011a 14       		.byte	0x14
 548 011b 00       		.byte	0
 549 011c 0B       		.uleb128 0xb
 550 011d 86020000 		.4byte	.LASF18
 551 0121 06       		.byte	0x6
 552 0122 D401     		.2byte	0x1d4
 553 0124 03       		.byte	0x3
 554 0125 BE000000 		.4byte	0xbe
 555 0129 0C       		.uleb128 0xc
 556 012a 07       		.byte	0x7
 557 012b 01       		.byte	0x1
 558 012c 2C000000 		.4byte	0x2c
 559 0130 07       		.byte	0x7
 560 0131 A2       		.byte	0xa2
 561 0132 01       		.byte	0x1
 562 0133 44010000 		.4byte	0x144
 563 0137 0D       		.uleb128 0xd
 564 0138 6F020000 		.4byte	.LASF19
 565 013c 00       		.byte	0
 566 013d 0E       		.uleb128 0xe
 567 013e 53455400 		.ascii	"SET\000"
 568 0142 01       		.byte	0x1
 569 0143 00       		.byte	0
 570 0144 03       		.uleb128 0x3
ARM GAS  C:\Users\USER\AppData\Local\Temp\ccTjsbjM.s 			page 11


 571 0145 43020000 		.4byte	.LASF20
 572 0149 07       		.byte	0x7
 573 014a A5       		.byte	0xa5
 574 014b 03       		.byte	0x3
 575 014c 29010000 		.4byte	0x129
 576 0150 03       		.uleb128 0x3
 577 0151 14000000 		.4byte	.LASF21
 578 0155 07       		.byte	0x7
 579 0156 A5       		.byte	0xa5
 580 0157 0F       		.byte	0xf
 581 0158 29010000 		.4byte	0x129
 582 015c 0C       		.uleb128 0xc
 583 015d 07       		.byte	0x7
 584 015e 01       		.byte	0x1
 585 015f 2C000000 		.4byte	0x2c
 586 0163 07       		.byte	0x7
 587 0164 A8       		.byte	0xa8
 588 0165 01       		.byte	0x1
 589 0166 77010000 		.4byte	0x177
 590 016a 0D       		.uleb128 0xd
 591 016b E9030000 		.4byte	.LASF22
 592 016f 00       		.byte	0
 593 0170 0D       		.uleb128 0xd
 594 0171 1A020000 		.4byte	.LASF23
 595 0175 01       		.byte	0x1
 596 0176 00       		.byte	0
 597 0177 03       		.uleb128 0x3
 598 0178 98000000 		.4byte	.LASF24
 599 017c 07       		.byte	0x7
 600 017d AB       		.byte	0xab
 601 017e 03       		.byte	0x3
 602 017f 5C010000 		.4byte	0x15c
 603 0183 0C       		.uleb128 0xc
 604 0184 07       		.byte	0x7
 605 0185 01       		.byte	0x1
 606 0186 2C000000 		.4byte	0x2c
 607 018a 08       		.byte	0x8
 608 018b 37       		.byte	0x37
 609 018c 01       		.byte	0x1
 610 018d 9E010000 		.4byte	0x19e
 611 0191 0D       		.uleb128 0xd
 612 0192 21020000 		.4byte	.LASF25
 613 0196 00       		.byte	0
 614 0197 0D       		.uleb128 0xd
 615 0198 51000000 		.4byte	.LASF26
 616 019c 04       		.byte	0x4
 617 019d 00       		.byte	0
 618 019e 03       		.uleb128 0x3
 619 019f 75020000 		.4byte	.LASF27
 620 01a3 08       		.byte	0x8
 621 01a4 3A       		.byte	0x3a
 622 01a5 02       		.byte	0x2
 623 01a6 83010000 		.4byte	0x183
 624 01aa 0C       		.uleb128 0xc
 625 01ab 07       		.byte	0x7
 626 01ac 01       		.byte	0x1
 627 01ad 2C000000 		.4byte	0x2c
ARM GAS  C:\Users\USER\AppData\Local\Temp\ccTjsbjM.s 			page 12


 628 01b1 08       		.byte	0x8
 629 01b2 43       		.byte	0x43
 630 01b3 01       		.byte	0x1
 631 01b4 CB010000 		.4byte	0x1cb
 632 01b8 0D       		.uleb128 0xd
 633 01b9 B0020000 		.4byte	.LASF28
 634 01bd 08       		.byte	0x8
 635 01be 0D       		.uleb128 0xd
 636 01bf 6A030000 		.4byte	.LASF29
 637 01c3 0C       		.byte	0xc
 638 01c4 0D       		.uleb128 0xd
 639 01c5 C4020000 		.4byte	.LASF30
 640 01c9 10       		.byte	0x10
 641 01ca 00       		.byte	0
 642 01cb 03       		.uleb128 0x3
 643 01cc 04040000 		.4byte	.LASF31
 644 01d0 08       		.byte	0x8
 645 01d1 47       		.byte	0x47
 646 01d2 02       		.byte	0x2
 647 01d3 AA010000 		.4byte	0x1aa
 648 01d7 0F       		.uleb128 0xf
 649 01d8 08       		.byte	0x8
 650 01d9 08       		.byte	0x8
 651 01da 50       		.byte	0x50
 652 01db 09       		.byte	0x9
 653 01dc 15020000 		.4byte	0x215
 654 01e0 10       		.uleb128 0x10
 655 01e1 00000000 		.4byte	.LASF32
 656 01e5 08       		.byte	0x8
 657 01e6 52       		.byte	0x52
 658 01e7 0C       		.byte	0xc
 659 01e8 94000000 		.4byte	0x94
 660 01ec 00       		.byte	0
 661 01ed 10       		.uleb128 0x10
 662 01ee 0A000000 		.4byte	.LASF33
 663 01f2 08       		.byte	0x8
 664 01f3 55       		.byte	0x55
 665 01f4 14       		.byte	0x14
 666 01f5 9E010000 		.4byte	0x19e
 667 01f9 04       		.byte	0x4
 668 01fa 10       		.uleb128 0x10
 669 01fb 2A000000 		.4byte	.LASF34
 670 01ff 08       		.byte	0x8
 671 0200 58       		.byte	0x58
 672 0201 17       		.byte	0x17
 673 0202 CB010000 		.4byte	0x1cb
 674 0206 05       		.byte	0x5
 675 0207 10       		.uleb128 0x10
 676 0208 1D000000 		.4byte	.LASF35
 677 020c 08       		.byte	0x8
 678 020d 5B       		.byte	0x5b
 679 020e 13       		.byte	0x13
 680 020f 77010000 		.4byte	0x177
 681 0213 06       		.byte	0x6
 682 0214 00       		.byte	0
 683 0215 03       		.uleb128 0x3
 684 0216 F9010000 		.4byte	.LASF36
ARM GAS  C:\Users\USER\AppData\Local\Temp\ccTjsbjM.s 			page 13


 685 021a 08       		.byte	0x8
 686 021b 5D       		.byte	0x5d
 687 021c 02       		.byte	0x2
 688 021d D7010000 		.4byte	0x1d7
 689 0221 11       		.uleb128 0x11
 690 0222 B6030000 		.4byte	.LASF47
 691 0226 01       		.byte	0x1
 692 0227 2401     		.2byte	0x124
 693 0229 06       		.byte	0x6
 694 022a 3C020000 		.4byte	0x23c
 695 022e 12       		.uleb128 0x12
 696 022f 00000000 		.4byte	.LASF32
 697 0233 01       		.byte	0x1
 698 0234 2401     		.2byte	0x124
 699 0236 26       		.byte	0x26
 700 0237 94000000 		.4byte	0x94
 701 023b 00       		.byte	0
 702 023c 13       		.uleb128 0x13
 703 023d A5030000 		.4byte	.LASF37
 704 0241 01       		.byte	0x1
 705 0242 0C01     		.2byte	0x10c
 706 0244 0A       		.byte	0xa
 707 0245 50010000 		.4byte	0x150
 708 0249 68020000 		.4byte	0x268
 709 024d 12       		.uleb128 0x12
 710 024e 00000000 		.4byte	.LASF32
 711 0252 01       		.byte	0x1
 712 0253 0C01     		.2byte	0x10c
 713 0255 24       		.byte	0x24
 714 0256 94000000 		.4byte	0x94
 715 025a 14       		.uleb128 0x14
 716 025b A8000000 		.4byte	.LASF39
 717 025f 01       		.byte	0x1
 718 0260 0E01     		.2byte	0x10e
 719 0262 0E       		.byte	0xe
 720 0263 44010000 		.4byte	0x144
 721 0267 00       		.byte	0
 722 0268 15       		.uleb128 0x15
 723 0269 4E020000 		.4byte	.LASF38
 724 026d 01       		.byte	0x1
 725 026e FE       		.byte	0xfe
 726 026f 06       		.byte	0x6
 727 0270 01       		.byte	0x1
 728 0271 82020000 		.4byte	0x282
 729 0275 16       		.uleb128 0x16
 730 0276 00000000 		.4byte	.LASF32
 731 027a 01       		.byte	0x1
 732 027b FE       		.byte	0xfe
 733 027c 1E       		.byte	0x1e
 734 027d 94000000 		.4byte	0x94
 735 0281 00       		.byte	0
 736 0282 17       		.uleb128 0x17
 737 0283 F7020000 		.4byte	.LASF48
 738 0287 01       		.byte	0x1
 739 0288 E7       		.byte	0xe7
 740 0289 0C       		.byte	0xc
 741 028a 44010000 		.4byte	0x144
ARM GAS  C:\Users\USER\AppData\Local\Temp\ccTjsbjM.s 			page 14


 742 028e 00000000 		.4byte	.LFB116
 743 0292 14000000 		.4byte	.LFE116-.LFB116
 744 0296 01       		.uleb128 0x1
 745 0297 9C       		.byte	0x9c
 746 0298 C5020000 		.4byte	0x2c5
 747 029c 18       		.uleb128 0x18
 748 029d 00000000 		.4byte	.LASF32
 749 02a1 01       		.byte	0x1
 750 02a2 E7       		.byte	0xe7
 751 02a3 28       		.byte	0x28
 752 02a4 94000000 		.4byte	0x94
 753 02a8 04000000 		.4byte	.LLST3
 754 02ac 00000000 		.4byte	.LVUS3
 755 02b0 19       		.uleb128 0x19
 756 02b1 A8000000 		.4byte	.LASF39
 757 02b5 01       		.byte	0x1
 758 02b6 E9       		.byte	0xe9
 759 02b7 0E       		.byte	0xe
 760 02b8 44010000 		.4byte	0x144
 761 02bc 2B000000 		.4byte	.LLST4
 762 02c0 25000000 		.4byte	.LVUS4
 763 02c4 00       		.byte	0
 764 02c5 1A       		.uleb128 0x1a
 765 02c6 B2000000 		.4byte	.LASF40
 766 02ca 01       		.byte	0x1
 767 02cb C9       		.byte	0xc9
 768 02cc 06       		.byte	0x6
 769 02cd 00000000 		.4byte	.LFB115
 770 02d1 10000000 		.4byte	.LFE115-.LFB115
 771 02d5 01       		.uleb128 0x1
 772 02d6 9C       		.byte	0x9c
 773 02d7 F0020000 		.4byte	0x2f0
 774 02db 18       		.uleb128 0x18
 775 02dc 00000000 		.4byte	.LASF32
 776 02e0 01       		.byte	0x1
 777 02e1 C9       		.byte	0xc9
 778 02e2 28       		.byte	0x28
 779 02e3 94000000 		.4byte	0x94
 780 02e7 68000000 		.4byte	.LLST2
 781 02eb 64000000 		.4byte	.LVUS2
 782 02ef 00       		.byte	0
 783 02f0 1A       		.uleb128 0x1a
 784 02f1 41000000 		.4byte	.LASF41
 785 02f5 01       		.byte	0x1
 786 02f6 BA       		.byte	0xba
 787 02f7 06       		.byte	0x6
 788 02f8 00000000 		.4byte	.LFB114
 789 02fc 0E000000 		.4byte	.LFE114-.LFB114
 790 0300 01       		.uleb128 0x1
 791 0301 9C       		.byte	0x9c
 792 0302 15030000 		.4byte	0x315
 793 0306 1B       		.uleb128 0x1b
 794 0307 0A020000 		.4byte	.LASF43
 795 030b 01       		.byte	0x1
 796 030c BA       		.byte	0xba
 797 030d 28       		.byte	0x28
 798 030e 15030000 		.4byte	0x315
ARM GAS  C:\Users\USER\AppData\Local\Temp\ccTjsbjM.s 			page 15


 799 0312 01       		.uleb128 0x1
 800 0313 50       		.byte	0x50
 801 0314 00       		.byte	0
 802 0315 1C       		.uleb128 0x1c
 803 0316 04       		.byte	0x4
 804 0317 15020000 		.4byte	0x215
 805 031b 1A       		.uleb128 0x1a
 806 031c ED020000 		.4byte	.LASF42
 807 0320 01       		.byte	0x1
 808 0321 82       		.byte	0x82
 809 0322 06       		.byte	0x6
 810 0323 00000000 		.4byte	.LFB113
 811 0327 70000000 		.4byte	.LFE113-.LFB113
 812 032b 01       		.uleb128 0x1
 813 032c 9C       		.byte	0x9c
 814 032d 5A030000 		.4byte	0x35a
 815 0331 18       		.uleb128 0x18
 816 0332 0A020000 		.4byte	.LASF43
 817 0336 01       		.byte	0x1
 818 0337 82       		.byte	0x82
 819 0338 22       		.byte	0x22
 820 0339 15030000 		.4byte	0x315
 821 033d 91000000 		.4byte	.LLST0
 822 0341 89000000 		.4byte	.LVUS0
 823 0345 1D       		.uleb128 0x1d
 824 0346 746D7000 		.ascii	"tmp\000"
 825 034a 01       		.byte	0x1
 826 034b 84       		.byte	0x84
 827 034c 0C       		.byte	0xc
 828 034d 94000000 		.4byte	0x94
 829 0351 DD000000 		.4byte	.LLST1
 830 0355 CB000000 		.4byte	.LVUS1
 831 0359 00       		.byte	0
 832 035a 1E       		.uleb128 0x1e
 833 035b 1E040000 		.4byte	.LASF49
 834 035f 01       		.byte	0x1
 835 0360 72       		.byte	0x72
 836 0361 06       		.byte	0x6
 837 0362 00000000 		.4byte	.LFB112
 838 0366 1C000000 		.4byte	.LFE112-.LFB112
 839 036a 01       		.uleb128 0x1
 840 036b 9C       		.byte	0x9c
 841 036c 1F       		.uleb128 0x1f
 842 036d 68020000 		.4byte	0x268
 843 0371 00000000 		.4byte	.LFB117
 844 0375 0C000000 		.4byte	.LFE117-.LFB117
 845 0379 01       		.uleb128 0x1
 846 037a 9C       		.byte	0x9c
 847 037b 20       		.uleb128 0x20
 848 037c 75020000 		.4byte	0x275
 849 0380 01       		.uleb128 0x1
 850 0381 50       		.byte	0x50
 851 0382 00       		.byte	0
 852 0383 00       		.byte	0
 853              		.section	.debug_abbrev,"",%progbits
 854              	.Ldebug_abbrev0:
 855 0000 01       		.uleb128 0x1
ARM GAS  C:\Users\USER\AppData\Local\Temp\ccTjsbjM.s 			page 16


 856 0001 11       		.uleb128 0x11
 857 0002 01       		.byte	0x1
 858 0003 25       		.uleb128 0x25
 859 0004 0E       		.uleb128 0xe
 860 0005 13       		.uleb128 0x13
 861 0006 0B       		.uleb128 0xb
 862 0007 03       		.uleb128 0x3
 863 0008 0E       		.uleb128 0xe
 864 0009 1B       		.uleb128 0x1b
 865 000a 0E       		.uleb128 0xe
 866 000b 55       		.uleb128 0x55
 867 000c 17       		.uleb128 0x17
 868 000d 11       		.uleb128 0x11
 869 000e 01       		.uleb128 0x1
 870 000f 10       		.uleb128 0x10
 871 0010 17       		.uleb128 0x17
 872 0011 00       		.byte	0
 873 0012 00       		.byte	0
 874 0013 02       		.uleb128 0x2
 875 0014 24       		.uleb128 0x24
 876 0015 00       		.byte	0
 877 0016 0B       		.uleb128 0xb
 878 0017 0B       		.uleb128 0xb
 879 0018 3E       		.uleb128 0x3e
 880 0019 0B       		.uleb128 0xb
 881 001a 03       		.uleb128 0x3
 882 001b 0E       		.uleb128 0xe
 883 001c 00       		.byte	0
 884 001d 00       		.byte	0
 885 001e 03       		.uleb128 0x3
 886 001f 16       		.uleb128 0x16
 887 0020 00       		.byte	0
 888 0021 03       		.uleb128 0x3
 889 0022 0E       		.uleb128 0xe
 890 0023 3A       		.uleb128 0x3a
 891 0024 0B       		.uleb128 0xb
 892 0025 3B       		.uleb128 0x3b
 893 0026 0B       		.uleb128 0xb
 894 0027 39       		.uleb128 0x39
 895 0028 0B       		.uleb128 0xb
 896 0029 49       		.uleb128 0x49
 897 002a 13       		.uleb128 0x13
 898 002b 00       		.byte	0
 899 002c 00       		.byte	0
 900 002d 04       		.uleb128 0x4
 901 002e 24       		.uleb128 0x24
 902 002f 00       		.byte	0
 903 0030 0B       		.uleb128 0xb
 904 0031 0B       		.uleb128 0xb
 905 0032 3E       		.uleb128 0x3e
 906 0033 0B       		.uleb128 0xb
 907 0034 03       		.uleb128 0x3
 908 0035 08       		.uleb128 0x8
 909 0036 00       		.byte	0
 910 0037 00       		.byte	0
 911 0038 05       		.uleb128 0x5
 912 0039 35       		.uleb128 0x35
ARM GAS  C:\Users\USER\AppData\Local\Temp\ccTjsbjM.s 			page 17


 913 003a 00       		.byte	0
 914 003b 49       		.uleb128 0x49
 915 003c 13       		.uleb128 0x13
 916 003d 00       		.byte	0
 917 003e 00       		.byte	0
 918 003f 06       		.uleb128 0x6
 919 0040 34       		.uleb128 0x34
 920 0041 00       		.byte	0
 921 0042 03       		.uleb128 0x3
 922 0043 0E       		.uleb128 0xe
 923 0044 3A       		.uleb128 0x3a
 924 0045 0B       		.uleb128 0xb
 925 0046 3B       		.uleb128 0x3b
 926 0047 05       		.uleb128 0x5
 927 0048 39       		.uleb128 0x39
 928 0049 0B       		.uleb128 0xb
 929 004a 49       		.uleb128 0x49
 930 004b 13       		.uleb128 0x13
 931 004c 3F       		.uleb128 0x3f
 932 004d 19       		.uleb128 0x19
 933 004e 3C       		.uleb128 0x3c
 934 004f 19       		.uleb128 0x19
 935 0050 00       		.byte	0
 936 0051 00       		.byte	0
 937 0052 07       		.uleb128 0x7
 938 0053 34       		.uleb128 0x34
 939 0054 00       		.byte	0
 940 0055 03       		.uleb128 0x3
 941 0056 0E       		.uleb128 0xe
 942 0057 3A       		.uleb128 0x3a
 943 0058 0B       		.uleb128 0xb
 944 0059 3B       		.uleb128 0x3b
 945 005a 0B       		.uleb128 0xb
 946 005b 39       		.uleb128 0x39
 947 005c 0B       		.uleb128 0xb
 948 005d 49       		.uleb128 0x49
 949 005e 13       		.uleb128 0x13
 950 005f 3F       		.uleb128 0x3f
 951 0060 19       		.uleb128 0x19
 952 0061 3C       		.uleb128 0x3c
 953 0062 19       		.uleb128 0x19
 954 0063 00       		.byte	0
 955 0064 00       		.byte	0
 956 0065 08       		.uleb128 0x8
 957 0066 13       		.uleb128 0x13
 958 0067 01       		.byte	0x1
 959 0068 0B       		.uleb128 0xb
 960 0069 0B       		.uleb128 0xb
 961 006a 3A       		.uleb128 0x3a
 962 006b 0B       		.uleb128 0xb
 963 006c 3B       		.uleb128 0x3b
 964 006d 05       		.uleb128 0x5
 965 006e 39       		.uleb128 0x39
 966 006f 0B       		.uleb128 0xb
 967 0070 01       		.uleb128 0x1
 968 0071 13       		.uleb128 0x13
 969 0072 00       		.byte	0
ARM GAS  C:\Users\USER\AppData\Local\Temp\ccTjsbjM.s 			page 18


 970 0073 00       		.byte	0
 971 0074 09       		.uleb128 0x9
 972 0075 0D       		.uleb128 0xd
 973 0076 00       		.byte	0
 974 0077 03       		.uleb128 0x3
 975 0078 08       		.uleb128 0x8
 976 0079 3A       		.uleb128 0x3a
 977 007a 0B       		.uleb128 0xb
 978 007b 3B       		.uleb128 0x3b
 979 007c 05       		.uleb128 0x5
 980 007d 39       		.uleb128 0x39
 981 007e 0B       		.uleb128 0xb
 982 007f 49       		.uleb128 0x49
 983 0080 13       		.uleb128 0x13
 984 0081 38       		.uleb128 0x38
 985 0082 0B       		.uleb128 0xb
 986 0083 00       		.byte	0
 987 0084 00       		.byte	0
 988 0085 0A       		.uleb128 0xa
 989 0086 0D       		.uleb128 0xd
 990 0087 00       		.byte	0
 991 0088 03       		.uleb128 0x3
 992 0089 0E       		.uleb128 0xe
 993 008a 3A       		.uleb128 0x3a
 994 008b 0B       		.uleb128 0xb
 995 008c 3B       		.uleb128 0x3b
 996 008d 05       		.uleb128 0x5
 997 008e 39       		.uleb128 0x39
 998 008f 0B       		.uleb128 0xb
 999 0090 49       		.uleb128 0x49
 1000 0091 13       		.uleb128 0x13
 1001 0092 38       		.uleb128 0x38
 1002 0093 0B       		.uleb128 0xb
 1003 0094 00       		.byte	0
 1004 0095 00       		.byte	0
 1005 0096 0B       		.uleb128 0xb
 1006 0097 16       		.uleb128 0x16
 1007 0098 00       		.byte	0
 1008 0099 03       		.uleb128 0x3
 1009 009a 0E       		.uleb128 0xe
 1010 009b 3A       		.uleb128 0x3a
 1011 009c 0B       		.uleb128 0xb
 1012 009d 3B       		.uleb128 0x3b
 1013 009e 05       		.uleb128 0x5
 1014 009f 39       		.uleb128 0x39
 1015 00a0 0B       		.uleb128 0xb
 1016 00a1 49       		.uleb128 0x49
 1017 00a2 13       		.uleb128 0x13
 1018 00a3 00       		.byte	0
 1019 00a4 00       		.byte	0
 1020 00a5 0C       		.uleb128 0xc
 1021 00a6 04       		.uleb128 0x4
 1022 00a7 01       		.byte	0x1
 1023 00a8 3E       		.uleb128 0x3e
 1024 00a9 0B       		.uleb128 0xb
 1025 00aa 0B       		.uleb128 0xb
 1026 00ab 0B       		.uleb128 0xb
ARM GAS  C:\Users\USER\AppData\Local\Temp\ccTjsbjM.s 			page 19


 1027 00ac 49       		.uleb128 0x49
 1028 00ad 13       		.uleb128 0x13
 1029 00ae 3A       		.uleb128 0x3a
 1030 00af 0B       		.uleb128 0xb
 1031 00b0 3B       		.uleb128 0x3b
 1032 00b1 0B       		.uleb128 0xb
 1033 00b2 39       		.uleb128 0x39
 1034 00b3 0B       		.uleb128 0xb
 1035 00b4 01       		.uleb128 0x1
 1036 00b5 13       		.uleb128 0x13
 1037 00b6 00       		.byte	0
 1038 00b7 00       		.byte	0
 1039 00b8 0D       		.uleb128 0xd
 1040 00b9 28       		.uleb128 0x28
 1041 00ba 00       		.byte	0
 1042 00bb 03       		.uleb128 0x3
 1043 00bc 0E       		.uleb128 0xe
 1044 00bd 1C       		.uleb128 0x1c
 1045 00be 0B       		.uleb128 0xb
 1046 00bf 00       		.byte	0
 1047 00c0 00       		.byte	0
 1048 00c1 0E       		.uleb128 0xe
 1049 00c2 28       		.uleb128 0x28
 1050 00c3 00       		.byte	0
 1051 00c4 03       		.uleb128 0x3
 1052 00c5 08       		.uleb128 0x8
 1053 00c6 1C       		.uleb128 0x1c
 1054 00c7 0B       		.uleb128 0xb
 1055 00c8 00       		.byte	0
 1056 00c9 00       		.byte	0
 1057 00ca 0F       		.uleb128 0xf
 1058 00cb 13       		.uleb128 0x13
 1059 00cc 01       		.byte	0x1
 1060 00cd 0B       		.uleb128 0xb
 1061 00ce 0B       		.uleb128 0xb
 1062 00cf 3A       		.uleb128 0x3a
 1063 00d0 0B       		.uleb128 0xb
 1064 00d1 3B       		.uleb128 0x3b
 1065 00d2 0B       		.uleb128 0xb
 1066 00d3 39       		.uleb128 0x39
 1067 00d4 0B       		.uleb128 0xb
 1068 00d5 01       		.uleb128 0x1
 1069 00d6 13       		.uleb128 0x13
 1070 00d7 00       		.byte	0
 1071 00d8 00       		.byte	0
 1072 00d9 10       		.uleb128 0x10
 1073 00da 0D       		.uleb128 0xd
 1074 00db 00       		.byte	0
 1075 00dc 03       		.uleb128 0x3
 1076 00dd 0E       		.uleb128 0xe
 1077 00de 3A       		.uleb128 0x3a
 1078 00df 0B       		.uleb128 0xb
 1079 00e0 3B       		.uleb128 0x3b
 1080 00e1 0B       		.uleb128 0xb
 1081 00e2 39       		.uleb128 0x39
 1082 00e3 0B       		.uleb128 0xb
 1083 00e4 49       		.uleb128 0x49
ARM GAS  C:\Users\USER\AppData\Local\Temp\ccTjsbjM.s 			page 20


 1084 00e5 13       		.uleb128 0x13
 1085 00e6 38       		.uleb128 0x38
 1086 00e7 0B       		.uleb128 0xb
 1087 00e8 00       		.byte	0
 1088 00e9 00       		.byte	0
 1089 00ea 11       		.uleb128 0x11
 1090 00eb 2E       		.uleb128 0x2e
 1091 00ec 01       		.byte	0x1
 1092 00ed 3F       		.uleb128 0x3f
 1093 00ee 19       		.uleb128 0x19
 1094 00ef 03       		.uleb128 0x3
 1095 00f0 0E       		.uleb128 0xe
 1096 00f1 3A       		.uleb128 0x3a
 1097 00f2 0B       		.uleb128 0xb
 1098 00f3 3B       		.uleb128 0x3b
 1099 00f4 05       		.uleb128 0x5
 1100 00f5 39       		.uleb128 0x39
 1101 00f6 0B       		.uleb128 0xb
 1102 00f7 27       		.uleb128 0x27
 1103 00f8 19       		.uleb128 0x19
 1104 00f9 01       		.uleb128 0x1
 1105 00fa 13       		.uleb128 0x13
 1106 00fb 00       		.byte	0
 1107 00fc 00       		.byte	0
 1108 00fd 12       		.uleb128 0x12
 1109 00fe 05       		.uleb128 0x5
 1110 00ff 00       		.byte	0
 1111 0100 03       		.uleb128 0x3
 1112 0101 0E       		.uleb128 0xe
 1113 0102 3A       		.uleb128 0x3a
 1114 0103 0B       		.uleb128 0xb
 1115 0104 3B       		.uleb128 0x3b
 1116 0105 05       		.uleb128 0x5
 1117 0106 39       		.uleb128 0x39
 1118 0107 0B       		.uleb128 0xb
 1119 0108 49       		.uleb128 0x49
 1120 0109 13       		.uleb128 0x13
 1121 010a 00       		.byte	0
 1122 010b 00       		.byte	0
 1123 010c 13       		.uleb128 0x13
 1124 010d 2E       		.uleb128 0x2e
 1125 010e 01       		.byte	0x1
 1126 010f 3F       		.uleb128 0x3f
 1127 0110 19       		.uleb128 0x19
 1128 0111 03       		.uleb128 0x3
 1129 0112 0E       		.uleb128 0xe
 1130 0113 3A       		.uleb128 0x3a
 1131 0114 0B       		.uleb128 0xb
 1132 0115 3B       		.uleb128 0x3b
 1133 0116 05       		.uleb128 0x5
 1134 0117 39       		.uleb128 0x39
 1135 0118 0B       		.uleb128 0xb
 1136 0119 27       		.uleb128 0x27
 1137 011a 19       		.uleb128 0x19
 1138 011b 49       		.uleb128 0x49
 1139 011c 13       		.uleb128 0x13
 1140 011d 01       		.uleb128 0x1
ARM GAS  C:\Users\USER\AppData\Local\Temp\ccTjsbjM.s 			page 21


 1141 011e 13       		.uleb128 0x13
 1142 011f 00       		.byte	0
 1143 0120 00       		.byte	0
 1144 0121 14       		.uleb128 0x14
 1145 0122 34       		.uleb128 0x34
 1146 0123 00       		.byte	0
 1147 0124 03       		.uleb128 0x3
 1148 0125 0E       		.uleb128 0xe
 1149 0126 3A       		.uleb128 0x3a
 1150 0127 0B       		.uleb128 0xb
 1151 0128 3B       		.uleb128 0x3b
 1152 0129 05       		.uleb128 0x5
 1153 012a 39       		.uleb128 0x39
 1154 012b 0B       		.uleb128 0xb
 1155 012c 49       		.uleb128 0x49
 1156 012d 13       		.uleb128 0x13
 1157 012e 00       		.byte	0
 1158 012f 00       		.byte	0
 1159 0130 15       		.uleb128 0x15
 1160 0131 2E       		.uleb128 0x2e
 1161 0132 01       		.byte	0x1
 1162 0133 3F       		.uleb128 0x3f
 1163 0134 19       		.uleb128 0x19
 1164 0135 03       		.uleb128 0x3
 1165 0136 0E       		.uleb128 0xe
 1166 0137 3A       		.uleb128 0x3a
 1167 0138 0B       		.uleb128 0xb
 1168 0139 3B       		.uleb128 0x3b
 1169 013a 0B       		.uleb128 0xb
 1170 013b 39       		.uleb128 0x39
 1171 013c 0B       		.uleb128 0xb
 1172 013d 27       		.uleb128 0x27
 1173 013e 19       		.uleb128 0x19
 1174 013f 20       		.uleb128 0x20
 1175 0140 0B       		.uleb128 0xb
 1176 0141 01       		.uleb128 0x1
 1177 0142 13       		.uleb128 0x13
 1178 0143 00       		.byte	0
 1179 0144 00       		.byte	0
 1180 0145 16       		.uleb128 0x16
 1181 0146 05       		.uleb128 0x5
 1182 0147 00       		.byte	0
 1183 0148 03       		.uleb128 0x3
 1184 0149 0E       		.uleb128 0xe
 1185 014a 3A       		.uleb128 0x3a
 1186 014b 0B       		.uleb128 0xb
 1187 014c 3B       		.uleb128 0x3b
 1188 014d 0B       		.uleb128 0xb
 1189 014e 39       		.uleb128 0x39
 1190 014f 0B       		.uleb128 0xb
 1191 0150 49       		.uleb128 0x49
 1192 0151 13       		.uleb128 0x13
 1193 0152 00       		.byte	0
 1194 0153 00       		.byte	0
 1195 0154 17       		.uleb128 0x17
 1196 0155 2E       		.uleb128 0x2e
 1197 0156 01       		.byte	0x1
ARM GAS  C:\Users\USER\AppData\Local\Temp\ccTjsbjM.s 			page 22


 1198 0157 3F       		.uleb128 0x3f
 1199 0158 19       		.uleb128 0x19
 1200 0159 03       		.uleb128 0x3
 1201 015a 0E       		.uleb128 0xe
 1202 015b 3A       		.uleb128 0x3a
 1203 015c 0B       		.uleb128 0xb
 1204 015d 3B       		.uleb128 0x3b
 1205 015e 0B       		.uleb128 0xb
 1206 015f 39       		.uleb128 0x39
 1207 0160 0B       		.uleb128 0xb
 1208 0161 27       		.uleb128 0x27
 1209 0162 19       		.uleb128 0x19
 1210 0163 49       		.uleb128 0x49
 1211 0164 13       		.uleb128 0x13
 1212 0165 11       		.uleb128 0x11
 1213 0166 01       		.uleb128 0x1
 1214 0167 12       		.uleb128 0x12
 1215 0168 06       		.uleb128 0x6
 1216 0169 40       		.uleb128 0x40
 1217 016a 18       		.uleb128 0x18
 1218 016b 9742     		.uleb128 0x2117
 1219 016d 19       		.uleb128 0x19
 1220 016e 01       		.uleb128 0x1
 1221 016f 13       		.uleb128 0x13
 1222 0170 00       		.byte	0
 1223 0171 00       		.byte	0
 1224 0172 18       		.uleb128 0x18
 1225 0173 05       		.uleb128 0x5
 1226 0174 00       		.byte	0
 1227 0175 03       		.uleb128 0x3
 1228 0176 0E       		.uleb128 0xe
 1229 0177 3A       		.uleb128 0x3a
 1230 0178 0B       		.uleb128 0xb
 1231 0179 3B       		.uleb128 0x3b
 1232 017a 0B       		.uleb128 0xb
 1233 017b 39       		.uleb128 0x39
 1234 017c 0B       		.uleb128 0xb
 1235 017d 49       		.uleb128 0x49
 1236 017e 13       		.uleb128 0x13
 1237 017f 02       		.uleb128 0x2
 1238 0180 17       		.uleb128 0x17
 1239 0181 B742     		.uleb128 0x2137
 1240 0183 17       		.uleb128 0x17
 1241 0184 00       		.byte	0
 1242 0185 00       		.byte	0
 1243 0186 19       		.uleb128 0x19
 1244 0187 34       		.uleb128 0x34
 1245 0188 00       		.byte	0
 1246 0189 03       		.uleb128 0x3
 1247 018a 0E       		.uleb128 0xe
 1248 018b 3A       		.uleb128 0x3a
 1249 018c 0B       		.uleb128 0xb
 1250 018d 3B       		.uleb128 0x3b
 1251 018e 0B       		.uleb128 0xb
 1252 018f 39       		.uleb128 0x39
 1253 0190 0B       		.uleb128 0xb
 1254 0191 49       		.uleb128 0x49
ARM GAS  C:\Users\USER\AppData\Local\Temp\ccTjsbjM.s 			page 23


 1255 0192 13       		.uleb128 0x13
 1256 0193 02       		.uleb128 0x2
 1257 0194 17       		.uleb128 0x17
 1258 0195 B742     		.uleb128 0x2137
 1259 0197 17       		.uleb128 0x17
 1260 0198 00       		.byte	0
 1261 0199 00       		.byte	0
 1262 019a 1A       		.uleb128 0x1a
 1263 019b 2E       		.uleb128 0x2e
 1264 019c 01       		.byte	0x1
 1265 019d 3F       		.uleb128 0x3f
 1266 019e 19       		.uleb128 0x19
 1267 019f 03       		.uleb128 0x3
 1268 01a0 0E       		.uleb128 0xe
 1269 01a1 3A       		.uleb128 0x3a
 1270 01a2 0B       		.uleb128 0xb
 1271 01a3 3B       		.uleb128 0x3b
 1272 01a4 0B       		.uleb128 0xb
 1273 01a5 39       		.uleb128 0x39
 1274 01a6 0B       		.uleb128 0xb
 1275 01a7 27       		.uleb128 0x27
 1276 01a8 19       		.uleb128 0x19
 1277 01a9 11       		.uleb128 0x11
 1278 01aa 01       		.uleb128 0x1
 1279 01ab 12       		.uleb128 0x12
 1280 01ac 06       		.uleb128 0x6
 1281 01ad 40       		.uleb128 0x40
 1282 01ae 18       		.uleb128 0x18
 1283 01af 9742     		.uleb128 0x2117
 1284 01b1 19       		.uleb128 0x19
 1285 01b2 01       		.uleb128 0x1
 1286 01b3 13       		.uleb128 0x13
 1287 01b4 00       		.byte	0
 1288 01b5 00       		.byte	0
 1289 01b6 1B       		.uleb128 0x1b
 1290 01b7 05       		.uleb128 0x5
 1291 01b8 00       		.byte	0
 1292 01b9 03       		.uleb128 0x3
 1293 01ba 0E       		.uleb128 0xe
 1294 01bb 3A       		.uleb128 0x3a
 1295 01bc 0B       		.uleb128 0xb
 1296 01bd 3B       		.uleb128 0x3b
 1297 01be 0B       		.uleb128 0xb
 1298 01bf 39       		.uleb128 0x39
 1299 01c0 0B       		.uleb128 0xb
 1300 01c1 49       		.uleb128 0x49
 1301 01c2 13       		.uleb128 0x13
 1302 01c3 02       		.uleb128 0x2
 1303 01c4 18       		.uleb128 0x18
 1304 01c5 00       		.byte	0
 1305 01c6 00       		.byte	0
 1306 01c7 1C       		.uleb128 0x1c
 1307 01c8 0F       		.uleb128 0xf
 1308 01c9 00       		.byte	0
 1309 01ca 0B       		.uleb128 0xb
 1310 01cb 0B       		.uleb128 0xb
 1311 01cc 49       		.uleb128 0x49
ARM GAS  C:\Users\USER\AppData\Local\Temp\ccTjsbjM.s 			page 24


 1312 01cd 13       		.uleb128 0x13
 1313 01ce 00       		.byte	0
 1314 01cf 00       		.byte	0
 1315 01d0 1D       		.uleb128 0x1d
 1316 01d1 34       		.uleb128 0x34
 1317 01d2 00       		.byte	0
 1318 01d3 03       		.uleb128 0x3
 1319 01d4 08       		.uleb128 0x8
 1320 01d5 3A       		.uleb128 0x3a
 1321 01d6 0B       		.uleb128 0xb
 1322 01d7 3B       		.uleb128 0x3b
 1323 01d8 0B       		.uleb128 0xb
 1324 01d9 39       		.uleb128 0x39
 1325 01da 0B       		.uleb128 0xb
 1326 01db 49       		.uleb128 0x49
 1327 01dc 13       		.uleb128 0x13
 1328 01dd 02       		.uleb128 0x2
 1329 01de 17       		.uleb128 0x17
 1330 01df B742     		.uleb128 0x2137
 1331 01e1 17       		.uleb128 0x17
 1332 01e2 00       		.byte	0
 1333 01e3 00       		.byte	0
 1334 01e4 1E       		.uleb128 0x1e
 1335 01e5 2E       		.uleb128 0x2e
 1336 01e6 00       		.byte	0
 1337 01e7 3F       		.uleb128 0x3f
 1338 01e8 19       		.uleb128 0x19
 1339 01e9 03       		.uleb128 0x3
 1340 01ea 0E       		.uleb128 0xe
 1341 01eb 3A       		.uleb128 0x3a
 1342 01ec 0B       		.uleb128 0xb
 1343 01ed 3B       		.uleb128 0x3b
 1344 01ee 0B       		.uleb128 0xb
 1345 01ef 39       		.uleb128 0x39
 1346 01f0 0B       		.uleb128 0xb
 1347 01f1 27       		.uleb128 0x27
 1348 01f2 19       		.uleb128 0x19
 1349 01f3 11       		.uleb128 0x11
 1350 01f4 01       		.uleb128 0x1
 1351 01f5 12       		.uleb128 0x12
 1352 01f6 06       		.uleb128 0x6
 1353 01f7 40       		.uleb128 0x40
 1354 01f8 18       		.uleb128 0x18
 1355 01f9 9742     		.uleb128 0x2117
 1356 01fb 19       		.uleb128 0x19
 1357 01fc 00       		.byte	0
 1358 01fd 00       		.byte	0
 1359 01fe 1F       		.uleb128 0x1f
 1360 01ff 2E       		.uleb128 0x2e
 1361 0200 01       		.byte	0x1
 1362 0201 31       		.uleb128 0x31
 1363 0202 13       		.uleb128 0x13
 1364 0203 11       		.uleb128 0x11
 1365 0204 01       		.uleb128 0x1
 1366 0205 12       		.uleb128 0x12
 1367 0206 06       		.uleb128 0x6
 1368 0207 40       		.uleb128 0x40
ARM GAS  C:\Users\USER\AppData\Local\Temp\ccTjsbjM.s 			page 25


 1369 0208 18       		.uleb128 0x18
 1370 0209 9742     		.uleb128 0x2117
 1371 020b 19       		.uleb128 0x19
 1372 020c 00       		.byte	0
 1373 020d 00       		.byte	0
 1374 020e 20       		.uleb128 0x20
 1375 020f 05       		.uleb128 0x5
 1376 0210 00       		.byte	0
 1377 0211 31       		.uleb128 0x31
 1378 0212 13       		.uleb128 0x13
 1379 0213 02       		.uleb128 0x2
 1380 0214 18       		.uleb128 0x18
 1381 0215 00       		.byte	0
 1382 0216 00       		.byte	0
 1383 0217 00       		.byte	0
 1384              		.section	.debug_loc,"",%progbits
 1385              	.Ldebug_loc0:
 1386              	.LVUS3:
 1387 0000 00       		.uleb128 0
 1388 0001 00       		.uleb128 .LVU85
 1389 0002 00       		.uleb128 .LVU85
 1390 0003 00       		.uleb128 0
 1391              	.LLST3:
 1392 0004 00000000 		.4byte	.LVL9
 1393 0008 0A000000 		.4byte	.LVL11
 1394 000c 0100     		.2byte	0x1
 1395 000e 50       		.byte	0x50
 1396 000f 0A000000 		.4byte	.LVL11
 1397 0013 14000000 		.4byte	.LFE116
 1398 0017 0400     		.2byte	0x4
 1399 0019 F3       		.byte	0xf3
 1400 001a 01       		.uleb128 0x1
 1401 001b 50       		.byte	0x50
 1402 001c 9F       		.byte	0x9f
 1403 001d 00000000 		.4byte	0
 1404 0021 00000000 		.4byte	0
 1405              	.LVUS4:
 1406 0025 02       		.uleb128 .LVU79
 1407 0026 00       		.uleb128 .LVU82
 1408 0027 00       		.uleb128 .LVU82
 1409 0028 00       		.uleb128 .LVU85
 1410 0029 00       		.uleb128 .LVU85
 1411 002a 00       		.uleb128 0
 1412              	.LLST4:
 1413 002b 00000000 		.4byte	.LVL9
 1414 002f 04000000 		.4byte	.LVL10
 1415 0033 0200     		.2byte	0x2
 1416 0035 30       		.byte	0x30
 1417 0036 9F       		.byte	0x9f
 1418 0037 04000000 		.4byte	.LVL10
 1419 003b 0A000000 		.4byte	.LVL11
 1420 003f 0800     		.2byte	0x8
 1421 0041 73       		.byte	0x73
 1422 0042 00       		.sleb128 0
 1423 0043 70       		.byte	0x70
 1424 0044 00       		.sleb128 0
 1425 0045 1A       		.byte	0x1a
ARM GAS  C:\Users\USER\AppData\Local\Temp\ccTjsbjM.s 			page 26


 1426 0046 30       		.byte	0x30
 1427 0047 2E       		.byte	0x2e
 1428 0048 9F       		.byte	0x9f
 1429 0049 0A000000 		.4byte	.LVL11
 1430 004d 14000000 		.4byte	.LFE116
 1431 0051 0900     		.2byte	0x9
 1432 0053 73       		.byte	0x73
 1433 0054 00       		.sleb128 0
 1434 0055 F3       		.byte	0xf3
 1435 0056 01       		.uleb128 0x1
 1436 0057 50       		.byte	0x50
 1437 0058 1A       		.byte	0x1a
 1438 0059 30       		.byte	0x30
 1439 005a 2E       		.byte	0x2e
 1440 005b 9F       		.byte	0x9f
 1441 005c 00000000 		.4byte	0
 1442 0060 00000000 		.4byte	0
 1443              	.LVUS2:
 1444 0064 00       		.uleb128 0
 1445 0065 00       		.uleb128 .LVU75
 1446 0066 00       		.uleb128 .LVU75
 1447 0067 00       		.uleb128 0
 1448              	.LLST2:
 1449 0068 00000000 		.4byte	.LVL7
 1450 006c 06000000 		.4byte	.LVL8
 1451 0070 0100     		.2byte	0x1
 1452 0072 50       		.byte	0x50
 1453 0073 06000000 		.4byte	.LVL8
 1454 0077 10000000 		.4byte	.LFE115
 1455 007b 0400     		.2byte	0x4
 1456 007d F3       		.byte	0xf3
 1457 007e 01       		.uleb128 0x1
 1458 007f 50       		.byte	0x50
 1459 0080 9F       		.byte	0x9f
 1460 0081 00000000 		.4byte	0
 1461 0085 00000000 		.4byte	0
 1462              	.LVUS0:
 1463 0089 00       		.uleb128 0
 1464 008a 00       		.uleb128 .LVU36
 1465 008b 00       		.uleb128 .LVU36
 1466 008c 00       		.uleb128 .LVU52
 1467 008d 00       		.uleb128 .LVU52
 1468 008e 00       		.uleb128 .LVU56
 1469 008f 00       		.uleb128 .LVU56
 1470 0090 00       		.uleb128 0
 1471              	.LLST0:
 1472 0091 00000000 		.4byte	.LVL0
 1473 0095 2C000000 		.4byte	.LVL2
 1474 0099 0100     		.2byte	0x1
 1475 009b 50       		.byte	0x50
 1476 009c 2C000000 		.4byte	.LVL2
 1477 00a0 52000000 		.4byte	.LVL4
 1478 00a4 0400     		.2byte	0x4
 1479 00a6 F3       		.byte	0xf3
 1480 00a7 01       		.uleb128 0x1
 1481 00a8 50       		.byte	0x50
 1482 00a9 9F       		.byte	0x9f
ARM GAS  C:\Users\USER\AppData\Local\Temp\ccTjsbjM.s 			page 27


 1483 00aa 52000000 		.4byte	.LVL4
 1484 00ae 5C000000 		.4byte	.LVL5
 1485 00b2 0100     		.2byte	0x1
 1486 00b4 50       		.byte	0x50
 1487 00b5 5C000000 		.4byte	.LVL5
 1488 00b9 70000000 		.4byte	.LFE113
 1489 00bd 0400     		.2byte	0x4
 1490 00bf F3       		.byte	0xf3
 1491 00c0 01       		.uleb128 0x1
 1492 00c1 50       		.byte	0x50
 1493 00c2 9F       		.byte	0x9f
 1494 00c3 00000000 		.4byte	0
 1495 00c7 00000000 		.4byte	0
 1496              	.LVUS1:
 1497 00cb 02       		.uleb128 .LVU16
 1498 00cc 07       		.uleb128 .LVU21
 1499 00cd 07       		.uleb128 .LVU21
 1500 00ce 01       		.uleb128 .LVU32
 1501 00cf 01       		.uleb128 .LVU32
 1502 00d0 00       		.uleb128 .LVU36
 1503 00d1 00       		.uleb128 .LVU36
 1504 00d2 01       		.uleb128 .LVU46
 1505 00d3 01       		.uleb128 .LVU46
 1506 00d4 02       		.uleb128 .LVU47
 1507 00d5 02       		.uleb128 .LVU47
 1508 00d6 00       		.uleb128 .LVU52
 1509 00d7 00       		.uleb128 .LVU52
 1510 00d8 01       		.uleb128 .LVU53
 1511 00d9 01       		.uleb128 .LVU53
 1512 00da 00       		.uleb128 .LVU56
 1513 00db 00       		.uleb128 .LVU56
 1514 00dc 00       		.uleb128 0
 1515              	.LLST1:
 1516 00dd 00000000 		.4byte	.LVL0
 1517 00e1 00000000 		.4byte	.LVL0
 1518 00e5 0200     		.2byte	0x2
 1519 00e7 30       		.byte	0x30
 1520 00e8 9F       		.byte	0x9f
 1521 00e9 00000000 		.4byte	.LVL0
 1522 00ed 24000000 		.4byte	.LVL1
 1523 00f1 0600     		.2byte	0x6
 1524 00f3 0C       		.byte	0xc
 1525 00f4 003C0140 		.4byte	0x40013c00
 1526 00f8 9F       		.byte	0x9f
 1527 00f9 24000000 		.4byte	.LVL1
 1528 00fd 2C000000 		.4byte	.LVL2
 1529 0101 0E00     		.2byte	0xe
 1530 0103 70       		.byte	0x70
 1531 0104 04       		.sleb128 4
 1532 0105 94       		.byte	0x94
 1533 0106 01       		.byte	0x1
 1534 0107 08       		.byte	0x8
 1535 0108 FF       		.byte	0xff
 1536 0109 1A       		.byte	0x1a
 1537 010a 23       		.byte	0x23
 1538 010b 80F88480 		.uleb128 0x40013c00
 1538      04
ARM GAS  C:\Users\USER\AppData\Local\Temp\ccTjsbjM.s 			page 28


 1539 0110 9F       		.byte	0x9f
 1540 0111 2C000000 		.4byte	.LVL2
 1541 0115 40000000 		.4byte	.LVL3
 1542 0119 1100     		.2byte	0x11
 1543 011b F3       		.byte	0xf3
 1544 011c 01       		.uleb128 0x1
 1545 011d 50       		.byte	0x50
 1546 011e 23       		.byte	0x23
 1547 011f 04       		.uleb128 0x4
 1548 0120 94       		.byte	0x94
 1549 0121 01       		.byte	0x1
 1550 0122 08       		.byte	0x8
 1551 0123 FF       		.byte	0xff
 1552 0124 1A       		.byte	0x1a
 1553 0125 23       		.byte	0x23
 1554 0126 80F88480 		.uleb128 0x40013c00
 1554      04
 1555 012b 9F       		.byte	0x9f
 1556 012c 40000000 		.4byte	.LVL3
 1557 0130 40000000 		.4byte	.LVL3
 1558 0134 0600     		.2byte	0x6
 1559 0136 0C       		.byte	0xc
 1560 0137 003C0140 		.4byte	0x40013c00
 1561 013b 9F       		.byte	0x9f
 1562 013c 40000000 		.4byte	.LVL3
 1563 0140 52000000 		.4byte	.LVL4
 1564 0144 0C00     		.2byte	0xc
 1565 0146 71       		.byte	0x71
 1566 0147 00       		.sleb128 0
 1567 0148 08       		.byte	0x8
 1568 0149 FF       		.byte	0xff
 1569 014a 1A       		.byte	0x1a
 1570 014b 23       		.byte	0x23
 1571 014c 80F88480 		.uleb128 0x40013c00
 1571      04
 1572 0151 9F       		.byte	0x9f
 1573 0152 52000000 		.4byte	.LVL4
 1574 0156 52000000 		.4byte	.LVL4
 1575 015a 0600     		.2byte	0x6
 1576 015c 0C       		.byte	0xc
 1577 015d 003C0140 		.4byte	0x40013c00
 1578 0161 9F       		.byte	0x9f
 1579 0162 52000000 		.4byte	.LVL4
 1580 0166 5C000000 		.4byte	.LVL5
 1581 016a 0E00     		.2byte	0xe
 1582 016c 70       		.byte	0x70
 1583 016d 04       		.sleb128 4
 1584 016e 94       		.byte	0x94
 1585 016f 01       		.byte	0x1
 1586 0170 08       		.byte	0x8
 1587 0171 FF       		.byte	0xff
 1588 0172 1A       		.byte	0x1a
 1589 0173 23       		.byte	0x23
 1590 0174 80F88480 		.uleb128 0x40013c00
 1590      04
 1591 0179 9F       		.byte	0x9f
 1592 017a 5C000000 		.4byte	.LVL5
ARM GAS  C:\Users\USER\AppData\Local\Temp\ccTjsbjM.s 			page 29


 1593 017e 70000000 		.4byte	.LFE113
 1594 0182 1100     		.2byte	0x11
 1595 0184 F3       		.byte	0xf3
 1596 0185 01       		.uleb128 0x1
 1597 0186 50       		.byte	0x50
 1598 0187 23       		.byte	0x23
 1599 0188 04       		.uleb128 0x4
 1600 0189 94       		.byte	0x94
 1601 018a 01       		.byte	0x1
 1602 018b 08       		.byte	0x8
 1603 018c FF       		.byte	0xff
 1604 018d 1A       		.byte	0x1a
 1605 018e 23       		.byte	0x23
 1606 018f 80F88480 		.uleb128 0x40013c00
 1606      04
 1607 0194 9F       		.byte	0x9f
 1608 0195 00000000 		.4byte	0
 1609 0199 00000000 		.4byte	0
 1610              		.section	.debug_aranges,"",%progbits
 1611 0000 44000000 		.4byte	0x44
 1612 0004 0200     		.2byte	0x2
 1613 0006 00000000 		.4byte	.Ldebug_info0
 1614 000a 04       		.byte	0x4
 1615 000b 00       		.byte	0
 1616 000c 0000     		.2byte	0
 1617 000e 0000     		.2byte	0
 1618 0010 00000000 		.4byte	.LFB112
 1619 0014 1C000000 		.4byte	.LFE112-.LFB112
 1620 0018 00000000 		.4byte	.LFB113
 1621 001c 70000000 		.4byte	.LFE113-.LFB113
 1622 0020 00000000 		.4byte	.LFB114
 1623 0024 0E000000 		.4byte	.LFE114-.LFB114
 1624 0028 00000000 		.4byte	.LFB115
 1625 002c 10000000 		.4byte	.LFE115-.LFB115
 1626 0030 00000000 		.4byte	.LFB116
 1627 0034 14000000 		.4byte	.LFE116-.LFB116
 1628 0038 00000000 		.4byte	.LFB117
 1629 003c 0C000000 		.4byte	.LFE117-.LFB117
 1630 0040 00000000 		.4byte	0
 1631 0044 00000000 		.4byte	0
 1632              		.section	.debug_ranges,"",%progbits
 1633              	.Ldebug_ranges0:
 1634 0000 00000000 		.4byte	.LFB112
 1635 0004 1C000000 		.4byte	.LFE112
 1636 0008 00000000 		.4byte	.LFB113
 1637 000c 70000000 		.4byte	.LFE113
 1638 0010 00000000 		.4byte	.LFB114
 1639 0014 0E000000 		.4byte	.LFE114
 1640 0018 00000000 		.4byte	.LFB115
 1641 001c 10000000 		.4byte	.LFE115
 1642 0020 00000000 		.4byte	.LFB116
 1643 0024 14000000 		.4byte	.LFE116
 1644 0028 00000000 		.4byte	.LFB117
 1645 002c 0C000000 		.4byte	.LFE117
 1646 0030 00000000 		.4byte	0
 1647 0034 00000000 		.4byte	0
 1648              		.section	.debug_line,"",%progbits
ARM GAS  C:\Users\USER\AppData\Local\Temp\ccTjsbjM.s 			page 30


 1649              	.Ldebug_line0:
 1650 0000 76030000 		.section	.debug_str,"MS",%progbits,1
 1650      0300F501 
 1650      00000201 
 1650      FB0E0D00 
 1650      01010101 
 1651              	.LASF32:
 1652 0000 45585449 		.ascii	"EXTI_Line\000"
 1652      5F4C696E 
 1652      6500
 1653              	.LASF33:
 1654 000a 45585449 		.ascii	"EXTI_Mode\000"
 1654      5F4D6F64 
 1654      6500
 1655              	.LASF21:
 1656 0014 49545374 		.ascii	"ITStatus\000"
 1656      61747573 
 1656      00
 1657              	.LASF35:
 1658 001d 45585449 		.ascii	"EXTI_LineCmd\000"
 1658      5F4C696E 
 1658      65436D64 
 1658      00
 1659              	.LASF34:
 1660 002a 45585449 		.ascii	"EXTI_Trigger\000"
 1660      5F547269 
 1660      67676572 
 1660      00
 1661              	.LASF5:
 1662 0037 5F5F696E 		.ascii	"__int32_t\000"
 1662      7433325F 
 1662      7400
 1663              	.LASF41:
 1664 0041 45585449 		.ascii	"EXTI_StructInit\000"
 1664      5F537472 
 1664      75637449 
 1664      6E697400 
 1665              	.LASF26:
 1666 0051 45585449 		.ascii	"EXTI_Mode_Event\000"
 1666      5F4D6F64 
 1666      655F4576 
 1666      656E7400 
 1667              	.LASF46:
 1668 0061 443A5C67 		.ascii	"D:\\git\\oroca_bldc_dev\\oroca_bldc_FW\\oroca_bldc_"
 1668      69745C6F 
 1668      726F6361 
 1668      5F626C64 
 1668      635F6465 
 1669 0090 63686962 		.ascii	"chibios\000"
 1669      696F7300 
 1670              	.LASF24:
 1671 0098 46756E63 		.ascii	"FunctionalState\000"
 1671      74696F6E 
 1671      616C5374 
 1671      61746500 
 1672              	.LASF39:
 1673 00a8 62697473 		.ascii	"bitstatus\000"
ARM GAS  C:\Users\USER\AppData\Local\Temp\ccTjsbjM.s 			page 31


 1673      74617475 
 1673      7300
 1674              	.LASF40:
 1675 00b2 45585449 		.ascii	"EXTI_GenerateSWInterrupt\000"
 1675      5F47656E 
 1675      65726174 
 1675      65535749 
 1675      6E746572 
 1676              	.LASF44:
 1677 00cb 474E5520 		.ascii	"GNU C99 8.2.1 20181213 (release) [gcc-8-branch revi"
 1677      43393920 
 1677      382E322E 
 1677      31203230 
 1677      31383132 
 1678 00fe 73696F6E 		.ascii	"sion 267074] -mcpu=cortex-m4 -mfloat-abi=hard -mfpu"
 1678      20323637 
 1678      3037345D 
 1678      202D6D63 
 1678      70753D63 
 1679 0131 3D667076 		.ascii	"=fpv4-sp-d16 -mno-thumb-interwork -mthumb -march=ar"
 1679      342D7370 
 1679      2D643136 
 1679      202D6D6E 
 1679      6F2D7468 
 1680 0164 6D763765 		.ascii	"mv7e-m+fp -ggdb -O2 -std=gnu99 -fomit-frame-pointer"
 1680      2D6D2B66 
 1680      70202D67 
 1680      67646220 
 1680      2D4F3220 
 1681 0197 202D6661 		.ascii	" -falign-functions=16 -ffunction-sections -fdata-se"
 1681      6C69676E 
 1681      2D66756E 
 1681      6374696F 
 1681      6E733D31 
 1682 01ca 6374696F 		.ascii	"ctions -fno-common -fsingle-precision-constant\000"
 1682      6E73202D 
 1682      666E6F2D 
 1682      636F6D6D 
 1682      6F6E202D 
 1683              	.LASF36:
 1684 01f9 45585449 		.ascii	"EXTI_InitTypeDef\000"
 1684      5F496E69 
 1684      74547970 
 1684      65446566 
 1684      00
 1685              	.LASF43:
 1686 020a 45585449 		.ascii	"EXTI_InitStruct\000"
 1686      5F496E69 
 1686      74537472 
 1686      75637400 
 1687              	.LASF23:
 1688 021a 454E4142 		.ascii	"ENABLE\000"
 1688      4C4500
 1689              	.LASF25:
 1690 0221 45585449 		.ascii	"EXTI_Mode_Interrupt\000"
 1690      5F4D6F64 
 1690      655F496E 
ARM GAS  C:\Users\USER\AppData\Local\Temp\ccTjsbjM.s 			page 32


 1690      74657272 
 1690      75707400 
 1691              	.LASF1:
 1692 0235 756E7369 		.ascii	"unsigned char\000"
 1692      676E6564 
 1692      20636861 
 1692      7200
 1693              	.LASF20:
 1694 0243 466C6167 		.ascii	"FlagStatus\000"
 1694      53746174 
 1694      757300
 1695              	.LASF38:
 1696 024e 45585449 		.ascii	"EXTI_ClearFlag\000"
 1696      5F436C65 
 1696      6172466C 
 1696      616700
 1697              	.LASF7:
 1698 025d 6C6F6E67 		.ascii	"long unsigned int\000"
 1698      20756E73 
 1698      69676E65 
 1698      6420696E 
 1698      7400
 1699              	.LASF19:
 1700 026f 52455345 		.ascii	"RESET\000"
 1700      5400
 1701              	.LASF27:
 1702 0275 45585449 		.ascii	"EXTIMode_TypeDef\000"
 1702      4D6F6465 
 1702      5F547970 
 1702      65446566 
 1702      00
 1703              	.LASF18:
 1704 0286 45585449 		.ascii	"EXTI_TypeDef\000"
 1704      5F547970 
 1704      65446566 
 1704      00
 1705              	.LASF13:
 1706 0293 49544D5F 		.ascii	"ITM_RxBuffer\000"
 1706      52784275 
 1706      66666572 
 1706      00
 1707              	.LASF15:
 1708 02a0 52545352 		.ascii	"RTSR\000"
 1708      00
 1709              	.LASF6:
 1710 02a5 5F5F7569 		.ascii	"__uint32_t\000"
 1710      6E743332 
 1710      5F7400
 1711              	.LASF28:
 1712 02b0 45585449 		.ascii	"EXTI_Trigger_Rising\000"
 1712      5F547269 
 1712      67676572 
 1712      5F526973 
 1712      696E6700 
 1713              	.LASF30:
 1714 02c4 45585449 		.ascii	"EXTI_Trigger_Rising_Falling\000"
 1714      5F547269 
ARM GAS  C:\Users\USER\AppData\Local\Temp\ccTjsbjM.s 			page 33


 1714      67676572 
 1714      5F526973 
 1714      696E675F 
 1715              	.LASF10:
 1716 02e0 756E7369 		.ascii	"unsigned int\000"
 1716      676E6564 
 1716      20696E74 
 1716      00
 1717              	.LASF42:
 1718 02ed 45585449 		.ascii	"EXTI_Init\000"
 1718      5F496E69 
 1718      7400
 1719              	.LASF48:
 1720 02f7 45585449 		.ascii	"EXTI_GetFlagStatus\000"
 1720      5F476574 
 1720      466C6167 
 1720      53746174 
 1720      757300
 1721              	.LASF9:
 1722 030a 6C6F6E67 		.ascii	"long long unsigned int\000"
 1722      206C6F6E 
 1722      6720756E 
 1722      7369676E 
 1722      65642069 
 1723              	.LASF45:
 1724 0321 7372632F 		.ascii	"src/ChibiOS_3.0.2/ext/stdperiph_stm32f4/src/stm32f4"
 1724      43686962 
 1724      694F535F 
 1724      332E302E 
 1724      322F6578 
 1725 0354 78785F65 		.ascii	"xx_exti.c\000"
 1725      7874692E 
 1725      6300
 1726              	.LASF0:
 1727 035e 7369676E 		.ascii	"signed char\000"
 1727      65642063 
 1727      68617200 
 1728              	.LASF29:
 1729 036a 45585449 		.ascii	"EXTI_Trigger_Falling\000"
 1729      5F547269 
 1729      67676572 
 1729      5F46616C 
 1729      6C696E67 
 1730              	.LASF11:
 1731 037f 696E7433 		.ascii	"int32_t\000"
 1731      325F7400 
 1732              	.LASF8:
 1733 0387 6C6F6E67 		.ascii	"long long int\000"
 1733      206C6F6E 
 1733      6720696E 
 1733      7400
 1734              	.LASF14:
 1735 0395 53797374 		.ascii	"SystemCoreClock\000"
 1735      656D436F 
 1735      7265436C 
 1735      6F636B00 
 1736              	.LASF37:
ARM GAS  C:\Users\USER\AppData\Local\Temp\ccTjsbjM.s 			page 34


 1737 03a5 45585449 		.ascii	"EXTI_GetITStatus\000"
 1737      5F476574 
 1737      49545374 
 1737      61747573 
 1737      00
 1738              	.LASF47:
 1739 03b6 45585449 		.ascii	"EXTI_ClearITPendingBit\000"
 1739      5F436C65 
 1739      61724954 
 1739      50656E64 
 1739      696E6742 
 1740              	.LASF2:
 1741 03cd 73686F72 		.ascii	"short int\000"
 1741      7420696E 
 1741      7400
 1742              	.LASF12:
 1743 03d7 75696E74 		.ascii	"uint32_t\000"
 1743      33325F74 
 1743      00
 1744              	.LASF4:
 1745 03e0 6C6F6E67 		.ascii	"long int\000"
 1745      20696E74 
 1745      00
 1746              	.LASF22:
 1747 03e9 44495341 		.ascii	"DISABLE\000"
 1747      424C4500 
 1748              	.LASF3:
 1749 03f1 73686F72 		.ascii	"short unsigned int\000"
 1749      7420756E 
 1749      7369676E 
 1749      65642069 
 1749      6E7400
 1750              	.LASF31:
 1751 0404 45585449 		.ascii	"EXTITrigger_TypeDef\000"
 1751      54726967 
 1751      6765725F 
 1751      54797065 
 1751      44656600 
 1752              	.LASF17:
 1753 0418 53574945 		.ascii	"SWIER\000"
 1753      5200
 1754              	.LASF49:
 1755 041e 45585449 		.ascii	"EXTI_DeInit\000"
 1755      5F446549 
 1755      6E697400 
 1756              	.LASF16:
 1757 042a 46545352 		.ascii	"FTSR\000"
 1757      00
 1758              		.ident	"GCC: (GNU Tools for Arm Embedded Processors 8-2018-q4-major) 8.2.1 20181213 (release) [gcc
ARM GAS  C:\Users\USER\AppData\Local\Temp\ccTjsbjM.s 			page 35


DEFINED SYMBOLS
                            *ABS*:00000000 stm32f4xx_exti.c
C:\Users\USER\AppData\Local\Temp\ccTjsbjM.s:18     .text.EXTI_DeInit:00000000 $t
C:\Users\USER\AppData\Local\Temp\ccTjsbjM.s:27     .text.EXTI_DeInit:00000000 EXTI_DeInit
C:\Users\USER\AppData\Local\Temp\ccTjsbjM.s:60     .text.EXTI_DeInit:00000014 $d
C:\Users\USER\AppData\Local\Temp\ccTjsbjM.s:66     .text.EXTI_Init:00000000 $t
C:\Users\USER\AppData\Local\Temp\ccTjsbjM.s:74     .text.EXTI_Init:00000000 EXTI_Init
C:\Users\USER\AppData\Local\Temp\ccTjsbjM.s:207    .text.EXTI_Init:0000006c $d
C:\Users\USER\AppData\Local\Temp\ccTjsbjM.s:212    .text.EXTI_StructInit:00000000 $t
C:\Users\USER\AppData\Local\Temp\ccTjsbjM.s:220    .text.EXTI_StructInit:00000000 EXTI_StructInit
C:\Users\USER\AppData\Local\Temp\ccTjsbjM.s:247    .text.EXTI_GenerateSWInterrupt:00000000 $t
C:\Users\USER\AppData\Local\Temp\ccTjsbjM.s:255    .text.EXTI_GenerateSWInterrupt:00000000 EXTI_GenerateSWInterrupt
C:\Users\USER\AppData\Local\Temp\ccTjsbjM.s:277    .text.EXTI_GenerateSWInterrupt:0000000c $d
C:\Users\USER\AppData\Local\Temp\ccTjsbjM.s:282    .text.EXTI_GetFlagStatus:00000000 $t
C:\Users\USER\AppData\Local\Temp\ccTjsbjM.s:290    .text.EXTI_GetFlagStatus:00000000 EXTI_GetFlagStatus
C:\Users\USER\AppData\Local\Temp\ccTjsbjM.s:318    .text.EXTI_GetFlagStatus:00000010 $d
C:\Users\USER\AppData\Local\Temp\ccTjsbjM.s:323    .text.EXTI_ClearFlag:00000000 $t
C:\Users\USER\AppData\Local\Temp\ccTjsbjM.s:331    .text.EXTI_ClearFlag:00000000 EXTI_ClearFlag
C:\Users\USER\AppData\Local\Temp\ccTjsbjM.s:349    .text.EXTI_ClearFlag:00000008 $d
C:\Users\USER\AppData\Local\Temp\ccTjsbjM.s:354    .text.EXTI_GetITStatus:00000000 $t
C:\Users\USER\AppData\Local\Temp\ccTjsbjM.s:362    .text.EXTI_GetITStatus:00000000 EXTI_GetITStatus
C:\Users\USER\AppData\Local\Temp\ccTjsbjM.s:373    .text.EXTI_ClearITPendingBit:00000000 $t
C:\Users\USER\AppData\Local\Temp\ccTjsbjM.s:381    .text.EXTI_ClearITPendingBit:00000000 EXTI_ClearITPendingBit
C:\Users\USER\AppData\Local\Temp\ccTjsbjM.s:393    .text.EXTI_ClearITPendingBit:00000008 $d

NO UNDEFINED SYMBOLS
