ARM GAS  C:\Users\USER\AppData\Local\Temp\ccvkoEUS.s 			page 1


   1              		.cpu cortex-m4
   2              		.eabi_attribute 27, 1
   3              		.eabi_attribute 28, 1
   4              		.eabi_attribute 20, 1
   5              		.eabi_attribute 21, 1
   6              		.eabi_attribute 23, 3
   7              		.eabi_attribute 24, 1
   8              		.eabi_attribute 25, 1
   9              		.eabi_attribute 26, 1
  10              		.eabi_attribute 30, 2
  11              		.eabi_attribute 34, 1
  12              		.eabi_attribute 18, 4
  13              		.file	"stm32f4xx_wwdg.c"
  14              		.text
  15              	.Ltext0:
  16              		.cfi_sections	.debug_frame
  17              		.section	.text.WWDG_DeInit,"ax",%progbits
  18              		.align	1
  19              		.p2align 4,,15
  20              		.global	WWDG_DeInit
  21              		.arch armv7e-m
  22              		.syntax unified
  23              		.thumb
  24              		.thumb_func
  25              		.fpu fpv4-sp-d16
  26              		.type	WWDG_DeInit, %function
  27              	WWDG_DeInit:
  28              	.LFB112:
  29              		.file 1 "src/ChibiOS_3.0.2/ext/stdperiph_stm32f4/src/stm32f4xx_wwdg.c"
  30              		.loc 1 143 1 view -0
  31              		.cfi_startproc
  32              		@ args = 0, pretend = 0, frame = 0
  33              		@ frame_needed = 0, uses_anonymous_args = 0
  34              		.loc 1 144 3 view .LVU1
  35              		.loc 1 143 1 is_stmt 0 view .LVU2
  36 0000 08B5     		push	{r3, lr}
  37              		.cfi_def_cfa_offset 8
  38              		.cfi_offset 3, -8
  39              		.cfi_offset 14, -4
  40              		.loc 1 144 3 view .LVU3
  41 0002 0121     		movs	r1, #1
  42 0004 4FF40060 		mov	r0, #2048
  43 0008 FFF7FEFF 		bl	RCC_APB1PeriphResetCmd
  44              	.LVL0:
  45              		.loc 1 145 3 is_stmt 1 view .LVU4
  46 000c 0021     		movs	r1, #0
  47 000e 4FF40060 		mov	r0, #2048
  48              		.loc 1 146 1 is_stmt 0 view .LVU5
  49 0012 BDE80840 		pop	{r3, lr}
  50              		.cfi_restore 14
  51              		.cfi_restore 3
  52              		.cfi_def_cfa_offset 0
  53              		.loc 1 145 3 view .LVU6
  54 0016 FFF7FEBF 		b	RCC_APB1PeriphResetCmd
  55              	.LVL1:
  56              		.cfi_endproc
  57              	.LFE112:
ARM GAS  C:\Users\USER\AppData\Local\Temp\ccvkoEUS.s 			page 2


  58              		.size	WWDG_DeInit, .-WWDG_DeInit
  59 001a 00BF     		.section	.text.WWDG_SetPrescaler,"ax",%progbits
  60              		.align	1
  61              		.p2align 4,,15
  62              		.global	WWDG_SetPrescaler
  63              		.syntax unified
  64              		.thumb
  65              		.thumb_func
  66              		.fpu fpv4-sp-d16
  67              		.type	WWDG_SetPrescaler, %function
  68              	WWDG_SetPrescaler:
  69              	.LVL2:
  70              	.LFB113:
  71              		.loc 1 159 1 is_stmt 1 view -0
  72              		.cfi_startproc
  73              		@ args = 0, pretend = 0, frame = 0
  74              		@ frame_needed = 0, uses_anonymous_args = 0
  75              		@ link register save eliminated.
  76              		.loc 1 160 3 view .LVU8
  77              		.loc 1 162 3 view .LVU9
  78              		.loc 1 164 3 view .LVU10
  79              		.loc 1 164 16 is_stmt 0 view .LVU11
  80 0000 034A     		ldr	r2, .L5
  81 0002 5368     		ldr	r3, [r2, #4]
  82              		.loc 1 164 10 view .LVU12
  83 0004 23F4C073 		bic	r3, r3, #384
  84              	.LVL3:
  85              		.loc 1 166 3 is_stmt 1 view .LVU13
  86              		.loc 1 166 10 is_stmt 0 view .LVU14
  87 0008 1843     		orrs	r0, r0, r3
  88              	.LVL4:
  89              		.loc 1 168 3 is_stmt 1 view .LVU15
  90              		.loc 1 168 13 is_stmt 0 view .LVU16
  91 000a 5060     		str	r0, [r2, #4]
  92              		.loc 1 169 1 view .LVU17
  93 000c 7047     		bx	lr
  94              	.L6:
  95 000e 00BF     		.align	2
  96              	.L5:
  97 0010 002C0040 		.word	1073753088
  98              		.cfi_endproc
  99              	.LFE113:
 100              		.size	WWDG_SetPrescaler, .-WWDG_SetPrescaler
 101              		.section	.text.WWDG_SetWindowValue,"ax",%progbits
 102              		.align	1
 103              		.p2align 4,,15
 104              		.global	WWDG_SetWindowValue
 105              		.syntax unified
 106              		.thumb
 107              		.thumb_func
 108              		.fpu fpv4-sp-d16
 109              		.type	WWDG_SetWindowValue, %function
 110              	WWDG_SetWindowValue:
 111              	.LVL5:
 112              	.LFB114:
 113              		.loc 1 178 1 is_stmt 1 view -0
 114              		.cfi_startproc
ARM GAS  C:\Users\USER\AppData\Local\Temp\ccvkoEUS.s 			page 3


 115              		@ args = 0, pretend = 0, frame = 8
 116              		@ frame_needed = 0, uses_anonymous_args = 0
 117              		@ link register save eliminated.
 118              		.loc 1 179 3 view .LVU19
 119              		.loc 1 178 1 is_stmt 0 view .LVU20
 120 0000 82B0     		sub	sp, sp, #8
 121              		.cfi_def_cfa_offset 8
 122              		.loc 1 185 16 view .LVU21
 123 0002 084A     		ldr	r2, .L9
 124              		.loc 1 179 17 view .LVU22
 125 0004 0023     		movs	r3, #0
 126 0006 0193     		str	r3, [sp, #4]
 127              		.loc 1 182 3 is_stmt 1 view .LVU23
 128              		.loc 1 185 3 view .LVU24
 129              		.loc 1 185 16 is_stmt 0 view .LVU25
 130 0008 5368     		ldr	r3, [r2, #4]
 131              		.loc 1 185 22 view .LVU26
 132 000a 23F07F03 		bic	r3, r3, #127
 133              		.loc 1 185 10 view .LVU27
 134 000e 0193     		str	r3, [sp, #4]
 135              		.loc 1 188 3 is_stmt 1 view .LVU28
 136              		.loc 1 188 10 is_stmt 0 view .LVU29
 137 0010 019B     		ldr	r3, [sp, #4]
 138              		.loc 1 188 25 view .LVU30
 139 0012 00F07F00 		and	r0, r0, #127
 140              	.LVL6:
 141              		.loc 1 188 10 view .LVU31
 142 0016 1843     		orrs	r0, r0, r3
 143 0018 0190     		str	r0, [sp, #4]
 144              		.loc 1 191 3 is_stmt 1 view .LVU32
 145              		.loc 1 191 13 is_stmt 0 view .LVU33
 146 001a 019B     		ldr	r3, [sp, #4]
 147 001c 5360     		str	r3, [r2, #4]
 148              		.loc 1 192 1 view .LVU34
 149 001e 02B0     		add	sp, sp, #8
 150              		.cfi_def_cfa_offset 0
 151              		@ sp needed
 152 0020 7047     		bx	lr
 153              	.L10:
 154 0022 00BF     		.align	2
 155              	.L9:
 156 0024 002C0040 		.word	1073753088
 157              		.cfi_endproc
 158              	.LFE114:
 159              		.size	WWDG_SetWindowValue, .-WWDG_SetWindowValue
 160              		.section	.text.WWDG_EnableIT,"ax",%progbits
 161              		.align	1
 162              		.p2align 4,,15
 163              		.global	WWDG_EnableIT
 164              		.syntax unified
 165              		.thumb
 166              		.thumb_func
 167              		.fpu fpv4-sp-d16
 168              		.type	WWDG_EnableIT, %function
 169              	WWDG_EnableIT:
 170              	.LFB115:
 171              		.loc 1 201 1 is_stmt 1 view -0
ARM GAS  C:\Users\USER\AppData\Local\Temp\ccvkoEUS.s 			page 4


 172              		.cfi_startproc
 173              		@ args = 0, pretend = 0, frame = 0
 174              		@ frame_needed = 0, uses_anonymous_args = 0
 175              		@ link register save eliminated.
 176              		.loc 1 202 3 view .LVU36
 177              		.loc 1 202 33 is_stmt 0 view .LVU37
 178 0000 014B     		ldr	r3, .L12
 179 0002 0122     		movs	r2, #1
 180 0004 1A60     		str	r2, [r3]
 181              		.loc 1 203 1 view .LVU38
 182 0006 7047     		bx	lr
 183              	.L13:
 184              		.align	2
 185              	.L12:
 186 0008 A4800542 		.word	1107656868
 187              		.cfi_endproc
 188              	.LFE115:
 189              		.size	WWDG_EnableIT, .-WWDG_EnableIT
 190              		.section	.text.WWDG_SetCounter,"ax",%progbits
 191              		.align	1
 192              		.p2align 4,,15
 193              		.global	WWDG_SetCounter
 194              		.syntax unified
 195              		.thumb
 196              		.thumb_func
 197              		.fpu fpv4-sp-d16
 198              		.type	WWDG_SetCounter, %function
 199              	WWDG_SetCounter:
 200              	.LVL7:
 201              	.LFB116:
 202              		.loc 1 213 1 is_stmt 1 view -0
 203              		.cfi_startproc
 204              		@ args = 0, pretend = 0, frame = 0
 205              		@ frame_needed = 0, uses_anonymous_args = 0
 206              		@ link register save eliminated.
 207              		.loc 1 215 3 view .LVU40
 208              		.loc 1 218 3 view .LVU41
 209              		.loc 1 218 12 is_stmt 0 view .LVU42
 210 0000 024B     		ldr	r3, .L15
 211              		.loc 1 218 22 view .LVU43
 212 0002 00F07F00 		and	r0, r0, #127
 213              	.LVL8:
 214              		.loc 1 218 12 view .LVU44
 215 0006 1860     		str	r0, [r3]
 216              		.loc 1 219 1 view .LVU45
 217 0008 7047     		bx	lr
 218              	.L16:
 219 000a 00BF     		.align	2
 220              	.L15:
 221 000c 002C0040 		.word	1073753088
 222              		.cfi_endproc
 223              	.LFE116:
 224              		.size	WWDG_SetCounter, .-WWDG_SetCounter
 225              		.section	.text.WWDG_Enable,"ax",%progbits
 226              		.align	1
 227              		.p2align 4,,15
 228              		.global	WWDG_Enable
ARM GAS  C:\Users\USER\AppData\Local\Temp\ccvkoEUS.s 			page 5


 229              		.syntax unified
 230              		.thumb
 231              		.thumb_func
 232              		.fpu fpv4-sp-d16
 233              		.type	WWDG_Enable, %function
 234              	WWDG_Enable:
 235              	.LVL9:
 236              	.LFB117:
 237              		.loc 1 244 1 is_stmt 1 view -0
 238              		.cfi_startproc
 239              		@ args = 0, pretend = 0, frame = 0
 240              		@ frame_needed = 0, uses_anonymous_args = 0
 241              		@ link register save eliminated.
 242              		.loc 1 246 3 view .LVU47
 243              		.loc 1 247 3 view .LVU48
 244              		.loc 1 247 12 is_stmt 0 view .LVU49
 245 0000 024B     		ldr	r3, .L18
 246              		.loc 1 247 27 view .LVU50
 247 0002 40F08000 		orr	r0, r0, #128
 248              	.LVL10:
 249              		.loc 1 247 12 view .LVU51
 250 0006 1860     		str	r0, [r3]
 251              		.loc 1 248 1 view .LVU52
 252 0008 7047     		bx	lr
 253              	.L19:
 254 000a 00BF     		.align	2
 255              	.L18:
 256 000c 002C0040 		.word	1073753088
 257              		.cfi_endproc
 258              	.LFE117:
 259              		.size	WWDG_Enable, .-WWDG_Enable
 260              		.section	.text.WWDG_GetFlagStatus,"ax",%progbits
 261              		.align	1
 262              		.p2align 4,,15
 263              		.global	WWDG_GetFlagStatus
 264              		.syntax unified
 265              		.thumb
 266              		.thumb_func
 267              		.fpu fpv4-sp-d16
 268              		.type	WWDG_GetFlagStatus, %function
 269              	WWDG_GetFlagStatus:
 270              	.LFB118:
 271              		.loc 1 271 1 is_stmt 1 view -0
 272              		.cfi_startproc
 273              		@ args = 0, pretend = 0, frame = 0
 274              		@ frame_needed = 0, uses_anonymous_args = 0
 275              		@ link register save eliminated.
 276              		.loc 1 272 3 view .LVU54
 277              	.LVL11:
 278              		.loc 1 274 3 view .LVU55
 279              		.loc 1 274 12 is_stmt 0 view .LVU56
 280 0000 024B     		ldr	r3, .L21
 281 0002 9868     		ldr	r0, [r3, #8]
 282              	.LVL12:
 283              		.loc 1 282 3 is_stmt 1 view .LVU57
 284              		.loc 1 283 1 is_stmt 0 view .LVU58
 285 0004 0030     		adds	r0, r0, #0
ARM GAS  C:\Users\USER\AppData\Local\Temp\ccvkoEUS.s 			page 6


 286              		.loc 1 283 1 view .LVU59
 287 0006 18BF     		it	ne
 288 0008 0120     		movne	r0, #1
 289              	.LVL13:
 290              		.loc 1 283 1 view .LVU60
 291 000a 7047     		bx	lr
 292              	.L22:
 293              		.align	2
 294              	.L21:
 295 000c 002C0040 		.word	1073753088
 296              		.cfi_endproc
 297              	.LFE118:
 298              		.size	WWDG_GetFlagStatus, .-WWDG_GetFlagStatus
 299              		.section	.text.WWDG_ClearFlag,"ax",%progbits
 300              		.align	1
 301              		.p2align 4,,15
 302              		.global	WWDG_ClearFlag
 303              		.syntax unified
 304              		.thumb
 305              		.thumb_func
 306              		.fpu fpv4-sp-d16
 307              		.type	WWDG_ClearFlag, %function
 308              	WWDG_ClearFlag:
 309              	.LFB119:
 310              		.loc 1 291 1 is_stmt 1 view -0
 311              		.cfi_startproc
 312              		@ args = 0, pretend = 0, frame = 0
 313              		@ frame_needed = 0, uses_anonymous_args = 0
 314              		@ link register save eliminated.
 315              		.loc 1 292 3 view .LVU62
 316              		.loc 1 292 12 is_stmt 0 view .LVU63
 317 0000 014B     		ldr	r3, .L24
 318 0002 0022     		movs	r2, #0
 319 0004 9A60     		str	r2, [r3, #8]
 320              		.loc 1 293 1 view .LVU64
 321 0006 7047     		bx	lr
 322              	.L25:
 323              		.align	2
 324              	.L24:
 325 0008 002C0040 		.word	1073753088
 326              		.cfi_endproc
 327              	.LFE119:
 328              		.size	WWDG_ClearFlag, .-WWDG_ClearFlag
 329              		.text
 330              	.Letext0:
 331              		.file 2 "c:\\program files (x86)\\gnu tools arm embedded\\8 2018-q4-major\\arm-none-eabi\\include\
 332              		.file 3 "c:\\program files (x86)\\gnu tools arm embedded\\8 2018-q4-major\\arm-none-eabi\\include\
 333              		.file 4 "src/ChibiOS_3.0.2/os/ext/CMSIS/include/core_cm4.h"
 334              		.file 5 "src/ChibiOS_3.0.2/os/ext/CMSIS/ST/system_stm32f4xx.h"
 335              		.file 6 "src/ChibiOS_3.0.2/os/ext/CMSIS/ST/stm32f407xx.h"
 336              		.file 7 "src/ChibiOS_3.0.2/os/ext/CMSIS/ST/stm32f4xx.h"
 337              		.file 8 "src/ChibiOS_3.0.2/ext/stdperiph_stm32f4/inc/stm32f4xx_rcc.h"
 338              		.section	.debug_info,"",%progbits
 339              	.Ldebug_info0:
 340 0000 CE020000 		.4byte	0x2ce
 341 0004 0400     		.2byte	0x4
 342 0006 00000000 		.4byte	.Ldebug_abbrev0
ARM GAS  C:\Users\USER\AppData\Local\Temp\ccvkoEUS.s 			page 7


 343 000a 04       		.byte	0x4
 344 000b 01       		.uleb128 0x1
 345 000c 62000000 		.4byte	.LASF34
 346 0010 0C       		.byte	0xc
 347 0011 02030000 		.4byte	.LASF35
 348 0015 14000000 		.4byte	.LASF36
 349 0019 00000000 		.4byte	.Ldebug_ranges0+0
 350 001d 00000000 		.4byte	0
 351 0021 00000000 		.4byte	.Ldebug_line0
 352 0025 02       		.uleb128 0x2
 353 0026 01       		.byte	0x1
 354 0027 06       		.byte	0x6
 355 0028 B6010000 		.4byte	.LASF0
 356 002c 03       		.uleb128 0x3
 357 002d 00000000 		.4byte	.LASF4
 358 0031 02       		.byte	0x2
 359 0032 2B       		.byte	0x2b
 360 0033 18       		.byte	0x18
 361 0034 38000000 		.4byte	0x38
 362 0038 02       		.uleb128 0x2
 363 0039 01       		.byte	0x1
 364 003a 08       		.byte	0x8
 365 003b 13020000 		.4byte	.LASF1
 366 003f 02       		.uleb128 0x2
 367 0040 02       		.byte	0x2
 368 0041 05       		.byte	0x5
 369 0042 B0020000 		.4byte	.LASF2
 370 0046 02       		.uleb128 0x2
 371 0047 02       		.byte	0x2
 372 0048 07       		.byte	0x7
 373 0049 5E030000 		.4byte	.LASF3
 374 004d 03       		.uleb128 0x3
 375 004e 0A000000 		.4byte	.LASF5
 376 0052 02       		.byte	0x2
 377 0053 4D       		.byte	0x4d
 378 0054 18       		.byte	0x18
 379 0055 59000000 		.4byte	0x59
 380 0059 02       		.uleb128 0x2
 381 005a 04       		.byte	0x4
 382 005b 05       		.byte	0x5
 383 005c F9020000 		.4byte	.LASF6
 384 0060 03       		.uleb128 0x3
 385 0061 A4010000 		.4byte	.LASF7
 386 0065 02       		.byte	0x2
 387 0066 4F       		.byte	0x4f
 388 0067 19       		.byte	0x19
 389 0068 6C000000 		.4byte	0x6c
 390 006c 02       		.uleb128 0x2
 391 006d 04       		.byte	0x4
 392 006e 07       		.byte	0x7
 393 006f EE010000 		.4byte	.LASF8
 394 0073 02       		.uleb128 0x2
 395 0074 08       		.byte	0x8
 396 0075 05       		.byte	0x5
 397 0076 92020000 		.4byte	.LASF9
 398 007a 02       		.uleb128 0x2
 399 007b 08       		.byte	0x8
ARM GAS  C:\Users\USER\AppData\Local\Temp\ccvkoEUS.s 			page 8


 400 007c 07       		.byte	0x7
 401 007d 42020000 		.4byte	.LASF10
 402 0081 04       		.uleb128 0x4
 403 0082 04       		.byte	0x4
 404 0083 05       		.byte	0x5
 405 0084 696E7400 		.ascii	"int\000"
 406 0088 02       		.uleb128 0x2
 407 0089 04       		.byte	0x4
 408 008a 07       		.byte	0x7
 409 008b 35020000 		.4byte	.LASF11
 410 008f 03       		.uleb128 0x3
 411 0090 59020000 		.4byte	.LASF12
 412 0094 03       		.byte	0x3
 413 0095 18       		.byte	0x18
 414 0096 13       		.byte	0x13
 415 0097 2C000000 		.4byte	0x2c
 416 009b 03       		.uleb128 0x3
 417 009c 90010000 		.4byte	.LASF13
 418 00a0 03       		.byte	0x3
 419 00a1 2C       		.byte	0x2c
 420 00a2 13       		.byte	0x13
 421 00a3 4D000000 		.4byte	0x4d
 422 00a7 05       		.uleb128 0x5
 423 00a8 9B000000 		.4byte	0x9b
 424 00ac 03       		.uleb128 0x3
 425 00ad F0020000 		.4byte	.LASF14
 426 00b1 03       		.byte	0x3
 427 00b2 30       		.byte	0x30
 428 00b3 14       		.byte	0x14
 429 00b4 60000000 		.4byte	0x60
 430 00b8 05       		.uleb128 0x5
 431 00b9 AC000000 		.4byte	0xac
 432 00bd 06       		.uleb128 0x6
 433 00be 06020000 		.4byte	.LASF15
 434 00c2 04       		.byte	0x4
 435 00c3 A706     		.2byte	0x6a7
 436 00c5 19       		.byte	0x19
 437 00c6 A7000000 		.4byte	0xa7
 438 00ca 07       		.uleb128 0x7
 439 00cb A0020000 		.4byte	.LASF16
 440 00cf 05       		.byte	0x5
 441 00d0 4C       		.byte	0x4c
 442 00d1 11       		.byte	0x11
 443 00d2 AC000000 		.4byte	0xac
 444 00d6 08       		.uleb128 0x8
 445 00d7 0C       		.byte	0xc
 446 00d8 06       		.byte	0x6
 447 00d9 1803     		.2byte	0x318
 448 00db 09       		.byte	0x9
 449 00dc 09010000 		.4byte	0x109
 450 00e0 09       		.uleb128 0x9
 451 00e1 435200   		.ascii	"CR\000"
 452 00e4 06       		.byte	0x6
 453 00e5 1A03     		.2byte	0x31a
 454 00e7 11       		.byte	0x11
 455 00e8 B8000000 		.4byte	0xb8
 456 00ec 00       		.byte	0
ARM GAS  C:\Users\USER\AppData\Local\Temp\ccvkoEUS.s 			page 9


 457 00ed 09       		.uleb128 0x9
 458 00ee 43465200 		.ascii	"CFR\000"
 459 00f2 06       		.byte	0x6
 460 00f3 1B03     		.2byte	0x31b
 461 00f5 11       		.byte	0x11
 462 00f6 B8000000 		.4byte	0xb8
 463 00fa 04       		.byte	0x4
 464 00fb 09       		.uleb128 0x9
 465 00fc 535200   		.ascii	"SR\000"
 466 00ff 06       		.byte	0x6
 467 0100 1C03     		.2byte	0x31c
 468 0102 11       		.byte	0x11
 469 0103 B8000000 		.4byte	0xb8
 470 0107 08       		.byte	0x8
 471 0108 00       		.byte	0
 472 0109 0A       		.uleb128 0xa
 473 010a 4B000000 		.4byte	.LASF17
 474 010e 06       		.byte	0x6
 475 010f 1D03     		.2byte	0x31d
 476 0111 03       		.byte	0x3
 477 0112 D6000000 		.4byte	0xd6
 478 0116 0B       		.uleb128 0xb
 479 0117 07       		.byte	0x7
 480 0118 01       		.byte	0x1
 481 0119 38000000 		.4byte	0x38
 482 011d 07       		.byte	0x7
 483 011e A2       		.byte	0xa2
 484 011f 01       		.byte	0x1
 485 0120 31010000 		.4byte	0x131
 486 0124 0C       		.uleb128 0xc
 487 0125 00020000 		.4byte	.LASF18
 488 0129 00       		.byte	0
 489 012a 0D       		.uleb128 0xd
 490 012b 53455400 		.ascii	"SET\000"
 491 012f 01       		.byte	0x1
 492 0130 00       		.byte	0
 493 0131 03       		.uleb128 0x3
 494 0132 D0010000 		.4byte	.LASF19
 495 0136 07       		.byte	0x7
 496 0137 A5       		.byte	0xa5
 497 0138 03       		.byte	0x3
 498 0139 16010000 		.4byte	0x116
 499 013d 0B       		.uleb128 0xb
 500 013e 07       		.byte	0x7
 501 013f 01       		.byte	0x1
 502 0140 38000000 		.4byte	0x38
 503 0144 07       		.byte	0x7
 504 0145 A8       		.byte	0xa8
 505 0146 01       		.byte	0x1
 506 0147 58010000 		.4byte	0x158
 507 014b 0C       		.uleb128 0xc
 508 014c 3F030000 		.4byte	.LASF20
 509 0150 00       		.byte	0
 510 0151 0C       		.uleb128 0xc
 511 0152 AF010000 		.4byte	.LASF21
 512 0156 01       		.byte	0x1
 513 0157 00       		.byte	0
ARM GAS  C:\Users\USER\AppData\Local\Temp\ccvkoEUS.s 			page 10


 514 0158 0E       		.uleb128 0xe
 515 0159 C1020000 		.4byte	.LASF26
 516 015d 01       		.byte	0x1
 517 015e 2201     		.2byte	0x122
 518 0160 06       		.byte	0x6
 519 0161 00000000 		.4byte	.LFB119
 520 0165 0C000000 		.4byte	.LFE119-.LFB119
 521 0169 01       		.uleb128 0x1
 522 016a 9C       		.byte	0x9c
 523 016b 0F       		.uleb128 0xf
 524 016c DB010000 		.4byte	.LASF37
 525 0170 01       		.byte	0x1
 526 0171 0E01     		.2byte	0x10e
 527 0173 0C       		.byte	0xc
 528 0174 31010000 		.4byte	0x131
 529 0178 00000000 		.4byte	.LFB118
 530 017c 10000000 		.4byte	.LFE118-.LFB118
 531 0180 01       		.uleb128 0x1
 532 0181 9C       		.byte	0x9c
 533 0182 9C010000 		.4byte	0x19c
 534 0186 10       		.uleb128 0x10
 535 0187 58000000 		.4byte	.LASF22
 536 018b 01       		.byte	0x1
 537 018c 1001     		.2byte	0x110
 538 018e 0E       		.byte	0xe
 539 018f 31010000 		.4byte	0x131
 540 0193 04000000 		.4byte	.LLST5
 541 0197 00000000 		.4byte	.LVUS5
 542 019b 00       		.byte	0
 543 019c 11       		.uleb128 0x11
 544 019d 98010000 		.4byte	.LASF23
 545 01a1 01       		.byte	0x1
 546 01a2 F3       		.byte	0xf3
 547 01a3 06       		.byte	0x6
 548 01a4 00000000 		.4byte	.LFB117
 549 01a8 10000000 		.4byte	.LFE117-.LFB117
 550 01ac 01       		.uleb128 0x1
 551 01ad 9C       		.byte	0x9c
 552 01ae C7010000 		.4byte	0x1c7
 553 01b2 12       		.uleb128 0x12
 554 01b3 2D020000 		.4byte	.LASF25
 555 01b7 01       		.byte	0x1
 556 01b8 F3       		.byte	0xf3
 557 01b9 1A       		.byte	0x1a
 558 01ba 8F000000 		.4byte	0x8f
 559 01be 2B000000 		.4byte	.LLST4
 560 01c2 27000000 		.4byte	.LVUS4
 561 01c6 00       		.byte	0
 562 01c7 11       		.uleb128 0x11
 563 01c8 73020000 		.4byte	.LASF24
 564 01cc 01       		.byte	0x1
 565 01cd D4       		.byte	0xd4
 566 01ce 06       		.byte	0x6
 567 01cf 00000000 		.4byte	.LFB116
 568 01d3 10000000 		.4byte	.LFE116-.LFB116
 569 01d7 01       		.uleb128 0x1
 570 01d8 9C       		.byte	0x9c
ARM GAS  C:\Users\USER\AppData\Local\Temp\ccvkoEUS.s 			page 11


 571 01d9 F2010000 		.4byte	0x1f2
 572 01dd 12       		.uleb128 0x12
 573 01de 2D020000 		.4byte	.LASF25
 574 01e2 01       		.byte	0x1
 575 01e3 D4       		.byte	0xd4
 576 01e4 1E       		.byte	0x1e
 577 01e5 8F000000 		.4byte	0x8f
 578 01e9 50000000 		.4byte	.LLST3
 579 01ed 4C000000 		.4byte	.LVUS3
 580 01f1 00       		.byte	0
 581 01f2 13       		.uleb128 0x13
 582 01f3 C2010000 		.4byte	.LASF27
 583 01f7 01       		.byte	0x1
 584 01f8 C8       		.byte	0xc8
 585 01f9 06       		.byte	0x6
 586 01fa 00000000 		.4byte	.LFB115
 587 01fe 0C000000 		.4byte	.LFE115-.LFB115
 588 0202 01       		.uleb128 0x1
 589 0203 9C       		.byte	0x9c
 590 0204 11       		.uleb128 0x11
 591 0205 D0020000 		.4byte	.LASF28
 592 0209 01       		.byte	0x1
 593 020a B1       		.byte	0xb1
 594 020b 06       		.byte	0x6
 595 020c 00000000 		.4byte	.LFB114
 596 0210 28000000 		.4byte	.LFE114-.LFB114
 597 0214 01       		.uleb128 0x1
 598 0215 9C       		.byte	0x9c
 599 0216 3E020000 		.4byte	0x23e
 600 021a 12       		.uleb128 0x12
 601 021b 21020000 		.4byte	.LASF29
 602 021f 01       		.byte	0x1
 603 0220 B1       		.byte	0xb1
 604 0221 22       		.byte	0x22
 605 0222 8F000000 		.4byte	0x8f
 606 0226 75000000 		.4byte	.LLST2
 607 022a 71000000 		.4byte	.LVUS2
 608 022e 14       		.uleb128 0x14
 609 022f BA020000 		.4byte	.LASF32
 610 0233 01       		.byte	0x1
 611 0234 B3       		.byte	0xb3
 612 0235 11       		.byte	0x11
 613 0236 B8000000 		.4byte	0xb8
 614 023a 02       		.uleb128 0x2
 615 023b 91       		.byte	0x91
 616 023c 7C       		.sleb128 -4
 617 023d 00       		.byte	0
 618 023e 11       		.uleb128 0x11
 619 023f 61020000 		.4byte	.LASF30
 620 0243 01       		.byte	0x1
 621 0244 9E       		.byte	0x9e
 622 0245 06       		.byte	0x6
 623 0246 00000000 		.4byte	.LFB113
 624 024a 14000000 		.4byte	.LFE113-.LFB113
 625 024e 01       		.uleb128 0x1
 626 024f 9C       		.byte	0x9c
 627 0250 7D020000 		.4byte	0x27d
ARM GAS  C:\Users\USER\AppData\Local\Temp\ccvkoEUS.s 			page 12


 628 0254 12       		.uleb128 0x12
 629 0255 83020000 		.4byte	.LASF31
 630 0259 01       		.byte	0x1
 631 025a 9E       		.byte	0x9e
 632 025b 21       		.byte	0x21
 633 025c AC000000 		.4byte	0xac
 634 0260 9A000000 		.4byte	.LLST0
 635 0264 96000000 		.4byte	.LVUS0
 636 0268 15       		.uleb128 0x15
 637 0269 BA020000 		.4byte	.LASF32
 638 026d 01       		.byte	0x1
 639 026e A0       		.byte	0xa0
 640 026f 0C       		.byte	0xc
 641 0270 AC000000 		.4byte	0xac
 642 0274 C1000000 		.4byte	.LLST1
 643 0278 BB000000 		.4byte	.LVUS1
 644 027c 00       		.byte	0
 645 027d 11       		.uleb128 0x11
 646 027e E4020000 		.4byte	.LASF33
 647 0282 01       		.byte	0x1
 648 0283 8E       		.byte	0x8e
 649 0284 06       		.byte	0x6
 650 0285 00000000 		.4byte	.LFB112
 651 0289 1A000000 		.4byte	.LFE112-.LFB112
 652 028d 01       		.uleb128 0x1
 653 028e 9C       		.byte	0x9c
 654 028f C4020000 		.4byte	0x2c4
 655 0293 16       		.uleb128 0x16
 656 0294 0C000000 		.4byte	.LVL0
 657 0298 C4020000 		.4byte	0x2c4
 658 029c AD020000 		.4byte	0x2ad
 659 02a0 17       		.uleb128 0x17
 660 02a1 01       		.uleb128 0x1
 661 02a2 50       		.byte	0x50
 662 02a3 03       		.uleb128 0x3
 663 02a4 0A       		.byte	0xa
 664 02a5 0008     		.2byte	0x800
 665 02a7 17       		.uleb128 0x17
 666 02a8 01       		.uleb128 0x1
 667 02a9 51       		.byte	0x51
 668 02aa 01       		.uleb128 0x1
 669 02ab 31       		.byte	0x31
 670 02ac 00       		.byte	0
 671 02ad 18       		.uleb128 0x18
 672 02ae 1A000000 		.4byte	.LVL1
 673 02b2 C4020000 		.4byte	0x2c4
 674 02b6 17       		.uleb128 0x17
 675 02b7 01       		.uleb128 0x1
 676 02b8 50       		.byte	0x50
 677 02b9 03       		.uleb128 0x3
 678 02ba 0A       		.byte	0xa
 679 02bb 0008     		.2byte	0x800
 680 02bd 17       		.uleb128 0x17
 681 02be 01       		.uleb128 0x1
 682 02bf 51       		.byte	0x51
 683 02c0 01       		.uleb128 0x1
 684 02c1 30       		.byte	0x30
ARM GAS  C:\Users\USER\AppData\Local\Temp\ccvkoEUS.s 			page 13


 685 02c2 00       		.byte	0
 686 02c3 00       		.byte	0
 687 02c4 19       		.uleb128 0x19
 688 02c5 47030000 		.4byte	.LASF38
 689 02c9 47030000 		.4byte	.LASF38
 690 02cd 08       		.byte	0x8
 691 02ce 6103     		.2byte	0x361
 692 02d0 0D       		.byte	0xd
 693 02d1 00       		.byte	0
 694              		.section	.debug_abbrev,"",%progbits
 695              	.Ldebug_abbrev0:
 696 0000 01       		.uleb128 0x1
 697 0001 11       		.uleb128 0x11
 698 0002 01       		.byte	0x1
 699 0003 25       		.uleb128 0x25
 700 0004 0E       		.uleb128 0xe
 701 0005 13       		.uleb128 0x13
 702 0006 0B       		.uleb128 0xb
 703 0007 03       		.uleb128 0x3
 704 0008 0E       		.uleb128 0xe
 705 0009 1B       		.uleb128 0x1b
 706 000a 0E       		.uleb128 0xe
 707 000b 55       		.uleb128 0x55
 708 000c 17       		.uleb128 0x17
 709 000d 11       		.uleb128 0x11
 710 000e 01       		.uleb128 0x1
 711 000f 10       		.uleb128 0x10
 712 0010 17       		.uleb128 0x17
 713 0011 00       		.byte	0
 714 0012 00       		.byte	0
 715 0013 02       		.uleb128 0x2
 716 0014 24       		.uleb128 0x24
 717 0015 00       		.byte	0
 718 0016 0B       		.uleb128 0xb
 719 0017 0B       		.uleb128 0xb
 720 0018 3E       		.uleb128 0x3e
 721 0019 0B       		.uleb128 0xb
 722 001a 03       		.uleb128 0x3
 723 001b 0E       		.uleb128 0xe
 724 001c 00       		.byte	0
 725 001d 00       		.byte	0
 726 001e 03       		.uleb128 0x3
 727 001f 16       		.uleb128 0x16
 728 0020 00       		.byte	0
 729 0021 03       		.uleb128 0x3
 730 0022 0E       		.uleb128 0xe
 731 0023 3A       		.uleb128 0x3a
 732 0024 0B       		.uleb128 0xb
 733 0025 3B       		.uleb128 0x3b
 734 0026 0B       		.uleb128 0xb
 735 0027 39       		.uleb128 0x39
 736 0028 0B       		.uleb128 0xb
 737 0029 49       		.uleb128 0x49
 738 002a 13       		.uleb128 0x13
 739 002b 00       		.byte	0
 740 002c 00       		.byte	0
 741 002d 04       		.uleb128 0x4
ARM GAS  C:\Users\USER\AppData\Local\Temp\ccvkoEUS.s 			page 14


 742 002e 24       		.uleb128 0x24
 743 002f 00       		.byte	0
 744 0030 0B       		.uleb128 0xb
 745 0031 0B       		.uleb128 0xb
 746 0032 3E       		.uleb128 0x3e
 747 0033 0B       		.uleb128 0xb
 748 0034 03       		.uleb128 0x3
 749 0035 08       		.uleb128 0x8
 750 0036 00       		.byte	0
 751 0037 00       		.byte	0
 752 0038 05       		.uleb128 0x5
 753 0039 35       		.uleb128 0x35
 754 003a 00       		.byte	0
 755 003b 49       		.uleb128 0x49
 756 003c 13       		.uleb128 0x13
 757 003d 00       		.byte	0
 758 003e 00       		.byte	0
 759 003f 06       		.uleb128 0x6
 760 0040 34       		.uleb128 0x34
 761 0041 00       		.byte	0
 762 0042 03       		.uleb128 0x3
 763 0043 0E       		.uleb128 0xe
 764 0044 3A       		.uleb128 0x3a
 765 0045 0B       		.uleb128 0xb
 766 0046 3B       		.uleb128 0x3b
 767 0047 05       		.uleb128 0x5
 768 0048 39       		.uleb128 0x39
 769 0049 0B       		.uleb128 0xb
 770 004a 49       		.uleb128 0x49
 771 004b 13       		.uleb128 0x13
 772 004c 3F       		.uleb128 0x3f
 773 004d 19       		.uleb128 0x19
 774 004e 3C       		.uleb128 0x3c
 775 004f 19       		.uleb128 0x19
 776 0050 00       		.byte	0
 777 0051 00       		.byte	0
 778 0052 07       		.uleb128 0x7
 779 0053 34       		.uleb128 0x34
 780 0054 00       		.byte	0
 781 0055 03       		.uleb128 0x3
 782 0056 0E       		.uleb128 0xe
 783 0057 3A       		.uleb128 0x3a
 784 0058 0B       		.uleb128 0xb
 785 0059 3B       		.uleb128 0x3b
 786 005a 0B       		.uleb128 0xb
 787 005b 39       		.uleb128 0x39
 788 005c 0B       		.uleb128 0xb
 789 005d 49       		.uleb128 0x49
 790 005e 13       		.uleb128 0x13
 791 005f 3F       		.uleb128 0x3f
 792 0060 19       		.uleb128 0x19
 793 0061 3C       		.uleb128 0x3c
 794 0062 19       		.uleb128 0x19
 795 0063 00       		.byte	0
 796 0064 00       		.byte	0
 797 0065 08       		.uleb128 0x8
 798 0066 13       		.uleb128 0x13
ARM GAS  C:\Users\USER\AppData\Local\Temp\ccvkoEUS.s 			page 15


 799 0067 01       		.byte	0x1
 800 0068 0B       		.uleb128 0xb
 801 0069 0B       		.uleb128 0xb
 802 006a 3A       		.uleb128 0x3a
 803 006b 0B       		.uleb128 0xb
 804 006c 3B       		.uleb128 0x3b
 805 006d 05       		.uleb128 0x5
 806 006e 39       		.uleb128 0x39
 807 006f 0B       		.uleb128 0xb
 808 0070 01       		.uleb128 0x1
 809 0071 13       		.uleb128 0x13
 810 0072 00       		.byte	0
 811 0073 00       		.byte	0
 812 0074 09       		.uleb128 0x9
 813 0075 0D       		.uleb128 0xd
 814 0076 00       		.byte	0
 815 0077 03       		.uleb128 0x3
 816 0078 08       		.uleb128 0x8
 817 0079 3A       		.uleb128 0x3a
 818 007a 0B       		.uleb128 0xb
 819 007b 3B       		.uleb128 0x3b
 820 007c 05       		.uleb128 0x5
 821 007d 39       		.uleb128 0x39
 822 007e 0B       		.uleb128 0xb
 823 007f 49       		.uleb128 0x49
 824 0080 13       		.uleb128 0x13
 825 0081 38       		.uleb128 0x38
 826 0082 0B       		.uleb128 0xb
 827 0083 00       		.byte	0
 828 0084 00       		.byte	0
 829 0085 0A       		.uleb128 0xa
 830 0086 16       		.uleb128 0x16
 831 0087 00       		.byte	0
 832 0088 03       		.uleb128 0x3
 833 0089 0E       		.uleb128 0xe
 834 008a 3A       		.uleb128 0x3a
 835 008b 0B       		.uleb128 0xb
 836 008c 3B       		.uleb128 0x3b
 837 008d 05       		.uleb128 0x5
 838 008e 39       		.uleb128 0x39
 839 008f 0B       		.uleb128 0xb
 840 0090 49       		.uleb128 0x49
 841 0091 13       		.uleb128 0x13
 842 0092 00       		.byte	0
 843 0093 00       		.byte	0
 844 0094 0B       		.uleb128 0xb
 845 0095 04       		.uleb128 0x4
 846 0096 01       		.byte	0x1
 847 0097 3E       		.uleb128 0x3e
 848 0098 0B       		.uleb128 0xb
 849 0099 0B       		.uleb128 0xb
 850 009a 0B       		.uleb128 0xb
 851 009b 49       		.uleb128 0x49
 852 009c 13       		.uleb128 0x13
 853 009d 3A       		.uleb128 0x3a
 854 009e 0B       		.uleb128 0xb
 855 009f 3B       		.uleb128 0x3b
ARM GAS  C:\Users\USER\AppData\Local\Temp\ccvkoEUS.s 			page 16


 856 00a0 0B       		.uleb128 0xb
 857 00a1 39       		.uleb128 0x39
 858 00a2 0B       		.uleb128 0xb
 859 00a3 01       		.uleb128 0x1
 860 00a4 13       		.uleb128 0x13
 861 00a5 00       		.byte	0
 862 00a6 00       		.byte	0
 863 00a7 0C       		.uleb128 0xc
 864 00a8 28       		.uleb128 0x28
 865 00a9 00       		.byte	0
 866 00aa 03       		.uleb128 0x3
 867 00ab 0E       		.uleb128 0xe
 868 00ac 1C       		.uleb128 0x1c
 869 00ad 0B       		.uleb128 0xb
 870 00ae 00       		.byte	0
 871 00af 00       		.byte	0
 872 00b0 0D       		.uleb128 0xd
 873 00b1 28       		.uleb128 0x28
 874 00b2 00       		.byte	0
 875 00b3 03       		.uleb128 0x3
 876 00b4 08       		.uleb128 0x8
 877 00b5 1C       		.uleb128 0x1c
 878 00b6 0B       		.uleb128 0xb
 879 00b7 00       		.byte	0
 880 00b8 00       		.byte	0
 881 00b9 0E       		.uleb128 0xe
 882 00ba 2E       		.uleb128 0x2e
 883 00bb 00       		.byte	0
 884 00bc 3F       		.uleb128 0x3f
 885 00bd 19       		.uleb128 0x19
 886 00be 03       		.uleb128 0x3
 887 00bf 0E       		.uleb128 0xe
 888 00c0 3A       		.uleb128 0x3a
 889 00c1 0B       		.uleb128 0xb
 890 00c2 3B       		.uleb128 0x3b
 891 00c3 05       		.uleb128 0x5
 892 00c4 39       		.uleb128 0x39
 893 00c5 0B       		.uleb128 0xb
 894 00c6 27       		.uleb128 0x27
 895 00c7 19       		.uleb128 0x19
 896 00c8 11       		.uleb128 0x11
 897 00c9 01       		.uleb128 0x1
 898 00ca 12       		.uleb128 0x12
 899 00cb 06       		.uleb128 0x6
 900 00cc 40       		.uleb128 0x40
 901 00cd 18       		.uleb128 0x18
 902 00ce 9742     		.uleb128 0x2117
 903 00d0 19       		.uleb128 0x19
 904 00d1 00       		.byte	0
 905 00d2 00       		.byte	0
 906 00d3 0F       		.uleb128 0xf
 907 00d4 2E       		.uleb128 0x2e
 908 00d5 01       		.byte	0x1
 909 00d6 3F       		.uleb128 0x3f
 910 00d7 19       		.uleb128 0x19
 911 00d8 03       		.uleb128 0x3
 912 00d9 0E       		.uleb128 0xe
ARM GAS  C:\Users\USER\AppData\Local\Temp\ccvkoEUS.s 			page 17


 913 00da 3A       		.uleb128 0x3a
 914 00db 0B       		.uleb128 0xb
 915 00dc 3B       		.uleb128 0x3b
 916 00dd 05       		.uleb128 0x5
 917 00de 39       		.uleb128 0x39
 918 00df 0B       		.uleb128 0xb
 919 00e0 27       		.uleb128 0x27
 920 00e1 19       		.uleb128 0x19
 921 00e2 49       		.uleb128 0x49
 922 00e3 13       		.uleb128 0x13
 923 00e4 11       		.uleb128 0x11
 924 00e5 01       		.uleb128 0x1
 925 00e6 12       		.uleb128 0x12
 926 00e7 06       		.uleb128 0x6
 927 00e8 40       		.uleb128 0x40
 928 00e9 18       		.uleb128 0x18
 929 00ea 9742     		.uleb128 0x2117
 930 00ec 19       		.uleb128 0x19
 931 00ed 01       		.uleb128 0x1
 932 00ee 13       		.uleb128 0x13
 933 00ef 00       		.byte	0
 934 00f0 00       		.byte	0
 935 00f1 10       		.uleb128 0x10
 936 00f2 34       		.uleb128 0x34
 937 00f3 00       		.byte	0
 938 00f4 03       		.uleb128 0x3
 939 00f5 0E       		.uleb128 0xe
 940 00f6 3A       		.uleb128 0x3a
 941 00f7 0B       		.uleb128 0xb
 942 00f8 3B       		.uleb128 0x3b
 943 00f9 05       		.uleb128 0x5
 944 00fa 39       		.uleb128 0x39
 945 00fb 0B       		.uleb128 0xb
 946 00fc 49       		.uleb128 0x49
 947 00fd 13       		.uleb128 0x13
 948 00fe 02       		.uleb128 0x2
 949 00ff 17       		.uleb128 0x17
 950 0100 B742     		.uleb128 0x2137
 951 0102 17       		.uleb128 0x17
 952 0103 00       		.byte	0
 953 0104 00       		.byte	0
 954 0105 11       		.uleb128 0x11
 955 0106 2E       		.uleb128 0x2e
 956 0107 01       		.byte	0x1
 957 0108 3F       		.uleb128 0x3f
 958 0109 19       		.uleb128 0x19
 959 010a 03       		.uleb128 0x3
 960 010b 0E       		.uleb128 0xe
 961 010c 3A       		.uleb128 0x3a
 962 010d 0B       		.uleb128 0xb
 963 010e 3B       		.uleb128 0x3b
 964 010f 0B       		.uleb128 0xb
 965 0110 39       		.uleb128 0x39
 966 0111 0B       		.uleb128 0xb
 967 0112 27       		.uleb128 0x27
 968 0113 19       		.uleb128 0x19
 969 0114 11       		.uleb128 0x11
ARM GAS  C:\Users\USER\AppData\Local\Temp\ccvkoEUS.s 			page 18


 970 0115 01       		.uleb128 0x1
 971 0116 12       		.uleb128 0x12
 972 0117 06       		.uleb128 0x6
 973 0118 40       		.uleb128 0x40
 974 0119 18       		.uleb128 0x18
 975 011a 9742     		.uleb128 0x2117
 976 011c 19       		.uleb128 0x19
 977 011d 01       		.uleb128 0x1
 978 011e 13       		.uleb128 0x13
 979 011f 00       		.byte	0
 980 0120 00       		.byte	0
 981 0121 12       		.uleb128 0x12
 982 0122 05       		.uleb128 0x5
 983 0123 00       		.byte	0
 984 0124 03       		.uleb128 0x3
 985 0125 0E       		.uleb128 0xe
 986 0126 3A       		.uleb128 0x3a
 987 0127 0B       		.uleb128 0xb
 988 0128 3B       		.uleb128 0x3b
 989 0129 0B       		.uleb128 0xb
 990 012a 39       		.uleb128 0x39
 991 012b 0B       		.uleb128 0xb
 992 012c 49       		.uleb128 0x49
 993 012d 13       		.uleb128 0x13
 994 012e 02       		.uleb128 0x2
 995 012f 17       		.uleb128 0x17
 996 0130 B742     		.uleb128 0x2137
 997 0132 17       		.uleb128 0x17
 998 0133 00       		.byte	0
 999 0134 00       		.byte	0
 1000 0135 13       		.uleb128 0x13
 1001 0136 2E       		.uleb128 0x2e
 1002 0137 00       		.byte	0
 1003 0138 3F       		.uleb128 0x3f
 1004 0139 19       		.uleb128 0x19
 1005 013a 03       		.uleb128 0x3
 1006 013b 0E       		.uleb128 0xe
 1007 013c 3A       		.uleb128 0x3a
 1008 013d 0B       		.uleb128 0xb
 1009 013e 3B       		.uleb128 0x3b
 1010 013f 0B       		.uleb128 0xb
 1011 0140 39       		.uleb128 0x39
 1012 0141 0B       		.uleb128 0xb
 1013 0142 27       		.uleb128 0x27
 1014 0143 19       		.uleb128 0x19
 1015 0144 11       		.uleb128 0x11
 1016 0145 01       		.uleb128 0x1
 1017 0146 12       		.uleb128 0x12
 1018 0147 06       		.uleb128 0x6
 1019 0148 40       		.uleb128 0x40
 1020 0149 18       		.uleb128 0x18
 1021 014a 9742     		.uleb128 0x2117
 1022 014c 19       		.uleb128 0x19
 1023 014d 00       		.byte	0
 1024 014e 00       		.byte	0
 1025 014f 14       		.uleb128 0x14
 1026 0150 34       		.uleb128 0x34
ARM GAS  C:\Users\USER\AppData\Local\Temp\ccvkoEUS.s 			page 19


 1027 0151 00       		.byte	0
 1028 0152 03       		.uleb128 0x3
 1029 0153 0E       		.uleb128 0xe
 1030 0154 3A       		.uleb128 0x3a
 1031 0155 0B       		.uleb128 0xb
 1032 0156 3B       		.uleb128 0x3b
 1033 0157 0B       		.uleb128 0xb
 1034 0158 39       		.uleb128 0x39
 1035 0159 0B       		.uleb128 0xb
 1036 015a 49       		.uleb128 0x49
 1037 015b 13       		.uleb128 0x13
 1038 015c 02       		.uleb128 0x2
 1039 015d 18       		.uleb128 0x18
 1040 015e 00       		.byte	0
 1041 015f 00       		.byte	0
 1042 0160 15       		.uleb128 0x15
 1043 0161 34       		.uleb128 0x34
 1044 0162 00       		.byte	0
 1045 0163 03       		.uleb128 0x3
 1046 0164 0E       		.uleb128 0xe
 1047 0165 3A       		.uleb128 0x3a
 1048 0166 0B       		.uleb128 0xb
 1049 0167 3B       		.uleb128 0x3b
 1050 0168 0B       		.uleb128 0xb
 1051 0169 39       		.uleb128 0x39
 1052 016a 0B       		.uleb128 0xb
 1053 016b 49       		.uleb128 0x49
 1054 016c 13       		.uleb128 0x13
 1055 016d 02       		.uleb128 0x2
 1056 016e 17       		.uleb128 0x17
 1057 016f B742     		.uleb128 0x2137
 1058 0171 17       		.uleb128 0x17
 1059 0172 00       		.byte	0
 1060 0173 00       		.byte	0
 1061 0174 16       		.uleb128 0x16
 1062 0175 898201   		.uleb128 0x4109
 1063 0178 01       		.byte	0x1
 1064 0179 11       		.uleb128 0x11
 1065 017a 01       		.uleb128 0x1
 1066 017b 31       		.uleb128 0x31
 1067 017c 13       		.uleb128 0x13
 1068 017d 01       		.uleb128 0x1
 1069 017e 13       		.uleb128 0x13
 1070 017f 00       		.byte	0
 1071 0180 00       		.byte	0
 1072 0181 17       		.uleb128 0x17
 1073 0182 8A8201   		.uleb128 0x410a
 1074 0185 00       		.byte	0
 1075 0186 02       		.uleb128 0x2
 1076 0187 18       		.uleb128 0x18
 1077 0188 9142     		.uleb128 0x2111
 1078 018a 18       		.uleb128 0x18
 1079 018b 00       		.byte	0
 1080 018c 00       		.byte	0
 1081 018d 18       		.uleb128 0x18
 1082 018e 898201   		.uleb128 0x4109
 1083 0191 01       		.byte	0x1
ARM GAS  C:\Users\USER\AppData\Local\Temp\ccvkoEUS.s 			page 20


 1084 0192 11       		.uleb128 0x11
 1085 0193 01       		.uleb128 0x1
 1086 0194 9542     		.uleb128 0x2115
 1087 0196 19       		.uleb128 0x19
 1088 0197 31       		.uleb128 0x31
 1089 0198 13       		.uleb128 0x13
 1090 0199 00       		.byte	0
 1091 019a 00       		.byte	0
 1092 019b 19       		.uleb128 0x19
 1093 019c 2E       		.uleb128 0x2e
 1094 019d 00       		.byte	0
 1095 019e 3F       		.uleb128 0x3f
 1096 019f 19       		.uleb128 0x19
 1097 01a0 3C       		.uleb128 0x3c
 1098 01a1 19       		.uleb128 0x19
 1099 01a2 6E       		.uleb128 0x6e
 1100 01a3 0E       		.uleb128 0xe
 1101 01a4 03       		.uleb128 0x3
 1102 01a5 0E       		.uleb128 0xe
 1103 01a6 3A       		.uleb128 0x3a
 1104 01a7 0B       		.uleb128 0xb
 1105 01a8 3B       		.uleb128 0x3b
 1106 01a9 05       		.uleb128 0x5
 1107 01aa 39       		.uleb128 0x39
 1108 01ab 0B       		.uleb128 0xb
 1109 01ac 00       		.byte	0
 1110 01ad 00       		.byte	0
 1111 01ae 00       		.byte	0
 1112              		.section	.debug_loc,"",%progbits
 1113              	.Ldebug_loc0:
 1114              	.LVUS5:
 1115 0000 02       		.uleb128 .LVU55
 1116 0001 00       		.uleb128 .LVU57
 1117 0002 00       		.uleb128 .LVU57
 1118 0003 00       		.uleb128 .LVU60
 1119              	.LLST5:
 1120 0004 00000000 		.4byte	.LVL11
 1121 0008 04000000 		.4byte	.LVL12
 1122 000c 0200     		.2byte	0x2
 1123 000e 30       		.byte	0x30
 1124 000f 9F       		.byte	0x9f
 1125 0010 04000000 		.4byte	.LVL12
 1126 0014 0A000000 		.4byte	.LVL13
 1127 0018 0500     		.2byte	0x5
 1128 001a 70       		.byte	0x70
 1129 001b 00       		.sleb128 0
 1130 001c 30       		.byte	0x30
 1131 001d 2E       		.byte	0x2e
 1132 001e 9F       		.byte	0x9f
 1133 001f 00000000 		.4byte	0
 1134 0023 00000000 		.4byte	0
 1135              	.LVUS4:
 1136 0027 00       		.uleb128 0
 1137 0028 00       		.uleb128 .LVU51
 1138 0029 00       		.uleb128 .LVU51
 1139 002a 00       		.uleb128 0
 1140              	.LLST4:
ARM GAS  C:\Users\USER\AppData\Local\Temp\ccvkoEUS.s 			page 21


 1141 002b 00000000 		.4byte	.LVL9
 1142 002f 06000000 		.4byte	.LVL10
 1143 0033 0100     		.2byte	0x1
 1144 0035 50       		.byte	0x50
 1145 0036 06000000 		.4byte	.LVL10
 1146 003a 10000000 		.4byte	.LFE117
 1147 003e 0400     		.2byte	0x4
 1148 0040 F3       		.byte	0xf3
 1149 0041 01       		.uleb128 0x1
 1150 0042 50       		.byte	0x50
 1151 0043 9F       		.byte	0x9f
 1152 0044 00000000 		.4byte	0
 1153 0048 00000000 		.4byte	0
 1154              	.LVUS3:
 1155 004c 00       		.uleb128 0
 1156 004d 00       		.uleb128 .LVU44
 1157 004e 00       		.uleb128 .LVU44
 1158 004f 00       		.uleb128 0
 1159              	.LLST3:
 1160 0050 00000000 		.4byte	.LVL7
 1161 0054 06000000 		.4byte	.LVL8
 1162 0058 0100     		.2byte	0x1
 1163 005a 50       		.byte	0x50
 1164 005b 06000000 		.4byte	.LVL8
 1165 005f 10000000 		.4byte	.LFE116
 1166 0063 0400     		.2byte	0x4
 1167 0065 F3       		.byte	0xf3
 1168 0066 01       		.uleb128 0x1
 1169 0067 50       		.byte	0x50
 1170 0068 9F       		.byte	0x9f
 1171 0069 00000000 		.4byte	0
 1172 006d 00000000 		.4byte	0
 1173              	.LVUS2:
 1174 0071 00       		.uleb128 0
 1175 0072 00       		.uleb128 .LVU31
 1176 0073 00       		.uleb128 .LVU31
 1177 0074 00       		.uleb128 0
 1178              	.LLST2:
 1179 0075 00000000 		.4byte	.LVL5
 1180 0079 16000000 		.4byte	.LVL6
 1181 007d 0100     		.2byte	0x1
 1182 007f 50       		.byte	0x50
 1183 0080 16000000 		.4byte	.LVL6
 1184 0084 28000000 		.4byte	.LFE114
 1185 0088 0400     		.2byte	0x4
 1186 008a F3       		.byte	0xf3
 1187 008b 01       		.uleb128 0x1
 1188 008c 50       		.byte	0x50
 1189 008d 9F       		.byte	0x9f
 1190 008e 00000000 		.4byte	0
 1191 0092 00000000 		.4byte	0
 1192              	.LVUS0:
 1193 0096 00       		.uleb128 0
 1194 0097 00       		.uleb128 .LVU15
 1195 0098 00       		.uleb128 .LVU15
 1196 0099 00       		.uleb128 0
 1197              	.LLST0:
ARM GAS  C:\Users\USER\AppData\Local\Temp\ccvkoEUS.s 			page 22


 1198 009a 00000000 		.4byte	.LVL2
 1199 009e 0A000000 		.4byte	.LVL4
 1200 00a2 0100     		.2byte	0x1
 1201 00a4 50       		.byte	0x50
 1202 00a5 0A000000 		.4byte	.LVL4
 1203 00a9 14000000 		.4byte	.LFE113
 1204 00ad 0400     		.2byte	0x4
 1205 00af F3       		.byte	0xf3
 1206 00b0 01       		.uleb128 0x1
 1207 00b1 50       		.byte	0x50
 1208 00b2 9F       		.byte	0x9f
 1209 00b3 00000000 		.4byte	0
 1210 00b7 00000000 		.4byte	0
 1211              	.LVUS1:
 1212 00bb 02       		.uleb128 .LVU9
 1213 00bc 00       		.uleb128 .LVU13
 1214 00bd 00       		.uleb128 .LVU13
 1215 00be 00       		.uleb128 .LVU15
 1216 00bf 00       		.uleb128 .LVU15
 1217 00c0 00       		.uleb128 0
 1218              	.LLST1:
 1219 00c1 00000000 		.4byte	.LVL2
 1220 00c5 08000000 		.4byte	.LVL3
 1221 00c9 0200     		.2byte	0x2
 1222 00cb 30       		.byte	0x30
 1223 00cc 9F       		.byte	0x9f
 1224 00cd 08000000 		.4byte	.LVL3
 1225 00d1 0A000000 		.4byte	.LVL4
 1226 00d5 0100     		.2byte	0x1
 1227 00d7 53       		.byte	0x53
 1228 00d8 0A000000 		.4byte	.LVL4
 1229 00dc 14000000 		.4byte	.LFE113
 1230 00e0 0100     		.2byte	0x1
 1231 00e2 50       		.byte	0x50
 1232 00e3 00000000 		.4byte	0
 1233 00e7 00000000 		.4byte	0
 1234              		.section	.debug_aranges,"",%progbits
 1235 0000 54000000 		.4byte	0x54
 1236 0004 0200     		.2byte	0x2
 1237 0006 00000000 		.4byte	.Ldebug_info0
 1238 000a 04       		.byte	0x4
 1239 000b 00       		.byte	0
 1240 000c 0000     		.2byte	0
 1241 000e 0000     		.2byte	0
 1242 0010 00000000 		.4byte	.LFB112
 1243 0014 1A000000 		.4byte	.LFE112-.LFB112
 1244 0018 00000000 		.4byte	.LFB113
 1245 001c 14000000 		.4byte	.LFE113-.LFB113
 1246 0020 00000000 		.4byte	.LFB114
 1247 0024 28000000 		.4byte	.LFE114-.LFB114
 1248 0028 00000000 		.4byte	.LFB115
 1249 002c 0C000000 		.4byte	.LFE115-.LFB115
 1250 0030 00000000 		.4byte	.LFB116
 1251 0034 10000000 		.4byte	.LFE116-.LFB116
 1252 0038 00000000 		.4byte	.LFB117
 1253 003c 10000000 		.4byte	.LFE117-.LFB117
 1254 0040 00000000 		.4byte	.LFB118
ARM GAS  C:\Users\USER\AppData\Local\Temp\ccvkoEUS.s 			page 23


 1255 0044 10000000 		.4byte	.LFE118-.LFB118
 1256 0048 00000000 		.4byte	.LFB119
 1257 004c 0C000000 		.4byte	.LFE119-.LFB119
 1258 0050 00000000 		.4byte	0
 1259 0054 00000000 		.4byte	0
 1260              		.section	.debug_ranges,"",%progbits
 1261              	.Ldebug_ranges0:
 1262 0000 00000000 		.4byte	.LFB112
 1263 0004 1A000000 		.4byte	.LFE112
 1264 0008 00000000 		.4byte	.LFB113
 1265 000c 14000000 		.4byte	.LFE113
 1266 0010 00000000 		.4byte	.LFB114
 1267 0014 28000000 		.4byte	.LFE114
 1268 0018 00000000 		.4byte	.LFB115
 1269 001c 0C000000 		.4byte	.LFE115
 1270 0020 00000000 		.4byte	.LFB116
 1271 0024 10000000 		.4byte	.LFE116
 1272 0028 00000000 		.4byte	.LFB117
 1273 002c 10000000 		.4byte	.LFE117
 1274 0030 00000000 		.4byte	.LFB118
 1275 0034 10000000 		.4byte	.LFE118
 1276 0038 00000000 		.4byte	.LFB119
 1277 003c 0C000000 		.4byte	.LFE119
 1278 0040 00000000 		.4byte	0
 1279 0044 00000000 		.4byte	0
 1280              		.section	.debug_line,"",%progbits
 1281              	.Ldebug_line0:
 1282 0000 3B030000 		.section	.debug_str,"MS",%progbits,1
 1282      0300F401 
 1282      00000201 
 1282      FB0E0D00 
 1282      01010101 
 1283              	.LASF4:
 1284 0000 5F5F7569 		.ascii	"__uint8_t\000"
 1284      6E74385F 
 1284      7400
 1285              	.LASF5:
 1286 000a 5F5F696E 		.ascii	"__int32_t\000"
 1286      7433325F 
 1286      7400
 1287              	.LASF36:
 1288 0014 443A5C67 		.ascii	"D:\\git\\oroca_bldc_dev\\oroca_bldc_FW\\oroca_bldc_"
 1288      69745C6F 
 1288      726F6361 
 1288      5F626C64 
 1288      635F6465 
 1289 0043 63686962 		.ascii	"chibios\000"
 1289      696F7300 
 1290              	.LASF17:
 1291 004b 57574447 		.ascii	"WWDG_TypeDef\000"
 1291      5F547970 
 1291      65446566 
 1291      00
 1292              	.LASF22:
 1293 0058 62697473 		.ascii	"bitstatus\000"
 1293      74617475 
 1293      7300
ARM GAS  C:\Users\USER\AppData\Local\Temp\ccvkoEUS.s 			page 24


 1294              	.LASF34:
 1295 0062 474E5520 		.ascii	"GNU C99 8.2.1 20181213 (release) [gcc-8-branch revi"
 1295      43393920 
 1295      382E322E 
 1295      31203230 
 1295      31383132 
 1296 0095 73696F6E 		.ascii	"sion 267074] -mcpu=cortex-m4 -mfloat-abi=hard -mfpu"
 1296      20323637 
 1296      3037345D 
 1296      202D6D63 
 1296      70753D63 
 1297 00c8 3D667076 		.ascii	"=fpv4-sp-d16 -mno-thumb-interwork -mthumb -march=ar"
 1297      342D7370 
 1297      2D643136 
 1297      202D6D6E 
 1297      6F2D7468 
 1298 00fb 6D763765 		.ascii	"mv7e-m+fp -ggdb -O2 -std=gnu99 -fomit-frame-pointer"
 1298      2D6D2B66 
 1298      70202D67 
 1298      67646220 
 1298      2D4F3220 
 1299 012e 202D6661 		.ascii	" -falign-functions=16 -ffunction-sections -fdata-se"
 1299      6C69676E 
 1299      2D66756E 
 1299      6374696F 
 1299      6E733D31 
 1300 0161 6374696F 		.ascii	"ctions -fno-common -fsingle-precision-constant\000"
 1300      6E73202D 
 1300      666E6F2D 
 1300      636F6D6D 
 1300      6F6E202D 
 1301              	.LASF13:
 1302 0190 696E7433 		.ascii	"int32_t\000"
 1302      325F7400 
 1303              	.LASF23:
 1304 0198 57574447 		.ascii	"WWDG_Enable\000"
 1304      5F456E61 
 1304      626C6500 
 1305              	.LASF7:
 1306 01a4 5F5F7569 		.ascii	"__uint32_t\000"
 1306      6E743332 
 1306      5F7400
 1307              	.LASF21:
 1308 01af 454E4142 		.ascii	"ENABLE\000"
 1308      4C4500
 1309              	.LASF0:
 1310 01b6 7369676E 		.ascii	"signed char\000"
 1310      65642063 
 1310      68617200 
 1311              	.LASF27:
 1312 01c2 57574447 		.ascii	"WWDG_EnableIT\000"
 1312      5F456E61 
 1312      626C6549 
 1312      5400
 1313              	.LASF19:
 1314 01d0 466C6167 		.ascii	"FlagStatus\000"
 1314      53746174 
ARM GAS  C:\Users\USER\AppData\Local\Temp\ccvkoEUS.s 			page 25


 1314      757300
 1315              	.LASF37:
 1316 01db 57574447 		.ascii	"WWDG_GetFlagStatus\000"
 1316      5F476574 
 1316      466C6167 
 1316      53746174 
 1316      757300
 1317              	.LASF8:
 1318 01ee 6C6F6E67 		.ascii	"long unsigned int\000"
 1318      20756E73 
 1318      69676E65 
 1318      6420696E 
 1318      7400
 1319              	.LASF18:
 1320 0200 52455345 		.ascii	"RESET\000"
 1320      5400
 1321              	.LASF15:
 1322 0206 49544D5F 		.ascii	"ITM_RxBuffer\000"
 1322      52784275 
 1322      66666572 
 1322      00
 1323              	.LASF1:
 1324 0213 756E7369 		.ascii	"unsigned char\000"
 1324      676E6564 
 1324      20636861 
 1324      7200
 1325              	.LASF29:
 1326 0221 57696E64 		.ascii	"WindowValue\000"
 1326      6F775661 
 1326      6C756500 
 1327              	.LASF25:
 1328 022d 436F756E 		.ascii	"Counter\000"
 1328      74657200 
 1329              	.LASF11:
 1330 0235 756E7369 		.ascii	"unsigned int\000"
 1330      676E6564 
 1330      20696E74 
 1330      00
 1331              	.LASF10:
 1332 0242 6C6F6E67 		.ascii	"long long unsigned int\000"
 1332      206C6F6E 
 1332      6720756E 
 1332      7369676E 
 1332      65642069 
 1333              	.LASF12:
 1334 0259 75696E74 		.ascii	"uint8_t\000"
 1334      385F7400 
 1335              	.LASF30:
 1336 0261 57574447 		.ascii	"WWDG_SetPrescaler\000"
 1336      5F536574 
 1336      50726573 
 1336      63616C65 
 1336      7200
 1337              	.LASF24:
 1338 0273 57574447 		.ascii	"WWDG_SetCounter\000"
 1338      5F536574 
 1338      436F756E 
ARM GAS  C:\Users\USER\AppData\Local\Temp\ccvkoEUS.s 			page 26


 1338      74657200 
 1339              	.LASF31:
 1340 0283 57574447 		.ascii	"WWDG_Prescaler\000"
 1340      5F507265 
 1340      7363616C 
 1340      657200
 1341              	.LASF9:
 1342 0292 6C6F6E67 		.ascii	"long long int\000"
 1342      206C6F6E 
 1342      6720696E 
 1342      7400
 1343              	.LASF16:
 1344 02a0 53797374 		.ascii	"SystemCoreClock\000"
 1344      656D436F 
 1344      7265436C 
 1344      6F636B00 
 1345              	.LASF2:
 1346 02b0 73686F72 		.ascii	"short int\000"
 1346      7420696E 
 1346      7400
 1347              	.LASF32:
 1348 02ba 746D7072 		.ascii	"tmpreg\000"
 1348      656700
 1349              	.LASF26:
 1350 02c1 57574447 		.ascii	"WWDG_ClearFlag\000"
 1350      5F436C65 
 1350      6172466C 
 1350      616700
 1351              	.LASF28:
 1352 02d0 57574447 		.ascii	"WWDG_SetWindowValue\000"
 1352      5F536574 
 1352      57696E64 
 1352      6F775661 
 1352      6C756500 
 1353              	.LASF33:
 1354 02e4 57574447 		.ascii	"WWDG_DeInit\000"
 1354      5F446549 
 1354      6E697400 
 1355              	.LASF14:
 1356 02f0 75696E74 		.ascii	"uint32_t\000"
 1356      33325F74 
 1356      00
 1357              	.LASF6:
 1358 02f9 6C6F6E67 		.ascii	"long int\000"
 1358      20696E74 
 1358      00
 1359              	.LASF35:
 1360 0302 7372632F 		.ascii	"src/ChibiOS_3.0.2/ext/stdperiph_stm32f4/src/stm32f4"
 1360      43686962 
 1360      694F535F 
 1360      332E302E 
 1360      322F6578 
 1361 0335 78785F77 		.ascii	"xx_wwdg.c\000"
 1361      7764672E 
 1361      6300
 1362              	.LASF20:
 1363 033f 44495341 		.ascii	"DISABLE\000"
ARM GAS  C:\Users\USER\AppData\Local\Temp\ccvkoEUS.s 			page 27


 1363      424C4500 
 1364              	.LASF38:
 1365 0347 5243435F 		.ascii	"RCC_APB1PeriphResetCmd\000"
 1365      41504231 
 1365      50657269 
 1365      70685265 
 1365      73657443 
 1366              	.LASF3:
 1367 035e 73686F72 		.ascii	"short unsigned int\000"
 1367      7420756E 
 1367      7369676E 
 1367      65642069 
 1367      6E7400
 1368              		.ident	"GCC: (GNU Tools for Arm Embedded Processors 8-2018-q4-major) 8.2.1 20181213 (release) [gcc
ARM GAS  C:\Users\USER\AppData\Local\Temp\ccvkoEUS.s 			page 28


DEFINED SYMBOLS
                            *ABS*:00000000 stm32f4xx_wwdg.c
C:\Users\USER\AppData\Local\Temp\ccvkoEUS.s:18     .text.WWDG_DeInit:00000000 $t
C:\Users\USER\AppData\Local\Temp\ccvkoEUS.s:27     .text.WWDG_DeInit:00000000 WWDG_DeInit
C:\Users\USER\AppData\Local\Temp\ccvkoEUS.s:60     .text.WWDG_SetPrescaler:00000000 $t
C:\Users\USER\AppData\Local\Temp\ccvkoEUS.s:68     .text.WWDG_SetPrescaler:00000000 WWDG_SetPrescaler
C:\Users\USER\AppData\Local\Temp\ccvkoEUS.s:97     .text.WWDG_SetPrescaler:00000010 $d
C:\Users\USER\AppData\Local\Temp\ccvkoEUS.s:102    .text.WWDG_SetWindowValue:00000000 $t
C:\Users\USER\AppData\Local\Temp\ccvkoEUS.s:110    .text.WWDG_SetWindowValue:00000000 WWDG_SetWindowValue
C:\Users\USER\AppData\Local\Temp\ccvkoEUS.s:156    .text.WWDG_SetWindowValue:00000024 $d
C:\Users\USER\AppData\Local\Temp\ccvkoEUS.s:161    .text.WWDG_EnableIT:00000000 $t
C:\Users\USER\AppData\Local\Temp\ccvkoEUS.s:169    .text.WWDG_EnableIT:00000000 WWDG_EnableIT
C:\Users\USER\AppData\Local\Temp\ccvkoEUS.s:186    .text.WWDG_EnableIT:00000008 $d
C:\Users\USER\AppData\Local\Temp\ccvkoEUS.s:191    .text.WWDG_SetCounter:00000000 $t
C:\Users\USER\AppData\Local\Temp\ccvkoEUS.s:199    .text.WWDG_SetCounter:00000000 WWDG_SetCounter
C:\Users\USER\AppData\Local\Temp\ccvkoEUS.s:221    .text.WWDG_SetCounter:0000000c $d
C:\Users\USER\AppData\Local\Temp\ccvkoEUS.s:226    .text.WWDG_Enable:00000000 $t
C:\Users\USER\AppData\Local\Temp\ccvkoEUS.s:234    .text.WWDG_Enable:00000000 WWDG_Enable
C:\Users\USER\AppData\Local\Temp\ccvkoEUS.s:256    .text.WWDG_Enable:0000000c $d
C:\Users\USER\AppData\Local\Temp\ccvkoEUS.s:261    .text.WWDG_GetFlagStatus:00000000 $t
C:\Users\USER\AppData\Local\Temp\ccvkoEUS.s:269    .text.WWDG_GetFlagStatus:00000000 WWDG_GetFlagStatus
C:\Users\USER\AppData\Local\Temp\ccvkoEUS.s:295    .text.WWDG_GetFlagStatus:0000000c $d
C:\Users\USER\AppData\Local\Temp\ccvkoEUS.s:300    .text.WWDG_ClearFlag:00000000 $t
C:\Users\USER\AppData\Local\Temp\ccvkoEUS.s:308    .text.WWDG_ClearFlag:00000000 WWDG_ClearFlag
C:\Users\USER\AppData\Local\Temp\ccvkoEUS.s:325    .text.WWDG_ClearFlag:00000008 $d

UNDEFINED SYMBOLS
RCC_APB1PeriphResetCmd
