ARM GAS  C:\Users\USER\AppData\Local\Temp\ccQu2APK.s 			page 1


   1              		.cpu cortex-m4
   2              		.eabi_attribute 27, 1
   3              		.eabi_attribute 28, 1
   4              		.eabi_attribute 20, 1
   5              		.eabi_attribute 21, 1
   6              		.eabi_attribute 23, 3
   7              		.eabi_attribute 24, 1
   8              		.eabi_attribute 25, 1
   9              		.eabi_attribute 26, 1
  10              		.eabi_attribute 30, 2
  11              		.eabi_attribute 34, 1
  12              		.eabi_attribute 18, 4
  13              		.file	"vectors.c"
  14              		.text
  15              	.Ltext0:
  16              		.cfi_sections	.debug_frame
  17              		.section	.text._unhandled_exception,"ax",%progbits
  18              		.align	1
  19              		.p2align 4,,15
  20              		.global	_unhandled_exception
  21              		.arch armv7e-m
  22              		.syntax unified
  23              		.thumb
  24              		.thumb_func
  25              		.fpu fpv4-sp-d16
  26              		.type	_unhandled_exception, %function
  27              	_unhandled_exception:
  28              	.LFB112:
  29              		.file 1 "src/ChibiOS_3.0.2/os/common/ports/ARMCMx/compilers/GCC/vectors.c"
  30              		.loc 1 77 33 view -0
  31              		.cfi_startproc
  32              		@ Volatile: function does not return.
  33              		@ args = 0, pretend = 0, frame = 0
  34              		@ frame_needed = 0, uses_anonymous_args = 0
  35              		@ link register save eliminated.
  36              	.L2:
  37              		.loc 1 80 3 discriminator 1 view .LVU1
  38              		.loc 1 81 3 discriminator 1 view .LVU2
  39 0000 FEE7     		b	.L2
  40              		.cfi_endproc
  41              	.LFE112:
  42              		.size	_unhandled_exception, .-_unhandled_exception
  43              		.weak	Vector1BC
  44              		.thumb_set Vector1BC,_unhandled_exception
  45              		.weak	Vector1B8
  46              		.thumb_set Vector1B8,_unhandled_exception
  47              		.weak	Vector1B4
  48              		.thumb_set Vector1B4,_unhandled_exception
  49              		.weak	Vector1B0
  50              		.thumb_set Vector1B0,_unhandled_exception
  51              		.weak	Vector1AC
  52              		.thumb_set Vector1AC,_unhandled_exception
  53              		.weak	Vector1A8
  54              		.thumb_set Vector1A8,_unhandled_exception
  55              		.weak	Vector1A4
  56              		.thumb_set Vector1A4,_unhandled_exception
  57              		.weak	Vector1A0
ARM GAS  C:\Users\USER\AppData\Local\Temp\ccQu2APK.s 			page 2


  58              		.thumb_set Vector1A0,_unhandled_exception
  59              		.weak	Vector19C
  60              		.thumb_set Vector19C,_unhandled_exception
  61              		.weak	Vector198
  62              		.thumb_set Vector198,_unhandled_exception
  63              		.weak	Vector194
  64              		.thumb_set Vector194,_unhandled_exception
  65              		.weak	Vector190
  66              		.thumb_set Vector190,_unhandled_exception
  67              		.weak	Vector18C
  68              		.thumb_set Vector18C,_unhandled_exception
  69              		.weak	Vector188
  70              		.thumb_set Vector188,_unhandled_exception
  71              		.weak	Vector184
  72              		.thumb_set Vector184,_unhandled_exception
  73              		.weak	Vector180
  74              		.thumb_set Vector180,_unhandled_exception
  75              		.weak	Vector17C
  76              		.thumb_set Vector17C,_unhandled_exception
  77              		.weak	Vector178
  78              		.thumb_set Vector178,_unhandled_exception
  79              		.weak	Vector174
  80              		.thumb_set Vector174,_unhandled_exception
  81              		.weak	Vector170
  82              		.thumb_set Vector170,_unhandled_exception
  83              		.weak	Vector16C
  84              		.thumb_set Vector16C,_unhandled_exception
  85              		.weak	Vector168
  86              		.thumb_set Vector168,_unhandled_exception
  87              		.weak	Vector164
  88              		.thumb_set Vector164,_unhandled_exception
  89              		.weak	Vector160
  90              		.thumb_set Vector160,_unhandled_exception
  91              		.weak	Vector15C
  92              		.thumb_set Vector15C,_unhandled_exception
  93              		.weak	Vector158
  94              		.thumb_set Vector158,_unhandled_exception
  95              		.weak	Vector154
  96              		.thumb_set Vector154,_unhandled_exception
  97              		.weak	Vector150
  98              		.thumb_set Vector150,_unhandled_exception
  99              		.weak	Vector14C
 100              		.thumb_set Vector14C,_unhandled_exception
 101              		.weak	Vector148
 102              		.thumb_set Vector148,_unhandled_exception
 103              		.weak	Vector144
 104              		.thumb_set Vector144,_unhandled_exception
 105              		.weak	Vector140
 106              		.thumb_set Vector140,_unhandled_exception
 107              		.weak	Vector13C
 108              		.thumb_set Vector13C,_unhandled_exception
 109              		.weak	Vector138
 110              		.thumb_set Vector138,_unhandled_exception
 111              		.weak	Vector134
 112              		.thumb_set Vector134,_unhandled_exception
 113              		.weak	Vector130
 114              		.thumb_set Vector130,_unhandled_exception
ARM GAS  C:\Users\USER\AppData\Local\Temp\ccQu2APK.s 			page 3


 115              		.weak	Vector12C
 116              		.thumb_set Vector12C,_unhandled_exception
 117              		.weak	Vector128
 118              		.thumb_set Vector128,_unhandled_exception
 119              		.weak	Vector124
 120              		.thumb_set Vector124,_unhandled_exception
 121              		.weak	Vector120
 122              		.thumb_set Vector120,_unhandled_exception
 123              		.weak	Vector11C
 124              		.thumb_set Vector11C,_unhandled_exception
 125              		.weak	Vector118
 126              		.thumb_set Vector118,_unhandled_exception
 127              		.weak	Vector114
 128              		.thumb_set Vector114,_unhandled_exception
 129              		.weak	Vector110
 130              		.thumb_set Vector110,_unhandled_exception
 131              		.weak	Vector10C
 132              		.thumb_set Vector10C,_unhandled_exception
 133              		.weak	Vector108
 134              		.thumb_set Vector108,_unhandled_exception
 135              		.weak	Vector104
 136              		.thumb_set Vector104,_unhandled_exception
 137              		.weak	Vector100
 138              		.thumb_set Vector100,_unhandled_exception
 139              		.weak	VectorFC
 140              		.thumb_set VectorFC,_unhandled_exception
 141              		.weak	VectorF8
 142              		.thumb_set VectorF8,_unhandled_exception
 143              		.weak	VectorF4
 144              		.thumb_set VectorF4,_unhandled_exception
 145              		.weak	VectorF0
 146              		.thumb_set VectorF0,_unhandled_exception
 147              		.weak	VectorEC
 148              		.thumb_set VectorEC,_unhandled_exception
 149              		.weak	VectorE8
 150              		.thumb_set VectorE8,_unhandled_exception
 151              		.weak	VectorE4
 152              		.thumb_set VectorE4,_unhandled_exception
 153              		.weak	VectorE0
 154              		.thumb_set VectorE0,_unhandled_exception
 155              		.weak	VectorDC
 156              		.thumb_set VectorDC,_unhandled_exception
 157              		.weak	VectorD8
 158              		.thumb_set VectorD8,_unhandled_exception
 159              		.weak	VectorD4
 160              		.thumb_set VectorD4,_unhandled_exception
 161              		.weak	VectorD0
 162              		.thumb_set VectorD0,_unhandled_exception
 163              		.weak	VectorCC
 164              		.thumb_set VectorCC,_unhandled_exception
 165              		.weak	VectorC8
 166              		.thumb_set VectorC8,_unhandled_exception
 167              		.weak	VectorC4
 168              		.thumb_set VectorC4,_unhandled_exception
 169              		.weak	VectorC0
 170              		.thumb_set VectorC0,_unhandled_exception
 171              		.weak	VectorBC
ARM GAS  C:\Users\USER\AppData\Local\Temp\ccQu2APK.s 			page 4


 172              		.thumb_set VectorBC,_unhandled_exception
 173              		.weak	VectorB8
 174              		.thumb_set VectorB8,_unhandled_exception
 175              		.weak	VectorB4
 176              		.thumb_set VectorB4,_unhandled_exception
 177              		.weak	VectorB0
 178              		.thumb_set VectorB0,_unhandled_exception
 179              		.weak	VectorAC
 180              		.thumb_set VectorAC,_unhandled_exception
 181              		.weak	VectorA8
 182              		.thumb_set VectorA8,_unhandled_exception
 183              		.weak	VectorA4
 184              		.thumb_set VectorA4,_unhandled_exception
 185              		.weak	VectorA0
 186              		.thumb_set VectorA0,_unhandled_exception
 187              		.weak	Vector9C
 188              		.thumb_set Vector9C,_unhandled_exception
 189              		.weak	Vector98
 190              		.thumb_set Vector98,_unhandled_exception
 191              		.weak	Vector94
 192              		.thumb_set Vector94,_unhandled_exception
 193              		.weak	Vector90
 194              		.thumb_set Vector90,_unhandled_exception
 195              		.weak	Vector8C
 196              		.thumb_set Vector8C,_unhandled_exception
 197              		.weak	Vector88
 198              		.thumb_set Vector88,_unhandled_exception
 199              		.weak	Vector84
 200              		.thumb_set Vector84,_unhandled_exception
 201              		.weak	Vector80
 202              		.thumb_set Vector80,_unhandled_exception
 203              		.weak	Vector7C
 204              		.thumb_set Vector7C,_unhandled_exception
 205              		.weak	Vector78
 206              		.thumb_set Vector78,_unhandled_exception
 207              		.weak	Vector74
 208              		.thumb_set Vector74,_unhandled_exception
 209              		.weak	Vector70
 210              		.thumb_set Vector70,_unhandled_exception
 211              		.weak	Vector6C
 212              		.thumb_set Vector6C,_unhandled_exception
 213              		.weak	Vector68
 214              		.thumb_set Vector68,_unhandled_exception
 215              		.weak	Vector64
 216              		.thumb_set Vector64,_unhandled_exception
 217              		.weak	Vector60
 218              		.thumb_set Vector60,_unhandled_exception
 219              		.weak	Vector5C
 220              		.thumb_set Vector5C,_unhandled_exception
 221              		.weak	Vector58
 222              		.thumb_set Vector58,_unhandled_exception
 223              		.weak	Vector54
 224              		.thumb_set Vector54,_unhandled_exception
 225              		.weak	Vector50
 226              		.thumb_set Vector50,_unhandled_exception
 227              		.weak	Vector4C
 228              		.thumb_set Vector4C,_unhandled_exception
ARM GAS  C:\Users\USER\AppData\Local\Temp\ccQu2APK.s 			page 5


 229              		.weak	Vector48
 230              		.thumb_set Vector48,_unhandled_exception
 231              		.weak	Vector44
 232              		.thumb_set Vector44,_unhandled_exception
 233              		.weak	Vector40
 234              		.thumb_set Vector40,_unhandled_exception
 235              		.weak	SysTick_Handler
 236              		.thumb_set SysTick_Handler,_unhandled_exception
 237              		.weak	PendSV_Handler
 238              		.thumb_set PendSV_Handler,_unhandled_exception
 239              		.weak	Vector34
 240              		.thumb_set Vector34,_unhandled_exception
 241              		.weak	DebugMon_Handler
 242              		.thumb_set DebugMon_Handler,_unhandled_exception
 243              		.weak	SVC_Handler
 244              		.thumb_set SVC_Handler,_unhandled_exception
 245              		.weak	Vector28
 246              		.thumb_set Vector28,_unhandled_exception
 247              		.weak	Vector24
 248              		.thumb_set Vector24,_unhandled_exception
 249              		.weak	Vector20
 250              		.thumb_set Vector20,_unhandled_exception
 251              		.weak	Vector1C
 252              		.thumb_set Vector1C,_unhandled_exception
 253              		.weak	UsageFault_Handler
 254              		.thumb_set UsageFault_Handler,_unhandled_exception
 255              		.weak	BusFault_Handler
 256              		.thumb_set BusFault_Handler,_unhandled_exception
 257              		.weak	MemManage_Handler
 258              		.thumb_set MemManage_Handler,_unhandled_exception
 259              		.weak	HardFault_Handler
 260              		.thumb_set HardFault_Handler,_unhandled_exception
 261              		.weak	NMI_Handler
 262              		.thumb_set NMI_Handler,_unhandled_exception
 263              		.weak	Reset_Handler
 264              		.thumb_set Reset_Handler,_unhandled_exception
 265              		.global	_vectors
 266 0002 00BF     		.section	.vectors,"aw"
 267              		.align	2
 268              		.type	_vectors, %object
 269              		.size	_vectors, 448
 270              	_vectors:
 271 0000 00000000 		.word	__main_stack_end__
 272 0004 00000000 		.word	Reset_Handler
 273 0008 00000000 		.word	NMI_Handler
 274 000c 00000000 		.word	HardFault_Handler
 275 0010 00000000 		.word	MemManage_Handler
 276 0014 00000000 		.word	BusFault_Handler
 277 0018 00000000 		.word	UsageFault_Handler
 278 001c 00000000 		.word	Vector1C
 279 0020 00000000 		.word	Vector20
 280 0024 00000000 		.word	Vector24
 281 0028 00000000 		.word	Vector28
 282 002c 00000000 		.word	SVC_Handler
 283 0030 00000000 		.word	DebugMon_Handler
 284 0034 00000000 		.word	Vector34
 285 0038 00000000 		.word	PendSV_Handler
ARM GAS  C:\Users\USER\AppData\Local\Temp\ccQu2APK.s 			page 6


 286 003c 00000000 		.word	SysTick_Handler
 287 0040 00000000 		.word	Vector40
 288 0044 00000000 		.word	Vector44
 289 0048 00000000 		.word	Vector48
 290 004c 00000000 		.word	Vector4C
 291 0050 00000000 		.word	Vector50
 292 0054 00000000 		.word	Vector54
 293 0058 00000000 		.word	Vector58
 294 005c 00000000 		.word	Vector5C
 295 0060 00000000 		.word	Vector60
 296 0064 00000000 		.word	Vector64
 297 0068 00000000 		.word	Vector68
 298 006c 00000000 		.word	Vector6C
 299 0070 00000000 		.word	Vector70
 300 0074 00000000 		.word	Vector74
 301 0078 00000000 		.word	Vector78
 302 007c 00000000 		.word	Vector7C
 303 0080 00000000 		.word	Vector80
 304 0084 00000000 		.word	Vector84
 305 0088 00000000 		.word	Vector88
 306 008c 00000000 		.word	Vector8C
 307 0090 00000000 		.word	Vector90
 308 0094 00000000 		.word	Vector94
 309 0098 00000000 		.word	Vector98
 310 009c 00000000 		.word	Vector9C
 311 00a0 00000000 		.word	VectorA0
 312 00a4 00000000 		.word	VectorA4
 313 00a8 00000000 		.word	VectorA8
 314 00ac 00000000 		.word	VectorAC
 315 00b0 00000000 		.word	VectorB0
 316 00b4 00000000 		.word	VectorB4
 317 00b8 00000000 		.word	VectorB8
 318 00bc 00000000 		.word	VectorBC
 319 00c0 00000000 		.word	VectorC0
 320 00c4 00000000 		.word	VectorC4
 321 00c8 00000000 		.word	VectorC8
 322 00cc 00000000 		.word	VectorCC
 323 00d0 00000000 		.word	VectorD0
 324 00d4 00000000 		.word	VectorD4
 325 00d8 00000000 		.word	VectorD8
 326 00dc 00000000 		.word	VectorDC
 327 00e0 00000000 		.word	VectorE0
 328 00e4 00000000 		.word	VectorE4
 329 00e8 00000000 		.word	VectorE8
 330 00ec 00000000 		.word	VectorEC
 331 00f0 00000000 		.word	VectorF0
 332 00f4 00000000 		.word	VectorF4
 333 00f8 00000000 		.word	VectorF8
 334 00fc 00000000 		.word	VectorFC
 335 0100 00000000 		.word	Vector100
 336 0104 00000000 		.word	Vector104
 337 0108 00000000 		.word	Vector108
 338 010c 00000000 		.word	Vector10C
 339 0110 00000000 		.word	Vector110
 340 0114 00000000 		.word	Vector114
 341 0118 00000000 		.word	Vector118
 342 011c 00000000 		.word	Vector11C
ARM GAS  C:\Users\USER\AppData\Local\Temp\ccQu2APK.s 			page 7


 343 0120 00000000 		.word	Vector120
 344 0124 00000000 		.word	Vector124
 345 0128 00000000 		.word	Vector128
 346 012c 00000000 		.word	Vector12C
 347 0130 00000000 		.word	Vector130
 348 0134 00000000 		.word	Vector134
 349 0138 00000000 		.word	Vector138
 350 013c 00000000 		.word	Vector13C
 351 0140 00000000 		.word	Vector140
 352 0144 00000000 		.word	Vector144
 353 0148 00000000 		.word	Vector148
 354 014c 00000000 		.word	Vector14C
 355 0150 00000000 		.word	Vector150
 356 0154 00000000 		.word	Vector154
 357 0158 00000000 		.word	Vector158
 358 015c 00000000 		.word	Vector15C
 359 0160 00000000 		.word	Vector160
 360 0164 00000000 		.word	Vector164
 361 0168 00000000 		.word	Vector168
 362 016c 00000000 		.word	Vector16C
 363 0170 00000000 		.word	Vector170
 364 0174 00000000 		.word	Vector174
 365 0178 00000000 		.word	Vector178
 366 017c 00000000 		.word	Vector17C
 367 0180 00000000 		.word	Vector180
 368 0184 00000000 		.word	Vector184
 369 0188 00000000 		.word	Vector188
 370 018c 00000000 		.word	Vector18C
 371 0190 00000000 		.word	Vector190
 372 0194 00000000 		.word	Vector194
 373 0198 00000000 		.word	Vector198
 374 019c 00000000 		.word	Vector19C
 375 01a0 00000000 		.word	Vector1A0
 376 01a4 00000000 		.word	Vector1A4
 377 01a8 00000000 		.word	Vector1A8
 378 01ac 00000000 		.word	Vector1AC
 379 01b0 00000000 		.word	Vector1B0
 380 01b4 00000000 		.word	Vector1B4
 381 01b8 00000000 		.word	Vector1B8
 382 01bc 00000000 		.word	Vector1BC
 383              		.text
 384              	.Letext0:
 385              		.file 2 "c:\\program files (x86)\\gnu tools arm embedded\\8 2018-q4-major\\arm-none-eabi\\include\
 386              		.file 3 "c:\\program files (x86)\\gnu tools arm embedded\\8 2018-q4-major\\arm-none-eabi\\include\
 387              		.file 4 "src/ChibiOS_3.0.2/os/ext/CMSIS/include/core_cm4.h"
 388              		.file 5 "src/ChibiOS_3.0.2/os/ext/CMSIS/ST/system_stm32f4xx.h"
 389              		.section	.debug_info,"",%progbits
 390              	.Ldebug_info0:
 391 0000 04020000 		.4byte	0x204
 392 0004 0400     		.2byte	0x4
 393 0006 00000000 		.4byte	.Ldebug_abbrev0
 394 000a 04       		.byte	0x4
 395 000b 01       		.uleb128 0x1
 396 000c C4000000 		.4byte	.LASF36
 397 0010 0C       		.byte	0xc
 398 0011 27000000 		.4byte	.LASF37
 399 0015 82000000 		.4byte	.LASF38
ARM GAS  C:\Users\USER\AppData\Local\Temp\ccQu2APK.s 			page 8


 400 0019 00000000 		.4byte	.Ldebug_ranges0+0
 401 001d 00000000 		.4byte	0
 402 0021 00000000 		.4byte	.Ldebug_line0
 403 0025 02       		.uleb128 0x2
 404 0026 01       		.byte	0x1
 405 0027 06       		.byte	0x6
 406 0028 5B030000 		.4byte	.LASF0
 407 002c 02       		.uleb128 0x2
 408 002d 01       		.byte	0x1
 409 002e 08       		.byte	0x8
 410 002f 0F020000 		.4byte	.LASF1
 411 0033 02       		.uleb128 0x2
 412 0034 02       		.byte	0x2
 413 0035 05       		.byte	0x5
 414 0036 2D030000 		.4byte	.LASF2
 415 003a 02       		.uleb128 0x2
 416 003b 02       		.byte	0x2
 417 003c 07       		.byte	0x7
 418 003d 67030000 		.4byte	.LASF3
 419 0041 03       		.uleb128 0x3
 420 0042 68000000 		.4byte	.LASF5
 421 0046 02       		.byte	0x2
 422 0047 4D       		.byte	0x4d
 423 0048 18       		.byte	0x18
 424 0049 4D000000 		.4byte	0x4d
 425 004d 02       		.uleb128 0x2
 426 004e 04       		.byte	0x4
 427 004f 05       		.byte	0x5
 428 0050 40030000 		.4byte	.LASF4
 429 0054 03       		.uleb128 0x3
 430 0055 72020000 		.4byte	.LASF6
 431 0059 02       		.byte	0x2
 432 005a 4F       		.byte	0x4f
 433 005b 19       		.byte	0x19
 434 005c 60000000 		.4byte	0x60
 435 0060 02       		.uleb128 0x2
 436 0061 04       		.byte	0x4
 437 0062 07       		.byte	0x7
 438 0063 1D020000 		.4byte	.LASF7
 439 0067 02       		.uleb128 0x2
 440 0068 08       		.byte	0x8
 441 0069 05       		.byte	0x5
 442 006a F2020000 		.4byte	.LASF8
 443 006e 02       		.uleb128 0x2
 444 006f 08       		.byte	0x8
 445 0070 07       		.byte	0x7
 446 0071 9F020000 		.4byte	.LASF9
 447 0075 04       		.uleb128 0x4
 448 0076 04       		.byte	0x4
 449 0077 05       		.byte	0x5
 450 0078 696E7400 		.ascii	"int\000"
 451 007c 02       		.uleb128 0x2
 452 007d 04       		.byte	0x4
 453 007e 07       		.byte	0x7
 454 007f 89020000 		.4byte	.LASF10
 455 0083 03       		.uleb128 0x3
 456 0084 F2010000 		.4byte	.LASF11
ARM GAS  C:\Users\USER\AppData\Local\Temp\ccQu2APK.s 			page 9


 457 0088 03       		.byte	0x3
 458 0089 2C       		.byte	0x2c
 459 008a 13       		.byte	0x13
 460 008b 41000000 		.4byte	0x41
 461 008f 05       		.uleb128 0x5
 462 0090 83000000 		.4byte	0x83
 463 0094 03       		.uleb128 0x3
 464 0095 37030000 		.4byte	.LASF12
 465 0099 03       		.byte	0x3
 466 009a 30       		.byte	0x30
 467 009b 14       		.byte	0x14
 468 009c 54000000 		.4byte	0x54
 469 00a0 06       		.uleb128 0x6
 470 00a1 3B020000 		.4byte	.LASF13
 471 00a5 04       		.byte	0x4
 472 00a6 A706     		.2byte	0x6a7
 473 00a8 19       		.byte	0x19
 474 00a9 8F000000 		.4byte	0x8f
 475 00ad 07       		.uleb128 0x7
 476 00ae 00030000 		.4byte	.LASF14
 477 00b2 05       		.byte	0x5
 478 00b3 4C       		.byte	0x4c
 479 00b4 11       		.byte	0x11
 480 00b5 94000000 		.4byte	0x94
 481 00b9 03       		.uleb128 0x3
 482 00ba 11000000 		.4byte	.LASF15
 483 00be 01       		.byte	0x1
 484 00bf 2C       		.byte	0x2c
 485 00c0 11       		.byte	0x11
 486 00c1 C5000000 		.4byte	0xc5
 487 00c5 08       		.uleb128 0x8
 488 00c6 04       		.byte	0x4
 489 00c7 CB000000 		.4byte	0xcb
 490 00cb 09       		.uleb128 0x9
 491 00cc 0A       		.uleb128 0xa
 492 00cd C001     		.2byte	0x1c0
 493 00cf 01       		.byte	0x1
 494 00d0 31       		.byte	0x31
 495 00d1 09       		.byte	0x9
 496 00d2 B4010000 		.4byte	0x1b4
 497 00d6 0B       		.uleb128 0xb
 498 00d7 B9000000 		.4byte	.LASF16
 499 00db 01       		.byte	0x1
 500 00dc 32       		.byte	0x32
 501 00dd 12       		.byte	0x12
 502 00de B4010000 		.4byte	0x1b4
 503 00e2 00       		.byte	0
 504 00e3 0B       		.uleb128 0xb
 505 00e4 D1020000 		.4byte	.LASF17
 506 00e8 01       		.byte	0x1
 507 00e9 33       		.byte	0x33
 508 00ea 11       		.byte	0x11
 509 00eb B9000000 		.4byte	0xb9
 510 00ef 04       		.byte	0x4
 511 00f0 0B       		.uleb128 0xb
 512 00f1 7D020000 		.4byte	.LASF18
 513 00f5 01       		.byte	0x1
ARM GAS  C:\Users\USER\AppData\Local\Temp\ccQu2APK.s 			page 10


 514 00f6 34       		.byte	0x34
 515 00f7 11       		.byte	0x11
 516 00f8 B9000000 		.4byte	0xb9
 517 00fc 08       		.byte	0x8
 518 00fd 0B       		.uleb128 0xb
 519 00fe 60020000 		.4byte	.LASF19
 520 0102 01       		.byte	0x1
 521 0103 35       		.byte	0x35
 522 0104 11       		.byte	0x11
 523 0105 B9000000 		.4byte	0xb9
 524 0109 0C       		.byte	0xc
 525 010a 0B       		.uleb128 0xb
 526 010b 49030000 		.4byte	.LASF20
 527 010f 01       		.byte	0x1
 528 0110 36       		.byte	0x36
 529 0111 11       		.byte	0x11
 530 0112 B9000000 		.4byte	0xb9
 531 0116 10       		.byte	0x10
 532 0117 0B       		.uleb128 0xb
 533 0118 00000000 		.4byte	.LASF21
 534 011c 01       		.byte	0x1
 535 011d 37       		.byte	0x37
 536 011e 11       		.byte	0x11
 537 011f B9000000 		.4byte	0xb9
 538 0123 14       		.byte	0x14
 539 0124 0B       		.uleb128 0xb
 540 0125 DF020000 		.4byte	.LASF22
 541 0129 01       		.byte	0x1
 542 012a 38       		.byte	0x38
 543 012b 11       		.byte	0x11
 544 012c B9000000 		.4byte	0xb9
 545 0130 18       		.byte	0x18
 546 0131 0B       		.uleb128 0xb
 547 0132 57020000 		.4byte	.LASF23
 548 0136 01       		.byte	0x1
 549 0137 39       		.byte	0x39
 550 0138 11       		.byte	0x11
 551 0139 B9000000 		.4byte	0xb9
 552 013d 1C       		.byte	0x1c
 553 013e 0B       		.uleb128 0xb
 554 013f 96020000 		.4byte	.LASF24
 555 0143 01       		.byte	0x1
 556 0144 3A       		.byte	0x3a
 557 0145 11       		.byte	0x11
 558 0146 B9000000 		.4byte	0xb9
 559 014a 20       		.byte	0x20
 560 014b 0B       		.uleb128 0xb
 561 014c B6020000 		.4byte	.LASF25
 562 0150 01       		.byte	0x1
 563 0151 3B       		.byte	0x3b
 564 0152 11       		.byte	0x11
 565 0153 B9000000 		.4byte	0xb9
 566 0157 24       		.byte	0x24
 567 0158 0B       		.uleb128 0xb
 568 0159 BF020000 		.4byte	.LASF26
 569 015d 01       		.byte	0x1
 570 015e 3C       		.byte	0x3c
ARM GAS  C:\Users\USER\AppData\Local\Temp\ccQu2APK.s 			page 11


 571 015f 11       		.byte	0x11
 572 0160 B9000000 		.4byte	0xb9
 573 0164 28       		.byte	0x28
 574 0165 0B       		.uleb128 0xb
 575 0166 2F020000 		.4byte	.LASF27
 576 016a 01       		.byte	0x1
 577 016b 3D       		.byte	0x3d
 578 016c 11       		.byte	0x11
 579 016d B9000000 		.4byte	0xb9
 580 0171 2C       		.byte	0x2c
 581 0172 0B       		.uleb128 0xb
 582 0173 FA010000 		.4byte	.LASF28
 583 0177 01       		.byte	0x1
 584 0178 3E       		.byte	0x3e
 585 0179 11       		.byte	0x11
 586 017a B9000000 		.4byte	0xb9
 587 017e 30       		.byte	0x30
 588 017f 0B       		.uleb128 0xb
 589 0180 1E000000 		.4byte	.LASF29
 590 0184 01       		.byte	0x1
 591 0185 3F       		.byte	0x3f
 592 0186 11       		.byte	0x11
 593 0187 B9000000 		.4byte	0xb9
 594 018b 34       		.byte	0x34
 595 018c 0B       		.uleb128 0xb
 596 018d 48020000 		.4byte	.LASF30
 597 0191 01       		.byte	0x1
 598 0192 40       		.byte	0x40
 599 0193 11       		.byte	0x11
 600 0194 B9000000 		.4byte	0xb9
 601 0198 38       		.byte	0x38
 602 0199 0B       		.uleb128 0xb
 603 019a 72000000 		.4byte	.LASF31
 604 019e 01       		.byte	0x1
 605 019f 41       		.byte	0x41
 606 01a0 11       		.byte	0x11
 607 01a1 B9000000 		.4byte	0xb9
 608 01a5 3C       		.byte	0x3c
 609 01a6 0B       		.uleb128 0xb
 610 01a7 25030000 		.4byte	.LASF32
 611 01ab 01       		.byte	0x1
 612 01ac 42       		.byte	0x42
 613 01ad 11       		.byte	0x11
 614 01ae BA010000 		.4byte	0x1ba
 615 01b2 40       		.byte	0x40
 616 01b3 00       		.byte	0
 617 01b4 08       		.uleb128 0x8
 618 01b5 04       		.byte	0x4
 619 01b6 94000000 		.4byte	0x94
 620 01ba 0C       		.uleb128 0xc
 621 01bb B9000000 		.4byte	0xb9
 622 01bf CA010000 		.4byte	0x1ca
 623 01c3 0D       		.uleb128 0xd
 624 01c4 7C000000 		.4byte	0x7c
 625 01c8 5F       		.byte	0x5f
 626 01c9 00       		.byte	0
 627 01ca 03       		.uleb128 0x3
ARM GAS  C:\Users\USER\AppData\Local\Temp\ccQu2APK.s 			page 12


 628 01cb 7A030000 		.4byte	.LASF33
 629 01cf 01       		.byte	0x1
 630 01d0 43       		.byte	0x43
 631 01d1 03       		.byte	0x3
 632 01d2 CC000000 		.4byte	0xcc
 633 01d6 07       		.uleb128 0x7
 634 01d7 84030000 		.4byte	.LASF34
 635 01db 01       		.byte	0x1
 636 01dc 55       		.byte	0x55
 637 01dd 11       		.byte	0x11
 638 01de 94000000 		.4byte	0x94
 639 01e2 0E       		.uleb128 0xe
 640 01e3 C8020000 		.4byte	.LASF35
 641 01e7 01       		.byte	0x1
 642 01e8 D401     		.2byte	0x1d4
 643 01ea 0B       		.byte	0xb
 644 01eb CA010000 		.4byte	0x1ca
 645 01ef 05       		.uleb128 0x5
 646 01f0 03       		.byte	0x3
 647 01f1 00000000 		.4byte	_vectors
 648 01f5 0F       		.uleb128 0xf
 649 01f6 10030000 		.4byte	.LASF39
 650 01fa 01       		.byte	0x1
 651 01fb 4D       		.byte	0x4d
 652 01fc 06       		.byte	0x6
 653 01fd 00000000 		.4byte	.LFB112
 654 0201 02000000 		.4byte	.LFE112-.LFB112
 655 0205 01       		.uleb128 0x1
 656 0206 9C       		.byte	0x9c
 657 0207 00       		.byte	0
 658              		.section	.debug_abbrev,"",%progbits
 659              	.Ldebug_abbrev0:
 660 0000 01       		.uleb128 0x1
 661 0001 11       		.uleb128 0x11
 662 0002 01       		.byte	0x1
 663 0003 25       		.uleb128 0x25
 664 0004 0E       		.uleb128 0xe
 665 0005 13       		.uleb128 0x13
 666 0006 0B       		.uleb128 0xb
 667 0007 03       		.uleb128 0x3
 668 0008 0E       		.uleb128 0xe
 669 0009 1B       		.uleb128 0x1b
 670 000a 0E       		.uleb128 0xe
 671 000b 55       		.uleb128 0x55
 672 000c 17       		.uleb128 0x17
 673 000d 11       		.uleb128 0x11
 674 000e 01       		.uleb128 0x1
 675 000f 10       		.uleb128 0x10
 676 0010 17       		.uleb128 0x17
 677 0011 00       		.byte	0
 678 0012 00       		.byte	0
 679 0013 02       		.uleb128 0x2
 680 0014 24       		.uleb128 0x24
 681 0015 00       		.byte	0
 682 0016 0B       		.uleb128 0xb
 683 0017 0B       		.uleb128 0xb
 684 0018 3E       		.uleb128 0x3e
ARM GAS  C:\Users\USER\AppData\Local\Temp\ccQu2APK.s 			page 13


 685 0019 0B       		.uleb128 0xb
 686 001a 03       		.uleb128 0x3
 687 001b 0E       		.uleb128 0xe
 688 001c 00       		.byte	0
 689 001d 00       		.byte	0
 690 001e 03       		.uleb128 0x3
 691 001f 16       		.uleb128 0x16
 692 0020 00       		.byte	0
 693 0021 03       		.uleb128 0x3
 694 0022 0E       		.uleb128 0xe
 695 0023 3A       		.uleb128 0x3a
 696 0024 0B       		.uleb128 0xb
 697 0025 3B       		.uleb128 0x3b
 698 0026 0B       		.uleb128 0xb
 699 0027 39       		.uleb128 0x39
 700 0028 0B       		.uleb128 0xb
 701 0029 49       		.uleb128 0x49
 702 002a 13       		.uleb128 0x13
 703 002b 00       		.byte	0
 704 002c 00       		.byte	0
 705 002d 04       		.uleb128 0x4
 706 002e 24       		.uleb128 0x24
 707 002f 00       		.byte	0
 708 0030 0B       		.uleb128 0xb
 709 0031 0B       		.uleb128 0xb
 710 0032 3E       		.uleb128 0x3e
 711 0033 0B       		.uleb128 0xb
 712 0034 03       		.uleb128 0x3
 713 0035 08       		.uleb128 0x8
 714 0036 00       		.byte	0
 715 0037 00       		.byte	0
 716 0038 05       		.uleb128 0x5
 717 0039 35       		.uleb128 0x35
 718 003a 00       		.byte	0
 719 003b 49       		.uleb128 0x49
 720 003c 13       		.uleb128 0x13
 721 003d 00       		.byte	0
 722 003e 00       		.byte	0
 723 003f 06       		.uleb128 0x6
 724 0040 34       		.uleb128 0x34
 725 0041 00       		.byte	0
 726 0042 03       		.uleb128 0x3
 727 0043 0E       		.uleb128 0xe
 728 0044 3A       		.uleb128 0x3a
 729 0045 0B       		.uleb128 0xb
 730 0046 3B       		.uleb128 0x3b
 731 0047 05       		.uleb128 0x5
 732 0048 39       		.uleb128 0x39
 733 0049 0B       		.uleb128 0xb
 734 004a 49       		.uleb128 0x49
 735 004b 13       		.uleb128 0x13
 736 004c 3F       		.uleb128 0x3f
 737 004d 19       		.uleb128 0x19
 738 004e 3C       		.uleb128 0x3c
 739 004f 19       		.uleb128 0x19
 740 0050 00       		.byte	0
 741 0051 00       		.byte	0
ARM GAS  C:\Users\USER\AppData\Local\Temp\ccQu2APK.s 			page 14


 742 0052 07       		.uleb128 0x7
 743 0053 34       		.uleb128 0x34
 744 0054 00       		.byte	0
 745 0055 03       		.uleb128 0x3
 746 0056 0E       		.uleb128 0xe
 747 0057 3A       		.uleb128 0x3a
 748 0058 0B       		.uleb128 0xb
 749 0059 3B       		.uleb128 0x3b
 750 005a 0B       		.uleb128 0xb
 751 005b 39       		.uleb128 0x39
 752 005c 0B       		.uleb128 0xb
 753 005d 49       		.uleb128 0x49
 754 005e 13       		.uleb128 0x13
 755 005f 3F       		.uleb128 0x3f
 756 0060 19       		.uleb128 0x19
 757 0061 3C       		.uleb128 0x3c
 758 0062 19       		.uleb128 0x19
 759 0063 00       		.byte	0
 760 0064 00       		.byte	0
 761 0065 08       		.uleb128 0x8
 762 0066 0F       		.uleb128 0xf
 763 0067 00       		.byte	0
 764 0068 0B       		.uleb128 0xb
 765 0069 0B       		.uleb128 0xb
 766 006a 49       		.uleb128 0x49
 767 006b 13       		.uleb128 0x13
 768 006c 00       		.byte	0
 769 006d 00       		.byte	0
 770 006e 09       		.uleb128 0x9
 771 006f 15       		.uleb128 0x15
 772 0070 00       		.byte	0
 773 0071 27       		.uleb128 0x27
 774 0072 19       		.uleb128 0x19
 775 0073 00       		.byte	0
 776 0074 00       		.byte	0
 777 0075 0A       		.uleb128 0xa
 778 0076 13       		.uleb128 0x13
 779 0077 01       		.byte	0x1
 780 0078 0B       		.uleb128 0xb
 781 0079 05       		.uleb128 0x5
 782 007a 3A       		.uleb128 0x3a
 783 007b 0B       		.uleb128 0xb
 784 007c 3B       		.uleb128 0x3b
 785 007d 0B       		.uleb128 0xb
 786 007e 39       		.uleb128 0x39
 787 007f 0B       		.uleb128 0xb
 788 0080 01       		.uleb128 0x1
 789 0081 13       		.uleb128 0x13
 790 0082 00       		.byte	0
 791 0083 00       		.byte	0
 792 0084 0B       		.uleb128 0xb
 793 0085 0D       		.uleb128 0xd
 794 0086 00       		.byte	0
 795 0087 03       		.uleb128 0x3
 796 0088 0E       		.uleb128 0xe
 797 0089 3A       		.uleb128 0x3a
 798 008a 0B       		.uleb128 0xb
ARM GAS  C:\Users\USER\AppData\Local\Temp\ccQu2APK.s 			page 15


 799 008b 3B       		.uleb128 0x3b
 800 008c 0B       		.uleb128 0xb
 801 008d 39       		.uleb128 0x39
 802 008e 0B       		.uleb128 0xb
 803 008f 49       		.uleb128 0x49
 804 0090 13       		.uleb128 0x13
 805 0091 38       		.uleb128 0x38
 806 0092 0B       		.uleb128 0xb
 807 0093 00       		.byte	0
 808 0094 00       		.byte	0
 809 0095 0C       		.uleb128 0xc
 810 0096 01       		.uleb128 0x1
 811 0097 01       		.byte	0x1
 812 0098 49       		.uleb128 0x49
 813 0099 13       		.uleb128 0x13
 814 009a 01       		.uleb128 0x1
 815 009b 13       		.uleb128 0x13
 816 009c 00       		.byte	0
 817 009d 00       		.byte	0
 818 009e 0D       		.uleb128 0xd
 819 009f 21       		.uleb128 0x21
 820 00a0 00       		.byte	0
 821 00a1 49       		.uleb128 0x49
 822 00a2 13       		.uleb128 0x13
 823 00a3 2F       		.uleb128 0x2f
 824 00a4 0B       		.uleb128 0xb
 825 00a5 00       		.byte	0
 826 00a6 00       		.byte	0
 827 00a7 0E       		.uleb128 0xe
 828 00a8 34       		.uleb128 0x34
 829 00a9 00       		.byte	0
 830 00aa 03       		.uleb128 0x3
 831 00ab 0E       		.uleb128 0xe
 832 00ac 3A       		.uleb128 0x3a
 833 00ad 0B       		.uleb128 0xb
 834 00ae 3B       		.uleb128 0x3b
 835 00af 05       		.uleb128 0x5
 836 00b0 39       		.uleb128 0x39
 837 00b1 0B       		.uleb128 0xb
 838 00b2 49       		.uleb128 0x49
 839 00b3 13       		.uleb128 0x13
 840 00b4 3F       		.uleb128 0x3f
 841 00b5 19       		.uleb128 0x19
 842 00b6 02       		.uleb128 0x2
 843 00b7 18       		.uleb128 0x18
 844 00b8 00       		.byte	0
 845 00b9 00       		.byte	0
 846 00ba 0F       		.uleb128 0xf
 847 00bb 2E       		.uleb128 0x2e
 848 00bc 00       		.byte	0
 849 00bd 3F       		.uleb128 0x3f
 850 00be 19       		.uleb128 0x19
 851 00bf 03       		.uleb128 0x3
 852 00c0 0E       		.uleb128 0xe
 853 00c1 3A       		.uleb128 0x3a
 854 00c2 0B       		.uleb128 0xb
 855 00c3 3B       		.uleb128 0x3b
ARM GAS  C:\Users\USER\AppData\Local\Temp\ccQu2APK.s 			page 16


 856 00c4 0B       		.uleb128 0xb
 857 00c5 39       		.uleb128 0x39
 858 00c6 0B       		.uleb128 0xb
 859 00c7 27       		.uleb128 0x27
 860 00c8 19       		.uleb128 0x19
 861 00c9 11       		.uleb128 0x11
 862 00ca 01       		.uleb128 0x1
 863 00cb 12       		.uleb128 0x12
 864 00cc 06       		.uleb128 0x6
 865 00cd 40       		.uleb128 0x40
 866 00ce 18       		.uleb128 0x18
 867 00cf 9742     		.uleb128 0x2117
 868 00d1 19       		.uleb128 0x19
 869 00d2 00       		.byte	0
 870 00d3 00       		.byte	0
 871 00d4 00       		.byte	0
 872              		.section	.debug_aranges,"",%progbits
 873 0000 1C000000 		.4byte	0x1c
 874 0004 0200     		.2byte	0x2
 875 0006 00000000 		.4byte	.Ldebug_info0
 876 000a 04       		.byte	0x4
 877 000b 00       		.byte	0
 878 000c 0000     		.2byte	0
 879 000e 0000     		.2byte	0
 880 0010 00000000 		.4byte	.LFB112
 881 0014 02000000 		.4byte	.LFE112-.LFB112
 882 0018 00000000 		.4byte	0
 883 001c 00000000 		.4byte	0
 884              		.section	.debug_ranges,"",%progbits
 885              	.Ldebug_ranges0:
 886 0000 00000000 		.4byte	.LFB112
 887 0004 02000000 		.4byte	.LFE112
 888 0008 00000000 		.4byte	0
 889 000c 00000000 		.4byte	0
 890              		.section	.debug_line,"",%progbits
 891              	.Ldebug_line0:
 892 0000 BD010000 		.section	.debug_str,"MS",%progbits,1
 892      03009901 
 892      00000201 
 892      FB0E0D00 
 892      01010101 
 893              	.LASF21:
 894 0000 62757366 		.ascii	"busfault_handler\000"
 894      61756C74 
 894      5F68616E 
 894      646C6572 
 894      00
 895              	.LASF15:
 896 0011 6972715F 		.ascii	"irq_vector_t\000"
 896      76656374 
 896      6F725F74 
 896      00
 897              	.LASF29:
 898 001e 76656374 		.ascii	"vector34\000"
 898      6F723334 
 898      00
 899              	.LASF37:
ARM GAS  C:\Users\USER\AppData\Local\Temp\ccQu2APK.s 			page 17


 900 0027 7372632F 		.ascii	"src/ChibiOS_3.0.2/os/common/ports/ARMCMx/compilers/"
 900      43686962 
 900      694F535F 
 900      332E302E 
 900      322F6F73 
 901 005a 4743432F 		.ascii	"GCC/vectors.c\000"
 901      76656374 
 901      6F72732E 
 901      6300
 902              	.LASF5:
 903 0068 5F5F696E 		.ascii	"__int32_t\000"
 903      7433325F 
 903      7400
 904              	.LASF31:
 905 0072 73797374 		.ascii	"systick_handler\000"
 905      69636B5F 
 905      68616E64 
 905      6C657200 
 906              	.LASF38:
 907 0082 443A5C67 		.ascii	"D:\\git\\oroca_bldc_dev\\oroca_bldc_FW\\oroca_bldc_"
 907      69745C6F 
 907      726F6361 
 907      5F626C64 
 907      635F6465 
 908 00b1 63686962 		.ascii	"chibios\000"
 908      696F7300 
 909              	.LASF16:
 910 00b9 696E6974 		.ascii	"init_stack\000"
 910      5F737461 
 910      636B00
 911              	.LASF36:
 912 00c4 474E5520 		.ascii	"GNU C99 8.2.1 20181213 (release) [gcc-8-branch revi"
 912      43393920 
 912      382E322E 
 912      31203230 
 912      31383132 
 913 00f7 73696F6E 		.ascii	"sion 267074] -mcpu=cortex-m4 -mfloat-abi=hard -mfpu"
 913      20323637 
 913      3037345D 
 913      202D6D63 
 913      70753D63 
 914 012a 3D667076 		.ascii	"=fpv4-sp-d16 -mno-thumb-interwork -mthumb -march=ar"
 914      342D7370 
 914      2D643136 
 914      202D6D6E 
 914      6F2D7468 
 915 015d 6D763765 		.ascii	"mv7e-m+fp -ggdb -O2 -std=gnu99 -fomit-frame-pointer"
 915      2D6D2B66 
 915      70202D67 
 915      67646220 
 915      2D4F3220 
 916 0190 202D6661 		.ascii	" -falign-functions=16 -ffunction-sections -fdata-se"
 916      6C69676E 
 916      2D66756E 
 916      6374696F 
 916      6E733D31 
 917 01c3 6374696F 		.ascii	"ctions -fno-common -fsingle-precision-constant\000"
ARM GAS  C:\Users\USER\AppData\Local\Temp\ccQu2APK.s 			page 18


 917      6E73202D 
 917      666E6F2D 
 917      636F6D6D 
 917      6F6E202D 
 918              	.LASF11:
 919 01f2 696E7433 		.ascii	"int32_t\000"
 919      325F7400 
 920              	.LASF28:
 921 01fa 64656275 		.ascii	"debugmonitor_handler\000"
 921      676D6F6E 
 921      69746F72 
 921      5F68616E 
 921      646C6572 
 922              	.LASF1:
 923 020f 756E7369 		.ascii	"unsigned char\000"
 923      676E6564 
 923      20636861 
 923      7200
 924              	.LASF7:
 925 021d 6C6F6E67 		.ascii	"long unsigned int\000"
 925      20756E73 
 925      69676E65 
 925      6420696E 
 925      7400
 926              	.LASF27:
 927 022f 7376635F 		.ascii	"svc_handler\000"
 927      68616E64 
 927      6C657200 
 928              	.LASF13:
 929 023b 49544D5F 		.ascii	"ITM_RxBuffer\000"
 929      52784275 
 929      66666572 
 929      00
 930              	.LASF30:
 931 0248 70656E64 		.ascii	"pendsv_handler\000"
 931      73765F68 
 931      616E646C 
 931      657200
 932              	.LASF23:
 933 0257 76656374 		.ascii	"vector1c\000"
 933      6F723163 
 933      00
 934              	.LASF19:
 935 0260 68617264 		.ascii	"hardfault_handler\000"
 935      6661756C 
 935      745F6861 
 935      6E646C65 
 935      7200
 936              	.LASF6:
 937 0272 5F5F7569 		.ascii	"__uint32_t\000"
 937      6E743332 
 937      5F7400
 938              	.LASF18:
 939 027d 6E6D695F 		.ascii	"nmi_handler\000"
 939      68616E64 
 939      6C657200 
 940              	.LASF10:
ARM GAS  C:\Users\USER\AppData\Local\Temp\ccQu2APK.s 			page 19


 941 0289 756E7369 		.ascii	"unsigned int\000"
 941      676E6564 
 941      20696E74 
 941      00
 942              	.LASF24:
 943 0296 76656374 		.ascii	"vector20\000"
 943      6F723230 
 943      00
 944              	.LASF9:
 945 029f 6C6F6E67 		.ascii	"long long unsigned int\000"
 945      206C6F6E 
 945      6720756E 
 945      7369676E 
 945      65642069 
 946              	.LASF25:
 947 02b6 76656374 		.ascii	"vector24\000"
 947      6F723234 
 947      00
 948              	.LASF26:
 949 02bf 76656374 		.ascii	"vector28\000"
 949      6F723238 
 949      00
 950              	.LASF35:
 951 02c8 5F766563 		.ascii	"_vectors\000"
 951      746F7273 
 951      00
 952              	.LASF17:
 953 02d1 72657365 		.ascii	"reset_handler\000"
 953      745F6861 
 953      6E646C65 
 953      7200
 954              	.LASF22:
 955 02df 75736167 		.ascii	"usagefault_handler\000"
 955      65666175 
 955      6C745F68 
 955      616E646C 
 955      657200
 956              	.LASF8:
 957 02f2 6C6F6E67 		.ascii	"long long int\000"
 957      206C6F6E 
 957      6720696E 
 957      7400
 958              	.LASF14:
 959 0300 53797374 		.ascii	"SystemCoreClock\000"
 959      656D436F 
 959      7265436C 
 959      6F636B00 
 960              	.LASF39:
 961 0310 5F756E68 		.ascii	"_unhandled_exception\000"
 961      616E646C 
 961      65645F65 
 961      78636570 
 961      74696F6E 
 962              	.LASF32:
 963 0325 76656374 		.ascii	"vectors\000"
 963      6F727300 
 964              	.LASF2:
ARM GAS  C:\Users\USER\AppData\Local\Temp\ccQu2APK.s 			page 20


 965 032d 73686F72 		.ascii	"short int\000"
 965      7420696E 
 965      7400
 966              	.LASF12:
 967 0337 75696E74 		.ascii	"uint32_t\000"
 967      33325F74 
 967      00
 968              	.LASF4:
 969 0340 6C6F6E67 		.ascii	"long int\000"
 969      20696E74 
 969      00
 970              	.LASF20:
 971 0349 6D656D6D 		.ascii	"memmanage_handler\000"
 971      616E6167 
 971      655F6861 
 971      6E646C65 
 971      7200
 972              	.LASF0:
 973 035b 7369676E 		.ascii	"signed char\000"
 973      65642063 
 973      68617200 
 974              	.LASF3:
 975 0367 73686F72 		.ascii	"short unsigned int\000"
 975      7420756E 
 975      7369676E 
 975      65642069 
 975      6E7400
 976              	.LASF33:
 977 037a 76656374 		.ascii	"vectors_t\000"
 977      6F72735F 
 977      7400
 978              	.LASF34:
 979 0384 5F5F6D61 		.ascii	"__main_stack_end__\000"
 979      696E5F73 
 979      7461636B 
 979      5F656E64 
 979      5F5F00
 980              		.ident	"GCC: (GNU Tools for Arm Embedded Processors 8-2018-q4-major) 8.2.1 20181213 (release) [gcc
ARM GAS  C:\Users\USER\AppData\Local\Temp\ccQu2APK.s 			page 21


DEFINED SYMBOLS
                            *ABS*:00000000 vectors.c
C:\Users\USER\AppData\Local\Temp\ccQu2APK.s:18     .text._unhandled_exception:00000000 $t
C:\Users\USER\AppData\Local\Temp\ccQu2APK.s:27     .text._unhandled_exception:00000000 _unhandled_exception
C:\Users\USER\AppData\Local\Temp\ccQu2APK.s:27     .text._unhandled_exception:00000000 Vector1BC
C:\Users\USER\AppData\Local\Temp\ccQu2APK.s:27     .text._unhandled_exception:00000000 Vector1B8
C:\Users\USER\AppData\Local\Temp\ccQu2APK.s:27     .text._unhandled_exception:00000000 Vector1B4
C:\Users\USER\AppData\Local\Temp\ccQu2APK.s:27     .text._unhandled_exception:00000000 Vector1B0
C:\Users\USER\AppData\Local\Temp\ccQu2APK.s:27     .text._unhandled_exception:00000000 Vector1AC
C:\Users\USER\AppData\Local\Temp\ccQu2APK.s:27     .text._unhandled_exception:00000000 Vector1A8
C:\Users\USER\AppData\Local\Temp\ccQu2APK.s:27     .text._unhandled_exception:00000000 Vector1A4
C:\Users\USER\AppData\Local\Temp\ccQu2APK.s:27     .text._unhandled_exception:00000000 Vector1A0
C:\Users\USER\AppData\Local\Temp\ccQu2APK.s:27     .text._unhandled_exception:00000000 Vector19C
C:\Users\USER\AppData\Local\Temp\ccQu2APK.s:27     .text._unhandled_exception:00000000 Vector198
C:\Users\USER\AppData\Local\Temp\ccQu2APK.s:27     .text._unhandled_exception:00000000 Vector194
C:\Users\USER\AppData\Local\Temp\ccQu2APK.s:27     .text._unhandled_exception:00000000 Vector190
C:\Users\USER\AppData\Local\Temp\ccQu2APK.s:27     .text._unhandled_exception:00000000 Vector18C
C:\Users\USER\AppData\Local\Temp\ccQu2APK.s:27     .text._unhandled_exception:00000000 Vector188
C:\Users\USER\AppData\Local\Temp\ccQu2APK.s:27     .text._unhandled_exception:00000000 Vector184
C:\Users\USER\AppData\Local\Temp\ccQu2APK.s:27     .text._unhandled_exception:00000000 Vector180
C:\Users\USER\AppData\Local\Temp\ccQu2APK.s:27     .text._unhandled_exception:00000000 Vector17C
C:\Users\USER\AppData\Local\Temp\ccQu2APK.s:27     .text._unhandled_exception:00000000 Vector178
C:\Users\USER\AppData\Local\Temp\ccQu2APK.s:27     .text._unhandled_exception:00000000 Vector174
C:\Users\USER\AppData\Local\Temp\ccQu2APK.s:27     .text._unhandled_exception:00000000 Vector170
C:\Users\USER\AppData\Local\Temp\ccQu2APK.s:27     .text._unhandled_exception:00000000 Vector16C
C:\Users\USER\AppData\Local\Temp\ccQu2APK.s:27     .text._unhandled_exception:00000000 Vector168
C:\Users\USER\AppData\Local\Temp\ccQu2APK.s:27     .text._unhandled_exception:00000000 Vector164
C:\Users\USER\AppData\Local\Temp\ccQu2APK.s:27     .text._unhandled_exception:00000000 Vector160
C:\Users\USER\AppData\Local\Temp\ccQu2APK.s:27     .text._unhandled_exception:00000000 Vector15C
C:\Users\USER\AppData\Local\Temp\ccQu2APK.s:27     .text._unhandled_exception:00000000 Vector158
C:\Users\USER\AppData\Local\Temp\ccQu2APK.s:27     .text._unhandled_exception:00000000 Vector154
C:\Users\USER\AppData\Local\Temp\ccQu2APK.s:27     .text._unhandled_exception:00000000 Vector150
C:\Users\USER\AppData\Local\Temp\ccQu2APK.s:27     .text._unhandled_exception:00000000 Vector14C
C:\Users\USER\AppData\Local\Temp\ccQu2APK.s:27     .text._unhandled_exception:00000000 Vector148
C:\Users\USER\AppData\Local\Temp\ccQu2APK.s:27     .text._unhandled_exception:00000000 Vector144
C:\Users\USER\AppData\Local\Temp\ccQu2APK.s:27     .text._unhandled_exception:00000000 Vector140
C:\Users\USER\AppData\Local\Temp\ccQu2APK.s:27     .text._unhandled_exception:00000000 Vector13C
C:\Users\USER\AppData\Local\Temp\ccQu2APK.s:27     .text._unhandled_exception:00000000 Vector138
C:\Users\USER\AppData\Local\Temp\ccQu2APK.s:27     .text._unhandled_exception:00000000 Vector134
C:\Users\USER\AppData\Local\Temp\ccQu2APK.s:27     .text._unhandled_exception:00000000 Vector130
C:\Users\USER\AppData\Local\Temp\ccQu2APK.s:27     .text._unhandled_exception:00000000 Vector12C
C:\Users\USER\AppData\Local\Temp\ccQu2APK.s:27     .text._unhandled_exception:00000000 Vector128
C:\Users\USER\AppData\Local\Temp\ccQu2APK.s:27     .text._unhandled_exception:00000000 Vector124
C:\Users\USER\AppData\Local\Temp\ccQu2APK.s:27     .text._unhandled_exception:00000000 Vector120
C:\Users\USER\AppData\Local\Temp\ccQu2APK.s:27     .text._unhandled_exception:00000000 Vector11C
C:\Users\USER\AppData\Local\Temp\ccQu2APK.s:27     .text._unhandled_exception:00000000 Vector118
C:\Users\USER\AppData\Local\Temp\ccQu2APK.s:27     .text._unhandled_exception:00000000 Vector114
C:\Users\USER\AppData\Local\Temp\ccQu2APK.s:27     .text._unhandled_exception:00000000 Vector110
C:\Users\USER\AppData\Local\Temp\ccQu2APK.s:27     .text._unhandled_exception:00000000 Vector10C
C:\Users\USER\AppData\Local\Temp\ccQu2APK.s:27     .text._unhandled_exception:00000000 Vector108
C:\Users\USER\AppData\Local\Temp\ccQu2APK.s:27     .text._unhandled_exception:00000000 Vector104
C:\Users\USER\AppData\Local\Temp\ccQu2APK.s:27     .text._unhandled_exception:00000000 Vector100
C:\Users\USER\AppData\Local\Temp\ccQu2APK.s:27     .text._unhandled_exception:00000000 VectorFC
C:\Users\USER\AppData\Local\Temp\ccQu2APK.s:27     .text._unhandled_exception:00000000 VectorF8
C:\Users\USER\AppData\Local\Temp\ccQu2APK.s:27     .text._unhandled_exception:00000000 VectorF4
C:\Users\USER\AppData\Local\Temp\ccQu2APK.s:27     .text._unhandled_exception:00000000 VectorF0
C:\Users\USER\AppData\Local\Temp\ccQu2APK.s:27     .text._unhandled_exception:00000000 VectorEC
ARM GAS  C:\Users\USER\AppData\Local\Temp\ccQu2APK.s 			page 22


C:\Users\USER\AppData\Local\Temp\ccQu2APK.s:27     .text._unhandled_exception:00000000 VectorE8
C:\Users\USER\AppData\Local\Temp\ccQu2APK.s:27     .text._unhandled_exception:00000000 VectorE4
C:\Users\USER\AppData\Local\Temp\ccQu2APK.s:27     .text._unhandled_exception:00000000 VectorE0
C:\Users\USER\AppData\Local\Temp\ccQu2APK.s:27     .text._unhandled_exception:00000000 VectorDC
C:\Users\USER\AppData\Local\Temp\ccQu2APK.s:27     .text._unhandled_exception:00000000 VectorD8
C:\Users\USER\AppData\Local\Temp\ccQu2APK.s:27     .text._unhandled_exception:00000000 VectorD4
C:\Users\USER\AppData\Local\Temp\ccQu2APK.s:27     .text._unhandled_exception:00000000 VectorD0
C:\Users\USER\AppData\Local\Temp\ccQu2APK.s:27     .text._unhandled_exception:00000000 VectorCC
C:\Users\USER\AppData\Local\Temp\ccQu2APK.s:27     .text._unhandled_exception:00000000 VectorC8
C:\Users\USER\AppData\Local\Temp\ccQu2APK.s:27     .text._unhandled_exception:00000000 VectorC4
C:\Users\USER\AppData\Local\Temp\ccQu2APK.s:27     .text._unhandled_exception:00000000 VectorC0
C:\Users\USER\AppData\Local\Temp\ccQu2APK.s:27     .text._unhandled_exception:00000000 VectorBC
C:\Users\USER\AppData\Local\Temp\ccQu2APK.s:27     .text._unhandled_exception:00000000 VectorB8
C:\Users\USER\AppData\Local\Temp\ccQu2APK.s:27     .text._unhandled_exception:00000000 VectorB4
C:\Users\USER\AppData\Local\Temp\ccQu2APK.s:27     .text._unhandled_exception:00000000 VectorB0
C:\Users\USER\AppData\Local\Temp\ccQu2APK.s:27     .text._unhandled_exception:00000000 VectorAC
C:\Users\USER\AppData\Local\Temp\ccQu2APK.s:27     .text._unhandled_exception:00000000 VectorA8
C:\Users\USER\AppData\Local\Temp\ccQu2APK.s:27     .text._unhandled_exception:00000000 VectorA4
C:\Users\USER\AppData\Local\Temp\ccQu2APK.s:27     .text._unhandled_exception:00000000 VectorA0
C:\Users\USER\AppData\Local\Temp\ccQu2APK.s:27     .text._unhandled_exception:00000000 Vector9C
C:\Users\USER\AppData\Local\Temp\ccQu2APK.s:27     .text._unhandled_exception:00000000 Vector98
C:\Users\USER\AppData\Local\Temp\ccQu2APK.s:27     .text._unhandled_exception:00000000 Vector94
C:\Users\USER\AppData\Local\Temp\ccQu2APK.s:27     .text._unhandled_exception:00000000 Vector90
C:\Users\USER\AppData\Local\Temp\ccQu2APK.s:27     .text._unhandled_exception:00000000 Vector8C
C:\Users\USER\AppData\Local\Temp\ccQu2APK.s:27     .text._unhandled_exception:00000000 Vector88
C:\Users\USER\AppData\Local\Temp\ccQu2APK.s:27     .text._unhandled_exception:00000000 Vector84
C:\Users\USER\AppData\Local\Temp\ccQu2APK.s:27     .text._unhandled_exception:00000000 Vector80
C:\Users\USER\AppData\Local\Temp\ccQu2APK.s:27     .text._unhandled_exception:00000000 Vector7C
C:\Users\USER\AppData\Local\Temp\ccQu2APK.s:27     .text._unhandled_exception:00000000 Vector78
C:\Users\USER\AppData\Local\Temp\ccQu2APK.s:27     .text._unhandled_exception:00000000 Vector74
C:\Users\USER\AppData\Local\Temp\ccQu2APK.s:27     .text._unhandled_exception:00000000 Vector70
C:\Users\USER\AppData\Local\Temp\ccQu2APK.s:27     .text._unhandled_exception:00000000 Vector6C
C:\Users\USER\AppData\Local\Temp\ccQu2APK.s:27     .text._unhandled_exception:00000000 Vector68
C:\Users\USER\AppData\Local\Temp\ccQu2APK.s:27     .text._unhandled_exception:00000000 Vector64
C:\Users\USER\AppData\Local\Temp\ccQu2APK.s:27     .text._unhandled_exception:00000000 Vector60
C:\Users\USER\AppData\Local\Temp\ccQu2APK.s:27     .text._unhandled_exception:00000000 Vector5C
C:\Users\USER\AppData\Local\Temp\ccQu2APK.s:27     .text._unhandled_exception:00000000 Vector58
C:\Users\USER\AppData\Local\Temp\ccQu2APK.s:27     .text._unhandled_exception:00000000 Vector54
C:\Users\USER\AppData\Local\Temp\ccQu2APK.s:27     .text._unhandled_exception:00000000 Vector50
C:\Users\USER\AppData\Local\Temp\ccQu2APK.s:27     .text._unhandled_exception:00000000 Vector4C
C:\Users\USER\AppData\Local\Temp\ccQu2APK.s:27     .text._unhandled_exception:00000000 Vector48
C:\Users\USER\AppData\Local\Temp\ccQu2APK.s:27     .text._unhandled_exception:00000000 Vector44
C:\Users\USER\AppData\Local\Temp\ccQu2APK.s:27     .text._unhandled_exception:00000000 Vector40
C:\Users\USER\AppData\Local\Temp\ccQu2APK.s:27     .text._unhandled_exception:00000000 SysTick_Handler
C:\Users\USER\AppData\Local\Temp\ccQu2APK.s:27     .text._unhandled_exception:00000000 PendSV_Handler
C:\Users\USER\AppData\Local\Temp\ccQu2APK.s:27     .text._unhandled_exception:00000000 Vector34
C:\Users\USER\AppData\Local\Temp\ccQu2APK.s:27     .text._unhandled_exception:00000000 DebugMon_Handler
C:\Users\USER\AppData\Local\Temp\ccQu2APK.s:27     .text._unhandled_exception:00000000 SVC_Handler
C:\Users\USER\AppData\Local\Temp\ccQu2APK.s:27     .text._unhandled_exception:00000000 Vector28
C:\Users\USER\AppData\Local\Temp\ccQu2APK.s:27     .text._unhandled_exception:00000000 Vector24
C:\Users\USER\AppData\Local\Temp\ccQu2APK.s:27     .text._unhandled_exception:00000000 Vector20
C:\Users\USER\AppData\Local\Temp\ccQu2APK.s:27     .text._unhandled_exception:00000000 Vector1C
C:\Users\USER\AppData\Local\Temp\ccQu2APK.s:27     .text._unhandled_exception:00000000 UsageFault_Handler
C:\Users\USER\AppData\Local\Temp\ccQu2APK.s:27     .text._unhandled_exception:00000000 BusFault_Handler
C:\Users\USER\AppData\Local\Temp\ccQu2APK.s:27     .text._unhandled_exception:00000000 MemManage_Handler
C:\Users\USER\AppData\Local\Temp\ccQu2APK.s:27     .text._unhandled_exception:00000000 HardFault_Handler
C:\Users\USER\AppData\Local\Temp\ccQu2APK.s:27     .text._unhandled_exception:00000000 NMI_Handler
ARM GAS  C:\Users\USER\AppData\Local\Temp\ccQu2APK.s 			page 23


C:\Users\USER\AppData\Local\Temp\ccQu2APK.s:27     .text._unhandled_exception:00000000 Reset_Handler
C:\Users\USER\AppData\Local\Temp\ccQu2APK.s:270    .vectors:00000000 _vectors
C:\Users\USER\AppData\Local\Temp\ccQu2APK.s:267    .vectors:00000000 $d

UNDEFINED SYMBOLS
__main_stack_end__
